Started by an SCM change
[8mha:////4AqeDh23zRsbcF2//t5kPVvzZ8I+WbXCykFG0D3Wb4dJAAAAaB+LCAAAAAAAAP9b85aBtbiIwTG/KF0vKzUvOzOvODlTryCnNB3I0ivPL8pOy8kv18vKT9JLzs8rzs9J1QuHCgaV5jlDhPzyS1IZIICRiYGhoohBKqM0pTg/D64Hh8ICAFt0h+h/AAAA[0m[Pipeline] node
Running on master in /var/lib/jenkins/workspace/CTC_Demo
[8mha:////4AqeDh23zRsbcF2//t5kPVvzZ8I+WbXCykFG0D3Wb4dJAAAAaB+LCAAAAAAAAP9b85aBtbiIwTG/KF0vKzUvOzOvODlTryCnNB3I0ivPL8pOy8kv18vKT9JLzs8rzs9J1QuHCgaV5jlDhPzyS1IZIICRiYGhoohBKqM0pTg/D64Hh8ICAFt0h+h/AAAA[0m[Pipeline] {
[8mha:////4AqeDh23zRsbcF2//t5kPVvzZ8I+WbXCykFG0D3Wb4dJAAAAaB+LCAAAAAAAAP9b85aBtbiIwTG/KF0vKzUvOzOvODlTryCnNB3I0ivPL8pOy8kv18vKT9JLzs8rzs9J1QuHCgaV5jlDhPzyS1IZIICRiYGhoohBKqM0pTg/D64Hh8ICAFt0h+h/AAAA[0m[Pipeline] stage
[8mha:////4AqeDh23zRsbcF2//t5kPVvzZ8I+WbXCykFG0D3Wb4dJAAAAaB+LCAAAAAAAAP9b85aBtbiIwTG/KF0vKzUvOzOvODlTryCnNB3I0ivPL8pOy8kv18vKT9JLzs8rzs9J1QuHCgaV5jlDhPzyS1IZIICRiYGhoohBKqM0pTg/D64Hh8ICAFt0h+h/AAAA[0m[Pipeline] { (Sourcing)
[8mha:////4AqeDh23zRsbcF2//t5kPVvzZ8I+WbXCykFG0D3Wb4dJAAAAaB+LCAAAAAAAAP9b85aBtbiIwTG/KF0vKzUvOzOvODlTryCnNB3I0ivPL8pOy8kv18vKT9JLzs8rzs9J1QuHCgaV5jlDhPzyS1IZIICRiYGhoohBKqM0pTg/D64Hh8ICAFt0h+h/AAAA[0m[Pipeline] git
 > /bin/git rev-parse --is-inside-work-tree # timeout=10
Fetching changes from the remote Git repository
 > /bin/git config remote.origin.url https://github.com/shreys-s/game-of-life # timeout=10
Fetching upstream changes from https://github.com/shreys-s/game-of-life
 > /bin/git --version # timeout=10
using GIT_ASKPASS to set credentials 
 > /bin/git fetch --tags --progress https://github.com/shreys-s/game-of-life +refs/heads/*:refs/remotes/origin/*
 > /bin/git rev-parse refs/remotes/origin/master^{commit} # timeout=10
 > /bin/git rev-parse refs/remotes/origin/origin/master^{commit} # timeout=10
Checking out Revision 7cbd885bfad0d20d0fd0902a7263b17d7b8a969b (refs/remotes/origin/master)
Commit message: "corrected format for sql file"
 > /bin/git config core.sparsecheckout # timeout=10
 > /bin/git checkout -f 7cbd885bfad0d20d0fd0902a7263b17d7b8a969b
 > /bin/git branch -a -v --no-abbrev # timeout=10
 > /bin/git branch -D master # timeout=10
 > /bin/git checkout -b master 7cbd885bfad0d20d0fd0902a7263b17d7b8a969b
 > /bin/git rev-list 7cbd885bfad0d20d0fd0902a7263b17d7b8a969b # timeout=10
[8mha:////4AqeDh23zRsbcF2//t5kPVvzZ8I+WbXCykFG0D3Wb4dJAAAAaB+LCAAAAAAAAP9b85aBtbiIwTG/KF0vKzUvOzOvODlTryCnNB3I0ivPL8pOy8kv18vKT9JLzs8rzs9J1QuHCgaV5jlDhPzyS1IZIICRiYGhoohBKqM0pTg/D64Hh8ICAFt0h+h/AAAA[0m[Pipeline] }
[8mha:////4AqeDh23zRsbcF2//t5kPVvzZ8I+WbXCykFG0D3Wb4dJAAAAaB+LCAAAAAAAAP9b85aBtbiIwTG/KF0vKzUvOzOvODlTryCnNB3I0ivPL8pOy8kv18vKT9JLzs8rzs9J1QuHCgaV5jlDhPzyS1IZIICRiYGhoohBKqM0pTg/D64Hh8ICAFt0h+h/AAAA[0m[Pipeline] // stage
[8mha:////4AqeDh23zRsbcF2//t5kPVvzZ8I+WbXCykFG0D3Wb4dJAAAAaB+LCAAAAAAAAP9b85aBtbiIwTG/KF0vKzUvOzOvODlTryCnNB3I0ivPL8pOy8kv18vKT9JLzs8rzs9J1QuHCgaV5jlDhPzyS1IZIICRiYGhoohBKqM0pTg/D64Hh8ICAFt0h+h/AAAA[0m[Pipeline] stage
[8mha:////4AqeDh23zRsbcF2//t5kPVvzZ8I+WbXCykFG0D3Wb4dJAAAAaB+LCAAAAAAAAP9b85aBtbiIwTG/KF0vKzUvOzOvODlTryCnNB3I0ivPL8pOy8kv18vKT9JLzs8rzs9J1QuHCgaV5jlDhPzyS1IZIICRiYGhoohBKqM0pTg/D64Hh8ICAFt0h+h/AAAA[0m[Pipeline] { (Build)
[8mha:////4AqeDh23zRsbcF2//t5kPVvzZ8I+WbXCykFG0D3Wb4dJAAAAaB+LCAAAAAAAAP9b85aBtbiIwTG/KF0vKzUvOzOvODlTryCnNB3I0ivPL8pOy8kv18vKT9JLzs8rzs9J1QuHCgaV5jlDhPzyS1IZIICRiYGhoohBKqM0pTg/D64Hh8ICAFt0h+h/AAAA[0m[Pipeline] sh
[CTC_Demo] Running shell script
+ /opt/maven/bin/mvn clean package
[INFO] Scanning for projects...
[WARNING] 
[WARNING] Some problems were encountered while building the effective model for com.wakaleo.gameoflife:gameoflife-build:jar:1.0-SNAPSHOT
[WARNING] Reporting configuration should be done in <reporting> section, not in maven-site-plugin <configuration> as reportPlugins parameter.
[WARNING] 
[WARNING] Some problems were encountered while building the effective model for com.wakaleo.gameoflife:gameoflife-core:jar:1.0-SNAPSHOT
[WARNING] Reporting configuration should be done in <reporting> section, not in maven-site-plugin <configuration> as reportPlugins parameter.
[WARNING] 
[WARNING] Some problems were encountered while building the effective model for com.wakaleo.gameoflife:gameoflife-web:war:1.0-SNAPSHOT
[WARNING] Reporting configuration should be done in <reporting> section, not in maven-site-plugin <configuration> as reportPlugins parameter.
[WARNING] 
[WARNING] Some problems were encountered while building the effective model for com.wakaleo.gameoflife:gameoflife:pom:1.0-SNAPSHOT
[WARNING] Reporting configuration should be done in <reporting> section, not in maven-site-plugin <configuration> as reportPlugins parameter. @ line 302, column 40
[WARNING] 
[WARNING] It is highly recommended to fix these problems because they threaten the stability of your build.
[WARNING] 
[WARNING] For this reason, future Maven versions might no longer support building such malformed projects.
[WARNING] 
[INFO] ------------------------------------------------------------------------
[INFO] Reactor Build Order:
[INFO] 
[INFO] gameoflife
[INFO] gameoflife-build
[INFO] gameoflife-core
[INFO] gameoflife-web
[INFO] 
[INFO] ------------------------------------------------------------------------
[INFO] Building gameoflife 1.0-SNAPSHOT
[INFO] ------------------------------------------------------------------------
[INFO] 
[INFO] --- maven-clean-plugin:2.5:clean (default-clean) @ gameoflife ---
[INFO] Deleting /var/lib/jenkins/workspace/CTC_Demo/target
[INFO] 
[INFO] --- maven-enforcer-plugin:1.0:enforce (enforce-versions) @ gameoflife ---
[INFO] 
[INFO] --- jacoco-maven-plugin:0.7.2.201409121644:prepare-agent (jacoco-initialize) @ gameoflife ---
[INFO] argLine set to -javaagent:/var/lib/jenkins/.m2/repository/org/jacoco/org.jacoco.agent/0.7.2.201409121644/org.jacoco.agent-0.7.2.201409121644-runtime.jar=destfile=/var/lib/jenkins/workspace/CTC_Demo/target/jacoco.exec
[INFO] 
[INFO] --- maven-surefire-plugin:2.11:test (unit-tests) @ gameoflife ---
[INFO] No tests to run.
[INFO] Surefire report directory: /var/lib/jenkins/workspace/CTC_Demo/target/surefire-reports

-------------------------------------------------------
 T E S T S
-------------------------------------------------------

Results :

Tests run: 0, Failures: 0, Errors: 0, Skipped: 0

[INFO] 
[INFO] --- maven-easyb-plugin:1.4:test (default) @ gameoflife ---
[INFO] /var/lib/jenkins/workspace/CTC_Demo/src/test/stories does not exists.  Skipping easyb testing
[INFO] 
[INFO] ------------------------------------------------------------------------
[INFO] Building gameoflife-build 1.0-SNAPSHOT
[INFO] ------------------------------------------------------------------------
[INFO] 
[INFO] --- maven-clean-plugin:2.5:clean (default-clean) @ gameoflife-build ---
[INFO] Deleting /var/lib/jenkins/workspace/CTC_Demo/gameoflife-build/target
[INFO] 
[INFO] --- maven-enforcer-plugin:1.0:enforce (enforce-versions) @ gameoflife-build ---
[INFO] 
[INFO] --- maven-resources-plugin:2.6:resources (default-resources) @ gameoflife-build ---
[INFO] Using 'UTF-8' encoding to copy filtered resources.
[INFO] Copying 2 resources
[INFO] 
[INFO] --- jacoco-maven-plugin:0.7.2.201409121644:prepare-agent (jacoco-initialize) @ gameoflife-build ---
[INFO] argLine set to -javaagent:/var/lib/jenkins/.m2/repository/org/jacoco/org.jacoco.agent/0.7.2.201409121644/org.jacoco.agent-0.7.2.201409121644-runtime.jar=destfile=/var/lib/jenkins/workspace/CTC_Demo/gameoflife-build/target/jacoco.exec
[INFO] 
[INFO] --- maven-compiler-plugin:3.1:compile (default-compile) @ gameoflife-build ---
[INFO] No sources to compile
[INFO] 
[INFO] --- maven-resources-plugin:2.6:testResources (default-testResources) @ gameoflife-build ---
[INFO] Using 'UTF-8' encoding to copy filtered resources.
[INFO] skip non existing resourceDirectory /var/lib/jenkins/workspace/CTC_Demo/gameoflife-build/src/test/resources
[INFO] 
[INFO] --- maven-compiler-plugin:3.1:testCompile (default-testCompile) @ gameoflife-build ---
[INFO] No sources to compile
[INFO] 
[INFO] --- maven-surefire-plugin:2.11:test (default-test) @ gameoflife-build ---
[INFO] Tests are skipped.
[INFO] 
[INFO] --- maven-surefire-plugin:2.11:test (unit-tests) @ gameoflife-build ---
[INFO] No tests to run.
[INFO] Surefire report directory: /var/lib/jenkins/workspace/CTC_Demo/gameoflife-build/target/surefire-reports

-------------------------------------------------------
 T E S T S
-------------------------------------------------------

Results :

Tests run: 0, Failures: 0, Errors: 0, Skipped: 0

[INFO] 
[INFO] --- maven-easyb-plugin:1.4:test (default) @ gameoflife-build ---
[INFO] /var/lib/jenkins/workspace/CTC_Demo/gameoflife-build/src/test/stories does not exists.  Skipping easyb testing
[INFO] 
[INFO] --- maven-jar-plugin:2.4:jar (default-jar) @ gameoflife-build ---
[INFO] Building jar: /var/lib/jenkins/workspace/CTC_Demo/gameoflife-build/target/gameoflife-build-1.0-SNAPSHOT.jar
[INFO] 
[INFO] ------------------------------------------------------------------------
[INFO] Building gameoflife-core 1.0-SNAPSHOT
[INFO] ------------------------------------------------------------------------
[INFO] 
[INFO] --- maven-clean-plugin:2.5:clean (default-clean) @ gameoflife-core ---
[INFO] Deleting /var/lib/jenkins/workspace/CTC_Demo/gameoflife-core/target
[INFO] 
[INFO] --- maven-enforcer-plugin:1.0:enforce (enforce-versions) @ gameoflife-core ---
[INFO] 
[INFO] --- maven-resources-plugin:2.6:resources (default-resources) @ gameoflife-core ---
[INFO] Using 'UTF-8' encoding to copy filtered resources.
[INFO] skip non existing resourceDirectory /var/lib/jenkins/workspace/CTC_Demo/gameoflife-core/src/main/resources
[INFO] 
[INFO] --- jacoco-maven-plugin:0.7.2.201409121644:prepare-agent (jacoco-initialize) @ gameoflife-core ---
[INFO] argLine set to -javaagent:/var/lib/jenkins/.m2/repository/org/jacoco/org.jacoco.agent/0.7.2.201409121644/org.jacoco.agent-0.7.2.201409121644-runtime.jar=destfile=/var/lib/jenkins/workspace/CTC_Demo/gameoflife-core/target/jacoco.exec
[INFO] 
[INFO] --- maven-compiler-plugin:3.1:compile (default-compile) @ gameoflife-core ---
[INFO] Changes detected - recompiling the module!
[INFO] Compiling 5 source files to /var/lib/jenkins/workspace/CTC_Demo/gameoflife-core/target/classes
[INFO] 
[INFO] --- maven-resources-plugin:2.6:testResources (default-testResources) @ gameoflife-core ---
[INFO] Using 'UTF-8' encoding to copy filtered resources.
[INFO] skip non existing resourceDirectory /var/lib/jenkins/workspace/CTC_Demo/gameoflife-core/src/test/resources
[INFO] 
[INFO] --- maven-compiler-plugin:3.1:testCompile (default-testCompile) @ gameoflife-core ---
[INFO] Changes detected - recompiling the module!
[INFO] Compiling 10 source files to /var/lib/jenkins/workspace/CTC_Demo/gameoflife-core/target/test-classes
[INFO] 
[INFO] --- maven-surefire-plugin:2.11:test (default-test) @ gameoflife-core ---
[INFO] Tests are skipped.
[INFO] 
[INFO] --- maven-surefire-plugin:2.11:test (unit-tests) @ gameoflife-core ---
[INFO] Surefire report directory: /var/lib/jenkins/workspace/CTC_Demo/gameoflife-core/target/surefire-reports

-------------------------------------------------------
 T E S T S
-------------------------------------------------------
Running com.wakaleo.gameoflife.domain.WhenYouReadAGridFromAString
Tests run: 8, Failures: 0, Errors: 0, Skipped: 0, Time elapsed: 1.077 sec
Running com.wakaleo.gameoflife.domain.WhenYouCreateAGrid
Tests run: 16, Failures: 0, Errors: 0, Skipped: 0, Time elapsed: 0.059 sec
Running com.wakaleo.gameoflife.domain.WhenYouPrintAGrid
Tests run: 3, Failures: 0, Errors: 0, Skipped: 0, Time elapsed: 0.013 sec
Running com.wakaleo.gameoflife.domain.WhenYouCreateACell
Tests run: 6, Failures: 0, Errors: 0, Skipped: 0, Time elapsed: 0.053 sec
Running com.wakaleo.gameoflife.domain.WhenYouPlayTheGameOfLife
Tests run: 5, Failures: 0, Errors: 0, Skipped: 0, Time elapsed: 0.045 sec
Running com.wakaleo.gameoflife.domain.WhenYouCreateANewUniverse
Tests run: 11, Failures: 0, Errors: 0, Skipped: 0, Time elapsed: 0.144 sec

Results :

Tests run: 49, Failures: 0, Errors: 0, Skipped: 0

[INFO] 
[INFO] --- maven-easyb-plugin:1.4:test (default) @ gameoflife-core ---
[INFO] Using easyb dependency org.easyb:easyb-core:jar:1.6:compile
[INFO] Using easyb dependency org.easyb:easyb-composite-groovy:pom:1.2:compile
[INFO] Using easyb dependency org.codehaus.groovy:groovy-all:jar:2.3.6:compile
[INFO] Using easyb dependency org.easyb:easyb-ast:jar:1.1:compile
[INFO] Using easyb dependency commons-cli:commons-cli:jar:1.2:compile
[INFO] Using easyb dependency commons-lang:commons-lang:jar:2.5:compile
     [java] Running counting things story (/var/lib/jenkins/workspace/CTC_Demo/gameoflife-core/src/test/stories/CountingThings.story)
     [java] Scenarios run: 1, Failures: 0, Pending: 0, Time elapsed: 2.807 sec
     [java] Running multiplying things story (/var/lib/jenkins/workspace/CTC_Demo/gameoflife-core/src/test/stories/MultiplyingThings.story)
     [java] Scenarios run: 1, Failures: 0, Pending: 1, Time elapsed: 0.212 sec
     [java] 2 total behaviors ran with no failures
     [java] Writing JUnit report to /var/lib/jenkins/workspace/CTC_Demo/gameoflife-core/target/surefire-reports/TEST-behavior.CountingThings.xml
     [java] JUnit report written to /var/lib/jenkins/workspace/CTC_Demo/gameoflife-core/target/surefire-reports/TEST-behavior.CountingThings.xml
     [java] Writing JUnit report to /var/lib/jenkins/workspace/CTC_Demo/gameoflife-core/target/surefire-reports/TEST-behavior.MultiplyingThings.xml
     [java] JUnit report written to /var/lib/jenkins/workspace/CTC_Demo/gameoflife-core/target/surefire-reports/TEST-behavior.MultiplyingThings.xml
[INFO] 
[INFO] --- maven-jar-plugin:2.4:jar (default-jar) @ gameoflife-core ---
[INFO] Building jar: /var/lib/jenkins/workspace/CTC_Demo/gameoflife-core/target/gameoflife-core-1.0-SNAPSHOT.jar
[INFO] 
[INFO] ------------------------------------------------------------------------
[INFO] Building gameoflife-web 1.0-SNAPSHOT
[INFO] ------------------------------------------------------------------------
[INFO] 
[INFO] --- maven-clean-plugin:2.5:clean (default-clean) @ gameoflife-web ---
[INFO] Deleting /var/lib/jenkins/workspace/CTC_Demo/gameoflife-web/target
[INFO] 
[INFO] --- maven-enforcer-plugin:1.0:enforce (enforce-versions) @ gameoflife-web ---
[INFO] 
[INFO] --- maven-resources-plugin:2.6:resources (default-resources) @ gameoflife-web ---
[INFO] Using 'UTF-8' encoding to copy filtered resources.
[INFO] Copying 1 resource
[INFO] 
[INFO] --- jacoco-maven-plugin:0.7.2.201409121644:prepare-agent (jacoco-initialize) @ gameoflife-web ---
[INFO] argLine set to -javaagent:/var/lib/jenkins/.m2/repository/org/jacoco/org.jacoco.agent/0.7.2.201409121644/org.jacoco.agent-0.7.2.201409121644-runtime.jar=destfile=/var/lib/jenkins/workspace/CTC_Demo/gameoflife-web/target/jacoco.exec
[INFO] 
[INFO] --- maven-compiler-plugin:3.1:compile (default-compile) @ gameoflife-web ---
[INFO] Changes detected - recompiling the module!
[INFO] Compiling 2 source files to /var/lib/jenkins/workspace/CTC_Demo/gameoflife-web/target/classes
[INFO] 
[INFO] --- maven-resources-plugin:2.6:testResources (default-testResources) @ gameoflife-web ---
[INFO] Using 'UTF-8' encoding to copy filtered resources.
[INFO] skip non existing resourceDirectory /var/lib/jenkins/workspace/CTC_Demo/gameoflife-web/src/test/resources
[INFO] 
[INFO] --- maven-compiler-plugin:3.1:testCompile (default-testCompile) @ gameoflife-web ---
[INFO] Changes detected - recompiling the module!
[INFO] Compiling 3 source files to /var/lib/jenkins/workspace/CTC_Demo/gameoflife-web/target/test-classes
[INFO] 
[INFO] --- maven-surefire-plugin:2.11:test (default-test) @ gameoflife-web ---
[INFO] Tests are skipped.
[INFO] 
[INFO] --- maven-surefire-plugin:2.11:test (unit-tests) @ gameoflife-web ---
[INFO] Surefire report directory: /var/lib/jenkins/workspace/CTC_Demo/gameoflife-web/target/surefire-reports

-------------------------------------------------------
 T E S T S
-------------------------------------------------------
Running com.wakaleo.gameoflife.webtests.controllers.WhenCreatingANewGame
Tests run: 3, Failures: 0, Errors: 0, Skipped: 0, Time elapsed: 2.91 sec
Running com.wakaleo.gameoflife.webtests.controllers.WhenDisplayingTheHomePage
Tests run: 2, Failures: 0, Errors: 0, Skipped: 0, Time elapsed: 0.013 sec
Running com.wakaleo.gameoflife.webtests.controllers.WhenSpawningANewGeneration
Tests run: 2, Failures: 0, Errors: 0, Skipped: 0, Time elapsed: 0.045 sec

Results :

Tests run: 7, Failures: 0, Errors: 0, Skipped: 0

[INFO] 
[INFO] --- maven-easyb-plugin:1.4:test (default) @ gameoflife-web ---
[INFO] /var/lib/jenkins/workspace/CTC_Demo/gameoflife-web/src/test/stories does not exists.  Skipping easyb testing
[INFO] 
[INFO] --- maven-war-plugin:2.1.1:war (default-war) @ gameoflife-web ---
[INFO] Packaging webapp
[INFO] Assembling webapp [gameoflife-web] in [/var/lib/jenkins/workspace/CTC_Demo/gameoflife-web/target/gameoflife]
[INFO] Processing war project
[INFO] Copying webapp resources [/var/lib/jenkins/workspace/CTC_Demo/gameoflife-web/src/main/webapp]
[INFO] Webapp assembled in [397 msecs]
[INFO] Building war: /var/lib/jenkins/workspace/CTC_Demo/gameoflife-web/target/gameoflife.war
[INFO] WEB-INF/web.xml already added, skipping
[INFO] ------------------------------------------------------------------------
[INFO] Reactor Summary:
[INFO] 
[INFO] gameoflife ......................................... SUCCESS [ 10.501 s]
[INFO] gameoflife-build ................................... SUCCESS [  4.656 s]
[INFO] gameoflife-core .................................... SUCCESS [ 21.091 s]
[INFO] gameoflife-web ..................................... SUCCESS [ 10.949 s]
[INFO] ------------------------------------------------------------------------
[INFO] BUILD SUCCESS
[INFO] ------------------------------------------------------------------------
[INFO] Total time: 49.240 s
[INFO] Finished at: 2017-07-26T18:52:08+05:30
[INFO] Final Memory: 32M/463M
[INFO] ------------------------------------------------------------------------
[8mha:////4AqeDh23zRsbcF2//t5kPVvzZ8I+WbXCykFG0D3Wb4dJAAAAaB+LCAAAAAAAAP9b85aBtbiIwTG/KF0vKzUvOzOvODlTryCnNB3I0ivPL8pOy8kv18vKT9JLzs8rzs9J1QuHCgaV5jlDhPzyS1IZIICRiYGhoohBKqM0pTg/D64Hh8ICAFt0h+h/AAAA[0m[Pipeline] }
[8mha:////4AqeDh23zRsbcF2//t5kPVvzZ8I+WbXCykFG0D3Wb4dJAAAAaB+LCAAAAAAAAP9b85aBtbiIwTG/KF0vKzUvOzOvODlTryCnNB3I0ivPL8pOy8kv18vKT9JLzs8rzs9J1QuHCgaV5jlDhPzyS1IZIICRiYGhoohBKqM0pTg/D64Hh8ICAFt0h+h/AAAA[0m[Pipeline] // stage
[8mha:////4AqeDh23zRsbcF2//t5kPVvzZ8I+WbXCykFG0D3Wb4dJAAAAaB+LCAAAAAAAAP9b85aBtbiIwTG/KF0vKzUvOzOvODlTryCnNB3I0ivPL8pOy8kv18vKT9JLzs8rzs9J1QuHCgaV5jlDhPzyS1IZIICRiYGhoohBKqM0pTg/D64Hh8ICAFt0h+h/AAAA[0m[Pipeline] stage
[8mha:////4AqeDh23zRsbcF2//t5kPVvzZ8I+WbXCykFG0D3Wb4dJAAAAaB+LCAAAAAAAAP9b85aBtbiIwTG/KF0vKzUvOzOvODlTryCnNB3I0ivPL8pOy8kv18vKT9JLzs8rzs9J1QuHCgaV5jlDhPzyS1IZIICRiYGhoohBKqM0pTg/D64Hh8ICAFt0h+h/AAAA[0m[Pipeline] { (Testing)
[8mha:////4AqeDh23zRsbcF2//t5kPVvzZ8I+WbXCykFG0D3Wb4dJAAAAaB+LCAAAAAAAAP9b85aBtbiIwTG/KF0vKzUvOzOvODlTryCnNB3I0ivPL8pOy8kv18vKT9JLzs8rzs9J1QuHCgaV5jlDhPzyS1IZIICRiYGhoohBKqM0pTg/D64Hh8ICAFt0h+h/AAAA[0m[Pipeline] junit
Recording test results
[8mha:////4AqeDh23zRsbcF2//t5kPVvzZ8I+WbXCykFG0D3Wb4dJAAAAaB+LCAAAAAAAAP9b85aBtbiIwTG/KF0vKzUvOzOvODlTryCnNB3I0ivPL8pOy8kv18vKT9JLzs8rzs9J1QuHCgaV5jlDhPzyS1IZIICRiYGhoohBKqM0pTg/D64Hh8ICAFt0h+h/AAAA[0m[Pipeline] }
[8mha:////4AqeDh23zRsbcF2//t5kPVvzZ8I+WbXCykFG0D3Wb4dJAAAAaB+LCAAAAAAAAP9b85aBtbiIwTG/KF0vKzUvOzOvODlTryCnNB3I0ivPL8pOy8kv18vKT9JLzs8rzs9J1QuHCgaV5jlDhPzyS1IZIICRiYGhoohBKqM0pTg/D64Hh8ICAFt0h+h/AAAA[0m[Pipeline] // stage
[8mha:////4AqeDh23zRsbcF2//t5kPVvzZ8I+WbXCykFG0D3Wb4dJAAAAaB+LCAAAAAAAAP9b85aBtbiIwTG/KF0vKzUvOzOvODlTryCnNB3I0ivPL8pOy8kv18vKT9JLzs8rzs9J1QuHCgaV5jlDhPzyS1IZIICRiYGhoohBKqM0pTg/D64Hh8ICAFt0h+h/AAAA[0m[Pipeline] stage
[8mha:////4AqeDh23zRsbcF2//t5kPVvzZ8I+WbXCykFG0D3Wb4dJAAAAaB+LCAAAAAAAAP9b85aBtbiIwTG/KF0vKzUvOzOvODlTryCnNB3I0ivPL8pOy8kv18vKT9JLzs8rzs9J1QuHCgaV5jlDhPzyS1IZIICRiYGhoohBKqM0pTg/D64Hh8ICAFt0h+h/AAAA[0m[Pipeline] { (Code Artifactory)
[8mha:////4AqeDh23zRsbcF2//t5kPVvzZ8I+WbXCykFG0D3Wb4dJAAAAaB+LCAAAAAAAAP9b85aBtbiIwTG/KF0vKzUvOzOvODlTryCnNB3I0ivPL8pOy8kv18vKT9JLzs8rzs9J1QuHCgaV5jlDhPzyS1IZIICRiYGhoohBKqM0pTg/D64Hh8ICAFt0h+h/AAAA[0m[Pipeline] step
Uploading artifact gameoflife.war started....
GroupId: com.ctc.devops
ArtifactId: game
Classifier: BN_5
Type: war
Version: 1.0
File: gameoflife.war
Repository:DryiCE
Uploading: http://10.1.23.186:8081/nexus/content/repositories/DryiCE/com/ctc/devops/game/1.0/game-1.0-BN_5.war
10 % completed (319 kB / 3.2 MB).
20 % completed (639 kB / 3.2 MB).
30 % completed (958 kB / 3.2 MB).
40 % completed (1.3 MB / 3.2 MB).
50 % completed (1.6 MB / 3.2 MB).
60 % completed (1.9 MB / 3.2 MB).
70 % completed (2.2 MB / 3.2 MB).
80 % completed (2.6 MB / 3.2 MB).
90 % completed (2.9 MB / 3.2 MB).
100 % completed (3.2 MB / 3.2 MB).
Uploaded: http://10.1.23.186:8081/nexus/content/repositories/DryiCE/com/ctc/devops/game/1.0/game-1.0-BN_5.war (3.2 MB at 6.7 MB/s)
Uploading artifact gameoflife.war completed.
Uploading artifact create_data.sql started....
GroupId: com.ctc.devops
ArtifactId: game
Classifier: BN_5
Type: sql
Version: 1.0
File: create_data.sql
Repository:DryiCE
Uploading: http://10.1.23.186:8081/nexus/content/repositories/DryiCE/com/ctc/devops/game/1.0/game-1.0-BN_5.sql
100 % completed (3.3 kB / 3.3 kB).
Uploaded: http://10.1.23.186:8081/nexus/content/repositories/DryiCE/com/ctc/devops/game/1.0/game-1.0-BN_5.sql (3.3 kB at 16 kB/s)
Uploading artifact create_data.sql completed.
[8mha:////4AqeDh23zRsbcF2//t5kPVvzZ8I+WbXCykFG0D3Wb4dJAAAAaB+LCAAAAAAAAP9b85aBtbiIwTG/KF0vKzUvOzOvODlTryCnNB3I0ivPL8pOy8kv18vKT9JLzs8rzs9J1QuHCgaV5jlDhPzyS1IZIICRiYGhoohBKqM0pTg/D64Hh8ICAFt0h+h/AAAA[0m[Pipeline] }
[8mha:////4AqeDh23zRsbcF2//t5kPVvzZ8I+WbXCykFG0D3Wb4dJAAAAaB+LCAAAAAAAAP9b85aBtbiIwTG/KF0vKzUvOzOvODlTryCnNB3I0ivPL8pOy8kv18vKT9JLzs8rzs9J1QuHCgaV5jlDhPzyS1IZIICRiYGhoohBKqM0pTg/D64Hh8ICAFt0h+h/AAAA[0m[Pipeline] // stage
[8mha:////4AqeDh23zRsbcF2//t5kPVvzZ8I+WbXCykFG0D3Wb4dJAAAAaB+LCAAAAAAAAP9b85aBtbiIwTG/KF0vKzUvOzOvODlTryCnNB3I0ivPL8pOy8kv18vKT9JLzs8rzs9J1QuHCgaV5jlDhPzyS1IZIICRiYGhoohBKqM0pTg/D64Hh8ICAFt0h+h/AAAA[0m[Pipeline] stage
[8mha:////4AqeDh23zRsbcF2//t5kPVvzZ8I+WbXCykFG0D3Wb4dJAAAAaB+LCAAAAAAAAP9b85aBtbiIwTG/KF0vKzUvOzOvODlTryCnNB3I0ivPL8pOy8kv18vKT9JLzs8rzs9J1QuHCgaV5jlDhPzyS1IZIICRiYGhoohBKqM0pTg/D64Hh8ICAFt0h+h/AAAA[0m[Pipeline] { (Code Deploy)
[8mha:////4AqeDh23zRsbcF2//t5kPVvzZ8I+WbXCykFG0D3Wb4dJAAAAaB+LCAAAAAAAAP9b85aBtbiIwTG/KF0vKzUvOzOvODlTryCnNB3I0ivPL8pOy8kv18vKT9JLzs8rzs9J1QuHCgaV5jlDhPzyS1IZIICRiYGhoohBKqM0pTg/D64Hh8ICAFt0h+h/AAAA[0m[Pipeline] sh
[CTC_Demo] Running shell script
+ cd /home/dryice2
+ rm -rf /home/dryice2/package
+ mkdir -p /home/dryice2/package/app
+ mkdir -p /home/dryice2/package/db
+ chmod -R 777 /home/dryice2/package
+ cd /home/dryice2/package/app
+ wget '--user=shrey_s' '--password=Unix_11' http://10.1.23.186:8081/nexus/service/local/repositories/DryiCE/content/com/ctc/devops/game/1.0/game-1.0-BN_5.war
--2017-07-26 18:52:16--  http://10.1.23.186:8081/nexus/service/local/repositories/DryiCE/content/com/ctc/devops/game/1.0/game-1.0-BN_5.war
Connecting to 10.1.23.186:8081... connected.
HTTP request sent, awaiting response... 200 OK
Length: 3192500 (3.0M) [application/java-archive]
Saving to: â€˜game-1.0-BN_5.warâ€™

     0K .......... .......... .......... .......... ..........  1% 6.91M 0s
    50K .......... .......... .......... .......... ..........  3% 15.7M 0s
   100K .......... .......... .......... .......... ..........  4% 10.6M 0s
   150K .......... .......... .......... .......... ..........  6% 11.4M 0s
   200K .......... .......... .......... .......... ..........  8% 13.9M 0s
   250K .......... .......... .......... .......... ..........  9% 18.8M 0s
   300K .......... .......... .......... .......... .......... 11% 20.2M 0s
   350K .......... .......... .......... .......... .......... 12% 23.3M 0s
   400K .......... .......... .......... .......... .......... 14% 18.5M 0s
   450K .......... .......... .......... .......... .......... 16% 23.2M 0s
   500K .......... .......... .......... .......... .......... 17% 16.6M 0s
   550K .......... .......... .......... .......... .......... 19% 22.8M 0s
   600K .......... .......... .......... .......... .......... 20% 18.4M 0s
   650K .......... .......... .......... .......... .......... 22% 25.0M 0s
   700K .......... .......... .......... .......... .......... 24% 15.5M 0s
   750K .......... .......... .......... .......... .......... 25% 36.3M 0s
   800K .......... .......... .......... .......... .......... 27% 20.2M 0s
   850K .......... .......... .......... .......... .......... 28% 19.8M 0s
   900K .......... .......... .......... .......... .......... 30% 15.6M 0s
   950K .......... .......... .......... .......... .......... 32% 15.1M 0s
  1000K .......... .......... .......... .......... .......... 33% 15.4M 0s
  1050K .......... .......... .......... .......... .......... 35% 17.7M 0s
  1100K .......... .......... .......... .......... .......... 36% 16.0M 0s
  1150K .......... .......... .......... .......... .......... 38% 19.8M 0s
  1200K .......... .......... .......... .......... .......... 40% 11.9M 0s
  1250K .......... .......... .......... .......... .......... 41% 17.2M 0s
  1300K .......... .......... .......... .......... .......... 43% 21.2M 0s
  1350K .......... .......... .......... .......... .......... 44% 22.2M 0s
  1400K .......... .......... .......... .......... .......... 46% 16.5M 0s
  1450K .......... .......... .......... .......... .......... 48% 21.5M 0s
  1500K .......... .......... .......... .......... .......... 49% 12.1M 0s
  1550K .......... .......... .......... .......... .......... 51% 14.9M 0s
  1600K .......... .......... .......... .......... .......... 52% 16.8M 0s
  1650K .......... .......... .......... .......... .......... 54% 19.2M 0s
  1700K .......... .......... .......... .......... .......... 56% 15.7M 0s
  1750K .......... .......... .......... .......... .......... 57% 21.3M 0s
  1800K .......... .......... .......... .......... .......... 59% 20.7M 0s
  1850K .......... .......... .......... .......... .......... 60% 23.9M 0s
  1900K .......... .......... .......... .......... .......... 62% 23.7M 0s
  1950K .......... .......... .......... .......... .......... 64% 26.1M 0s
  2000K .......... .......... .......... .......... .......... 65% 23.1M 0s
  2050K .......... .......... .......... .......... .......... 67% 21.9M 0s
  2100K .......... .......... .......... .......... .......... 68% 28.0M 0s
  2150K .......... .......... .......... .......... .......... 70% 30.3M 0s
  2200K .......... .......... .......... .......... .......... 72% 16.9M 0s
  2250K .......... .......... .......... .......... .......... 73% 27.5M 0s
  2300K .......... .......... .......... .......... .......... 75% 20.5M 0s
  2350K .......... .......... .......... .......... .......... 76% 25.9M 0s
  2400K .......... .......... .......... .......... .......... 78% 21.0M 0s
  2450K .......... .......... .......... .......... .......... 80% 18.5M 0s
  2500K .......... .......... .......... .......... .......... 81% 20.8M 0s
  2550K .......... .......... .......... .......... .......... 83% 21.1M 0s
  2600K .......... .......... .......... .......... .......... 84% 22.3M 0s
  2650K .......... .......... .......... .......... .......... 86% 23.8M 0s
  2700K .......... .......... .......... .......... .......... 88% 11.6M 0s
  2750K .......... .......... .......... .......... .......... 89% 12.3M 0s
  2800K .......... .......... .......... .......... .......... 91% 15.9M 0s
  2850K .......... .......... .......... .......... .......... 93% 14.5M 0s
  2900K .......... .......... .......... .......... .......... 94% 23.5M 0s
  2950K .......... .......... .......... .......... .......... 96% 27.4M 0s
  3000K .......... .......... .......... .......... .......... 97% 29.8M 0s
  3050K .......... .......... .......... .......... .......... 99% 28.5M 0s
  3100K .......... .......                                    100% 28.7M=0.2s

2017-07-26 18:52:16 (18.2 MB/s) - â€˜game-1.0-BN_5.warâ€™ saved [3192500/3192500]

+ cd /home/dryice2/package/app
+ mv game-1.0-BN_5.war game.war
+ cd /home/dryice2/package/db
+ wget '--user=shrey_s' '--password=Unix_11' http://10.1.23.186:8081/nexus/service/local/repositories/DryiCE/content/com/ctc/devops/game/1.0/game-1.0-BN_5.sql
--2017-07-26 18:52:16--  http://10.1.23.186:8081/nexus/service/local/repositories/DryiCE/content/com/ctc/devops/game/1.0/game-1.0-BN_5.sql
Connecting to 10.1.23.186:8081... connected.
HTTP request sent, awaiting response... 200 OK
Length: 3343 (3.3K) [text/x-sql]
Saving to: â€˜game-1.0-BN_5.sqlâ€™

     0K ...                                                   100% 63.1M=0s

2017-07-26 18:52:16 (63.1 MB/s) - â€˜game-1.0-BN_5.sqlâ€™ saved [3343/3343]

+ cd /home/dryice2/package/db
+ mv game-1.0-BN_5.sql game.sql
+ cd /home/dryice2
+ chmod -R 777 /home/dryice2/package
+ cd /home/dryice2/webapps
+ cp -r /home/dryice2/package/app/game.war
cp: missing destination file operand after â€˜/home/dryice2/package/app/game.warâ€™
Try 'cp --help' for more information.
[8mha:////4AqeDh23zRsbcF2//t5kPVvzZ8I+WbXCykFG0D3Wb4dJAAAAaB+LCAAAAAAAAP9b85aBtbiIwTG/KF0vKzUvOzOvODlTryCnNB3I0ivPL8pOy8kv18vKT9JLzs8rzs9J1QuHCgaV5jlDhPzyS1IZIICRiYGhoohBKqM0pTg/D64Hh8ICAFt0h+h/AAAA[0m[Pipeline] }
[8mha:////4AqeDh23zRsbcF2//t5kPVvzZ8I+WbXCykFG0D3Wb4dJAAAAaB+LCAAAAAAAAP9b85aBtbiIwTG/KF0vKzUvOzOvODlTryCnNB3I0ivPL8pOy8kv18vKT9JLzs8rzs9J1QuHCgaV5jlDhPzyS1IZIICRiYGhoohBKqM0pTg/D64Hh8ICAFt0h+h/AAAA[0m[Pipeline] // stage
[8mha:////4AqeDh23zRsbcF2//t5kPVvzZ8I+WbXCykFG0D3Wb4dJAAAAaB+LCAAAAAAAAP9b85aBtbiIwTG/KF0vKzUvOzOvODlTryCnNB3I0ivPL8pOy8kv18vKT9JLzs8rzs9J1QuHCgaV5jlDhPzyS1IZIICRiYGhoohBKqM0pTg/D64Hh8ICAFt0h+h/AAAA[0m[Pipeline] stage
[8mha:////4AqeDh23zRsbcF2//t5kPVvzZ8I+WbXCykFG0D3Wb4dJAAAAaB+LCAAAAAAAAP9b85aBtbiIwTG/KF0vKzUvOzOvODlTryCnNB3I0ivPL8pOy8kv18vKT9JLzs8rzs9J1QuHCgaV5jlDhPzyS1IZIICRiYGhoohBKqM0pTg/D64Hh8ICAFt0h+h/AAAA[0m[Pipeline] { (Database Deploy )
[8mha:////4AqeDh23zRsbcF2//t5kPVvzZ8I+WbXCykFG0D3Wb4dJAAAAaB+LCAAAAAAAAP9b85aBtbiIwTG/KF0vKzUvOzOvODlTryCnNB3I0ivPL8pOy8kv18vKT9JLzs8rzs9J1QuHCgaV5jlDhPzyS1IZIICRiYGhoohBKqM0pTg/D64Hh8ICAFt0h+h/AAAA[0m[Pipeline] sh
[CTC_Demo] Running shell script
+ ORACLE_BASE=/home/oracle/u02/app/oracle
+ export ORACLE_BASE
+ ORACLE_HOME=/home/oracle/u02/app/oracle/product/fmw12cr3
+ export ORACLE_HOME
+ ORACLE_SID=dryice
+ export ORACLE_SID
+ ORACLE_TERM=xterm
+ export ORACLE_TERM
+ MW_HOME=/opt/weblogic1213
+ export MW_HOME
+ WLS_HOME=/opt/weblogic1213/wlserver
+ export WLS_HOME
+ WL_HOME=/opt/weblogic1213/wlserver
+ export WL_HOME
+ LD_LIBRARY_PATH=/home/oracle/u02/app/oracle/product/fmw12cr3/lib:/lib:/usr/lib
+ LD_LIBRARY_PATH=/home/oracle/u02/app/oracle/product/fmw12cr3/lib:/lib:/usr/lib:/usr/local/lib
+ export LD_LIBRARY_PATH
+ PATH=/bin:/var/lib/jenkins/.local/bin:/var/lib/jenkins/bin:/home/oracle/u02/app/oracle:/home/oracle/u02/app/oracle/product/fmw12cr3:/home/oracle/u02/app/oracle/product/fmw12cr3/bin:/sbin:/usr/sbin:/bin:/usr/bin
+ export PATH
+ cd /home/dryice2/package/db
+ /home/oracle/u02/app/oracle/product/fmw12cr3/bin/sqlplus -S dryice2/dryice2@dryice @game.sql
+ echo exit
INSERT INTO people
*
ERROR at line 1:
ORA-00001: unique constraint (DRYICE2.SYS_C007425) violated


INSERT INTO people (person_id, given_name, family_name, title)
*
ERROR at line 1:
ORA-00001: unique constraint (DRYICE2.SYS_C007425) violated


INSERT INTO people (person_id, given_name, family_name, title)
*
ERROR at line 1:
ORA-00001: unique constraint (DRYICE2.SYS_C007425) violated


INSERT INTO people (person_id, given_name, family_name, title)
*
ERROR at line 1:
ORA-00001: unique constraint (DRYICE2.SYS_C007425) violated


  INSERT INTO people (person_id, given_name, family_name, title)
*
ERROR at line 1:
ORA-00001: unique constraint (DRYICE2.SYS_C007425) violated


  INSERT ALL
*
ERROR at line 1:
ORA-00001: unique constraint (DRYICE2.SYS_C007425) violated


  INSERT ALL
*
ERROR at line 1:
ORA-00001: unique constraint (DRYICE2.SYS_C007425) violated



Commit complete.

[8mha:////4AqeDh23zRsbcF2//t5kPVvzZ8I+WbXCykFG0D3Wb4dJAAAAaB+LCAAAAAAAAP9b85aBtbiIwTG/KF0vKzUvOzOvODlTryCnNB3I0ivPL8pOy8kv18vKT9JLzs8rzs9J1QuHCgaV5jlDhPzyS1IZIICRiYGhoohBKqM0pTg/D64Hh8ICAFt0h+h/AAAA[0m[Pipeline] }
[8mha:////4AqeDh23zRsbcF2//t5kPVvzZ8I+WbXCykFG0D3Wb4dJAAAAaB+LCAAAAAAAAP9b85aBtbiIwTG/KF0vKzUvOzOvODlTryCnNB3I0ivPL8pOy8kv18vKT9JLzs8rzs9J1QuHCgaV5jlDhPzyS1IZIICRiYGhoohBKqM0pTg/D64Hh8ICAFt0h+h/AAAA[0m[Pipeline] // stage
[8mha:////4AqeDh23zRsbcF2//t5kPVvzZ8I+WbXCykFG0D3Wb4dJAAAAaB+LCAAAAAAAAP9b85aBtbiIwTG/KF0vKzUvOzOvODlTryCnNB3I0ivPL8pOy8kv18vKT9JLzs8rzs9J1QuHCgaV5jlDhPzyS1IZIICRiYGhoohBKqM0pTg/D64Hh8ICAFt0h+h/AAAA[0m[Pipeline] stage
[8mha:////4AqeDh23zRsbcF2//t5kPVvzZ8I+WbXCykFG0D3Wb4dJAAAAaB+LCAAAAAAAAP9b85aBtbiIwTG/KF0vKzUvOzOvODlTryCnNB3I0ivPL8pOy8kv18vKT9JLzs8rzs9J1QuHCgaV5jlDhPzyS1IZIICRiYGhoohBKqM0pTg/D64Hh8ICAFt0h+h/AAAA[0m[Pipeline] { (Mail)
[8mha:////4AqeDh23zRsbcF2//t5kPVvzZ8I+WbXCykFG0D3Wb4dJAAAAaB+LCAAAAAAAAP9b85aBtbiIwTG/KF0vKzUvOzOvODlTryCnNB3I0ivPL8pOy8kv18vKT9JLzs8rzs9J1QuHCgaV5jlDhPzyS1IZIICRiYGhoohBKqM0pTg/D64Hh8ICAFt0h+h/AAAA[0m[Pipeline] mail
[8mha:////4AqeDh23zRsbcF2//t5kPVvzZ8I+WbXCykFG0D3Wb4dJAAAAaB+LCAAAAAAAAP9b85aBtbiIwTG/KF0vKzUvOzOvODlTryCnNB3I0ivPL8pOy8kv18vKT9JLzs8rzs9J1QuHCgaV5jlDhPzyS1IZIICRiYGhoohBKqM0pTg/D64Hh8ICAFt0h+h/AAAA[0m[Pipeline] }
[8mha:////4AqeDh23zRsbcF2//t5kPVvzZ8I+WbXCykFG0D3Wb4dJAAAAaB+LCAAAAAAAAP9b85aBtbiIwTG/KF0vKzUvOzOvODlTryCnNB3I0ivPL8pOy8kv18vKT9JLzs8rzs9J1QuHCgaV5jlDhPzyS1IZIICRiYGhoohBKqM0pTg/D64Hh8ICAFt0h+h/AAAA[0m[Pipeline] // stage
[8mha:////4AqeDh23zRsbcF2//t5kPVvzZ8I+WbXCykFG0D3Wb4dJAAAAaB+LCAAAAAAAAP9b85aBtbiIwTG/KF0vKzUvOzOvODlTryCnNB3I0ivPL8pOy8kv18vKT9JLzs8rzs9J1QuHCgaV5jlDhPzyS1IZIICRiYGhoohBKqM0pTg/D64Hh8ICAFt0h+h/AAAA[0m[Pipeline] }
[8mha:////4AqeDh23zRsbcF2//t5kPVvzZ8I+WbXCykFG0D3Wb4dJAAAAaB+LCAAAAAAAAP9b85aBtbiIwTG/KF0vKzUvOzOvODlTryCnNB3I0ivPL8pOy8kv18vKT9JLzs8rzs9J1QuHCgaV5jlDhPzyS1IZIICRiYGhoohBKqM0pTg/D64Hh8ICAFt0h+h/AAAA[0m[Pipeline] // node
[8mha:////4AqeDh23zRsbcF2//t5kPVvzZ8I+WbXCykFG0D3Wb4dJAAAAaB+LCAAAAAAAAP9b85aBtbiIwTG/KF0vKzUvOzOvODlTryCnNB3I0ivPL8pOy8kv18vKT9JLzs8rzs9J1QuHCgaV5jlDhPzyS1IZIICRiYGhoohBKqM0pTg/D64Hh8ICAFt0h+h/AAAA[0m[Pipeline] End of Pipeline
Finished: SUCCESS
