[8mha:////4G5M0iJLq0ghgwP6bQhDWgPL2Gt7v1AdLZk8hTQ1hL7wAAAAyx+LCAAAAAAAAP9b85aBtbiIQSOjNKU4P0+vIKc0PTOvWK8kMze1uCQxtyC1SC8ExvbLL0llgABGJgYmLwaB3MycnMzi4My85FTXgvzkDB8G3tScxILi1BRfsEwJg4BPVmJZon5OYl66vk9+Xrp1RRGDFNSy5Py84vycVD1nCI1qPENFAZCObbrD5Qt0Hx/IFD2QKXpgU7qfTDjTr3yfiYHRi4G1LDGnNBVorgBCkV9pblJqUduaqbLcUx50Q00DAd5jAHlMbsTyAAAA[0m[CTC_Demo] Running shell script
[8mha:////4FqkC5qk+sduyCYeOzk7nj/St3iKpTHUtsOx7EhDjYS5AAAAyx+LCAAAAAAAAP9b85aBtbiIQSOjNKU4P0+vIKc0PTOvWK8kMze1uCQxtyC1SC8ExvbLL0llgABGJgYmLwaB3MycnMzi4My85FTXgvzkDB8G3tScxILi1BRfsEwJg4BPVmJZon5OYl66vk9+Xrp1RRGDFNSy5Py84vycVD1nCI1qPENFAZCObbrDPRHoPj6QKXogU/TApnQ/mXCmX/k+EwOjFwNrWWJOaSrQXAGEIr/S3KTUorY1U2W5pzzohpoGAvxcAIa/DQDyAAAA[0m+ /opt/maven/bin/mvn clean package
[8mha:////4DrTsHTxDtkCdxwrBh4eLEoeIhNiThVNBCHmZNmYqfYhAAAAyx+LCAAAAAAAAP9b85aBtbiIQSOjNKU4P0+vIKc0PTOvWK8kMze1uCQxtyC1SC8ExvbLL0llgABGJgYmLwaB3MycnMzi4My85FTXgvzkDB8G3tScxILi1BRfsEwJg4BPVmJZon5OYl66vk9+Xrp1RRGDFNSy5Py84vycVD1nCI1qPENFAZCObbojYQ90Hx/IFD2QKXpgU7qfTDjTr3yfiYHRi4G1LDGnNBVorgBCkV9pblJqUduaqbLcUx50Q00DAekdAK/ZmT3yAAAA[0m[INFO] Scanning for projects...
[8mha:////4ILLXrfNoJOwbmfSgBEasY49UDed2gkMhxUY1lLxvtruAAAAyx+LCAAAAAAAAP9b85aBtbiIQSOjNKU4P0+vIKc0PTOvWK8kMze1uCQxtyC1SC8ExvbLL0llgABGJgYmLwaB3MycnMzi4My85FTXgvzkDB8G3tScxILi1BRfsEwJg4BPVmJZon5OYl66vk9+Xrp1RRGDFNSy5Py84vycVD1nCI1qPENFAZCObbojaQt0Hx/IFD2QKXpgU7qfTDjTr3yfiYHRi4G1LDGnNBVorgBCkV9pblJqUduaqbLcUx50Q00DAZltANgUtR7yAAAA[0m[WARNING] 
[8mha:////4AceCnh45Rh88Fc2LVgmxbk1FiI9/lxyeHTOXwrZf7UeAAAAyx+LCAAAAAAAAP9b85aBtbiIQSOjNKU4P0+vIKc0PTOvWK8kMze1uCQxtyC1SC8ExvbLL0llgABGJgYmLwaB3MycnMzi4My85FTXgvzkDB8G3tScxILi1BRfsEwJg4BPVmJZon5OYl66vk9+Xrp1RRGDFNSy5Py84vycVD1nCI1qPENFAZCObbojaQd0Hx/IFD2QKXpgU7qfTDjTr3yfiYHRi4G1LDGnNBVorgBCkV9pblJqUduaqbLcUx50Q00DAZntAL29ubXyAAAA[0m[WARNING] Some problems were encountered while building the effective model for com.wakaleo.gameoflife:gameoflife-build:jar:1.0-SNAPSHOT
[8mha:////4AceCnh45Rh88Fc2LVgmxbk1FiI9/lxyeHTOXwrZf7UeAAAAyx+LCAAAAAAAAP9b85aBtbiIQSOjNKU4P0+vIKc0PTOvWK8kMze1uCQxtyC1SC8ExvbLL0llgABGJgYmLwaB3MycnMzi4My85FTXgvzkDB8G3tScxILi1BRfsEwJg4BPVmJZon5OYl66vk9+Xrp1RRGDFNSy5Py84vycVD1nCI1qPENFAZCObbojaQd0Hx/IFD2QKXpgU7qfTDjTr3yfiYHRi4G1LDGnNBVorgBCkV9pblJqUduaqbLcUx50Q00DAZntAL29ubXyAAAA[0m[WARNING] Reporting configuration should be done in <reporting> section, not in maven-site-plugin <configuration> as reportPlugins parameter.
[8mha:////4AceCnh45Rh88Fc2LVgmxbk1FiI9/lxyeHTOXwrZf7UeAAAAyx+LCAAAAAAAAP9b85aBtbiIQSOjNKU4P0+vIKc0PTOvWK8kMze1uCQxtyC1SC8ExvbLL0llgABGJgYmLwaB3MycnMzi4My85FTXgvzkDB8G3tScxILi1BRfsEwJg4BPVmJZon5OYl66vk9+Xrp1RRGDFNSy5Py84vycVD1nCI1qPENFAZCObbojaQd0Hx/IFD2QKXpgU7qfTDjTr3yfiYHRi4G1LDGnNBVorgBCkV9pblJqUduaqbLcUx50Q00DAZntAL29ubXyAAAA[0m[WARNING] 
[8mha:////4AceCnh45Rh88Fc2LVgmxbk1FiI9/lxyeHTOXwrZf7UeAAAAyx+LCAAAAAAAAP9b85aBtbiIQSOjNKU4P0+vIKc0PTOvWK8kMze1uCQxtyC1SC8ExvbLL0llgABGJgYmLwaB3MycnMzi4My85FTXgvzkDB8G3tScxILi1BRfsEwJg4BPVmJZon5OYl66vk9+Xrp1RRGDFNSy5Py84vycVD1nCI1qPENFAZCObbojaQd0Hx/IFD2QKXpgU7qfTDjTr3yfiYHRi4G1LDGnNBVorgBCkV9pblJqUduaqbLcUx50Q00DAZntAL29ubXyAAAA[0m[WARNING] Some problems were encountered while building the effective model for com.wakaleo.gameoflife:gameoflife-core:jar:1.0-SNAPSHOT
[8mha:////4AceCnh45Rh88Fc2LVgmxbk1FiI9/lxyeHTOXwrZf7UeAAAAyx+LCAAAAAAAAP9b85aBtbiIQSOjNKU4P0+vIKc0PTOvWK8kMze1uCQxtyC1SC8ExvbLL0llgABGJgYmLwaB3MycnMzi4My85FTXgvzkDB8G3tScxILi1BRfsEwJg4BPVmJZon5OYl66vk9+Xrp1RRGDFNSy5Py84vycVD1nCI1qPENFAZCObbojaQd0Hx/IFD2QKXpgU7qfTDjTr3yfiYHRi4G1LDGnNBVorgBCkV9pblJqUduaqbLcUx50Q00DAZntAL29ubXyAAAA[0m[WARNING] Reporting configuration should be done in <reporting> section, not in maven-site-plugin <configuration> as reportPlugins parameter.
[8mha:////4AceCnh45Rh88Fc2LVgmxbk1FiI9/lxyeHTOXwrZf7UeAAAAyx+LCAAAAAAAAP9b85aBtbiIQSOjNKU4P0+vIKc0PTOvWK8kMze1uCQxtyC1SC8ExvbLL0llgABGJgYmLwaB3MycnMzi4My85FTXgvzkDB8G3tScxILi1BRfsEwJg4BPVmJZon5OYl66vk9+Xrp1RRGDFNSy5Py84vycVD1nCI1qPENFAZCObbojaQd0Hx/IFD2QKXpgU7qfTDjTr3yfiYHRi4G1LDGnNBVorgBCkV9pblJqUduaqbLcUx50Q00DAZntAL29ubXyAAAA[0m[WARNING] 
[8mha:////4AceCnh45Rh88Fc2LVgmxbk1FiI9/lxyeHTOXwrZf7UeAAAAyx+LCAAAAAAAAP9b85aBtbiIQSOjNKU4P0+vIKc0PTOvWK8kMze1uCQxtyC1SC8ExvbLL0llgABGJgYmLwaB3MycnMzi4My85FTXgvzkDB8G3tScxILi1BRfsEwJg4BPVmJZon5OYl66vk9+Xrp1RRGDFNSy5Py84vycVD1nCI1qPENFAZCObbojaQd0Hx/IFD2QKXpgU7qfTDjTr3yfiYHRi4G1LDGnNBVorgBCkV9pblJqUduaqbLcUx50Q00DAZntAL29ubXyAAAA[0m[WARNING] Some problems were encountered while building the effective model for com.wakaleo.gameoflife:gameoflife-web:war:1.0-SNAPSHOT
[8mha:////4AceCnh45Rh88Fc2LVgmxbk1FiI9/lxyeHTOXwrZf7UeAAAAyx+LCAAAAAAAAP9b85aBtbiIQSOjNKU4P0+vIKc0PTOvWK8kMze1uCQxtyC1SC8ExvbLL0llgABGJgYmLwaB3MycnMzi4My85FTXgvzkDB8G3tScxILi1BRfsEwJg4BPVmJZon5OYl66vk9+Xrp1RRGDFNSy5Py84vycVD1nCI1qPENFAZCObbojaQd0Hx/IFD2QKXpgU7qfTDjTr3yfiYHRi4G1LDGnNBVorgBCkV9pblJqUduaqbLcUx50Q00DAZntAL29ubXyAAAA[0m[WARNING] Reporting configuration should be done in <reporting> section, not in maven-site-plugin <configuration> as reportPlugins parameter.
[8mha:////4AceCnh45Rh88Fc2LVgmxbk1FiI9/lxyeHTOXwrZf7UeAAAAyx+LCAAAAAAAAP9b85aBtbiIQSOjNKU4P0+vIKc0PTOvWK8kMze1uCQxtyC1SC8ExvbLL0llgABGJgYmLwaB3MycnMzi4My85FTXgvzkDB8G3tScxILi1BRfsEwJg4BPVmJZon5OYl66vk9+Xrp1RRGDFNSy5Py84vycVD1nCI1qPENFAZCObbojaQd0Hx/IFD2QKXpgU7qfTDjTr3yfiYHRi4G1LDGnNBVorgBCkV9pblJqUduaqbLcUx50Q00DAZntAL29ubXyAAAA[0m[WARNING] 
[8mha:////4AceCnh45Rh88Fc2LVgmxbk1FiI9/lxyeHTOXwrZf7UeAAAAyx+LCAAAAAAAAP9b85aBtbiIQSOjNKU4P0+vIKc0PTOvWK8kMze1uCQxtyC1SC8ExvbLL0llgABGJgYmLwaB3MycnMzi4My85FTXgvzkDB8G3tScxILi1BRfsEwJg4BPVmJZon5OYl66vk9+Xrp1RRGDFNSy5Py84vycVD1nCI1qPENFAZCObbojaQd0Hx/IFD2QKXpgU7qfTDjTr3yfiYHRi4G1LDGnNBVorgBCkV9pblJqUduaqbLcUx50Q00DAZntAL29ubXyAAAA[0m[WARNING] Some problems were encountered while building the effective model for com.wakaleo.gameoflife:gameoflife:pom:1.0-SNAPSHOT
[8mha:////4AceCnh45Rh88Fc2LVgmxbk1FiI9/lxyeHTOXwrZf7UeAAAAyx+LCAAAAAAAAP9b85aBtbiIQSOjNKU4P0+vIKc0PTOvWK8kMze1uCQxtyC1SC8ExvbLL0llgABGJgYmLwaB3MycnMzi4My85FTXgvzkDB8G3tScxILi1BRfsEwJg4BPVmJZon5OYl66vk9+Xrp1RRGDFNSy5Py84vycVD1nCI1qPENFAZCObbojaQd0Hx/IFD2QKXpgU7qfTDjTr3yfiYHRi4G1LDGnNBVorgBCkV9pblJqUduaqbLcUx50Q00DAZntAL29ubXyAAAA[0m[WARNING] Reporting configuration should be done in <reporting> section, not in maven-site-plugin <configuration> as reportPlugins parameter. @ line 302, column 40
[8mha:////4AceCnh45Rh88Fc2LVgmxbk1FiI9/lxyeHTOXwrZf7UeAAAAyx+LCAAAAAAAAP9b85aBtbiIQSOjNKU4P0+vIKc0PTOvWK8kMze1uCQxtyC1SC8ExvbLL0llgABGJgYmLwaB3MycnMzi4My85FTXgvzkDB8G3tScxILi1BRfsEwJg4BPVmJZon5OYl66vk9+Xrp1RRGDFNSy5Py84vycVD1nCI1qPENFAZCObbojaQd0Hx/IFD2QKXpgU7qfTDjTr3yfiYHRi4G1LDGnNBVorgBCkV9pblJqUduaqbLcUx50Q00DAZntAL29ubXyAAAA[0m[WARNING] 
[8mha:////4AceCnh45Rh88Fc2LVgmxbk1FiI9/lxyeHTOXwrZf7UeAAAAyx+LCAAAAAAAAP9b85aBtbiIQSOjNKU4P0+vIKc0PTOvWK8kMze1uCQxtyC1SC8ExvbLL0llgABGJgYmLwaB3MycnMzi4My85FTXgvzkDB8G3tScxILi1BRfsEwJg4BPVmJZon5OYl66vk9+Xrp1RRGDFNSy5Py84vycVD1nCI1qPENFAZCObbojaQd0Hx/IFD2QKXpgU7qfTDjTr3yfiYHRi4G1LDGnNBVorgBCkV9pblJqUduaqbLcUx50Q00DAZntAL29ubXyAAAA[0m[WARNING] It is highly recommended to fix these problems because they threaten the stability of your build.
[8mha:////4AceCnh45Rh88Fc2LVgmxbk1FiI9/lxyeHTOXwrZf7UeAAAAyx+LCAAAAAAAAP9b85aBtbiIQSOjNKU4P0+vIKc0PTOvWK8kMze1uCQxtyC1SC8ExvbLL0llgABGJgYmLwaB3MycnMzi4My85FTXgvzkDB8G3tScxILi1BRfsEwJg4BPVmJZon5OYl66vk9+Xrp1RRGDFNSy5Py84vycVD1nCI1qPENFAZCObbojaQd0Hx/IFD2QKXpgU7qfTDjTr3yfiYHRi4G1LDGnNBVorgBCkV9pblJqUduaqbLcUx50Q00DAZntAL29ubXyAAAA[0m[WARNING] 
[8mha:////4AceCnh45Rh88Fc2LVgmxbk1FiI9/lxyeHTOXwrZf7UeAAAAyx+LCAAAAAAAAP9b85aBtbiIQSOjNKU4P0+vIKc0PTOvWK8kMze1uCQxtyC1SC8ExvbLL0llgABGJgYmLwaB3MycnMzi4My85FTXgvzkDB8G3tScxILi1BRfsEwJg4BPVmJZon5OYl66vk9+Xrp1RRGDFNSy5Py84vycVD1nCI1qPENFAZCObbojaQd0Hx/IFD2QKXpgU7qfTDjTr3yfiYHRi4G1LDGnNBVorgBCkV9pblJqUduaqbLcUx50Q00DAZntAL29ubXyAAAA[0m[WARNING] For this reason, future Maven versions might no longer support building such malformed projects.
[8mha:////4AceCnh45Rh88Fc2LVgmxbk1FiI9/lxyeHTOXwrZf7UeAAAAyx+LCAAAAAAAAP9b85aBtbiIQSOjNKU4P0+vIKc0PTOvWK8kMze1uCQxtyC1SC8ExvbLL0llgABGJgYmLwaB3MycnMzi4My85FTXgvzkDB8G3tScxILi1BRfsEwJg4BPVmJZon5OYl66vk9+Xrp1RRGDFNSy5Py84vycVD1nCI1qPENFAZCObbojaQd0Hx/IFD2QKXpgU7qfTDjTr3yfiYHRi4G1LDGnNBVorgBCkV9pblJqUduaqbLcUx50Q00DAZntAL29ubXyAAAA[0m[WARNING] 
[8mha:////4AceCnh45Rh88Fc2LVgmxbk1FiI9/lxyeHTOXwrZf7UeAAAAyx+LCAAAAAAAAP9b85aBtbiIQSOjNKU4P0+vIKc0PTOvWK8kMze1uCQxtyC1SC8ExvbLL0llgABGJgYmLwaB3MycnMzi4My85FTXgvzkDB8G3tScxILi1BRfsEwJg4BPVmJZon5OYl66vk9+Xrp1RRGDFNSy5Py84vycVD1nCI1qPENFAZCObbojaQd0Hx/IFD2QKXpgU7qfTDjTr3yfiYHRi4G1LDGnNBVorgBCkV9pblJqUduaqbLcUx50Q00DAZntAL29ubXyAAAA[0m[INFO] ------------------------------------------------------------------------
[8mha:////4AceCnh45Rh88Fc2LVgmxbk1FiI9/lxyeHTOXwrZf7UeAAAAyx+LCAAAAAAAAP9b85aBtbiIQSOjNKU4P0+vIKc0PTOvWK8kMze1uCQxtyC1SC8ExvbLL0llgABGJgYmLwaB3MycnMzi4My85FTXgvzkDB8G3tScxILi1BRfsEwJg4BPVmJZon5OYl66vk9+Xrp1RRGDFNSy5Py84vycVD1nCI1qPENFAZCObbojaQd0Hx/IFD2QKXpgU7qfTDjTr3yfiYHRi4G1LDGnNBVorgBCkV9pblJqUduaqbLcUx50Q00DAZntAL29ubXyAAAA[0m[INFO] Reactor Build Order:
[8mha:////4AceCnh45Rh88Fc2LVgmxbk1FiI9/lxyeHTOXwrZf7UeAAAAyx+LCAAAAAAAAP9b85aBtbiIQSOjNKU4P0+vIKc0PTOvWK8kMze1uCQxtyC1SC8ExvbLL0llgABGJgYmLwaB3MycnMzi4My85FTXgvzkDB8G3tScxILi1BRfsEwJg4BPVmJZon5OYl66vk9+Xrp1RRGDFNSy5Py84vycVD1nCI1qPENFAZCObbojaQd0Hx/IFD2QKXpgU7qfTDjTr3yfiYHRi4G1LDGnNBVorgBCkV9pblJqUduaqbLcUx50Q00DAZntAL29ubXyAAAA[0m[INFO] 
[8mha:////4AceCnh45Rh88Fc2LVgmxbk1FiI9/lxyeHTOXwrZf7UeAAAAyx+LCAAAAAAAAP9b85aBtbiIQSOjNKU4P0+vIKc0PTOvWK8kMze1uCQxtyC1SC8ExvbLL0llgABGJgYmLwaB3MycnMzi4My85FTXgvzkDB8G3tScxILi1BRfsEwJg4BPVmJZon5OYl66vk9+Xrp1RRGDFNSy5Py84vycVD1nCI1qPENFAZCObbojaQd0Hx/IFD2QKXpgU7qfTDjTr3yfiYHRi4G1LDGnNBVorgBCkV9pblJqUduaqbLcUx50Q00DAZntAL29ubXyAAAA[0m[INFO] gameoflife
[8mha:////4AceCnh45Rh88Fc2LVgmxbk1FiI9/lxyeHTOXwrZf7UeAAAAyx+LCAAAAAAAAP9b85aBtbiIQSOjNKU4P0+vIKc0PTOvWK8kMze1uCQxtyC1SC8ExvbLL0llgABGJgYmLwaB3MycnMzi4My85FTXgvzkDB8G3tScxILi1BRfsEwJg4BPVmJZon5OYl66vk9+Xrp1RRGDFNSy5Py84vycVD1nCI1qPENFAZCObbojaQd0Hx/IFD2QKXpgU7qfTDjTr3yfiYHRi4G1LDGnNBVorgBCkV9pblJqUduaqbLcUx50Q00DAZntAL29ubXyAAAA[0m[INFO] gameoflife-build
[8mha:////4AceCnh45Rh88Fc2LVgmxbk1FiI9/lxyeHTOXwrZf7UeAAAAyx+LCAAAAAAAAP9b85aBtbiIQSOjNKU4P0+vIKc0PTOvWK8kMze1uCQxtyC1SC8ExvbLL0llgABGJgYmLwaB3MycnMzi4My85FTXgvzkDB8G3tScxILi1BRfsEwJg4BPVmJZon5OYl66vk9+Xrp1RRGDFNSy5Py84vycVD1nCI1qPENFAZCObbojaQd0Hx/IFD2QKXpgU7qfTDjTr3yfiYHRi4G1LDGnNBVorgBCkV9pblJqUduaqbLcUx50Q00DAZntAL29ubXyAAAA[0m[INFO] gameoflife-core
[8mha:////4AceCnh45Rh88Fc2LVgmxbk1FiI9/lxyeHTOXwrZf7UeAAAAyx+LCAAAAAAAAP9b85aBtbiIQSOjNKU4P0+vIKc0PTOvWK8kMze1uCQxtyC1SC8ExvbLL0llgABGJgYmLwaB3MycnMzi4My85FTXgvzkDB8G3tScxILi1BRfsEwJg4BPVmJZon5OYl66vk9+Xrp1RRGDFNSy5Py84vycVD1nCI1qPENFAZCObbojaQd0Hx/IFD2QKXpgU7qfTDjTr3yfiYHRi4G1LDGnNBVorgBCkV9pblJqUduaqbLcUx50Q00DAZntAL29ubXyAAAA[0m[INFO] gameoflife-web
[8mha:////4AceCnh45Rh88Fc2LVgmxbk1FiI9/lxyeHTOXwrZf7UeAAAAyx+LCAAAAAAAAP9b85aBtbiIQSOjNKU4P0+vIKc0PTOvWK8kMze1uCQxtyC1SC8ExvbLL0llgABGJgYmLwaB3MycnMzi4My85FTXgvzkDB8G3tScxILi1BRfsEwJg4BPVmJZon5OYl66vk9+Xrp1RRGDFNSy5Py84vycVD1nCI1qPENFAZCObbojaQd0Hx/IFD2QKXpgU7qfTDjTr3yfiYHRi4G1LDGnNBVorgBCkV9pblJqUduaqbLcUx50Q00DAZntAL29ubXyAAAA[0m[INFO] 
[8mha:////4O/XeDn/MPC1bgcNw260D7HtgDJhwL6nQcnrnjeL5fP1AAAAyx+LCAAAAAAAAP9b85aBtbiIQSOjNKU4P0+vIKc0PTOvWK8kMze1uCQxtyC1SC8ExvbLL0llgABGJgYmLwaB3MycnMzi4My85FTXgvzkDB8G3tScxILi1BRfsEwJg4BPVmJZon5OYl66vk9+Xrp1RRGDFNSy5Py84vycVD1nCI1qPENFAZCObbojaQ90Hx/IFD2QKXpgU7qfTDjTr3yfiYHRi4G1LDGnNBVorgBCkV9pblJqUduaqbLcUx50Q00DAZkdAH3X/27yAAAA[0m[INFO] ------------------------------------------------------------------------
[8mha:////4O/XeDn/MPC1bgcNw260D7HtgDJhwL6nQcnrnjeL5fP1AAAAyx+LCAAAAAAAAP9b85aBtbiIQSOjNKU4P0+vIKc0PTOvWK8kMze1uCQxtyC1SC8ExvbLL0llgABGJgYmLwaB3MycnMzi4My85FTXgvzkDB8G3tScxILi1BRfsEwJg4BPVmJZon5OYl66vk9+Xrp1RRGDFNSy5Py84vycVD1nCI1qPENFAZCObbojaQ90Hx/IFD2QKXpgU7qfTDjTr3yfiYHRi4G1LDGnNBVorgBCkV9pblJqUduaqbLcUx50Q00DAZkdAH3X/27yAAAA[0m[INFO] Building gameoflife 1.0-SNAPSHOT
[8mha:////4O/XeDn/MPC1bgcNw260D7HtgDJhwL6nQcnrnjeL5fP1AAAAyx+LCAAAAAAAAP9b85aBtbiIQSOjNKU4P0+vIKc0PTOvWK8kMze1uCQxtyC1SC8ExvbLL0llgABGJgYmLwaB3MycnMzi4My85FTXgvzkDB8G3tScxILi1BRfsEwJg4BPVmJZon5OYl66vk9+Xrp1RRGDFNSy5Py84vycVD1nCI1qPENFAZCObbojaQ90Hx/IFD2QKXpgU7qfTDjTr3yfiYHRi4G1LDGnNBVorgBCkV9pblJqUduaqbLcUx50Q00DAZkdAH3X/27yAAAA[0m[INFO] ------------------------------------------------------------------------
[8mha:////4IxTNQTHRrgXBQDzPdN5J71ybucP2nWM0j7lAg87tRqBAAAAyx+LCAAAAAAAAP9b85aBtbiIQSOjNKU4P0+vIKc0PTOvWK8kMze1uCQxtyC1SC8ExvbLL0llgABGJgYmLwaB3MycnMzi4My85FTXgvzkDB8G3tScxILi1BRfsEwJg4BPVmJZon5OYl66vk9+Xrp1RRGDFNSy5Py84vycVD1nCI1qPENFAZCObbojZQN0Hx/IFD2QKXpgU7qfTDjTr3yfiYHRi4G1LDGnNBVorgBCkV9pblJqUduaqbLcUx50Q00DAdmtAE2rNvHyAAAA[0m[INFO] 
[8mha:////4Pa8jyfMLeGxi88bhpStGj1dIEH0EJhLZkStskMMTu6ZAAAAyx+LCAAAAAAAAP9b85aBtbiIQSOjNKU4P0+vIKc0PTOvWK8kMze1uCQxtyC1SC8ExvbLL0llgABGJgYmLwaB3MycnMzi4My85FTXgvzkDB8G3tScxILi1BRfsEwJg4BPVmJZon5OYl66vk9+Xrp1RRGDFNSy5Py84vycVD1nCI1qPENFAZCObbojZQt0Hx/IFD2QKXpgU7qfTDjTr3yfiYHRi4G1LDGnNBVorgBCkV9pblJqUduaqbLcUx50Q00DAdltAKaNxiPyAAAA[0m[INFO] --- maven-clean-plugin:2.5:clean (default-clean) @ gameoflife ---
[8mha:////4Pa8jyfMLeGxi88bhpStGj1dIEH0EJhLZkStskMMTu6ZAAAAyx+LCAAAAAAAAP9b85aBtbiIQSOjNKU4P0+vIKc0PTOvWK8kMze1uCQxtyC1SC8ExvbLL0llgABGJgYmLwaB3MycnMzi4My85FTXgvzkDB8G3tScxILi1BRfsEwJg4BPVmJZon5OYl66vk9+Xrp1RRGDFNSy5Py84vycVD1nCI1qPENFAZCObbojZQt0Hx/IFD2QKXpgU7qfTDjTr3yfiYHRi4G1LDGnNBVorgBCkV9pblJqUduaqbLcUx50Q00DAdltAKaNxiPyAAAA[0m[INFO] Deleting /var/lib/jenkins/workspace/CTC_Demo/target
[8mha:////4Pa8jyfMLeGxi88bhpStGj1dIEH0EJhLZkStskMMTu6ZAAAAyx+LCAAAAAAAAP9b85aBtbiIQSOjNKU4P0+vIKc0PTOvWK8kMze1uCQxtyC1SC8ExvbLL0llgABGJgYmLwaB3MycnMzi4My85FTXgvzkDB8G3tScxILi1BRfsEwJg4BPVmJZon5OYl66vk9+Xrp1RRGDFNSy5Py84vycVD1nCI1qPENFAZCObbojZQt0Hx/IFD2QKXpgU7qfTDjTr3yfiYHRi4G1LDGnNBVorgBCkV9pblJqUduaqbLcUx50Q00DAdltAKaNxiPyAAAA[0m[INFO] 
[8mha:////4Pa8jyfMLeGxi88bhpStGj1dIEH0EJhLZkStskMMTu6ZAAAAyx+LCAAAAAAAAP9b85aBtbiIQSOjNKU4P0+vIKc0PTOvWK8kMze1uCQxtyC1SC8ExvbLL0llgABGJgYmLwaB3MycnMzi4My85FTXgvzkDB8G3tScxILi1BRfsEwJg4BPVmJZon5OYl66vk9+Xrp1RRGDFNSy5Py84vycVD1nCI1qPENFAZCObbojZQt0Hx/IFD2QKXpgU7qfTDjTr3yfiYHRi4G1LDGnNBVorgBCkV9pblJqUduaqbLcUx50Q00DAdltAKaNxiPyAAAA[0m[INFO] --- maven-enforcer-plugin:1.0:enforce (enforce-versions) @ gameoflife ---
[8mha:////4C47ENuKftugrv/Hrd4owsCrUKh07ARSwl299/CYjkwoAAAAyx+LCAAAAAAAAP9b85aBtbiIQSOjNKU4P0+vIKc0PTOvWK8kMze1uCQxtyC1SC8ExvbLL0llgABGJgYmLwaB3MycnMzi4My85FTXgvzkDB8G3tScxILi1BRfsEwJg4BPVmJZon5OYl66vk9+Xrp1RRGDFNSy5Py84vycVD1nCI1qPENFAZCObbojkwF0Hx/IFD2QKXpgU7qfTDjTr3yfiYHRi4G1LDGnNBVorgBCkV9pblJqUduaqbLcUx50Q00DAfmHANYzRj7yAAAA[0m[INFO] 
[8mha:////4JWIOkIdsOXZDAgSbwO8jO1655xeC+R9O0pmpCQDy1y0AAAAyx+LCAAAAAAAAP9b85aBtbiIQSOjNKU4P0+vIKc0PTOvWK8kMze1uCQxtyC1SC8ExvbLL0llgABGJgYmLwaB3MycnMzi4My85FTXgvzkDB8G3tScxILi1BRfsEwJg4BPVmJZon5OYl66vk9+Xrp1RRGDFNSy5Py84vycVD1nCI1qPENFAZCObbojkwV0Hx/IFD2QKXpgU7qfTDjTr3yfiYHRi4G1LDGnNBVorgBCkV9pblJqUduaqbLcUx50Q00DAfnHAFi8ukfyAAAA[0m[INFO] --- jacoco-maven-plugin:0.7.2.201409121644:prepare-agent (jacoco-initialize) @ gameoflife ---
[8mha:////4IRARLN7YAqxtQIGtSUP91wjhCeVAv+DPtKPypwKKU57AAAAyx+LCAAAAAAAAP9b85aBtbiIQSOjNKU4P0+vIKc0PTOvWK8kMze1uCQxtyC1SC8ExvbLL0llgABGJgYmLwaB3MycnMzi4My85FTXgvzkDB8G3tScxILi1BRfsEwJg4BPVmJZon5OYl66vk9+Xrp1RRGDFNSy5Py84vycVD1nCI1qPENFAZCObboj/xfoPj6QKXogU/TApnQ/mXCmX/k+EwOjFwNrWWJOaSrQXAGEIr/S3KTUorY1U2W5pzzohpoGAsplAAEgA0/yAAAA[0m[INFO] argLine set to -javaagent:/var/lib/jenkins/.m2/repository/org/jacoco/org.jacoco.agent/0.7.2.201409121644/org.jacoco.agent-0.7.2.201409121644-runtime.jar=destfile=/var/lib/jenkins/workspace/CTC_Demo/target/jacoco.exec
[8mha:////4AQENt+0OldrN0UMx4orhXkDHStTRDV5GAQXkxHrLwYdAAAAyx+LCAAAAAAAAP9b85aBtbiIQSOjNKU4P0+vIKc0PTOvWK8kMze1uCQxtyC1SC8ExvbLL0llgABGJgYmLwaB3MycnMzi4My85FTXgvzkDB8G3tScxILi1BRfsEwJg4BPVmJZon5OYl66vk9+Xrp1RRGDFNSy5Py84vycVD1nCI1qPENFAZCObboj/w/oPj6QKXogU/TApnQ/mXCmX/k+EwOjFwNrWWJOaSrQXAGEIr/S3KTUorY1U2W5pzzohpoGAsrlAGSJD+TyAAAA[0m[INFO] 
[8mha:////4A2sYI1CwB7HjnPJuqVhZgkarIF20RGZLl19zQzznoAiAAAAyx+LCAAAAAAAAP9b85aBtbiIQSOjNKU4P0+vIKc0PTOvWK8kMze1uCQxtyC1SC8ExvbLL0llgABGJgYmLwaB3MycnMzi4My85FTXgvzkDB8G3tScxILi1BRfsEwJg4BPVmJZon5OYl66vk9+Xrp1RRGDFNSy5Py84vycVD1nCI1qPENFAZCObboj/x/oPj6QKXogU/TApnQ/mXCmX/k+EwOjFwNrWWJOaSrQXAGEIr/S3KTUorY1U2W5pzzohpoGAsoVAKTjST/yAAAA[0m[INFO] --- maven-surefire-plugin:2.11:test (unit-tests) @ gameoflife ---
[8mha:////4CNrMATh24oW1kQAzFq9du+/aJBRjUG+nBYhGDofNnq1AAAAyx+LCAAAAAAAAP9b85aBtbiIQSOjNKU4P0+vIKc0PTOvWK8kMze1uCQxtyC1SC8ExvbLL0llgABGJgYmLwaB3MycnMzi4My85FTXgvzkDB8G3tScxILi1BRfsEwJg4BPVmJZon5OYl66vk9+Xrp1RRGDFNSy5Py84vycVD1nCI1qPENFAZCObbqj8AfoPj6QKXogU/TApnQ/mXCmX/k+EwOjFwNrWWJOaSrQXAGEIr/S3KTUorY1U2W5pzzohpoGAiqlAN0RYUzyAAAA[0m[INFO] No tests to run.
[8mha:////4Bq9OtKCebr9HH17kdlvfqIzl+USr35mHp8ekT6u0vXqAAAAyx+LCAAAAAAAAP9b85aBtbiIQSOjNKU4P0+vIKc0PTOvWK8kMze1uCQxtyC1SC8ExvbLL0llgABGJgYmLwaB3MycnMzi4My85FTXgvzkDB8G3tScxILi1BRfsEwJg4BPVmJZon5OYl66vk9+Xrp1RRGDFNSy5Py84vycVD1nCI1qPENFAZCObbqj8BfoPj6QKXogU/TApnQ/mXCmX/k+EwOjFwNrWWJOaSrQXAGEIr/S3KTUorY1U2W5pzzohpoGAiplADY3kZ7yAAAA[0m[INFO] Surefire report directory: /var/lib/jenkins/workspace/CTC_Demo/target/surefire-reports
[8mha:////4BB3OWrbmDx9KI89ZNe3ea/DV84bQDyMvzxnr5Ntl7B3AAAAyx+LCAAAAAAAAP9b85aBtbiIQSOjNKU4P0+vIKc0PTOvWK8kMze1uCQxtyC1SC8ExvbLL0llgABGJgYmLwaB3MycnMzi4My85FTXgvzkDB8G3tScxILi1BRfsEwJg4BPVmJZon5OYl66vk9+Xrp1RRGDFNSy5Py84vycVD1nCI1qPENFAZCObbqjbAB0Hx/IFD2QKXpgU7qfTDjTr3yfiYHRi4G1LDGnNBVorgBCkV9pblJqUduaqbLcUx50Q00DAbWVAPqiS8nyAAAA[0m
[8mha:////4FD3baNENSNW4ggQBODKGOTW6l12M3LUwBve0ctdGDXUAAAAyx+LCAAAAAAAAP9b85aBtbiIQSOjNKU4P0+vIKc0PTOvWK8kMze1uCQxtyC1SC8ExvbLL0llgABGJgYmLwaB3MycnMzi4My85FTXgvzkDB8G3tScxILi1BRfsEwJg4BPVmJZon5OYl66vk9+Xrp1RRGDFNSy5Py84vycVD1nCI1qPENFAZCObbqjbAh0Hx/IFD2QKXpgU7qfTDjTr3yfiYHRi4G1LDGnNBVorgBCkV9pblJqUduaqbLcUx50Q00DAbVVABGEuxvyAAAA[0m-------------------------------------------------------
[8mha:////4N4+SNmYKtviiuZPezC1PFhXDuVH/z9LcvfqEsVV/eWSAAAAyx+LCAAAAAAAAP9b85aBtbiIQSOjNKU4P0+vIKc0PTOvWK8kMze1uCQxtyC1SC8ExvbLL0llgABGJgYmLwaB3MycnMzi4My85FTXgvzkDB8G3tScxILi1BRfsEwJg4BPVmJZon5OYl66vk9+Xrp1RRGDFNSy5Py84vycVD1nCI1qPENFAZCObbqjbAR0Hx/IFD2QKXpgU7qfTDjTr3yfiYHRi4G1LDGnNBVorgBCkV9pblJqUduaqbLcUx50Q00DAbXVAHQtt7DyAAAA[0m T E S T S
[8mha:////4N4+SNmYKtviiuZPezC1PFhXDuVH/z9LcvfqEsVV/eWSAAAAyx+LCAAAAAAAAP9b85aBtbiIQSOjNKU4P0+vIKc0PTOvWK8kMze1uCQxtyC1SC8ExvbLL0llgABGJgYmLwaB3MycnMzi4My85FTXgvzkDB8G3tScxILi1BRfsEwJg4BPVmJZon5OYl66vk9+Xrp1RRGDFNSy5Py84vycVD1nCI1qPENFAZCObbqjbAR0Hx/IFD2QKXpgU7qfTDjTr3yfiYHRi4G1LDGnNBVorgBCkV9pblJqUduaqbLcUx50Q00DAbXVAHQtt7DyAAAA[0m-------------------------------------------------------
[8mha:////4P4Wckzjq4vU4NLkWtEwtWDatrhoyWOKIiu10YmlvJXhAAAAyx+LCAAAAAAAAP9b85aBtbiIQSOjNKU4P0+vIKc0PTOvWK8kMze1uCQxtyC1SC8ExvbLL0llgABGJgYmLwaB3MycnMzi4My85FTXgvzkDB8G3tScxILi1BRfsEwJg4BPVmJZon5OYl66vk9+Xrp1RRGDFNSy5Py84vycVD1nCI1qPENFAZCObbqj0QB0Hx/IFD2QKXpgU7qfTDjTr3yfiYHRi4G1LDGnNBVorgBCkV9pblJqUduaqbLcUx50Q00DAe2fAFxMYOzyAAAA[0m
[8mha:////4MM44SJZEc9SS/EArvyummB5xsknuRVv2kQWUj2L97zkAAAAyx+LCAAAAAAAAP9b85aBtbiIQSOjNKU4P0+vIKc0PTOvWK8kMze1uCQxtyC1SC8ExvbLL0llgABGJgYmLwaB3MycnMzi4My85FTXgvzkDB8G3tScxILi1BRfsEwJg4BPVmJZon5OYl66vk9+Xrp1RRGDFNSy5Py84vycVD1nCI1qPENFAZCObbqj0Qh0Hx/IFD2QKXpgU7qfTDjTr3yfiYHRi4G1LDGnNBVorgBCkV9pblJqUduaqbLcUx50Q00DAe1fALdqkD7yAAAA[0mResults :
[8mha:////4Gru9cBuxZsEdAXrKg6m39mz8VHUcNbGvxnGxseztGE6AAAAyx+LCAAAAAAAAP9b85aBtbiIQSOjNKU4P0+vIKc0PTOvWK8kMze1uCQxtyC1SC8ExvbLL0llgABGJgYmLwaB3MycnMzi4My85FTXgvzkDB8G3tScxILi1BRfsEwJg4BPVmJZon5OYl66vk9+Xrp1RRGDFNSy5Py84vycVD1nCI1qPENFAZCObbqj0QR0Hx/IFD2QKXpgU7qfTDjTr3yfiYHRi4G1LDGnNBVorgBCkV9pblJqUduaqbLcUx50Q00DAe3fANLDnJXyAAAA[0m
[8mha:////4Gru9cBuxZsEdAXrKg6m39mz8VHUcNbGvxnGxseztGE6AAAAyx+LCAAAAAAAAP9b85aBtbiIQSOjNKU4P0+vIKc0PTOvWK8kMze1uCQxtyC1SC8ExvbLL0llgABGJgYmLwaB3MycnMzi4My85FTXgvzkDB8G3tScxILi1BRfsEwJg4BPVmJZon5OYl66vk9+Xrp1RRGDFNSy5Py84vycVD1nCI1qPENFAZCObbqj0QR0Hx/IFD2QKXpgU7qfTDjTr3yfiYHRi4G1LDGnNBVorgBCkV9pblJqUduaqbLcUx50Q00DAe3fANLDnJXyAAAA[0mTests run: 0, Failures: 0, Errors: 0, Skipped: 0
[8mha:////4Gru9cBuxZsEdAXrKg6m39mz8VHUcNbGvxnGxseztGE6AAAAyx+LCAAAAAAAAP9b85aBtbiIQSOjNKU4P0+vIKc0PTOvWK8kMze1uCQxtyC1SC8ExvbLL0llgABGJgYmLwaB3MycnMzi4My85FTXgvzkDB8G3tScxILi1BRfsEwJg4BPVmJZon5OYl66vk9+Xrp1RRGDFNSy5Py84vycVD1nCI1qPENFAZCObbqj0QR0Hx/IFD2QKXpgU7qfTDjTr3yfiYHRi4G1LDGnNBVorgBCkV9pblJqUduaqbLcUx50Q00DAe3fANLDnJXyAAAA[0m
[8mha:////4Gru9cBuxZsEdAXrKg6m39mz8VHUcNbGvxnGxseztGE6AAAAyx+LCAAAAAAAAP9b85aBtbiIQSOjNKU4P0+vIKc0PTOvWK8kMze1uCQxtyC1SC8ExvbLL0llgABGJgYmLwaB3MycnMzi4My85FTXgvzkDB8G3tScxILi1BRfsEwJg4BPVmJZon5OYl66vk9+Xrp1RRGDFNSy5Py84vycVD1nCI1qPENFAZCObbqj0QR0Hx/IFD2QKXpgU7qfTDjTr3yfiYHRi4G1LDGnNBVorgBCkV9pblJqUduaqbLcUx50Q00DAe3fANLDnJXyAAAA[0m[INFO] 
[8mha:////4Gru9cBuxZsEdAXrKg6m39mz8VHUcNbGvxnGxseztGE6AAAAyx+LCAAAAAAAAP9b85aBtbiIQSOjNKU4P0+vIKc0PTOvWK8kMze1uCQxtyC1SC8ExvbLL0llgABGJgYmLwaB3MycnMzi4My85FTXgvzkDB8G3tScxILi1BRfsEwJg4BPVmJZon5OYl66vk9+Xrp1RRGDFNSy5Py84vycVD1nCI1qPENFAZCObbqj0QR0Hx/IFD2QKXpgU7qfTDjTr3yfiYHRi4G1LDGnNBVorgBCkV9pblJqUduaqbLcUx50Q00DAe3fANLDnJXyAAAA[0m[INFO] --- maven-easyb-plugin:1.4:test (default) @ gameoflife ---
[8mha:////4PtxCYaN1P+nrPM2lloLh7K6rfqBYo0xH55FbxwYdhUNAAAAyx+LCAAAAAAAAP9b85aBtbiIQSOjNKU4P0+vIKc0PTOvWK8kMze1uCQxtyC1SC8ExvbLL0llgABGJgYmLwaB3MycnMzi4My85FTXgvzkDB8G3tScxILi1BRfsEwJg4BPVmJZon5OYl66vk9+Xrp1RRGDFNSy5Py84vycVD1nCI1qPENFAZCObbqjexboPj6QKXogU/TApnQ/mXCmX/k+EwOjFwNrWWJOaSrQXAGEIr/S3KTUorY1U2W5pzzohpoGAoZuAN14q6/yAAAA[0m[INFO] /var/lib/jenkins/workspace/CTC_Demo/src/test/stories does not exists.  Skipping easyb testing
[8mha:////4C+YLxe9u/rFZjzMZIEmL7G0UMn2ZuBpxepKERNCkhbQAAAAyx+LCAAAAAAAAP9b85aBtbiIQSOjNKU4P0+vIKc0PTOvWK8kMze1uCQxtyC1SC8ExvbLL0llgABGJgYmLwaB3MycnMzi4My85FTXgvzkDB8G3tScxILi1BRfsEwJg4BPVmJZon5OYl66vk9+Xrp1RRGDFNSy5Py84vycVD1nCI1qPENFAZCObbqjew7oPj6QKXogU/TApnQ/mXCmX/k+EwOjFwNrWWJOaSrQXAGEIr/S3KTUorY1U2W5pzzohpoGAobuALjRpwTyAAAA[0m[INFO] 
[8mha:////4Hu1cclnKySpuGcI+FLQX/q1B/3rafROJp0ZJKYSZapSAAAAyx+LCAAAAAAAAP9b85aBtbiIQSOjNKU4P0+vIKc0PTOvWK8kMze1uCQxtyC1SC8ExvbLL0llgABGJgYmLwaB3MycnMzi4My85FTXgvzkDB8G3tScxILi1BRfsEwJg4BPVmJZon5OYl66vk9+Xrp1RRGDFNSy5Py84vycVD1nCI1qPENFAZCObbqjex7oPj6QKXogU/TApnQ/mXCmX/k+EwOjFwNrWWJOaSrQXAGEIr/S3KTUorY1U2W5pzzohpoGAoYeAHi74d/yAAAA[0m[INFO] ------------------------------------------------------------------------
[8mha:////4Hu1cclnKySpuGcI+FLQX/q1B/3rafROJp0ZJKYSZapSAAAAyx+LCAAAAAAAAP9b85aBtbiIQSOjNKU4P0+vIKc0PTOvWK8kMze1uCQxtyC1SC8ExvbLL0llgABGJgYmLwaB3MycnMzi4My85FTXgvzkDB8G3tScxILi1BRfsEwJg4BPVmJZon5OYl66vk9+Xrp1RRGDFNSy5Py84vycVD1nCI1qPENFAZCObbqjex7oPj6QKXogU/TApnQ/mXCmX/k+EwOjFwNrWWJOaSrQXAGEIr/S3KTUorY1U2W5pzzohpoGAoYeAHi74d/yAAAA[0m[INFO] Building gameoflife-build 1.0-SNAPSHOT
[8mha:////4Hu1cclnKySpuGcI+FLQX/q1B/3rafROJp0ZJKYSZapSAAAAyx+LCAAAAAAAAP9b85aBtbiIQSOjNKU4P0+vIKc0PTOvWK8kMze1uCQxtyC1SC8ExvbLL0llgABGJgYmLwaB3MycnMzi4My85FTXgvzkDB8G3tScxILi1BRfsEwJg4BPVmJZon5OYl66vk9+Xrp1RRGDFNSy5Py84vycVD1nCI1qPENFAZCObbqjex7oPj6QKXogU/TApnQ/mXCmX/k+EwOjFwNrWWJOaSrQXAGEIr/S3KTUorY1U2W5pzzohpoGAoYeAHi74d/yAAAA[0m[INFO] ------------------------------------------------------------------------
[8mha:////4Hu1cclnKySpuGcI+FLQX/q1B/3rafROJp0ZJKYSZapSAAAAyx+LCAAAAAAAAP9b85aBtbiIQSOjNKU4P0+vIKc0PTOvWK8kMze1uCQxtyC1SC8ExvbLL0llgABGJgYmLwaB3MycnMzi4My85FTXgvzkDB8G3tScxILi1BRfsEwJg4BPVmJZon5OYl66vk9+Xrp1RRGDFNSy5Py84vycVD1nCI1qPENFAZCObbqjex7oPj6QKXogU/TApnQ/mXCmX/k+EwOjFwNrWWJOaSrQXAGEIr/S3KTUorY1U2W5pzzohpoGAoYeAHi74d/yAAAA[0m[INFO] 
[8mha:////4Hu1cclnKySpuGcI+FLQX/q1B/3rafROJp0ZJKYSZapSAAAAyx+LCAAAAAAAAP9b85aBtbiIQSOjNKU4P0+vIKc0PTOvWK8kMze1uCQxtyC1SC8ExvbLL0llgABGJgYmLwaB3MycnMzi4My85FTXgvzkDB8G3tScxILi1BRfsEwJg4BPVmJZon5OYl66vk9+Xrp1RRGDFNSy5Py84vycVD1nCI1qPENFAZCObbqjex7oPj6QKXogU/TApnQ/mXCmX/k+EwOjFwNrWWJOaSrQXAGEIr/S3KTUorY1U2W5pzzohpoGAoYeAHi74d/yAAAA[0m[INFO] --- maven-clean-plugin:2.5:clean (default-clean) @ gameoflife-build ---
[8mha:////4Hu1cclnKySpuGcI+FLQX/q1B/3rafROJp0ZJKYSZapSAAAAyx+LCAAAAAAAAP9b85aBtbiIQSOjNKU4P0+vIKc0PTOvWK8kMze1uCQxtyC1SC8ExvbLL0llgABGJgYmLwaB3MycnMzi4My85FTXgvzkDB8G3tScxILi1BRfsEwJg4BPVmJZon5OYl66vk9+Xrp1RRGDFNSy5Py84vycVD1nCI1qPENFAZCObbqjex7oPj6QKXogU/TApnQ/mXCmX/k+EwOjFwNrWWJOaSrQXAGEIr/S3KTUorY1U2W5pzzohpoGAoYeAHi74d/yAAAA[0m[INFO] Deleting /var/lib/jenkins/workspace/CTC_Demo/gameoflife-build/target
[8mha:////4Hu1cclnKySpuGcI+FLQX/q1B/3rafROJp0ZJKYSZapSAAAAyx+LCAAAAAAAAP9b85aBtbiIQSOjNKU4P0+vIKc0PTOvWK8kMze1uCQxtyC1SC8ExvbLL0llgABGJgYmLwaB3MycnMzi4My85FTXgvzkDB8G3tScxILi1BRfsEwJg4BPVmJZon5OYl66vk9+Xrp1RRGDFNSy5Py84vycVD1nCI1qPENFAZCObbqjex7oPj6QKXogU/TApnQ/mXCmX/k+EwOjFwNrWWJOaSrQXAGEIr/S3KTUorY1U2W5pzzohpoGAoYeAHi74d/yAAAA[0m[INFO] 
[8mha:////4Hu1cclnKySpuGcI+FLQX/q1B/3rafROJp0ZJKYSZapSAAAAyx+LCAAAAAAAAP9b85aBtbiIQSOjNKU4P0+vIKc0PTOvWK8kMze1uCQxtyC1SC8ExvbLL0llgABGJgYmLwaB3MycnMzi4My85FTXgvzkDB8G3tScxILi1BRfsEwJg4BPVmJZon5OYl66vk9+Xrp1RRGDFNSy5Py84vycVD1nCI1qPENFAZCObbqjex7oPj6QKXogU/TApnQ/mXCmX/k+EwOjFwNrWWJOaSrQXAGEIr/S3KTUorY1U2W5pzzohpoGAoYeAHi74d/yAAAA[0m[INFO] --- maven-enforcer-plugin:1.0:enforce (enforce-versions) @ gameoflife-build ---
[8mha:////4Hu1cclnKySpuGcI+FLQX/q1B/3rafROJp0ZJKYSZapSAAAAyx+LCAAAAAAAAP9b85aBtbiIQSOjNKU4P0+vIKc0PTOvWK8kMze1uCQxtyC1SC8ExvbLL0llgABGJgYmLwaB3MycnMzi4My85FTXgvzkDB8G3tScxILi1BRfsEwJg4BPVmJZon5OYl66vk9+Xrp1RRGDFNSy5Py84vycVD1nCI1qPENFAZCObbqjex7oPj6QKXogU/TApnQ/mXCmX/k+EwOjFwNrWWJOaSrQXAGEIr/S3KTUorY1U2W5pzzohpoGAoYeAHi74d/yAAAA[0m[INFO] 
[8mha:////4Hu1cclnKySpuGcI+FLQX/q1B/3rafROJp0ZJKYSZapSAAAAyx+LCAAAAAAAAP9b85aBtbiIQSOjNKU4P0+vIKc0PTOvWK8kMze1uCQxtyC1SC8ExvbLL0llgABGJgYmLwaB3MycnMzi4My85FTXgvzkDB8G3tScxILi1BRfsEwJg4BPVmJZon5OYl66vk9+Xrp1RRGDFNSy5Py84vycVD1nCI1qPENFAZCObbqjex7oPj6QKXogU/TApnQ/mXCmX/k+EwOjFwNrWWJOaSrQXAGEIr/S3KTUorY1U2W5pzzohpoGAoYeAHi74d/yAAAA[0m[INFO] --- maven-resources-plugin:2.6:resources (default-resources) @ gameoflife-build ---
[8mha:////4Hu1cclnKySpuGcI+FLQX/q1B/3rafROJp0ZJKYSZapSAAAAyx+LCAAAAAAAAP9b85aBtbiIQSOjNKU4P0+vIKc0PTOvWK8kMze1uCQxtyC1SC8ExvbLL0llgABGJgYmLwaB3MycnMzi4My85FTXgvzkDB8G3tScxILi1BRfsEwJg4BPVmJZon5OYl66vk9+Xrp1RRGDFNSy5Py84vycVD1nCI1qPENFAZCObbqjex7oPj6QKXogU/TApnQ/mXCmX/k+EwOjFwNrWWJOaSrQXAGEIr/S3KTUorY1U2W5pzzohpoGAoYeAHi74d/yAAAA[0m[INFO] Using 'UTF-8' encoding to copy filtered resources.
[8mha:////4Hu1cclnKySpuGcI+FLQX/q1B/3rafROJp0ZJKYSZapSAAAAyx+LCAAAAAAAAP9b85aBtbiIQSOjNKU4P0+vIKc0PTOvWK8kMze1uCQxtyC1SC8ExvbLL0llgABGJgYmLwaB3MycnMzi4My85FTXgvzkDB8G3tScxILi1BRfsEwJg4BPVmJZon5OYl66vk9+Xrp1RRGDFNSy5Py84vycVD1nCI1qPENFAZCObbqjex7oPj6QKXogU/TApnQ/mXCmX/k+EwOjFwNrWWJOaSrQXAGEIr/S3KTUorY1U2W5pzzohpoGAoYeAHi74d/yAAAA[0m[INFO] Copying 2 resources
[8mha:////4Hu1cclnKySpuGcI+FLQX/q1B/3rafROJp0ZJKYSZapSAAAAyx+LCAAAAAAAAP9b85aBtbiIQSOjNKU4P0+vIKc0PTOvWK8kMze1uCQxtyC1SC8ExvbLL0llgABGJgYmLwaB3MycnMzi4My85FTXgvzkDB8G3tScxILi1BRfsEwJg4BPVmJZon5OYl66vk9+Xrp1RRGDFNSy5Py84vycVD1nCI1qPENFAZCObbqjex7oPj6QKXogU/TApnQ/mXCmX/k+EwOjFwNrWWJOaSrQXAGEIr/S3KTUorY1U2W5pzzohpoGAoYeAHi74d/yAAAA[0m[INFO] 
[8mha:////4Hu1cclnKySpuGcI+FLQX/q1B/3rafROJp0ZJKYSZapSAAAAyx+LCAAAAAAAAP9b85aBtbiIQSOjNKU4P0+vIKc0PTOvWK8kMze1uCQxtyC1SC8ExvbLL0llgABGJgYmLwaB3MycnMzi4My85FTXgvzkDB8G3tScxILi1BRfsEwJg4BPVmJZon5OYl66vk9+Xrp1RRGDFNSy5Py84vycVD1nCI1qPENFAZCObbqjex7oPj6QKXogU/TApnQ/mXCmX/k+EwOjFwNrWWJOaSrQXAGEIr/S3KTUorY1U2W5pzzohpoGAoYeAHi74d/yAAAA[0m[INFO] --- jacoco-maven-plugin:0.7.2.201409121644:prepare-agent (jacoco-initialize) @ gameoflife-build ---
[8mha:////4Hu1cclnKySpuGcI+FLQX/q1B/3rafROJp0ZJKYSZapSAAAAyx+LCAAAAAAAAP9b85aBtbiIQSOjNKU4P0+vIKc0PTOvWK8kMze1uCQxtyC1SC8ExvbLL0llgABGJgYmLwaB3MycnMzi4My85FTXgvzkDB8G3tScxILi1BRfsEwJg4BPVmJZon5OYl66vk9+Xrp1RRGDFNSy5Py84vycVD1nCI1qPENFAZCObbqjex7oPj6QKXogU/TApnQ/mXCmX/k+EwOjFwNrWWJOaSrQXAGEIr/S3KTUorY1U2W5pzzohpoGAoYeAHi74d/yAAAA[0m[INFO] argLine set to -javaagent:/var/lib/jenkins/.m2/repository/org/jacoco/org.jacoco.agent/0.7.2.201409121644/org.jacoco.agent-0.7.2.201409121644-runtime.jar=destfile=/var/lib/jenkins/workspace/CTC_Demo/gameoflife-build/target/jacoco.exec
[8mha:////4Hu1cclnKySpuGcI+FLQX/q1B/3rafROJp0ZJKYSZapSAAAAyx+LCAAAAAAAAP9b85aBtbiIQSOjNKU4P0+vIKc0PTOvWK8kMze1uCQxtyC1SC8ExvbLL0llgABGJgYmLwaB3MycnMzi4My85FTXgvzkDB8G3tScxILi1BRfsEwJg4BPVmJZon5OYl66vk9+Xrp1RRGDFNSy5Py84vycVD1nCI1qPENFAZCObbqjex7oPj6QKXogU/TApnQ/mXCmX/k+EwOjFwNrWWJOaSrQXAGEIr/S3KTUorY1U2W5pzzohpoGAoYeAHi74d/yAAAA[0m[INFO] 
[8mha:////4Hu1cclnKySpuGcI+FLQX/q1B/3rafROJp0ZJKYSZapSAAAAyx+LCAAAAAAAAP9b85aBtbiIQSOjNKU4P0+vIKc0PTOvWK8kMze1uCQxtyC1SC8ExvbLL0llgABGJgYmLwaB3MycnMzi4My85FTXgvzkDB8G3tScxILi1BRfsEwJg4BPVmJZon5OYl66vk9+Xrp1RRGDFNSy5Py84vycVD1nCI1qPENFAZCObbqjex7oPj6QKXogU/TApnQ/mXCmX/k+EwOjFwNrWWJOaSrQXAGEIr/S3KTUorY1U2W5pzzohpoGAoYeAHi74d/yAAAA[0m[INFO] --- maven-compiler-plugin:3.1:compile (default-compile) @ gameoflife-build ---
[8mha:////4LVhsT0+lVd9FOngjdEjISi8848YWdF4YU+01/6nSAfTAAAAyx+LCAAAAAAAAP9b85aBtbiIQSOjNKU4P0+vIKc0PTOvWK8kMze1uCQxtyC1SC8ExvbLL0llgABGJgYmLwaB3MycnMzi4My85FTXgvzkDB8G3tScxILi1BRfsEwJg4BPVmJZon5OYl66vk9+Xrp1RRGDFNSy5Py84vycVD1nCI1qPENFAZCObbqjdwboPj6QKXogU/TApnQ/mXCmX/k+EwOjFwNrWWJOaSrQXAGEIr/S3KTUorY1U2W5pzzohpoGAkauAMqlHnLyAAAA[0m[INFO] No sources to compile
[8mha:////4K08/LybUJDSRA/UwxklS71aby4qyY1f/5UoOgWYmVPTAAAAyx+LCAAAAAAAAP9b85aBtbiIQSOjNKU4P0+vIKc0PTOvWK8kMze1uCQxtyC1SC8ExvbLL0llgABGJgYmLwaB3MycnMzi4My85FTXgvzkDB8G3tScxILi1BRfsEwJg4BPVmJZon5OYl66vk9+Xrp1RRGDFNSy5Py84vycVD1nCI1qPENFAZCObbqjdxboPj6QKXogU/TApnQ/mXCmX/k+EwOjFwNrWWJOaSrQXAGEIr/S3KTUorY1U2W5pzzohpoGAkZuACGD7qDyAAAA[0m[INFO] 
[8mha:////4IRkTFldK/kzUQ1TwhulHXdEr5ONxR1wGLA++xl+dlJXAAAAyx+LCAAAAAAAAP9b85aBtbiIQSOjNKU4P0+vIKc0PTOvWK8kMze1uCQxtyC1SC8ExvbLL0llgABGJgYmLwaB3MycnMzi4My85FTXgvzkDB8G3tScxILi1BRfsEwJg4BPVmJZon5OYl66vk9+Xrp1RRGDFNSy5Py84vycVD1nCI1qPENFAZCObbqjdw7oPj6QKXogU/TApnQ/mXCmX/k+EwOjFwNrWWJOaSrQXAGEIr/S3KTUorY1U2W5pzzohpoGAkbuAEQq4gvyAAAA[0m[INFO] --- maven-resources-plugin:2.6:testResources (default-testResources) @ gameoflife-build ---
[8mha:////4IRkTFldK/kzUQ1TwhulHXdEr5ONxR1wGLA++xl+dlJXAAAAyx+LCAAAAAAAAP9b85aBtbiIQSOjNKU4P0+vIKc0PTOvWK8kMze1uCQxtyC1SC8ExvbLL0llgABGJgYmLwaB3MycnMzi4My85FTXgvzkDB8G3tScxILi1BRfsEwJg4BPVmJZon5OYl66vk9+Xrp1RRGDFNSy5Py84vycVD1nCI1qPENFAZCObbqjdw7oPj6QKXogU/TApnQ/mXCmX/k+EwOjFwNrWWJOaSrQXAGEIr/S3KTUorY1U2W5pzzohpoGAkbuAEQq4gvyAAAA[0m[INFO] Using 'UTF-8' encoding to copy filtered resources.
[8mha:////4IRkTFldK/kzUQ1TwhulHXdEr5ONxR1wGLA++xl+dlJXAAAAyx+LCAAAAAAAAP9b85aBtbiIQSOjNKU4P0+vIKc0PTOvWK8kMze1uCQxtyC1SC8ExvbLL0llgABGJgYmLwaB3MycnMzi4My85FTXgvzkDB8G3tScxILi1BRfsEwJg4BPVmJZon5OYl66vk9+Xrp1RRGDFNSy5Py84vycVD1nCI1qPENFAZCObbqjdw7oPj6QKXogU/TApnQ/mXCmX/k+EwOjFwNrWWJOaSrQXAGEIr/S3KTUorY1U2W5pzzohpoGAkbuAEQq4gvyAAAA[0m[INFO] skip non existing resourceDirectory /var/lib/jenkins/workspace/CTC_Demo/gameoflife-build/src/test/resources
[8mha:////4IRkTFldK/kzUQ1TwhulHXdEr5ONxR1wGLA++xl+dlJXAAAAyx+LCAAAAAAAAP9b85aBtbiIQSOjNKU4P0+vIKc0PTOvWK8kMze1uCQxtyC1SC8ExvbLL0llgABGJgYmLwaB3MycnMzi4My85FTXgvzkDB8G3tScxILi1BRfsEwJg4BPVmJZon5OYl66vk9+Xrp1RRGDFNSy5Py84vycVD1nCI1qPENFAZCObbqjdw7oPj6QKXogU/TApnQ/mXCmX/k+EwOjFwNrWWJOaSrQXAGEIr/S3KTUorY1U2W5pzzohpoGAkbuAEQq4gvyAAAA[0m[INFO] 
[8mha:////4IRkTFldK/kzUQ1TwhulHXdEr5ONxR1wGLA++xl+dlJXAAAAyx+LCAAAAAAAAP9b85aBtbiIQSOjNKU4P0+vIKc0PTOvWK8kMze1uCQxtyC1SC8ExvbLL0llgABGJgYmLwaB3MycnMzi4My85FTXgvzkDB8G3tScxILi1BRfsEwJg4BPVmJZon5OYl66vk9+Xrp1RRGDFNSy5Py84vycVD1nCI1qPENFAZCObbqjdw7oPj6QKXogU/TApnQ/mXCmX/k+EwOjFwNrWWJOaSrQXAGEIr/S3KTUorY1U2W5pzzohpoGAkbuAEQq4gvyAAAA[0m[INFO] --- maven-compiler-plugin:3.1:testCompile (default-testCompile) @ gameoflife-build ---
[8mha:////4IRkTFldK/kzUQ1TwhulHXdEr5ONxR1wGLA++xl+dlJXAAAAyx+LCAAAAAAAAP9b85aBtbiIQSOjNKU4P0+vIKc0PTOvWK8kMze1uCQxtyC1SC8ExvbLL0llgABGJgYmLwaB3MycnMzi4My85FTXgvzkDB8G3tScxILi1BRfsEwJg4BPVmJZon5OYl66vk9+Xrp1RRGDFNSy5Py84vycVD1nCI1qPENFAZCObbqjdw7oPj6QKXogU/TApnQ/mXCmX/k+EwOjFwNrWWJOaSrQXAGEIr/S3KTUorY1U2W5pzzohpoGAkbuAEQq4gvyAAAA[0m[INFO] No sources to compile
[8mha:////4IRkTFldK/kzUQ1TwhulHXdEr5ONxR1wGLA++xl+dlJXAAAAyx+LCAAAAAAAAP9b85aBtbiIQSOjNKU4P0+vIKc0PTOvWK8kMze1uCQxtyC1SC8ExvbLL0llgABGJgYmLwaB3MycnMzi4My85FTXgvzkDB8G3tScxILi1BRfsEwJg4BPVmJZon5OYl66vk9+Xrp1RRGDFNSy5Py84vycVD1nCI1qPENFAZCObbqjdw7oPj6QKXogU/TApnQ/mXCmX/k+EwOjFwNrWWJOaSrQXAGEIr/S3KTUorY1U2W5pzzohpoGAkbuAEQq4gvyAAAA[0m[INFO] 
[8mha:////4IRkTFldK/kzUQ1TwhulHXdEr5ONxR1wGLA++xl+dlJXAAAAyx+LCAAAAAAAAP9b85aBtbiIQSOjNKU4P0+vIKc0PTOvWK8kMze1uCQxtyC1SC8ExvbLL0llgABGJgYmLwaB3MycnMzi4My85FTXgvzkDB8G3tScxILi1BRfsEwJg4BPVmJZon5OYl66vk9+Xrp1RRGDFNSy5Py84vycVD1nCI1qPENFAZCObbqjdw7oPj6QKXogU/TApnQ/mXCmX/k+EwOjFwNrWWJOaSrQXAGEIr/S3KTUorY1U2W5pzzohpoGAkbuAEQq4gvyAAAA[0m[INFO] --- maven-surefire-plugin:2.11:test (default-test) @ gameoflife-build ---
[8mha:////4IRkTFldK/kzUQ1TwhulHXdEr5ONxR1wGLA++xl+dlJXAAAAyx+LCAAAAAAAAP9b85aBtbiIQSOjNKU4P0+vIKc0PTOvWK8kMze1uCQxtyC1SC8ExvbLL0llgABGJgYmLwaB3MycnMzi4My85FTXgvzkDB8G3tScxILi1BRfsEwJg4BPVmJZon5OYl66vk9+Xrp1RRGDFNSy5Py84vycVD1nCI1qPENFAZCObbqjdw7oPj6QKXogU/TApnQ/mXCmX/k+EwOjFwNrWWJOaSrQXAGEIr/S3KTUorY1U2W5pzzohpoGAkbuAEQq4gvyAAAA[0m[INFO] Tests are skipped.
[8mha:////4IRkTFldK/kzUQ1TwhulHXdEr5ONxR1wGLA++xl+dlJXAAAAyx+LCAAAAAAAAP9b85aBtbiIQSOjNKU4P0+vIKc0PTOvWK8kMze1uCQxtyC1SC8ExvbLL0llgABGJgYmLwaB3MycnMzi4My85FTXgvzkDB8G3tScxILi1BRfsEwJg4BPVmJZon5OYl66vk9+Xrp1RRGDFNSy5Py84vycVD1nCI1qPENFAZCObbqjdw7oPj6QKXogU/TApnQ/mXCmX/k+EwOjFwNrWWJOaSrQXAGEIr/S3KTUorY1U2W5pzzohpoGAkbuAEQq4gvyAAAA[0m[INFO] 
[8mha:////4IRkTFldK/kzUQ1TwhulHXdEr5ONxR1wGLA++xl+dlJXAAAAyx+LCAAAAAAAAP9b85aBtbiIQSOjNKU4P0+vIKc0PTOvWK8kMze1uCQxtyC1SC8ExvbLL0llgABGJgYmLwaB3MycnMzi4My85FTXgvzkDB8G3tScxILi1BRfsEwJg4BPVmJZon5OYl66vk9+Xrp1RRGDFNSy5Py84vycVD1nCI1qPENFAZCObbqjdw7oPj6QKXogU/TApnQ/mXCmX/k+EwOjFwNrWWJOaSrQXAGEIr/S3KTUorY1U2W5pzzohpoGAkbuAEQq4gvyAAAA[0m[INFO] --- maven-surefire-plugin:2.11:test (unit-tests) @ gameoflife-build ---
[8mha:////4IRkTFldK/kzUQ1TwhulHXdEr5ONxR1wGLA++xl+dlJXAAAAyx+LCAAAAAAAAP9b85aBtbiIQSOjNKU4P0+vIKc0PTOvWK8kMze1uCQxtyC1SC8ExvbLL0llgABGJgYmLwaB3MycnMzi4My85FTXgvzkDB8G3tScxILi1BRfsEwJg4BPVmJZon5OYl66vk9+Xrp1RRGDFNSy5Py84vycVD1nCI1qPENFAZCObbqjdw7oPj6QKXogU/TApnQ/mXCmX/k+EwOjFwNrWWJOaSrQXAGEIr/S3KTUorY1U2W5pzzohpoGAkbuAEQq4gvyAAAA[0m[INFO] No tests to run.
[8mha:////4IRkTFldK/kzUQ1TwhulHXdEr5ONxR1wGLA++xl+dlJXAAAAyx+LCAAAAAAAAP9b85aBtbiIQSOjNKU4P0+vIKc0PTOvWK8kMze1uCQxtyC1SC8ExvbLL0llgABGJgYmLwaB3MycnMzi4My85FTXgvzkDB8G3tScxILi1BRfsEwJg4BPVmJZon5OYl66vk9+Xrp1RRGDFNSy5Py84vycVD1nCI1qPENFAZCObbqjdw7oPj6QKXogU/TApnQ/mXCmX/k+EwOjFwNrWWJOaSrQXAGEIr/S3KTUorY1U2W5pzzohpoGAkbuAEQq4gvyAAAA[0m[INFO] Surefire report directory: /var/lib/jenkins/workspace/CTC_Demo/gameoflife-build/target/surefire-reports
[8mha:////4IRkTFldK/kzUQ1TwhulHXdEr5ONxR1wGLA++xl+dlJXAAAAyx+LCAAAAAAAAP9b85aBtbiIQSOjNKU4P0+vIKc0PTOvWK8kMze1uCQxtyC1SC8ExvbLL0llgABGJgYmLwaB3MycnMzi4My85FTXgvzkDB8G3tScxILi1BRfsEwJg4BPVmJZon5OYl66vk9+Xrp1RRGDFNSy5Py84vycVD1nCI1qPENFAZCObbqjdw7oPj6QKXogU/TApnQ/mXCmX/k+EwOjFwNrWWJOaSrQXAGEIr/S3KTUorY1U2W5pzzohpoGAkbuAEQq4gvyAAAA[0m
[8mha:////4IRkTFldK/kzUQ1TwhulHXdEr5ONxR1wGLA++xl+dlJXAAAAyx+LCAAAAAAAAP9b85aBtbiIQSOjNKU4P0+vIKc0PTOvWK8kMze1uCQxtyC1SC8ExvbLL0llgABGJgYmLwaB3MycnMzi4My85FTXgvzkDB8G3tScxILi1BRfsEwJg4BPVmJZon5OYl66vk9+Xrp1RRGDFNSy5Py84vycVD1nCI1qPENFAZCObbqjdw7oPj6QKXogU/TApnQ/mXCmX/k+EwOjFwNrWWJOaSrQXAGEIr/S3KTUorY1U2W5pzzohpoGAkbuAEQq4gvyAAAA[0m-------------------------------------------------------
[8mha:////4IRkTFldK/kzUQ1TwhulHXdEr5ONxR1wGLA++xl+dlJXAAAAyx+LCAAAAAAAAP9b85aBtbiIQSOjNKU4P0+vIKc0PTOvWK8kMze1uCQxtyC1SC8ExvbLL0llgABGJgYmLwaB3MycnMzi4My85FTXgvzkDB8G3tScxILi1BRfsEwJg4BPVmJZon5OYl66vk9+Xrp1RRGDFNSy5Py84vycVD1nCI1qPENFAZCObbqjdw7oPj6QKXogU/TApnQ/mXCmX/k+EwOjFwNrWWJOaSrQXAGEIr/S3KTUorY1U2W5pzzohpoGAkbuAEQq4gvyAAAA[0m T E S T S
[8mha:////4IRkTFldK/kzUQ1TwhulHXdEr5ONxR1wGLA++xl+dlJXAAAAyx+LCAAAAAAAAP9b85aBtbiIQSOjNKU4P0+vIKc0PTOvWK8kMze1uCQxtyC1SC8ExvbLL0llgABGJgYmLwaB3MycnMzi4My85FTXgvzkDB8G3tScxILi1BRfsEwJg4BPVmJZon5OYl66vk9+Xrp1RRGDFNSy5Py84vycVD1nCI1qPENFAZCObbqjdw7oPj6QKXogU/TApnQ/mXCmX/k+EwOjFwNrWWJOaSrQXAGEIr/S3KTUorY1U2W5pzzohpoGAkbuAEQq4gvyAAAA[0m-------------------------------------------------------
[8mha:////4F1ExWcbiPayCqTxEax1d+f3opP2VPDY/xg+UJI0YeOcAAAAyx+LCAAAAAAAAP9b85aBtbiIQSOjNKU4P0+vIKc0PTOvWK8kMze1uCQxtyC1SC8ExvbLL0llgABGJgYmLwaB3MycnMzi4My85FTXgvzkDB8G3tScxILi1BRfsEwJg4BPVmJZon5OYl66vk9+Xrp1RRGDFNSy5Py84vycVD1nCI1qPENFAZCObbpjlAh0Hx/IFD2QKXpgU7qfTDjTr3yfiYHRi4G1LDGnNBVorgBCkV9pblJqUduaqbLcUx50Q00DAdNbADRPewLyAAAA[0m
[8mha:////4LqnBxjhmOx4TuFjREVp4ZKWoie/zobM6SP10dGZBvBNAAAAyx+LCAAAAAAAAP9b85aBtbiIQSOjNKU4P0+vIKc0PTOvWK8kMze1uCQxtyC1SC8ExvbLL0llgABGJgYmLwaB3MycnMzi4My85FTXgvzkDB8G3tScxILi1BRfsEwJg4BPVmJZon5OYl66vk9+Xrp1RRGDFNSy5Py84vycVD1nCI1qPENFAZCObbpjlAR0Hx/IFD2QKXpgU7qfTDjTr3yfiYHRi4G1LDGnNBVorgBCkV9pblJqUduaqbLcUx50Q00DAdPbAFHmd6nyAAAA[0mResults :
[8mha:////4Jx3sEcl7AiRb1s22TmE8dPCqsJ9G6IsIYTQgQ5gMRUQAAAAyx+LCAAAAAAAAP9b85aBtbiIQSOjNKU4P0+vIKc0PTOvWK8kMze1uCQxtyC1SC8ExvbLL0llgABGJgYmLwaB3MycnMzi4My85FTXgvzkDB8G3tScxILi1BRfsEwJg4BPVmJZon5OYl66vk9+Xrp1RRGDFNSy5Py84vycVD1nCI1qPENFAZCObbpjlAx0Hx/IFD2QKXpgU7qfTDjTr3yfiYHRi4G1LDGnNBVorgBCkV9pblJqUduaqbLcUx50Q00DAdM7AKME6nzyAAAA[0m
[8mha:////4Jx3sEcl7AiRb1s22TmE8dPCqsJ9G6IsIYTQgQ5gMRUQAAAAyx+LCAAAAAAAAP9b85aBtbiIQSOjNKU4P0+vIKc0PTOvWK8kMze1uCQxtyC1SC8ExvbLL0llgABGJgYmLwaB3MycnMzi4My85FTXgvzkDB8G3tScxILi1BRfsEwJg4BPVmJZon5OYl66vk9+Xrp1RRGDFNSy5Py84vycVD1nCI1qPENFAZCObbpjlAx0Hx/IFD2QKXpgU7qfTDjTr3yfiYHRi4G1LDGnNBVorgBCkV9pblJqUduaqbLcUx50Q00DAdM7AKME6nzyAAAA[0mTests run: 0, Failures: 0, Errors: 0, Skipped: 0
[8mha:////4Jx3sEcl7AiRb1s22TmE8dPCqsJ9G6IsIYTQgQ5gMRUQAAAAyx+LCAAAAAAAAP9b85aBtbiIQSOjNKU4P0+vIKc0PTOvWK8kMze1uCQxtyC1SC8ExvbLL0llgABGJgYmLwaB3MycnMzi4My85FTXgvzkDB8G3tScxILi1BRfsEwJg4BPVmJZon5OYl66vk9+Xrp1RRGDFNSy5Py84vycVD1nCI1qPENFAZCObbpjlAx0Hx/IFD2QKXpgU7qfTDjTr3yfiYHRi4G1LDGnNBVorgBCkV9pblJqUduaqbLcUx50Q00DAdM7AKME6nzyAAAA[0m
[8mha:////4Jx3sEcl7AiRb1s22TmE8dPCqsJ9G6IsIYTQgQ5gMRUQAAAAyx+LCAAAAAAAAP9b85aBtbiIQSOjNKU4P0+vIKc0PTOvWK8kMze1uCQxtyC1SC8ExvbLL0llgABGJgYmLwaB3MycnMzi4My85FTXgvzkDB8G3tScxILi1BRfsEwJg4BPVmJZon5OYl66vk9+Xrp1RRGDFNSy5Py84vycVD1nCI1qPENFAZCObbpjlAx0Hx/IFD2QKXpgU7qfTDjTr3yfiYHRi4G1LDGnNBVorgBCkV9pblJqUduaqbLcUx50Q00DAdM7AKME6nzyAAAA[0m[INFO] 
[8mha:////4Jx3sEcl7AiRb1s22TmE8dPCqsJ9G6IsIYTQgQ5gMRUQAAAAyx+LCAAAAAAAAP9b85aBtbiIQSOjNKU4P0+vIKc0PTOvWK8kMze1uCQxtyC1SC8ExvbLL0llgABGJgYmLwaB3MycnMzi4My85FTXgvzkDB8G3tScxILi1BRfsEwJg4BPVmJZon5OYl66vk9+Xrp1RRGDFNSy5Py84vycVD1nCI1qPENFAZCObbpjlAx0Hx/IFD2QKXpgU7qfTDjTr3yfiYHRi4G1LDGnNBVorgBCkV9pblJqUduaqbLcUx50Q00DAdM7AKME6nzyAAAA[0m[INFO] --- maven-easyb-plugin:1.4:test (default) @ gameoflife-build ---
[8mha:////4Jx3sEcl7AiRb1s22TmE8dPCqsJ9G6IsIYTQgQ5gMRUQAAAAyx+LCAAAAAAAAP9b85aBtbiIQSOjNKU4P0+vIKc0PTOvWK8kMze1uCQxtyC1SC8ExvbLL0llgABGJgYmLwaB3MycnMzi4My85FTXgvzkDB8G3tScxILi1BRfsEwJg4BPVmJZon5OYl66vk9+Xrp1RRGDFNSy5Py84vycVD1nCI1qPENFAZCObbpjlAx0Hx/IFD2QKXpgU7qfTDjTr3yfiYHRi4G1LDGnNBVorgBCkV9pblJqUduaqbLcUx50Q00DAdM7AKME6nzyAAAA[0m[INFO] /var/lib/jenkins/workspace/CTC_Demo/gameoflife-build/src/test/stories does not exists.  Skipping easyb testing
[8mha:////4Jx3sEcl7AiRb1s22TmE8dPCqsJ9G6IsIYTQgQ5gMRUQAAAAyx+LCAAAAAAAAP9b85aBtbiIQSOjNKU4P0+vIKc0PTOvWK8kMze1uCQxtyC1SC8ExvbLL0llgABGJgYmLwaB3MycnMzi4My85FTXgvzkDB8G3tScxILi1BRfsEwJg4BPVmJZon5OYl66vk9+Xrp1RRGDFNSy5Py84vycVD1nCI1qPENFAZCObbpjlAx0Hx/IFD2QKXpgU7qfTDjTr3yfiYHRi4G1LDGnNBVorgBCkV9pblJqUduaqbLcUx50Q00DAdM7AKME6nzyAAAA[0m[INFO] 
[8mha:////4Jx3sEcl7AiRb1s22TmE8dPCqsJ9G6IsIYTQgQ5gMRUQAAAAyx+LCAAAAAAAAP9b85aBtbiIQSOjNKU4P0+vIKc0PTOvWK8kMze1uCQxtyC1SC8ExvbLL0llgABGJgYmLwaB3MycnMzi4My85FTXgvzkDB8G3tScxILi1BRfsEwJg4BPVmJZon5OYl66vk9+Xrp1RRGDFNSy5Py84vycVD1nCI1qPENFAZCObbpjlAx0Hx/IFD2QKXpgU7qfTDjTr3yfiYHRi4G1LDGnNBVorgBCkV9pblJqUduaqbLcUx50Q00DAdM7AKME6nzyAAAA[0m[INFO] --- maven-jar-plugin:2.4:jar (default-jar) @ gameoflife-build ---
[8mha:////4Doqn09jPmHHkmfUqsvRGLWowKHgS8++AYb87H0hNwbnAAAAyx+LCAAAAAAAAP9b85aBtbiIQSOjNKU4P0+vIKc0PTOvWK8kMze1uCQxtyC1SC8ExvbLL0llgABGJgYmLwaB3MycnMzi4My85FTXgvzkDB8G3tScxILi1BRfsEwJg4BPVmJZon5OYl66vk9+Xrp1RRGDFNSy5Py84vycVD1nCI1qPENFAZCObbpj0gt0Hx/IFD2QKXpgU7qfTDjTr3yfiYHRi4G1LDGnNBVorgBCkV9pblJqUduaqbLcUx50Q00DAQs2ALHZEqXyAAAA[0m[INFO] Building jar: /var/lib/jenkins/workspace/CTC_Demo/gameoflife-build/target/gameoflife-build-1.0-SNAPSHOT.jar
[8mha:////4NgArguD1Tb197KyO64TKrtY4EBmytOBQS/mM0ypTyYHAAAAyx+LCAAAAAAAAP9b85aBtbiIQSOjNKU4P0+vIKc0PTOvWK8kMze1uCQxtyC1SC8ExvbLL0llgABGJgYmLwaB3MycnMzi4My85FTXgvzkDB8G3tScxILi1BRfsEwJg4BPVmJZon5OYl66vk9+Xrp1RRGDFNSy5Py84vycVD1nCI1qPENFAZCObbpj0gd0Hx/IFD2QKXpgU7qfTDjTr3yfiYHRi4G1LDGnNBVorgBCkV9pblJqUduaqbLcUx50Q00DAQt2ANRwHg7yAAAA[0m[INFO] 
[8mha:////4NgArguD1Tb197KyO64TKrtY4EBmytOBQS/mM0ypTyYHAAAAyx+LCAAAAAAAAP9b85aBtbiIQSOjNKU4P0+vIKc0PTOvWK8kMze1uCQxtyC1SC8ExvbLL0llgABGJgYmLwaB3MycnMzi4My85FTXgvzkDB8G3tScxILi1BRfsEwJg4BPVmJZon5OYl66vk9+Xrp1RRGDFNSy5Py84vycVD1nCI1qPENFAZCObbpj0gd0Hx/IFD2QKXpgU7qfTDjTr3yfiYHRi4G1LDGnNBVorgBCkV9pblJqUduaqbLcUx50Q00DAQt2ANRwHg7yAAAA[0m[INFO] ------------------------------------------------------------------------
[8mha:////4NgArguD1Tb197KyO64TKrtY4EBmytOBQS/mM0ypTyYHAAAAyx+LCAAAAAAAAP9b85aBtbiIQSOjNKU4P0+vIKc0PTOvWK8kMze1uCQxtyC1SC8ExvbLL0llgABGJgYmLwaB3MycnMzi4My85FTXgvzkDB8G3tScxILi1BRfsEwJg4BPVmJZon5OYl66vk9+Xrp1RRGDFNSy5Py84vycVD1nCI1qPENFAZCObbpj0gd0Hx/IFD2QKXpgU7qfTDjTr3yfiYHRi4G1LDGnNBVorgBCkV9pblJqUduaqbLcUx50Q00DAQt2ANRwHg7yAAAA[0m[INFO] Building gameoflife-core 1.0-SNAPSHOT
[8mha:////4NgArguD1Tb197KyO64TKrtY4EBmytOBQS/mM0ypTyYHAAAAyx+LCAAAAAAAAP9b85aBtbiIQSOjNKU4P0+vIKc0PTOvWK8kMze1uCQxtyC1SC8ExvbLL0llgABGJgYmLwaB3MycnMzi4My85FTXgvzkDB8G3tScxILi1BRfsEwJg4BPVmJZon5OYl66vk9+Xrp1RRGDFNSy5Py84vycVD1nCI1qPENFAZCObbpj0gd0Hx/IFD2QKXpgU7qfTDjTr3yfiYHRi4G1LDGnNBVorgBCkV9pblJqUduaqbLcUx50Q00DAQt2ANRwHg7yAAAA[0m[INFO] ------------------------------------------------------------------------
[8mha:////4NgArguD1Tb197KyO64TKrtY4EBmytOBQS/mM0ypTyYHAAAAyx+LCAAAAAAAAP9b85aBtbiIQSOjNKU4P0+vIKc0PTOvWK8kMze1uCQxtyC1SC8ExvbLL0llgABGJgYmLwaB3MycnMzi4My85FTXgvzkDB8G3tScxILi1BRfsEwJg4BPVmJZon5OYl66vk9+Xrp1RRGDFNSy5Py84vycVD1nCI1qPENFAZCObbpj0gd0Hx/IFD2QKXpgU7qfTDjTr3yfiYHRi4G1LDGnNBVorgBCkV9pblJqUduaqbLcUx50Q00DAQt2ANRwHg7yAAAA[0m[INFO] 
[8mha:////4NgArguD1Tb197KyO64TKrtY4EBmytOBQS/mM0ypTyYHAAAAyx+LCAAAAAAAAP9b85aBtbiIQSOjNKU4P0+vIKc0PTOvWK8kMze1uCQxtyC1SC8ExvbLL0llgABGJgYmLwaB3MycnMzi4My85FTXgvzkDB8G3tScxILi1BRfsEwJg4BPVmJZon5OYl66vk9+Xrp1RRGDFNSy5Py84vycVD1nCI1qPENFAZCObbpj0gd0Hx/IFD2QKXpgU7qfTDjTr3yfiYHRi4G1LDGnNBVorgBCkV9pblJqUduaqbLcUx50Q00DAQt2ANRwHg7yAAAA[0m[INFO] --- maven-clean-plugin:2.5:clean (default-clean) @ gameoflife-core ---
[8mha:////4NgArguD1Tb197KyO64TKrtY4EBmytOBQS/mM0ypTyYHAAAAyx+LCAAAAAAAAP9b85aBtbiIQSOjNKU4P0+vIKc0PTOvWK8kMze1uCQxtyC1SC8ExvbLL0llgABGJgYmLwaB3MycnMzi4My85FTXgvzkDB8G3tScxILi1BRfsEwJg4BPVmJZon5OYl66vk9+Xrp1RRGDFNSy5Py84vycVD1nCI1qPENFAZCObbpj0gd0Hx/IFD2QKXpgU7qfTDjTr3yfiYHRi4G1LDGnNBVorgBCkV9pblJqUduaqbLcUx50Q00DAQt2ANRwHg7yAAAA[0m[INFO] Deleting /var/lib/jenkins/workspace/CTC_Demo/gameoflife-core/target
[8mha:////4NgArguD1Tb197KyO64TKrtY4EBmytOBQS/mM0ypTyYHAAAAyx+LCAAAAAAAAP9b85aBtbiIQSOjNKU4P0+vIKc0PTOvWK8kMze1uCQxtyC1SC8ExvbLL0llgABGJgYmLwaB3MycnMzi4My85FTXgvzkDB8G3tScxILi1BRfsEwJg4BPVmJZon5OYl66vk9+Xrp1RRGDFNSy5Py84vycVD1nCI1qPENFAZCObbpj0gd0Hx/IFD2QKXpgU7qfTDjTr3yfiYHRi4G1LDGnNBVorgBCkV9pblJqUduaqbLcUx50Q00DAQt2ANRwHg7yAAAA[0m[INFO] 
[8mha:////4NgArguD1Tb197KyO64TKrtY4EBmytOBQS/mM0ypTyYHAAAAyx+LCAAAAAAAAP9b85aBtbiIQSOjNKU4P0+vIKc0PTOvWK8kMze1uCQxtyC1SC8ExvbLL0llgABGJgYmLwaB3MycnMzi4My85FTXgvzkDB8G3tScxILi1BRfsEwJg4BPVmJZon5OYl66vk9+Xrp1RRGDFNSy5Py84vycVD1nCI1qPENFAZCObbpj0gd0Hx/IFD2QKXpgU7qfTDjTr3yfiYHRi4G1LDGnNBVorgBCkV9pblJqUduaqbLcUx50Q00DAQt2ANRwHg7yAAAA[0m[INFO] --- maven-enforcer-plugin:1.0:enforce (enforce-versions) @ gameoflife-core ---
[8mha:////4NgArguD1Tb197KyO64TKrtY4EBmytOBQS/mM0ypTyYHAAAAyx+LCAAAAAAAAP9b85aBtbiIQSOjNKU4P0+vIKc0PTOvWK8kMze1uCQxtyC1SC8ExvbLL0llgABGJgYmLwaB3MycnMzi4My85FTXgvzkDB8G3tScxILi1BRfsEwJg4BPVmJZon5OYl66vk9+Xrp1RRGDFNSy5Py84vycVD1nCI1qPENFAZCObbpj0gd0Hx/IFD2QKXpgU7qfTDjTr3yfiYHRi4G1LDGnNBVorgBCkV9pblJqUduaqbLcUx50Q00DAQt2ANRwHg7yAAAA[0m[INFO] 
[8mha:////4NgArguD1Tb197KyO64TKrtY4EBmytOBQS/mM0ypTyYHAAAAyx+LCAAAAAAAAP9b85aBtbiIQSOjNKU4P0+vIKc0PTOvWK8kMze1uCQxtyC1SC8ExvbLL0llgABGJgYmLwaB3MycnMzi4My85FTXgvzkDB8G3tScxILi1BRfsEwJg4BPVmJZon5OYl66vk9+Xrp1RRGDFNSy5Py84vycVD1nCI1qPENFAZCObbpj0gd0Hx/IFD2QKXpgU7qfTDjTr3yfiYHRi4G1LDGnNBVorgBCkV9pblJqUduaqbLcUx50Q00DAQt2ANRwHg7yAAAA[0m[INFO] --- maven-resources-plugin:2.6:resources (default-resources) @ gameoflife-core ---
[8mha:////4NgArguD1Tb197KyO64TKrtY4EBmytOBQS/mM0ypTyYHAAAAyx+LCAAAAAAAAP9b85aBtbiIQSOjNKU4P0+vIKc0PTOvWK8kMze1uCQxtyC1SC8ExvbLL0llgABGJgYmLwaB3MycnMzi4My85FTXgvzkDB8G3tScxILi1BRfsEwJg4BPVmJZon5OYl66vk9+Xrp1RRGDFNSy5Py84vycVD1nCI1qPENFAZCObbpj0gd0Hx/IFD2QKXpgU7qfTDjTr3yfiYHRi4G1LDGnNBVorgBCkV9pblJqUduaqbLcUx50Q00DAQt2ANRwHg7yAAAA[0m[INFO] Using 'UTF-8' encoding to copy filtered resources.
[8mha:////4NgArguD1Tb197KyO64TKrtY4EBmytOBQS/mM0ypTyYHAAAAyx+LCAAAAAAAAP9b85aBtbiIQSOjNKU4P0+vIKc0PTOvWK8kMze1uCQxtyC1SC8ExvbLL0llgABGJgYmLwaB3MycnMzi4My85FTXgvzkDB8G3tScxILi1BRfsEwJg4BPVmJZon5OYl66vk9+Xrp1RRGDFNSy5Py84vycVD1nCI1qPENFAZCObbpj0gd0Hx/IFD2QKXpgU7qfTDjTr3yfiYHRi4G1LDGnNBVorgBCkV9pblJqUduaqbLcUx50Q00DAQt2ANRwHg7yAAAA[0m[INFO] skip non existing resourceDirectory /var/lib/jenkins/workspace/CTC_Demo/gameoflife-core/src/main/resources
[8mha:////4NgArguD1Tb197KyO64TKrtY4EBmytOBQS/mM0ypTyYHAAAAyx+LCAAAAAAAAP9b85aBtbiIQSOjNKU4P0+vIKc0PTOvWK8kMze1uCQxtyC1SC8ExvbLL0llgABGJgYmLwaB3MycnMzi4My85FTXgvzkDB8G3tScxILi1BRfsEwJg4BPVmJZon5OYl66vk9+Xrp1RRGDFNSy5Py84vycVD1nCI1qPENFAZCObbpj0gd0Hx/IFD2QKXpgU7qfTDjTr3yfiYHRi4G1LDGnNBVorgBCkV9pblJqUduaqbLcUx50Q00DAQt2ANRwHg7yAAAA[0m[INFO] 
[8mha:////4NgArguD1Tb197KyO64TKrtY4EBmytOBQS/mM0ypTyYHAAAAyx+LCAAAAAAAAP9b85aBtbiIQSOjNKU4P0+vIKc0PTOvWK8kMze1uCQxtyC1SC8ExvbLL0llgABGJgYmLwaB3MycnMzi4My85FTXgvzkDB8G3tScxILi1BRfsEwJg4BPVmJZon5OYl66vk9+Xrp1RRGDFNSy5Py84vycVD1nCI1qPENFAZCObbpj0gd0Hx/IFD2QKXpgU7qfTDjTr3yfiYHRi4G1LDGnNBVorgBCkV9pblJqUduaqbLcUx50Q00DAQt2ANRwHg7yAAAA[0m[INFO] --- jacoco-maven-plugin:0.7.2.201409121644:prepare-agent (jacoco-initialize) @ gameoflife-core ---
[8mha:////4Abb3AhhHbje0IwERc70WXX11p9YWwFpCReIZvsJNIRfAAAAyx+LCAAAAAAAAP9b85aBtbiIQSOjNKU4P0+vIKc0PTOvWK8kMze1uCQxtyC1SC8ExvbLL0llgABGJgYmLwaB3MycnMzi4My85FTXgvzkDB8G3tScxILi1BRfsEwJg4BPVmJZon5OYl66vk9+Xrp1RRGDFNSy5Py84vycVD1nCI1qPENFAZCObbpj0g90Hx/IFD2QKXpgU7qfTDjTr3yfiYHRi4G1LDGnNBVorgBCkV9pblJqUduaqbLcUx50Q00DAQsOABQaWNXyAAAA[0m[INFO] argLine set to -javaagent:/var/lib/jenkins/.m2/repository/org/jacoco/org.jacoco.agent/0.7.2.201409121644/org.jacoco.agent-0.7.2.201409121644-runtime.jar=destfile=/var/lib/jenkins/workspace/CTC_Demo/gameoflife-core/target/jacoco.exec
[8mha:////4Abb3AhhHbje0IwERc70WXX11p9YWwFpCReIZvsJNIRfAAAAyx+LCAAAAAAAAP9b85aBtbiIQSOjNKU4P0+vIKc0PTOvWK8kMze1uCQxtyC1SC8ExvbLL0llgABGJgYmLwaB3MycnMzi4My85FTXgvzkDB8G3tScxILi1BRfsEwJg4BPVmJZon5OYl66vk9+Xrp1RRGDFNSy5Py84vycVD1nCI1qPENFAZCObbpj0g90Hx/IFD2QKXpgU7qfTDjTr3yfiYHRi4G1LDGnNBVorgBCkV9pblJqUduaqbLcUx50Q00DAQsOABQaWNXyAAAA[0m[INFO] 
[8mha:////4Abb3AhhHbje0IwERc70WXX11p9YWwFpCReIZvsJNIRfAAAAyx+LCAAAAAAAAP9b85aBtbiIQSOjNKU4P0+vIKc0PTOvWK8kMze1uCQxtyC1SC8ExvbLL0llgABGJgYmLwaB3MycnMzi4My85FTXgvzkDB8G3tScxILi1BRfsEwJg4BPVmJZon5OYl66vk9+Xrp1RRGDFNSy5Py84vycVD1nCI1qPENFAZCObbpj0g90Hx/IFD2QKXpgU7qfTDjTr3yfiYHRi4G1LDGnNBVorgBCkV9pblJqUduaqbLcUx50Q00DAQsOABQaWNXyAAAA[0m[INFO] --- maven-compiler-plugin:3.1:compile (default-compile) @ gameoflife-core ---
[8mha:////4Abb3AhhHbje0IwERc70WXX11p9YWwFpCReIZvsJNIRfAAAAyx+LCAAAAAAAAP9b85aBtbiIQSOjNKU4P0+vIKc0PTOvWK8kMze1uCQxtyC1SC8ExvbLL0llgABGJgYmLwaB3MycnMzi4My85FTXgvzkDB8G3tScxILi1BRfsEwJg4BPVmJZon5OYl66vk9+Xrp1RRGDFNSy5Py84vycVD1nCI1qPENFAZCObbpj0g90Hx/IFD2QKXpgU7qfTDjTr3yfiYHRi4G1LDGnNBVorgBCkV9pblJqUduaqbLcUx50Q00DAQsOABQaWNXyAAAA[0m[INFO] Changes detected - recompiling the module!
[8mha:////4Abb3AhhHbje0IwERc70WXX11p9YWwFpCReIZvsJNIRfAAAAyx+LCAAAAAAAAP9b85aBtbiIQSOjNKU4P0+vIKc0PTOvWK8kMze1uCQxtyC1SC8ExvbLL0llgABGJgYmLwaB3MycnMzi4My85FTXgvzkDB8G3tScxILi1BRfsEwJg4BPVmJZon5OYl66vk9+Xrp1RRGDFNSy5Py84vycVD1nCI1qPENFAZCObbpj0g90Hx/IFD2QKXpgU7qfTDjTr3yfiYHRi4G1LDGnNBVorgBCkV9pblJqUduaqbLcUx50Q00DAQsOABQaWNXyAAAA[0m[INFO] Compiling 5 source files to /var/lib/jenkins/workspace/CTC_Demo/gameoflife-core/target/classes
[8mha:////4J7XjpcqPoAAzBXa6A/ycVXK3yhHRVJA/IZLkwpp4sNgAAAAyx+LCAAAAAAAAP9b85aBtbiIQSOjNKU4P0+vIKc0PTOvWK8kMze1uCQxtyC1SC8ExvbLL0llgABGJgYmLwaB3MycnMzi4My85FTXgvzkDB8G3tScxILi1BRfsEwJg4BPVmJZon5OYl66vk9+Xrp1RRGDFNSy5Py84vycVD1nCI1qPENFAZCObbpjeQ/oPj6QKXogU/TApnQ/mXCmX/k+EwOjFwNrWWJOaSrQXAGEIr/S3KTUorY1U2W5pzzohpoGArbhAAMJgrjyAAAA[0m[INFO] 
[8mha:////4CccoF3dYxrS6gC5VVEHsgSC3SFRQcwsNYt5UKKld2cFAAAAyx+LCAAAAAAAAP9b85aBtbiIQSOjNKU4P0+vIKc0PTOvWK8kMze1uCQxtyC1SC8ExvbLL0llgABGJgYmLwaB3MycnMzi4My85FTXgvzkDB8G3tScxILi1BRfsEwJg4BPVmJZon5OYl66vk9+Xrp1RRGDFNSy5Py84vycVD1nCI1qPENFAZCObbpjeR/oPj6QKXogU/TApnQ/mXCmX/k+EwOjFwNrWWJOaSrQXAGEIr/S3KTUorY1U2W5pzzohpoGArYRAMNjxGPyAAAA[0m[INFO] --- maven-resources-plugin:2.6:testResources (default-testResources) @ gameoflife-core ---
[8mha:////4CccoF3dYxrS6gC5VVEHsgSC3SFRQcwsNYt5UKKld2cFAAAAyx+LCAAAAAAAAP9b85aBtbiIQSOjNKU4P0+vIKc0PTOvWK8kMze1uCQxtyC1SC8ExvbLL0llgABGJgYmLwaB3MycnMzi4My85FTXgvzkDB8G3tScxILi1BRfsEwJg4BPVmJZon5OYl66vk9+Xrp1RRGDFNSy5Py84vycVD1nCI1qPENFAZCObbpjeR/oPj6QKXogU/TApnQ/mXCmX/k+EwOjFwNrWWJOaSrQXAGEIr/S3KTUorY1U2W5pzzohpoGArYRAMNjxGPyAAAA[0m[INFO] Using 'UTF-8' encoding to copy filtered resources.
[8mha:////4CccoF3dYxrS6gC5VVEHsgSC3SFRQcwsNYt5UKKld2cFAAAAyx+LCAAAAAAAAP9b85aBtbiIQSOjNKU4P0+vIKc0PTOvWK8kMze1uCQxtyC1SC8ExvbLL0llgABGJgYmLwaB3MycnMzi4My85FTXgvzkDB8G3tScxILi1BRfsEwJg4BPVmJZon5OYl66vk9+Xrp1RRGDFNSy5Py84vycVD1nCI1qPENFAZCObbpjeR/oPj6QKXogU/TApnQ/mXCmX/k+EwOjFwNrWWJOaSrQXAGEIr/S3KTUorY1U2W5pzzohpoGArYRAMNjxGPyAAAA[0m[INFO] skip non existing resourceDirectory /var/lib/jenkins/workspace/CTC_Demo/gameoflife-core/src/test/resources
[8mha:////4CccoF3dYxrS6gC5VVEHsgSC3SFRQcwsNYt5UKKld2cFAAAAyx+LCAAAAAAAAP9b85aBtbiIQSOjNKU4P0+vIKc0PTOvWK8kMze1uCQxtyC1SC8ExvbLL0llgABGJgYmLwaB3MycnMzi4My85FTXgvzkDB8G3tScxILi1BRfsEwJg4BPVmJZon5OYl66vk9+Xrp1RRGDFNSy5Py84vycVD1nCI1qPENFAZCObbpjeR/oPj6QKXogU/TApnQ/mXCmX/k+EwOjFwNrWWJOaSrQXAGEIr/S3KTUorY1U2W5pzzohpoGArYRAMNjxGPyAAAA[0m[INFO] 
[8mha:////4CccoF3dYxrS6gC5VVEHsgSC3SFRQcwsNYt5UKKld2cFAAAAyx+LCAAAAAAAAP9b85aBtbiIQSOjNKU4P0+vIKc0PTOvWK8kMze1uCQxtyC1SC8ExvbLL0llgABGJgYmLwaB3MycnMzi4My85FTXgvzkDB8G3tScxILi1BRfsEwJg4BPVmJZon5OYl66vk9+Xrp1RRGDFNSy5Py84vycVD1nCI1qPENFAZCObbpjeR/oPj6QKXogU/TApnQ/mXCmX/k+EwOjFwNrWWJOaSrQXAGEIr/S3KTUorY1U2W5pzzohpoGArYRAMNjxGPyAAAA[0m[INFO] --- maven-compiler-plugin:3.1:testCompile (default-testCompile) @ gameoflife-core ---
[8mha:////4CccoF3dYxrS6gC5VVEHsgSC3SFRQcwsNYt5UKKld2cFAAAAyx+LCAAAAAAAAP9b85aBtbiIQSOjNKU4P0+vIKc0PTOvWK8kMze1uCQxtyC1SC8ExvbLL0llgABGJgYmLwaB3MycnMzi4My85FTXgvzkDB8G3tScxILi1BRfsEwJg4BPVmJZon5OYl66vk9+Xrp1RRGDFNSy5Py84vycVD1nCI1qPENFAZCObbpjeR/oPj6QKXogU/TApnQ/mXCmX/k+EwOjFwNrWWJOaSrQXAGEIr/S3KTUorY1U2W5pzzohpoGArYRAMNjxGPyAAAA[0m[INFO] Changes detected - recompiling the module!
[8mha:////4CccoF3dYxrS6gC5VVEHsgSC3SFRQcwsNYt5UKKld2cFAAAAyx+LCAAAAAAAAP9b85aBtbiIQSOjNKU4P0+vIKc0PTOvWK8kMze1uCQxtyC1SC8ExvbLL0llgABGJgYmLwaB3MycnMzi4My85FTXgvzkDB8G3tScxILi1BRfsEwJg4BPVmJZon5OYl66vk9+Xrp1RRGDFNSy5Py84vycVD1nCI1qPENFAZCObbpjeR/oPj6QKXogU/TApnQ/mXCmX/k+EwOjFwNrWWJOaSrQXAGEIr/S3KTUorY1U2W5pzzohpoGArYRAMNjxGPyAAAA[0m[INFO] Compiling 10 source files to /var/lib/jenkins/workspace/CTC_Demo/gameoflife-core/target/test-classes
[8mha:////4EvMtkJa8xVqojxOOYwyAjsN24TVHK+w08tbH5K6c5QWAAAAyx+LCAAAAAAAAP9b85aBtbiIQSOjNKU4P0+vIKc0PTOvWK8kMze1uCQxtyC1SC8ExvbLL0llgABGJgYmLwaB3MycnMzi4My85FTXgvzkDB8G3tScxILi1BRfsEwJg4BPVmJZon5OYl66vk9+Xrp1RRGDFNSy5Py84vycVD1nCI1qPENFAZCObbpjwwV0Hx/IFD2QKXpgU7qfTDjTr3yfiYHRi4G1LDGnNBVorgBCkV9pblJqUduaqbLcUx50Q00DAftmALWySy3yAAAA[0m[INFO] 
[8mha:////4EvMtkJa8xVqojxOOYwyAjsN24TVHK+w08tbH5K6c5QWAAAAyx+LCAAAAAAAAP9b85aBtbiIQSOjNKU4P0+vIKc0PTOvWK8kMze1uCQxtyC1SC8ExvbLL0llgABGJgYmLwaB3MycnMzi4My85FTXgvzkDB8G3tScxILi1BRfsEwJg4BPVmJZon5OYl66vk9+Xrp1RRGDFNSy5Py84vycVD1nCI1qPENFAZCObbpjwwV0Hx/IFD2QKXpgU7qfTDjTr3yfiYHRi4G1LDGnNBVorgBCkV9pblJqUduaqbLcUx50Q00DAftmALWySy3yAAAA[0m[INFO] --- maven-surefire-plugin:2.11:test (default-test) @ gameoflife-core ---
[8mha:////4EvMtkJa8xVqojxOOYwyAjsN24TVHK+w08tbH5K6c5QWAAAAyx+LCAAAAAAAAP9b85aBtbiIQSOjNKU4P0+vIKc0PTOvWK8kMze1uCQxtyC1SC8ExvbLL0llgABGJgYmLwaB3MycnMzi4My85FTXgvzkDB8G3tScxILi1BRfsEwJg4BPVmJZon5OYl66vk9+Xrp1RRGDFNSy5Py84vycVD1nCI1qPENFAZCObbpjwwV0Hx/IFD2QKXpgU7qfTDjTr3yfiYHRi4G1LDGnNBVorgBCkV9pblJqUduaqbLcUx50Q00DAftmALWySy3yAAAA[0m[INFO] Tests are skipped.
[8mha:////4EvMtkJa8xVqojxOOYwyAjsN24TVHK+w08tbH5K6c5QWAAAAyx+LCAAAAAAAAP9b85aBtbiIQSOjNKU4P0+vIKc0PTOvWK8kMze1uCQxtyC1SC8ExvbLL0llgABGJgYmLwaB3MycnMzi4My85FTXgvzkDB8G3tScxILi1BRfsEwJg4BPVmJZon5OYl66vk9+Xrp1RRGDFNSy5Py84vycVD1nCI1qPENFAZCObbpjwwV0Hx/IFD2QKXpgU7qfTDjTr3yfiYHRi4G1LDGnNBVorgBCkV9pblJqUduaqbLcUx50Q00DAftmALWySy3yAAAA[0m[INFO] 
[8mha:////4EvMtkJa8xVqojxOOYwyAjsN24TVHK+w08tbH5K6c5QWAAAAyx+LCAAAAAAAAP9b85aBtbiIQSOjNKU4P0+vIKc0PTOvWK8kMze1uCQxtyC1SC8ExvbLL0llgABGJgYmLwaB3MycnMzi4My85FTXgvzkDB8G3tScxILi1BRfsEwJg4BPVmJZon5OYl66vk9+Xrp1RRGDFNSy5Py84vycVD1nCI1qPENFAZCObbpjwwV0Hx/IFD2QKXpgU7qfTDjTr3yfiYHRi4G1LDGnNBVorgBCkV9pblJqUduaqbLcUx50Q00DAftmALWySy3yAAAA[0m[INFO] --- maven-surefire-plugin:2.11:test (unit-tests) @ gameoflife-core ---
[8mha:////4EvMtkJa8xVqojxOOYwyAjsN24TVHK+w08tbH5K6c5QWAAAAyx+LCAAAAAAAAP9b85aBtbiIQSOjNKU4P0+vIKc0PTOvWK8kMze1uCQxtyC1SC8ExvbLL0llgABGJgYmLwaB3MycnMzi4My85FTXgvzkDB8G3tScxILi1BRfsEwJg4BPVmJZon5OYl66vk9+Xrp1RRGDFNSy5Py84vycVD1nCI1qPENFAZCObbpjwwV0Hx/IFD2QKXpgU7qfTDjTr3yfiYHRi4G1LDGnNBVorgBCkV9pblJqUduaqbLcUx50Q00DAftmALWySy3yAAAA[0m[INFO] Surefire report directory: /var/lib/jenkins/workspace/CTC_Demo/gameoflife-core/target/surefire-reports
[8mha:////4EvMtkJa8xVqojxOOYwyAjsN24TVHK+w08tbH5K6c5QWAAAAyx+LCAAAAAAAAP9b85aBtbiIQSOjNKU4P0+vIKc0PTOvWK8kMze1uCQxtyC1SC8ExvbLL0llgABGJgYmLwaB3MycnMzi4My85FTXgvzkDB8G3tScxILi1BRfsEwJg4BPVmJZon5OYl66vk9+Xrp1RRGDFNSy5Py84vycVD1nCI1qPENFAZCObbpjwwV0Hx/IFD2QKXpgU7qfTDjTr3yfiYHRi4G1LDGnNBVorgBCkV9pblJqUduaqbLcUx50Q00DAftmALWySy3yAAAA[0m
[8mha:////4EvMtkJa8xVqojxOOYwyAjsN24TVHK+w08tbH5K6c5QWAAAAyx+LCAAAAAAAAP9b85aBtbiIQSOjNKU4P0+vIKc0PTOvWK8kMze1uCQxtyC1SC8ExvbLL0llgABGJgYmLwaB3MycnMzi4My85FTXgvzkDB8G3tScxILi1BRfsEwJg4BPVmJZon5OYl66vk9+Xrp1RRGDFNSy5Py84vycVD1nCI1qPENFAZCObbpjwwV0Hx/IFD2QKXpgU7qfTDjTr3yfiYHRi4G1LDGnNBVorgBCkV9pblJqUduaqbLcUx50Q00DAftmALWySy3yAAAA[0m-------------------------------------------------------
[8mha:////4EvMtkJa8xVqojxOOYwyAjsN24TVHK+w08tbH5K6c5QWAAAAyx+LCAAAAAAAAP9b85aBtbiIQSOjNKU4P0+vIKc0PTOvWK8kMze1uCQxtyC1SC8ExvbLL0llgABGJgYmLwaB3MycnMzi4My85FTXgvzkDB8G3tScxILi1BRfsEwJg4BPVmJZon5OYl66vk9+Xrp1RRGDFNSy5Py84vycVD1nCI1qPENFAZCObbpjwwV0Hx/IFD2QKXpgU7qfTDjTr3yfiYHRi4G1LDGnNBVorgBCkV9pblJqUduaqbLcUx50Q00DAftmALWySy3yAAAA[0m T E S T S
[8mha:////4EvMtkJa8xVqojxOOYwyAjsN24TVHK+w08tbH5K6c5QWAAAAyx+LCAAAAAAAAP9b85aBtbiIQSOjNKU4P0+vIKc0PTOvWK8kMze1uCQxtyC1SC8ExvbLL0llgABGJgYmLwaB3MycnMzi4My85FTXgvzkDB8G3tScxILi1BRfsEwJg4BPVmJZon5OYl66vk9+Xrp1RRGDFNSy5Py84vycVD1nCI1qPENFAZCObbpjwwV0Hx/IFD2QKXpgU7qfTDjTr3yfiYHRi4G1LDGnNBVorgBCkV9pblJqUduaqbLcUx50Q00DAftmALWySy3yAAAA[0m-------------------------------------------------------
[8mha:////4PRmDnVK2EsfmEwNcmd3hwbO8JUIOuChTFO6PF/50ZmsAAAAyx+LCAAAAAAAAP9b85aBtbiIQSOjNKU4P0+vIKc0PTOvWK8kMze1uCQxtyC1SC8ExvbLL0llgABGJgYmLwaB3MycnMzi4My85FTXgvzkDB8G3tScxILi1BRfsEwJg4BPVmJZon5OYl66vk9+Xrp1RRGDFNSy5Py84vycVD1nCI1qPENFAZCObbrjGAF0Hx/IFD2QKXpgU7qfTDjTr3yfiYHRi4G1LDGnNBVorgBCkV9pblJqUduaqbLcUx50Q00DAZeLAOOFrBzyAAAA[0mRunning com.wakaleo.gameoflife.domain.WhenYouReadAGridFromAString
[8mha:////4L7DWHCd5on9upitgXBzyeMdnH5D2x9YPpT3yme5wvccAAAAyx+LCAAAAAAAAP9b85aBtbiIQSOjNKU4P0+vIKc0PTOvWK8kMze1uCQxtyC1SC8ExvbLL0llgABGJgYmLwaB3MycnMzi4My85FTXgvzkDB8G3tScxILi1BRfsEwJg4BPVmJZon5OYl66vk9+Xrp1RRGDFNSy5Py84vycVD1nCI1qPENFAZCObbrjFAZ0Hx/IFD2QKXpgU7qfTDjTr3yfiYHRi4G1LDGnNBVorgBCkV9pblJqUduaqbLcUx50Q00DAdfzABKk7oryAAAA[0mTests run: 8, Failures: 0, Errors: 0, Skipped: 0, Time elapsed: 0.275 sec
[8mha:////4KHtsIW/MXMvCgTlABOwbL04NqSM788OOXZ5JV1aSCQIAAAAyx+LCAAAAAAAAP9b85aBtbiIQSOjNKU4P0+vIKc0PTOvWK8kMze1uCQxtyC1SC8ExvbLL0llgABGJgYmLwaB3MycnMzi4My85FTXgvzkDB8G3tScxILi1BRfsEwJg4BPVmJZon5OYl66vk9+Xrp1RRGDFNSy5Py84vycVD1nCI1qPENFAZCObbrjFAF0Hx/IFD2QKXpgU7qfTDjTr3yfiYHRi4G1LDGnNBVorgBCkV9pblJqUduaqbLcUx50Q00DAdeLAJ0c3yHyAAAA[0mRunning com.wakaleo.gameoflife.domain.WhenYouCreateAGrid
[8mha:////4KHtsIW/MXMvCgTlABOwbL04NqSM788OOXZ5JV1aSCQIAAAAyx+LCAAAAAAAAP9b85aBtbiIQSOjNKU4P0+vIKc0PTOvWK8kMze1uCQxtyC1SC8ExvbLL0llgABGJgYmLwaB3MycnMzi4My85FTXgvzkDB8G3tScxILi1BRfsEwJg4BPVmJZon5OYl66vk9+Xrp1RRGDFNSy5Py84vycVD1nCI1qPENFAZCObbrjFAF0Hx/IFD2QKXpgU7qfTDjTr3yfiYHRi4G1LDGnNBVorgBCkV9pblJqUduaqbLcUx50Q00DAdeLAJ0c3yHyAAAA[0mTests run: 16, Failures: 0, Errors: 0, Skipped: 0, Time elapsed: 0.002 sec
[8mha:////4KHtsIW/MXMvCgTlABOwbL04NqSM788OOXZ5JV1aSCQIAAAAyx+LCAAAAAAAAP9b85aBtbiIQSOjNKU4P0+vIKc0PTOvWK8kMze1uCQxtyC1SC8ExvbLL0llgABGJgYmLwaB3MycnMzi4My85FTXgvzkDB8G3tScxILi1BRfsEwJg4BPVmJZon5OYl66vk9+Xrp1RRGDFNSy5Py84vycVD1nCI1qPENFAZCObbrjFAF0Hx/IFD2QKXpgU7qfTDjTr3yfiYHRi4G1LDGnNBVorgBCkV9pblJqUduaqbLcUx50Q00DAdeLAJ0c3yHyAAAA[0mRunning com.wakaleo.gameoflife.domain.WhenYouPrintAGrid
[8mha:////4KHtsIW/MXMvCgTlABOwbL04NqSM788OOXZ5JV1aSCQIAAAAyx+LCAAAAAAAAP9b85aBtbiIQSOjNKU4P0+vIKc0PTOvWK8kMze1uCQxtyC1SC8ExvbLL0llgABGJgYmLwaB3MycnMzi4My85FTXgvzkDB8G3tScxILi1BRfsEwJg4BPVmJZon5OYl66vk9+Xrp1RRGDFNSy5Py84vycVD1nCI1qPENFAZCObbrjFAF0Hx/IFD2QKXpgU7qfTDjTr3yfiYHRi4G1LDGnNBVorgBCkV9pblJqUduaqbLcUx50Q00DAdeLAJ0c3yHyAAAA[0mTests run: 3, Failures: 0, Errors: 0, Skipped: 0, Time elapsed: 0.002 sec
[8mha:////4KHtsIW/MXMvCgTlABOwbL04NqSM788OOXZ5JV1aSCQIAAAAyx+LCAAAAAAAAP9b85aBtbiIQSOjNKU4P0+vIKc0PTOvWK8kMze1uCQxtyC1SC8ExvbLL0llgABGJgYmLwaB3MycnMzi4My85FTXgvzkDB8G3tScxILi1BRfsEwJg4BPVmJZon5OYl66vk9+Xrp1RRGDFNSy5Py84vycVD1nCI1qPENFAZCObbrjFAF0Hx/IFD2QKXpgU7qfTDjTr3yfiYHRi4G1LDGnNBVorgBCkV9pblJqUduaqbLcUx50Q00DAdeLAJ0c3yHyAAAA[0mRunning com.wakaleo.gameoflife.domain.WhenYouCreateACell
[8mha:////4KHtsIW/MXMvCgTlABOwbL04NqSM788OOXZ5JV1aSCQIAAAAyx+LCAAAAAAAAP9b85aBtbiIQSOjNKU4P0+vIKc0PTOvWK8kMze1uCQxtyC1SC8ExvbLL0llgABGJgYmLwaB3MycnMzi4My85FTXgvzkDB8G3tScxILi1BRfsEwJg4BPVmJZon5OYl66vk9+Xrp1RRGDFNSy5Py84vycVD1nCI1qPENFAZCObbrjFAF0Hx/IFD2QKXpgU7qfTDjTr3yfiYHRi4G1LDGnNBVorgBCkV9pblJqUduaqbLcUx50Q00DAdeLAJ0c3yHyAAAA[0mTests run: 6, Failures: 0, Errors: 0, Skipped: 0, Time elapsed: 0.001 sec
[8mha:////4KHtsIW/MXMvCgTlABOwbL04NqSM788OOXZ5JV1aSCQIAAAAyx+LCAAAAAAAAP9b85aBtbiIQSOjNKU4P0+vIKc0PTOvWK8kMze1uCQxtyC1SC8ExvbLL0llgABGJgYmLwaB3MycnMzi4My85FTXgvzkDB8G3tScxILi1BRfsEwJg4BPVmJZon5OYl66vk9+Xrp1RRGDFNSy5Py84vycVD1nCI1qPENFAZCObbrjFAF0Hx/IFD2QKXpgU7qfTDjTr3yfiYHRi4G1LDGnNBVorgBCkV9pblJqUduaqbLcUx50Q00DAdeLAJ0c3yHyAAAA[0mRunning com.wakaleo.gameoflife.domain.WhenYouPlayTheGameOfLife
[8mha:////4KVwg1tnn2tZfgPET49gws6w34MFvvfHpBksTEzI0vFFAAAAyx+LCAAAAAAAAP9b85aBtbiIQSOjNKU4P0+vIKc0PTOvWK8kMze1uCQxtyC1SC8ExvbLL0llgABGJgYmLwaB3MycnMzi4My85FTXgvzkDB8G3tScxILi1BRfsEwJg4BPVmJZon5OYl66vk9+Xrp1RRGDFNSy5Py84vycVD1nCI1qPENFAZCObbrjHAZ0Hx/IFD2QKXpgU7qfTDjTr3yfiYHRi4G1LDGnNBVorgBCkV9pblJqUduaqbLcUx50Q00DAbfzAMRv5L3yAAAA[0mTests run: 5, Failures: 0, Errors: 0, Skipped: 0, Time elapsed: 0.05 sec
[8mha:////4K+gXsX61GUi0g0Jc6klEMbheoB15fiFVHdbIEjhwtMIAAAAyx+LCAAAAAAAAP9b85aBtbiIQSOjNKU4P0+vIKc0PTOvWK8kMze1uCQxtyC1SC8ExvbLL0llgABGJgYmLwaB3MycnMzi4My85FTXgvzkDB8G3tScxILi1BRfsEwJg4BPVmJZon5OYl66vk9+Xrp1RRGDFNSy5Py84vycVD1nCI1qPENFAZCObbrjHAF0Hx/IFD2QKXpgU7qfTDjTr3yfiYHRi4G1LDGnNBVorgBCkV9pblJqUduaqbLcUx50Q00DAbeLAEvX1RbyAAAA[0mRunning com.wakaleo.gameoflife.domain.WhenYouCreateANewUniverse
[8mha:////4K+gXsX61GUi0g0Jc6klEMbheoB15fiFVHdbIEjhwtMIAAAAyx+LCAAAAAAAAP9b85aBtbiIQSOjNKU4P0+vIKc0PTOvWK8kMze1uCQxtyC1SC8ExvbLL0llgABGJgYmLwaB3MycnMzi4My85FTXgvzkDB8G3tScxILi1BRfsEwJg4BPVmJZon5OYl66vk9+Xrp1RRGDFNSy5Py84vycVD1nCI1qPENFAZCObbrjHAF0Hx/IFD2QKXpgU7qfTDjTr3yfiYHRi4G1LDGnNBVorgBCkV9pblJqUduaqbLcUx50Q00DAbeLAEvX1RbyAAAA[0mTests run: 11, Failures: 0, Errors: 0, Skipped: 0, Time elapsed: 0.016 sec
[8mha:////4IWKSYWemwJQsNS9BCeKLd+Om6LQkcH821oDpSGLmL3RAAAAyx+LCAAAAAAAAP9b85aBtbiIQSOjNKU4P0+vIKc0PTOvWK8kMze1uCQxtyC1SC8ExvbLL0llgABGJgYmLwaB3MycnMzi4My85FTXgvzkDB8G3tScxILi1BRfsEwJg4BPVmJZon5OYl66vk9+Xrp1RRGDFNSy5Py84vycVD1nCI1qPENFAZCObbrjEgp0Hx/IFD2QKXpgU7qfTDjTr3yfiYHRi4G1LDGnNBVorgBCkV9pblJqUduaqbLcUx50Q00DAfdzAIs/BVvyAAAA[0m
[8mha:////4BovZTCLVtMkKU5uJy5PbiPq8fbePtyGtPdglibELRr0AAAAyx+LCAAAAAAAAP9b85aBtbiIQSOjNKU4P0+vIKc0PTOvWK8kMze1uCQxtyC1SC8ExvbLL0llgABGJgYmLwaB3MycnMzi4My85FTXgvzkDB8G3tScxILi1BRfsEwJg4BPVmJZon5OYl66vk9+Xrp1RRGDFNSy5Py84vycVD1nCI1qPENFAZCObbrjEgZ0Hx/IFD2QKXpgU7qfTDjTr3yfiYHRi4G1LDGnNBVorgBCkV9pblJqUduaqbLcUx50Q00DAffzAO6WCfDyAAAA[0mResults :
[8mha:////4BovZTCLVtMkKU5uJy5PbiPq8fbePtyGtPdglibELRr0AAAAyx+LCAAAAAAAAP9b85aBtbiIQSOjNKU4P0+vIKc0PTOvWK8kMze1uCQxtyC1SC8ExvbLL0llgABGJgYmLwaB3MycnMzi4My85FTXgvzkDB8G3tScxILi1BRfsEwJg4BPVmJZon5OYl66vk9+Xrp1RRGDFNSy5Py84vycVD1nCI1qPENFAZCObbrjEgZ0Hx/IFD2QKXpgU7qfTDjTr3yfiYHRi4G1LDGnNBVorgBCkV9pblJqUduaqbLcUx50Q00DAffzAO6WCfDyAAAA[0m
[8mha:////4BovZTCLVtMkKU5uJy5PbiPq8fbePtyGtPdglibELRr0AAAAyx+LCAAAAAAAAP9b85aBtbiIQSOjNKU4P0+vIKc0PTOvWK8kMze1uCQxtyC1SC8ExvbLL0llgABGJgYmLwaB3MycnMzi4My85FTXgvzkDB8G3tScxILi1BRfsEwJg4BPVmJZon5OYl66vk9+Xrp1RRGDFNSy5Py84vycVD1nCI1qPENFAZCObbrjEgZ0Hx/IFD2QKXpgU7qfTDjTr3yfiYHRi4G1LDGnNBVorgBCkV9pblJqUduaqbLcUx50Q00DAffzAO6WCfDyAAAA[0mTests run: 49, Failures: 0, Errors: 0, Skipped: 0
[8mha:////4BovZTCLVtMkKU5uJy5PbiPq8fbePtyGtPdglibELRr0AAAAyx+LCAAAAAAAAP9b85aBtbiIQSOjNKU4P0+vIKc0PTOvWK8kMze1uCQxtyC1SC8ExvbLL0llgABGJgYmLwaB3MycnMzi4My85FTXgvzkDB8G3tScxILi1BRfsEwJg4BPVmJZon5OYl66vk9+Xrp1RRGDFNSy5Py84vycVD1nCI1qPENFAZCObbrjEgZ0Hx/IFD2QKXpgU7qfTDjTr3yfiYHRi4G1LDGnNBVorgBCkV9pblJqUduaqbLcUx50Q00DAffzAO6WCfDyAAAA[0m
[8mha:////4IdOLyY4eLf3fk3pc3n4l3PV9rSaBIFsFp0m9FjfIJw7AAAAyx+LCAAAAAAAAP9b85aBtbiIQSOjNKU4P0+vIKc0PTOvWK8kMze1uCQxtyC1SC8ExvbLL0llgABGJgYmLwaB3MycnMzi4My85FTXgvzkDB8G3tScxILi1BRfsEwJg4BPVmJZon5OYl66vk9+Xrp1RRGDFNSy5Py84vycVD1nCI1qPENFAZCObbrjEg50Hx/IFD2QKXpgU7qfTDjTr3yfiYHRi4G1LDGnNBVorgBCkV9pblJqUduaqbLcUx50Q00DAfcLAErs+DbyAAAA[0m[INFO] 
[8mha:////4IdOLyY4eLf3fk3pc3n4l3PV9rSaBIFsFp0m9FjfIJw7AAAAyx+LCAAAAAAAAP9b85aBtbiIQSOjNKU4P0+vIKc0PTOvWK8kMze1uCQxtyC1SC8ExvbLL0llgABGJgYmLwaB3MycnMzi4My85FTXgvzkDB8G3tScxILi1BRfsEwJg4BPVmJZon5OYl66vk9+Xrp1RRGDFNSy5Py84vycVD1nCI1qPENFAZCObbrjEg50Hx/IFD2QKXpgU7qfTDjTr3yfiYHRi4G1LDGnNBVorgBCkV9pblJqUduaqbLcUx50Q00DAfcLAErs+DbyAAAA[0m[INFO] --- maven-easyb-plugin:1.4:test (default) @ gameoflife-core ---
[8mha:////4KS8JQ6FLilaQs5XIExDyJU0Q+c8SPmOotV18sOEfQBeAAAAyx+LCAAAAAAAAP9b85aBtbiIQSOjNKU4P0+vIKc0PTOvWK8kMze1uCQxtyC1SC8ExvbLL0llgABGJgYmLwaB3MycnMzi4My85FTXgvzkDB8G3tScxILi1BRfsEwJg4BPVmJZon5OYl66vk9+Xrp1RRGDFNSy5Py84vycVD1nCI1qPENFAZCObbrj/hboPj6QKXogU/TApnQ/mXCmX/k+EwOjFwNrWWJOaSrQXAGEIr/S3KTUorY1U2W5pzzohpoGAt5pAKHqNwfyAAAA[0m[INFO] Using easyb dependency org.easyb:easyb-core:jar:1.6:compile
[8mha:////4BQBu86EQyp88FDANBaC3mKhUlJQhqRzMtHEkxWefUtsAAAAyx+LCAAAAAAAAP9b85aBtbiIQSOjNKU4P0+vIKc0PTOvWK8kMze1uCQxtyC1SC8ExvbLL0llgABGJgYmLwaB3MycnMzi4My85FTXgvzkDB8G3tScxILi1BRfsEwJg4BPVmJZon5OYl66vk9+Xrp1RRGDFNSy5Py84vycVD1nCI1qPENFAZCObbrj/g7oPj6QKXogU/TApnQ/mXCmX/k+EwOjFwNrWWJOaSrQXAGEIr/S3KTUorY1U2W5pzzohpoGAt7pAMRDO6zyAAAA[0m[INFO] Using easyb dependency org.easyb:easyb-composite-groovy:pom:1.2:compile
[8mha:////4BQBu86EQyp88FDANBaC3mKhUlJQhqRzMtHEkxWefUtsAAAAyx+LCAAAAAAAAP9b85aBtbiIQSOjNKU4P0+vIKc0PTOvWK8kMze1uCQxtyC1SC8ExvbLL0llgABGJgYmLwaB3MycnMzi4My85FTXgvzkDB8G3tScxILi1BRfsEwJg4BPVmJZon5OYl66vk9+Xrp1RRGDFNSy5Py84vycVD1nCI1qPENFAZCObbrj/g7oPj6QKXogU/TApnQ/mXCmX/k+EwOjFwNrWWJOaSrQXAGEIr/S3KTUorY1U2W5pzzohpoGAt7pAMRDO6zyAAAA[0m[INFO] Using easyb dependency org.codehaus.groovy:groovy-all:jar:2.3.6:compile
[8mha:////4BQBu86EQyp88FDANBaC3mKhUlJQhqRzMtHEkxWefUtsAAAAyx+LCAAAAAAAAP9b85aBtbiIQSOjNKU4P0+vIKc0PTOvWK8kMze1uCQxtyC1SC8ExvbLL0llgABGJgYmLwaB3MycnMzi4My85FTXgvzkDB8G3tScxILi1BRfsEwJg4BPVmJZon5OYl66vk9+Xrp1RRGDFNSy5Py84vycVD1nCI1qPENFAZCObbrj/g7oPj6QKXogU/TApnQ/mXCmX/k+EwOjFwNrWWJOaSrQXAGEIr/S3KTUorY1U2W5pzzohpoGAt7pAMRDO6zyAAAA[0m[INFO] Using easyb dependency org.easyb:easyb-ast:jar:1.1:compile
[8mha:////4BQBu86EQyp88FDANBaC3mKhUlJQhqRzMtHEkxWefUtsAAAAyx+LCAAAAAAAAP9b85aBtbiIQSOjNKU4P0+vIKc0PTOvWK8kMze1uCQxtyC1SC8ExvbLL0llgABGJgYmLwaB3MycnMzi4My85FTXgvzkDB8G3tScxILi1BRfsEwJg4BPVmJZon5OYl66vk9+Xrp1RRGDFNSy5Py84vycVD1nCI1qPENFAZCObbrj/g7oPj6QKXogU/TApnQ/mXCmX/k+EwOjFwNrWWJOaSrQXAGEIr/S3KTUorY1U2W5pzzohpoGAt7pAMRDO6zyAAAA[0m[INFO] Using easyb dependency commons-cli:commons-cli:jar:1.2:compile
[8mha:////4BQBu86EQyp88FDANBaC3mKhUlJQhqRzMtHEkxWefUtsAAAAyx+LCAAAAAAAAP9b85aBtbiIQSOjNKU4P0+vIKc0PTOvWK8kMze1uCQxtyC1SC8ExvbLL0llgABGJgYmLwaB3MycnMzi4My85FTXgvzkDB8G3tScxILi1BRfsEwJg4BPVmJZon5OYl66vk9+Xrp1RRGDFNSy5Py84vycVD1nCI1qPENFAZCObbrj/g7oPj6QKXogU/TApnQ/mXCmX/k+EwOjFwNrWWJOaSrQXAGEIr/S3KTUorY1U2W5pzzohpoGAt7pAMRDO6zyAAAA[0m[INFO] Using easyb dependency commons-lang:commons-lang:jar:2.5:compile
[8mha:////4PfPWdIqlP/YVVLV343huABYvlXrD6U3LnN4wvnBjOo5AAAAyx+LCAAAAAAAAP9b85aBtbiIQSOjNKU4P0+vIKc0PTOvWK8kMze1uCQxtyC1SC8ExvbLL0llgABGJgYmLwaB3MycnMzi4My85FTXgvzkDB8G3tScxILi1BRfsEwJg4BPVmJZon5OYl66vk9+Xrp1RRGDFNSy5Py84vycVD1nCI1qPENFAZCObbrjbwV0Hx/IFD2QKXpgU7qfTDjTr3yfiYHRi4G1LDGnNBVorgBCkV9pblJqUduaqbLcUx50Q00DgaDNAAELQR3yAAAA[0m     [java] Running counting things story (/var/lib/jenkins/workspace/CTC_Demo/gameoflife-core/src/test/stories/CountingThings.story)
[8mha:////4KbN093IjL66PRUiCgWl987/iJeb3Gyt10OiRvulTTjIAAAAyx+LCAAAAAAAAP9b85aBtbiIQSOjNKU4P0+vIKc0PTOvWK8kMze1uCQxtyC1SC8ExvbLL0llgABGJgYmLwaB3MycnMzi4My85FTXgvzkDB8G3tScxILi1BRfsEwJg4BPVmJZon5OYl66vk9+Xrp1RRGDFNSy5Py84vycVD1nCI1qPENFAZCObboTdAPoPj6QKXogU/TApnQ/mXCmX/k+EwOjFwNrWWJOaSrQXAGEIr/S3KTUorY1U2W5pzzohpoGAmGBAAxR6SfyAAAA[0m     [java] Scenarios run: 1, Failures: 0, Pending: 0, Time elapsed: 1.178 sec
[8mha:////4FpNCJ6YZvnssNpaj9PGFNX8l8FLGroNlPD92QLqAGCNAAAAyx+LCAAAAAAAAP9b85aBtbiIQSOjNKU4P0+vIKc0PTOvWK8kMze1uCQxtyC1SC8ExvbLL0llgABGJgYmLwaB3MycnMzi4My85FTXgvzkDB8G3tScxILi1BRfsEwJg4BPVmJZon5OYl66vk9+Xrp1RRGDFNSy5Py84vycVD1nCI1qPENFAZCObboTdBvoPj6QKXogU/TApnQ/mXCmX/k+EwOjFwNrWWJOaSrQXAGEIr/S3KTUorY1U2W5pzzohpoGAmEhAHA8iIvyAAAA[0m     [java] Running multiplying things story (/var/lib/jenkins/workspace/CTC_Demo/gameoflife-core/src/test/stories/MultiplyingThings.story)
[8mha:////4IRuxqyMGcY6BTk0Wi4To4x+QYnLn1vqh4JeVK6O+bxeAAAAyx+LCAAAAAAAAP9b85aBtbiIQSOjNKU4P0+vIKc0PTOvWK8kMze1uCQxtyC1SC8ExvbLL0llgABGJgYmLwaB3MycnMzi4My85FTXgvzkDB8G3tScxILi1BRfsEwJg4BPVmJZon5OYl66vk9+Xrp1RRGDFNSy5Py84vycVD1nCI1qPENFAZCObboTfAvoPj6QKXogU/TApnQ/mXCmX/k+EwOjFwNrWWJOaSrQXAGEIr/S3KTUorY1U2W5pzzohpoGAuHBANZ3KVvyAAAA[0m     [java] Scenarios run: 1, Failures: 0, Pending: 1, Time elapsed: 0.106 sec
[8mha:////4DcF/Ise/wQktvH7WnfW2gC7tyD4O4G/LIT4PSi4xqkpAAAAyx+LCAAAAAAAAP9b85aBtbiIQSOjNKU4P0+vIKc0PTOvWK8kMze1uCQxtyC1SC8ExvbLL0llgABGJgYmLwaB3MycnMzi4My85FTXgvzkDB8G3tScxILi1BRfsEwJg4BPVmJZon5OYl66vk9+Xrp1RRGDFNSy5Py84vycVD1nCI1qPENFAZCObboTfBvoPj6QKXogU/TApnQ/mXCmX/k+EwOjFwNrWWJOaSrQXAGEIr/S3KTUorY1U2W5pzzohpoGAuEhACSVtI7yAAAA[0m     [java] 2 total behaviors ran with no failures
[8mha:////4LZZALEhbSrIWJerWLbNqeSuXvF3QfUDqGjm45BEOXDSAAAAyx+LCAAAAAAAAP9b85aBtbiIQSOjNKU4P0+vIKc0PTOvWK8kMze1uCQxtyC1SC8ExvbLL0llgABGJgYmLwaB3MycnMzi4My85FTXgvzkDB8G3tScxILi1BRfsEwJg4BPVmJZon5OYl66vk9+Xrp1RRGDFNSy5Py84vycVD1nCI1qPENFAZCObboTaQB0Hx/IFD2QKXpgU7qfTDjTr3yfiYHRi4G1LDGnNBVorgBCkV9pblJqUduaqbLcUx50Q00DgZiVAHNW04ryAAAA[0m     [java] Writing JUnit report to /var/lib/jenkins/workspace/CTC_Demo/gameoflife-core/target/surefire-reports/TEST-behavior.CountingThings.xml
[8mha:////4KiMmPRnUoQi44W/+STUihpICWOx/QBjmSadhwjiy2t3AAAAyx+LCAAAAAAAAP9b85aBtbiIQSOjNKU4P0+vIKc0PTOvWK8kMze1uCQxtyC1SC8ExvbLL0llgABGJgYmLwaB3MycnMzi4My85FTXgvzkDB8G3tScxILi1BRfsEwJg4BPVmJZon5OYl66vk9+Xrp1RRGDFNSy5Py84vycVD1nCI1qPENFAZCObboTaQh0Hx/IFD2QKXpgU7qfTDjTr3yfiYHRi4G1LDGnNBVorgBCkV9pblJqUduaqbLcUx50Q00DgZhVAJhwI1jyAAAA[0m     [java] JUnit report written to /var/lib/jenkins/workspace/CTC_Demo/gameoflife-core/target/surefire-reports/TEST-behavior.CountingThings.xml
[8mha:////4KiMmPRnUoQi44W/+STUihpICWOx/QBjmSadhwjiy2t3AAAAyx+LCAAAAAAAAP9b85aBtbiIQSOjNKU4P0+vIKc0PTOvWK8kMze1uCQxtyC1SC8ExvbLL0llgABGJgYmLwaB3MycnMzi4My85FTXgvzkDB8G3tScxILi1BRfsEwJg4BPVmJZon5OYl66vk9+Xrp1RRGDFNSy5Py84vycVD1nCI1qPENFAZCObboTaQh0Hx/IFD2QKXpgU7qfTDjTr3yfiYHRi4G1LDGnNBVorgBCkV9pblJqUduaqbLcUx50Q00DgZhVAJhwI1jyAAAA[0m     [java] Writing JUnit report to /var/lib/jenkins/workspace/CTC_Demo/gameoflife-core/target/surefire-reports/TEST-behavior.MultiplyingThings.xml
[8mha:////4KiMmPRnUoQi44W/+STUihpICWOx/QBjmSadhwjiy2t3AAAAyx+LCAAAAAAAAP9b85aBtbiIQSOjNKU4P0+vIKc0PTOvWK8kMze1uCQxtyC1SC8ExvbLL0llgABGJgYmLwaB3MycnMzi4My85FTXgvzkDB8G3tScxILi1BRfsEwJg4BPVmJZon5OYl66vk9+Xrp1RRGDFNSy5Py84vycVD1nCI1qPENFAZCObboTaQh0Hx/IFD2QKXpgU7qfTDjTr3yfiYHRi4G1LDGnNBVorgBCkV9pblJqUduaqbLcUx50Q00DgZhVAJhwI1jyAAAA[0m     [java] JUnit report written to /var/lib/jenkins/workspace/CTC_Demo/gameoflife-core/target/surefire-reports/TEST-behavior.MultiplyingThings.xml
[8mha:////4I7Nz3AFW/dsXZF2/QYw8Ga0w0kDPtdnev4FgWXD4QUMAAAAyx+LCAAAAAAAAP9b85aBtbiIQSOjNKU4P0+vIKc0PTOvWK8kMze1uCQxtyC1SC8ExvbLL0llgABGJgYmLwaB3MycnMzi4My85FTXgvzkDB8G3tScxILi1BRfsEwJg4BPVmJZon5OYl66vk9+Xrp1RRGDFNSy5Py84vycVD1nCI1qPENFAZCObboTcwzoPj6QKXogU/TApnQ/mXCmX/k+EwOjFwNrWWJOaSrQXAGEIr/S3KTUorY1U2W5pzzohpoGAgn2AIr5nZjyAAAA[0m[INFO] 
[8mha:////4I7Nz3AFW/dsXZF2/QYw8Ga0w0kDPtdnev4FgWXD4QUMAAAAyx+LCAAAAAAAAP9b85aBtbiIQSOjNKU4P0+vIKc0PTOvWK8kMze1uCQxtyC1SC8ExvbLL0llgABGJgYmLwaB3MycnMzi4My85FTXgvzkDB8G3tScxILi1BRfsEwJg4BPVmJZon5OYl66vk9+Xrp1RRGDFNSy5Py84vycVD1nCI1qPENFAZCObboTcwzoPj6QKXogU/TApnQ/mXCmX/k+EwOjFwNrWWJOaSrQXAGEIr/S3KTUorY1U2W5pzzohpoGAgn2AIr5nZjyAAAA[0m[INFO] --- maven-jar-plugin:2.4:jar (default-jar) @ gameoflife-core ---
[8mha:////4OOeUbTZHrVGrZKTXvyYtMphpx7ANPAoRL+L0JbTEDfSAAAAyx+LCAAAAAAAAP9b85aBtbiIQSOjNKU4P0+vIKc0PTOvWK8kMze1uCQxtyC1SC8ExvbLL0llgABGJgYmLwaB3MycnMzi4My85FTXgvzkDB8G3tScxILi1BRfsEwJg4BPVmJZon5OYl66vk9+Xrp1RRGDFNSy5Py84vycVD1nCI1qPENFAZCObboTcxzoPj6QKXogU/TApnQ/mXCmX/k+EwOjFwNrWWJOaSrQXAGEIr/S3KTUorY1U2W5pzzohpoGAgkOAHbi3hPyAAAA[0m[INFO] Building jar: /var/lib/jenkins/workspace/CTC_Demo/gameoflife-core/target/gameoflife-core-1.0-SNAPSHOT.jar
[8mha:////4OOeUbTZHrVGrZKTXvyYtMphpx7ANPAoRL+L0JbTEDfSAAAAyx+LCAAAAAAAAP9b85aBtbiIQSOjNKU4P0+vIKc0PTOvWK8kMze1uCQxtyC1SC8ExvbLL0llgABGJgYmLwaB3MycnMzi4My85FTXgvzkDB8G3tScxILi1BRfsEwJg4BPVmJZon5OYl66vk9+Xrp1RRGDFNSy5Py84vycVD1nCI1qPENFAZCObboTcxzoPj6QKXogU/TApnQ/mXCmX/k+EwOjFwNrWWJOaSrQXAGEIr/S3KTUorY1U2W5pzzohpoGAgkOAHbi3hPyAAAA[0m[INFO] 
[8mha:////4OOeUbTZHrVGrZKTXvyYtMphpx7ANPAoRL+L0JbTEDfSAAAAyx+LCAAAAAAAAP9b85aBtbiIQSOjNKU4P0+vIKc0PTOvWK8kMze1uCQxtyC1SC8ExvbLL0llgABGJgYmLwaB3MycnMzi4My85FTXgvzkDB8G3tScxILi1BRfsEwJg4BPVmJZon5OYl66vk9+Xrp1RRGDFNSy5Py84vycVD1nCI1qPENFAZCObboTcxzoPj6QKXogU/TApnQ/mXCmX/k+EwOjFwNrWWJOaSrQXAGEIr/S3KTUorY1U2W5pzzohpoGAgkOAHbi3hPyAAAA[0m[INFO] ------------------------------------------------------------------------
[8mha:////4OOeUbTZHrVGrZKTXvyYtMphpx7ANPAoRL+L0JbTEDfSAAAAyx+LCAAAAAAAAP9b85aBtbiIQSOjNKU4P0+vIKc0PTOvWK8kMze1uCQxtyC1SC8ExvbLL0llgABGJgYmLwaB3MycnMzi4My85FTXgvzkDB8G3tScxILi1BRfsEwJg4BPVmJZon5OYl66vk9+Xrp1RRGDFNSy5Py84vycVD1nCI1qPENFAZCObboTcxzoPj6QKXogU/TApnQ/mXCmX/k+EwOjFwNrWWJOaSrQXAGEIr/S3KTUorY1U2W5pzzohpoGAgkOAHbi3hPyAAAA[0m[INFO] Building gameoflife-web 1.0-SNAPSHOT
[8mha:////4OOeUbTZHrVGrZKTXvyYtMphpx7ANPAoRL+L0JbTEDfSAAAAyx+LCAAAAAAAAP9b85aBtbiIQSOjNKU4P0+vIKc0PTOvWK8kMze1uCQxtyC1SC8ExvbLL0llgABGJgYmLwaB3MycnMzi4My85FTXgvzkDB8G3tScxILi1BRfsEwJg4BPVmJZon5OYl66vk9+Xrp1RRGDFNSy5Py84vycVD1nCI1qPENFAZCObboTcxzoPj6QKXogU/TApnQ/mXCmX/k+EwOjFwNrWWJOaSrQXAGEIr/S3KTUorY1U2W5pzzohpoGAgkOAHbi3hPyAAAA[0m[INFO] ------------------------------------------------------------------------
[8mha:////4OOeUbTZHrVGrZKTXvyYtMphpx7ANPAoRL+L0JbTEDfSAAAAyx+LCAAAAAAAAP9b85aBtbiIQSOjNKU4P0+vIKc0PTOvWK8kMze1uCQxtyC1SC8ExvbLL0llgABGJgYmLwaB3MycnMzi4My85FTXgvzkDB8G3tScxILi1BRfsEwJg4BPVmJZon5OYl66vk9+Xrp1RRGDFNSy5Py84vycVD1nCI1qPENFAZCObboTcxzoPj6QKXogU/TApnQ/mXCmX/k+EwOjFwNrWWJOaSrQXAGEIr/S3KTUorY1U2W5pzzohpoGAgkOAHbi3hPyAAAA[0m[INFO] 
[8mha:////4OOeUbTZHrVGrZKTXvyYtMphpx7ANPAoRL+L0JbTEDfSAAAAyx+LCAAAAAAAAP9b85aBtbiIQSOjNKU4P0+vIKc0PTOvWK8kMze1uCQxtyC1SC8ExvbLL0llgABGJgYmLwaB3MycnMzi4My85FTXgvzkDB8G3tScxILi1BRfsEwJg4BPVmJZon5OYl66vk9+Xrp1RRGDFNSy5Py84vycVD1nCI1qPENFAZCObboTcxzoPj6QKXogU/TApnQ/mXCmX/k+EwOjFwNrWWJOaSrQXAGEIr/S3KTUorY1U2W5pzzohpoGAgkOAHbi3hPyAAAA[0m[INFO] --- maven-clean-plugin:2.5:clean (default-clean) @ gameoflife-web ---
[8mha:////4OOeUbTZHrVGrZKTXvyYtMphpx7ANPAoRL+L0JbTEDfSAAAAyx+LCAAAAAAAAP9b85aBtbiIQSOjNKU4P0+vIKc0PTOvWK8kMze1uCQxtyC1SC8ExvbLL0llgABGJgYmLwaB3MycnMzi4My85FTXgvzkDB8G3tScxILi1BRfsEwJg4BPVmJZon5OYl66vk9+Xrp1RRGDFNSy5Py84vycVD1nCI1qPENFAZCObboTcxzoPj6QKXogU/TApnQ/mXCmX/k+EwOjFwNrWWJOaSrQXAGEIr/S3KTUorY1U2W5pzzohpoGAgkOAHbi3hPyAAAA[0m[INFO] Deleting /var/lib/jenkins/workspace/CTC_Demo/gameoflife-web/target
[8mha:////4OOeUbTZHrVGrZKTXvyYtMphpx7ANPAoRL+L0JbTEDfSAAAAyx+LCAAAAAAAAP9b85aBtbiIQSOjNKU4P0+vIKc0PTOvWK8kMze1uCQxtyC1SC8ExvbLL0llgABGJgYmLwaB3MycnMzi4My85FTXgvzkDB8G3tScxILi1BRfsEwJg4BPVmJZon5OYl66vk9+Xrp1RRGDFNSy5Py84vycVD1nCI1qPENFAZCObboTcxzoPj6QKXogU/TApnQ/mXCmX/k+EwOjFwNrWWJOaSrQXAGEIr/S3KTUorY1U2W5pzzohpoGAgkOAHbi3hPyAAAA[0m[INFO] 
[8mha:////4OOeUbTZHrVGrZKTXvyYtMphpx7ANPAoRL+L0JbTEDfSAAAAyx+LCAAAAAAAAP9b85aBtbiIQSOjNKU4P0+vIKc0PTOvWK8kMze1uCQxtyC1SC8ExvbLL0llgABGJgYmLwaB3MycnMzi4My85FTXgvzkDB8G3tScxILi1BRfsEwJg4BPVmJZon5OYl66vk9+Xrp1RRGDFNSy5Py84vycVD1nCI1qPENFAZCObboTcxzoPj6QKXogU/TApnQ/mXCmX/k+EwOjFwNrWWJOaSrQXAGEIr/S3KTUorY1U2W5pzzohpoGAgkOAHbi3hPyAAAA[0m[INFO] --- maven-enforcer-plugin:1.0:enforce (enforce-versions) @ gameoflife-web ---
[8mha:////4OOeUbTZHrVGrZKTXvyYtMphpx7ANPAoRL+L0JbTEDfSAAAAyx+LCAAAAAAAAP9b85aBtbiIQSOjNKU4P0+vIKc0PTOvWK8kMze1uCQxtyC1SC8ExvbLL0llgABGJgYmLwaB3MycnMzi4My85FTXgvzkDB8G3tScxILi1BRfsEwJg4BPVmJZon5OYl66vk9+Xrp1RRGDFNSy5Py84vycVD1nCI1qPENFAZCObboTcxzoPj6QKXogU/TApnQ/mXCmX/k+EwOjFwNrWWJOaSrQXAGEIr/S3KTUorY1U2W5pzzohpoGAgkOAHbi3hPyAAAA[0m[INFO] 
[8mha:////4OOeUbTZHrVGrZKTXvyYtMphpx7ANPAoRL+L0JbTEDfSAAAAyx+LCAAAAAAAAP9b85aBtbiIQSOjNKU4P0+vIKc0PTOvWK8kMze1uCQxtyC1SC8ExvbLL0llgABGJgYmLwaB3MycnMzi4My85FTXgvzkDB8G3tScxILi1BRfsEwJg4BPVmJZon5OYl66vk9+Xrp1RRGDFNSy5Py84vycVD1nCI1qPENFAZCObboTcxzoPj6QKXogU/TApnQ/mXCmX/k+EwOjFwNrWWJOaSrQXAGEIr/S3KTUorY1U2W5pzzohpoGAgkOAHbi3hPyAAAA[0m[INFO] --- maven-resources-plugin:2.6:resources (default-resources) @ gameoflife-web ---
[8mha:////4OOeUbTZHrVGrZKTXvyYtMphpx7ANPAoRL+L0JbTEDfSAAAAyx+LCAAAAAAAAP9b85aBtbiIQSOjNKU4P0+vIKc0PTOvWK8kMze1uCQxtyC1SC8ExvbLL0llgABGJgYmLwaB3MycnMzi4My85FTXgvzkDB8G3tScxILi1BRfsEwJg4BPVmJZon5OYl66vk9+Xrp1RRGDFNSy5Py84vycVD1nCI1qPENFAZCObboTcxzoPj6QKXogU/TApnQ/mXCmX/k+EwOjFwNrWWJOaSrQXAGEIr/S3KTUorY1U2W5pzzohpoGAgkOAHbi3hPyAAAA[0m[INFO] Using 'UTF-8' encoding to copy filtered resources.
[8mha:////4OOeUbTZHrVGrZKTXvyYtMphpx7ANPAoRL+L0JbTEDfSAAAAyx+LCAAAAAAAAP9b85aBtbiIQSOjNKU4P0+vIKc0PTOvWK8kMze1uCQxtyC1SC8ExvbLL0llgABGJgYmLwaB3MycnMzi4My85FTXgvzkDB8G3tScxILi1BRfsEwJg4BPVmJZon5OYl66vk9+Xrp1RRGDFNSy5Py84vycVD1nCI1qPENFAZCObboTcxzoPj6QKXogU/TApnQ/mXCmX/k+EwOjFwNrWWJOaSrQXAGEIr/S3KTUorY1U2W5pzzohpoGAgkOAHbi3hPyAAAA[0m[INFO] Copying 1 resource
[8mha:////4OOeUbTZHrVGrZKTXvyYtMphpx7ANPAoRL+L0JbTEDfSAAAAyx+LCAAAAAAAAP9b85aBtbiIQSOjNKU4P0+vIKc0PTOvWK8kMze1uCQxtyC1SC8ExvbLL0llgABGJgYmLwaB3MycnMzi4My85FTXgvzkDB8G3tScxILi1BRfsEwJg4BPVmJZon5OYl66vk9+Xrp1RRGDFNSy5Py84vycVD1nCI1qPENFAZCObboTcxzoPj6QKXogU/TApnQ/mXCmX/k+EwOjFwNrWWJOaSrQXAGEIr/S3KTUorY1U2W5pzzohpoGAgkOAHbi3hPyAAAA[0m[INFO] 
[8mha:////4OOeUbTZHrVGrZKTXvyYtMphpx7ANPAoRL+L0JbTEDfSAAAAyx+LCAAAAAAAAP9b85aBtbiIQSOjNKU4P0+vIKc0PTOvWK8kMze1uCQxtyC1SC8ExvbLL0llgABGJgYmLwaB3MycnMzi4My85FTXgvzkDB8G3tScxILi1BRfsEwJg4BPVmJZon5OYl66vk9+Xrp1RRGDFNSy5Py84vycVD1nCI1qPENFAZCObboTcxzoPj6QKXogU/TApnQ/mXCmX/k+EwOjFwNrWWJOaSrQXAGEIr/S3KTUorY1U2W5pzzohpoGAgkOAHbi3hPyAAAA[0m[INFO] --- jacoco-maven-plugin:0.7.2.201409121644:prepare-agent (jacoco-initialize) @ gameoflife-web ---
[8mha:////4OOeUbTZHrVGrZKTXvyYtMphpx7ANPAoRL+L0JbTEDfSAAAAyx+LCAAAAAAAAP9b85aBtbiIQSOjNKU4P0+vIKc0PTOvWK8kMze1uCQxtyC1SC8ExvbLL0llgABGJgYmLwaB3MycnMzi4My85FTXgvzkDB8G3tScxILi1BRfsEwJg4BPVmJZon5OYl66vk9+Xrp1RRGDFNSy5Py84vycVD1nCI1qPENFAZCObboTcxzoPj6QKXogU/TApnQ/mXCmX/k+EwOjFwNrWWJOaSrQXAGEIr/S3KTUorY1U2W5pzzohpoGAgkOAHbi3hPyAAAA[0m[INFO] argLine set to -javaagent:/var/lib/jenkins/.m2/repository/org/jacoco/org.jacoco.agent/0.7.2.201409121644/org.jacoco.agent-0.7.2.201409121644-runtime.jar=destfile=/var/lib/jenkins/workspace/CTC_Demo/gameoflife-web/target/jacoco.exec
[8mha:////4OOeUbTZHrVGrZKTXvyYtMphpx7ANPAoRL+L0JbTEDfSAAAAyx+LCAAAAAAAAP9b85aBtbiIQSOjNKU4P0+vIKc0PTOvWK8kMze1uCQxtyC1SC8ExvbLL0llgABGJgYmLwaB3MycnMzi4My85FTXgvzkDB8G3tScxILi1BRfsEwJg4BPVmJZon5OYl66vk9+Xrp1RRGDFNSy5Py84vycVD1nCI1qPENFAZCObboTcxzoPj6QKXogU/TApnQ/mXCmX/k+EwOjFwNrWWJOaSrQXAGEIr/S3KTUorY1U2W5pzzohpoGAgkOAHbi3hPyAAAA[0m[INFO] 
[8mha:////4OOeUbTZHrVGrZKTXvyYtMphpx7ANPAoRL+L0JbTEDfSAAAAyx+LCAAAAAAAAP9b85aBtbiIQSOjNKU4P0+vIKc0PTOvWK8kMze1uCQxtyC1SC8ExvbLL0llgABGJgYmLwaB3MycnMzi4My85FTXgvzkDB8G3tScxILi1BRfsEwJg4BPVmJZon5OYl66vk9+Xrp1RRGDFNSy5Py84vycVD1nCI1qPENFAZCObboTcxzoPj6QKXogU/TApnQ/mXCmX/k+EwOjFwNrWWJOaSrQXAGEIr/S3KTUorY1U2W5pzzohpoGAgkOAHbi3hPyAAAA[0m[INFO] --- maven-compiler-plugin:3.1:compile (default-compile) @ gameoflife-web ---
[8mha:////4OOeUbTZHrVGrZKTXvyYtMphpx7ANPAoRL+L0JbTEDfSAAAAyx+LCAAAAAAAAP9b85aBtbiIQSOjNKU4P0+vIKc0PTOvWK8kMze1uCQxtyC1SC8ExvbLL0llgABGJgYmLwaB3MycnMzi4My85FTXgvzkDB8G3tScxILi1BRfsEwJg4BPVmJZon5OYl66vk9+Xrp1RRGDFNSy5Py84vycVD1nCI1qPENFAZCObboTcxzoPj6QKXogU/TApnQ/mXCmX/k+EwOjFwNrWWJOaSrQXAGEIr/S3KTUorY1U2W5pzzohpoGAgkOAHbi3hPyAAAA[0m[INFO] Changes detected - recompiling the module!
[8mha:////4OOeUbTZHrVGrZKTXvyYtMphpx7ANPAoRL+L0JbTEDfSAAAAyx+LCAAAAAAAAP9b85aBtbiIQSOjNKU4P0+vIKc0PTOvWK8kMze1uCQxtyC1SC8ExvbLL0llgABGJgYmLwaB3MycnMzi4My85FTXgvzkDB8G3tScxILi1BRfsEwJg4BPVmJZon5OYl66vk9+Xrp1RRGDFNSy5Py84vycVD1nCI1qPENFAZCObboTcxzoPj6QKXogU/TApnQ/mXCmX/k+EwOjFwNrWWJOaSrQXAGEIr/S3KTUorY1U2W5pzzohpoGAgkOAHbi3hPyAAAA[0m[INFO] Compiling 2 source files to /var/lib/jenkins/workspace/CTC_Demo/gameoflife-web/target/classes
[8mha:////4IL01dXrOKmN/wRNS1K+H2NAf7wka3yAsXOyQnZecw12AAAAyx+LCAAAAAAAAP9b85aBtbiIQSOjNKU4P0+vIKc0PTOvWK8kMze1uCQxtyC1SC8ExvbLL0llgABGJgYmLwaB3MycnMzi4My85FTXgvzkDB8G3tScxILi1BRfsEwJg4BPVmJZon5OYl66vk9+Xrp1RRGDFNSy5Py84vycVD1nCI1qPENFAZCObboTexjoPj6QKXogU/TApnQ/mXCmX/k+EwOjFwNrWWJOaSrQXAGEIr/S3KTUorY1U2W5pzzohpoGAok2ADCtxbvyAAAA[0m[INFO] 
[8mha:////4Bqe3Sv8pPCkVczNS9im7Fp0A925U2L7K6FCHWpq3niUAAAAyx+LCAAAAAAAAP9b85aBtbiIQSOjNKU4P0+vIKc0PTOvWK8kMze1uCQxtyC1SC8ExvbLL0llgABGJgYmLwaB3MycnMzi4My85FTXgvzkDB8G3tScxILi1BRfsEwJg4BPVmJZon5OYl66vk9+Xrp1RRGDFNSy5Py84vycVD1nCI1qPENFAZCObboTewToPj6QKXogU/TApnQ/mXCmX/k+EwOjFwNrWWJOaSrQXAGEIr/S3KTUorY1U2W5pzzohpoGAom2AFDfXeTyAAAA[0m[INFO] --- maven-resources-plugin:2.6:testResources (default-testResources) @ gameoflife-web ---
[8mha:////4Bqe3Sv8pPCkVczNS9im7Fp0A925U2L7K6FCHWpq3niUAAAAyx+LCAAAAAAAAP9b85aBtbiIQSOjNKU4P0+vIKc0PTOvWK8kMze1uCQxtyC1SC8ExvbLL0llgABGJgYmLwaB3MycnMzi4My85FTXgvzkDB8G3tScxILi1BRfsEwJg4BPVmJZon5OYl66vk9+Xrp1RRGDFNSy5Py84vycVD1nCI1qPENFAZCObboTewToPj6QKXogU/TApnQ/mXCmX/k+EwOjFwNrWWJOaSrQXAGEIr/S3KTUorY1U2W5pzzohpoGAom2AFDfXeTyAAAA[0m[INFO] Using 'UTF-8' encoding to copy filtered resources.
[8mha:////4Bqe3Sv8pPCkVczNS9im7Fp0A925U2L7K6FCHWpq3niUAAAAyx+LCAAAAAAAAP9b85aBtbiIQSOjNKU4P0+vIKc0PTOvWK8kMze1uCQxtyC1SC8ExvbLL0llgABGJgYmLwaB3MycnMzi4My85FTXgvzkDB8G3tScxILi1BRfsEwJg4BPVmJZon5OYl66vk9+Xrp1RRGDFNSy5Py84vycVD1nCI1qPENFAZCObboTewToPj6QKXogU/TApnQ/mXCmX/k+EwOjFwNrWWJOaSrQXAGEIr/S3KTUorY1U2W5pzzohpoGAom2AFDfXeTyAAAA[0m[INFO] skip non existing resourceDirectory /var/lib/jenkins/workspace/CTC_Demo/gameoflife-web/src/test/resources
[8mha:////4Bqe3Sv8pPCkVczNS9im7Fp0A925U2L7K6FCHWpq3niUAAAAyx+LCAAAAAAAAP9b85aBtbiIQSOjNKU4P0+vIKc0PTOvWK8kMze1uCQxtyC1SC8ExvbLL0llgABGJgYmLwaB3MycnMzi4My85FTXgvzkDB8G3tScxILi1BRfsEwJg4BPVmJZon5OYl66vk9+Xrp1RRGDFNSy5Py84vycVD1nCI1qPENFAZCObboTewToPj6QKXogU/TApnQ/mXCmX/k+EwOjFwNrWWJOaSrQXAGEIr/S3KTUorY1U2W5pzzohpoGAom2AFDfXeTyAAAA[0m[INFO] 
[8mha:////4Bqe3Sv8pPCkVczNS9im7Fp0A925U2L7K6FCHWpq3niUAAAAyx+LCAAAAAAAAP9b85aBtbiIQSOjNKU4P0+vIKc0PTOvWK8kMze1uCQxtyC1SC8ExvbLL0llgABGJgYmLwaB3MycnMzi4My85FTXgvzkDB8G3tScxILi1BRfsEwJg4BPVmJZon5OYl66vk9+Xrp1RRGDFNSy5Py84vycVD1nCI1qPENFAZCObboTewToPj6QKXogU/TApnQ/mXCmX/k+EwOjFwNrWWJOaSrQXAGEIr/S3KTUorY1U2W5pzzohpoGAom2AFDfXeTyAAAA[0m[INFO] --- maven-compiler-plugin:3.1:testCompile (default-testCompile) @ gameoflife-web ---
[8mha:////4Bqe3Sv8pPCkVczNS9im7Fp0A925U2L7K6FCHWpq3niUAAAAyx+LCAAAAAAAAP9b85aBtbiIQSOjNKU4P0+vIKc0PTOvWK8kMze1uCQxtyC1SC8ExvbLL0llgABGJgYmLwaB3MycnMzi4My85FTXgvzkDB8G3tScxILi1BRfsEwJg4BPVmJZon5OYl66vk9+Xrp1RRGDFNSy5Py84vycVD1nCI1qPENFAZCObboTewToPj6QKXogU/TApnQ/mXCmX/k+EwOjFwNrWWJOaSrQXAGEIr/S3KTUorY1U2W5pzzohpoGAom2AFDfXeTyAAAA[0m[INFO] Changes detected - recompiling the module!
[8mha:////4Bqe3Sv8pPCkVczNS9im7Fp0A925U2L7K6FCHWpq3niUAAAAyx+LCAAAAAAAAP9b85aBtbiIQSOjNKU4P0+vIKc0PTOvWK8kMze1uCQxtyC1SC8ExvbLL0llgABGJgYmLwaB3MycnMzi4My85FTXgvzkDB8G3tScxILi1BRfsEwJg4BPVmJZon5OYl66vk9+Xrp1RRGDFNSy5Py84vycVD1nCI1qPENFAZCObboTewToPj6QKXogU/TApnQ/mXCmX/k+EwOjFwNrWWJOaSrQXAGEIr/S3KTUorY1U2W5pzzohpoGAom2AFDfXeTyAAAA[0m[INFO] Compiling 3 source files to /var/lib/jenkins/workspace/CTC_Demo/gameoflife-web/target/test-classes
[8mha:////4Bqe3Sv8pPCkVczNS9im7Fp0A925U2L7K6FCHWpq3niUAAAAyx+LCAAAAAAAAP9b85aBtbiIQSOjNKU4P0+vIKc0PTOvWK8kMze1uCQxtyC1SC8ExvbLL0llgABGJgYmLwaB3MycnMzi4My85FTXgvzkDB8G3tScxILi1BRfsEwJg4BPVmJZon5OYl66vk9+Xrp1RRGDFNSy5Py84vycVD1nCI1qPENFAZCObboTewToPj6QKXogU/TApnQ/mXCmX/k+EwOjFwNrWWJOaSrQXAGEIr/S3KTUorY1U2W5pzzohpoGAom2AFDfXeTyAAAA[0m[INFO] 
[8mha:////4Bqe3Sv8pPCkVczNS9im7Fp0A925U2L7K6FCHWpq3niUAAAAyx+LCAAAAAAAAP9b85aBtbiIQSOjNKU4P0+vIKc0PTOvWK8kMze1uCQxtyC1SC8ExvbLL0llgABGJgYmLwaB3MycnMzi4My85FTXgvzkDB8G3tScxILi1BRfsEwJg4BPVmJZon5OYl66vk9+Xrp1RRGDFNSy5Py84vycVD1nCI1qPENFAZCObboTewToPj6QKXogU/TApnQ/mXCmX/k+EwOjFwNrWWJOaSrQXAGEIr/S3KTUorY1U2W5pzzohpoGAom2AFDfXeTyAAAA[0m[INFO] --- maven-surefire-plugin:2.11:test (default-test) @ gameoflife-web ---
[8mha:////4Bqe3Sv8pPCkVczNS9im7Fp0A925U2L7K6FCHWpq3niUAAAAyx+LCAAAAAAAAP9b85aBtbiIQSOjNKU4P0+vIKc0PTOvWK8kMze1uCQxtyC1SC8ExvbLL0llgABGJgYmLwaB3MycnMzi4My85FTXgvzkDB8G3tScxILi1BRfsEwJg4BPVmJZon5OYl66vk9+Xrp1RRGDFNSy5Py84vycVD1nCI1qPENFAZCObboTewToPj6QKXogU/TApnQ/mXCmX/k+EwOjFwNrWWJOaSrQXAGEIr/S3KTUorY1U2W5pzzohpoGAom2AFDfXeTyAAAA[0m[INFO] Tests are skipped.
[8mha:////4Bqe3Sv8pPCkVczNS9im7Fp0A925U2L7K6FCHWpq3niUAAAAyx+LCAAAAAAAAP9b85aBtbiIQSOjNKU4P0+vIKc0PTOvWK8kMze1uCQxtyC1SC8ExvbLL0llgABGJgYmLwaB3MycnMzi4My85FTXgvzkDB8G3tScxILi1BRfsEwJg4BPVmJZon5OYl66vk9+Xrp1RRGDFNSy5Py84vycVD1nCI1qPENFAZCObboTewToPj6QKXogU/TApnQ/mXCmX/k+EwOjFwNrWWJOaSrQXAGEIr/S3KTUorY1U2W5pzzohpoGAom2AFDfXeTyAAAA[0m[INFO] 
[8mha:////4Bqe3Sv8pPCkVczNS9im7Fp0A925U2L7K6FCHWpq3niUAAAAyx+LCAAAAAAAAP9b85aBtbiIQSOjNKU4P0+vIKc0PTOvWK8kMze1uCQxtyC1SC8ExvbLL0llgABGJgYmLwaB3MycnMzi4My85FTXgvzkDB8G3tScxILi1BRfsEwJg4BPVmJZon5OYl66vk9+Xrp1RRGDFNSy5Py84vycVD1nCI1qPENFAZCObboTewToPj6QKXogU/TApnQ/mXCmX/k+EwOjFwNrWWJOaSrQXAGEIr/S3KTUorY1U2W5pzzohpoGAom2AFDfXeTyAAAA[0m[INFO] --- maven-surefire-plugin:2.11:test (unit-tests) @ gameoflife-web ---
[8mha:////4Bqe3Sv8pPCkVczNS9im7Fp0A925U2L7K6FCHWpq3niUAAAAyx+LCAAAAAAAAP9b85aBtbiIQSOjNKU4P0+vIKc0PTOvWK8kMze1uCQxtyC1SC8ExvbLL0llgABGJgYmLwaB3MycnMzi4My85FTXgvzkDB8G3tScxILi1BRfsEwJg4BPVmJZon5OYl66vk9+Xrp1RRGDFNSy5Py84vycVD1nCI1qPENFAZCObboTewToPj6QKXogU/TApnQ/mXCmX/k+EwOjFwNrWWJOaSrQXAGEIr/S3KTUorY1U2W5pzzohpoGAom2AFDfXeTyAAAA[0m[INFO] Surefire report directory: /var/lib/jenkins/workspace/CTC_Demo/gameoflife-web/target/surefire-reports
[8mha:////4Bqe3Sv8pPCkVczNS9im7Fp0A925U2L7K6FCHWpq3niUAAAAyx+LCAAAAAAAAP9b85aBtbiIQSOjNKU4P0+vIKc0PTOvWK8kMze1uCQxtyC1SC8ExvbLL0llgABGJgYmLwaB3MycnMzi4My85FTXgvzkDB8G3tScxILi1BRfsEwJg4BPVmJZon5OYl66vk9+Xrp1RRGDFNSy5Py84vycVD1nCI1qPENFAZCObboTewToPj6QKXogU/TApnQ/mXCmX/k+EwOjFwNrWWJOaSrQXAGEIr/S3KTUorY1U2W5pzzohpoGAom2AFDfXeTyAAAA[0m
[8mha:////4Bqe3Sv8pPCkVczNS9im7Fp0A925U2L7K6FCHWpq3niUAAAAyx+LCAAAAAAAAP9b85aBtbiIQSOjNKU4P0+vIKc0PTOvWK8kMze1uCQxtyC1SC8ExvbLL0llgABGJgYmLwaB3MycnMzi4My85FTXgvzkDB8G3tScxILi1BRfsEwJg4BPVmJZon5OYl66vk9+Xrp1RRGDFNSy5Py84vycVD1nCI1qPENFAZCObboTewToPj6QKXogU/TApnQ/mXCmX/k+EwOjFwNrWWJOaSrQXAGEIr/S3KTUorY1U2W5pzzohpoGAom2AFDfXeTyAAAA[0m-------------------------------------------------------
[8mha:////4Bqe3Sv8pPCkVczNS9im7Fp0A925U2L7K6FCHWpq3niUAAAAyx+LCAAAAAAAAP9b85aBtbiIQSOjNKU4P0+vIKc0PTOvWK8kMze1uCQxtyC1SC8ExvbLL0llgABGJgYmLwaB3MycnMzi4My85FTXgvzkDB8G3tScxILi1BRfsEwJg4BPVmJZon5OYl66vk9+Xrp1RRGDFNSy5Py84vycVD1nCI1qPENFAZCObboTewToPj6QKXogU/TApnQ/mXCmX/k+EwOjFwNrWWJOaSrQXAGEIr/S3KTUorY1U2W5pzzohpoGAom2AFDfXeTyAAAA[0m T E S T S
[8mha:////4Bqe3Sv8pPCkVczNS9im7Fp0A925U2L7K6FCHWpq3niUAAAAyx+LCAAAAAAAAP9b85aBtbiIQSOjNKU4P0+vIKc0PTOvWK8kMze1uCQxtyC1SC8ExvbLL0llgABGJgYmLwaB3MycnMzi4My85FTXgvzkDB8G3tScxILi1BRfsEwJg4BPVmJZon5OYl66vk9+Xrp1RRGDFNSy5Py84vycVD1nCI1qPENFAZCObboTewToPj6QKXogU/TApnQ/mXCmX/k+EwOjFwNrWWJOaSrQXAGEIr/S3KTUorY1U2W5pzzohpoGAom2AFDfXeTyAAAA[0m-------------------------------------------------------
[8mha:////4FxwFmFyf95vIgPX0MXVuww60bdkj8HsGT9lqsfwYHp8AAAAyx+LCAAAAAAAAP9b85aBtbiIQSOjNKU4P0+vIKc0PTOvWK8kMze1uCQxtyC1SC8ExvbLL0llgABGJgYmLwaB3MycnMzi4My85FTXgvzkDB8G3tScxILi1BRfsEwJg4BPVmJZon5OYl66vk9+Xrp1RRGDFNSy5Py84vycVD1nCI1qPENFAZCObbqTGAZ0Hx/IFD2QKXpgU7qfTDjTr3yfiYHRi4G1LDGnNBVorgBCkV9pblJqUduaqbLcUx50Q00DgZTzAOwXCBDyAAAA[0mRunning com.wakaleo.gameoflife.webtests.controllers.WhenCreatingANewGame
[8mha:////4Lk5CRdcLEDopTR3zgQiP5qh86SlLocgG/vLellhStk+AAAAyx+LCAAAAAAAAP9b85aBtbiIQSOjNKU4P0+vIKc0PTOvWK8kMze1uCQxtyC1SC8ExvbLL0llgABGJgYmLwaB3MycnMzi4My85FTXgvzkDB8G3tScxILi1BRfsEwJg4BPVmJZon5OYl66vk9+Xrp1RRGDFNSy5Py84vycVD1nCI1qPENFAZCObbqTthDoPj6QKXogU/TApnQ/mXCmX/k+EwOjFwNrWWJOaSrQXAGEIr/S3KTUorY1U2W5pzzohpoGAllSADW7VXPyAAAA[0mTests run: 3, Failures: 0, Errors: 0, Skipped: 0, Time elapsed: 1.04 sec
[8mha:////4NiudD1Rpy2NGXMN6N/2fjy5ud0qF9xrhGnbaFnAmQPvAAAAyx+LCAAAAAAAAP9b85aBtbiIQSOjNKU4P0+vIKc0PTOvWK8kMze1uCQxtyC1SC8ExvbLL0llgABGJgYmLwaB3MycnMzi4My85FTXgvzkDB8G3tScxILi1BRfsEwJg4BPVmJZon5OYl66vk9+Xrp1RRGDFNSy5Py84vycVD1nCI1qPENFAZCObbqTthjoPj6QKXogU/TApnQ/mXCmX/k+EwOjFwNrWWJOaSrQXAGEIr/S3KTUorY1U2W5pzzohpoGAlkyAKLwxA3yAAAA[0mRunning com.wakaleo.gameoflife.webtests.controllers.WhenDisplayingTheHomePage
[8mha:////4BZ8q8t1+eiuhWS+UKfGEQkifYXM2TnBfaUFdVq+v4iRAAAAyx+LCAAAAAAAAP9b85aBtbiIQSOjNKU4P0+vIKc0PTOvWK8kMze1uCQxtyC1SC8ExvbLL0llgABGJgYmLwaB3MycnMzi4My85FTXgvzkDB8G3tScxILi1BRfsEwJg4BPVmJZon5OYl66vk9+Xrp1RRGDFNSy5Py84vycVD1nCI1qPENFAZCObbqTtgToPj6QKXogU/TApnQ/mXCmX/k+EwOjFwNrWWJOaSrQXAGEIr/S3KTUorY1U2W5pzzohpoGAlmyAMKCXFLyAAAA[0mTests run: 2, Failures: 0, Errors: 0, Skipped: 0, Time elapsed: 0.015 sec
[8mha:////4BZ8q8t1+eiuhWS+UKfGEQkifYXM2TnBfaUFdVq+v4iRAAAAyx+LCAAAAAAAAP9b85aBtbiIQSOjNKU4P0+vIKc0PTOvWK8kMze1uCQxtyC1SC8ExvbLL0llgABGJgYmLwaB3MycnMzi4My85FTXgvzkDB8G3tScxILi1BRfsEwJg4BPVmJZon5OYl66vk9+Xrp1RRGDFNSy5Py84vycVD1nCI1qPENFAZCObbqTtgToPj6QKXogU/TApnQ/mXCmX/k+EwOjFwNrWWJOaSrQXAGEIr/S3KTUorY1U2W5pzzohpoGAlmyAMKCXFLyAAAA[0mRunning com.wakaleo.gameoflife.webtests.controllers.WhenSpawningANewGeneration
[8mha:////4BZ8q8t1+eiuhWS+UKfGEQkifYXM2TnBfaUFdVq+v4iRAAAAyx+LCAAAAAAAAP9b85aBtbiIQSOjNKU4P0+vIKc0PTOvWK8kMze1uCQxtyC1SC8ExvbLL0llgABGJgYmLwaB3MycnMzi4My85FTXgvzkDB8G3tScxILi1BRfsEwJg4BPVmJZon5OYl66vk9+Xrp1RRGDFNSy5Py84vycVD1nCI1qPENFAZCObbqTtgToPj6QKXogU/TApnQ/mXCmX/k+EwOjFwNrWWJOaSrQXAGEIr/S3KTUorY1U2W5pzzohpoGAlmyAMKCXFLyAAAA[0mTests run: 2, Failures: 0, Errors: 0, Skipped: 0, Time elapsed: 0.047 sec
[8mha:////4NkbqXu2COyeDxDihgYluyVwncDgDovjjzzS93VKw0QmAAAAyx+LCAAAAAAAAP9b85aBtbiIQSOjNKU4P0+vIKc0PTOvWK8kMze1uCQxtyC1SC8ExvbLL0llgABGJgYmLwaB3MycnMzi4My85FTXgvzkDB8G3tScxILi1BRfsEwJg4BPVmJZon5OYl66vk9+Xrp1RRGDFNSy5Py84vycVD1nCI1qPENFAZCObbqTcQHoPj6QKXogU/TApnQ/mXCmX/k+EwOjFwNrWWJOaSrQXAGEIr/S3KTUorY1U2W5pzzohpoGAjmeANneHtHyAAAA[0m
[8mha:////4ITiPnud7U6L3axqh31KRXgh4GmKj3c/nwDgPa3q0fHnAAAAyx+LCAAAAAAAAP9b85aBtbiIQSOjNKU4P0+vIKc0PTOvWK8kMze1uCQxtyC1SC8ExvbLL0llgABGJgYmLwaB3MycnMzi4My85FTXgvzkDB8G3tScxILi1BRfsEwJg4BPVmJZon5OYl66vk9+Xrp1RRGDFNSy5Py84vycVD1nCI1qPENFAZCObbqTcRHoPj6QKXogU/TApnQ/mXCmX/k+EwOjFwNrWWJOaSrQXAGEIr/S3KTUorY1U2W5pzzohpoGAjleADL47gPyAAAA[0mResults :
[8mha:////4OjZxv5vL5izdUPLT5Vjd/yc4NoGnLFTzZwgrb2+jrdrAAAAyx+LCAAAAAAAAP9b85aBtbiIQSOjNKU4P0+vIKc0PTOvWK8kMze1uCQxtyC1SC8ExvbLL0llgABGJgYmLwaB3MycnMzi4My85FTXgvzkDB8G3tScxILi1BRfsEwJg4BPVmJZon5OYl66vk9+Xrp1RRGDFNSy5Py84vycVD1nCI1qPENFAZCObbqTcQnoPj6QKXogU/TApnQ/mXCmX/k+EwOjFwNrWWJOaSrQXAGEIr/S3KTUorY1U2W5pzzohpoGAjneAFdR4qjyAAAA[0m
[8mha:////4OjZxv5vL5izdUPLT5Vjd/yc4NoGnLFTzZwgrb2+jrdrAAAAyx+LCAAAAAAAAP9b85aBtbiIQSOjNKU4P0+vIKc0PTOvWK8kMze1uCQxtyC1SC8ExvbLL0llgABGJgYmLwaB3MycnMzi4My85FTXgvzkDB8G3tScxILi1BRfsEwJg4BPVmJZon5OYl66vk9+Xrp1RRGDFNSy5Py84vycVD1nCI1qPENFAZCObbqTcQnoPj6QKXogU/TApnQ/mXCmX/k+EwOjFwNrWWJOaSrQXAGEIr/S3KTUorY1U2W5pzzohpoGAjneAFdR4qjyAAAA[0mTests run: 7, Failures: 0, Errors: 0, Skipped: 0
[8mha:////4OjZxv5vL5izdUPLT5Vjd/yc4NoGnLFTzZwgrb2+jrdrAAAAyx+LCAAAAAAAAP9b85aBtbiIQSOjNKU4P0+vIKc0PTOvWK8kMze1uCQxtyC1SC8ExvbLL0llgABGJgYmLwaB3MycnMzi4My85FTXgvzkDB8G3tScxILi1BRfsEwJg4BPVmJZon5OYl66vk9+Xrp1RRGDFNSy5Py84vycVD1nCI1qPENFAZCObbqTcQnoPj6QKXogU/TApnQ/mXCmX/k+EwOjFwNrWWJOaSrQXAGEIr/S3KTUorY1U2W5pzzohpoGAjneAFdR4qjyAAAA[0m
[8mha:////4OjZxv5vL5izdUPLT5Vjd/yc4NoGnLFTzZwgrb2+jrdrAAAAyx+LCAAAAAAAAP9b85aBtbiIQSOjNKU4P0+vIKc0PTOvWK8kMze1uCQxtyC1SC8ExvbLL0llgABGJgYmLwaB3MycnMzi4My85FTXgvzkDB8G3tScxILi1BRfsEwJg4BPVmJZon5OYl66vk9+Xrp1RRGDFNSy5Py84vycVD1nCI1qPENFAZCObbqTcQnoPj6QKXogU/TApnQ/mXCmX/k+EwOjFwNrWWJOaSrQXAGEIr/S3KTUorY1U2W5pzzohpoGAjneAFdR4qjyAAAA[0m[INFO] 
[8mha:////4OjZxv5vL5izdUPLT5Vjd/yc4NoGnLFTzZwgrb2+jrdrAAAAyx+LCAAAAAAAAP9b85aBtbiIQSOjNKU4P0+vIKc0PTOvWK8kMze1uCQxtyC1SC8ExvbLL0llgABGJgYmLwaB3MycnMzi4My85FTXgvzkDB8G3tScxILi1BRfsEwJg4BPVmJZon5OYl66vk9+Xrp1RRGDFNSy5Py84vycVD1nCI1qPENFAZCObbqTcQnoPj6QKXogU/TApnQ/mXCmX/k+EwOjFwNrWWJOaSrQXAGEIr/S3KTUorY1U2W5pzzohpoGAjneAFdR4qjyAAAA[0m[INFO] --- maven-easyb-plugin:1.4:test (default) @ gameoflife-web ---
[8mha:////4OjZxv5vL5izdUPLT5Vjd/yc4NoGnLFTzZwgrb2+jrdrAAAAyx+LCAAAAAAAAP9b85aBtbiIQSOjNKU4P0+vIKc0PTOvWK8kMze1uCQxtyC1SC8ExvbLL0llgABGJgYmLwaB3MycnMzi4My85FTXgvzkDB8G3tScxILi1BRfsEwJg4BPVmJZon5OYl66vk9+Xrp1RRGDFNSy5Py84vycVD1nCI1qPENFAZCObbqTcQnoPj6QKXogU/TApnQ/mXCmX/k+EwOjFwNrWWJOaSrQXAGEIr/S3KTUorY1U2W5pzzohpoGAjneAFdR4qjyAAAA[0m[INFO] /var/lib/jenkins/workspace/CTC_Demo/gameoflife-web/src/test/stories does not exists.  Skipping easyb testing
[8mha:////4OjZxv5vL5izdUPLT5Vjd/yc4NoGnLFTzZwgrb2+jrdrAAAAyx+LCAAAAAAAAP9b85aBtbiIQSOjNKU4P0+vIKc0PTOvWK8kMze1uCQxtyC1SC8ExvbLL0llgABGJgYmLwaB3MycnMzi4My85FTXgvzkDB8G3tScxILi1BRfsEwJg4BPVmJZon5OYl66vk9+Xrp1RRGDFNSy5Py84vycVD1nCI1qPENFAZCObbqTcQnoPj6QKXogU/TApnQ/mXCmX/k+EwOjFwNrWWJOaSrQXAGEIr/S3KTUorY1U2W5pzzohpoGAjneAFdR4qjyAAAA[0m[INFO] 
[8mha:////4OjZxv5vL5izdUPLT5Vjd/yc4NoGnLFTzZwgrb2+jrdrAAAAyx+LCAAAAAAAAP9b85aBtbiIQSOjNKU4P0+vIKc0PTOvWK8kMze1uCQxtyC1SC8ExvbLL0llgABGJgYmLwaB3MycnMzi4My85FTXgvzkDB8G3tScxILi1BRfsEwJg4BPVmJZon5OYl66vk9+Xrp1RRGDFNSy5Py84vycVD1nCI1qPENFAZCObbqTcQnoPj6QKXogU/TApnQ/mXCmX/k+EwOjFwNrWWJOaSrQXAGEIr/S3KTUorY1U2W5pzzohpoGAjneAFdR4qjyAAAA[0m[INFO] --- maven-war-plugin:2.1.1:war (default-war) @ gameoflife-web ---
[8mha:////4OySAN45A06dy+RWJgzWi8Wc4KnG49fAa5OfOXbEARpFAAAAyx+LCAAAAAAAAP9b85aBtbiIQSOjNKU4P0+vIKc0PTOvWK8kMze1uCQxtyC1SC8ExvbLL0llgABGJgYmLwaB3MycnMzi4My85FTXgvzkDB8G3tScxILi1BRfsEwJg4BPVmJZon5OYl66vk9+Xrp1RRGDFNSy5Py84vycVD1nCI1qPENFAZCObbqTLQ50Hx/IFD2QKXpgU7qfTDjTr3yfiYHRi4G1LDGnNBVorgBCkV9pblJqUduaqbLcUx50Q00DgbwJAMmwDcryAAAA[0m[INFO] Packaging webapp
[8mha:////4Nudm/tbLAGYdQVDrSWkmwNI/CZ232LbbZFdhmFRuZuSAAAAyx+LCAAAAAAAAP9b85aBtbiIQSOjNKU4P0+vIKc0PTOvWK8kMze1uCQxtyC1SC8ExvbLL0llgABGJgYmLwaB3MycnMzi4My85FTXgvzkDB8G3tScxILi1BRfsEwJg4BPVmJZon5OYl66vk9+Xrp1RRGDFNSy5Py84vycVD1nCI1qPENFAZCObbqTLQl0Hx/IFD2QKXpgU7qfTDjTr3yfiYHRi4G1LDGnNBVorgBCkV9pblJqUduaqbLcUx50Q00DgbxJAAlUPXXyAAAA[0m[INFO] Assembling webapp [gameoflife-web] in [/var/lib/jenkins/workspace/CTC_Demo/gameoflife-web/target/gameoflife]
[8mha:////4NIOxr76rEj9vyX6PArG2GSd5NZGbrC8mwv0ZNoVxP0UAAAAyx+LCAAAAAAAAP9b85aBtbiIQSOjNKU4P0+vIKc0PTOvWK8kMze1uCQxtyC1SC8ExvbLL0llgABGJgYmLwaB3MycnMzi4My85FTXgvzkDB8G3tScxILi1BRfsEwJg4BPVmJZon5OYl66vk9+Xrp1RRGDFNSy5Py84vycVD1nCI1qPENFAZCObbqTLQV0Hx/IFD2QKXpgU7qfTDjTr3yfiYHRi4G1LDGnNBVorgBCkV9pblJqUduaqbLcUx50Q00DgbzJAGz9Md7yAAAA[0m[INFO] Processing war project
[8mha:////4NIOxr76rEj9vyX6PArG2GSd5NZGbrC8mwv0ZNoVxP0UAAAAyx+LCAAAAAAAAP9b85aBtbiIQSOjNKU4P0+vIKc0PTOvWK8kMze1uCQxtyC1SC8ExvbLL0llgABGJgYmLwaB3MycnMzi4My85FTXgvzkDB8G3tScxILi1BRfsEwJg4BPVmJZon5OYl66vk9+Xrp1RRGDFNSy5Py84vycVD1nCI1qPENFAZCObbqTLQV0Hx/IFD2QKXpgU7qfTDjTr3yfiYHRi4G1LDGnNBVorgBCkV9pblJqUduaqbLcUx50Q00DgbzJAGz9Md7yAAAA[0m[INFO] Copying webapp resources [/var/lib/jenkins/workspace/CTC_Demo/gameoflife-web/src/main/webapp]
[8mha:////4NIOxr76rEj9vyX6PArG2GSd5NZGbrC8mwv0ZNoVxP0UAAAAyx+LCAAAAAAAAP9b85aBtbiIQSOjNKU4P0+vIKc0PTOvWK8kMze1uCQxtyC1SC8ExvbLL0llgABGJgYmLwaB3MycnMzi4My85FTXgvzkDB8G3tScxILi1BRfsEwJg4BPVmJZon5OYl66vk9+Xrp1RRGDFNSy5Py84vycVD1nCI1qPENFAZCObbqTLQV0Hx/IFD2QKXpgU7qfTDjTr3yfiYHRi4G1LDGnNBVorgBCkV9pblJqUduaqbLcUx50Q00DgbzJAGz9Md7yAAAA[0m[INFO] Webapp assembled in [73 msecs]
[8mha:////4HvXQkXLj7KERMipO/h8avFAr7OM1mhnMh0za8wKy8hFAAAAyx+LCAAAAAAAAP9b85aBtbiIQSOjNKU4P0+vIKc0PTOvWK8kMze1uCQxtyC1SC8ExvbLL0llgABGJgYmLwaB3MycnMzi4My85FTXgvzkDB8G3tScxILi1BRfsEwJg4BPVmJZon5OYl66vk9+Xrp1RRGDFNSy5Py84vycVD1nCI1qPENFAZCObbqT6w10Hx/IFD2QKXpgU7qfTDjTr3yfiYHRi4G1LDGnNBVorgBCkV9pblJqUduaqbLcUx50Q00DgYIjAETFUtHyAAAA[0m[INFO] Building war: /var/lib/jenkins/workspace/CTC_Demo/gameoflife-web/target/gameoflife.war
[8mha:////4PZdd/NKYzWtRjzF1NZ1NRWObqrrCUBLrYNOZvmLEjMKAAAAyx+LCAAAAAAAAP9b85aBtbiIQSOjNKU4P0+vIKc0PTOvWK8kMze1uCQxtyC1SC8ExvbLL0llgABGJgYmLwaB3MycnMzi4My85FTXgvzkDB8G3tScxILi1BRfsEwJg4BPVmJZon5OYl66vk9+Xrp1RRGDFNSy5Py84vycVD1nCI1qPENFAZCObbqTXwZ0Hx/IFD2QKXpgU7qfTDjTr3yfiYHRi4G1LDGnNBVorgBCkV9pblJqUduaqbLcUx50Q00DgaL3AAnTcVfyAAAA[0m[INFO] WEB-INF/web.xml already added, skipping
[8mha:////4LZnbUtTfYed5Zz1BJXaRAoqVfEw3oV4Xw27W9IQD8aAAAAAyx+LCAAAAAAAAP9b85aBtbiIQSOjNKU4P0+vIKc0PTOvWK8kMze1uCQxtyC1SC8ExvbLL0llgABGJgYmLwaB3MycnMzi4My85FTXgvzkDB8G3tScxILi1BRfsEwJg4BPVmJZon5OYl66vk9+Xrp1RRGDFNSy5Py84vycVD1nCI1qPENFAZCObbqTXw50Hx/IFD2QKXpgU7qfTDjTr3yfiYHRi4G1LDGnNBVorgBCkV9pblJqUduaqbLcUx50Q00DgaIPAK2pgJHyAAAA[0m[INFO] ------------------------------------------------------------------------
[8mha:////4LZnbUtTfYed5Zz1BJXaRAoqVfEw3oV4Xw27W9IQD8aAAAAAyx+LCAAAAAAAAP9b85aBtbiIQSOjNKU4P0+vIKc0PTOvWK8kMze1uCQxtyC1SC8ExvbLL0llgABGJgYmLwaB3MycnMzi4My85FTXgvzkDB8G3tScxILi1BRfsEwJg4BPVmJZon5OYl66vk9+Xrp1RRGDFNSy5Py84vycVD1nCI1qPENFAZCObbqTXw50Hx/IFD2QKXpgU7qfTDjTr3yfiYHRi4G1LDGnNBVorgBCkV9pblJqUduaqbLcUx50Q00DgaIPAK2pgJHyAAAA[0m[INFO] Reactor Summary:
[8mha:////4LZnbUtTfYed5Zz1BJXaRAoqVfEw3oV4Xw27W9IQD8aAAAAAyx+LCAAAAAAAAP9b85aBtbiIQSOjNKU4P0+vIKc0PTOvWK8kMze1uCQxtyC1SC8ExvbLL0llgABGJgYmLwaB3MycnMzi4My85FTXgvzkDB8G3tScxILi1BRfsEwJg4BPVmJZon5OYl66vk9+Xrp1RRGDFNSy5Py84vycVD1nCI1qPENFAZCObbqTXw50Hx/IFD2QKXpgU7qfTDjTr3yfiYHRi4G1LDGnNBVorgBCkV9pblJqUduaqbLcUx50Q00DgaIPAK2pgJHyAAAA[0m[INFO] 
[8mha:////4LZnbUtTfYed5Zz1BJXaRAoqVfEw3oV4Xw27W9IQD8aAAAAAyx+LCAAAAAAAAP9b85aBtbiIQSOjNKU4P0+vIKc0PTOvWK8kMze1uCQxtyC1SC8ExvbLL0llgABGJgYmLwaB3MycnMzi4My85FTXgvzkDB8G3tScxILi1BRfsEwJg4BPVmJZon5OYl66vk9+Xrp1RRGDFNSy5Py84vycVD1nCI1qPENFAZCObbqTXw50Hx/IFD2QKXpgU7qfTDjTr3yfiYHRi4G1LDGnNBVorgBCkV9pblJqUduaqbLcUx50Q00DgaIPAK2pgJHyAAAA[0m[INFO] gameoflife ......................................... SUCCESS [  5.052 s]
[8mha:////4LZnbUtTfYed5Zz1BJXaRAoqVfEw3oV4Xw27W9IQD8aAAAAAyx+LCAAAAAAAAP9b85aBtbiIQSOjNKU4P0+vIKc0PTOvWK8kMze1uCQxtyC1SC8ExvbLL0llgABGJgYmLwaB3MycnMzi4My85FTXgvzkDB8G3tScxILi1BRfsEwJg4BPVmJZon5OYl66vk9+Xrp1RRGDFNSy5Py84vycVD1nCI1qPENFAZCObbqTXw50Hx/IFD2QKXpgU7qfTDjTr3yfiYHRi4G1LDGnNBVorgBCkV9pblJqUduaqbLcUx50Q00DgaIPAK2pgJHyAAAA[0m[INFO] gameoflife-build ................................... SUCCESS [  1.806 s]
[8mha:////4LZnbUtTfYed5Zz1BJXaRAoqVfEw3oV4Xw27W9IQD8aAAAAAyx+LCAAAAAAAAP9b85aBtbiIQSOjNKU4P0+vIKc0PTOvWK8kMze1uCQxtyC1SC8ExvbLL0llgABGJgYmLwaB3MycnMzi4My85FTXgvzkDB8G3tScxILi1BRfsEwJg4BPVmJZon5OYl66vk9+Xrp1RRGDFNSy5Py84vycVD1nCI1qPENFAZCObbqTXw50Hx/IFD2QKXpgU7qfTDjTr3yfiYHRi4G1LDGnNBVorgBCkV9pblJqUduaqbLcUx50Q00DgaIPAK2pgJHyAAAA[0m[INFO] gameoflife-core .................................... SUCCESS [ 10.285 s]
[8mha:////4LZnbUtTfYed5Zz1BJXaRAoqVfEw3oV4Xw27W9IQD8aAAAAAyx+LCAAAAAAAAP9b85aBtbiIQSOjNKU4P0+vIKc0PTOvWK8kMze1uCQxtyC1SC8ExvbLL0llgABGJgYmLwaB3MycnMzi4My85FTXgvzkDB8G3tScxILi1BRfsEwJg4BPVmJZon5OYl66vk9+Xrp1RRGDFNSy5Py84vycVD1nCI1qPENFAZCObbqTXw50Hx/IFD2QKXpgU7qfTDjTr3yfiYHRi4G1LDGnNBVorgBCkV9pblJqUduaqbLcUx50Q00DgaIPAK2pgJHyAAAA[0m[INFO] gameoflife-web ..................................... SUCCESS [  4.759 s]
[8mha:////4LZnbUtTfYed5Zz1BJXaRAoqVfEw3oV4Xw27W9IQD8aAAAAAyx+LCAAAAAAAAP9b85aBtbiIQSOjNKU4P0+vIKc0PTOvWK8kMze1uCQxtyC1SC8ExvbLL0llgABGJgYmLwaB3MycnMzi4My85FTXgvzkDB8G3tScxILi1BRfsEwJg4BPVmJZon5OYl66vk9+Xrp1RRGDFNSy5Py84vycVD1nCI1qPENFAZCObbqTXw50Hx/IFD2QKXpgU7qfTDjTr3yfiYHRi4G1LDGnNBVorgBCkV9pblJqUduaqbLcUx50Q00DgaIPAK2pgJHyAAAA[0m[INFO] ------------------------------------------------------------------------
[8mha:////4LZnbUtTfYed5Zz1BJXaRAoqVfEw3oV4Xw27W9IQD8aAAAAAyx+LCAAAAAAAAP9b85aBtbiIQSOjNKU4P0+vIKc0PTOvWK8kMze1uCQxtyC1SC8ExvbLL0llgABGJgYmLwaB3MycnMzi4My85FTXgvzkDB8G3tScxILi1BRfsEwJg4BPVmJZon5OYl66vk9+Xrp1RRGDFNSy5Py84vycVD1nCI1qPENFAZCObbqTXw50Hx/IFD2QKXpgU7qfTDjTr3yfiYHRi4G1LDGnNBVorgBCkV9pblJqUduaqbLcUx50Q00DgaIPAK2pgJHyAAAA[0m[INFO] BUILD SUCCESS
[8mha:////4LZnbUtTfYed5Zz1BJXaRAoqVfEw3oV4Xw27W9IQD8aAAAAAyx+LCAAAAAAAAP9b85aBtbiIQSOjNKU4P0+vIKc0PTOvWK8kMze1uCQxtyC1SC8ExvbLL0llgABGJgYmLwaB3MycnMzi4My85FTXgvzkDB8G3tScxILi1BRfsEwJg4BPVmJZon5OYl66vk9+Xrp1RRGDFNSy5Py84vycVD1nCI1qPENFAZCObbqTXw50Hx/IFD2QKXpgU7qfTDjTr3yfiYHRi4G1LDGnNBVorgBCkV9pblJqUduaqbLcUx50Q00DgaIPAK2pgJHyAAAA[0m[INFO] ------------------------------------------------------------------------
[8mha:////4LZnbUtTfYed5Zz1BJXaRAoqVfEw3oV4Xw27W9IQD8aAAAAAyx+LCAAAAAAAAP9b85aBtbiIQSOjNKU4P0+vIKc0PTOvWK8kMze1uCQxtyC1SC8ExvbLL0llgABGJgYmLwaB3MycnMzi4My85FTXgvzkDB8G3tScxILi1BRfsEwJg4BPVmJZon5OYl66vk9+Xrp1RRGDFNSy5Py84vycVD1nCI1qPENFAZCObbqTXw50Hx/IFD2QKXpgU7qfTDjTr3yfiYHRi4G1LDGnNBVorgBCkV9pblJqUduaqbLcUx50Q00DgaIPAK2pgJHyAAAA[0m[INFO] Total time: 22.758 s
[8mha:////4LZnbUtTfYed5Zz1BJXaRAoqVfEw3oV4Xw27W9IQD8aAAAAAyx+LCAAAAAAAAP9b85aBtbiIQSOjNKU4P0+vIKc0PTOvWK8kMze1uCQxtyC1SC8ExvbLL0llgABGJgYmLwaB3MycnMzi4My85FTXgvzkDB8G3tScxILi1BRfsEwJg4BPVmJZon5OYl66vk9+Xrp1RRGDFNSy5Py84vycVD1nCI1qPENFAZCObbqTXw50Hx/IFD2QKXpgU7qfTDjTr3yfiYHRi4G1LDGnNBVorgBCkV9pblJqUduaqbLcUx50Q00DgaIPAK2pgJHyAAAA[0m[INFO] Finished at: 2017-07-27T12:34:30+05:30
[8mha:////4G8K2KtFBI5w/sWux1TygPF2v3ztSPEoSRnuhTU0CHKAAAAAyx+LCAAAAAAAAP9b85aBtbiIQSOjNKU4P0+vIKc0PTOvWK8kMze1uCQxtyC1SC8ExvbLL0llgABGJgYmLwaB3MycnMzi4My85FTXgvzkDB8G3tScxILi1BRfsEwJg4BPVmJZon5OYl66vk9+Xrp1RRGDFNSy5Py84vycVD1nCI1qPENFAZCObbpTUAJ0Hx/IFD2QKXpgU7qfTDjTr3yfiYHRi4G1LDGnNBVorgBCkV9pblJqUduaqbLcUx50Q00DgeK3ABTiVJvyAAAA[0m[INFO] Final Memory: 32M/478M
[8mha:////4P6A3JFMkZi5+x04DuK4ZciSuuxAUQHkOmEfdScpsHYKAAAAyx+LCAAAAAAAAP9b85aBtbiIQSOjNKU4P0+vIKc0PTOvWK8kMze1uCQxtyC1SC8ExvbLL0llgABGJgYmLwaB3MycnMzi4My85FTXgvzkDB8G3tScxILi1BRfsEwJg4BPVmJZon5OYl66vk9+Xrp1RRGDFNSy5Py84vycVD1nCI1qPENFAZCObbpTUAZ0Hx/IFD2QKXpgU7qfTDjTr3yfiYHRi4G1LDGnNBVorgBCkV9pblJqUduaqbLcUx50Q00DgeL3AJptqOLyAAAA[0m[INFO] ------------------------------------------------------------------------
