[8mha:////4NJZOQgljWqFX02Z4xP3IwbcZXgCoascIqJUxeiiKWBDAAAAyx+LCAAAAAAAAP9b85aBtbiIQSOjNKU4P0+vIKc0PTOvWK8kMze1uCQxtyC1SC8ExvbLL0llgABGJgYmLwaB3MycnMzi4My85FTXgvzkDB8G3tScxILi1BRfsEwJg4BPVmJZon5OYl66vk9+Xrp1RRGDFNSy5Py84vycVD1nCI1qPENFAZCObXqbsh3oPj6QKXogU/TApnQ/mXCmX/k+EwOjFwNrWWJOaSrQXAGEIr/S3KTUorY1U2W5pzzohpoGArzsAHv0TdfyAAAA[0m[CTC_Demo] Running shell script
[8mha:////4PnnQtU2MAtOAJkl2lffivw3Yzgvqu2xcQe/bpj0yuoIAAAAyx+LCAAAAAAAAP9b85aBtbiIQSOjNKU4P0+vIKc0PTOvWK8kMze1uCQxtyC1SC8ExvbLL0llgABGJgYmLwaB3MycnMzi4My85FTXgvzkDB8G3tScxILi1BRfsEwJg4BPVmJZon5OYl66vk9+Xrp1RRGDFNSy5Py84vycVD1nCI1qPENFAZCObXqbxgB0Hx/IFD2QKXpgU7qfTDjTr3yfiYHRi4G1LDGnNBVorgBCkV9pblJqUduaqbLcUx50Q00DAb4AALu4BSfyAAAA[0m+ /opt/maven/bin/mvn clean package
[8mha:////4Bc0IEt/23zGfJGxFYfLwfqEpbT/LigQpVC9lYGtzNocAAAAyx+LCAAAAAAAAP9b85aBtbiIQSOjNKU4P0+vIKc0PTOvWK8kMze1uCQxtyC1SC8ExvbLL0llgABGJgYmLwaB3MycnMzi4My85FTXgvzkDB8G3tScxILi1BRfsEwJg4BPVmJZon5OYl66vk9+Xrp1RRGDFNSy5Py84vycVD1nCI1qPENFAZCObXpbpgt0Hx/IFD2QKXpgU7qfTDjTr3yfiYHRi4G1LDGnNBVorgBCkV9pblJqUduaqbLcUx50Q00DAblaAL2sR3XyAAAA[0m[INFO] Scanning for projects...
[8mha:////4NAPinvSEpnmOqrMcH5lFK6HvOc6qAL7+H43zTK1UYeiAAAAyx+LCAAAAAAAAP9b85aBtbiIQSOjNKU4P0+vIKc0PTOvWK8kMze1uCQxtyC1SC8ExvbLL0llgABGJgYmLwaB3MycnMzi4My85FTXgvzkDB8G3tScxILi1BRfsEwJg4BPVmJZon5OYl66vk9+Xrp1RRGDFNSy5Py84vycVD1nCI1qPENFAZCObXpbpgd0Hx/IFD2QKXpgU7qfTDjTr3yfiYHRi4G1LDGnNBVorgBCkV9pblJqUduaqbLcUx50Q00DAbk6APRkRTDyAAAA[0m[WARNING] 
[8mha:////4NAPinvSEpnmOqrMcH5lFK6HvOc6qAL7+H43zTK1UYeiAAAAyx+LCAAAAAAAAP9b85aBtbiIQSOjNKU4P0+vIKc0PTOvWK8kMze1uCQxtyC1SC8ExvbLL0llgABGJgYmLwaB3MycnMzi4My85FTXgvzkDB8G3tScxILi1BRfsEwJg4BPVmJZon5OYl66vk9+Xrp1RRGDFNSy5Py84vycVD1nCI1qPENFAZCObXpbpgd0Hx/IFD2QKXpgU7qfTDjTr3yfiYHRi4G1LDGnNBVorgBCkV9pblJqUduaqbLcUx50Q00DAbk6APRkRTDyAAAA[0m[WARNING] Some problems were encountered while building the effective model for com.wakaleo.gameoflife:gameoflife-build:jar:1.0-SNAPSHOT
[8mha:////4NAPinvSEpnmOqrMcH5lFK6HvOc6qAL7+H43zTK1UYeiAAAAyx+LCAAAAAAAAP9b85aBtbiIQSOjNKU4P0+vIKc0PTOvWK8kMze1uCQxtyC1SC8ExvbLL0llgABGJgYmLwaB3MycnMzi4My85FTXgvzkDB8G3tScxILi1BRfsEwJg4BPVmJZon5OYl66vk9+Xrp1RRGDFNSy5Py84vycVD1nCI1qPENFAZCObXpbpgd0Hx/IFD2QKXpgU7qfTDjTr3yfiYHRi4G1LDGnNBVorgBCkV9pblJqUduaqbLcUx50Q00DAbk6APRkRTDyAAAA[0m[WARNING] Reporting configuration should be done in <reporting> section, not in maven-site-plugin <configuration> as reportPlugins parameter.
[8mha:////4NAPinvSEpnmOqrMcH5lFK6HvOc6qAL7+H43zTK1UYeiAAAAyx+LCAAAAAAAAP9b85aBtbiIQSOjNKU4P0+vIKc0PTOvWK8kMze1uCQxtyC1SC8ExvbLL0llgABGJgYmLwaB3MycnMzi4My85FTXgvzkDB8G3tScxILi1BRfsEwJg4BPVmJZon5OYl66vk9+Xrp1RRGDFNSy5Py84vycVD1nCI1qPENFAZCObXpbpgd0Hx/IFD2QKXpgU7qfTDjTr3yfiYHRi4G1LDGnNBVorgBCkV9pblJqUduaqbLcUx50Q00DAbk6APRkRTDyAAAA[0m[WARNING] 
[8mha:////4NAPinvSEpnmOqrMcH5lFK6HvOc6qAL7+H43zTK1UYeiAAAAyx+LCAAAAAAAAP9b85aBtbiIQSOjNKU4P0+vIKc0PTOvWK8kMze1uCQxtyC1SC8ExvbLL0llgABGJgYmLwaB3MycnMzi4My85FTXgvzkDB8G3tScxILi1BRfsEwJg4BPVmJZon5OYl66vk9+Xrp1RRGDFNSy5Py84vycVD1nCI1qPENFAZCObXpbpgd0Hx/IFD2QKXpgU7qfTDjTr3yfiYHRi4G1LDGnNBVorgBCkV9pblJqUduaqbLcUx50Q00DAbk6APRkRTDyAAAA[0m[WARNING] Some problems were encountered while building the effective model for com.wakaleo.gameoflife:gameoflife-core:jar:1.0-SNAPSHOT
[8mha:////4NAPinvSEpnmOqrMcH5lFK6HvOc6qAL7+H43zTK1UYeiAAAAyx+LCAAAAAAAAP9b85aBtbiIQSOjNKU4P0+vIKc0PTOvWK8kMze1uCQxtyC1SC8ExvbLL0llgABGJgYmLwaB3MycnMzi4My85FTXgvzkDB8G3tScxILi1BRfsEwJg4BPVmJZon5OYl66vk9+Xrp1RRGDFNSy5Py84vycVD1nCI1qPENFAZCObXpbpgd0Hx/IFD2QKXpgU7qfTDjTr3yfiYHRi4G1LDGnNBVorgBCkV9pblJqUduaqbLcUx50Q00DAbk6APRkRTDyAAAA[0m[WARNING] Reporting configuration should be done in <reporting> section, not in maven-site-plugin <configuration> as reportPlugins parameter.
[8mha:////4NAPinvSEpnmOqrMcH5lFK6HvOc6qAL7+H43zTK1UYeiAAAAyx+LCAAAAAAAAP9b85aBtbiIQSOjNKU4P0+vIKc0PTOvWK8kMze1uCQxtyC1SC8ExvbLL0llgABGJgYmLwaB3MycnMzi4My85FTXgvzkDB8G3tScxILi1BRfsEwJg4BPVmJZon5OYl66vk9+Xrp1RRGDFNSy5Py84vycVD1nCI1qPENFAZCObXpbpgd0Hx/IFD2QKXpgU7qfTDjTr3yfiYHRi4G1LDGnNBVorgBCkV9pblJqUduaqbLcUx50Q00DAbk6APRkRTDyAAAA[0m[WARNING] 
[8mha:////4NAPinvSEpnmOqrMcH5lFK6HvOc6qAL7+H43zTK1UYeiAAAAyx+LCAAAAAAAAP9b85aBtbiIQSOjNKU4P0+vIKc0PTOvWK8kMze1uCQxtyC1SC8ExvbLL0llgABGJgYmLwaB3MycnMzi4My85FTXgvzkDB8G3tScxILi1BRfsEwJg4BPVmJZon5OYl66vk9+Xrp1RRGDFNSy5Py84vycVD1nCI1qPENFAZCObXpbpgd0Hx/IFD2QKXpgU7qfTDjTr3yfiYHRi4G1LDGnNBVorgBCkV9pblJqUduaqbLcUx50Q00DAbk6APRkRTDyAAAA[0m[WARNING] Some problems were encountered while building the effective model for com.wakaleo.gameoflife:gameoflife-web:war:1.0-SNAPSHOT
[8mha:////4NAPinvSEpnmOqrMcH5lFK6HvOc6qAL7+H43zTK1UYeiAAAAyx+LCAAAAAAAAP9b85aBtbiIQSOjNKU4P0+vIKc0PTOvWK8kMze1uCQxtyC1SC8ExvbLL0llgABGJgYmLwaB3MycnMzi4My85FTXgvzkDB8G3tScxILi1BRfsEwJg4BPVmJZon5OYl66vk9+Xrp1RRGDFNSy5Py84vycVD1nCI1qPENFAZCObXpbpgd0Hx/IFD2QKXpgU7qfTDjTr3yfiYHRi4G1LDGnNBVorgBCkV9pblJqUduaqbLcUx50Q00DAbk6APRkRTDyAAAA[0m[WARNING] Reporting configuration should be done in <reporting> section, not in maven-site-plugin <configuration> as reportPlugins parameter.
[8mha:////4NAPinvSEpnmOqrMcH5lFK6HvOc6qAL7+H43zTK1UYeiAAAAyx+LCAAAAAAAAP9b85aBtbiIQSOjNKU4P0+vIKc0PTOvWK8kMze1uCQxtyC1SC8ExvbLL0llgABGJgYmLwaB3MycnMzi4My85FTXgvzkDB8G3tScxILi1BRfsEwJg4BPVmJZon5OYl66vk9+Xrp1RRGDFNSy5Py84vycVD1nCI1qPENFAZCObXpbpgd0Hx/IFD2QKXpgU7qfTDjTr3yfiYHRi4G1LDGnNBVorgBCkV9pblJqUduaqbLcUx50Q00DAbk6APRkRTDyAAAA[0m[WARNING] 
[8mha:////4NAPinvSEpnmOqrMcH5lFK6HvOc6qAL7+H43zTK1UYeiAAAAyx+LCAAAAAAAAP9b85aBtbiIQSOjNKU4P0+vIKc0PTOvWK8kMze1uCQxtyC1SC8ExvbLL0llgABGJgYmLwaB3MycnMzi4My85FTXgvzkDB8G3tScxILi1BRfsEwJg4BPVmJZon5OYl66vk9+Xrp1RRGDFNSy5Py84vycVD1nCI1qPENFAZCObXpbpgd0Hx/IFD2QKXpgU7qfTDjTr3yfiYHRi4G1LDGnNBVorgBCkV9pblJqUduaqbLcUx50Q00DAbk6APRkRTDyAAAA[0m[WARNING] Some problems were encountered while building the effective model for com.wakaleo.gameoflife:gameoflife:pom:1.0-SNAPSHOT
[8mha:////4NAPinvSEpnmOqrMcH5lFK6HvOc6qAL7+H43zTK1UYeiAAAAyx+LCAAAAAAAAP9b85aBtbiIQSOjNKU4P0+vIKc0PTOvWK8kMze1uCQxtyC1SC8ExvbLL0llgABGJgYmLwaB3MycnMzi4My85FTXgvzkDB8G3tScxILi1BRfsEwJg4BPVmJZon5OYl66vk9+Xrp1RRGDFNSy5Py84vycVD1nCI1qPENFAZCObXpbpgd0Hx/IFD2QKXpgU7qfTDjTr3yfiYHRi4G1LDGnNBVorgBCkV9pblJqUduaqbLcUx50Q00DAbk6APRkRTDyAAAA[0m[WARNING] Reporting configuration should be done in <reporting> section, not in maven-site-plugin <configuration> as reportPlugins parameter. @ line 302, column 40
[8mha:////4NAPinvSEpnmOqrMcH5lFK6HvOc6qAL7+H43zTK1UYeiAAAAyx+LCAAAAAAAAP9b85aBtbiIQSOjNKU4P0+vIKc0PTOvWK8kMze1uCQxtyC1SC8ExvbLL0llgABGJgYmLwaB3MycnMzi4My85FTXgvzkDB8G3tScxILi1BRfsEwJg4BPVmJZon5OYl66vk9+Xrp1RRGDFNSy5Py84vycVD1nCI1qPENFAZCObXpbpgd0Hx/IFD2QKXpgU7qfTDjTr3yfiYHRi4G1LDGnNBVorgBCkV9pblJqUduaqbLcUx50Q00DAbk6APRkRTDyAAAA[0m[WARNING] 
[8mha:////4NAPinvSEpnmOqrMcH5lFK6HvOc6qAL7+H43zTK1UYeiAAAAyx+LCAAAAAAAAP9b85aBtbiIQSOjNKU4P0+vIKc0PTOvWK8kMze1uCQxtyC1SC8ExvbLL0llgABGJgYmLwaB3MycnMzi4My85FTXgvzkDB8G3tScxILi1BRfsEwJg4BPVmJZon5OYl66vk9+Xrp1RRGDFNSy5Py84vycVD1nCI1qPENFAZCObXpbpgd0Hx/IFD2QKXpgU7qfTDjTr3yfiYHRi4G1LDGnNBVorgBCkV9pblJqUduaqbLcUx50Q00DAbk6APRkRTDyAAAA[0m[WARNING] It is highly recommended to fix these problems because they threaten the stability of your build.
[8mha:////4NAPinvSEpnmOqrMcH5lFK6HvOc6qAL7+H43zTK1UYeiAAAAyx+LCAAAAAAAAP9b85aBtbiIQSOjNKU4P0+vIKc0PTOvWK8kMze1uCQxtyC1SC8ExvbLL0llgABGJgYmLwaB3MycnMzi4My85FTXgvzkDB8G3tScxILi1BRfsEwJg4BPVmJZon5OYl66vk9+Xrp1RRGDFNSy5Py84vycVD1nCI1qPENFAZCObXpbpgd0Hx/IFD2QKXpgU7qfTDjTr3yfiYHRi4G1LDGnNBVorgBCkV9pblJqUduaqbLcUx50Q00DAbk6APRkRTDyAAAA[0m[WARNING] 
[8mha:////4NAPinvSEpnmOqrMcH5lFK6HvOc6qAL7+H43zTK1UYeiAAAAyx+LCAAAAAAAAP9b85aBtbiIQSOjNKU4P0+vIKc0PTOvWK8kMze1uCQxtyC1SC8ExvbLL0llgABGJgYmLwaB3MycnMzi4My85FTXgvzkDB8G3tScxILi1BRfsEwJg4BPVmJZon5OYl66vk9+Xrp1RRGDFNSy5Py84vycVD1nCI1qPENFAZCObXpbpgd0Hx/IFD2QKXpgU7qfTDjTr3yfiYHRi4G1LDGnNBVorgBCkV9pblJqUduaqbLcUx50Q00DAbk6APRkRTDyAAAA[0m[WARNING] For this reason, future Maven versions might no longer support building such malformed projects.
[8mha:////4NAPinvSEpnmOqrMcH5lFK6HvOc6qAL7+H43zTK1UYeiAAAAyx+LCAAAAAAAAP9b85aBtbiIQSOjNKU4P0+vIKc0PTOvWK8kMze1uCQxtyC1SC8ExvbLL0llgABGJgYmLwaB3MycnMzi4My85FTXgvzkDB8G3tScxILi1BRfsEwJg4BPVmJZon5OYl66vk9+Xrp1RRGDFNSy5Py84vycVD1nCI1qPENFAZCObXpbpgd0Hx/IFD2QKXpgU7qfTDjTr3yfiYHRi4G1LDGnNBVorgBCkV9pblJqUduaqbLcUx50Q00DAbk6APRkRTDyAAAA[0m[WARNING] 
[8mha:////4NAPinvSEpnmOqrMcH5lFK6HvOc6qAL7+H43zTK1UYeiAAAAyx+LCAAAAAAAAP9b85aBtbiIQSOjNKU4P0+vIKc0PTOvWK8kMze1uCQxtyC1SC8ExvbLL0llgABGJgYmLwaB3MycnMzi4My85FTXgvzkDB8G3tScxILi1BRfsEwJg4BPVmJZon5OYl66vk9+Xrp1RRGDFNSy5Py84vycVD1nCI1qPENFAZCObXpbpgd0Hx/IFD2QKXpgU7qfTDjTr3yfiYHRi4G1LDGnNBVorgBCkV9pblJqUduaqbLcUx50Q00DAbk6APRkRTDyAAAA[0m[INFO] ------------------------------------------------------------------------
[8mha:////4NAPinvSEpnmOqrMcH5lFK6HvOc6qAL7+H43zTK1UYeiAAAAyx+LCAAAAAAAAP9b85aBtbiIQSOjNKU4P0+vIKc0PTOvWK8kMze1uCQxtyC1SC8ExvbLL0llgABGJgYmLwaB3MycnMzi4My85FTXgvzkDB8G3tScxILi1BRfsEwJg4BPVmJZon5OYl66vk9+Xrp1RRGDFNSy5Py84vycVD1nCI1qPENFAZCObXpbpgd0Hx/IFD2QKXpgU7qfTDjTr3yfiYHRi4G1LDGnNBVorgBCkV9pblJqUduaqbLcUx50Q00DAbk6APRkRTDyAAAA[0m[INFO] Reactor Build Order:
[8mha:////4NAPinvSEpnmOqrMcH5lFK6HvOc6qAL7+H43zTK1UYeiAAAAyx+LCAAAAAAAAP9b85aBtbiIQSOjNKU4P0+vIKc0PTOvWK8kMze1uCQxtyC1SC8ExvbLL0llgABGJgYmLwaB3MycnMzi4My85FTXgvzkDB8G3tScxILi1BRfsEwJg4BPVmJZon5OYl66vk9+Xrp1RRGDFNSy5Py84vycVD1nCI1qPENFAZCObXpbpgd0Hx/IFD2QKXpgU7qfTDjTr3yfiYHRi4G1LDGnNBVorgBCkV9pblJqUduaqbLcUx50Q00DAbk6APRkRTDyAAAA[0m[INFO] 
[8mha:////4NAPinvSEpnmOqrMcH5lFK6HvOc6qAL7+H43zTK1UYeiAAAAyx+LCAAAAAAAAP9b85aBtbiIQSOjNKU4P0+vIKc0PTOvWK8kMze1uCQxtyC1SC8ExvbLL0llgABGJgYmLwaB3MycnMzi4My85FTXgvzkDB8G3tScxILi1BRfsEwJg4BPVmJZon5OYl66vk9+Xrp1RRGDFNSy5Py84vycVD1nCI1qPENFAZCObXpbpgd0Hx/IFD2QKXpgU7qfTDjTr3yfiYHRi4G1LDGnNBVorgBCkV9pblJqUduaqbLcUx50Q00DAbk6APRkRTDyAAAA[0m[INFO] gameoflife
[8mha:////4NAPinvSEpnmOqrMcH5lFK6HvOc6qAL7+H43zTK1UYeiAAAAyx+LCAAAAAAAAP9b85aBtbiIQSOjNKU4P0+vIKc0PTOvWK8kMze1uCQxtyC1SC8ExvbLL0llgABGJgYmLwaB3MycnMzi4My85FTXgvzkDB8G3tScxILi1BRfsEwJg4BPVmJZon5OYl66vk9+Xrp1RRGDFNSy5Py84vycVD1nCI1qPENFAZCObXpbpgd0Hx/IFD2QKXpgU7qfTDjTr3yfiYHRi4G1LDGnNBVorgBCkV9pblJqUduaqbLcUx50Q00DAbk6APRkRTDyAAAA[0m[INFO] gameoflife-build
[8mha:////4NAPinvSEpnmOqrMcH5lFK6HvOc6qAL7+H43zTK1UYeiAAAAyx+LCAAAAAAAAP9b85aBtbiIQSOjNKU4P0+vIKc0PTOvWK8kMze1uCQxtyC1SC8ExvbLL0llgABGJgYmLwaB3MycnMzi4My85FTXgvzkDB8G3tScxILi1BRfsEwJg4BPVmJZon5OYl66vk9+Xrp1RRGDFNSy5Py84vycVD1nCI1qPENFAZCObXpbpgd0Hx/IFD2QKXpgU7qfTDjTr3yfiYHRi4G1LDGnNBVorgBCkV9pblJqUduaqbLcUx50Q00DAbk6APRkRTDyAAAA[0m[INFO] gameoflife-core
[8mha:////4NAPinvSEpnmOqrMcH5lFK6HvOc6qAL7+H43zTK1UYeiAAAAyx+LCAAAAAAAAP9b85aBtbiIQSOjNKU4P0+vIKc0PTOvWK8kMze1uCQxtyC1SC8ExvbLL0llgABGJgYmLwaB3MycnMzi4My85FTXgvzkDB8G3tScxILi1BRfsEwJg4BPVmJZon5OYl66vk9+Xrp1RRGDFNSy5Py84vycVD1nCI1qPENFAZCObXpbpgd0Hx/IFD2QKXpgU7qfTDjTr3yfiYHRi4G1LDGnNBVorgBCkV9pblJqUduaqbLcUx50Q00DAbk6APRkRTDyAAAA[0m[INFO] gameoflife-web
[8mha:////4P073u4wjog22v+ZUtDbM54BLw6A+jDa+xaW3vrfwVd6AAAAyx+LCAAAAAAAAP9b85aBtbiIQSOjNKU4P0+vIKc0PTOvWK8kMze1uCQxtyC1SC8ExvbLL0llgABGJgYmLwaB3MycnMzi4My85FTXgvzkDB8G3tScxILi1BRfsEwJg4BPVmJZon5OYl66vk9+Xrp1RRGDFNSy5Py84vycVD1nCI1qPENFAZCObXpbrg10Hx/IFD2QKXpgU7qfTDjTr3yfiYHRi4G1LDGnNBVorgBCkV9pblJqUduaqbLcUx50Q00DAflqAHuVfvryAAAA[0m[INFO] 
[8mha:////4NP41QYAKkFlStljFygz7IOR/JWu0NVC4Bqhu3/kUnUqAAAAyx+LCAAAAAAAAP9b85aBtbiIQSOjNKU4P0+vIKc0PTOvWK8kMze1uCQxtyC1SC8ExvbLL0llgABGJgYmLwaB3MycnMzi4My85FTXgvzkDB8G3tScxILi1BRfsEwJg4BPVmJZon5OYl66vk9+Xrp1RRGDFNSy5Py84vycVD1nCI1qPENFAZCObXpbrgt0Hx/IFD2QKXpgU7qfTDjTr3yfiYHRi4G1LDGnNBVorgBCkV9pblJqUduaqbLcUx50Q00DAflaAOkFe3DyAAAA[0m[INFO] ------------------------------------------------------------------------
[8mha:////4NP41QYAKkFlStljFygz7IOR/JWu0NVC4Bqhu3/kUnUqAAAAyx+LCAAAAAAAAP9b85aBtbiIQSOjNKU4P0+vIKc0PTOvWK8kMze1uCQxtyC1SC8ExvbLL0llgABGJgYmLwaB3MycnMzi4My85FTXgvzkDB8G3tScxILi1BRfsEwJg4BPVmJZon5OYl66vk9+Xrp1RRGDFNSy5Py84vycVD1nCI1qPENFAZCObXpbrgt0Hx/IFD2QKXpgU7qfTDjTr3yfiYHRi4G1LDGnNBVorgBCkV9pblJqUduaqbLcUx50Q00DAflaAOkFe3DyAAAA[0m[INFO] Building gameoflife 1.0-SNAPSHOT
[8mha:////4NP41QYAKkFlStljFygz7IOR/JWu0NVC4Bqhu3/kUnUqAAAAyx+LCAAAAAAAAP9b85aBtbiIQSOjNKU4P0+vIKc0PTOvWK8kMze1uCQxtyC1SC8ExvbLL0llgABGJgYmLwaB3MycnMzi4My85FTXgvzkDB8G3tScxILi1BRfsEwJg4BPVmJZon5OYl66vk9+Xrp1RRGDFNSy5Py84vycVD1nCI1qPENFAZCObXpbrgt0Hx/IFD2QKXpgU7qfTDjTr3yfiYHRi4G1LDGnNBVorgBCkV9pblJqUduaqbLcUx50Q00DAflaAOkFe3DyAAAA[0m[INFO] ------------------------------------------------------------------------
[8mha:////4DKYvvQ8/abPjfhY2UbVv811yy6wyy1ARayftTKAQNVxAAAAyx+LCAAAAAAAAP9b85aBtbiIQSOjNKU4P0+vIKc0PTOvWK8kMze1uCQxtyC1SC8ExvbLL0llgABGJgYmLwaB3MycnMzi4My85FTXgvzkDB8G3tScxILi1BRfsEwJg4BPVmJZon5OYl66vk9+Xrp1RRGDFNSy5Py84vycVD1nCI1qPENFAZCObXpboQV0Hx/IFD2QKXpgU7qfTDjTr3yfiYHRi4G1LDGnNBVorgBCkV9pblJqUduaqbLcUx50Q00DAYUqAEPwlCvyAAAA[0m[INFO] 
[8mha:////4DKYvvQ8/abPjfhY2UbVv811yy6wyy1ARayftTKAQNVxAAAAyx+LCAAAAAAAAP9b85aBtbiIQSOjNKU4P0+vIKc0PTOvWK8kMze1uCQxtyC1SC8ExvbLL0llgABGJgYmLwaB3MycnMzi4My85FTXgvzkDB8G3tScxILi1BRfsEwJg4BPVmJZon5OYl66vk9+Xrp1RRGDFNSy5Py84vycVD1nCI1qPENFAZCObXpboQV0Hx/IFD2QKXpgU7qfTDjTr3yfiYHRi4G1LDGnNBVorgBCkV9pblJqUduaqbLcUx50Q00DAYUqAEPwlCvyAAAA[0m[INFO] --- maven-clean-plugin:2.5:clean (default-clean) @ gameoflife ---
[8mha:////4DKYvvQ8/abPjfhY2UbVv811yy6wyy1ARayftTKAQNVxAAAAyx+LCAAAAAAAAP9b85aBtbiIQSOjNKU4P0+vIKc0PTOvWK8kMze1uCQxtyC1SC8ExvbLL0llgABGJgYmLwaB3MycnMzi4My85FTXgvzkDB8G3tScxILi1BRfsEwJg4BPVmJZon5OYl66vk9+Xrp1RRGDFNSy5Py84vycVD1nCI1qPENFAZCObXpboQV0Hx/IFD2QKXpgU7qfTDjTr3yfiYHRi4G1LDGnNBVorgBCkV9pblJqUduaqbLcUx50Q00DAYUqAEPwlCvyAAAA[0m[INFO] Deleting /var/lib/jenkins/workspace/CTC_Demo/target
[8mha:////4DKYvvQ8/abPjfhY2UbVv811yy6wyy1ARayftTKAQNVxAAAAyx+LCAAAAAAAAP9b85aBtbiIQSOjNKU4P0+vIKc0PTOvWK8kMze1uCQxtyC1SC8ExvbLL0llgABGJgYmLwaB3MycnMzi4My85FTXgvzkDB8G3tScxILi1BRfsEwJg4BPVmJZon5OYl66vk9+Xrp1RRGDFNSy5Py84vycVD1nCI1qPENFAZCObXpboQV0Hx/IFD2QKXpgU7qfTDjTr3yfiYHRi4G1LDGnNBVorgBCkV9pblJqUduaqbLcUx50Q00DAYUqAEPwlCvyAAAA[0m[INFO] 
[8mha:////4DKYvvQ8/abPjfhY2UbVv811yy6wyy1ARayftTKAQNVxAAAAyx+LCAAAAAAAAP9b85aBtbiIQSOjNKU4P0+vIKc0PTOvWK8kMze1uCQxtyC1SC8ExvbLL0llgABGJgYmLwaB3MycnMzi4My85FTXgvzkDB8G3tScxILi1BRfsEwJg4BPVmJZon5OYl66vk9+Xrp1RRGDFNSy5Py84vycVD1nCI1qPENFAZCObXpboQV0Hx/IFD2QKXpgU7qfTDjTr3yfiYHRi4G1LDGnNBVorgBCkV9pblJqUduaqbLcUx50Q00DAYUqAEPwlCvyAAAA[0m[INFO] --- maven-enforcer-plugin:1.0:enforce (enforce-versions) @ gameoflife ---
[8mha:////4EizOoz8vLWRfoZdc3LNp85cBkoxV7R1hCguHRwN3v5DAAAAyx+LCAAAAAAAAP9b85aBtbiIQSOjNKU4P0+vIKc0PTOvWK8kMze1uCQxtyC1SC8ExvbLL0llgABGJgYmLwaB3MycnMzi4My85FTXgvzkDB8G3tScxILi1BRfsEwJg4BPVmJZon5OYl66vk9+Xrp1RRGDFNSy5Py84vycVD1nCI1qPENFAZCObXpbFQ50Hx/IFD2QKXpgU7qfTDjTr3yfiYHRi4G1LDGnNBVorgBCkV9pblJqUduaqbLcUx50Q00DAaXlAD413bDyAAAA[0m[INFO] 
[8mha:////4Gd/BxvTQZAfah2vdT7iPjfG3pBUONHOU5x/Zk6t6ArdAAAAyx+LCAAAAAAAAP9b85aBtbiIQSOjNKU4P0+vIKc0PTOvWK8kMze1uCQxtyC1SC8ExvbLL0llgABGJgYmLwaB3MycnMzi4My85FTXgvzkDB8G3tScxILi1BRfsEwJg4BPVmJZon5OYl66vk9+Xrp1RRGDFNSy5Py84vycVD1nCI1qPENFAZCObXpbFQl0Hx/IFD2QKXpgU7qfTDjTr3yfiYHRi4G1LDGnNBVorgBCkV9pblJqUduaqbLcUx50Q00DAaWVANWdWwbyAAAA[0m[INFO] --- jacoco-maven-plugin:0.7.2.201409121644:prepare-agent (jacoco-initialize) @ gameoflife ---
[8mha:////4PYaZRKwLYV4k1gstLvadioWywPis+w4l/tzIoMcZAvbAAAAyx+LCAAAAAAAAP9b85aBtbiIQSOjNKU4P0+vIKc0PTOvWK8kMze1uCQxtyC1SC8ExvbLL0llgABGJgYmLwaB3MycnMzi4My85FTXgvzkDB8G3tScxILi1BRfsEwJg4BPVmJZon5OYl66vk9+Xrp1RRGDFNSy5Py84vycVD1nCI1qPENFAZCObXpbvxnoPj6QKXogU/TApnQ/mXCmX/k+EwOjFwNrWWJOaSrQXAGEIr/S3KTUorY1U2W5pzzohpoGAhrMAAbUGxDyAAAA[0m[INFO] argLine set to -javaagent:/var/lib/jenkins/.m2/repository/org/jacoco/org.jacoco.agent/0.7.2.201409121644/org.jacoco.agent-0.7.2.201409121644-runtime.jar=destfile=/var/lib/jenkins/workspace/CTC_Demo/target/jacoco.exec
[8mha:////4LG/8HTp/JaJbYzCB+QRCEEbGRM1hnlpAlIU9ngX6fCNAAAAyx+LCAAAAAAAAP9b85aBtbiIQSOjNKU4P0+vIKc0PTOvWK8kMze1uCQxtyC1SC8ExvbLL0llgABGJgYmLwaB3MycnMzi4My85FTXgvzkDB8G3tScxILi1BRfsEwJg4BPVmJZon5OYl66vk9+Xrp1RRGDFNSy5Py84vycVD1nCI1qPENFAZCObXpbvwXoPj6QKXogU/TApnQ/mXCmX/k+EwOjFwNrWWJOaSrQXAGEIr/S3KTUorY1U2W5pzzohpoGAhosAFMD4KbyAAAA[0m[INFO] 
[8mha:////4KXCqs2n/7OHg66X3o07+RfXRJL5I6LEtEgT+fbAw4PVAAAAyx+LCAAAAAAAAP9b85aBtbiIQSOjNKU4P0+vIKc0PTOvWK8kMze1uCQxtyC1SC8ExvbLL0llgABGJgYmLwaB3MycnMzi4My85FTXgvzkDB8G3tScxILi1BRfsEwJg4BPVmJZon5OYl66vk9+Xrp1RRGDFNSy5Py84vycVD1nCI1qPENFAZCObXpbvxXoPj6QKXogU/TApnQ/mXCmX/k+EwOjFwNrWWJOaSrQXAGEIr/S3KTUorY1U2W5pzzohpoGAhqsAJREHpryAAAA[0m[INFO] --- maven-surefire-plugin:2.11:test (unit-tests) @ gameoflife ---
[8mha:////4KXCqs2n/7OHg66X3o07+RfXRJL5I6LEtEgT+fbAw4PVAAAAyx+LCAAAAAAAAP9b85aBtbiIQSOjNKU4P0+vIKc0PTOvWK8kMze1uCQxtyC1SC8ExvbLL0llgABGJgYmLwaB3MycnMzi4My85FTXgvzkDB8G3tScxILi1BRfsEwJg4BPVmJZon5OYl66vk9+Xrp1RRGDFNSy5Py84vycVD1nCI1qPENFAZCObXpbvxXoPj6QKXogU/TApnQ/mXCmX/k+EwOjFwNrWWJOaSrQXAGEIr/S3KTUorY1U2W5pzzohpoGAhqsAJREHpryAAAA[0m[INFO] No tests to run.
[8mha:////4KXCqs2n/7OHg66X3o07+RfXRJL5I6LEtEgT+fbAw4PVAAAAyx+LCAAAAAAAAP9b85aBtbiIQSOjNKU4P0+vIKc0PTOvWK8kMze1uCQxtyC1SC8ExvbLL0llgABGJgYmLwaB3MycnMzi4My85FTXgvzkDB8G3tScxILi1BRfsEwJg4BPVmJZon5OYl66vk9+Xrp1RRGDFNSy5Py84vycVD1nCI1qPENFAZCObXpbvxXoPj6QKXogU/TApnQ/mXCmX/k+EwOjFwNrWWJOaSrQXAGEIr/S3KTUorY1U2W5pzzohpoGAhqsAJREHpryAAAA[0m[INFO] Surefire report directory: /var/lib/jenkins/workspace/CTC_Demo/target/surefire-reports
[8mha:////4G54FWYkheEFtLiYhHJTldbm7W5MYMi8G/F22LXdhi/OAAAAyx+LCAAAAAAAAP9b85aBtbiIQSOjNKU4P0+vIKc0PTOvWK8kMze1uCQxtyC1SC8ExvbLL0llgABGJgYmLwaB3MycnMzi4My85FTXgvzkDB8G3tScxILi1BRfsEwJg4BPVmJZon5OYl66vk9+Xrp1RRGDFNSy5Py84vycVD1nCI1qPENFAZCObXrb+ALoPj6QKXogU/TApnQ/mXCmX/k+EwOjFwNrWWJOaSrQXAGEIr/S3KTUorY1U2W5pzzohpoGAloWAL6v4n7yAAAA[0m
[8mha:////4BLKRHbsarlRTe5f9Ga1dthh5GavKUrXSV3oQseVRxtLAAAAyx+LCAAAAAAAAP9b85aBtbiIQSOjNKU4P0+vIKc0PTOvWK8kMze1uCQxtyC1SC8ExvbLL0llgABGJgYmLwaB3MycnMzi4My85FTXgvzkDB8G3tScxILi1BRfsEwJg4BPVmJZon5OYl66vk9+Xrp1RRGDFNSy5Py84vycVD1nCI1qPENFAZCObXrb+BLoPj6QKXogU/TApnQ/mXCmX/k+EwOjFwNrWWJOaSrQXAGEIr/S3KTUorY1U2W5pzzohpoGAlqWAHnoHELyAAAA[0m-------------------------------------------------------
[8mha:////4BLKRHbsarlRTe5f9Ga1dthh5GavKUrXSV3oQseVRxtLAAAAyx+LCAAAAAAAAP9b85aBtbiIQSOjNKU4P0+vIKc0PTOvWK8kMze1uCQxtyC1SC8ExvbLL0llgABGJgYmLwaB3MycnMzi4My85FTXgvzkDB8G3tScxILi1BRfsEwJg4BPVmJZon5OYl66vk9+Xrp1RRGDFNSy5Py84vycVD1nCI1qPENFAZCObXrb+BLoPj6QKXogU/TApnQ/mXCmX/k+EwOjFwNrWWJOaSrQXAGEIr/S3KTUorY1U2W5pzzohpoGAlqWAHnoHELyAAAA[0m T E S T S
[8mha:////4BLKRHbsarlRTe5f9Ga1dthh5GavKUrXSV3oQseVRxtLAAAAyx+LCAAAAAAAAP9b85aBtbiIQSOjNKU4P0+vIKc0PTOvWK8kMze1uCQxtyC1SC8ExvbLL0llgABGJgYmLwaB3MycnMzi4My85FTXgvzkDB8G3tScxILi1BRfsEwJg4BPVmJZon5OYl66vk9+Xrp1RRGDFNSy5Py84vycVD1nCI1qPENFAZCObXrb+BLoPj6QKXogU/TApnQ/mXCmX/k+EwOjFwNrWWJOaSrQXAGEIr/S3KTUorY1U2W5pzzohpoGAlqWAHnoHELyAAAA[0m-------------------------------------------------------
[8mha:////4GuTXR6Bu8TG7sNnR1wtfJVWOuVQnCydxqjKtRr/4/aJAAAAyx+LCAAAAAAAAP9b85aBtbiIQSOjNKU4P0+vIKc0PTOvWK8kMze1uCQxtyC1SC8ExvbLL0llgABGJgYmLwaB3MycnMzi4My85FTXgvzkDB8G3tScxILi1BRfsEwJg4BPVmJZon5OYl66vk9+Xrp1RRGDFNSy5Py84vycVD1nCI1qPENFAZCObXrbbgF0Hx/IFD2QKXpgU7qfTDjTr3yfiYHRi4G1LDGnNBVorgBCkV9pblJqUduaqbLcUx50Q00DAf0OALRUST7yAAAA[0m
[8mha:////4GuTXR6Bu8TG7sNnR1wtfJVWOuVQnCydxqjKtRr/4/aJAAAAyx+LCAAAAAAAAP9b85aBtbiIQSOjNKU4P0+vIKc0PTOvWK8kMze1uCQxtyC1SC8ExvbLL0llgABGJgYmLwaB3MycnMzi4My85FTXgvzkDB8G3tScxILi1BRfsEwJg4BPVmJZon5OYl66vk9+Xrp1RRGDFNSy5Py84vycVD1nCI1qPENFAZCObXrbbgF0Hx/IFD2QKXpgU7qfTDjTr3yfiYHRi4G1LDGnNBVorgBCkV9pblJqUduaqbLcUx50Q00DAf0OALRUST7yAAAA[0mResults :
[8mha:////4GuTXR6Bu8TG7sNnR1wtfJVWOuVQnCydxqjKtRr/4/aJAAAAyx+LCAAAAAAAAP9b85aBtbiIQSOjNKU4P0+vIKc0PTOvWK8kMze1uCQxtyC1SC8ExvbLL0llgABGJgYmLwaB3MycnMzi4My85FTXgvzkDB8G3tScxILi1BRfsEwJg4BPVmJZon5OYl66vk9+Xrp1RRGDFNSy5Py84vycVD1nCI1qPENFAZCObXrbbgF0Hx/IFD2QKXpgU7qfTDjTr3yfiYHRi4G1LDGnNBVorgBCkV9pblJqUduaqbLcUx50Q00DAf0OALRUST7yAAAA[0m
[8mha:////4GuTXR6Bu8TG7sNnR1wtfJVWOuVQnCydxqjKtRr/4/aJAAAAyx+LCAAAAAAAAP9b85aBtbiIQSOjNKU4P0+vIKc0PTOvWK8kMze1uCQxtyC1SC8ExvbLL0llgABGJgYmLwaB3MycnMzi4My85FTXgvzkDB8G3tScxILi1BRfsEwJg4BPVmJZon5OYl66vk9+Xrp1RRGDFNSy5Py84vycVD1nCI1qPENFAZCObXrbbgF0Hx/IFD2QKXpgU7qfTDjTr3yfiYHRi4G1LDGnNBVorgBCkV9pblJqUduaqbLcUx50Q00DAf0OALRUST7yAAAA[0mTests run: 0, Failures: 0, Errors: 0, Skipped: 0
[8mha:////4GuTXR6Bu8TG7sNnR1wtfJVWOuVQnCydxqjKtRr/4/aJAAAAyx+LCAAAAAAAAP9b85aBtbiIQSOjNKU4P0+vIKc0PTOvWK8kMze1uCQxtyC1SC8ExvbLL0llgABGJgYmLwaB3MycnMzi4My85FTXgvzkDB8G3tScxILi1BRfsEwJg4BPVmJZon5OYl66vk9+Xrp1RRGDFNSy5Py84vycVD1nCI1qPENFAZCObXrbbgF0Hx/IFD2QKXpgU7qfTDjTr3yfiYHRi4G1LDGnNBVorgBCkV9pblJqUduaqbLcUx50Q00DAf0OALRUST7yAAAA[0m
[8mha:////4GuTXR6Bu8TG7sNnR1wtfJVWOuVQnCydxqjKtRr/4/aJAAAAyx+LCAAAAAAAAP9b85aBtbiIQSOjNKU4P0+vIKc0PTOvWK8kMze1uCQxtyC1SC8ExvbLL0llgABGJgYmLwaB3MycnMzi4My85FTXgvzkDB8G3tScxILi1BRfsEwJg4BPVmJZon5OYl66vk9+Xrp1RRGDFNSy5Py84vycVD1nCI1qPENFAZCObXrbbgF0Hx/IFD2QKXpgU7qfTDjTr3yfiYHRi4G1LDGnNBVorgBCkV9pblJqUduaqbLcUx50Q00DAf0OALRUST7yAAAA[0m[INFO] 
[8mha:////4CuVmDvuCHPZYV2UA4Atd60gNZjZXUOHgu3+e3BeUsybAAAAyx+LCAAAAAAAAP9b85aBtbiIQSOjNKU4P0+vIKc0PTOvWK8kMze1uCQxtyC1SC8ExvbLL0llgABGJgYmLwaB3MycnMzi4My85FTXgvzkDB8G3tScxILi1BRfsEwJg4BPVmJZon5OYl66vk9+Xrp1RRGDFNSy5Py84vycVD1nCI1qPENFAZCObXrbbgl0Hx/IFD2QKXpgU7qfTDjTr3yfiYHRi4G1LDGnNBVorgBCkV9pblJqUduaqbLcUx50Q00DAf1OAHMTtwLyAAAA[0m[INFO] --- maven-easyb-plugin:1.4:test (default) @ gameoflife ---
[8mha:////4A04icqrOGCUpa1IF7F9DW6HOO17rG2Cska9fpjmQEFFAAAAyx+LCAAAAAAAAP9b85aBtbiIQSOjNKU4P0+vIKc0PTOvWK8kMze1uCQxtyC1SC8ExvbLL0llgABGJgYmLwaB3MycnMzi4My85FTXgvzkDB8G3tScxILi1BRfsEwJg4BPVmJZon5OYl66vk9+Xrp1RRGDFNSy5Py84vycVD1nCI1qPENFAZCObXrb0wl0Hx/IFD2QKXpgU7qfTDjTr3yfiYHRi4G1LDGnNBVorgBCkV9pblJqUduaqbLcUx50Q00DAZObAAJIBDvyAAAA[0m[INFO] /var/lib/jenkins/workspace/CTC_Demo/src/test/stories does not exists.  Skipping easyb testing
[8mha:////4NdQq0e/MIHFQ4tPKWPIEk1EwL2k1l++1tc6clR3HbofAAAAyx+LCAAAAAAAAP9b85aBtbiIQSOjNKU4P0+vIKc0PTOvWK8kMze1uCQxtyC1SC8ExvbLL0llgABGJgYmLwaB3MycnMzi4My85FTXgvzkDB8G3tScxILi1BRfsEwJg4BPVmJZon5OYl66vk9+Xrp1RRGDFNSy5Py84vycVD1nCI1qPENFAZCObXrb0wV0Hx/IFD2QKXpgU7qfTDjTr3yfiYHRi4G1LDGnNBVorgBCkV9pblJqUduaqbLcUx50Q00DAZNbAEuABn7yAAAA[0m[INFO] 
[8mha:////4NkH+NnnAE5FhccI9xxJQiHndPo0Akg9gbrgCBoedTVYAAAAyx+LCAAAAAAAAP9b85aBtbiIQSOjNKU4P0+vIKc0PTOvWK8kMze1uCQxtyC1SC8ExvbLL0llgABGJgYmLwaB3MycnMzi4My85FTXgvzkDB8G3tScxILi1BRfsEwJg4BPVmJZon5OYl66vk9+Xrp1RRGDFNSy5Py84vycVD1nCI1qPENFAZCObXrb0w10Hx/IFD2QKXpgU7qfTDjTr3yfiYHRi4G1LDGnNBVorgBCkV9pblJqUduaqbLcUx50Q00DAZPbAIzH+ELyAAAA[0m[INFO] ------------------------------------------------------------------------
[8mha:////4NkH+NnnAE5FhccI9xxJQiHndPo0Akg9gbrgCBoedTVYAAAAyx+LCAAAAAAAAP9b85aBtbiIQSOjNKU4P0+vIKc0PTOvWK8kMze1uCQxtyC1SC8ExvbLL0llgABGJgYmLwaB3MycnMzi4My85FTXgvzkDB8G3tScxILi1BRfsEwJg4BPVmJZon5OYl66vk9+Xrp1RRGDFNSy5Py84vycVD1nCI1qPENFAZCObXrb0w10Hx/IFD2QKXpgU7qfTDjTr3yfiYHRi4G1LDGnNBVorgBCkV9pblJqUduaqbLcUx50Q00DAZPbAIzH+ELyAAAA[0m[INFO] Building gameoflife-build 1.0-SNAPSHOT
[8mha:////4NkH+NnnAE5FhccI9xxJQiHndPo0Akg9gbrgCBoedTVYAAAAyx+LCAAAAAAAAP9b85aBtbiIQSOjNKU4P0+vIKc0PTOvWK8kMze1uCQxtyC1SC8ExvbLL0llgABGJgYmLwaB3MycnMzi4My85FTXgvzkDB8G3tScxILi1BRfsEwJg4BPVmJZon5OYl66vk9+Xrp1RRGDFNSy5Py84vycVD1nCI1qPENFAZCObXrb0w10Hx/IFD2QKXpgU7qfTDjTr3yfiYHRi4G1LDGnNBVorgBCkV9pblJqUduaqbLcUx50Q00DAZPbAIzH+ELyAAAA[0m[INFO] ------------------------------------------------------------------------
[8mha:////4NkH+NnnAE5FhccI9xxJQiHndPo0Akg9gbrgCBoedTVYAAAAyx+LCAAAAAAAAP9b85aBtbiIQSOjNKU4P0+vIKc0PTOvWK8kMze1uCQxtyC1SC8ExvbLL0llgABGJgYmLwaB3MycnMzi4My85FTXgvzkDB8G3tScxILi1BRfsEwJg4BPVmJZon5OYl66vk9+Xrp1RRGDFNSy5Py84vycVD1nCI1qPENFAZCObXrb0w10Hx/IFD2QKXpgU7qfTDjTr3yfiYHRi4G1LDGnNBVorgBCkV9pblJqUduaqbLcUx50Q00DAZPbAIzH+ELyAAAA[0m[INFO] 
[8mha:////4NkH+NnnAE5FhccI9xxJQiHndPo0Akg9gbrgCBoedTVYAAAAyx+LCAAAAAAAAP9b85aBtbiIQSOjNKU4P0+vIKc0PTOvWK8kMze1uCQxtyC1SC8ExvbLL0llgABGJgYmLwaB3MycnMzi4My85FTXgvzkDB8G3tScxILi1BRfsEwJg4BPVmJZon5OYl66vk9+Xrp1RRGDFNSy5Py84vycVD1nCI1qPENFAZCObXrb0w10Hx/IFD2QKXpgU7qfTDjTr3yfiYHRi4G1LDGnNBVorgBCkV9pblJqUduaqbLcUx50Q00DAZPbAIzH+ELyAAAA[0m[INFO] --- maven-clean-plugin:2.5:clean (default-clean) @ gameoflife-build ---
[8mha:////4NkH+NnnAE5FhccI9xxJQiHndPo0Akg9gbrgCBoedTVYAAAAyx+LCAAAAAAAAP9b85aBtbiIQSOjNKU4P0+vIKc0PTOvWK8kMze1uCQxtyC1SC8ExvbLL0llgABGJgYmLwaB3MycnMzi4My85FTXgvzkDB8G3tScxILi1BRfsEwJg4BPVmJZon5OYl66vk9+Xrp1RRGDFNSy5Py84vycVD1nCI1qPENFAZCObXrb0w10Hx/IFD2QKXpgU7qfTDjTr3yfiYHRi4G1LDGnNBVorgBCkV9pblJqUduaqbLcUx50Q00DAZPbAIzH+ELyAAAA[0m[INFO] Deleting /var/lib/jenkins/workspace/CTC_Demo/gameoflife-build/target
[8mha:////4NkH+NnnAE5FhccI9xxJQiHndPo0Akg9gbrgCBoedTVYAAAAyx+LCAAAAAAAAP9b85aBtbiIQSOjNKU4P0+vIKc0PTOvWK8kMze1uCQxtyC1SC8ExvbLL0llgABGJgYmLwaB3MycnMzi4My85FTXgvzkDB8G3tScxILi1BRfsEwJg4BPVmJZon5OYl66vk9+Xrp1RRGDFNSy5Py84vycVD1nCI1qPENFAZCObXrb0w10Hx/IFD2QKXpgU7qfTDjTr3yfiYHRi4G1LDGnNBVorgBCkV9pblJqUduaqbLcUx50Q00DAZPbAIzH+ELyAAAA[0m[INFO] 
[8mha:////4NkH+NnnAE5FhccI9xxJQiHndPo0Akg9gbrgCBoedTVYAAAAyx+LCAAAAAAAAP9b85aBtbiIQSOjNKU4P0+vIKc0PTOvWK8kMze1uCQxtyC1SC8ExvbLL0llgABGJgYmLwaB3MycnMzi4My85FTXgvzkDB8G3tScxILi1BRfsEwJg4BPVmJZon5OYl66vk9+Xrp1RRGDFNSy5Py84vycVD1nCI1qPENFAZCObXrb0w10Hx/IFD2QKXpgU7qfTDjTr3yfiYHRi4G1LDGnNBVorgBCkV9pblJqUduaqbLcUx50Q00DAZPbAIzH+ELyAAAA[0m[INFO] --- maven-enforcer-plugin:1.0:enforce (enforce-versions) @ gameoflife-build ---
[8mha:////4Fo1W8Aknnyq0XSatJcncspRk5UVJpWySeRsotmD03rLAAAAyx+LCAAAAAAAAP9b85aBtbiIQSOjNKU4P0+vIKc0PTOvWK8kMze1uCQxtyC1SC8ExvbLL0llgABGJgYmLwaB3MycnMzi4My85FTXgvzkDB8G3tScxILi1BRfsEwJg4BPVmJZon5OYl66vk9+Xrp1RRGDFNSy5Py84vycVD1nCI1qPENFAZCObXrb0wN0Hx/IFD2QKXpgU7qfTDjTr3yfiYHRi4G1LDGnNBVorgBCkV9pblJqUduaqbLcUx50Q00DAZM7ANkQA/TyAAAA[0m[INFO] 
[8mha:////4Fo1W8Aknnyq0XSatJcncspRk5UVJpWySeRsotmD03rLAAAAyx+LCAAAAAAAAP9b85aBtbiIQSOjNKU4P0+vIKc0PTOvWK8kMze1uCQxtyC1SC8ExvbLL0llgABGJgYmLwaB3MycnMzi4My85FTXgvzkDB8G3tScxILi1BRfsEwJg4BPVmJZon5OYl66vk9+Xrp1RRGDFNSy5Py84vycVD1nCI1qPENFAZCObXrb0wN0Hx/IFD2QKXpgU7qfTDjTr3yfiYHRi4G1LDGnNBVorgBCkV9pblJqUduaqbLcUx50Q00DAZM7ANkQA/TyAAAA[0m[INFO] --- maven-resources-plugin:2.6:resources (default-resources) @ gameoflife-build ---
[8mha:////4ENvhSiBE8S7se6rJZOTWg8LuEFf456RsWXLGZpagzBuAAAAyx+LCAAAAAAAAP9b85aBtbiIQSOjNKU4P0+vIKc0PTOvWK8kMze1uCQxtyC1SC8ExvbLL0llgABGJgYmLwaB3MycnMzi4My85FTXgvzkDB8G3tScxILi1BRfsEwJg4BPVmJZon5OYl66vk9+Xrp1RRGDFNSy5Py84vycVD1nCI1qPENFAZCObXrb2w10Hx/IFD2QKXpgU7qfTDjTr3yfiYHRi4G1LDGnNBVorgBCkV9pblJqUduaqbLcUx50Q00DAdPbANhuxEfyAAAA[0m[INFO] Using 'UTF-8' encoding to copy filtered resources.
[8mha:////4Jhut2MQ70RNLGCqFTDxvANaOcaV7u+PZZsJH/7LBXIsAAAAyx+LCAAAAAAAAP9b85aBtbiIQSOjNKU4P0+vIKc0PTOvWK8kMze1uCQxtyC1SC8ExvbLL0llgABGJgYmLwaB3MycnMzi4My85FTXgvzkDB8G3tScxILi1BRfsEwJg4BPVmJZon5OYl66vk9+Xrp1RRGDFNSy5Py84vycVD1nCI1qPENFAZCObXrb2wN0Hx/IFD2QKXpgU7qfTDjTr3yfiYHRi4G1LDGnNBVorgBCkV9pblJqUduaqbLcUx50Q00DAdM7AI25P/HyAAAA[0m[INFO] Copying 2 resources
[8mha:////4Jhut2MQ70RNLGCqFTDxvANaOcaV7u+PZZsJH/7LBXIsAAAAyx+LCAAAAAAAAP9b85aBtbiIQSOjNKU4P0+vIKc0PTOvWK8kMze1uCQxtyC1SC8ExvbLL0llgABGJgYmLwaB3MycnMzi4My85FTXgvzkDB8G3tScxILi1BRfsEwJg4BPVmJZon5OYl66vk9+Xrp1RRGDFNSy5Py84vycVD1nCI1qPENFAZCObXrb2wN0Hx/IFD2QKXpgU7qfTDjTr3yfiYHRi4G1LDGnNBVorgBCkV9pblJqUduaqbLcUx50Q00DAdM7AI25P/HyAAAA[0m[INFO] 
[8mha:////4Jhut2MQ70RNLGCqFTDxvANaOcaV7u+PZZsJH/7LBXIsAAAAyx+LCAAAAAAAAP9b85aBtbiIQSOjNKU4P0+vIKc0PTOvWK8kMze1uCQxtyC1SC8ExvbLL0llgABGJgYmLwaB3MycnMzi4My85FTXgvzkDB8G3tScxILi1BRfsEwJg4BPVmJZon5OYl66vk9+Xrp1RRGDFNSy5Py84vycVD1nCI1qPENFAZCObXrb2wN0Hx/IFD2QKXpgU7qfTDjTr3yfiYHRi4G1LDGnNBVorgBCkV9pblJqUduaqbLcUx50Q00DAdM7AI25P/HyAAAA[0m[INFO] --- jacoco-maven-plugin:0.7.2.201409121644:prepare-agent (jacoco-initialize) @ gameoflife-build ---
[8mha:////4Jhut2MQ70RNLGCqFTDxvANaOcaV7u+PZZsJH/7LBXIsAAAAyx+LCAAAAAAAAP9b85aBtbiIQSOjNKU4P0+vIKc0PTOvWK8kMze1uCQxtyC1SC8ExvbLL0llgABGJgYmLwaB3MycnMzi4My85FTXgvzkDB8G3tScxILi1BRfsEwJg4BPVmJZon5OYl66vk9+Xrp1RRGDFNSy5Py84vycVD1nCI1qPENFAZCObXrb2wN0Hx/IFD2QKXpgU7qfTDjTr3yfiYHRi4G1LDGnNBVorgBCkV9pblJqUduaqbLcUx50Q00DAdM7AI25P/HyAAAA[0m[INFO] argLine set to -javaagent:/var/lib/jenkins/.m2/repository/org/jacoco/org.jacoco.agent/0.7.2.201409121644/org.jacoco.agent-0.7.2.201409121644-runtime.jar=destfile=/var/lib/jenkins/workspace/CTC_Demo/gameoflife-build/target/jacoco.exec
[8mha:////4Jhut2MQ70RNLGCqFTDxvANaOcaV7u+PZZsJH/7LBXIsAAAAyx+LCAAAAAAAAP9b85aBtbiIQSOjNKU4P0+vIKc0PTOvWK8kMze1uCQxtyC1SC8ExvbLL0llgABGJgYmLwaB3MycnMzi4My85FTXgvzkDB8G3tScxILi1BRfsEwJg4BPVmJZon5OYl66vk9+Xrp1RRGDFNSy5Py84vycVD1nCI1qPENFAZCObXrb2wN0Hx/IFD2QKXpgU7qfTDjTr3yfiYHRi4G1LDGnNBVorgBCkV9pblJqUduaqbLcUx50Q00DAdM7AI25P/HyAAAA[0m[INFO] 
[8mha:////4Jhut2MQ70RNLGCqFTDxvANaOcaV7u+PZZsJH/7LBXIsAAAAyx+LCAAAAAAAAP9b85aBtbiIQSOjNKU4P0+vIKc0PTOvWK8kMze1uCQxtyC1SC8ExvbLL0llgABGJgYmLwaB3MycnMzi4My85FTXgvzkDB8G3tScxILi1BRfsEwJg4BPVmJZon5OYl66vk9+Xrp1RRGDFNSy5Py84vycVD1nCI1qPENFAZCObXrb2wN0Hx/IFD2QKXpgU7qfTDjTr3yfiYHRi4G1LDGnNBVorgBCkV9pblJqUduaqbLcUx50Q00DAdM7AI25P/HyAAAA[0m[INFO] --- maven-compiler-plugin:3.1:compile (default-compile) @ gameoflife-build ---
[8mha:////4OHSb+RymWKcak/01yNcWBdCVjmpAymET127i/WkBFt3AAAAyx+LCAAAAAAAAP9b85aBtbiIQSOjNKU4P0+vIKc0PTOvWK8kMze1uCQxtyC1SC8ExvbLL0llgABGJgYmLwaB3MycnMzi4My85FTXgvzkDB8G3tScxILi1BRfsEwJg4BPVmJZon5OYl66vk9+Xrp1RRGDFNSy5Py84vycVD1nCI1qPENFAZCObXrb1wV0Hx/IFD2QKXpgU7qfTDjTr3yfiYHRi4G1LDGnNBVorgBCkV9pblJqUduaqbLcUx50Q00DAbNbAOPSf3TyAAAA[0m[INFO] No sources to compile
[8mha:////4OHSb+RymWKcak/01yNcWBdCVjmpAymET127i/WkBFt3AAAAyx+LCAAAAAAAAP9b85aBtbiIQSOjNKU4P0+vIKc0PTOvWK8kMze1uCQxtyC1SC8ExvbLL0llgABGJgYmLwaB3MycnMzi4My85FTXgvzkDB8G3tScxILi1BRfsEwJg4BPVmJZon5OYl66vk9+Xrp1RRGDFNSy5Py84vycVD1nCI1qPENFAZCObXrb1wV0Hx/IFD2QKXpgU7qfTDjTr3yfiYHRi4G1LDGnNBVorgBCkV9pblJqUduaqbLcUx50Q00DAbNbAOPSf3TyAAAA[0m[INFO] 
[8mha:////4OHSb+RymWKcak/01yNcWBdCVjmpAymET127i/WkBFt3AAAAyx+LCAAAAAAAAP9b85aBtbiIQSOjNKU4P0+vIKc0PTOvWK8kMze1uCQxtyC1SC8ExvbLL0llgABGJgYmLwaB3MycnMzi4My85FTXgvzkDB8G3tScxILi1BRfsEwJg4BPVmJZon5OYl66vk9+Xrp1RRGDFNSy5Py84vycVD1nCI1qPENFAZCObXrb1wV0Hx/IFD2QKXpgU7qfTDjTr3yfiYHRi4G1LDGnNBVorgBCkV9pblJqUduaqbLcUx50Q00DAbNbAOPSf3TyAAAA[0m[INFO] --- maven-resources-plugin:2.6:testResources (default-testResources) @ gameoflife-build ---
[8mha:////4OHSb+RymWKcak/01yNcWBdCVjmpAymET127i/WkBFt3AAAAyx+LCAAAAAAAAP9b85aBtbiIQSOjNKU4P0+vIKc0PTOvWK8kMze1uCQxtyC1SC8ExvbLL0llgABGJgYmLwaB3MycnMzi4My85FTXgvzkDB8G3tScxILi1BRfsEwJg4BPVmJZon5OYl66vk9+Xrp1RRGDFNSy5Py84vycVD1nCI1qPENFAZCObXrb1wV0Hx/IFD2QKXpgU7qfTDjTr3yfiYHRi4G1LDGnNBVorgBCkV9pblJqUduaqbLcUx50Q00DAbNbAOPSf3TyAAAA[0m[INFO] Using 'UTF-8' encoding to copy filtered resources.
[8mha:////4OHSb+RymWKcak/01yNcWBdCVjmpAymET127i/WkBFt3AAAAyx+LCAAAAAAAAP9b85aBtbiIQSOjNKU4P0+vIKc0PTOvWK8kMze1uCQxtyC1SC8ExvbLL0llgABGJgYmLwaB3MycnMzi4My85FTXgvzkDB8G3tScxILi1BRfsEwJg4BPVmJZon5OYl66vk9+Xrp1RRGDFNSy5Py84vycVD1nCI1qPENFAZCObXrb1wV0Hx/IFD2QKXpgU7qfTDjTr3yfiYHRi4G1LDGnNBVorgBCkV9pblJqUduaqbLcUx50Q00DAbNbAOPSf3TyAAAA[0m[INFO] skip non existing resourceDirectory /var/lib/jenkins/workspace/CTC_Demo/gameoflife-build/src/test/resources
[8mha:////4OHSb+RymWKcak/01yNcWBdCVjmpAymET127i/WkBFt3AAAAyx+LCAAAAAAAAP9b85aBtbiIQSOjNKU4P0+vIKc0PTOvWK8kMze1uCQxtyC1SC8ExvbLL0llgABGJgYmLwaB3MycnMzi4My85FTXgvzkDB8G3tScxILi1BRfsEwJg4BPVmJZon5OYl66vk9+Xrp1RRGDFNSy5Py84vycVD1nCI1qPENFAZCObXrb1wV0Hx/IFD2QKXpgU7qfTDjTr3yfiYHRi4G1LDGnNBVorgBCkV9pblJqUduaqbLcUx50Q00DAbNbAOPSf3TyAAAA[0m[INFO] 
[8mha:////4OHSb+RymWKcak/01yNcWBdCVjmpAymET127i/WkBFt3AAAAyx+LCAAAAAAAAP9b85aBtbiIQSOjNKU4P0+vIKc0PTOvWK8kMze1uCQxtyC1SC8ExvbLL0llgABGJgYmLwaB3MycnMzi4My85FTXgvzkDB8G3tScxILi1BRfsEwJg4BPVmJZon5OYl66vk9+Xrp1RRGDFNSy5Py84vycVD1nCI1qPENFAZCObXrb1wV0Hx/IFD2QKXpgU7qfTDjTr3yfiYHRi4G1LDGnNBVorgBCkV9pblJqUduaqbLcUx50Q00DAbNbAOPSf3TyAAAA[0m[INFO] --- maven-compiler-plugin:3.1:testCompile (default-testCompile) @ gameoflife-build ---
[8mha:////4Lny17SEXcelYXRfwPX61nQ2qitPo+4JHQ9ZticG/r81AAAAyx+LCAAAAAAAAP9b85aBtbiIQSOjNKU4P0+vIKc0PTOvWK8kMze1uCQxtyC1SC8ExvbLL0llgABGJgYmLwaB3MycnMzi4My85FTXgvzkDB8G3tScxILi1BRfsEwJg4BPVmJZon5OYl66vk9+Xrp1RRGDFNSy5Py84vycVD1nCI1qPENFAZCObXrb1w10Hx/IFD2QKXpgU7qfTDjTr3yfiYHRi4G1LDGnNBVorgBCkV9pblJqUduaqbLcUx50Q00DAbPbACSVgUjyAAAA[0m[INFO] No sources to compile
[8mha:////4Lny17SEXcelYXRfwPX61nQ2qitPo+4JHQ9ZticG/r81AAAAyx+LCAAAAAAAAP9b85aBtbiIQSOjNKU4P0+vIKc0PTOvWK8kMze1uCQxtyC1SC8ExvbLL0llgABGJgYmLwaB3MycnMzi4My85FTXgvzkDB8G3tScxILi1BRfsEwJg4BPVmJZon5OYl66vk9+Xrp1RRGDFNSy5Py84vycVD1nCI1qPENFAZCObXrb1w10Hx/IFD2QKXpgU7qfTDjTr3yfiYHRi4G1LDGnNBVorgBCkV9pblJqUduaqbLcUx50Q00DAbPbACSVgUjyAAAA[0m[INFO] 
[8mha:////4Lny17SEXcelYXRfwPX61nQ2qitPo+4JHQ9ZticG/r81AAAAyx+LCAAAAAAAAP9b85aBtbiIQSOjNKU4P0+vIKc0PTOvWK8kMze1uCQxtyC1SC8ExvbLL0llgABGJgYmLwaB3MycnMzi4My85FTXgvzkDB8G3tScxILi1BRfsEwJg4BPVmJZon5OYl66vk9+Xrp1RRGDFNSy5Py84vycVD1nCI1qPENFAZCObXrb1w10Hx/IFD2QKXpgU7qfTDjTr3yfiYHRi4G1LDGnNBVorgBCkV9pblJqUduaqbLcUx50Q00DAbPbACSVgUjyAAAA[0m[INFO] --- maven-surefire-plugin:2.11:test (default-test) @ gameoflife-build ---
[8mha:////4Lny17SEXcelYXRfwPX61nQ2qitPo+4JHQ9ZticG/r81AAAAyx+LCAAAAAAAAP9b85aBtbiIQSOjNKU4P0+vIKc0PTOvWK8kMze1uCQxtyC1SC8ExvbLL0llgABGJgYmLwaB3MycnMzi4My85FTXgvzkDB8G3tScxILi1BRfsEwJg4BPVmJZon5OYl66vk9+Xrp1RRGDFNSy5Py84vycVD1nCI1qPENFAZCObXrb1w10Hx/IFD2QKXpgU7qfTDjTr3yfiYHRi4G1LDGnNBVorgBCkV9pblJqUduaqbLcUx50Q00DAbPbACSVgUjyAAAA[0m[INFO] Tests are skipped.
[8mha:////4Lny17SEXcelYXRfwPX61nQ2qitPo+4JHQ9ZticG/r81AAAAyx+LCAAAAAAAAP9b85aBtbiIQSOjNKU4P0+vIKc0PTOvWK8kMze1uCQxtyC1SC8ExvbLL0llgABGJgYmLwaB3MycnMzi4My85FTXgvzkDB8G3tScxILi1BRfsEwJg4BPVmJZon5OYl66vk9+Xrp1RRGDFNSy5Py84vycVD1nCI1qPENFAZCObXrb1w10Hx/IFD2QKXpgU7qfTDjTr3yfiYHRi4G1LDGnNBVorgBCkV9pblJqUduaqbLcUx50Q00DAbPbACSVgUjyAAAA[0m[INFO] 
[8mha:////4Lny17SEXcelYXRfwPX61nQ2qitPo+4JHQ9ZticG/r81AAAAyx+LCAAAAAAAAP9b85aBtbiIQSOjNKU4P0+vIKc0PTOvWK8kMze1uCQxtyC1SC8ExvbLL0llgABGJgYmLwaB3MycnMzi4My85FTXgvzkDB8G3tScxILi1BRfsEwJg4BPVmJZon5OYl66vk9+Xrp1RRGDFNSy5Py84vycVD1nCI1qPENFAZCObXrb1w10Hx/IFD2QKXpgU7qfTDjTr3yfiYHRi4G1LDGnNBVorgBCkV9pblJqUduaqbLcUx50Q00DAbPbACSVgUjyAAAA[0m[INFO] --- maven-surefire-plugin:2.11:test (unit-tests) @ gameoflife-build ---
[8mha:////4Lny17SEXcelYXRfwPX61nQ2qitPo+4JHQ9ZticG/r81AAAAyx+LCAAAAAAAAP9b85aBtbiIQSOjNKU4P0+vIKc0PTOvWK8kMze1uCQxtyC1SC8ExvbLL0llgABGJgYmLwaB3MycnMzi4My85FTXgvzkDB8G3tScxILi1BRfsEwJg4BPVmJZon5OYl66vk9+Xrp1RRGDFNSy5Py84vycVD1nCI1qPENFAZCObXrb1w10Hx/IFD2QKXpgU7qfTDjTr3yfiYHRi4G1LDGnNBVorgBCkV9pblJqUduaqbLcUx50Q00DAbPbACSVgUjyAAAA[0m[INFO] No tests to run.
[8mha:////4Lny17SEXcelYXRfwPX61nQ2qitPo+4JHQ9ZticG/r81AAAAyx+LCAAAAAAAAP9b85aBtbiIQSOjNKU4P0+vIKc0PTOvWK8kMze1uCQxtyC1SC8ExvbLL0llgABGJgYmLwaB3MycnMzi4My85FTXgvzkDB8G3tScxILi1BRfsEwJg4BPVmJZon5OYl66vk9+Xrp1RRGDFNSy5Py84vycVD1nCI1qPENFAZCObXrb1w10Hx/IFD2QKXpgU7qfTDjTr3yfiYHRi4G1LDGnNBVorgBCkV9pblJqUduaqbLcUx50Q00DAbPbACSVgUjyAAAA[0m[INFO] Surefire report directory: /var/lib/jenkins/workspace/CTC_Demo/gameoflife-build/target/surefire-reports
[8mha:////4Lny17SEXcelYXRfwPX61nQ2qitPo+4JHQ9ZticG/r81AAAAyx+LCAAAAAAAAP9b85aBtbiIQSOjNKU4P0+vIKc0PTOvWK8kMze1uCQxtyC1SC8ExvbLL0llgABGJgYmLwaB3MycnMzi4My85FTXgvzkDB8G3tScxILi1BRfsEwJg4BPVmJZon5OYl66vk9+Xrp1RRGDFNSy5Py84vycVD1nCI1qPENFAZCObXrb1w10Hx/IFD2QKXpgU7qfTDjTr3yfiYHRi4G1LDGnNBVorgBCkV9pblJqUduaqbLcUx50Q00DAbPbACSVgUjyAAAA[0m
[8mha:////4Lny17SEXcelYXRfwPX61nQ2qitPo+4JHQ9ZticG/r81AAAAyx+LCAAAAAAAAP9b85aBtbiIQSOjNKU4P0+vIKc0PTOvWK8kMze1uCQxtyC1SC8ExvbLL0llgABGJgYmLwaB3MycnMzi4My85FTXgvzkDB8G3tScxILi1BRfsEwJg4BPVmJZon5OYl66vk9+Xrp1RRGDFNSy5Py84vycVD1nCI1qPENFAZCObXrb1w10Hx/IFD2QKXpgU7qfTDjTr3yfiYHRi4G1LDGnNBVorgBCkV9pblJqUduaqbLcUx50Q00DAbPbACSVgUjyAAAA[0m-------------------------------------------------------
[8mha:////4Lny17SEXcelYXRfwPX61nQ2qitPo+4JHQ9ZticG/r81AAAAyx+LCAAAAAAAAP9b85aBtbiIQSOjNKU4P0+vIKc0PTOvWK8kMze1uCQxtyC1SC8ExvbLL0llgABGJgYmLwaB3MycnMzi4My85FTXgvzkDB8G3tScxILi1BRfsEwJg4BPVmJZon5OYl66vk9+Xrp1RRGDFNSy5Py84vycVD1nCI1qPENFAZCObXrb1w10Hx/IFD2QKXpgU7qfTDjTr3yfiYHRi4G1LDGnNBVorgBCkV9pblJqUduaqbLcUx50Q00DAbPbACSVgUjyAAAA[0m T E S T S
[8mha:////4Lny17SEXcelYXRfwPX61nQ2qitPo+4JHQ9ZticG/r81AAAAyx+LCAAAAAAAAP9b85aBtbiIQSOjNKU4P0+vIKc0PTOvWK8kMze1uCQxtyC1SC8ExvbLL0llgABGJgYmLwaB3MycnMzi4My85FTXgvzkDB8G3tScxILi1BRfsEwJg4BPVmJZon5OYl66vk9+Xrp1RRGDFNSy5Py84vycVD1nCI1qPENFAZCObXrb1w10Hx/IFD2QKXpgU7qfTDjTr3yfiYHRi4G1LDGnNBVorgBCkV9pblJqUduaqbLcUx50Q00DAbPbACSVgUjyAAAA[0m-------------------------------------------------------
[8mha:////4NJ38UjYY5rcCyprWrghTD6gGko02n6JtnOUQY3kax2gAAAAyx+LCAAAAAAAAP9b85aBtbiIQSOjNKU4P0+vIKc0PTOvWK8kMze1uCQxtyC1SC8ExvbLL0llgABGJgYmLwaB3MycnMzi4My85FTXgvzkDB8G3tScxILi1BRfsEwJg4BPVmJZon5OYl66vk9+Xrp1RRGDFNSy5Py84vycVD1nCI1qPENFAZCObXo7SQ7oPj6QKXogU/TApnQ/mXCmX/k+EwOjFwNrWWJOaSrQXAGEIr/S3KTUorY1U2W5pzzohpoGAlZ5ADZ+IJ/yAAAA[0m
[8mha:////4DHVZfuArBkwr8HhVh4AaBsMKU3ikh3VedA851mPGJ8kAAAAyx+LCAAAAAAAAP9b85aBtbiIQSOjNKU4P0+vIKc0PTOvWK8kMze1uCQxtyC1SC8ExvbLL0llgABGJgYmLwaB3MycnMzi4My85FTXgvzkDB8G3tScxILi1BRfsEwJg4BPVmJZon5OYl66vk9+Xrp1RRGDFNSy5Py84vycVD1nCI1qPENFAZCObXo7SRHoPj6QKXogU/TApnQ/mXCmX/k+EwOjFwNrWWJOaSrQXAGEIr/S3KTUorY1U2W5pzzohpoGAlaFAMQgPKXyAAAA[0mResults :
[8mha:////4DHVZfuArBkwr8HhVh4AaBsMKU3ikh3VedA851mPGJ8kAAAAyx+LCAAAAAAAAP9b85aBtbiIQSOjNKU4P0+vIKc0PTOvWK8kMze1uCQxtyC1SC8ExvbLL0llgABGJgYmLwaB3MycnMzi4My85FTXgvzkDB8G3tScxILi1BRfsEwJg4BPVmJZon5OYl66vk9+Xrp1RRGDFNSy5Py84vycVD1nCI1qPENFAZCObXo7SRHoPj6QKXogU/TApnQ/mXCmX/k+EwOjFwNrWWJOaSrQXAGEIr/S3KTUorY1U2W5pzzohpoGAlaFAMQgPKXyAAAA[0m
[8mha:////4DHVZfuArBkwr8HhVh4AaBsMKU3ikh3VedA851mPGJ8kAAAAyx+LCAAAAAAAAP9b85aBtbiIQSOjNKU4P0+vIKc0PTOvWK8kMze1uCQxtyC1SC8ExvbLL0llgABGJgYmLwaB3MycnMzi4My85FTXgvzkDB8G3tScxILi1BRfsEwJg4BPVmJZon5OYl66vk9+Xrp1RRGDFNSy5Py84vycVD1nCI1qPENFAZCObXo7SRHoPj6QKXogU/TApnQ/mXCmX/k+EwOjFwNrWWJOaSrQXAGEIr/S3KTUorY1U2W5pzzohpoGAlaFAMQgPKXyAAAA[0mTests run: 0, Failures: 0, Errors: 0, Skipped: 0
[8mha:////4DHVZfuArBkwr8HhVh4AaBsMKU3ikh3VedA851mPGJ8kAAAAyx+LCAAAAAAAAP9b85aBtbiIQSOjNKU4P0+vIKc0PTOvWK8kMze1uCQxtyC1SC8ExvbLL0llgABGJgYmLwaB3MycnMzi4My85FTXgvzkDB8G3tScxILi1BRfsEwJg4BPVmJZon5OYl66vk9+Xrp1RRGDFNSy5Py84vycVD1nCI1qPENFAZCObXo7SRHoPj6QKXogU/TApnQ/mXCmX/k+EwOjFwNrWWJOaSrQXAGEIr/S3KTUorY1U2W5pzzohpoGAlaFAMQgPKXyAAAA[0m
[8mha:////4DHVZfuArBkwr8HhVh4AaBsMKU3ikh3VedA851mPGJ8kAAAAyx+LCAAAAAAAAP9b85aBtbiIQSOjNKU4P0+vIKc0PTOvWK8kMze1uCQxtyC1SC8ExvbLL0llgABGJgYmLwaB3MycnMzi4My85FTXgvzkDB8G3tScxILi1BRfsEwJg4BPVmJZon5OYl66vk9+Xrp1RRGDFNSy5Py84vycVD1nCI1qPENFAZCObXo7SRHoPj6QKXogU/TApnQ/mXCmX/k+EwOjFwNrWWJOaSrQXAGEIr/S3KTUorY1U2W5pzzohpoGAlaFAMQgPKXyAAAA[0m[INFO] 
[8mha:////4DHVZfuArBkwr8HhVh4AaBsMKU3ikh3VedA851mPGJ8kAAAAyx+LCAAAAAAAAP9b85aBtbiIQSOjNKU4P0+vIKc0PTOvWK8kMze1uCQxtyC1SC8ExvbLL0llgABGJgYmLwaB3MycnMzi4My85FTXgvzkDB8G3tScxILi1BRfsEwJg4BPVmJZon5OYl66vk9+Xrp1RRGDFNSy5Py84vycVD1nCI1qPENFAZCObXo7SRHoPj6QKXogU/TApnQ/mXCmX/k+EwOjFwNrWWJOaSrQXAGEIr/S3KTUorY1U2W5pzzohpoGAlaFAMQgPKXyAAAA[0m[INFO] --- maven-easyb-plugin:1.4:test (default) @ gameoflife-build ---
[8mha:////4DHVZfuArBkwr8HhVh4AaBsMKU3ikh3VedA851mPGJ8kAAAAyx+LCAAAAAAAAP9b85aBtbiIQSOjNKU4P0+vIKc0PTOvWK8kMze1uCQxtyC1SC8ExvbLL0llgABGJgYmLwaB3MycnMzi4My85FTXgvzkDB8G3tScxILi1BRfsEwJg4BPVmJZon5OYl66vk9+Xrp1RRGDFNSy5Py84vycVD1nCI1qPENFAZCObXo7SRHoPj6QKXogU/TApnQ/mXCmX/k+EwOjFwNrWWJOaSrQXAGEIr/S3KTUorY1U2W5pzzohpoGAlaFAMQgPKXyAAAA[0m[INFO] /var/lib/jenkins/workspace/CTC_Demo/gameoflife-build/src/test/stories does not exists.  Skipping easyb testing
[8mha:////4DHVZfuArBkwr8HhVh4AaBsMKU3ikh3VedA851mPGJ8kAAAAyx+LCAAAAAAAAP9b85aBtbiIQSOjNKU4P0+vIKc0PTOvWK8kMze1uCQxtyC1SC8ExvbLL0llgABGJgYmLwaB3MycnMzi4My85FTXgvzkDB8G3tScxILi1BRfsEwJg4BPVmJZon5OYl66vk9+Xrp1RRGDFNSy5Py84vycVD1nCI1qPENFAZCObXo7SRHoPj6QKXogU/TApnQ/mXCmX/k+EwOjFwNrWWJOaSrQXAGEIr/S3KTUorY1U2W5pzzohpoGAlaFAMQgPKXyAAAA[0m[INFO] 
[8mha:////4DHVZfuArBkwr8HhVh4AaBsMKU3ikh3VedA851mPGJ8kAAAAyx+LCAAAAAAAAP9b85aBtbiIQSOjNKU4P0+vIKc0PTOvWK8kMze1uCQxtyC1SC8ExvbLL0llgABGJgYmLwaB3MycnMzi4My85FTXgvzkDB8G3tScxILi1BRfsEwJg4BPVmJZon5OYl66vk9+Xrp1RRGDFNSy5Py84vycVD1nCI1qPENFAZCObXo7SRHoPj6QKXogU/TApnQ/mXCmX/k+EwOjFwNrWWJOaSrQXAGEIr/S3KTUorY1U2W5pzzohpoGAlaFAMQgPKXyAAAA[0m[INFO] --- maven-jar-plugin:2.4:jar (default-jar) @ gameoflife-build ---
[8mha:////4FF6TFTERWJQV8tR0j2VvafbjfdYp+5W+lExlpIc95geAAAAyx+LCAAAAAAAAP9b85aBtbiIQSOjNKU4P0+vIKc0PTOvWK8kMze1uCQxtyC1SC8ExvbLL0llgABGJgYmLwaB3MycnMzi4My85FTXgvzkDB8G3tScxILi1BRfsEwJg4BPVmJZon5OYl66vk9+Xrp1RRGDFNSy5Py84vycVD1nCI1qPENFAZCObXo7xRvoPj6QKXogU/TApnQ/mXCmX/k+EwOjFwNrWWJOaSrQXAGEIr/S3KTUorY1U2W5pzzohpoGAjazAYbHFN7yAAAA[0m[INFO] Building jar: /var/lib/jenkins/workspace/CTC_Demo/gameoflife-build/target/gameoflife-build-1.0-SNAPSHOT.jar
[8mha:////4CuT7lE+7JOzNccHGTQLkXHPz8rlpyxHTUkvmoxMu/RQAAAAyx+LCAAAAAAAAP9b85aBtbiIQSOjNKU4P0+vIKc0PTOvWK8kMze1uCQxtyC1SC8ExvbLL0llgABGJgYmLwaB3MycnMzi4My85FTXgvzkDB8G3tScxILi1BRfsEwJg4BPVmJZon5OYl66vk9+Xrp1RRGDFNSy5Py84vycVD1nCI1qPENFAZCObXo7xQfoPj6QKXogU/TApnQ/mXCmX/k+EwOjFwNrWWJOaSrQXAGEIr/S3KTUorY1U2W5pzzohpoGAjZzANMQ72jyAAAA[0m[INFO] 
[8mha:////4CuT7lE+7JOzNccHGTQLkXHPz8rlpyxHTUkvmoxMu/RQAAAAyx+LCAAAAAAAAP9b85aBtbiIQSOjNKU4P0+vIKc0PTOvWK8kMze1uCQxtyC1SC8ExvbLL0llgABGJgYmLwaB3MycnMzi4My85FTXgvzkDB8G3tScxILi1BRfsEwJg4BPVmJZon5OYl66vk9+Xrp1RRGDFNSy5Py84vycVD1nCI1qPENFAZCObXo7xQfoPj6QKXogU/TApnQ/mXCmX/k+EwOjFwNrWWJOaSrQXAGEIr/S3KTUorY1U2W5pzzohpoGAjZzANMQ72jyAAAA[0m[INFO] ------------------------------------------------------------------------
[8mha:////4CuT7lE+7JOzNccHGTQLkXHPz8rlpyxHTUkvmoxMu/RQAAAAyx+LCAAAAAAAAP9b85aBtbiIQSOjNKU4P0+vIKc0PTOvWK8kMze1uCQxtyC1SC8ExvbLL0llgABGJgYmLwaB3MycnMzi4My85FTXgvzkDB8G3tScxILi1BRfsEwJg4BPVmJZon5OYl66vk9+Xrp1RRGDFNSy5Py84vycVD1nCI1qPENFAZCObXo7xQfoPj6QKXogU/TApnQ/mXCmX/k+EwOjFwNrWWJOaSrQXAGEIr/S3KTUorY1U2W5pzzohpoGAjZzANMQ72jyAAAA[0m[INFO] Building gameoflife-core 1.0-SNAPSHOT
[8mha:////4CuT7lE+7JOzNccHGTQLkXHPz8rlpyxHTUkvmoxMu/RQAAAAyx+LCAAAAAAAAP9b85aBtbiIQSOjNKU4P0+vIKc0PTOvWK8kMze1uCQxtyC1SC8ExvbLL0llgABGJgYmLwaB3MycnMzi4My85FTXgvzkDB8G3tScxILi1BRfsEwJg4BPVmJZon5OYl66vk9+Xrp1RRGDFNSy5Py84vycVD1nCI1qPENFAZCObXo7xQfoPj6QKXogU/TApnQ/mXCmX/k+EwOjFwNrWWJOaSrQXAGEIr/S3KTUorY1U2W5pzzohpoGAjZzANMQ72jyAAAA[0m[INFO] ------------------------------------------------------------------------
[8mha:////4CuT7lE+7JOzNccHGTQLkXHPz8rlpyxHTUkvmoxMu/RQAAAAyx+LCAAAAAAAAP9b85aBtbiIQSOjNKU4P0+vIKc0PTOvWK8kMze1uCQxtyC1SC8ExvbLL0llgABGJgYmLwaB3MycnMzi4My85FTXgvzkDB8G3tScxILi1BRfsEwJg4BPVmJZon5OYl66vk9+Xrp1RRGDFNSy5Py84vycVD1nCI1qPENFAZCObXo7xQfoPj6QKXogU/TApnQ/mXCmX/k+EwOjFwNrWWJOaSrQXAGEIr/S3KTUorY1U2W5pzzohpoGAjZzANMQ72jyAAAA[0m[INFO] 
[8mha:////4CuT7lE+7JOzNccHGTQLkXHPz8rlpyxHTUkvmoxMu/RQAAAAyx+LCAAAAAAAAP9b85aBtbiIQSOjNKU4P0+vIKc0PTOvWK8kMze1uCQxtyC1SC8ExvbLL0llgABGJgYmLwaB3MycnMzi4My85FTXgvzkDB8G3tScxILi1BRfsEwJg4BPVmJZon5OYl66vk9+Xrp1RRGDFNSy5Py84vycVD1nCI1qPENFAZCObXo7xQfoPj6QKXogU/TApnQ/mXCmX/k+EwOjFwNrWWJOaSrQXAGEIr/S3KTUorY1U2W5pzzohpoGAjZzANMQ72jyAAAA[0m[INFO] --- maven-clean-plugin:2.5:clean (default-clean) @ gameoflife-core ---
[8mha:////4CuT7lE+7JOzNccHGTQLkXHPz8rlpyxHTUkvmoxMu/RQAAAAyx+LCAAAAAAAAP9b85aBtbiIQSOjNKU4P0+vIKc0PTOvWK8kMze1uCQxtyC1SC8ExvbLL0llgABGJgYmLwaB3MycnMzi4My85FTXgvzkDB8G3tScxILi1BRfsEwJg4BPVmJZon5OYl66vk9+Xrp1RRGDFNSy5Py84vycVD1nCI1qPENFAZCObXo7xQfoPj6QKXogU/TApnQ/mXCmX/k+EwOjFwNrWWJOaSrQXAGEIr/S3KTUorY1U2W5pzzohpoGAjZzANMQ72jyAAAA[0m[INFO] Deleting /var/lib/jenkins/workspace/CTC_Demo/gameoflife-core/target
[8mha:////4CuT7lE+7JOzNccHGTQLkXHPz8rlpyxHTUkvmoxMu/RQAAAAyx+LCAAAAAAAAP9b85aBtbiIQSOjNKU4P0+vIKc0PTOvWK8kMze1uCQxtyC1SC8ExvbLL0llgABGJgYmLwaB3MycnMzi4My85FTXgvzkDB8G3tScxILi1BRfsEwJg4BPVmJZon5OYl66vk9+Xrp1RRGDFNSy5Py84vycVD1nCI1qPENFAZCObXo7xQfoPj6QKXogU/TApnQ/mXCmX/k+EwOjFwNrWWJOaSrQXAGEIr/S3KTUorY1U2W5pzzohpoGAjZzANMQ72jyAAAA[0m[INFO] 
[8mha:////4CuT7lE+7JOzNccHGTQLkXHPz8rlpyxHTUkvmoxMu/RQAAAAyx+LCAAAAAAAAP9b85aBtbiIQSOjNKU4P0+vIKc0PTOvWK8kMze1uCQxtyC1SC8ExvbLL0llgABGJgYmLwaB3MycnMzi4My85FTXgvzkDB8G3tScxILi1BRfsEwJg4BPVmJZon5OYl66vk9+Xrp1RRGDFNSy5Py84vycVD1nCI1qPENFAZCObXo7xQfoPj6QKXogU/TApnQ/mXCmX/k+EwOjFwNrWWJOaSrQXAGEIr/S3KTUorY1U2W5pzzohpoGAjZzANMQ72jyAAAA[0m[INFO] --- maven-enforcer-plugin:1.0:enforce (enforce-versions) @ gameoflife-core ---
[8mha:////4CuT7lE+7JOzNccHGTQLkXHPz8rlpyxHTUkvmoxMu/RQAAAAyx+LCAAAAAAAAP9b85aBtbiIQSOjNKU4P0+vIKc0PTOvWK8kMze1uCQxtyC1SC8ExvbLL0llgABGJgYmLwaB3MycnMzi4My85FTXgvzkDB8G3tScxILi1BRfsEwJg4BPVmJZon5OYl66vk9+Xrp1RRGDFNSy5Py84vycVD1nCI1qPENFAZCObXo7xQfoPj6QKXogU/TApnQ/mXCmX/k+EwOjFwNrWWJOaSrQXAGEIr/S3KTUorY1U2W5pzzohpoGAjZzANMQ72jyAAAA[0m[INFO] 
[8mha:////4CuT7lE+7JOzNccHGTQLkXHPz8rlpyxHTUkvmoxMu/RQAAAAyx+LCAAAAAAAAP9b85aBtbiIQSOjNKU4P0+vIKc0PTOvWK8kMze1uCQxtyC1SC8ExvbLL0llgABGJgYmLwaB3MycnMzi4My85FTXgvzkDB8G3tScxILi1BRfsEwJg4BPVmJZon5OYl66vk9+Xrp1RRGDFNSy5Py84vycVD1nCI1qPENFAZCObXo7xQfoPj6QKXogU/TApnQ/mXCmX/k+EwOjFwNrWWJOaSrQXAGEIr/S3KTUorY1U2W5pzzohpoGAjZzANMQ72jyAAAA[0m[INFO] --- maven-resources-plugin:2.6:resources (default-resources) @ gameoflife-core ---
[8mha:////4CuT7lE+7JOzNccHGTQLkXHPz8rlpyxHTUkvmoxMu/RQAAAAyx+LCAAAAAAAAP9b85aBtbiIQSOjNKU4P0+vIKc0PTOvWK8kMze1uCQxtyC1SC8ExvbLL0llgABGJgYmLwaB3MycnMzi4My85FTXgvzkDB8G3tScxILi1BRfsEwJg4BPVmJZon5OYl66vk9+Xrp1RRGDFNSy5Py84vycVD1nCI1qPENFAZCObXo7xQfoPj6QKXogU/TApnQ/mXCmX/k+EwOjFwNrWWJOaSrQXAGEIr/S3KTUorY1U2W5pzzohpoGAjZzANMQ72jyAAAA[0m[INFO] Using 'UTF-8' encoding to copy filtered resources.
[8mha:////4CuT7lE+7JOzNccHGTQLkXHPz8rlpyxHTUkvmoxMu/RQAAAAyx+LCAAAAAAAAP9b85aBtbiIQSOjNKU4P0+vIKc0PTOvWK8kMze1uCQxtyC1SC8ExvbLL0llgABGJgYmLwaB3MycnMzi4My85FTXgvzkDB8G3tScxILi1BRfsEwJg4BPVmJZon5OYl66vk9+Xrp1RRGDFNSy5Py84vycVD1nCI1qPENFAZCObXo7xQfoPj6QKXogU/TApnQ/mXCmX/k+EwOjFwNrWWJOaSrQXAGEIr/S3KTUorY1U2W5pzzohpoGAjZzANMQ72jyAAAA[0m[INFO] skip non existing resourceDirectory /var/lib/jenkins/workspace/CTC_Demo/gameoflife-core/src/main/resources
[8mha:////4NpWAdkUEjskgDI6ysWupYMJkqco6c3wD9L/N884vl03AAAAyx+LCAAAAAAAAP9b85aBtbiIQSOjNKU4P0+vIKc0PTOvWK8kMze1uCQxtyC1SC8ExvbLL0llgABGJgYmLwaB3MycnMzi4My85FTXgvzkDB8G3tScxILi1BRfsEwJg4BPVmJZon5OYl66vk9+Xrp1RRGDFNSy5Py84vycVD1nCI1qPENFAZCObXo7xRfoPj6QKXogU/TApnQ/mXCmX/k+EwOjFwNrWWJOaSrQXAGEIr/S3KTUorY1U2W5pzzohpoGAjZzARRXEVTyAAAA[0m[INFO] 
[8mha:////4NpWAdkUEjskgDI6ysWupYMJkqco6c3wD9L/N884vl03AAAAyx+LCAAAAAAAAP9b85aBtbiIQSOjNKU4P0+vIKc0PTOvWK8kMze1uCQxtyC1SC8ExvbLL0llgABGJgYmLwaB3MycnMzi4My85FTXgvzkDB8G3tScxILi1BRfsEwJg4BPVmJZon5OYl66vk9+Xrp1RRGDFNSy5Py84vycVD1nCI1qPENFAZCObXo7xRfoPj6QKXogU/TApnQ/mXCmX/k+EwOjFwNrWWJOaSrQXAGEIr/S3KTUorY1U2W5pzzohpoGAjZzARRXEVTyAAAA[0m[INFO] --- jacoco-maven-plugin:0.7.2.201409121644:prepare-agent (jacoco-initialize) @ gameoflife-core ---
[8mha:////4NpWAdkUEjskgDI6ysWupYMJkqco6c3wD9L/N884vl03AAAAyx+LCAAAAAAAAP9b85aBtbiIQSOjNKU4P0+vIKc0PTOvWK8kMze1uCQxtyC1SC8ExvbLL0llgABGJgYmLwaB3MycnMzi4My85FTXgvzkDB8G3tScxILi1BRfsEwJg4BPVmJZon5OYl66vk9+Xrp1RRGDFNSy5Py84vycVD1nCI1qPENFAZCObXo7xRfoPj6QKXogU/TApnQ/mXCmX/k+EwOjFwNrWWJOaSrQXAGEIr/S3KTUorY1U2W5pzzohpoGAjZzARRXEVTyAAAA[0m[INFO] argLine set to -javaagent:/var/lib/jenkins/.m2/repository/org/jacoco/org.jacoco.agent/0.7.2.201409121644/org.jacoco.agent-0.7.2.201409121644-runtime.jar=destfile=/var/lib/jenkins/workspace/CTC_Demo/gameoflife-core/target/jacoco.exec
[8mha:////4NpWAdkUEjskgDI6ysWupYMJkqco6c3wD9L/N884vl03AAAAyx+LCAAAAAAAAP9b85aBtbiIQSOjNKU4P0+vIKc0PTOvWK8kMze1uCQxtyC1SC8ExvbLL0llgABGJgYmLwaB3MycnMzi4My85FTXgvzkDB8G3tScxILi1BRfsEwJg4BPVmJZon5OYl66vk9+Xrp1RRGDFNSy5Py84vycVD1nCI1qPENFAZCObXo7xRfoPj6QKXogU/TApnQ/mXCmX/k+EwOjFwNrWWJOaSrQXAGEIr/S3KTUorY1U2W5pzzohpoGAjZzARRXEVTyAAAA[0m[INFO] 
[8mha:////4NpWAdkUEjskgDI6ysWupYMJkqco6c3wD9L/N884vl03AAAAyx+LCAAAAAAAAP9b85aBtbiIQSOjNKU4P0+vIKc0PTOvWK8kMze1uCQxtyC1SC8ExvbLL0llgABGJgYmLwaB3MycnMzi4My85FTXgvzkDB8G3tScxILi1BRfsEwJg4BPVmJZon5OYl66vk9+Xrp1RRGDFNSy5Py84vycVD1nCI1qPENFAZCObXo7xRfoPj6QKXogU/TApnQ/mXCmX/k+EwOjFwNrWWJOaSrQXAGEIr/S3KTUorY1U2W5pzzohpoGAjZzARRXEVTyAAAA[0m[INFO] --- maven-compiler-plugin:3.1:compile (default-compile) @ gameoflife-core ---
[8mha:////4NpWAdkUEjskgDI6ysWupYMJkqco6c3wD9L/N884vl03AAAAyx+LCAAAAAAAAP9b85aBtbiIQSOjNKU4P0+vIKc0PTOvWK8kMze1uCQxtyC1SC8ExvbLL0llgABGJgYmLwaB3MycnMzi4My85FTXgvzkDB8G3tScxILi1BRfsEwJg4BPVmJZon5OYl66vk9+Xrp1RRGDFNSy5Py84vycVD1nCI1qPENFAZCObXo7xRfoPj6QKXogU/TApnQ/mXCmX/k+EwOjFwNrWWJOaSrQXAGEIr/S3KTUorY1U2W5pzzohpoGAjZzARRXEVTyAAAA[0m[INFO] Changes detected - recompiling the module!
[8mha:////4NpWAdkUEjskgDI6ysWupYMJkqco6c3wD9L/N884vl03AAAAyx+LCAAAAAAAAP9b85aBtbiIQSOjNKU4P0+vIKc0PTOvWK8kMze1uCQxtyC1SC8ExvbLL0llgABGJgYmLwaB3MycnMzi4My85FTXgvzkDB8G3tScxILi1BRfsEwJg4BPVmJZon5OYl66vk9+Xrp1RRGDFNSy5Py84vycVD1nCI1qPENFAZCObXo7xRfoPj6QKXogU/TApnQ/mXCmX/k+EwOjFwNrWWJOaSrQXAGEIr/S3KTUorY1U2W5pzzohpoGAjZzARRXEVTyAAAA[0m[INFO] Compiling 5 source files to /var/lib/jenkins/workspace/CTC_Demo/gameoflife-core/target/classes
[8mha:////4Dj6VpmjAftIyQOMbBcE7pvkxJ3idkQbCMU478rcZqwTAAAAzB+LCAAAAAAAAP9b85aBtbiIQSOjNKU4P0+vIKc0PTOvWK8kMze1uCQxtyC1SC8ExvbLL0llgABGJgYmLwaB3MycnMzi4My85FTXgvzkDB8G3tScxILi1BRfsEwJg4BPVmJZon5OYl66vk9+Xrp1RRGDFNSy5Py84vycVD1nCI1qPENFAZCObXo7cwbQfXwgU/RApuiBTel+MuFMv/J9JgZGLwbWssSc0lSguQIIRX6luUmpRW1rpspyT3nQDTUNBBxfAAAcrWti8gAAAA==[0m[INFO] 
[8mha:////4Dj6VpmjAftIyQOMbBcE7pvkxJ3idkQbCMU478rcZqwTAAAAzB+LCAAAAAAAAP9b85aBtbiIQSOjNKU4P0+vIKc0PTOvWK8kMze1uCQxtyC1SC8ExvbLL0llgABGJgYmLwaB3MycnMzi4My85FTXgvzkDB8G3tScxILi1BRfsEwJg4BPVmJZon5OYl66vk9+Xrp1RRGDFNSy5Py84vycVD1nCI1qPENFAZCObXo7cwbQfXwgU/RApuiBTel+MuFMv/J9JgZGLwbWssSc0lSguQIIRX6luUmpRW1rpspyT3nQDTUNBBxfAAAcrWti8gAAAA==[0m[INFO] --- maven-resources-plugin:2.6:testResources (default-testResources) @ gameoflife-core ---
[8mha:////4Dj6VpmjAftIyQOMbBcE7pvkxJ3idkQbCMU478rcZqwTAAAAzB+LCAAAAAAAAP9b85aBtbiIQSOjNKU4P0+vIKc0PTOvWK8kMze1uCQxtyC1SC8ExvbLL0llgABGJgYmLwaB3MycnMzi4My85FTXgvzkDB8G3tScxILi1BRfsEwJg4BPVmJZon5OYl66vk9+Xrp1RRGDFNSy5Py84vycVD1nCI1qPENFAZCObXo7cwbQfXwgU/RApuiBTel+MuFMv/J9JgZGLwbWssSc0lSguQIIRX6luUmpRW1rpspyT3nQDTUNBBxfAAAcrWti8gAAAA==[0m[INFO] Using 'UTF-8' encoding to copy filtered resources.
[8mha:////4D18TZGpbdd5Lob2ut4vybCAu8Fdmi1fJje0pI85lyOAAAAAzB+LCAAAAAAAAP9b85aBtbiIQSOjNKU4P0+vIKc0PTOvWK8kMze1uCQxtyC1SC8ExvbLL0llgABGJgYmLwaB3MycnMzi4My85FTXgvzkDB8G3tScxILi1BRfsEwJg4BPVmJZon5OYl66vk9+Xrp1RRGDFNSy5Py84vycVD1nCI1qPENFAZCObXo7cybQfXwgU/RApuiBTel+MuFMv/J9JgZGLwbWssSc0lSguQIIRX6luUmpRW1rpspyT3nQDTUNBBxfAgDb6pVe8gAAAA==[0m[INFO] skip non existing resourceDirectory /var/lib/jenkins/workspace/CTC_Demo/gameoflife-core/src/test/resources
[8mha:////4D18TZGpbdd5Lob2ut4vybCAu8Fdmi1fJje0pI85lyOAAAAAzB+LCAAAAAAAAP9b85aBtbiIQSOjNKU4P0+vIKc0PTOvWK8kMze1uCQxtyC1SC8ExvbLL0llgABGJgYmLwaB3MycnMzi4My85FTXgvzkDB8G3tScxILi1BRfsEwJg4BPVmJZon5OYl66vk9+Xrp1RRGDFNSy5Py84vycVD1nCI1qPENFAZCObXo7cybQfXwgU/RApuiBTel+MuFMv/J9JgZGLwbWssSc0lSguQIIRX6luUmpRW1rpspyT3nQDTUNBBxfAgDb6pVe8gAAAA==[0m[INFO] 
[8mha:////4D18TZGpbdd5Lob2ut4vybCAu8Fdmi1fJje0pI85lyOAAAAAzB+LCAAAAAAAAP9b85aBtbiIQSOjNKU4P0+vIKc0PTOvWK8kMze1uCQxtyC1SC8ExvbLL0llgABGJgYmLwaB3MycnMzi4My85FTXgvzkDB8G3tScxILi1BRfsEwJg4BPVmJZon5OYl66vk9+Xrp1RRGDFNSy5Py84vycVD1nCI1qPENFAZCObXo7cybQfXwgU/RApuiBTel+MuFMv/J9JgZGLwbWssSc0lSguQIIRX6luUmpRW1rpspyT3nQDTUNBBxfAgDb6pVe8gAAAA==[0m[INFO] --- maven-compiler-plugin:3.1:testCompile (default-testCompile) @ gameoflife-core ---
[8mha:////4D18TZGpbdd5Lob2ut4vybCAu8Fdmi1fJje0pI85lyOAAAAAzB+LCAAAAAAAAP9b85aBtbiIQSOjNKU4P0+vIKc0PTOvWK8kMze1uCQxtyC1SC8ExvbLL0llgABGJgYmLwaB3MycnMzi4My85FTXgvzkDB8G3tScxILi1BRfsEwJg4BPVmJZon5OYl66vk9+Xrp1RRGDFNSy5Py84vycVD1nCI1qPENFAZCObXo7cybQfXwgU/RApuiBTel+MuFMv/J9JgZGLwbWssSc0lSguQIIRX6luUmpRW1rpspyT3nQDTUNBBxfAgDb6pVe8gAAAA==[0m[INFO] Changes detected - recompiling the module!
[8mha:////4D18TZGpbdd5Lob2ut4vybCAu8Fdmi1fJje0pI85lyOAAAAAzB+LCAAAAAAAAP9b85aBtbiIQSOjNKU4P0+vIKc0PTOvWK8kMze1uCQxtyC1SC8ExvbLL0llgABGJgYmLwaB3MycnMzi4My85FTXgvzkDB8G3tScxILi1BRfsEwJg4BPVmJZon5OYl66vk9+Xrp1RRGDFNSy5Py84vycVD1nCI1qPENFAZCObXo7cybQfXwgU/RApuiBTel+MuFMv/J9JgZGLwbWssSc0lSguQIIRX6luUmpRW1rpspyT3nQDTUNBBxfAgDb6pVe8gAAAA==[0m[INFO] Compiling 10 source files to /var/lib/jenkins/workspace/CTC_Demo/gameoflife-core/target/test-classes
[8mha:////4LVPALKp8TFhmw+d1Wf+BaarQkUAyu1bEnLgYq96veNLAAAAyx+LCAAAAAAAAP9b85aBtbiIQSOjNKU4P0+vIKc0PTOvWK8kMze1uCQxtyC1SC8ExvbLL0llgABGJgYmLwaB3MycnMzi4My85FTXgvzkDB8G3tScxILi1BRfsEwJg4BPVmJZon5OYl66vk9+Xrp1RRGDFNSy5Py84vycVD1nCI1qPENFAZCObXo7+yjQfXwgU/RApuiBTel+MuFMv/J9JgZGLwbWssSc0lSguQIIRX6luUmpRW1rpspyT3nQDTUNBFxEAUIfb0TyAAAA[0m[INFO] 
[8mha:////4Eos3SXFFUcAJFdAoBDaE9MWILrFphG7VFBitQvqNj8aAAAAyx+LCAAAAAAAAP9b85aBtbiIQSOjNKU4P0+vIKc0PTOvWK8kMze1uCQxtyC1SC8ExvbLL0llgABGJgYmLwaB3MycnMzi4My85FTXgvzkDB8G3tScxILi1BRfsEwJg4BPVmJZon5OYl66vk9+Xrp1RRGDFNSy5Py84vycVD1nCI1qPENFAZCObXo7+zjQfXwgU/RApuiBTel+MuFMv/J9JgZGLwbWssSc0lSguQIIRX6luUmpRW1rpspyT3nQDTUNBFzEAcyQkz3yAAAA[0m[INFO] --- maven-surefire-plugin:2.11:test (default-test) @ gameoflife-core ---
[8mha:////4Eos3SXFFUcAJFdAoBDaE9MWILrFphG7VFBitQvqNj8aAAAAyx+LCAAAAAAAAP9b85aBtbiIQSOjNKU4P0+vIKc0PTOvWK8kMze1uCQxtyC1SC8ExvbLL0llgABGJgYmLwaB3MycnMzi4My85FTXgvzkDB8G3tScxILi1BRfsEwJg4BPVmJZon5OYl66vk9+Xrp1RRGDFNSy5Py84vycVD1nCI1qPENFAZCObXo7+zjQfXwgU/RApuiBTel+MuFMv/J9JgZGLwbWssSc0lSguQIIRX6luUmpRW1rpspyT3nQDTUNBFzEAcyQkz3yAAAA[0m[INFO] Tests are skipped.
[8mha:////4Eos3SXFFUcAJFdAoBDaE9MWILrFphG7VFBitQvqNj8aAAAAyx+LCAAAAAAAAP9b85aBtbiIQSOjNKU4P0+vIKc0PTOvWK8kMze1uCQxtyC1SC8ExvbLL0llgABGJgYmLwaB3MycnMzi4My85FTXgvzkDB8G3tScxILi1BRfsEwJg4BPVmJZon5OYl66vk9+Xrp1RRGDFNSy5Py84vycVD1nCI1qPENFAZCObXo7+zjQfXwgU/RApuiBTel+MuFMv/J9JgZGLwbWssSc0lSguQIIRX6luUmpRW1rpspyT3nQDTUNBFzEAcyQkz3yAAAA[0m[INFO] 
[8mha:////4Eos3SXFFUcAJFdAoBDaE9MWILrFphG7VFBitQvqNj8aAAAAyx+LCAAAAAAAAP9b85aBtbiIQSOjNKU4P0+vIKc0PTOvWK8kMze1uCQxtyC1SC8ExvbLL0llgABGJgYmLwaB3MycnMzi4My85FTXgvzkDB8G3tScxILi1BRfsEwJg4BPVmJZon5OYl66vk9+Xrp1RRGDFNSy5Py84vycVD1nCI1qPENFAZCObXo7+zjQfXwgU/RApuiBTel+MuFMv/J9JgZGLwbWssSc0lSguQIIRX6luUmpRW1rpspyT3nQDTUNBFzEAcyQkz3yAAAA[0m[INFO] --- maven-surefire-plugin:2.11:test (unit-tests) @ gameoflife-core ---
[8mha:////4Eos3SXFFUcAJFdAoBDaE9MWILrFphG7VFBitQvqNj8aAAAAyx+LCAAAAAAAAP9b85aBtbiIQSOjNKU4P0+vIKc0PTOvWK8kMze1uCQxtyC1SC8ExvbLL0llgABGJgYmLwaB3MycnMzi4My85FTXgvzkDB8G3tScxILi1BRfsEwJg4BPVmJZon5OYl66vk9+Xrp1RRGDFNSy5Py84vycVD1nCI1qPENFAZCObXo7+zjQfXwgU/RApuiBTel+MuFMv/J9JgZGLwbWssSc0lSguQIIRX6luUmpRW1rpspyT3nQDTUNBFzEAcyQkz3yAAAA[0m[INFO] Surefire report directory: /var/lib/jenkins/workspace/CTC_Demo/gameoflife-core/target/surefire-reports
[8mha:////4Eos3SXFFUcAJFdAoBDaE9MWILrFphG7VFBitQvqNj8aAAAAyx+LCAAAAAAAAP9b85aBtbiIQSOjNKU4P0+vIKc0PTOvWK8kMze1uCQxtyC1SC8ExvbLL0llgABGJgYmLwaB3MycnMzi4My85FTXgvzkDB8G3tScxILi1BRfsEwJg4BPVmJZon5OYl66vk9+Xrp1RRGDFNSy5Py84vycVD1nCI1qPENFAZCObXo7+zjQfXwgU/RApuiBTel+MuFMv/J9JgZGLwbWssSc0lSguQIIRX6luUmpRW1rpspyT3nQDTUNBFzEAcyQkz3yAAAA[0m
[8mha:////4Eos3SXFFUcAJFdAoBDaE9MWILrFphG7VFBitQvqNj8aAAAAyx+LCAAAAAAAAP9b85aBtbiIQSOjNKU4P0+vIKc0PTOvWK8kMze1uCQxtyC1SC8ExvbLL0llgABGJgYmLwaB3MycnMzi4My85FTXgvzkDB8G3tScxILi1BRfsEwJg4BPVmJZon5OYl66vk9+Xrp1RRGDFNSy5Py84vycVD1nCI1qPENFAZCObXo7+zjQfXwgU/RApuiBTel+MuFMv/J9JgZGLwbWssSc0lSguQIIRX6luUmpRW1rpspyT3nQDTUNBFzEAcyQkz3yAAAA[0m-------------------------------------------------------
[8mha:////4Eos3SXFFUcAJFdAoBDaE9MWILrFphG7VFBitQvqNj8aAAAAyx+LCAAAAAAAAP9b85aBtbiIQSOjNKU4P0+vIKc0PTOvWK8kMze1uCQxtyC1SC8ExvbLL0llgABGJgYmLwaB3MycnMzi4My85FTXgvzkDB8G3tScxILi1BRfsEwJg4BPVmJZon5OYl66vk9+Xrp1RRGDFNSy5Py84vycVD1nCI1qPENFAZCObXo7+zjQfXwgU/RApuiBTel+MuFMv/J9JgZGLwbWssSc0lSguQIIRX6luUmpRW1rpspyT3nQDTUNBFzEAcyQkz3yAAAA[0m T E S T S
[8mha:////4Eos3SXFFUcAJFdAoBDaE9MWILrFphG7VFBitQvqNj8aAAAAyx+LCAAAAAAAAP9b85aBtbiIQSOjNKU4P0+vIKc0PTOvWK8kMze1uCQxtyC1SC8ExvbLL0llgABGJgYmLwaB3MycnMzi4My85FTXgvzkDB8G3tScxILi1BRfsEwJg4BPVmJZon5OYl66vk9+Xrp1RRGDFNSy5Py84vycVD1nCI1qPENFAZCObXo7+zjQfXwgU/RApuiBTel+MuFMv/J9JgZGLwbWssSc0lSguQIIRX6luUmpRW1rpspyT3nQDTUNBFzEAcyQkz3yAAAA[0m-------------------------------------------------------
[8mha:////4FDL04mef8P25Gc+eCq+RZYN8qBehBFCXX/YwwQl71AZAAAAyx+LCAAAAAAAAP9b85aBtbiIQSOjNKU4P0+vIKc0PTOvWK8kMze1uCQxtyC1SC8ExvbLL0llgABGJgYmLwaB3MycnMzi4My85FTXgvzkDB8G3tScxILi1BRfsEwJg4BPVmJZon5OYl66vk9+Xrp1RRGDFNSy5Py84vycVD1nCI1qPENFAZCObXo7PxboPj6QKXogU/TApnQ/mXCmX/k+EwOjFwNrWWJOaSrQXAGEIr/S3KTUorY1U2W5pzzohpoGAu5rAYTP5h/yAAAA[0mRunning com.wakaleo.gameoflife.domain.WhenYouReadAGridFromAString
[8mha:////4HtV29M1zhb16KjtYdTFK5Vd53Ry5OTUI4og69OlyOi0AAAAyx+LCAAAAAAAAP9b85aBtbiIQSOjNKU4P0+vIKc0PTOvWK8kMze1uCQxtyC1SC8ExvbLL0llgABGJgYmLwaB3MycnMzi4My85FTXgvzkDB8G3tScxILi1BRfsEwJg4BPVmJZon5OYl66vk9+Xrp1RRGDFNSy5Py84vycVD1nCI1qPENFAZCObXq7IAXoPj6QKXogU/TApnQ/mXCmX/k+EwOjFwNrWWJOaSrQXAGEIr/S3KTUorY1U2W5pzzohpoGAh5bANuctLbyAAAA[0mTests run: 8, Failures: 0, Errors: 0, Skipped: 0, Time elapsed: 0.296 sec
[8mha:////4NM/14chnOenOTJkLrHDCFZy+G0m37YBmcuhErJXXS+hAAAAyx+LCAAAAAAAAP9b85aBtbiIQSOjNKU4P0+vIKc0PTOvWK8kMze1uCQxtyC1SC8ExvbLL0llgABGJgYmLwaB3MycnMzi4My85FTXgvzkDB8G3tScxILi1BRfsEwJg4BPVmJZon5OYl66vk9+Xrp1RRGDFNSy5Py84vycVD1nCI1qPENFAZCObXq7IA3oPj6QKXogU/TApnQ/mXCmX/k+EwOjFwNrWWJOaSrQXAGEIr/S3KTUorY1U2W5pzzohpoGAh7bAFUTSM/yAAAA[0mRunning com.wakaleo.gameoflife.domain.WhenYouCreateAGrid
[8mha:////4JhxYs2Mb4Oss0Q2KXEOFYMTKao4r556w82lJ/qjuo8qAAAAyx+LCAAAAAAAAP9b85aBtbiIQSOjNKU4P0+vIKc0PTOvWK8kMze1uCQxtyC1SC8ExvbLL0llgABGJgYmLwaB3MycnMzi4My85FTXgvzkDB8G3tScxILi1BRfsEwJg4BPVmJZon5OYl66vk9+Xrp1RRGDFNSy5Py84vycVD1nCI1qPENFAZCObXq7MAPoPj6QKXogU/TApnQ/mXCmX/k+EwOjFwNrWWJOaSrQXAGEIr/S3KTUorY1U2W5pzzohpoGAp47AOoS8nzyAAAA[0mTests run: 16, Failures: 0, Errors: 0, Skipped: 0, Time elapsed: 0.077 sec
[8mha:////4DKXIAf3uP9C+y99GhZdTDapWbta/aFOqrEInltBanRzAAAAyx+LCAAAAAAAAP9b85aBtbiIQSOjNKU4P0+vIKc0PTOvWK8kMze1uCQxtyC1SC8ExvbLL0llgABGJgYmLwaB3MycnMzi4My85FTXgvzkDB8G3tScxILi1BRfsEwJg4BPVmJZon5OYl66vk9+Xrp1RRGDFNSy5Py84vycVD1nCI1qPENFAZCObXq7MBPoPj6QKXogU/TApnQ/mXCmX/k+EwOjFwNrWWJOaSrQXAGEIr/S3KTUorY1U2W5pzzohpoGAp47AS1VDEDyAAAA[0mRunning com.wakaleo.gameoflife.domain.WhenYouPrintAGrid
[8mha:////4DKXIAf3uP9C+y99GhZdTDapWbta/aFOqrEInltBanRzAAAAyx+LCAAAAAAAAP9b85aBtbiIQSOjNKU4P0+vIKc0PTOvWK8kMze1uCQxtyC1SC8ExvbLL0llgABGJgYmLwaB3MycnMzi4My85FTXgvzkDB8G3tScxILi1BRfsEwJg4BPVmJZon5OYl66vk9+Xrp1RRGDFNSy5Py84vycVD1nCI1qPENFAZCObXq7MBPoPj6QKXogU/TApnQ/mXCmX/k+EwOjFwNrWWJOaSrQXAGEIr/S3KTUorY1U2W5pzzohpoGAp47AS1VDEDyAAAA[0mTests run: 3, Failures: 0, Errors: 0, Skipped: 0, Time elapsed: 0.002 sec
[8mha:////4KvYi/6tg2Cn0XMnfZBpSrHGHl44Ba4f4cJVZu2IenniAAAAyx+LCAAAAAAAAP9b85aBtbiIQSOjNKU4P0+vIKc0PTOvWK8kMze1uCQxtyC1SC8ExvbLL0llgABGJgYmLwaB3MycnMzi4My85FTXgvzkDB8G3tScxILi1BRfsEwJg4BPVmJZon5OYl66vk9+Xrp1RRGDFNSy5Py84vycVD1nCI1qPENFAZCObXq7MAvoPj6QKXogU/TApnQ/mXCmX/k+EwOjFwNrWWJOaSrQXAGEIr/S3KTUorY1U2W5pzzohpoGAp67AGSdDgXyAAAA[0mRunning com.wakaleo.gameoflife.domain.WhenYouCreateACell
[8mha:////4KvYi/6tg2Cn0XMnfZBpSrHGHl44Ba4f4cJVZu2IenniAAAAyx+LCAAAAAAAAP9b85aBtbiIQSOjNKU4P0+vIKc0PTOvWK8kMze1uCQxtyC1SC8ExvbLL0llgABGJgYmLwaB3MycnMzi4My85FTXgvzkDB8G3tScxILi1BRfsEwJg4BPVmJZon5OYl66vk9+Xrp1RRGDFNSy5Py84vycVD1nCI1qPENFAZCObXq7MAvoPj6QKXogU/TApnQ/mXCmX/k+EwOjFwNrWWJOaSrQXAGEIr/S3KTUorY1U2W5pzzohpoGAp67AGSdDgXyAAAA[0mTests run: 6, Failures: 0, Errors: 0, Skipped: 0, Time elapsed: 0 sec
[8mha:////4KvYi/6tg2Cn0XMnfZBpSrHGHl44Ba4f4cJVZu2IenniAAAAyx+LCAAAAAAAAP9b85aBtbiIQSOjNKU4P0+vIKc0PTOvWK8kMze1uCQxtyC1SC8ExvbLL0llgABGJgYmLwaB3MycnMzi4My85FTXgvzkDB8G3tScxILi1BRfsEwJg4BPVmJZon5OYl66vk9+Xrp1RRGDFNSy5Py84vycVD1nCI1qPENFAZCObXq7MAvoPj6QKXogU/TApnQ/mXCmX/k+EwOjFwNrWWJOaSrQXAGEIr/S3KTUorY1U2W5pzzohpoGAp67AGSdDgXyAAAA[0mRunning com.wakaleo.gameoflife.domain.WhenYouPlayTheGameOfLife
[8mha:////4KvYi/6tg2Cn0XMnfZBpSrHGHl44Ba4f4cJVZu2IenniAAAAyx+LCAAAAAAAAP9b85aBtbiIQSOjNKU4P0+vIKc0PTOvWK8kMze1uCQxtyC1SC8ExvbLL0llgABGJgYmLwaB3MycnMzi4My85FTXgvzkDB8G3tScxILi1BRfsEwJg4BPVmJZon5OYl66vk9+Xrp1RRGDFNSy5Py84vycVD1nCI1qPENFAZCObXq7MAvoPj6QKXogU/TApnQ/mXCmX/k+EwOjFwNrWWJOaSrQXAGEIr/S3KTUorY1U2W5pzzohpoGAp67AGSdDgXyAAAA[0mTests run: 5, Failures: 0, Errors: 0, Skipped: 0, Time elapsed: 0.001 sec
[8mha:////4KvYi/6tg2Cn0XMnfZBpSrHGHl44Ba4f4cJVZu2IenniAAAAyx+LCAAAAAAAAP9b85aBtbiIQSOjNKU4P0+vIKc0PTOvWK8kMze1uCQxtyC1SC8ExvbLL0llgABGJgYmLwaB3MycnMzi4My85FTXgvzkDB8G3tScxILi1BRfsEwJg4BPVmJZon5OYl66vk9+Xrp1RRGDFNSy5Py84vycVD1nCI1qPENFAZCObXq7MAvoPj6QKXogU/TApnQ/mXCmX/k+EwOjFwNrWWJOaSrQXAGEIr/S3KTUorY1U2W5pzzohpoGAp67AGSdDgXyAAAA[0mRunning com.wakaleo.gameoflife.domain.WhenYouCreateANewUniverse
[8mha:////4KvYi/6tg2Cn0XMnfZBpSrHGHl44Ba4f4cJVZu2IenniAAAAyx+LCAAAAAAAAP9b85aBtbiIQSOjNKU4P0+vIKc0PTOvWK8kMze1uCQxtyC1SC8ExvbLL0llgABGJgYmLwaB3MycnMzi4My85FTXgvzkDB8G3tScxILi1BRfsEwJg4BPVmJZon5OYl66vk9+Xrp1RRGDFNSy5Py84vycVD1nCI1qPENFAZCObXq7MAvoPj6QKXogU/TApnQ/mXCmX/k+EwOjFwNrWWJOaSrQXAGEIr/S3KTUorY1U2W5pzzohpoGAp67AGSdDgXyAAAA[0mTests run: 11, Failures: 0, Errors: 0, Skipped: 0, Time elapsed: 0.014 sec
[8mha:////4KvYi/6tg2Cn0XMnfZBpSrHGHl44Ba4f4cJVZu2IenniAAAAyx+LCAAAAAAAAP9b85aBtbiIQSOjNKU4P0+vIKc0PTOvWK8kMze1uCQxtyC1SC8ExvbLL0llgABGJgYmLwaB3MycnMzi4My85FTXgvzkDB8G3tScxILi1BRfsEwJg4BPVmJZon5OYl66vk9+Xrp1RRGDFNSy5Py84vycVD1nCI1qPENFAZCObXq7MAvoPj6QKXogU/TApnQ/mXCmX/k+EwOjFwNrWWJOaSrQXAGEIr/S3KTUorY1U2W5pzzohpoGAp67AGSdDgXyAAAA[0m
[8mha:////4KvYi/6tg2Cn0XMnfZBpSrHGHl44Ba4f4cJVZu2IenniAAAAyx+LCAAAAAAAAP9b85aBtbiIQSOjNKU4P0+vIKc0PTOvWK8kMze1uCQxtyC1SC8ExvbLL0llgABGJgYmLwaB3MycnMzi4My85FTXgvzkDB8G3tScxILi1BRfsEwJg4BPVmJZon5OYl66vk9+Xrp1RRGDFNSy5Py84vycVD1nCI1qPENFAZCObXq7MAvoPj6QKXogU/TApnQ/mXCmX/k+EwOjFwNrWWJOaSrQXAGEIr/S3KTUorY1U2W5pzzohpoGAp67AGSdDgXyAAAA[0mResults :
[8mha:////4KvYi/6tg2Cn0XMnfZBpSrHGHl44Ba4f4cJVZu2IenniAAAAyx+LCAAAAAAAAP9b85aBtbiIQSOjNKU4P0+vIKc0PTOvWK8kMze1uCQxtyC1SC8ExvbLL0llgABGJgYmLwaB3MycnMzi4My85FTXgvzkDB8G3tScxILi1BRfsEwJg4BPVmJZon5OYl66vk9+Xrp1RRGDFNSy5Py84vycVD1nCI1qPENFAZCObXq7MAvoPj6QKXogU/TApnQ/mXCmX/k+EwOjFwNrWWJOaSrQXAGEIr/S3KTUorY1U2W5pzzohpoGAp67AGSdDgXyAAAA[0m
[8mha:////4KvYi/6tg2Cn0XMnfZBpSrHGHl44Ba4f4cJVZu2IenniAAAAyx+LCAAAAAAAAP9b85aBtbiIQSOjNKU4P0+vIKc0PTOvWK8kMze1uCQxtyC1SC8ExvbLL0llgABGJgYmLwaB3MycnMzi4My85FTXgvzkDB8G3tScxILi1BRfsEwJg4BPVmJZon5OYl66vk9+Xrp1RRGDFNSy5Py84vycVD1nCI1qPENFAZCObXq7MAvoPj6QKXogU/TApnQ/mXCmX/k+EwOjFwNrWWJOaSrQXAGEIr/S3KTUorY1U2W5pzzohpoGAp67AGSdDgXyAAAA[0mTests run: 49, Failures: 0, Errors: 0, Skipped: 0
[8mha:////4KvYi/6tg2Cn0XMnfZBpSrHGHl44Ba4f4cJVZu2IenniAAAAyx+LCAAAAAAAAP9b85aBtbiIQSOjNKU4P0+vIKc0PTOvWK8kMze1uCQxtyC1SC8ExvbLL0llgABGJgYmLwaB3MycnMzi4My85FTXgvzkDB8G3tScxILi1BRfsEwJg4BPVmJZon5OYl66vk9+Xrp1RRGDFNSy5Py84vycVD1nCI1qPENFAZCObXq7MAvoPj6QKXogU/TApnQ/mXCmX/k+EwOjFwNrWWJOaSrQXAGEIr/S3KTUorY1U2W5pzzohpoGAp67AGSdDgXyAAAA[0m
[8mha:////4KvYi/6tg2Cn0XMnfZBpSrHGHl44Ba4f4cJVZu2IenniAAAAyx+LCAAAAAAAAP9b85aBtbiIQSOjNKU4P0+vIKc0PTOvWK8kMze1uCQxtyC1SC8ExvbLL0llgABGJgYmLwaB3MycnMzi4My85FTXgvzkDB8G3tScxILi1BRfsEwJg4BPVmJZon5OYl66vk9+Xrp1RRGDFNSy5Py84vycVD1nCI1qPENFAZCObXq7MAvoPj6QKXogU/TApnQ/mXCmX/k+EwOjFwNrWWJOaSrQXAGEIr/S3KTUorY1U2W5pzzohpoGAp67AGSdDgXyAAAA[0m[INFO] 
[8mha:////4KvYi/6tg2Cn0XMnfZBpSrHGHl44Ba4f4cJVZu2IenniAAAAyx+LCAAAAAAAAP9b85aBtbiIQSOjNKU4P0+vIKc0PTOvWK8kMze1uCQxtyC1SC8ExvbLL0llgABGJgYmLwaB3MycnMzi4My85FTXgvzkDB8G3tScxILi1BRfsEwJg4BPVmJZon5OYl66vk9+Xrp1RRGDFNSy5Py84vycVD1nCI1qPENFAZCObXq7MAvoPj6QKXogU/TApnQ/mXCmX/k+EwOjFwNrWWJOaSrQXAGEIr/S3KTUorY1U2W5pzzohpoGAp67AGSdDgXyAAAA[0m[INFO] --- maven-easyb-plugin:1.4:test (default) @ gameoflife-core ---
[8mha:////4BgnuFWR6F02I08YQs2PIUSwwgv0D6WxH8mUaziZRxeZAAAAyx+LCAAAAAAAAP9b85aBtbiIQSOjNKU4P0+vIKc0PTOvWK8kMze1uCQxtyC1SC8ExvbLL0llgABGJgYmLwaB3MycnMzi4My85FTXgvzkDB8G3tScxILi1BRfsEwJg4BPVmJZon5OYl66vk9+Xrp1RRGDFNSy5Py84vycVD1nCI1qPENFAZCObXq7lAHoPj6QKXogU/TApnQ/mXCmX/k+EwOjFwNrWWJOaSrQXAGEIr/S3KTUorY1U2W5pzzohpoGAr4BAI4oX3TyAAAA[0m[INFO] Using easyb dependency org.easyb:easyb-core:jar:1.6:compile
[8mha:////4BgnuFWR6F02I08YQs2PIUSwwgv0D6WxH8mUaziZRxeZAAAAyx+LCAAAAAAAAP9b85aBtbiIQSOjNKU4P0+vIKc0PTOvWK8kMze1uCQxtyC1SC8ExvbLL0llgABGJgYmLwaB3MycnMzi4My85FTXgvzkDB8G3tScxILi1BRfsEwJg4BPVmJZon5OYl66vk9+Xrp1RRGDFNSy5Py84vycVD1nCI1qPENFAZCObXq7lAHoPj6QKXogU/TApnQ/mXCmX/k+EwOjFwNrWWJOaSrQXAGEIr/S3KTUorY1U2W5pzzohpoGAr4BAI4oX3TyAAAA[0m[INFO] Using easyb dependency org.easyb:easyb-composite-groovy:pom:1.2:compile
[8mha:////4BgnuFWR6F02I08YQs2PIUSwwgv0D6WxH8mUaziZRxeZAAAAyx+LCAAAAAAAAP9b85aBtbiIQSOjNKU4P0+vIKc0PTOvWK8kMze1uCQxtyC1SC8ExvbLL0llgABGJgYmLwaB3MycnMzi4My85FTXgvzkDB8G3tScxILi1BRfsEwJg4BPVmJZon5OYl66vk9+Xrp1RRGDFNSy5Py84vycVD1nCI1qPENFAZCObXq7lAHoPj6QKXogU/TApnQ/mXCmX/k+EwOjFwNrWWJOaSrQXAGEIr/S3KTUorY1U2W5pzzohpoGAr4BAI4oX3TyAAAA[0m[INFO] Using easyb dependency org.codehaus.groovy:groovy-all:jar:2.3.6:compile
[8mha:////4BgnuFWR6F02I08YQs2PIUSwwgv0D6WxH8mUaziZRxeZAAAAyx+LCAAAAAAAAP9b85aBtbiIQSOjNKU4P0+vIKc0PTOvWK8kMze1uCQxtyC1SC8ExvbLL0llgABGJgYmLwaB3MycnMzi4My85FTXgvzkDB8G3tScxILi1BRfsEwJg4BPVmJZon5OYl66vk9+Xrp1RRGDFNSy5Py84vycVD1nCI1qPENFAZCObXq7lAHoPj6QKXogU/TApnQ/mXCmX/k+EwOjFwNrWWJOaSrQXAGEIr/S3KTUorY1U2W5pzzohpoGAr4BAI4oX3TyAAAA[0m[INFO] Using easyb dependency org.easyb:easyb-ast:jar:1.1:compile
[8mha:////4BgnuFWR6F02I08YQs2PIUSwwgv0D6WxH8mUaziZRxeZAAAAyx+LCAAAAAAAAP9b85aBtbiIQSOjNKU4P0+vIKc0PTOvWK8kMze1uCQxtyC1SC8ExvbLL0llgABGJgYmLwaB3MycnMzi4My85FTXgvzkDB8G3tScxILi1BRfsEwJg4BPVmJZon5OYl66vk9+Xrp1RRGDFNSy5Py84vycVD1nCI1qPENFAZCObXq7lAHoPj6QKXogU/TApnQ/mXCmX/k+EwOjFwNrWWJOaSrQXAGEIr/S3KTUorY1U2W5pzzohpoGAr4BAI4oX3TyAAAA[0m[INFO] Using easyb dependency commons-cli:commons-cli:jar:1.2:compile
[8mha:////4BgnuFWR6F02I08YQs2PIUSwwgv0D6WxH8mUaziZRxeZAAAAyx+LCAAAAAAAAP9b85aBtbiIQSOjNKU4P0+vIKc0PTOvWK8kMze1uCQxtyC1SC8ExvbLL0llgABGJgYmLwaB3MycnMzi4My85FTXgvzkDB8G3tScxILi1BRfsEwJg4BPVmJZon5OYl66vk9+Xrp1RRGDFNSy5Py84vycVD1nCI1qPENFAZCObXq7lAHoPj6QKXogU/TApnQ/mXCmX/k+EwOjFwNrWWJOaSrQXAGEIr/S3KTUorY1U2W5pzzohpoGAr4BAI4oX3TyAAAA[0m[INFO] Using easyb dependency commons-lang:commons-lang:jar:2.5:compile
[8mha:////4LTfE2v9Yo1A2AkSsLsl+ZcsflR64LzuRbdmLOjlTMpnAAAAyx+LCAAAAAAAAP9b85aBtbiIQSOjNKU4P0+vIKc0PTOvWK8kMze1uCQxtyC1SC8ExvbLL0llgABGJgYmLwaB3MycnMzi4My85FTXgvzkDB8G3tScxILi1BRfsEwJg4BPVmJZon5OYl66vk9+Xrp1RRGDFNSy5Py84vycVD1nCI1qPENFAZCObXq7xg/oPj6QKXogU/TApnQ/mXCmX/k+EwOjFwNrWWJOaSrQXAGEIr/S3KTUorY1U2W5pzzohpoGAiHzAGk3EnbyAAAA[0m     [java] Running counting things story (/var/lib/jenkins/workspace/CTC_Demo/gameoflife-core/src/test/stories/CountingThings.story)
[8mha:////4Ayn38T9IobrRFcLE41o6OKyY6KEkqRvhjTixbxBu+ETAAAAyx+LCAAAAAAAAP9b85aBtbiIQSOjNKU4P0+vIKc0PTOvWK8kMze1uCQxtyC1SC8ExvbLL0llgABGJgYmLwaB3MycnMzi4My85FTXgvzkDB8G3tScxILi1BRfsEwJg4BPVmJZon5OYl66vk9+Xrp1RRGDFNSy5Py84vycVD1nCI1qPENFAZCObXq7/inQfXwgU/RApuiBTel+MuFMv/J9JgZGLwbWssSc0lSguQIIRX6luUmpRW1rpspyT3nQDTUNBCJMAZxKkwvyAAAA[0m     [java] Scenarios run: 1, Failures: 0, Pending: 0, Time elapsed: 1.03 sec
[8mha:////4GxisIfmaZaFI/ycX7pybFeVXCYP2Xl96s3Uv7x4sBHAAAAAyx+LCAAAAAAAAP9b85aBtbiIQSOjNKU4P0+vIKc0PTOvWK8kMze1uCQxtyC1SC8ExvbLL0llgABGJgYmLwaB3MycnMzi4My85FTXgvzkDB8G3tScxILi1BRfsEwJg4BPVmJZon5OYl66vk9+Xrp1RRGDFNSy5Py84vycVD1nCI1qPENFAZCObXq7/hnQfXwgU/RApuiBTel+MuFMv/J9JgZGLwbWssSc0lSguQIIRX6luUmpRW1rpspyT3nQDTUNBCLMANWCkU7yAAAA[0m     [java] Running multiplying things story (/var/lib/jenkins/workspace/CTC_Demo/gameoflife-core/src/test/stories/MultiplyingThings.story)
[8mha:////4GxisIfmaZaFI/ycX7pybFeVXCYP2Xl96s3Uv7x4sBHAAAAAyx+LCAAAAAAAAP9b85aBtbiIQSOjNKU4P0+vIKc0PTOvWK8kMze1uCQxtyC1SC8ExvbLL0llgABGJgYmLwaB3MycnMzi4My85FTXgvzkDB8G3tScxILi1BRfsEwJg4BPVmJZon5OYl66vk9+Xrp1RRGDFNSy5Py84vycVD1nCI1qPENFAZCObXq7/hnQfXwgU/RApuiBTel+MuFMv/J9JgZGLwbWssSc0lSguQIIRX6luUmpRW1rpspyT3nQDTUNBCLMANWCkU7yAAAA[0m     [java] Scenarios run: 1, Failures: 0, Pending: 1, Time elapsed: 0.089 sec
[8mha:////4GxisIfmaZaFI/ycX7pybFeVXCYP2Xl96s3Uv7x4sBHAAAAAyx+LCAAAAAAAAP9b85aBtbiIQSOjNKU4P0+vIKc0PTOvWK8kMze1uCQxtyC1SC8ExvbLL0llgABGJgYmLwaB3MycnMzi4My85FTXgvzkDB8G3tScxILi1BRfsEwJg4BPVmJZon5OYl66vk9+Xrp1RRGDFNSy5Py84vycVD1nCI1qPENFAZCObXq7/hnQfXwgU/RApuiBTel+MuFMv/J9JgZGLwbWssSc0lSguQIIRX6luUmpRW1rpspyT3nQDTUNBCLMANWCkU7yAAAA[0m     [java] 2 total behaviors ran with no failures
[8mha:////4DfDGBmDOyVHaptiX/HwRTXGCsIBiJOzv9tn6i3QGO+7AAAAyx+LCAAAAAAAAP9b85aBtbiIQSOjNKU4P0+vIKc0PTOvWK8kMze1uCQxtyC1SC8ExvbLL0llgABGJgYmLwaB3MycnMzi4My85FTXgvzkDB8G3tScxILi1BRfsEwJg4BPVmJZon5OYl66vk9+Xrp1RRGDFNSy5Py84vycVD1nCI1qPENFAZCObXq7VRfoPj6QKXogU/TApnQ/mXCmX/k+EwOjFwNrWWJOaSrQXAGEIr/S3KTUorY1U2W5pzzohpoGArG1AIg8HSbyAAAA[0m     [java] Writing JUnit report to /var/lib/jenkins/workspace/CTC_Demo/gameoflife-core/target/surefire-reports/TEST-behavior.CountingThings.xml
[8mha:////4K3sNNZjmw5Az9JD6vDOmR99vbMEY23o/YigTPL0S/MhAAAAyx+LCAAAAAAAAP9b85aBtbiIQSOjNKU4P0+vIKc0PTOvWK8kMze1uCQxtyC1SC8ExvbLL0llgABGJgYmLwaB3MycnMzi4My85FTXgvzkDB8G3tScxILi1BRfsEwJg4BPVmJZon5OYl66vk9+Xrp1RRGDFNSy5Py84vycVD1nCI1qPENFAZCObXq7VQ/oPj6QKXogU/TApnQ/mXCmX/k+EwOjFwNrWWJOaSrQXAGEIr/S3KTUorY1U2W5pzzohpoGArF1AMH0H2PyAAAA[0m     [java] JUnit report written to /var/lib/jenkins/workspace/CTC_Demo/gameoflife-core/target/surefire-reports/TEST-behavior.CountingThings.xml
[8mha:////4K3sNNZjmw5Az9JD6vDOmR99vbMEY23o/YigTPL0S/MhAAAAyx+LCAAAAAAAAP9b85aBtbiIQSOjNKU4P0+vIKc0PTOvWK8kMze1uCQxtyC1SC8ExvbLL0llgABGJgYmLwaB3MycnMzi4My85FTXgvzkDB8G3tScxILi1BRfsEwJg4BPVmJZon5OYl66vk9+Xrp1RRGDFNSy5Py84vycVD1nCI1qPENFAZCObXq7VQ/oPj6QKXogU/TApnQ/mXCmX/k+EwOjFwNrWWJOaSrQXAGEIr/S3KTUorY1U2W5pzzohpoGArF1AMH0H2PyAAAA[0m     [java] Writing JUnit report to /var/lib/jenkins/workspace/CTC_Demo/gameoflife-core/target/surefire-reports/TEST-behavior.MultiplyingThings.xml
[8mha:////4LBdgnhlaal7T3ACHLg8ht2KI9liZRBZevsI07nZLyMnAAAAyx+LCAAAAAAAAP9b85aBtbiIQSOjNKU4P0+vIKc0PTOvWK8kMze1uCQxtyC1SC8ExvbLL0llgABGJgYmLwaB3MycnMzi4My85FTXgvzkDB8G3tScxILi1BRfsEwJg4BPVmJZon5OYl66vk9+Xrp1RRGDFNSy5Py84vycVD1nCI1qPENFAZCObXq7TQvoPj6QKXogU/TApnQ/mXCmX/k+EwOjFwNrWWJOaSrQXAGEIr/S3KTUorY1U2W5pzzohpoGAnFVACEQo5/yAAAA[0m     [java] JUnit report written to /var/lib/jenkins/workspace/CTC_Demo/gameoflife-core/target/surefire-reports/TEST-behavior.MultiplyingThings.xml
[8mha:////4Gz8ODXt0dR+EWfN3H8TnS+AWbrDt/CDkCxJMP6APormAAAAyx+LCAAAAAAAAP9b85aBtbiIQSOjNKU4P0+vIKc0PTOvWK8kMze1uCQxtyC1SC8ExvbLL0llgABGJgYmLwaB3MycnMzi4My85FTXgvzkDB8G3tScxILi1BRfsEwJg4BPVmJZon5OYl66vk9+Xrp1RRGDFNSy5Py84vycVD1nCI1qPENFAZCObXq7IxzoPj6QKXogU/TApnQ/mXCmX/k+EwOjFwNrWWJOaSrQXAGEIr/S3KTUorY1U2W5pzzohpoGAgnLAV8Mu+byAAAA[0m[INFO] 
[8mha:////4BlUwXgpYVR/+GxXksnQl6A3nLKVr7uHNQvUo3XfG5qBAAAAyx+LCAAAAAAAAP9b85aBtbiIQSOjNKU4P0+vIKc0PTOvWK8kMze1uCQxtyC1SC8ExvbLL0llgABGJgYmLwaB3MycnMzi4My85FTXgvzkDB8G3tScxILi1BRfsEwJg4BPVmJZon5OYl66vk9+Xrp1RRGDFNSy5Py84vycVD1nCI1qPENFAZCObXq7IwLoPj6QKXogU/TApnQ/mXCmX/k+EwOjFwNrWWJOaSrQXAGEIr/S3KTUorY1U2W5pzzohpoGAgkrAHPjw2zyAAAA[0m[INFO] --- maven-jar-plugin:2.4:jar (default-jar) @ gameoflife-core ---
[8mha:////4No0DgG6v9aa+Nu+q0F83mKXKP+FkJhNVySVmTn9PbhbAAAAyx+LCAAAAAAAAP9b85aBtbiIQSOjNKU4P0+vIKc0PTOvWK8kMze1uCQxtyC1SC8ExvbLL0llgABGJgYmLwaB3MycnMzi4My85FTXgvzkDB8G3tScxILi1BRfsEwJg4BPVmJZon5OYl66vk9+Xrp1RRGDFNSy5Py84vycVD1nCI1qPENFAZCObXq7MwToPj6QKXogU/TApnQ/mXCmX/k+EwOjFwNrWWJOaSrQXAGEIr/S3KTUorY1U2W5pzzohpoGAolLAEJthabyAAAA[0m[INFO] Building jar: /var/lib/jenkins/workspace/CTC_Demo/gameoflife-core/target/gameoflife-core-1.0-SNAPSHOT.jar
[8mha:////4Hn++QYb20T1RJQu5XIb2EcICAq6IBJ0u/egq7Pm5aNoAAAAyx+LCAAAAAAAAP9b85aBtbiIQSOjNKU4P0+vIKc0PTOvWK8kMze1uCQxtyC1SC8ExvbLL0llgABGJgYmLwaB3MycnMzi4My85FTXgvzkDB8G3tScxILi1BRfsEwJg4BPVmJZon5OYl66vk9+Xrp1RRGDFNSy5Py84vycVD1nCI1qPENFAZCObXq7MxToPj6QKXogU/TApnQ/mXCmX/k+EwOjFwNrWWJOaSrQXAGEIr/S3KTUorY1U2W5pzzohpoGAolLAYUqe5ryAAAA[0m[INFO] 
[8mha:////4Hn++QYb20T1RJQu5XIb2EcICAq6IBJ0u/egq7Pm5aNoAAAAyx+LCAAAAAAAAP9b85aBtbiIQSOjNKU4P0+vIKc0PTOvWK8kMze1uCQxtyC1SC8ExvbLL0llgABGJgYmLwaB3MycnMzi4My85FTXgvzkDB8G3tScxILi1BRfsEwJg4BPVmJZon5OYl66vk9+Xrp1RRGDFNSy5Py84vycVD1nCI1qPENFAZCObXq7MxToPj6QKXogU/TApnQ/mXCmX/k+EwOjFwNrWWJOaSrQXAGEIr/S3KTUorY1U2W5pzzohpoGAolLAYUqe5ryAAAA[0m[INFO] ------------------------------------------------------------------------
[8mha:////4Hn++QYb20T1RJQu5XIb2EcICAq6IBJ0u/egq7Pm5aNoAAAAyx+LCAAAAAAAAP9b85aBtbiIQSOjNKU4P0+vIKc0PTOvWK8kMze1uCQxtyC1SC8ExvbLL0llgABGJgYmLwaB3MycnMzi4My85FTXgvzkDB8G3tScxILi1BRfsEwJg4BPVmJZon5OYl66vk9+Xrp1RRGDFNSy5Py84vycVD1nCI1qPENFAZCObXq7MxToPj6QKXogU/TApnQ/mXCmX/k+EwOjFwNrWWJOaSrQXAGEIr/S3KTUorY1U2W5pzzohpoGAolLAYUqe5ryAAAA[0m[INFO] Building gameoflife-web 1.0-SNAPSHOT
[8mha:////4Hn++QYb20T1RJQu5XIb2EcICAq6IBJ0u/egq7Pm5aNoAAAAyx+LCAAAAAAAAP9b85aBtbiIQSOjNKU4P0+vIKc0PTOvWK8kMze1uCQxtyC1SC8ExvbLL0llgABGJgYmLwaB3MycnMzi4My85FTXgvzkDB8G3tScxILi1BRfsEwJg4BPVmJZon5OYl66vk9+Xrp1RRGDFNSy5Py84vycVD1nCI1qPENFAZCObXq7MxToPj6QKXogU/TApnQ/mXCmX/k+EwOjFwNrWWJOaSrQXAGEIr/S3KTUorY1U2W5pzzohpoGAolLAYUqe5ryAAAA[0m[INFO] ------------------------------------------------------------------------
[8mha:////4Hn++QYb20T1RJQu5XIb2EcICAq6IBJ0u/egq7Pm5aNoAAAAyx+LCAAAAAAAAP9b85aBtbiIQSOjNKU4P0+vIKc0PTOvWK8kMze1uCQxtyC1SC8ExvbLL0llgABGJgYmLwaB3MycnMzi4My85FTXgvzkDB8G3tScxILi1BRfsEwJg4BPVmJZon5OYl66vk9+Xrp1RRGDFNSy5Py84vycVD1nCI1qPENFAZCObXq7MxToPj6QKXogU/TApnQ/mXCmX/k+EwOjFwNrWWJOaSrQXAGEIr/S3KTUorY1U2W5pzzohpoGAolLAYUqe5ryAAAA[0m[INFO] 
[8mha:////4Hn++QYb20T1RJQu5XIb2EcICAq6IBJ0u/egq7Pm5aNoAAAAyx+LCAAAAAAAAP9b85aBtbiIQSOjNKU4P0+vIKc0PTOvWK8kMze1uCQxtyC1SC8ExvbLL0llgABGJgYmLwaB3MycnMzi4My85FTXgvzkDB8G3tScxILi1BRfsEwJg4BPVmJZon5OYl66vk9+Xrp1RRGDFNSy5Py84vycVD1nCI1qPENFAZCObXq7MxToPj6QKXogU/TApnQ/mXCmX/k+EwOjFwNrWWJOaSrQXAGEIr/S3KTUorY1U2W5pzzohpoGAolLAYUqe5ryAAAA[0m[INFO] --- maven-clean-plugin:2.5:clean (default-clean) @ gameoflife-web ---
[8mha:////4Hn++QYb20T1RJQu5XIb2EcICAq6IBJ0u/egq7Pm5aNoAAAAyx+LCAAAAAAAAP9b85aBtbiIQSOjNKU4P0+vIKc0PTOvWK8kMze1uCQxtyC1SC8ExvbLL0llgABGJgYmLwaB3MycnMzi4My85FTXgvzkDB8G3tScxILi1BRfsEwJg4BPVmJZon5OYl66vk9+Xrp1RRGDFNSy5Py84vycVD1nCI1qPENFAZCObXq7MxToPj6QKXogU/TApnQ/mXCmX/k+EwOjFwNrWWJOaSrQXAGEIr/S3KTUorY1U2W5pzzohpoGAolLAYUqe5ryAAAA[0m[INFO] Deleting /var/lib/jenkins/workspace/CTC_Demo/gameoflife-web/target
[8mha:////4Hn++QYb20T1RJQu5XIb2EcICAq6IBJ0u/egq7Pm5aNoAAAAyx+LCAAAAAAAAP9b85aBtbiIQSOjNKU4P0+vIKc0PTOvWK8kMze1uCQxtyC1SC8ExvbLL0llgABGJgYmLwaB3MycnMzi4My85FTXgvzkDB8G3tScxILi1BRfsEwJg4BPVmJZon5OYl66vk9+Xrp1RRGDFNSy5Py84vycVD1nCI1qPENFAZCObXq7MxToPj6QKXogU/TApnQ/mXCmX/k+EwOjFwNrWWJOaSrQXAGEIr/S3KTUorY1U2W5pzzohpoGAolLAYUqe5ryAAAA[0m[INFO] 
[8mha:////4Hn++QYb20T1RJQu5XIb2EcICAq6IBJ0u/egq7Pm5aNoAAAAyx+LCAAAAAAAAP9b85aBtbiIQSOjNKU4P0+vIKc0PTOvWK8kMze1uCQxtyC1SC8ExvbLL0llgABGJgYmLwaB3MycnMzi4My85FTXgvzkDB8G3tScxILi1BRfsEwJg4BPVmJZon5OYl66vk9+Xrp1RRGDFNSy5Py84vycVD1nCI1qPENFAZCObXq7MxToPj6QKXogU/TApnQ/mXCmX/k+EwOjFwNrWWJOaSrQXAGEIr/S3KTUorY1U2W5pzzohpoGAolLAYUqe5ryAAAA[0m[INFO] --- maven-enforcer-plugin:1.0:enforce (enforce-versions) @ gameoflife-web ---
[8mha:////4Hn++QYb20T1RJQu5XIb2EcICAq6IBJ0u/egq7Pm5aNoAAAAyx+LCAAAAAAAAP9b85aBtbiIQSOjNKU4P0+vIKc0PTOvWK8kMze1uCQxtyC1SC8ExvbLL0llgABGJgYmLwaB3MycnMzi4My85FTXgvzkDB8G3tScxILi1BRfsEwJg4BPVmJZon5OYl66vk9+Xrp1RRGDFNSy5Py84vycVD1nCI1qPENFAZCObXq7MxToPj6QKXogU/TApnQ/mXCmX/k+EwOjFwNrWWJOaSrQXAGEIr/S3KTUorY1U2W5pzzohpoGAolLAYUqe5ryAAAA[0m[INFO] 
[8mha:////4Hn++QYb20T1RJQu5XIb2EcICAq6IBJ0u/egq7Pm5aNoAAAAyx+LCAAAAAAAAP9b85aBtbiIQSOjNKU4P0+vIKc0PTOvWK8kMze1uCQxtyC1SC8ExvbLL0llgABGJgYmLwaB3MycnMzi4My85FTXgvzkDB8G3tScxILi1BRfsEwJg4BPVmJZon5OYl66vk9+Xrp1RRGDFNSy5Py84vycVD1nCI1qPENFAZCObXq7MxToPj6QKXogU/TApnQ/mXCmX/k+EwOjFwNrWWJOaSrQXAGEIr/S3KTUorY1U2W5pzzohpoGAolLAYUqe5ryAAAA[0m[INFO] --- maven-resources-plugin:2.6:resources (default-resources) @ gameoflife-web ---
[8mha:////4BCaBW4qOHX2TF36Gbv/B6xr7QiGh+YXVvnMNKimKp5iAAAAyx+LCAAAAAAAAP9b85aBtbiIQSOjNKU4P0+vIKc0PTOvWK8kMze1uCQxtyC1SC8ExvbLL0llgABGJgYmLwaB3MycnMzi4My85FTXgvzkDB8G3tScxILi1BRfsEwJg4BPVmJZon5OYl66vk9+Xrp1RRGDFNSy5Py84vycVD1nCI1qPENFAZCObXq7MwzoPj6QKXogU/TApnQ/mXCmX/k+EwOjFwNrWWJOaSrQXAGEIr/S3KTUorY1U2W5pzzohpoGAonLAMzied/yAAAA[0m[INFO] Using 'UTF-8' encoding to copy filtered resources.
[8mha:////4BCaBW4qOHX2TF36Gbv/B6xr7QiGh+YXVvnMNKimKp5iAAAAyx+LCAAAAAAAAP9b85aBtbiIQSOjNKU4P0+vIKc0PTOvWK8kMze1uCQxtyC1SC8ExvbLL0llgABGJgYmLwaB3MycnMzi4My85FTXgvzkDB8G3tScxILi1BRfsEwJg4BPVmJZon5OYl66vk9+Xrp1RRGDFNSy5Py84vycVD1nCI1qPENFAZCObXq7MwzoPj6QKXogU/TApnQ/mXCmX/k+EwOjFwNrWWJOaSrQXAGEIr/S3KTUorY1U2W5pzzohpoGAonLAMzied/yAAAA[0m[INFO] Copying 1 resource
[8mha:////4BCaBW4qOHX2TF36Gbv/B6xr7QiGh+YXVvnMNKimKp5iAAAAyx+LCAAAAAAAAP9b85aBtbiIQSOjNKU4P0+vIKc0PTOvWK8kMze1uCQxtyC1SC8ExvbLL0llgABGJgYmLwaB3MycnMzi4My85FTXgvzkDB8G3tScxILi1BRfsEwJg4BPVmJZon5OYl66vk9+Xrp1RRGDFNSy5Py84vycVD1nCI1qPENFAZCObXq7MwzoPj6QKXogU/TApnQ/mXCmX/k+EwOjFwNrWWJOaSrQXAGEIr/S3KTUorY1U2W5pzzohpoGAonLAMzied/yAAAA[0m[INFO] 
[8mha:////4BCaBW4qOHX2TF36Gbv/B6xr7QiGh+YXVvnMNKimKp5iAAAAyx+LCAAAAAAAAP9b85aBtbiIQSOjNKU4P0+vIKc0PTOvWK8kMze1uCQxtyC1SC8ExvbLL0llgABGJgYmLwaB3MycnMzi4My85FTXgvzkDB8G3tScxILi1BRfsEwJg4BPVmJZon5OYl66vk9+Xrp1RRGDFNSy5Py84vycVD1nCI1qPENFAZCObXq7MwzoPj6QKXogU/TApnQ/mXCmX/k+EwOjFwNrWWJOaSrQXAGEIr/S3KTUorY1U2W5pzzohpoGAonLAMzied/yAAAA[0m[INFO] --- jacoco-maven-plugin:0.7.2.201409121644:prepare-agent (jacoco-initialize) @ gameoflife-web ---
[8mha:////4BCaBW4qOHX2TF36Gbv/B6xr7QiGh+YXVvnMNKimKp5iAAAAyx+LCAAAAAAAAP9b85aBtbiIQSOjNKU4P0+vIKc0PTOvWK8kMze1uCQxtyC1SC8ExvbLL0llgABGJgYmLwaB3MycnMzi4My85FTXgvzkDB8G3tScxILi1BRfsEwJg4BPVmJZon5OYl66vk9+Xrp1RRGDFNSy5Py84vycVD1nCI1qPENFAZCObXq7MwzoPj6QKXogU/TApnQ/mXCmX/k+EwOjFwNrWWJOaSrQXAGEIr/S3KTUorY1U2W5pzzohpoGAonLAMzied/yAAAA[0m[INFO] argLine set to -javaagent:/var/lib/jenkins/.m2/repository/org/jacoco/org.jacoco.agent/0.7.2.201409121644/org.jacoco.agent-0.7.2.201409121644-runtime.jar=destfile=/var/lib/jenkins/workspace/CTC_Demo/gameoflife-web/target/jacoco.exec
[8mha:////4BCaBW4qOHX2TF36Gbv/B6xr7QiGh+YXVvnMNKimKp5iAAAAyx+LCAAAAAAAAP9b85aBtbiIQSOjNKU4P0+vIKc0PTOvWK8kMze1uCQxtyC1SC8ExvbLL0llgABGJgYmLwaB3MycnMzi4My85FTXgvzkDB8G3tScxILi1BRfsEwJg4BPVmJZon5OYl66vk9+Xrp1RRGDFNSy5Py84vycVD1nCI1qPENFAZCObXq7MwzoPj6QKXogU/TApnQ/mXCmX/k+EwOjFwNrWWJOaSrQXAGEIr/S3KTUorY1U2W5pzzohpoGAonLAMzied/yAAAA[0m[INFO] 
[8mha:////4BCaBW4qOHX2TF36Gbv/B6xr7QiGh+YXVvnMNKimKp5iAAAAyx+LCAAAAAAAAP9b85aBtbiIQSOjNKU4P0+vIKc0PTOvWK8kMze1uCQxtyC1SC8ExvbLL0llgABGJgYmLwaB3MycnMzi4My85FTXgvzkDB8G3tScxILi1BRfsEwJg4BPVmJZon5OYl66vk9+Xrp1RRGDFNSy5Py84vycVD1nCI1qPENFAZCObXq7MwzoPj6QKXogU/TApnQ/mXCmX/k+EwOjFwNrWWJOaSrQXAGEIr/S3KTUorY1U2W5pzzohpoGAonLAMzied/yAAAA[0m[INFO] --- maven-compiler-plugin:3.1:compile (default-compile) @ gameoflife-web ---
[8mha:////4BCaBW4qOHX2TF36Gbv/B6xr7QiGh+YXVvnMNKimKp5iAAAAyx+LCAAAAAAAAP9b85aBtbiIQSOjNKU4P0+vIKc0PTOvWK8kMze1uCQxtyC1SC8ExvbLL0llgABGJgYmLwaB3MycnMzi4My85FTXgvzkDB8G3tScxILi1BRfsEwJg4BPVmJZon5OYl66vk9+Xrp1RRGDFNSy5Py84vycVD1nCI1qPENFAZCObXq7MwzoPj6QKXogU/TApnQ/mXCmX/k+EwOjFwNrWWJOaSrQXAGEIr/S3KTUorY1U2W5pzzohpoGAonLAMzied/yAAAA[0m[INFO] Changes detected - recompiling the module!
[8mha:////4BCaBW4qOHX2TF36Gbv/B6xr7QiGh+YXVvnMNKimKp5iAAAAyx+LCAAAAAAAAP9b85aBtbiIQSOjNKU4P0+vIKc0PTOvWK8kMze1uCQxtyC1SC8ExvbLL0llgABGJgYmLwaB3MycnMzi4My85FTXgvzkDB8G3tScxILi1BRfsEwJg4BPVmJZon5OYl66vk9+Xrp1RRGDFNSy5Py84vycVD1nCI1qPENFAZCObXq7MwzoPj6QKXogU/TApnQ/mXCmX/k+EwOjFwNrWWJOaSrQXAGEIr/S3KTUorY1U2W5pzzohpoGAonLAMzied/yAAAA[0m[INFO] Compiling 2 source files to /var/lib/jenkins/workspace/CTC_Demo/gameoflife-web/target/classes
[8mha:////4PMLIiRwh+nEctdeR4ZnsQv/AWbiIrl7bv5CJcLDVxQyAAAAyx+LCAAAAAAAAP9b85aBtbiIQSOjNKU4P0+vIKc0PTOvWK8kMze1uCQxtyC1SC8ExvbLL0llgABGJgYmLwaB3MycnMzi4My85FTXgvzkDB8G3tScxILi1BRfsEwJg4BPVmJZon5OYl66vk9+Xrp1RRGDFNSy5Py84vycVD1nCI1qPENFAZCObXq7KxToPj6QKXogU/TApnQ/mXCmX/k+EwOjFwNrWWJOaSrQXAGEIr/S3KTUorY1U2W5pzzohpoGAklLAXnRPpXyAAAA[0m[INFO] 
[8mha:////4IwV6205qFBtwr0S4LOgI6+D+BZeG3IDVdn5OB11M8aJAAAAyx+LCAAAAAAAAP9b85aBtbiIQSOjNKU4P0+vIKc0PTOvWK8kMze1uCQxtyC1SC8ExvbLL0llgABGJgYmLwaB3MycnMzi4My85FTXgvzkDB8G3tScxILi1BRfsEwJg4BPVmJZon5OYl66vk9+Xrp1RRGDFNSy5Py84vycVD1nCI1qPENFAZCObXq7KwzoPj6QKXogU/TApnQ/mXCmX/k+EwOjFwNrWWJOaSrQXAGEIr/S3KTUorY1U2W5pzzohpoGAknLADAZPNDyAAAA[0m[INFO] --- maven-resources-plugin:2.6:testResources (default-testResources) @ gameoflife-web ---
[8mha:////4H0CLZPZ77rxh7FvCQMZlybIEH3vKK4yCDf9YcEx8dIZAAAAyx+LCAAAAAAAAP9b85aBtbiIQSOjNKU4P0+vIKc0PTOvWK8kMze1uCQxtyC1SC8ExvbLL0llgABGJgYmLwaB3MycnMzi4My85FTXgvzkDB8G3tScxILi1BRfsEwJg4BPVmJZon5OYl66vk9+Xrp1RRGDFNSy5Py84vycVD1nCI1qPENFAZCObXq7KxzoPj6QKXogU/TApnQ/mXCmX/k+EwOjFwNrWWJOaSrQXAGEIr/S3KTUorY1U2W5pzzohpoGAknLAfdewuzyAAAA[0m[INFO] Using 'UTF-8' encoding to copy filtered resources.
[8mha:////4H0CLZPZ77rxh7FvCQMZlybIEH3vKK4yCDf9YcEx8dIZAAAAyx+LCAAAAAAAAP9b85aBtbiIQSOjNKU4P0+vIKc0PTOvWK8kMze1uCQxtyC1SC8ExvbLL0llgABGJgYmLwaB3MycnMzi4My85FTXgvzkDB8G3tScxILi1BRfsEwJg4BPVmJZon5OYl66vk9+Xrp1RRGDFNSy5Py84vycVD1nCI1qPENFAZCObXq7KxzoPj6QKXogU/TApnQ/mXCmX/k+EwOjFwNrWWJOaSrQXAGEIr/S3KTUorY1U2W5pzzohpoGAknLAfdewuzyAAAA[0m[INFO] skip non existing resourceDirectory /var/lib/jenkins/workspace/CTC_Demo/gameoflife-web/src/test/resources
[8mha:////4H0CLZPZ77rxh7FvCQMZlybIEH3vKK4yCDf9YcEx8dIZAAAAyx+LCAAAAAAAAP9b85aBtbiIQSOjNKU4P0+vIKc0PTOvWK8kMze1uCQxtyC1SC8ExvbLL0llgABGJgYmLwaB3MycnMzi4My85FTXgvzkDB8G3tScxILi1BRfsEwJg4BPVmJZon5OYl66vk9+Xrp1RRGDFNSy5Py84vycVD1nCI1qPENFAZCObXq7KxzoPj6QKXogU/TApnQ/mXCmX/k+EwOjFwNrWWJOaSrQXAGEIr/S3KTUorY1U2W5pzzohpoGAknLAfdewuzyAAAA[0m[INFO] 
[8mha:////4H0CLZPZ77rxh7FvCQMZlybIEH3vKK4yCDf9YcEx8dIZAAAAyx+LCAAAAAAAAP9b85aBtbiIQSOjNKU4P0+vIKc0PTOvWK8kMze1uCQxtyC1SC8ExvbLL0llgABGJgYmLwaB3MycnMzi4My85FTXgvzkDB8G3tScxILi1BRfsEwJg4BPVmJZon5OYl66vk9+Xrp1RRGDFNSy5Py84vycVD1nCI1qPENFAZCObXq7KxzoPj6QKXogU/TApnQ/mXCmX/k+EwOjFwNrWWJOaSrQXAGEIr/S3KTUorY1U2W5pzzohpoGAknLAfdewuzyAAAA[0m[INFO] --- maven-compiler-plugin:3.1:testCompile (default-testCompile) @ gameoflife-web ---
[8mha:////4H0CLZPZ77rxh7FvCQMZlybIEH3vKK4yCDf9YcEx8dIZAAAAyx+LCAAAAAAAAP9b85aBtbiIQSOjNKU4P0+vIKc0PTOvWK8kMze1uCQxtyC1SC8ExvbLL0llgABGJgYmLwaB3MycnMzi4My85FTXgvzkDB8G3tScxILi1BRfsEwJg4BPVmJZon5OYl66vk9+Xrp1RRGDFNSy5Py84vycVD1nCI1qPENFAZCObXq7KxzoPj6QKXogU/TApnQ/mXCmX/k+EwOjFwNrWWJOaSrQXAGEIr/S3KTUorY1U2W5pzzohpoGAknLAfdewuzyAAAA[0m[INFO] Changes detected - recompiling the module!
[8mha:////4H0CLZPZ77rxh7FvCQMZlybIEH3vKK4yCDf9YcEx8dIZAAAAyx+LCAAAAAAAAP9b85aBtbiIQSOjNKU4P0+vIKc0PTOvWK8kMze1uCQxtyC1SC8ExvbLL0llgABGJgYmLwaB3MycnMzi4My85FTXgvzkDB8G3tScxILi1BRfsEwJg4BPVmJZon5OYl66vk9+Xrp1RRGDFNSy5Py84vycVD1nCI1qPENFAZCObXq7KxzoPj6QKXogU/TApnQ/mXCmX/k+EwOjFwNrWWJOaSrQXAGEIr/S3KTUorY1U2W5pzzohpoGAknLAfdewuzyAAAA[0m[INFO] Compiling 3 source files to /var/lib/jenkins/workspace/CTC_Demo/gameoflife-web/target/test-classes
[8mha:////4LbTXsMMAjdE2f+A3zZQLLiWtV3yN8eoUQRIr8BnyD56AAAAyx+LCAAAAAAAAP9b85aBtbiIQSOjNKU4P0+vIKc0PTOvWK8kMze1uCQxtyC1SC8ExvbLL0llgABGJgYmLwaB3MycnMzi4My85FTXgvzkDB8G3tScxILi1BRfsEwJg4BPVmJZon5OYl66vk9+Xrp1RRGDFNSy5Py84vycVD1nCI1qPENFAZCObXq7OxLoPj6QKXogU/TApnQ/mXCmX/k+EwOjFwNrWWJOaSrQXAGEIr/S3KTUorY1U2W5pzzohpoGAskrAUhfeF/yAAAA[0m[INFO] 
[8mha:////4N2Ulj18SyvUY0kNG8hOftvmU1req9VGniSwbV+cMuSBAAAAyx+LCAAAAAAAAP9b85aBtbiIQSOjNKU4P0+vIKc0PTOvWK8kMze1uCQxtyC1SC8ExvbLL0llgABGJgYmLwaB3MycnMzi4My85FTXgvzkDB8G3tScxILi1BRfsEwJg4BPVmJZon5OYl66vk9+Xrp1RRGDFNSy5Py84vycVD1nCI1qPENFAZCObXq7OxroPj6QKXogU/TApnQ/mXCmX/k+EwOjFwNrWWJOaSrQXAGEIr/S3KTUorY1U2W5pzzohpoGAsmrAcbQhCbyAAAA[0m[INFO] --- maven-surefire-plugin:2.11:test (default-test) @ gameoflife-web ---
[8mha:////4N2Ulj18SyvUY0kNG8hOftvmU1req9VGniSwbV+cMuSBAAAAyx+LCAAAAAAAAP9b85aBtbiIQSOjNKU4P0+vIKc0PTOvWK8kMze1uCQxtyC1SC8ExvbLL0llgABGJgYmLwaB3MycnMzi4My85FTXgvzkDB8G3tScxILi1BRfsEwJg4BPVmJZon5OYl66vk9+Xrp1RRGDFNSy5Py84vycVD1nCI1qPENFAZCObXq7OxroPj6QKXogU/TApnQ/mXCmX/k+EwOjFwNrWWJOaSrQXAGEIr/S3KTUorY1U2W5pzzohpoGAsmrAcbQhCbyAAAA[0m[INFO] Tests are skipped.
[8mha:////4N2Ulj18SyvUY0kNG8hOftvmU1req9VGniSwbV+cMuSBAAAAyx+LCAAAAAAAAP9b85aBtbiIQSOjNKU4P0+vIKc0PTOvWK8kMze1uCQxtyC1SC8ExvbLL0llgABGJgYmLwaB3MycnMzi4My85FTXgvzkDB8G3tScxILi1BRfsEwJg4BPVmJZon5OYl66vk9+Xrp1RRGDFNSy5Py84vycVD1nCI1qPENFAZCObXq7OxroPj6QKXogU/TApnQ/mXCmX/k+EwOjFwNrWWJOaSrQXAGEIr/S3KTUorY1U2W5pzzohpoGAsmrAcbQhCbyAAAA[0m[INFO] 
[8mha:////4N2Ulj18SyvUY0kNG8hOftvmU1req9VGniSwbV+cMuSBAAAAyx+LCAAAAAAAAP9b85aBtbiIQSOjNKU4P0+vIKc0PTOvWK8kMze1uCQxtyC1SC8ExvbLL0llgABGJgYmLwaB3MycnMzi4My85FTXgvzkDB8G3tScxILi1BRfsEwJg4BPVmJZon5OYl66vk9+Xrp1RRGDFNSy5Py84vycVD1nCI1qPENFAZCObXq7OxroPj6QKXogU/TApnQ/mXCmX/k+EwOjFwNrWWJOaSrQXAGEIr/S3KTUorY1U2W5pzzohpoGAsmrAcbQhCbyAAAA[0m[INFO] --- maven-surefire-plugin:2.11:test (unit-tests) @ gameoflife-web ---
[8mha:////4N2Ulj18SyvUY0kNG8hOftvmU1req9VGniSwbV+cMuSBAAAAyx+LCAAAAAAAAP9b85aBtbiIQSOjNKU4P0+vIKc0PTOvWK8kMze1uCQxtyC1SC8ExvbLL0llgABGJgYmLwaB3MycnMzi4My85FTXgvzkDB8G3tScxILi1BRfsEwJg4BPVmJZon5OYl66vk9+Xrp1RRGDFNSy5Py84vycVD1nCI1qPENFAZCObXq7OxroPj6QKXogU/TApnQ/mXCmX/k+EwOjFwNrWWJOaSrQXAGEIr/S3KTUorY1U2W5pzzohpoGAsmrAcbQhCbyAAAA[0m[INFO] Surefire report directory: /var/lib/jenkins/workspace/CTC_Demo/gameoflife-web/target/surefire-reports
[8mha:////4N2Ulj18SyvUY0kNG8hOftvmU1req9VGniSwbV+cMuSBAAAAyx+LCAAAAAAAAP9b85aBtbiIQSOjNKU4P0+vIKc0PTOvWK8kMze1uCQxtyC1SC8ExvbLL0llgABGJgYmLwaB3MycnMzi4My85FTXgvzkDB8G3tScxILi1BRfsEwJg4BPVmJZon5OYl66vk9+Xrp1RRGDFNSy5Py84vycVD1nCI1qPENFAZCObXq7OxroPj6QKXogU/TApnQ/mXCmX/k+EwOjFwNrWWJOaSrQXAGEIr/S3KTUorY1U2W5pzzohpoGAsmrAcbQhCbyAAAA[0m
[8mha:////4N2Ulj18SyvUY0kNG8hOftvmU1req9VGniSwbV+cMuSBAAAAyx+LCAAAAAAAAP9b85aBtbiIQSOjNKU4P0+vIKc0PTOvWK8kMze1uCQxtyC1SC8ExvbLL0llgABGJgYmLwaB3MycnMzi4My85FTXgvzkDB8G3tScxILi1BRfsEwJg4BPVmJZon5OYl66vk9+Xrp1RRGDFNSy5Py84vycVD1nCI1qPENFAZCObXq7OxroPj6QKXogU/TApnQ/mXCmX/k+EwOjFwNrWWJOaSrQXAGEIr/S3KTUorY1U2W5pzzohpoGAsmrAcbQhCbyAAAA[0m-------------------------------------------------------
[8mha:////4N2Ulj18SyvUY0kNG8hOftvmU1req9VGniSwbV+cMuSBAAAAyx+LCAAAAAAAAP9b85aBtbiIQSOjNKU4P0+vIKc0PTOvWK8kMze1uCQxtyC1SC8ExvbLL0llgABGJgYmLwaB3MycnMzi4My85FTXgvzkDB8G3tScxILi1BRfsEwJg4BPVmJZon5OYl66vk9+Xrp1RRGDFNSy5Py84vycVD1nCI1qPENFAZCObXq7OxroPj6QKXogU/TApnQ/mXCmX/k+EwOjFwNrWWJOaSrQXAGEIr/S3KTUorY1U2W5pzzohpoGAsmrAcbQhCbyAAAA[0m T E S T S
[8mha:////4N2Ulj18SyvUY0kNG8hOftvmU1req9VGniSwbV+cMuSBAAAAyx+LCAAAAAAAAP9b85aBtbiIQSOjNKU4P0+vIKc0PTOvWK8kMze1uCQxtyC1SC8ExvbLL0llgABGJgYmLwaB3MycnMzi4My85FTXgvzkDB8G3tScxILi1BRfsEwJg4BPVmJZon5OYl66vk9+Xrp1RRGDFNSy5Py84vycVD1nCI1qPENFAZCObXq7OxroPj6QKXogU/TApnQ/mXCmX/k+EwOjFwNrWWJOaSrQXAGEIr/S3KTUorY1U2W5pzzohpoGAsmrAcbQhCbyAAAA[0m-------------------------------------------------------
[8mha:////4M8DXMX850EnVnn0dADnrxbpebU32uytYRCLeSc3jHCQAAAAyx+LCAAAAAAAAP9b85aBtbiIQSOjNKU4P0+vIKc0PTOvWK8kMze1uCQxtyC1SC8ExvbLL0llgABGJgYmLwaB3MycnMzi4My85FTXgvzkDB8G3tScxILi1BRfsEwJg4BPVmJZon5OYl66vk9+Xrp1RRGDFNSy5Py84vycVD1nCI1qPENFAZCObXq77wPQfXwgU/RApuiBTel+MuFMv/J9JgZGLwbWssSc0lSguQIIRX6luUmpRW1rpspyT3nQDTUNBNIdANU20a3yAAAA[0mRunning com.wakaleo.gameoflife.webtests.controllers.WhenCreatingANewGame
[8mha:////4Kdw9jy65W691ecqHRdWq6/hQ1rddsNYAPu/9mCbIJ3xAAAAyx+LCAAAAAAAAP9b85aBtbiIQSOjNKU4P0+vIKc0PTOvWK8kMze1uCQxtyC1SC8ExvbLL0llgABGJgYmLwaB3MycnMzi4My85FTXgvzkDB8G3tScxILi1BRfsEwJg4BPVmJZon5OYl66vk9+Xrp1RRGDFNSy5Py84vycVD1nCI1qPENFAZCObXp7xAHoPj6QKXogU/TApnQ/mXCmX/k+EwOjFwNrWWJOaSrQXAGEIr/S3KTUorY1U2W5pzzohpoGAjkTALfxBGDyAAAA[0mTests run: 3, Failures: 0, Errors: 0, Skipped: 0, Time elapsed: 1.017 sec
[8mha:////4HEst59at0Orhgvh4Pho4hYc5TPYlM26gYZolUhDWUxZAAAAyx+LCAAAAAAAAP9b85aBtbiIQSOjNKU4P0+vIKc0PTOvWK8kMze1uCQxtyC1SC8ExvbLL0llgABGJgYmLwaB3MycnMzi4My85FTXgvzkDB8G3tScxILi1BRfsEwJg4BPVmJZon5OYl66vk9+Xrp1RRGDFNSy5Py84vycVD1nCI1qPENFAZCObXp7xBHoPj6QKXogU/TApnQ/mXCmX/k+EwOjFwNrWWJOaSrQXAGEIr/S3KTUorY1U2W5pzzohpoGAjkTAXC2+lzyAAAA[0mRunning com.wakaleo.gameoflife.webtests.controllers.WhenDisplayingTheHomePage
[8mha:////4HEst59at0Orhgvh4Pho4hYc5TPYlM26gYZolUhDWUxZAAAAyx+LCAAAAAAAAP9b85aBtbiIQSOjNKU4P0+vIKc0PTOvWK8kMze1uCQxtyC1SC8ExvbLL0llgABGJgYmLwaB3MycnMzi4My85FTXgvzkDB8G3tScxILi1BRfsEwJg4BPVmJZon5OYl66vk9+Xrp1RRGDFNSy5Py84vycVD1nCI1qPENFAZCObXp7xBHoPj6QKXogU/TApnQ/mXCmX/k+EwOjFwNrWWJOaSrQXAGEIr/S3KTUorY1U2W5pzzohpoGAjkTAXC2+lzyAAAA[0mTests run: 2, Failures: 0, Errors: 0, Skipped: 0, Time elapsed: 0.001 sec
[8mha:////4HEst59at0Orhgvh4Pho4hYc5TPYlM26gYZolUhDWUxZAAAAyx+LCAAAAAAAAP9b85aBtbiIQSOjNKU4P0+vIKc0PTOvWK8kMze1uCQxtyC1SC8ExvbLL0llgABGJgYmLwaB3MycnMzi4My85FTXgvzkDB8G3tScxILi1BRfsEwJg4BPVmJZon5OYl66vk9+Xrp1RRGDFNSy5Py84vycVD1nCI1qPENFAZCObXp7xBHoPj6QKXogU/TApnQ/mXCmX/k+EwOjFwNrWWJOaSrQXAGEIr/S3KTUorY1U2W5pzzohpoGAjkTAXC2+lzyAAAA[0mRunning com.wakaleo.gameoflife.webtests.controllers.WhenSpawningANewGeneration
[8mha:////4HEst59at0Orhgvh4Pho4hYc5TPYlM26gYZolUhDWUxZAAAAyx+LCAAAAAAAAP9b85aBtbiIQSOjNKU4P0+vIKc0PTOvWK8kMze1uCQxtyC1SC8ExvbLL0llgABGJgYmLwaB3MycnMzi4My85FTXgvzkDB8G3tScxILi1BRfsEwJg4BPVmJZon5OYl66vk9+Xrp1RRGDFNSy5Py84vycVD1nCI1qPENFAZCObXp7xBHoPj6QKXogU/TApnQ/mXCmX/k+EwOjFwNrWWJOaSrQXAGEIr/S3KTUorY1U2W5pzzohpoGAjkTAXC2+lzyAAAA[0mTests run: 2, Failures: 0, Errors: 0, Skipped: 0, Time elapsed: 0.044 sec
[8mha:////4HEst59at0Orhgvh4Pho4hYc5TPYlM26gYZolUhDWUxZAAAAyx+LCAAAAAAAAP9b85aBtbiIQSOjNKU4P0+vIKc0PTOvWK8kMze1uCQxtyC1SC8ExvbLL0llgABGJgYmLwaB3MycnMzi4My85FTXgvzkDB8G3tScxILi1BRfsEwJg4BPVmJZon5OYl66vk9+Xrp1RRGDFNSy5Py84vycVD1nCI1qPENFAZCObXp7xBHoPj6QKXogU/TApnQ/mXCmX/k+EwOjFwNrWWJOaSrQXAGEIr/S3KTUorY1U2W5pzzohpoGAjkTAXC2+lzyAAAA[0m
[8mha:////4HEst59at0Orhgvh4Pho4hYc5TPYlM26gYZolUhDWUxZAAAAyx+LCAAAAAAAAP9b85aBtbiIQSOjNKU4P0+vIKc0PTOvWK8kMze1uCQxtyC1SC8ExvbLL0llgABGJgYmLwaB3MycnMzi4My85FTXgvzkDB8G3tScxILi1BRfsEwJg4BPVmJZon5OYl66vk9+Xrp1RRGDFNSy5Py84vycVD1nCI1qPENFAZCObXp7xBHoPj6QKXogU/TApnQ/mXCmX/k+EwOjFwNrWWJOaSrQXAGEIr/S3KTUorY1U2W5pzzohpoGAjkTAXC2+lzyAAAA[0mResults :
[8mha:////4HEst59at0Orhgvh4Pho4hYc5TPYlM26gYZolUhDWUxZAAAAyx+LCAAAAAAAAP9b85aBtbiIQSOjNKU4P0+vIKc0PTOvWK8kMze1uCQxtyC1SC8ExvbLL0llgABGJgYmLwaB3MycnMzi4My85FTXgvzkDB8G3tScxILi1BRfsEwJg4BPVmJZon5OYl66vk9+Xrp1RRGDFNSy5Py84vycVD1nCI1qPENFAZCObXp7xBHoPj6QKXogU/TApnQ/mXCmX/k+EwOjFwNrWWJOaSrQXAGEIr/S3KTUorY1U2W5pzzohpoGAjkTAXC2+lzyAAAA[0m
[8mha:////4HEst59at0Orhgvh4Pho4hYc5TPYlM26gYZolUhDWUxZAAAAyx+LCAAAAAAAAP9b85aBtbiIQSOjNKU4P0+vIKc0PTOvWK8kMze1uCQxtyC1SC8ExvbLL0llgABGJgYmLwaB3MycnMzi4My85FTXgvzkDB8G3tScxILi1BRfsEwJg4BPVmJZon5OYl66vk9+Xrp1RRGDFNSy5Py84vycVD1nCI1qPENFAZCObXp7xBHoPj6QKXogU/TApnQ/mXCmX/k+EwOjFwNrWWJOaSrQXAGEIr/S3KTUorY1U2W5pzzohpoGAjkTAXC2+lzyAAAA[0mTests run: 7, Failures: 0, Errors: 0, Skipped: 0
[8mha:////4HEst59at0Orhgvh4Pho4hYc5TPYlM26gYZolUhDWUxZAAAAyx+LCAAAAAAAAP9b85aBtbiIQSOjNKU4P0+vIKc0PTOvWK8kMze1uCQxtyC1SC8ExvbLL0llgABGJgYmLwaB3MycnMzi4My85FTXgvzkDB8G3tScxILi1BRfsEwJg4BPVmJZon5OYl66vk9+Xrp1RRGDFNSy5Py84vycVD1nCI1qPENFAZCObXp7xBHoPj6QKXogU/TApnQ/mXCmX/k+EwOjFwNrWWJOaSrQXAGEIr/S3KTUorY1U2W5pzzohpoGAjkTAXC2+lzyAAAA[0m
[8mha:////4HEst59at0Orhgvh4Pho4hYc5TPYlM26gYZolUhDWUxZAAAAyx+LCAAAAAAAAP9b85aBtbiIQSOjNKU4P0+vIKc0PTOvWK8kMze1uCQxtyC1SC8ExvbLL0llgABGJgYmLwaB3MycnMzi4My85FTXgvzkDB8G3tScxILi1BRfsEwJg4BPVmJZon5OYl66vk9+Xrp1RRGDFNSy5Py84vycVD1nCI1qPENFAZCObXp7xBHoPj6QKXogU/TApnQ/mXCmX/k+EwOjFwNrWWJOaSrQXAGEIr/S3KTUorY1U2W5pzzohpoGAjkTAXC2+lzyAAAA[0m[INFO] 
[8mha:////4HEst59at0Orhgvh4Pho4hYc5TPYlM26gYZolUhDWUxZAAAAyx+LCAAAAAAAAP9b85aBtbiIQSOjNKU4P0+vIKc0PTOvWK8kMze1uCQxtyC1SC8ExvbLL0llgABGJgYmLwaB3MycnMzi4My85FTXgvzkDB8G3tScxILi1BRfsEwJg4BPVmJZon5OYl66vk9+Xrp1RRGDFNSy5Py84vycVD1nCI1qPENFAZCObXp7xBHoPj6QKXogU/TApnQ/mXCmX/k+EwOjFwNrWWJOaSrQXAGEIr/S3KTUorY1U2W5pzzohpoGAjkTAXC2+lzyAAAA[0m[INFO] --- maven-easyb-plugin:1.4:test (default) @ gameoflife-web ---
[8mha:////4HEst59at0Orhgvh4Pho4hYc5TPYlM26gYZolUhDWUxZAAAAyx+LCAAAAAAAAP9b85aBtbiIQSOjNKU4P0+vIKc0PTOvWK8kMze1uCQxtyC1SC8ExvbLL0llgABGJgYmLwaB3MycnMzi4My85FTXgvzkDB8G3tScxILi1BRfsEwJg4BPVmJZon5OYl66vk9+Xrp1RRGDFNSy5Py84vycVD1nCI1qPENFAZCObXp7xBHoPj6QKXogU/TApnQ/mXCmX/k+EwOjFwNrWWJOaSrQXAGEIr/S3KTUorY1U2W5pzzohpoGAjkTAXC2+lzyAAAA[0m[INFO] /var/lib/jenkins/workspace/CTC_Demo/gameoflife-web/src/test/stories does not exists.  Skipping easyb testing
[8mha:////4HEst59at0Orhgvh4Pho4hYc5TPYlM26gYZolUhDWUxZAAAAyx+LCAAAAAAAAP9b85aBtbiIQSOjNKU4P0+vIKc0PTOvWK8kMze1uCQxtyC1SC8ExvbLL0llgABGJgYmLwaB3MycnMzi4My85FTXgvzkDB8G3tScxILi1BRfsEwJg4BPVmJZon5OYl66vk9+Xrp1RRGDFNSy5Py84vycVD1nCI1qPENFAZCObXp7xBHoPj6QKXogU/TApnQ/mXCmX/k+EwOjFwNrWWJOaSrQXAGEIr/S3KTUorY1U2W5pzzohpoGAjkTAXC2+lzyAAAA[0m[INFO] 
[8mha:////4HEst59at0Orhgvh4Pho4hYc5TPYlM26gYZolUhDWUxZAAAAyx+LCAAAAAAAAP9b85aBtbiIQSOjNKU4P0+vIKc0PTOvWK8kMze1uCQxtyC1SC8ExvbLL0llgABGJgYmLwaB3MycnMzi4My85FTXgvzkDB8G3tScxILi1BRfsEwJg4BPVmJZon5OYl66vk9+Xrp1RRGDFNSy5Py84vycVD1nCI1qPENFAZCObXp7xBHoPj6QKXogU/TApnQ/mXCmX/k+EwOjFwNrWWJOaSrQXAGEIr/S3KTUorY1U2W5pzzohpoGAjkTAXC2+lzyAAAA[0m[INFO] --- maven-war-plugin:2.1.1:war (default-war) @ gameoflife-web ---
[8mha:////4N1Xiu3rHHI2ND7dAcPdGaynI7n4iZtOT68UFXFO/Zq7AAAAyx+LCAAAAAAAAP9b85aBtbiIQSOjNKU4P0+vIKc0PTOvWK8kMze1uCQxtyC1SC8ExvbLL0llgABGJgYmLwaB3MycnMzi4My85FTXgvzkDB8G3tScxILi1BRfsEwJg4BPVmJZon5OYl66vk9+Xrp1RRGDFNSy5Py84vycVD1nCI1qPENFAZCObXp7LBvoPj6QKXogU/TApnQ/mXCmX/k+EwOjFwNrWWJOaSrQXAGEIr/S3KTUorY1U2W5pzzohpoGAnm7Acuy8OHyAAAA[0m[INFO] Packaging webapp
[8mha:////4OHmNRGawfctIN6RlK6jLkxTaNUfBuK5TYUzjxErVkkgAAAAyx+LCAAAAAAAAP9b85aBtbiIQSOjNKU4P0+vIKc0PTOvWK8kMze1uCQxtyC1SC8ExvbLL0llgABGJgYmLwaB3MycnMzi4My85FTXgvzkDB8G3tScxILi1BRfsEwJg4BPVmJZon5OYl66vk9+Xrp1RRGDFNSy5Py84vycVD1nCI1qPENFAZCObXp7LAfoPj6QKXogU/TApnQ/mXCmX/k+EwOjFwNrWWJOaSrQXAGEIr/S3KTUorY1U2W5pzzohpoGAnl7AJ5lC1fyAAAA[0m[INFO] Assembling webapp [gameoflife-web] in [/var/lib/jenkins/workspace/CTC_Demo/gameoflife-web/target/gameoflife]
[8mha:////4CyFCgDDQkH98Qfhxp5dwwJnaboSd8Ubpcxna1CyRcPJAAAAyx+LCAAAAAAAAP9b85aBtbiIQSOjNKU4P0+vIKc0PTOvWK8kMze1uCQxtyC1SC8ExvbLL0llgABGJgYmLwaB3MycnMzi4My85FTXgvzkDB8G3tScxILi1BRfsEwJg4BPVmJZon5OYl66vk9+Xrp1RRGDFNSy5Py84vycVD1nCI1qPENFAZCObXp7LBfoPj6QKXogU/TApnQ/mXCmX/k+EwOjFwNrWWJOaSrQXAGEIr/S3KTUorY1U2W5pzzohpoGAnl7AVki9WvyAAAA[0m[INFO] Processing war project
[8mha:////4CyFCgDDQkH98Qfhxp5dwwJnaboSd8Ubpcxna1CyRcPJAAAAyx+LCAAAAAAAAP9b85aBtbiIQSOjNKU4P0+vIKc0PTOvWK8kMze1uCQxtyC1SC8ExvbLL0llgABGJgYmLwaB3MycnMzi4My85FTXgvzkDB8G3tScxILi1BRfsEwJg4BPVmJZon5OYl66vk9+Xrp1RRGDFNSy5Py84vycVD1nCI1qPENFAZCObXp7LBfoPj6QKXogU/TApnQ/mXCmX/k+EwOjFwNrWWJOaSrQXAGEIr/S3KTUorY1U2W5pzzohpoGAnl7AVki9WvyAAAA[0m[INFO] Copying webapp resources [/var/lib/jenkins/workspace/CTC_Demo/gameoflife-web/src/main/webapp]
[8mha:////4CyFCgDDQkH98Qfhxp5dwwJnaboSd8Ubpcxna1CyRcPJAAAAyx+LCAAAAAAAAP9b85aBtbiIQSOjNKU4P0+vIKc0PTOvWK8kMze1uCQxtyC1SC8ExvbLL0llgABGJgYmLwaB3MycnMzi4My85FTXgvzkDB8G3tScxILi1BRfsEwJg4BPVmJZon5OYl66vk9+Xrp1RRGDFNSy5Py84vycVD1nCI1qPENFAZCObXp7LBfoPj6QKXogU/TApnQ/mXCmX/k+EwOjFwNrWWJOaSrQXAGEIr/S3KTUorY1U2W5pzzohpoGAnl7AVki9WvyAAAA[0m[INFO] Webapp assembled in [121 msecs]
[8mha:////4H95PK1VfBk1z4VchjDQoRlDz3Gb7bOKcP62pcG4b3vTAAAAzB+LCAAAAAAAAP9b85aBtbiIQSOjNKU4P0+vIKc0PTOvWK8kMze1uCQxtyC1SC8ExvbLL0llgABGJgYmLwaB3MycnMzi4My85FTXgvzkDB8G3tScxILi1BRfsEwJg4BPVmJZon5OYl66vk9+Xrp1RRGDFNSy5Py84vycVD1nCI1qPENFAZCObXp7YjbQfXwgU/RApuiBTel+MuFMv/J9JgZGLwbWssSc0lSguQIIRX6luUmpRW1rpspyT3nQDTUNBApeAwCnYTmA8gAAAA==[0m[INFO] Building war: /var/lib/jenkins/workspace/CTC_Demo/gameoflife-web/target/gameoflife.war
[8mha:////4Gy8avJDqnUqbB2OR6qyYbvGGEMueayt3kEgWlWmOiMkAAAAzB+LCAAAAAAAAP9b85aBtbiIQSOjNKU4P0+vIKc0PTOvWK8kMze1uCQxtyC1SC8ExvbLL0llgABGJgYmLwaB3MycnMzi4My85FTXgvzkDB8G3tScxILi1BRfsEwJg4BPVmJZon5OYl66vk9+Xrp1RRGDFNSy5Py84vycVD1nCI1qPENFAZCObXp7cjrQfXwgU/RApuiBTel+MuFMv/J9JgZGLwbWssSc0lSguQIIRX6luUmpRW1rpspyT3nQDTUNBAqfAwCW739K8gAAAA==[0m[INFO] WEB-INF/web.xml already added, skipping
[8mha:////4OcMOucw/UYM7z3CIZ5PLk6bT2LtcQp5OSau3yBbNumrAAAAzB+LCAAAAAAAAP9b85aBtbiIQSOjNKU4P0+vIKc0PTOvWK8kMze1uCQxtyC1SC8ExvbLL0llgABGJgYmLwaB3MycnMzi4My85FTXgvzkDB8G3tScxILi1BRfsEwJg4BPVmJZon5OYl66vk9+Xrp1RRGDFNSy5Py84vycVD1nCI1qPENFAZCObXp7cgbQfXwgU/RApuiBTel+MuFMv/J9JgZGLwbWssSc0lSguQIIRX6luUmpRW1rpspyT3nQDTUNBApfAAC6AAfA8gAAAA==[0m[INFO] ------------------------------------------------------------------------
[8mha:////4OcMOucw/UYM7z3CIZ5PLk6bT2LtcQp5OSau3yBbNumrAAAAzB+LCAAAAAAAAP9b85aBtbiIQSOjNKU4P0+vIKc0PTOvWK8kMze1uCQxtyC1SC8ExvbLL0llgABGJgYmLwaB3MycnMzi4My85FTXgvzkDB8G3tScxILi1BRfsEwJg4BPVmJZon5OYl66vk9+Xrp1RRGDFNSy5Py84vycVD1nCI1qPENFAZCObXp7cgbQfXwgU/RApuiBTel+MuFMv/J9JgZGLwbWssSc0lSguQIIRX6luUmpRW1rpspyT3nQDTUNBApfAAC6AAfA8gAAAA==[0m[INFO] Reactor Summary:
[8mha:////4DO1B7jNTED/CJEYxC4bYVhzojP4UkMriOJADFDdztCnAAAAzB+LCAAAAAAAAP9b85aBtbiIQSOjNKU4P0+vIKc0PTOvWK8kMze1uCQxtyC1SC8ExvbLL0llgABGJgYmLwaB3MycnMzi4My85FTXgvzkDB8G3tScxILi1BRfsEwJg4BPVmJZon5OYl66vk9+Xrp1RRGDFNSy5Py84vycVD1nCI1qPENFAZCObXp7cibQfXwgU/RApuiBTel+MuFMv/J9JgZGLwbWssSc0lSguQIIRX6luUmpRW1rpspyT3nQDTUNBApfAgB9R/n88gAAAA==[0m[INFO] 
[8mha:////4DO1B7jNTED/CJEYxC4bYVhzojP4UkMriOJADFDdztCnAAAAzB+LCAAAAAAAAP9b85aBtbiIQSOjNKU4P0+vIKc0PTOvWK8kMze1uCQxtyC1SC8ExvbLL0llgABGJgYmLwaB3MycnMzi4My85FTXgvzkDB8G3tScxILi1BRfsEwJg4BPVmJZon5OYl66vk9+Xrp1RRGDFNSy5Py84vycVD1nCI1qPENFAZCObXp7cibQfXwgU/RApuiBTel+MuFMv/J9JgZGLwbWssSc0lSguQIIRX6luUmpRW1rpspyT3nQDTUNBApfAgB9R/n88gAAAA==[0m[INFO] gameoflife ......................................... SUCCESS [  5.496 s]
[8mha:////4DO1B7jNTED/CJEYxC4bYVhzojP4UkMriOJADFDdztCnAAAAzB+LCAAAAAAAAP9b85aBtbiIQSOjNKU4P0+vIKc0PTOvWK8kMze1uCQxtyC1SC8ExvbLL0llgABGJgYmLwaB3MycnMzi4My85FTXgvzkDB8G3tScxILi1BRfsEwJg4BPVmJZon5OYl66vk9+Xrp1RRGDFNSy5Py84vycVD1nCI1qPENFAZCObXp7cibQfXwgU/RApuiBTel+MuFMv/J9JgZGLwbWssSc0lSguQIIRX6luUmpRW1rpspyT3nQDTUNBApfAgB9R/n88gAAAA==[0m[INFO] gameoflife-build ................................... SUCCESS [  2.024 s]
[8mha:////4DO1B7jNTED/CJEYxC4bYVhzojP4UkMriOJADFDdztCnAAAAzB+LCAAAAAAAAP9b85aBtbiIQSOjNKU4P0+vIKc0PTOvWK8kMze1uCQxtyC1SC8ExvbLL0llgABGJgYmLwaB3MycnMzi4My85FTXgvzkDB8G3tScxILi1BRfsEwJg4BPVmJZon5OYl66vk9+Xrp1RRGDFNSy5Py84vycVD1nCI1qPENFAZCObXp7cibQfXwgU/RApuiBTel+MuFMv/J9JgZGLwbWssSc0lSguQIIRX6luUmpRW1rpspyT3nQDTUNBApfAgB9R/n88gAAAA==[0m[INFO] gameoflife-core .................................... SUCCESS [  9.430 s]
[8mha:////4DO1B7jNTED/CJEYxC4bYVhzojP4UkMriOJADFDdztCnAAAAzB+LCAAAAAAAAP9b85aBtbiIQSOjNKU4P0+vIKc0PTOvWK8kMze1uCQxtyC1SC8ExvbLL0llgABGJgYmLwaB3MycnMzi4My85FTXgvzkDB8G3tScxILi1BRfsEwJg4BPVmJZon5OYl66vk9+Xrp1RRGDFNSy5Py84vycVD1nCI1qPENFAZCObXp7cibQfXwgU/RApuiBTel+MuFMv/J9JgZGLwbWssSc0lSguQIIRX6luUmpRW1rpspyT3nQDTUNBApfAgB9R/n88gAAAA==[0m[INFO] gameoflife-web ..................................... SUCCESS [  4.168 s]
[8mha:////4DO1B7jNTED/CJEYxC4bYVhzojP4UkMriOJADFDdztCnAAAAzB+LCAAAAAAAAP9b85aBtbiIQSOjNKU4P0+vIKc0PTOvWK8kMze1uCQxtyC1SC8ExvbLL0llgABGJgYmLwaB3MycnMzi4My85FTXgvzkDB8G3tScxILi1BRfsEwJg4BPVmJZon5OYl66vk9+Xrp1RRGDFNSy5Py84vycVD1nCI1qPENFAZCObXp7cibQfXwgU/RApuiBTel+MuFMv/J9JgZGLwbWssSc0lSguQIIRX6luUmpRW1rpspyT3nQDTUNBApfAgB9R/n88gAAAA==[0m[INFO] ------------------------------------------------------------------------
[8mha:////4DO1B7jNTED/CJEYxC4bYVhzojP4UkMriOJADFDdztCnAAAAzB+LCAAAAAAAAP9b85aBtbiIQSOjNKU4P0+vIKc0PTOvWK8kMze1uCQxtyC1SC8ExvbLL0llgABGJgYmLwaB3MycnMzi4My85FTXgvzkDB8G3tScxILi1BRfsEwJg4BPVmJZon5OYl66vk9+Xrp1RRGDFNSy5Py84vycVD1nCI1qPENFAZCObXp7cibQfXwgU/RApuiBTel+MuFMv/J9JgZGLwbWssSc0lSguQIIRX6luUmpRW1rpspyT3nQDTUNBApfAgB9R/n88gAAAA==[0m[INFO] BUILD SUCCESS
[8mha:////4DO1B7jNTED/CJEYxC4bYVhzojP4UkMriOJADFDdztCnAAAAzB+LCAAAAAAAAP9b85aBtbiIQSOjNKU4P0+vIKc0PTOvWK8kMze1uCQxtyC1SC8ExvbLL0llgABGJgYmLwaB3MycnMzi4My85FTXgvzkDB8G3tScxILi1BRfsEwJg4BPVmJZon5OYl66vk9+Xrp1RRGDFNSy5Py84vycVD1nCI1qPENFAZCObXp7cibQfXwgU/RApuiBTel+MuFMv/J9JgZGLwbWssSc0lSguQIIRX6luUmpRW1rpspyT3nQDTUNBApfAgB9R/n88gAAAA==[0m[INFO] ------------------------------------------------------------------------
[8mha:////4DO1B7jNTED/CJEYxC4bYVhzojP4UkMriOJADFDdztCnAAAAzB+LCAAAAAAAAP9b85aBtbiIQSOjNKU4P0+vIKc0PTOvWK8kMze1uCQxtyC1SC8ExvbLL0llgABGJgYmLwaB3MycnMzi4My85FTXgvzkDB8G3tScxILi1BRfsEwJg4BPVmJZon5OYl66vk9+Xrp1RRGDFNSy5Py84vycVD1nCI1qPENFAZCObXp7cibQfXwgU/RApuiBTel+MuFMv/J9JgZGLwbWssSc0lSguQIIRX6luUmpRW1rpspyT3nQDTUNBApfAgB9R/n88gAAAA==[0m[INFO] Total time: 21.982 s
[8mha:////4DO1B7jNTED/CJEYxC4bYVhzojP4UkMriOJADFDdztCnAAAAzB+LCAAAAAAAAP9b85aBtbiIQSOjNKU4P0+vIKc0PTOvWK8kMze1uCQxtyC1SC8ExvbLL0llgABGJgYmLwaB3MycnMzi4My85FTXgvzkDB8G3tScxILi1BRfsEwJg4BPVmJZon5OYl66vk9+Xrp1RRGDFNSy5Py84vycVD1nCI1qPENFAZCObXp7cibQfXwgU/RApuiBTel+MuFMv/J9JgZGLwbWssSc0lSguQIIRX6luUmpRW1rpspyT3nQDTUNBApfAgB9R/n88gAAAA==[0m[INFO] Finished at: 2017-07-27T12:53:27+05:30
[8mha:////4GdhoUpROJP+LvGFu3TANDtjHGE9Tk6I+7GbpiC4L99AAAAAzB+LCAAAAAAAAP9b85aBtbiIQSOjNKU4P0+vIKc0PTOvWK8kMze1uCQxtyC1SC8ExvbLL0llgABGJgYmLwaB3MycnMzi4My85FTXgvzkDB8G3tScxILi1BRfsEwJg4BPVmJZon5OYl66vk9+Xrp1RRGDFNSy5Py84vycVD1nCI1qPENFAZCObXp7airQfXwgU/RApuiBTel+MuFMv/J9JgZGLwbWssSc0lSguQIIRX6luUmpRW1rpspyT3nQDTUNBIqeAgDkm8Y88gAAAA==[0m[INFO] Final Memory: 31M/448M
[8mha:////4GdhoUpROJP+LvGFu3TANDtjHGE9Tk6I+7GbpiC4L99AAAAAzB+LCAAAAAAAAP9b85aBtbiIQSOjNKU4P0+vIKc0PTOvWK8kMze1uCQxtyC1SC8ExvbLL0llgABGJgYmLwaB3MycnMzi4My85FTXgvzkDB8G3tScxILi1BRfsEwJg4BPVmJZon5OYl66vk9+Xrp1RRGDFNSy5Py84vycVD1nCI1qPENFAZCObXp7airQfXwgU/RApuiBTel+MuFMv/J9JgZGLwbWssSc0lSguQIIRX6luUmpRW1rpspyT3nQDTUNBIqeAgDkm8Y88gAAAA==[0m[INFO] ------------------------------------------------------------------------
