[8mha:////4NjdRKZC9b5gfHD8tmhG/XP/quRgn/9pFWX6nW1LJBcyAAAAyx+LCAAAAAAAAP9b85aBtbiIQSOjNKU4P0+vIKc0PTOvWK8kMze1uCQxtyC1SC8ExvbLL0llgABGJgYmLwaB3MycnMzi4My85FTXgvzkDB8G3tScxILi1BRfsEwJg4BPVmJZon5OYl66vk9+Xrp1RRGDFNSy5Py84vycVD1nCI1qPENFAZCOK8k5uBzoPj6QKXogU/TApnQ/mXCmX/k+EwOjFwNrWWJOaSrQXAGEIr/S3KTUorY1U2W5pzzohpoGAuKZANz1SVryAAAA[0m[CTC_Demo] Running shell script
[8mha:////4D5juKlOA+cBp5IqlAPCyxW9Gva/g2qpuzbAXpwzRzPGAAAAyx+LCAAAAAAAAP9b85aBtbiIQSOjNKU4P0+vIKc0PTOvWK8kMze1uCQxtyC1SC8ExvbLL0llgABGJgYmLwaB3MycnMzi4My85FTXgvzkDB8G3tScxILi1BRfsEwJg4BPVmJZon5OYl66vk9+Xrp1RRGDFNSy5Py84vycVD1nCI1qPENFAZCOK8k5dBroPj6QKXogU/TApnQ/mXCmX/k+EwOjFwNrWWJOaSrQXAGEIr/S3KTUorY1U2W5pzzohpoGAhK9ADZJxBjyAAAA[0m+ /opt/maven/bin/mvn clean package
[8mha:////4JfRjztHjL3BU+JC8f4IpH0D2+RRJCuSp3S4dmVRjXu5AAAAyx+LCAAAAAAAAP9b85aBtbiIQSOjNKU4P0+vIKc0PTOvWK8kMze1uCQxtyC1SC8ExvbLL0llgABGJgYmLwaB3MycnMzi4My85FTXgvzkDB8G3tScxILi1BRfsEwJg4BPVmJZon5OYl66vk9+Xrp1RRGDFNSy5Py84vycVD1nCI1qPENFAZCOK8k5MxHoPj6QKXogU/TApnQ/mXCmX/k+EwOjFwNrWWJOaSrQXAGEIr/S3KTUorY1U2W5pzzohpoGAkrBACxCRH3yAAAA[0m[INFO] Scanning for projects...
[8mha:////4LY8PuaK84mH662lWGnSIBdUSisuJ7Sn4c5oY7kG3DnrAAAAyx+LCAAAAAAAAP9b85aBtbiIQSOjNKU4P0+vIKc0PTOvWK8kMze1uCQxtyC1SC8ExvbLL0llgABGJgYmLwaB3MycnMzi4My85FTXgvzkDB8G3tScxILi1BRfsEwJg4BPVmJZon5OYl66vk9+Xrp1RRGDFNSy5Py84vycVD1nCI1qPENFAZCOK8k5Ox3oPj6QKXogU/TApnQ/mXCmX/k+EwOjFwNrWWJOaSrQXAGEIr/S3KTUorY1U2W5pzzohpoGAsqRAME3y/vyAAAA[0m[WARNING] 
[8mha:////4HJ1uiDtq2hGN5jiEJQhxaPJSfscvSDsrBS3KvC+XEVpAAAAyx+LCAAAAAAAAP9b85aBtbiIQSOjNKU4P0+vIKc0PTOvWK8kMze1uCQxtyC1SC8ExvbLL0llgABGJgYmLwaB3MycnMzi4My85FTXgvzkDB8G3tScxILi1BRfsEwJg4BPVmJZon5OYl66vk9+Xrp1RRGDFNSy5Py84vycVD1nCI1qPENFAZCOK8k5OxPoPj6QKXogU/TApnQ/mXCmX/k+EwOjFwNrWWJOaSrQXAGEIr/S3KTUorY1U2W5pzzohpoGAsrRAAHT+0TyAAAA[0m[WARNING] Some problems were encountered while building the effective model for com.wakaleo.gameoflife:gameoflife-build:jar:1.0-SNAPSHOT
[8mha:////4CmnqbVvdttO8MZYHGIx5xeAosrbnDYIdhqlNblB5IVkAAAAyx+LCAAAAAAAAP9b85aBtbiIQSOjNKU4P0+vIKc0PTOvWK8kMze1uCQxtyC1SC8ExvbLL0llgABGJgYmLwaB3MycnMzi4My85FTXgvzkDB8G3tScxILi1BRfsEwJg4BPVmJZon5OYl66vk9+Xrp1RRGDFNSy5Py84vycVD1nCI1qPENFAZCOK8k5uwjoPj6QKXogU/TApnQ/mXCmX/k+EwOjFwNrWWJOaSrQXAGEIr/S3KTUorY1U2W5pzzohpoGAsopAD52HbHyAAAA[0m[WARNING] Reporting configuration should be done in <reporting> section, not in maven-site-plugin <configuration> as reportPlugins parameter.
[8mha:////4P7+2pYLmIMmeQWdDnLy1mkEE0X5ZzaF0M1qBk2rH9OAAAAAyx+LCAAAAAAAAP9b85aBtbiIQSOjNKU4P0+vIKc0PTOvWK8kMze1uCQxtyC1SC8ExvbLL0llgABGJgYmLwaB3MycnMzi4My85FTXgvzkDB8G3tScxILi1BRfsEwJg4BPVmJZon5OYl66vk9+Xrp1RRGDFNSy5Py84vycVD1nCI1qPENFAZCOK8k5uxjoPj6QKXogU/TApnQ/mXCmX/k+EwOjFwNrWWJOaSrQXAGEIr/S3KTUorY1U2W5pzzohpoGAsqpAPkx443yAAAA[0m[WARNING] 
[8mha:////4DaY2sGwxyte1tX+IARUPwAw0lPLJYVyl9iuzED7dhesAAAAyx+LCAAAAAAAAP9b85aBtbiIQSOjNKU4P0+vIKc0PTOvWK8kMze1uCQxtyC1SC8ExvbLL0llgABGJgYmLwaB3MycnMzi4My85FTXgvzkDB8G3tScxILi1BRfsEwJg4BPVmJZon5OYl66vk9+Xrp1RRGDFNSy5Py84vycVD1nCI1qPENFAZCOK8k5uwToPj6QKXogU/TApnQ/mXCmX/k+EwOjFwNrWWJOaSrQXAGEIr/S3KTUorY1U2W5pzzohpoGAsppALUidTzyAAAA[0m[WARNING] Some problems were encountered while building the effective model for com.wakaleo.gameoflife:gameoflife-core:jar:1.0-SNAPSHOT
[8mha:////4DaY2sGwxyte1tX+IARUPwAw0lPLJYVyl9iuzED7dhesAAAAyx+LCAAAAAAAAP9b85aBtbiIQSOjNKU4P0+vIKc0PTOvWK8kMze1uCQxtyC1SC8ExvbLL0llgABGJgYmLwaB3MycnMzi4My85FTXgvzkDB8G3tScxILi1BRfsEwJg4BPVmJZon5OYl66vk9+Xrp1RRGDFNSy5Py84vycVD1nCI1qPENFAZCOK8k5uwToPj6QKXogU/TApnQ/mXCmX/k+EwOjFwNrWWJOaSrQXAGEIr/S3KTUorY1U2W5pzzohpoGAsppALUidTzyAAAA[0m[WARNING] Reporting configuration should be done in <reporting> section, not in maven-site-plugin <configuration> as reportPlugins parameter.
[8mha:////4DaY2sGwxyte1tX+IARUPwAw0lPLJYVyl9iuzED7dhesAAAAyx+LCAAAAAAAAP9b85aBtbiIQSOjNKU4P0+vIKc0PTOvWK8kMze1uCQxtyC1SC8ExvbLL0llgABGJgYmLwaB3MycnMzi4My85FTXgvzkDB8G3tScxILi1BRfsEwJg4BPVmJZon5OYl66vk9+Xrp1RRGDFNSy5Py84vycVD1nCI1qPENFAZCOK8k5uwToPj6QKXogU/TApnQ/mXCmX/k+EwOjFwNrWWJOaSrQXAGEIr/S3KTUorY1U2W5pzzohpoGAsppALUidTzyAAAA[0m[WARNING] 
[8mha:////4DaY2sGwxyte1tX+IARUPwAw0lPLJYVyl9iuzED7dhesAAAAyx+LCAAAAAAAAP9b85aBtbiIQSOjNKU4P0+vIKc0PTOvWK8kMze1uCQxtyC1SC8ExvbLL0llgABGJgYmLwaB3MycnMzi4My85FTXgvzkDB8G3tScxILi1BRfsEwJg4BPVmJZon5OYl66vk9+Xrp1RRGDFNSy5Py84vycVD1nCI1qPENFAZCOK8k5uwToPj6QKXogU/TApnQ/mXCmX/k+EwOjFwNrWWJOaSrQXAGEIr/S3KTUorY1U2W5pzzohpoGAsppALUidTzyAAAA[0m[WARNING] Some problems were encountered while building the effective model for com.wakaleo.gameoflife:gameoflife-web:war:1.0-SNAPSHOT
[8mha:////4DaY2sGwxyte1tX+IARUPwAw0lPLJYVyl9iuzED7dhesAAAAyx+LCAAAAAAAAP9b85aBtbiIQSOjNKU4P0+vIKc0PTOvWK8kMze1uCQxtyC1SC8ExvbLL0llgABGJgYmLwaB3MycnMzi4My85FTXgvzkDB8G3tScxILi1BRfsEwJg4BPVmJZon5OYl66vk9+Xrp1RRGDFNSy5Py84vycVD1nCI1qPENFAZCOK8k5uwToPj6QKXogU/TApnQ/mXCmX/k+EwOjFwNrWWJOaSrQXAGEIr/S3KTUorY1U2W5pzzohpoGAsppALUidTzyAAAA[0m[WARNING] Reporting configuration should be done in <reporting> section, not in maven-site-plugin <configuration> as reportPlugins parameter.
[8mha:////4DaY2sGwxyte1tX+IARUPwAw0lPLJYVyl9iuzED7dhesAAAAyx+LCAAAAAAAAP9b85aBtbiIQSOjNKU4P0+vIKc0PTOvWK8kMze1uCQxtyC1SC8ExvbLL0llgABGJgYmLwaB3MycnMzi4My85FTXgvzkDB8G3tScxILi1BRfsEwJg4BPVmJZon5OYl66vk9+Xrp1RRGDFNSy5Py84vycVD1nCI1qPENFAZCOK8k5uwToPj6QKXogU/TApnQ/mXCmX/k+EwOjFwNrWWJOaSrQXAGEIr/S3KTUorY1U2W5pzzohpoGAsppALUidTzyAAAA[0m[WARNING] 
[8mha:////4DaY2sGwxyte1tX+IARUPwAw0lPLJYVyl9iuzED7dhesAAAAyx+LCAAAAAAAAP9b85aBtbiIQSOjNKU4P0+vIKc0PTOvWK8kMze1uCQxtyC1SC8ExvbLL0llgABGJgYmLwaB3MycnMzi4My85FTXgvzkDB8G3tScxILi1BRfsEwJg4BPVmJZon5OYl66vk9+Xrp1RRGDFNSy5Py84vycVD1nCI1qPENFAZCOK8k5uwToPj6QKXogU/TApnQ/mXCmX/k+EwOjFwNrWWJOaSrQXAGEIr/S3KTUorY1U2W5pzzohpoGAsppALUidTzyAAAA[0m[WARNING] Some problems were encountered while building the effective model for com.wakaleo.gameoflife:gameoflife:pom:1.0-SNAPSHOT
[8mha:////4DaY2sGwxyte1tX+IARUPwAw0lPLJYVyl9iuzED7dhesAAAAyx+LCAAAAAAAAP9b85aBtbiIQSOjNKU4P0+vIKc0PTOvWK8kMze1uCQxtyC1SC8ExvbLL0llgABGJgYmLwaB3MycnMzi4My85FTXgvzkDB8G3tScxILi1BRfsEwJg4BPVmJZon5OYl66vk9+Xrp1RRGDFNSy5Py84vycVD1nCI1qPENFAZCOK8k5uwToPj6QKXogU/TApnQ/mXCmX/k+EwOjFwNrWWJOaSrQXAGEIr/S3KTUorY1U2W5pzzohpoGAsppALUidTzyAAAA[0m[WARNING] Reporting configuration should be done in <reporting> section, not in maven-site-plugin <configuration> as reportPlugins parameter. @ line 302, column 40
[8mha:////4DaY2sGwxyte1tX+IARUPwAw0lPLJYVyl9iuzED7dhesAAAAyx+LCAAAAAAAAP9b85aBtbiIQSOjNKU4P0+vIKc0PTOvWK8kMze1uCQxtyC1SC8ExvbLL0llgABGJgYmLwaB3MycnMzi4My85FTXgvzkDB8G3tScxILi1BRfsEwJg4BPVmJZon5OYl66vk9+Xrp1RRGDFNSy5Py84vycVD1nCI1qPENFAZCOK8k5uwToPj6QKXogU/TApnQ/mXCmX/k+EwOjFwNrWWJOaSrQXAGEIr/S3KTUorY1U2W5pzzohpoGAsppALUidTzyAAAA[0m[WARNING] 
[8mha:////4DaY2sGwxyte1tX+IARUPwAw0lPLJYVyl9iuzED7dhesAAAAyx+LCAAAAAAAAP9b85aBtbiIQSOjNKU4P0+vIKc0PTOvWK8kMze1uCQxtyC1SC8ExvbLL0llgABGJgYmLwaB3MycnMzi4My85FTXgvzkDB8G3tScxILi1BRfsEwJg4BPVmJZon5OYl66vk9+Xrp1RRGDFNSy5Py84vycVD1nCI1qPENFAZCOK8k5uwToPj6QKXogU/TApnQ/mXCmX/k+EwOjFwNrWWJOaSrQXAGEIr/S3KTUorY1U2W5pzzohpoGAsppALUidTzyAAAA[0m[WARNING] It is highly recommended to fix these problems because they threaten the stability of your build.
[8mha:////4DaY2sGwxyte1tX+IARUPwAw0lPLJYVyl9iuzED7dhesAAAAyx+LCAAAAAAAAP9b85aBtbiIQSOjNKU4P0+vIKc0PTOvWK8kMze1uCQxtyC1SC8ExvbLL0llgABGJgYmLwaB3MycnMzi4My85FTXgvzkDB8G3tScxILi1BRfsEwJg4BPVmJZon5OYl66vk9+Xrp1RRGDFNSy5Py84vycVD1nCI1qPENFAZCOK8k5uwToPj6QKXogU/TApnQ/mXCmX/k+EwOjFwNrWWJOaSrQXAGEIr/S3KTUorY1U2W5pzzohpoGAsppALUidTzyAAAA[0m[WARNING] 
[8mha:////4DaY2sGwxyte1tX+IARUPwAw0lPLJYVyl9iuzED7dhesAAAAyx+LCAAAAAAAAP9b85aBtbiIQSOjNKU4P0+vIKc0PTOvWK8kMze1uCQxtyC1SC8ExvbLL0llgABGJgYmLwaB3MycnMzi4My85FTXgvzkDB8G3tScxILi1BRfsEwJg4BPVmJZon5OYl66vk9+Xrp1RRGDFNSy5Py84vycVD1nCI1qPENFAZCOK8k5uwToPj6QKXogU/TApnQ/mXCmX/k+EwOjFwNrWWJOaSrQXAGEIr/S3KTUorY1U2W5pzzohpoGAsppALUidTzyAAAA[0m[WARNING] For this reason, future Maven versions might no longer support building such malformed projects.
[8mha:////4DaY2sGwxyte1tX+IARUPwAw0lPLJYVyl9iuzED7dhesAAAAyx+LCAAAAAAAAP9b85aBtbiIQSOjNKU4P0+vIKc0PTOvWK8kMze1uCQxtyC1SC8ExvbLL0llgABGJgYmLwaB3MycnMzi4My85FTXgvzkDB8G3tScxILi1BRfsEwJg4BPVmJZon5OYl66vk9+Xrp1RRGDFNSy5Py84vycVD1nCI1qPENFAZCOK8k5uwToPj6QKXogU/TApnQ/mXCmX/k+EwOjFwNrWWJOaSrQXAGEIr/S3KTUorY1U2W5pzzohpoGAsppALUidTzyAAAA[0m[WARNING] 
[8mha:////4DaY2sGwxyte1tX+IARUPwAw0lPLJYVyl9iuzED7dhesAAAAyx+LCAAAAAAAAP9b85aBtbiIQSOjNKU4P0+vIKc0PTOvWK8kMze1uCQxtyC1SC8ExvbLL0llgABGJgYmLwaB3MycnMzi4My85FTXgvzkDB8G3tScxILi1BRfsEwJg4BPVmJZon5OYl66vk9+Xrp1RRGDFNSy5Py84vycVD1nCI1qPENFAZCOK8k5uwToPj6QKXogU/TApnQ/mXCmX/k+EwOjFwNrWWJOaSrQXAGEIr/S3KTUorY1U2W5pzzohpoGAsppALUidTzyAAAA[0m[INFO] ------------------------------------------------------------------------
[8mha:////4DaY2sGwxyte1tX+IARUPwAw0lPLJYVyl9iuzED7dhesAAAAyx+LCAAAAAAAAP9b85aBtbiIQSOjNKU4P0+vIKc0PTOvWK8kMze1uCQxtyC1SC8ExvbLL0llgABGJgYmLwaB3MycnMzi4My85FTXgvzkDB8G3tScxILi1BRfsEwJg4BPVmJZon5OYl66vk9+Xrp1RRGDFNSy5Py84vycVD1nCI1qPENFAZCOK8k5uwToPj6QKXogU/TApnQ/mXCmX/k+EwOjFwNrWWJOaSrQXAGEIr/S3KTUorY1U2W5pzzohpoGAsppALUidTzyAAAA[0m[INFO] Reactor Build Order:
[8mha:////4DaY2sGwxyte1tX+IARUPwAw0lPLJYVyl9iuzED7dhesAAAAyx+LCAAAAAAAAP9b85aBtbiIQSOjNKU4P0+vIKc0PTOvWK8kMze1uCQxtyC1SC8ExvbLL0llgABGJgYmLwaB3MycnMzi4My85FTXgvzkDB8G3tScxILi1BRfsEwJg4BPVmJZon5OYl66vk9+Xrp1RRGDFNSy5Py84vycVD1nCI1qPENFAZCOK8k5uwToPj6QKXogU/TApnQ/mXCmX/k+EwOjFwNrWWJOaSrQXAGEIr/S3KTUorY1U2W5pzzohpoGAsppALUidTzyAAAA[0m[INFO] 
[8mha:////4DaY2sGwxyte1tX+IARUPwAw0lPLJYVyl9iuzED7dhesAAAAyx+LCAAAAAAAAP9b85aBtbiIQSOjNKU4P0+vIKc0PTOvWK8kMze1uCQxtyC1SC8ExvbLL0llgABGJgYmLwaB3MycnMzi4My85FTXgvzkDB8G3tScxILi1BRfsEwJg4BPVmJZon5OYl66vk9+Xrp1RRGDFNSy5Py84vycVD1nCI1qPENFAZCOK8k5uwToPj6QKXogU/TApnQ/mXCmX/k+EwOjFwNrWWJOaSrQXAGEIr/S3KTUorY1U2W5pzzohpoGAsppALUidTzyAAAA[0m[INFO] gameoflife
[8mha:////4DaY2sGwxyte1tX+IARUPwAw0lPLJYVyl9iuzED7dhesAAAAyx+LCAAAAAAAAP9b85aBtbiIQSOjNKU4P0+vIKc0PTOvWK8kMze1uCQxtyC1SC8ExvbLL0llgABGJgYmLwaB3MycnMzi4My85FTXgvzkDB8G3tScxILi1BRfsEwJg4BPVmJZon5OYl66vk9+Xrp1RRGDFNSy5Py84vycVD1nCI1qPENFAZCOK8k5uwToPj6QKXogU/TApnQ/mXCmX/k+EwOjFwNrWWJOaSrQXAGEIr/S3KTUorY1U2W5pzzohpoGAsppALUidTzyAAAA[0m[INFO] gameoflife-build
[8mha:////4DaY2sGwxyte1tX+IARUPwAw0lPLJYVyl9iuzED7dhesAAAAyx+LCAAAAAAAAP9b85aBtbiIQSOjNKU4P0+vIKc0PTOvWK8kMze1uCQxtyC1SC8ExvbLL0llgABGJgYmLwaB3MycnMzi4My85FTXgvzkDB8G3tScxILi1BRfsEwJg4BPVmJZon5OYl66vk9+Xrp1RRGDFNSy5Py84vycVD1nCI1qPENFAZCOK8k5uwToPj6QKXogU/TApnQ/mXCmX/k+EwOjFwNrWWJOaSrQXAGEIr/S3KTUorY1U2W5pzzohpoGAsppALUidTzyAAAA[0m[INFO] gameoflife-core
[8mha:////4DaY2sGwxyte1tX+IARUPwAw0lPLJYVyl9iuzED7dhesAAAAyx+LCAAAAAAAAP9b85aBtbiIQSOjNKU4P0+vIKc0PTOvWK8kMze1uCQxtyC1SC8ExvbLL0llgABGJgYmLwaB3MycnMzi4My85FTXgvzkDB8G3tScxILi1BRfsEwJg4BPVmJZon5OYl66vk9+Xrp1RRGDFNSy5Py84vycVD1nCI1qPENFAZCOK8k5uwToPj6QKXogU/TApnQ/mXCmX/k+EwOjFwNrWWJOaSrQXAGEIr/S3KTUorY1U2W5pzzohpoGAsppALUidTzyAAAA[0m[INFO] gameoflife-web
[8mha:////4DaY2sGwxyte1tX+IARUPwAw0lPLJYVyl9iuzED7dhesAAAAyx+LCAAAAAAAAP9b85aBtbiIQSOjNKU4P0+vIKc0PTOvWK8kMze1uCQxtyC1SC8ExvbLL0llgABGJgYmLwaB3MycnMzi4My85FTXgvzkDB8G3tScxILi1BRfsEwJg4BPVmJZon5OYl66vk9+Xrp1RRGDFNSy5Py84vycVD1nCI1qPENFAZCOK8k5uwToPj6QKXogU/TApnQ/mXCmX/k+EwOjFwNrWWJOaSrQXAGEIr/S3KTUorY1U2W5pzzohpoGAsppALUidTzyAAAA[0m[INFO] 
[8mha:////4EIJi71czQL2h3sfUxDvNN0yMeJXKvcn11mHwoeHwzoyAAAAyx+LCAAAAAAAAP9b85aBtbiIQSOjNKU4P0+vIKc0PTOvWK8kMze1uCQxtyC1SC8ExvbLL0llgABGJgYmLwaB3MycnMzi4My85FTXgvzkDB8G3tScxILi1BRfsEwJg4BPVmJZon5OYl66vk9+Xrp1RRGDFNSy5Py84vycVD1nCI1qPENFAZCOK8k5uxToPj6QKXogU/TApnQ/mXCmX/k+EwOjFwNrWWJOaSrQXAGEIr/S3KTUorY1U2W5pzzohpoGAsrpAHJliwDyAAAA[0m[INFO] ------------------------------------------------------------------------
[8mha:////4EIJi71czQL2h3sfUxDvNN0yMeJXKvcn11mHwoeHwzoyAAAAyx+LCAAAAAAAAP9b85aBtbiIQSOjNKU4P0+vIKc0PTOvWK8kMze1uCQxtyC1SC8ExvbLL0llgABGJgYmLwaB3MycnMzi4My85FTXgvzkDB8G3tScxILi1BRfsEwJg4BPVmJZon5OYl66vk9+Xrp1RRGDFNSy5Py84vycVD1nCI1qPENFAZCOK8k5uxToPj6QKXogU/TApnQ/mXCmX/k+EwOjFwNrWWJOaSrQXAGEIr/S3KTUorY1U2W5pzzohpoGAsrpAHJliwDyAAAA[0m[INFO] Building gameoflife 1.0-SNAPSHOT
[8mha:////4EIJi71czQL2h3sfUxDvNN0yMeJXKvcn11mHwoeHwzoyAAAAyx+LCAAAAAAAAP9b85aBtbiIQSOjNKU4P0+vIKc0PTOvWK8kMze1uCQxtyC1SC8ExvbLL0llgABGJgYmLwaB3MycnMzi4My85FTXgvzkDB8G3tScxILi1BRfsEwJg4BPVmJZon5OYl66vk9+Xrp1RRGDFNSy5Py84vycVD1nCI1qPENFAZCOK8k5uxToPj6QKXogU/TApnQ/mXCmX/k+EwOjFwNrWWJOaSrQXAGEIr/S3KTUorY1U2W5pzzohpoGAsrpAHJliwDyAAAA[0m[INFO] ------------------------------------------------------------------------
[8mha:////4KzqTUBLedjcLX7beL38XY3bF4c8sCnHkR0tGpLTxx+tAAAAyx+LCAAAAAAAAP9b85aBtbiIQSOjNKU4P0+vIKc0PTOvWK8kMze1uCQxtyC1SC8ExvbLL0llgABGJgYmLwaB3MycnMzi4My85FTXgvzkDB8G3tScxILi1BRfsEwJg4BPVmJZon5OYl66vk9+Xrp1RRGDFNSy5Py84vycVD1nCI1qPENFAZCOK8k5txDoPj6QKXogU/TApnQ/mXCmX/k+EwOjFwNrWWJOaSrQXAGEIr/S3KTUorY1U2W5pzzohpoGAirJAJZEW5jyAAAA[0m[INFO] 
[8mha:////4JvnCtL79ymKCRR+ggq94iEKnwLftX4wrc+haxEQFAiFAAAAyx+LCAAAAAAAAP9b85aBtbiIQSOjNKU4P0+vIKc0PTOvWK8kMze1uCQxtyC1SC8ExvbLL0llgABGJgYmLwaB3MycnMzi4My85FTXgvzkDB8G3tScxILi1BRfsEwJg4BPVmJZon5OYl66vk9+Xrp1RRGDFNSy5Py84vycVD1nCI1qPENFAZCOK8k5twjoPj6QKXogU/TApnQ/mXCmX/k+EwOjFwNrWWJOaSrQXAGEIr/S3KTUorY1U2W5pzzohpoGAiopAMZINNryAAAA[0m[INFO] --- maven-clean-plugin:2.5:clean (default-clean) @ gameoflife ---
[8mha:////4Gz0hbBwfEP/XNQQzGb2xoF249VQ0mJIMY3M/8sFSg9qAAAAyx+LCAAAAAAAAP9b85aBtbiIQSOjNKU4P0+vIKc0PTOvWK8kMze1uCQxtyC1SC8ExvbLL0llgABGJgYmLwaB3MycnMzi4My85FTXgvzkDB8G3tScxILi1BRfsEwJg4BPVmJZon5OYl66vk9+Xrp1RRGDFNSy5Py84vycVD1nCI1qPENFAZCOK8k5txjoPj6QKXogU/TApnQ/mXCmX/k+EwOjFwNrWWJOaSrQXAGEIr/S3KTUorY1U2W5pzzohpoGAiqpAAEPyubyAAAA[0m[INFO] Deleting /var/lib/jenkins/workspace/CTC_Demo/target
[8mha:////4Gz0hbBwfEP/XNQQzGb2xoF249VQ0mJIMY3M/8sFSg9qAAAAyx+LCAAAAAAAAP9b85aBtbiIQSOjNKU4P0+vIKc0PTOvWK8kMze1uCQxtyC1SC8ExvbLL0llgABGJgYmLwaB3MycnMzi4My85FTXgvzkDB8G3tScxILi1BRfsEwJg4BPVmJZon5OYl66vk9+Xrp1RRGDFNSy5Py84vycVD1nCI1qPENFAZCOK8k5txjoPj6QKXogU/TApnQ/mXCmX/k+EwOjFwNrWWJOaSrQXAGEIr/S3KTUorY1U2W5pzzohpoGAiqpAAEPyubyAAAA[0m[INFO] 
[8mha:////4Gz0hbBwfEP/XNQQzGb2xoF249VQ0mJIMY3M/8sFSg9qAAAAyx+LCAAAAAAAAP9b85aBtbiIQSOjNKU4P0+vIKc0PTOvWK8kMze1uCQxtyC1SC8ExvbLL0llgABGJgYmLwaB3MycnMzi4My85FTXgvzkDB8G3tScxILi1BRfsEwJg4BPVmJZon5OYl66vk9+Xrp1RRGDFNSy5Py84vycVD1nCI1qPENFAZCOK8k5txjoPj6QKXogU/TApnQ/mXCmX/k+EwOjFwNrWWJOaSrQXAGEIr/S3KTUorY1U2W5pzzohpoGAiqpAAEPyubyAAAA[0m[INFO] --- maven-enforcer-plugin:1.0:enforce (enforce-versions) @ gameoflife ---
[8mha:////4MjrjGSa0vaZPg96Ic+aom+e3+idtXYY0vxPTRKPe7uhAAAAyx+LCAAAAAAAAP9b85aBtbiIQSOjNKU4P0+vIKc0PTOvWK8kMze1uCQxtyC1SC8ExvbLL0llgABGJgYmLwaB3MycnMzi4My85FTXgvzkDB8G3tScxILi1BRfsEwJg4BPVmJZon5OYl66vk9+Xrp1RRGDFNSy5Py84vycVD1nCI1qPENFAZCOK8k5Pw/oPj6QKXogU/TApnQ/mXCmX/k+EwOjFwNrWWJOaSrQXAGEIr/S3KTUorY1U2W5pzzohpoGAqoJAH/verPyAAAA[0m[INFO] 
[8mha:////4JvpC5HeOo0i2cGKPisC5uzX1hNPUrgNFAG6yuyKdoQoAAAAyx+LCAAAAAAAAP9b85aBtbiIQSOjNKU4P0+vIKc0PTOvWK8kMze1uCQxtyC1SC8ExvbLL0llgABGJgYmLwaB3MycnMzi4My85FTXgvzkDB8G3tScxILi1BRfsEwJg4BPVmJZon5OYl66vk9+Xrp1RRGDFNSy5Py84vycVD1nCI1qPENFAZCOK8k5Px/oPj6QKXogU/TApnQ/mXCmX/k+EwOjFwNrWWJOaSrQXAGEIr/S3KTUorY1U2W5pzzohpoGAqqJALiohI/yAAAA[0m[INFO] --- jacoco-maven-plugin:0.7.2.201409121644:prepare-agent (jacoco-initialize) @ gameoflife ---
[8mha:////4OMq6ULHQAvYLAE13VQoU4rLm+t5UQSgKiRa58BKe3QPAAAAyx+LCAAAAAAAAP9b85aBtbiIQSOjNKU4P0+vIKc0PTOvWK8kMze1uCQxtyC1SC8ExvbLL0llgABGJgYmLwaB3MycnMzi4My85FTXgvzkDB8G3tScxILi1BRfsEwJg4BPVmJZon5OYl66vk9+Xrp1RRGDFNSy5Py84vycVD1nCI1qPENFAZCOK8m5eAXoPj6QKXogU/TApnQ/mXCmX/k+EwOjFwNrWWJOaSrQXAGEIr/S3KTUorY1U2W5pzzohpoGAurTAOMXaYnyAAAA[0m[INFO] argLine set to -javaagent:/var/lib/jenkins/.m2/repository/org/jacoco/org.jacoco.agent/0.7.2.201409121644/org.jacoco.agent-0.7.2.201409121644-runtime.jar=destfile=/var/lib/jenkins/workspace/CTC_Demo/target/jacoco.exec
[8mha:////4KcX9wvc0rSQrR2YSrJEezBEvGOorWJ//9/GfuSIcX7aAAAAyx+LCAAAAAAAAP9b85aBtbiIQSOjNKU4P0+vIKc0PTOvWK8kMze1uCQxtyC1SC8ExvbLL0llgABGJgYmLwaB3MycnMzi4My85FTXgvzkDB8G3tScxILi1BRfsEwJg4BPVmJZon5OYl66vk9+Xrp1RRGDFNSy5Py84vycVD1nCI1qPENFAZCOK8m5eBXoPj6QKXogU/TApnQ/mXCmX/k+EwOjFwNrWWJOaSrQXAGEIr/S3KTUorY1U2W5pzzohpoGAurTASRQl7XyAAAA[0m[INFO] 
[8mha:////4KcX9wvc0rSQrR2YSrJEezBEvGOorWJ//9/GfuSIcX7aAAAAyx+LCAAAAAAAAP9b85aBtbiIQSOjNKU4P0+vIKc0PTOvWK8kMze1uCQxtyC1SC8ExvbLL0llgABGJgYmLwaB3MycnMzi4My85FTXgvzkDB8G3tScxILi1BRfsEwJg4BPVmJZon5OYl66vk9+Xrp1RRGDFNSy5Py84vycVD1nCI1qPENFAZCOK8m5eBXoPj6QKXogU/TApnQ/mXCmX/k+EwOjFwNrWWJOaSrQXAGEIr/S3KTUorY1U2W5pzzohpoGAurTASRQl7XyAAAA[0m[INFO] --- maven-surefire-plugin:2.11:test (unit-tests) @ gameoflife ---
[8mha:////4A/7s+gKFZdTzuSSWdq6ZQKyrSfBYX4R+dOty2Sg4DGeAAAAyx+LCAAAAAAAAP9b85aBtbiIQSOjNKU4P0+vIKc0PTOvWK8kMze1uCQxtyC1SC8ExvbLL0llgABGJgYmLwaB3MycnMzi4My85FTXgvzkDB8G3tScxILi1BRfsEwJg4BPVmJZon5OYl66vk9+Xrp1RRGDFNSy5Py84vycVD1nCI1qPENFAZCOK8m5dAHoPj6QKXogU/TApnQ/mXCmX/k+EwOjFwNrWWJOaSrQXAGEIr/S3KTUorY1U2W5pzzohpoGAhqTAA+8YNnyAAAA[0m[INFO] No tests to run.
[8mha:////4EYXHEmL5K2bhUzcvo/gwrGDIFnLCh2SJ6s36ufS3qswAAAAyx+LCAAAAAAAAP9b85aBtbiIQSOjNKU4P0+vIKc0PTOvWK8kMze1uCQxtyC1SC8ExvbLL0llgABGJgYmLwaB3MycnMzi4My85FTXgvzkDB8G3tScxILi1BRfsEwJg4BPVmJZon5OYl66vk9+Xrp1RRGDFNSy5Py84vycVD1nCI1qPENFAZCOK8m5dBHoPj6QKXogU/TApnQ/mXCmX/k+EwOjFwNrWWJOaSrQXAGEIr/S3KTUorY1U2W5pzzohpoGAhqTAcj7nuXyAAAA[0m[INFO] Surefire report directory: /var/lib/jenkins/workspace/CTC_Demo/target/surefire-reports
[8mha:////4EYXHEmL5K2bhUzcvo/gwrGDIFnLCh2SJ6s36ufS3qswAAAAyx+LCAAAAAAAAP9b85aBtbiIQSOjNKU4P0+vIKc0PTOvWK8kMze1uCQxtyC1SC8ExvbLL0llgABGJgYmLwaB3MycnMzi4My85FTXgvzkDB8G3tScxILi1BRfsEwJg4BPVmJZon5OYl66vk9+Xrp1RRGDFNSy5Py84vycVD1nCI1qPENFAZCOK8m5dBHoPj6QKXogU/TApnQ/mXCmX/k+EwOjFwNrWWJOaSrQXAGEIr/S3KTUorY1U2W5pzzohpoGAhqTAcj7nuXyAAAA[0m
[8mha:////4EYXHEmL5K2bhUzcvo/gwrGDIFnLCh2SJ6s36ufS3qswAAAAyx+LCAAAAAAAAP9b85aBtbiIQSOjNKU4P0+vIKc0PTOvWK8kMze1uCQxtyC1SC8ExvbLL0llgABGJgYmLwaB3MycnMzi4My85FTXgvzkDB8G3tScxILi1BRfsEwJg4BPVmJZon5OYl66vk9+Xrp1RRGDFNSy5Py84vycVD1nCI1qPENFAZCOK8m5dBHoPj6QKXogU/TApnQ/mXCmX/k+EwOjFwNrWWJOaSrQXAGEIr/S3KTUorY1U2W5pzzohpoGAhqTAcj7nuXyAAAA[0m-------------------------------------------------------
[8mha:////4EYXHEmL5K2bhUzcvo/gwrGDIFnLCh2SJ6s36ufS3qswAAAAyx+LCAAAAAAAAP9b85aBtbiIQSOjNKU4P0+vIKc0PTOvWK8kMze1uCQxtyC1SC8ExvbLL0llgABGJgYmLwaB3MycnMzi4My85FTXgvzkDB8G3tScxILi1BRfsEwJg4BPVmJZon5OYl66vk9+Xrp1RRGDFNSy5Py84vycVD1nCI1qPENFAZCOK8m5dBHoPj6QKXogU/TApnQ/mXCmX/k+EwOjFwNrWWJOaSrQXAGEIr/S3KTUorY1U2W5pzzohpoGAhqTAcj7nuXyAAAA[0m T E S T S
[8mha:////4EYXHEmL5K2bhUzcvo/gwrGDIFnLCh2SJ6s36ufS3qswAAAAyx+LCAAAAAAAAP9b85aBtbiIQSOjNKU4P0+vIKc0PTOvWK8kMze1uCQxtyC1SC8ExvbLL0llgABGJgYmLwaB3MycnMzi4My85FTXgvzkDB8G3tScxILi1BRfsEwJg4BPVmJZon5OYl66vk9+Xrp1RRGDFNSy5Py84vycVD1nCI1qPENFAZCOK8m5dBHoPj6QKXogU/TApnQ/mXCmX/k+EwOjFwNrWWJOaSrQXAGEIr/S3KTUorY1U2W5pzzohpoGAhqTAcj7nuXyAAAA[0m-------------------------------------------------------
[8mha:////4PnqgYSQXABRbBV2yTSyL+7qgnJqpkxxlkl0WUuWsxXeAAAAyx+LCAAAAAAAAP9b85aBtbiIQSOjNKU4P0+vIKc0PTOvWK8kMze1uCQxtyC1SC8ExvbLL0llgABGJgYmLwaB3MycnMzi4My85FTXgvzkDB8G3tScxILi1BRfsEwJg4BPVmJZon5OYl66vk9+Xrp1RRGDFNSy5Py84vycVD1nCI1qPENFAZCOK8m5lgZ0Hx/IFD2QKXpgU7qfTDjTr3yfiYHRi4G1LDGnNBVorgBCkV9pblJqUduaqbLcUx50Q00DAR0NAOLf+rvyAAAA[0m
[8mha:////4PnqgYSQXABRbBV2yTSyL+7qgnJqpkxxlkl0WUuWsxXeAAAAyx+LCAAAAAAAAP9b85aBtbiIQSOjNKU4P0+vIKc0PTOvWK8kMze1uCQxtyC1SC8ExvbLL0llgABGJgYmLwaB3MycnMzi4My85FTXgvzkDB8G3tScxILi1BRfsEwJg4BPVmJZon5OYl66vk9+Xrp1RRGDFNSy5Py84vycVD1nCI1qPENFAZCOK8m5lgZ0Hx/IFD2QKXpgU7qfTDjTr3yfiYHRi4G1LDGnNBVorgBCkV9pblJqUduaqbLcUx50Q00DAR0NAOLf+rvyAAAA[0mResults :
[8mha:////4PnqgYSQXABRbBV2yTSyL+7qgnJqpkxxlkl0WUuWsxXeAAAAyx+LCAAAAAAAAP9b85aBtbiIQSOjNKU4P0+vIKc0PTOvWK8kMze1uCQxtyC1SC8ExvbLL0llgABGJgYmLwaB3MycnMzi4My85FTXgvzkDB8G3tScxILi1BRfsEwJg4BPVmJZon5OYl66vk9+Xrp1RRGDFNSy5Py84vycVD1nCI1qPENFAZCOK8m5lgZ0Hx/IFD2QKXpgU7qfTDjTr3yfiYHRi4G1LDGnNBVorgBCkV9pblJqUduaqbLcUx50Q00DAR0NAOLf+rvyAAAA[0m
[8mha:////4PnqgYSQXABRbBV2yTSyL+7qgnJqpkxxlkl0WUuWsxXeAAAAyx+LCAAAAAAAAP9b85aBtbiIQSOjNKU4P0+vIKc0PTOvWK8kMze1uCQxtyC1SC8ExvbLL0llgABGJgYmLwaB3MycnMzi4My85FTXgvzkDB8G3tScxILi1BRfsEwJg4BPVmJZon5OYl66vk9+Xrp1RRGDFNSy5Py84vycVD1nCI1qPENFAZCOK8m5lgZ0Hx/IFD2QKXpgU7qfTDjTr3yfiYHRi4G1LDGnNBVorgBCkV9pblJqUduaqbLcUx50Q00DAR0NAOLf+rvyAAAA[0mTests run: 0, Failures: 0, Errors: 0, Skipped: 0
[8mha:////4PnqgYSQXABRbBV2yTSyL+7qgnJqpkxxlkl0WUuWsxXeAAAAyx+LCAAAAAAAAP9b85aBtbiIQSOjNKU4P0+vIKc0PTOvWK8kMze1uCQxtyC1SC8ExvbLL0llgABGJgYmLwaB3MycnMzi4My85FTXgvzkDB8G3tScxILi1BRfsEwJg4BPVmJZon5OYl66vk9+Xrp1RRGDFNSy5Py84vycVD1nCI1qPENFAZCOK8m5lgZ0Hx/IFD2QKXpgU7qfTDjTr3yfiYHRi4G1LDGnNBVorgBCkV9pblJqUduaqbLcUx50Q00DAR0NAOLf+rvyAAAA[0m
[8mha:////4PnqgYSQXABRbBV2yTSyL+7qgnJqpkxxlkl0WUuWsxXeAAAAyx+LCAAAAAAAAP9b85aBtbiIQSOjNKU4P0+vIKc0PTOvWK8kMze1uCQxtyC1SC8ExvbLL0llgABGJgYmLwaB3MycnMzi4My85FTXgvzkDB8G3tScxILi1BRfsEwJg4BPVmJZon5OYl66vk9+Xrp1RRGDFNSy5Py84vycVD1nCI1qPENFAZCOK8m5lgZ0Hx/IFD2QKXpgU7qfTDjTr3yfiYHRi4G1LDGnNBVorgBCkV9pblJqUduaqbLcUx50Q00DAR0NAOLf+rvyAAAA[0m[INFO] 
[8mha:////4PnqgYSQXABRbBV2yTSyL+7qgnJqpkxxlkl0WUuWsxXeAAAAyx+LCAAAAAAAAP9b85aBtbiIQSOjNKU4P0+vIKc0PTOvWK8kMze1uCQxtyC1SC8ExvbLL0llgABGJgYmLwaB3MycnMzi4My85FTXgvzkDB8G3tScxILi1BRfsEwJg4BPVmJZon5OYl66vk9+Xrp1RRGDFNSy5Py84vycVD1nCI1qPENFAZCOK8m5lgZ0Hx/IFD2QKXpgU7qfTDjTr3yfiYHRi4G1LDGnNBVorgBCkV9pblJqUduaqbLcUx50Q00DAR0NAOLf+rvyAAAA[0m[INFO] --- maven-easyb-plugin:1.4:test (default) @ gameoflife ---
[8mha:////4N168oLaByiEwY8MUo37pno+nx3WORqCEoPegrHZJllWAAAAyx+LCAAAAAAAAP9b85aBtbiIQSOjNKU4P0+vIKc0PTOvWK8kMze1uCQxtyC1SC8ExvbLL0llgABGJgYmLwaB3MycnMzi4My85FTXgvzkDB8G3tScxILi1BRfsEwJg4BPVmJZon5OYl66vk9+Xrp1RRGDFNSy5Py84vycVD1nCI1qPENFAZCOK8m5+QPoPj6QKXogU/TApnQ/mXCmX/k+EwOjFwNrWWJOaSrQXAGEIr/S3KTUorY1U2W5pzzohpoGAvq7AMKb+p3yAAAA[0m[INFO] /var/lib/jenkins/workspace/CTC_Demo/src/test/stories does not exists.  Skipping easyb testing
[8mha:////4P99sLGNZif4y3KXPFzDI3KtSrU9uIoglRYjQYBaczS9AAAAyx+LCAAAAAAAAP9b85aBtbiIQSOjNKU4P0+vIKc0PTOvWK8kMze1uCQxtyC1SC8ExvbLL0llgABGJgYmLwaB3MycnMzi4My85FTXgvzkDB8G3tScxILi1BRfsEwJg4BPVmJZon5OYl66vk9+Xrp1RRGDFNSy5Py84vycVD1nCI1qPENFAZCOK8m5+RPoPj6QKXogU/TApnQ/mXCmX/k+EwOjFwNrWWJOaSrQXAGEIr/S3KTUorY1U2W5pzzohpoGAvq7AQXcBKHyAAAA[0m[INFO] 
[8mha:////4P99sLGNZif4y3KXPFzDI3KtSrU9uIoglRYjQYBaczS9AAAAyx+LCAAAAAAAAP9b85aBtbiIQSOjNKU4P0+vIKc0PTOvWK8kMze1uCQxtyC1SC8ExvbLL0llgABGJgYmLwaB3MycnMzi4My85FTXgvzkDB8G3tScxILi1BRfsEwJg4BPVmJZon5OYl66vk9+Xrp1RRGDFNSy5Py84vycVD1nCI1qPENFAZCOK8m5+RPoPj6QKXogU/TApnQ/mXCmX/k+EwOjFwNrWWJOaSrQXAGEIr/S3KTUorY1U2W5pzzohpoGAvq7AQXcBKHyAAAA[0m[INFO] ------------------------------------------------------------------------
[8mha:////4P99sLGNZif4y3KXPFzDI3KtSrU9uIoglRYjQYBaczS9AAAAyx+LCAAAAAAAAP9b85aBtbiIQSOjNKU4P0+vIKc0PTOvWK8kMze1uCQxtyC1SC8ExvbLL0llgABGJgYmLwaB3MycnMzi4My85FTXgvzkDB8G3tScxILi1BRfsEwJg4BPVmJZon5OYl66vk9+Xrp1RRGDFNSy5Py84vycVD1nCI1qPENFAZCOK8m5+RPoPj6QKXogU/TApnQ/mXCmX/k+EwOjFwNrWWJOaSrQXAGEIr/S3KTUorY1U2W5pzzohpoGAvq7AQXcBKHyAAAA[0m[INFO] Building gameoflife-build 1.0-SNAPSHOT
[8mha:////4P99sLGNZif4y3KXPFzDI3KtSrU9uIoglRYjQYBaczS9AAAAyx+LCAAAAAAAAP9b85aBtbiIQSOjNKU4P0+vIKc0PTOvWK8kMze1uCQxtyC1SC8ExvbLL0llgABGJgYmLwaB3MycnMzi4My85FTXgvzkDB8G3tScxILi1BRfsEwJg4BPVmJZon5OYl66vk9+Xrp1RRGDFNSy5Py84vycVD1nCI1qPENFAZCOK8m5+RPoPj6QKXogU/TApnQ/mXCmX/k+EwOjFwNrWWJOaSrQXAGEIr/S3KTUorY1U2W5pzzohpoGAvq7AQXcBKHyAAAA[0m[INFO] ------------------------------------------------------------------------
[8mha:////4P99sLGNZif4y3KXPFzDI3KtSrU9uIoglRYjQYBaczS9AAAAyx+LCAAAAAAAAP9b85aBtbiIQSOjNKU4P0+vIKc0PTOvWK8kMze1uCQxtyC1SC8ExvbLL0llgABGJgYmLwaB3MycnMzi4My85FTXgvzkDB8G3tScxILi1BRfsEwJg4BPVmJZon5OYl66vk9+Xrp1RRGDFNSy5Py84vycVD1nCI1qPENFAZCOK8m5+RPoPj6QKXogU/TApnQ/mXCmX/k+EwOjFwNrWWJOaSrQXAGEIr/S3KTUorY1U2W5pzzohpoGAvq7AQXcBKHyAAAA[0m[INFO] 
[8mha:////4P99sLGNZif4y3KXPFzDI3KtSrU9uIoglRYjQYBaczS9AAAAyx+LCAAAAAAAAP9b85aBtbiIQSOjNKU4P0+vIKc0PTOvWK8kMze1uCQxtyC1SC8ExvbLL0llgABGJgYmLwaB3MycnMzi4My85FTXgvzkDB8G3tScxILi1BRfsEwJg4BPVmJZon5OYl66vk9+Xrp1RRGDFNSy5Py84vycVD1nCI1qPENFAZCOK8m5+RPoPj6QKXogU/TApnQ/mXCmX/k+EwOjFwNrWWJOaSrQXAGEIr/S3KTUorY1U2W5pzzohpoGAvq7AQXcBKHyAAAA[0m[INFO] --- maven-clean-plugin:2.5:clean (default-clean) @ gameoflife-build ---
[8mha:////4P99sLGNZif4y3KXPFzDI3KtSrU9uIoglRYjQYBaczS9AAAAyx+LCAAAAAAAAP9b85aBtbiIQSOjNKU4P0+vIKc0PTOvWK8kMze1uCQxtyC1SC8ExvbLL0llgABGJgYmLwaB3MycnMzi4My85FTXgvzkDB8G3tScxILi1BRfsEwJg4BPVmJZon5OYl66vk9+Xrp1RRGDFNSy5Py84vycVD1nCI1qPENFAZCOK8m5+RPoPj6QKXogU/TApnQ/mXCmX/k+EwOjFwNrWWJOaSrQXAGEIr/S3KTUorY1U2W5pzzohpoGAvq7AQXcBKHyAAAA[0m[INFO] Deleting /var/lib/jenkins/workspace/CTC_Demo/gameoflife-build/target
[8mha:////4P99sLGNZif4y3KXPFzDI3KtSrU9uIoglRYjQYBaczS9AAAAyx+LCAAAAAAAAP9b85aBtbiIQSOjNKU4P0+vIKc0PTOvWK8kMze1uCQxtyC1SC8ExvbLL0llgABGJgYmLwaB3MycnMzi4My85FTXgvzkDB8G3tScxILi1BRfsEwJg4BPVmJZon5OYl66vk9+Xrp1RRGDFNSy5Py84vycVD1nCI1qPENFAZCOK8m5+RPoPj6QKXogU/TApnQ/mXCmX/k+EwOjFwNrWWJOaSrQXAGEIr/S3KTUorY1U2W5pzzohpoGAvq7AQXcBKHyAAAA[0m[INFO] 
[8mha:////4P99sLGNZif4y3KXPFzDI3KtSrU9uIoglRYjQYBaczS9AAAAyx+LCAAAAAAAAP9b85aBtbiIQSOjNKU4P0+vIKc0PTOvWK8kMze1uCQxtyC1SC8ExvbLL0llgABGJgYmLwaB3MycnMzi4My85FTXgvzkDB8G3tScxILi1BRfsEwJg4BPVmJZon5OYl66vk9+Xrp1RRGDFNSy5Py84vycVD1nCI1qPENFAZCOK8m5+RPoPj6QKXogU/TApnQ/mXCmX/k+EwOjFwNrWWJOaSrQXAGEIr/S3KTUorY1U2W5pzzohpoGAvq7AQXcBKHyAAAA[0m[INFO] --- maven-enforcer-plugin:1.0:enforce (enforce-versions) @ gameoflife-build ---
[8mha:////4P99sLGNZif4y3KXPFzDI3KtSrU9uIoglRYjQYBaczS9AAAAyx+LCAAAAAAAAP9b85aBtbiIQSOjNKU4P0+vIKc0PTOvWK8kMze1uCQxtyC1SC8ExvbLL0llgABGJgYmLwaB3MycnMzi4My85FTXgvzkDB8G3tScxILi1BRfsEwJg4BPVmJZon5OYl66vk9+Xrp1RRGDFNSy5Py84vycVD1nCI1qPENFAZCOK8m5+RPoPj6QKXogU/TApnQ/mXCmX/k+EwOjFwNrWWJOaSrQXAGEIr/S3KTUorY1U2W5pzzohpoGAvq7AQXcBKHyAAAA[0m[INFO] 
[8mha:////4P99sLGNZif4y3KXPFzDI3KtSrU9uIoglRYjQYBaczS9AAAAyx+LCAAAAAAAAP9b85aBtbiIQSOjNKU4P0+vIKc0PTOvWK8kMze1uCQxtyC1SC8ExvbLL0llgABGJgYmLwaB3MycnMzi4My85FTXgvzkDB8G3tScxILi1BRfsEwJg4BPVmJZon5OYl66vk9+Xrp1RRGDFNSy5Py84vycVD1nCI1qPENFAZCOK8m5+RPoPj6QKXogU/TApnQ/mXCmX/k+EwOjFwNrWWJOaSrQXAGEIr/S3KTUorY1U2W5pzzohpoGAvq7AQXcBKHyAAAA[0m[INFO] --- maven-resources-plugin:2.6:resources (default-resources) @ gameoflife-build ---
[8mha:////4MHZzyYuWNek0OBRA66uhCrOJ4WQc/P0aBctVSjCa2YZAAAAyx+LCAAAAAAAAP9b85aBtbiIQSOjNKU4P0+vIKc0PTOvWK8kMze1uCQxtyC1SC8ExvbLL0llgABGJgYmLwaB3MycnMzi4My85FTXgvzkDB8G3tScxILi1BRfsEwJg4BPVmJZon5OYl66vk9+Xrp1RRGDFNSy5Py84vycVD1nCI1qPENFAZCOK8m59Q3oPj6QKXogU/TApnQ/mXCmX/k+EwOjFwNrWWJOaSrQXAGEIr/S3KTUorY1U2W5pzzohpoGAgY7AKPZ+MvyAAAA[0m[INFO] Using 'UTF-8' encoding to copy filtered resources.
[8mha:////4Jp70oa/7HkOd7fCBlwvDJcZOK3dutdXLrxJQXSUSLdTAAAAyx+LCAAAAAAAAP9b85aBtbiIQSOjNKU4P0+vIKc0PTOvWK8kMze1uCQxtyC1SC8ExvbLL0llgABGJgYmLwaB3MycnMzi4My85FTXgvzkDB8G3tScxILi1BRfsEwJg4BPVmJZon5OYl66vk9+Xrp1RRGDFNSy5Py84vycVD1nCI1qPENFAZCOK8m59R3oPj6QKXogU/TApnQ/mXCmX/k+EwOjFwNrWWJOaSrQXAGEIr/S3KTUorY1U2W5pzzohpoGAgY7AWSeBvfyAAAA[0m[INFO] Copying 2 resources
[8mha:////4EIpQL2+hLLSHl6ScJX141VUt29S57B5qU3+krtBzFrBAAAAyx+LCAAAAAAAAP9b85aBtbiIQSOjNKU4P0+vIKc0PTOvWK8kMze1uCQxtyC1SC8ExvbLL0llgABGJgYmLwaB3MycnMzi4My85FTXgvzkDB8G3tScxILi1BRfsEwJg4BPVmJZon5OYl66vk9+Xrp1RRGDFNSy5Py84vycVD1nCI1qPENFAZCOK8m59QPoPj6QKXogU/TApnQ/mXCmX/k+EwOjFwNrWWJOaSrQXAGEIr/S3KTUorY1U2W5pzzohpoGAga7AGM9yHTyAAAA[0m[INFO] 
[8mha:////4EIpQL2+hLLSHl6ScJX141VUt29S57B5qU3+krtBzFrBAAAAyx+LCAAAAAAAAP9b85aBtbiIQSOjNKU4P0+vIKc0PTOvWK8kMze1uCQxtyC1SC8ExvbLL0llgABGJgYmLwaB3MycnMzi4My85FTXgvzkDB8G3tScxILi1BRfsEwJg4BPVmJZon5OYl66vk9+Xrp1RRGDFNSy5Py84vycVD1nCI1qPENFAZCOK8m59QPoPj6QKXogU/TApnQ/mXCmX/k+EwOjFwNrWWJOaSrQXAGEIr/S3KTUorY1U2W5pzzohpoGAga7AGM9yHTyAAAA[0m[INFO] --- jacoco-maven-plugin:0.7.2.201409121644:prepare-agent (jacoco-initialize) @ gameoflife-build ---
[8mha:////4EIpQL2+hLLSHl6ScJX141VUt29S57B5qU3+krtBzFrBAAAAyx+LCAAAAAAAAP9b85aBtbiIQSOjNKU4P0+vIKc0PTOvWK8kMze1uCQxtyC1SC8ExvbLL0llgABGJgYmLwaB3MycnMzi4My85FTXgvzkDB8G3tScxILi1BRfsEwJg4BPVmJZon5OYl66vk9+Xrp1RRGDFNSy5Py84vycVD1nCI1qPENFAZCOK8m59QPoPj6QKXogU/TApnQ/mXCmX/k+EwOjFwNrWWJOaSrQXAGEIr/S3KTUorY1U2W5pzzohpoGAga7AGM9yHTyAAAA[0m[INFO] argLine set to -javaagent:/var/lib/jenkins/.m2/repository/org/jacoco/org.jacoco.agent/0.7.2.201409121644/org.jacoco.agent-0.7.2.201409121644-runtime.jar=destfile=/var/lib/jenkins/workspace/CTC_Demo/gameoflife-build/target/jacoco.exec
[8mha:////4EIpQL2+hLLSHl6ScJX141VUt29S57B5qU3+krtBzFrBAAAAyx+LCAAAAAAAAP9b85aBtbiIQSOjNKU4P0+vIKc0PTOvWK8kMze1uCQxtyC1SC8ExvbLL0llgABGJgYmLwaB3MycnMzi4My85FTXgvzkDB8G3tScxILi1BRfsEwJg4BPVmJZon5OYl66vk9+Xrp1RRGDFNSy5Py84vycVD1nCI1qPENFAZCOK8m59QPoPj6QKXogU/TApnQ/mXCmX/k+EwOjFwNrWWJOaSrQXAGEIr/S3KTUorY1U2W5pzzohpoGAga7AGM9yHTyAAAA[0m[INFO] 
[8mha:////4EIpQL2+hLLSHl6ScJX141VUt29S57B5qU3+krtBzFrBAAAAyx+LCAAAAAAAAP9b85aBtbiIQSOjNKU4P0+vIKc0PTOvWK8kMze1uCQxtyC1SC8ExvbLL0llgABGJgYmLwaB3MycnMzi4My85FTXgvzkDB8G3tScxILi1BRfsEwJg4BPVmJZon5OYl66vk9+Xrp1RRGDFNSy5Py84vycVD1nCI1qPENFAZCOK8m59QPoPj6QKXogU/TApnQ/mXCmX/k+EwOjFwNrWWJOaSrQXAGEIr/S3KTUorY1U2W5pzzohpoGAga7AGM9yHTyAAAA[0m[INFO] --- maven-compiler-plugin:3.1:compile (default-compile) @ gameoflife-build ---
[8mha:////4NEnFlKojUgvXGSwtZmee8tB4UjxBHN2NETyPzVtdCwBAAAAyx+LCAAAAAAAAP9b85aBtbiIQSOjNKU4P0+vIKc0PTOvWK8kMze1uCQxtyC1SC8ExvbLL0llgABGJgYmLwaB3MycnMzi4My85FTXgvzkDB8G3tScxILi1BRfsEwJg4BPVmJZon5OYl66vk9+Xrp1RRGDFNSy5Py84vycVD1nCI1qPENFAZCOK8m5/QvoPj6QKXogU/TApnQ/mXCmX/k+EwOjFwNrWWJOaSrQXAGEIr/S3KTUorY1U2W5pzzohpoGAoZ7AKDfZQ/yAAAA[0m[INFO] No sources to compile
[8mha:////4NEnFlKojUgvXGSwtZmee8tB4UjxBHN2NETyPzVtdCwBAAAAyx+LCAAAAAAAAP9b85aBtbiIQSOjNKU4P0+vIKc0PTOvWK8kMze1uCQxtyC1SC8ExvbLL0llgABGJgYmLwaB3MycnMzi4My85FTXgvzkDB8G3tScxILi1BRfsEwJg4BPVmJZon5OYl66vk9+Xrp1RRGDFNSy5Py84vycVD1nCI1qPENFAZCOK8m5/QvoPj6QKXogU/TApnQ/mXCmX/k+EwOjFwNrWWJOaSrQXAGEIr/S3KTUorY1U2W5pzzohpoGAoZ7AKDfZQ/yAAAA[0m[INFO] 
[8mha:////4NEnFlKojUgvXGSwtZmee8tB4UjxBHN2NETyPzVtdCwBAAAAyx+LCAAAAAAAAP9b85aBtbiIQSOjNKU4P0+vIKc0PTOvWK8kMze1uCQxtyC1SC8ExvbLL0llgABGJgYmLwaB3MycnMzi4My85FTXgvzkDB8G3tScxILi1BRfsEwJg4BPVmJZon5OYl66vk9+Xrp1RRGDFNSy5Py84vycVD1nCI1qPENFAZCOK8m5/QvoPj6QKXogU/TApnQ/mXCmX/k+EwOjFwNrWWJOaSrQXAGEIr/S3KTUorY1U2W5pzzohpoGAoZ7AKDfZQ/yAAAA[0m[INFO] --- maven-resources-plugin:2.6:testResources (default-testResources) @ gameoflife-build ---
[8mha:////4NEnFlKojUgvXGSwtZmee8tB4UjxBHN2NETyPzVtdCwBAAAAyx+LCAAAAAAAAP9b85aBtbiIQSOjNKU4P0+vIKc0PTOvWK8kMze1uCQxtyC1SC8ExvbLL0llgABGJgYmLwaB3MycnMzi4My85FTXgvzkDB8G3tScxILi1BRfsEwJg4BPVmJZon5OYl66vk9+Xrp1RRGDFNSy5Py84vycVD1nCI1qPENFAZCOK8m5/QvoPj6QKXogU/TApnQ/mXCmX/k+EwOjFwNrWWJOaSrQXAGEIr/S3KTUorY1U2W5pzzohpoGAoZ7AKDfZQ/yAAAA[0m[INFO] Using 'UTF-8' encoding to copy filtered resources.
[8mha:////4NEnFlKojUgvXGSwtZmee8tB4UjxBHN2NETyPzVtdCwBAAAAyx+LCAAAAAAAAP9b85aBtbiIQSOjNKU4P0+vIKc0PTOvWK8kMze1uCQxtyC1SC8ExvbLL0llgABGJgYmLwaB3MycnMzi4My85FTXgvzkDB8G3tScxILi1BRfsEwJg4BPVmJZon5OYl66vk9+Xrp1RRGDFNSy5Py84vycVD1nCI1qPENFAZCOK8m5/QvoPj6QKXogU/TApnQ/mXCmX/k+EwOjFwNrWWJOaSrQXAGEIr/S3KTUorY1U2W5pzzohpoGAoZ7AKDfZQ/yAAAA[0m[INFO] skip non existing resourceDirectory /var/lib/jenkins/workspace/CTC_Demo/gameoflife-build/src/test/resources
[8mha:////4NEnFlKojUgvXGSwtZmee8tB4UjxBHN2NETyPzVtdCwBAAAAyx+LCAAAAAAAAP9b85aBtbiIQSOjNKU4P0+vIKc0PTOvWK8kMze1uCQxtyC1SC8ExvbLL0llgABGJgYmLwaB3MycnMzi4My85FTXgvzkDB8G3tScxILi1BRfsEwJg4BPVmJZon5OYl66vk9+Xrp1RRGDFNSy5Py84vycVD1nCI1qPENFAZCOK8m5/QvoPj6QKXogU/TApnQ/mXCmX/k+EwOjFwNrWWJOaSrQXAGEIr/S3KTUorY1U2W5pzzohpoGAoZ7AKDfZQ/yAAAA[0m[INFO] 
[8mha:////4NEnFlKojUgvXGSwtZmee8tB4UjxBHN2NETyPzVtdCwBAAAAyx+LCAAAAAAAAP9b85aBtbiIQSOjNKU4P0+vIKc0PTOvWK8kMze1uCQxtyC1SC8ExvbLL0llgABGJgYmLwaB3MycnMzi4My85FTXgvzkDB8G3tScxILi1BRfsEwJg4BPVmJZon5OYl66vk9+Xrp1RRGDFNSy5Py84vycVD1nCI1qPENFAZCOK8m5/QvoPj6QKXogU/TApnQ/mXCmX/k+EwOjFwNrWWJOaSrQXAGEIr/S3KTUorY1U2W5pzzohpoGAoZ7AKDfZQ/yAAAA[0m[INFO] --- maven-compiler-plugin:3.1:testCompile (default-testCompile) @ gameoflife-build ---
[8mha:////4NEnFlKojUgvXGSwtZmee8tB4UjxBHN2NETyPzVtdCwBAAAAyx+LCAAAAAAAAP9b85aBtbiIQSOjNKU4P0+vIKc0PTOvWK8kMze1uCQxtyC1SC8ExvbLL0llgABGJgYmLwaB3MycnMzi4My85FTXgvzkDB8G3tScxILi1BRfsEwJg4BPVmJZon5OYl66vk9+Xrp1RRGDFNSy5Py84vycVD1nCI1qPENFAZCOK8m5/QvoPj6QKXogU/TApnQ/mXCmX/k+EwOjFwNrWWJOaSrQXAGEIr/S3KTUorY1U2W5pzzohpoGAoZ7AKDfZQ/yAAAA[0m[INFO] No sources to compile
[8mha:////4NEnFlKojUgvXGSwtZmee8tB4UjxBHN2NETyPzVtdCwBAAAAyx+LCAAAAAAAAP9b85aBtbiIQSOjNKU4P0+vIKc0PTOvWK8kMze1uCQxtyC1SC8ExvbLL0llgABGJgYmLwaB3MycnMzi4My85FTXgvzkDB8G3tScxILi1BRfsEwJg4BPVmJZon5OYl66vk9+Xrp1RRGDFNSy5Py84vycVD1nCI1qPENFAZCOK8m5/QvoPj6QKXogU/TApnQ/mXCmX/k+EwOjFwNrWWJOaSrQXAGEIr/S3KTUorY1U2W5pzzohpoGAoZ7AKDfZQ/yAAAA[0m[INFO] 
[8mha:////4NEnFlKojUgvXGSwtZmee8tB4UjxBHN2NETyPzVtdCwBAAAAyx+LCAAAAAAAAP9b85aBtbiIQSOjNKU4P0+vIKc0PTOvWK8kMze1uCQxtyC1SC8ExvbLL0llgABGJgYmLwaB3MycnMzi4My85FTXgvzkDB8G3tScxILi1BRfsEwJg4BPVmJZon5OYl66vk9+Xrp1RRGDFNSy5Py84vycVD1nCI1qPENFAZCOK8m5/QvoPj6QKXogU/TApnQ/mXCmX/k+EwOjFwNrWWJOaSrQXAGEIr/S3KTUorY1U2W5pzzohpoGAoZ7AKDfZQ/yAAAA[0m[INFO] --- maven-surefire-plugin:2.11:test (default-test) @ gameoflife-build ---
[8mha:////4NEnFlKojUgvXGSwtZmee8tB4UjxBHN2NETyPzVtdCwBAAAAyx+LCAAAAAAAAP9b85aBtbiIQSOjNKU4P0+vIKc0PTOvWK8kMze1uCQxtyC1SC8ExvbLL0llgABGJgYmLwaB3MycnMzi4My85FTXgvzkDB8G3tScxILi1BRfsEwJg4BPVmJZon5OYl66vk9+Xrp1RRGDFNSy5Py84vycVD1nCI1qPENFAZCOK8m5/QvoPj6QKXogU/TApnQ/mXCmX/k+EwOjFwNrWWJOaSrQXAGEIr/S3KTUorY1U2W5pzzohpoGAoZ7AKDfZQ/yAAAA[0m[INFO] Tests are skipped.
[8mha:////4NEnFlKojUgvXGSwtZmee8tB4UjxBHN2NETyPzVtdCwBAAAAyx+LCAAAAAAAAP9b85aBtbiIQSOjNKU4P0+vIKc0PTOvWK8kMze1uCQxtyC1SC8ExvbLL0llgABGJgYmLwaB3MycnMzi4My85FTXgvzkDB8G3tScxILi1BRfsEwJg4BPVmJZon5OYl66vk9+Xrp1RRGDFNSy5Py84vycVD1nCI1qPENFAZCOK8m5/QvoPj6QKXogU/TApnQ/mXCmX/k+EwOjFwNrWWJOaSrQXAGEIr/S3KTUorY1U2W5pzzohpoGAoZ7AKDfZQ/yAAAA[0m[INFO] 
[8mha:////4NEnFlKojUgvXGSwtZmee8tB4UjxBHN2NETyPzVtdCwBAAAAyx+LCAAAAAAAAP9b85aBtbiIQSOjNKU4P0+vIKc0PTOvWK8kMze1uCQxtyC1SC8ExvbLL0llgABGJgYmLwaB3MycnMzi4My85FTXgvzkDB8G3tScxILi1BRfsEwJg4BPVmJZon5OYl66vk9+Xrp1RRGDFNSy5Py84vycVD1nCI1qPENFAZCOK8m5/QvoPj6QKXogU/TApnQ/mXCmX/k+EwOjFwNrWWJOaSrQXAGEIr/S3KTUorY1U2W5pzzohpoGAoZ7AKDfZQ/yAAAA[0m[INFO] --- maven-surefire-plugin:2.11:test (unit-tests) @ gameoflife-build ---
[8mha:////4NEnFlKojUgvXGSwtZmee8tB4UjxBHN2NETyPzVtdCwBAAAAyx+LCAAAAAAAAP9b85aBtbiIQSOjNKU4P0+vIKc0PTOvWK8kMze1uCQxtyC1SC8ExvbLL0llgABGJgYmLwaB3MycnMzi4My85FTXgvzkDB8G3tScxILi1BRfsEwJg4BPVmJZon5OYl66vk9+Xrp1RRGDFNSy5Py84vycVD1nCI1qPENFAZCOK8m5/QvoPj6QKXogU/TApnQ/mXCmX/k+EwOjFwNrWWJOaSrQXAGEIr/S3KTUorY1U2W5pzzohpoGAoZ7AKDfZQ/yAAAA[0m[INFO] No tests to run.
[8mha:////4NEnFlKojUgvXGSwtZmee8tB4UjxBHN2NETyPzVtdCwBAAAAyx+LCAAAAAAAAP9b85aBtbiIQSOjNKU4P0+vIKc0PTOvWK8kMze1uCQxtyC1SC8ExvbLL0llgABGJgYmLwaB3MycnMzi4My85FTXgvzkDB8G3tScxILi1BRfsEwJg4BPVmJZon5OYl66vk9+Xrp1RRGDFNSy5Py84vycVD1nCI1qPENFAZCOK8m5/QvoPj6QKXogU/TApnQ/mXCmX/k+EwOjFwNrWWJOaSrQXAGEIr/S3KTUorY1U2W5pzzohpoGAoZ7AKDfZQ/yAAAA[0m[INFO] Surefire report directory: /var/lib/jenkins/workspace/CTC_Demo/gameoflife-build/target/surefire-reports
[8mha:////4NEnFlKojUgvXGSwtZmee8tB4UjxBHN2NETyPzVtdCwBAAAAyx+LCAAAAAAAAP9b85aBtbiIQSOjNKU4P0+vIKc0PTOvWK8kMze1uCQxtyC1SC8ExvbLL0llgABGJgYmLwaB3MycnMzi4My85FTXgvzkDB8G3tScxILi1BRfsEwJg4BPVmJZon5OYl66vk9+Xrp1RRGDFNSy5Py84vycVD1nCI1qPENFAZCOK8m5/QvoPj6QKXogU/TApnQ/mXCmX/k+EwOjFwNrWWJOaSrQXAGEIr/S3KTUorY1U2W5pzzohpoGAoZ7AKDfZQ/yAAAA[0m
[8mha:////4NEnFlKojUgvXGSwtZmee8tB4UjxBHN2NETyPzVtdCwBAAAAyx+LCAAAAAAAAP9b85aBtbiIQSOjNKU4P0+vIKc0PTOvWK8kMze1uCQxtyC1SC8ExvbLL0llgABGJgYmLwaB3MycnMzi4My85FTXgvzkDB8G3tScxILi1BRfsEwJg4BPVmJZon5OYl66vk9+Xrp1RRGDFNSy5Py84vycVD1nCI1qPENFAZCOK8m5/QvoPj6QKXogU/TApnQ/mXCmX/k+EwOjFwNrWWJOaSrQXAGEIr/S3KTUorY1U2W5pzzohpoGAoZ7AKDfZQ/yAAAA[0m-------------------------------------------------------
[8mha:////4NEnFlKojUgvXGSwtZmee8tB4UjxBHN2NETyPzVtdCwBAAAAyx+LCAAAAAAAAP9b85aBtbiIQSOjNKU4P0+vIKc0PTOvWK8kMze1uCQxtyC1SC8ExvbLL0llgABGJgYmLwaB3MycnMzi4My85FTXgvzkDB8G3tScxILi1BRfsEwJg4BPVmJZon5OYl66vk9+Xrp1RRGDFNSy5Py84vycVD1nCI1qPENFAZCOK8m5/QvoPj6QKXogU/TApnQ/mXCmX/k+EwOjFwNrWWJOaSrQXAGEIr/S3KTUorY1U2W5pzzohpoGAoZ7AKDfZQ/yAAAA[0m T E S T S
[8mha:////4NEnFlKojUgvXGSwtZmee8tB4UjxBHN2NETyPzVtdCwBAAAAyx+LCAAAAAAAAP9b85aBtbiIQSOjNKU4P0+vIKc0PTOvWK8kMze1uCQxtyC1SC8ExvbLL0llgABGJgYmLwaB3MycnMzi4My85FTXgvzkDB8G3tScxILi1BRfsEwJg4BPVmJZon5OYl66vk9+Xrp1RRGDFNSy5Py84vycVD1nCI1qPENFAZCOK8m5/QvoPj6QKXogU/TApnQ/mXCmX/k+EwOjFwNrWWJOaSrQXAGEIr/S3KTUorY1U2W5pzzohpoGAoZ7AKDfZQ/yAAAA[0m-------------------------------------------------------
[8mha:////4LzfqpaIU9wQsWFzLFuniG/ziVpCLhoKdQ67EKnRVaMTAAAAyx+LCAAAAAAAAP9b85aBtbiIQSOjNKU4P0+vIKc0PTOvWK8kMze1uCQxtyC1SC8ExvbLL0llgABGJgYmLwaB3MycnMzi4My85FTXgvzkDB8G3tScxILi1BRfsEwJg4BPVmJZon5OYl66vk9+Xrp1RRGDFNSy5Py84vycVD1nCI1qPENFAZCOK8m5PwnoPj6QKXogU/TApnQ/mXCmX/k+EwOjFwNrWWJOaSrQXAGEIr/S3KTUorY1U2W5pzzohpoGAqYhAMTlyAfyAAAA[0m
[8mha:////4LzfqpaIU9wQsWFzLFuniG/ziVpCLhoKdQ67EKnRVaMTAAAAyx+LCAAAAAAAAP9b85aBtbiIQSOjNKU4P0+vIKc0PTOvWK8kMze1uCQxtyC1SC8ExvbLL0llgABGJgYmLwaB3MycnMzi4My85FTXgvzkDB8G3tScxILi1BRfsEwJg4BPVmJZon5OYl66vk9+Xrp1RRGDFNSy5Py84vycVD1nCI1qPENFAZCOK8m5PwnoPj6QKXogU/TApnQ/mXCmX/k+EwOjFwNrWWJOaSrQXAGEIr/S3KTUorY1U2W5pzzohpoGAqYhAMTlyAfyAAAA[0mResults :
[8mha:////4LzfqpaIU9wQsWFzLFuniG/ziVpCLhoKdQ67EKnRVaMTAAAAyx+LCAAAAAAAAP9b85aBtbiIQSOjNKU4P0+vIKc0PTOvWK8kMze1uCQxtyC1SC8ExvbLL0llgABGJgYmLwaB3MycnMzi4My85FTXgvzkDB8G3tScxILi1BRfsEwJg4BPVmJZon5OYl66vk9+Xrp1RRGDFNSy5Py84vycVD1nCI1qPENFAZCOK8m5PwnoPj6QKXogU/TApnQ/mXCmX/k+EwOjFwNrWWJOaSrQXAGEIr/S3KTUorY1U2W5pzzohpoGAqYhAMTlyAfyAAAA[0m
[8mha:////4LzfqpaIU9wQsWFzLFuniG/ziVpCLhoKdQ67EKnRVaMTAAAAyx+LCAAAAAAAAP9b85aBtbiIQSOjNKU4P0+vIKc0PTOvWK8kMze1uCQxtyC1SC8ExvbLL0llgABGJgYmLwaB3MycnMzi4My85FTXgvzkDB8G3tScxILi1BRfsEwJg4BPVmJZon5OYl66vk9+Xrp1RRGDFNSy5Py84vycVD1nCI1qPENFAZCOK8m5PwnoPj6QKXogU/TApnQ/mXCmX/k+EwOjFwNrWWJOaSrQXAGEIr/S3KTUorY1U2W5pzzohpoGAqYhAMTlyAfyAAAA[0mTests run: 0, Failures: 0, Errors: 0, Skipped: 0
[8mha:////4LzfqpaIU9wQsWFzLFuniG/ziVpCLhoKdQ67EKnRVaMTAAAAyx+LCAAAAAAAAP9b85aBtbiIQSOjNKU4P0+vIKc0PTOvWK8kMze1uCQxtyC1SC8ExvbLL0llgABGJgYmLwaB3MycnMzi4My85FTXgvzkDB8G3tScxILi1BRfsEwJg4BPVmJZon5OYl66vk9+Xrp1RRGDFNSy5Py84vycVD1nCI1qPENFAZCOK8m5PwnoPj6QKXogU/TApnQ/mXCmX/k+EwOjFwNrWWJOaSrQXAGEIr/S3KTUorY1U2W5pzzohpoGAqYhAMTlyAfyAAAA[0m
[8mha:////4LzfqpaIU9wQsWFzLFuniG/ziVpCLhoKdQ67EKnRVaMTAAAAyx+LCAAAAAAAAP9b85aBtbiIQSOjNKU4P0+vIKc0PTOvWK8kMze1uCQxtyC1SC8ExvbLL0llgABGJgYmLwaB3MycnMzi4My85FTXgvzkDB8G3tScxILi1BRfsEwJg4BPVmJZon5OYl66vk9+Xrp1RRGDFNSy5Py84vycVD1nCI1qPENFAZCOK8m5PwnoPj6QKXogU/TApnQ/mXCmX/k+EwOjFwNrWWJOaSrQXAGEIr/S3KTUorY1U2W5pzzohpoGAqYhAMTlyAfyAAAA[0m[INFO] 
[8mha:////4LzfqpaIU9wQsWFzLFuniG/ziVpCLhoKdQ67EKnRVaMTAAAAyx+LCAAAAAAAAP9b85aBtbiIQSOjNKU4P0+vIKc0PTOvWK8kMze1uCQxtyC1SC8ExvbLL0llgABGJgYmLwaB3MycnMzi4My85FTXgvzkDB8G3tScxILi1BRfsEwJg4BPVmJZon5OYl66vk9+Xrp1RRGDFNSy5Py84vycVD1nCI1qPENFAZCOK8m5PwnoPj6QKXogU/TApnQ/mXCmX/k+EwOjFwNrWWJOaSrQXAGEIr/S3KTUorY1U2W5pzzohpoGAqYhAMTlyAfyAAAA[0m[INFO] --- maven-easyb-plugin:1.4:test (default) @ gameoflife-build ---
[8mha:////4LzfqpaIU9wQsWFzLFuniG/ziVpCLhoKdQ67EKnRVaMTAAAAyx+LCAAAAAAAAP9b85aBtbiIQSOjNKU4P0+vIKc0PTOvWK8kMze1uCQxtyC1SC8ExvbLL0llgABGJgYmLwaB3MycnMzi4My85FTXgvzkDB8G3tScxILi1BRfsEwJg4BPVmJZon5OYl66vk9+Xrp1RRGDFNSy5Py84vycVD1nCI1qPENFAZCOK8m5PwnoPj6QKXogU/TApnQ/mXCmX/k+EwOjFwNrWWJOaSrQXAGEIr/S3KTUorY1U2W5pzzohpoGAqYhAMTlyAfyAAAA[0m[INFO] /var/lib/jenkins/workspace/CTC_Demo/gameoflife-build/src/test/stories does not exists.  Skipping easyb testing
[8mha:////4LzfqpaIU9wQsWFzLFuniG/ziVpCLhoKdQ67EKnRVaMTAAAAyx+LCAAAAAAAAP9b85aBtbiIQSOjNKU4P0+vIKc0PTOvWK8kMze1uCQxtyC1SC8ExvbLL0llgABGJgYmLwaB3MycnMzi4My85FTXgvzkDB8G3tScxILi1BRfsEwJg4BPVmJZon5OYl66vk9+Xrp1RRGDFNSy5Py84vycVD1nCI1qPENFAZCOK8m5PwnoPj6QKXogU/TApnQ/mXCmX/k+EwOjFwNrWWJOaSrQXAGEIr/S3KTUorY1U2W5pzzohpoGAqYhAMTlyAfyAAAA[0m[INFO] 
[8mha:////4LzfqpaIU9wQsWFzLFuniG/ziVpCLhoKdQ67EKnRVaMTAAAAyx+LCAAAAAAAAP9b85aBtbiIQSOjNKU4P0+vIKc0PTOvWK8kMze1uCQxtyC1SC8ExvbLL0llgABGJgYmLwaB3MycnMzi4My85FTXgvzkDB8G3tScxILi1BRfsEwJg4BPVmJZon5OYl66vk9+Xrp1RRGDFNSy5Py84vycVD1nCI1qPENFAZCOK8m5PwnoPj6QKXogU/TApnQ/mXCmX/k+EwOjFwNrWWJOaSrQXAGEIr/S3KTUorY1U2W5pzzohpoGAqYhAMTlyAfyAAAA[0m[INFO] --- maven-jar-plugin:2.4:jar (default-jar) @ gameoflife-build ---
[8mha:////4CMipUSrWYYsSu/hA0VANlgWu8+/MhsRZ/BTIvZkLYLoAAAAyx+LCAAAAAAAAP9b85aBtbiIQSOjNKU4P0+vIKc0PTOvWK8kMze1uCQxtyC1SC8ExvbLL0llgABGJgYmLwaB3MycnMzi4My85FTXgvzkDB8G3tScxILi1BRfsEwJg4BPVmJZon5OYl66vk9+Xrp1RRGDFNSy5Py84vycVD1nCI1qPENFAZCOK8l50A90Hx/IFD2QKXpgU7qfTDjTr3yfiYHRi4G1LDGnNBVorgBCkV9pblJqUduaqbLcUx50Q00DAbNAAPG/2CvyAAAA[0m[INFO] Building jar: /var/lib/jenkins/workspace/CTC_Demo/gameoflife-build/target/gameoflife-build-1.0-SNAPSHOT.jar
[8mha:////4M68SneRT/+YtQc/OLx1SYogi5kephjTkjqzJLi3XM02AAAAyx+LCAAAAAAAAP9b85aBtbiIQSOjNKU4P0+vIKc0PTOvWK8kMze1uCQxtyC1SC8ExvbLL0llgABGJgYmLwaB3MycnMzi4My85FTXgvzkDB8G3tScxILi1BRfsEwJg4BPVmJZon5OYl66vk9+Xrp1RRGDFNSy5Py84vycVD1nCI1qPENFAZCOK8l5MAHoPj6QKXogU/TApnQ/mXCmX/k+EwOjFwNrWWJOaSrQXAGEIr/S3KTUorY1U2W5pzzohpoGAmZBAGB8p8zyAAAA[0m[INFO] 
[8mha:////4M68SneRT/+YtQc/OLx1SYogi5kephjTkjqzJLi3XM02AAAAyx+LCAAAAAAAAP9b85aBtbiIQSOjNKU4P0+vIKc0PTOvWK8kMze1uCQxtyC1SC8ExvbLL0llgABGJgYmLwaB3MycnMzi4My85FTXgvzkDB8G3tScxILi1BRfsEwJg4BPVmJZon5OYl66vk9+Xrp1RRGDFNSy5Py84vycVD1nCI1qPENFAZCOK8l5MAHoPj6QKXogU/TApnQ/mXCmX/k+EwOjFwNrWWJOaSrQXAGEIr/S3KTUorY1U2W5pzzohpoGAmZBAGB8p8zyAAAA[0m[INFO] ------------------------------------------------------------------------
[8mha:////4M68SneRT/+YtQc/OLx1SYogi5kephjTkjqzJLi3XM02AAAAyx+LCAAAAAAAAP9b85aBtbiIQSOjNKU4P0+vIKc0PTOvWK8kMze1uCQxtyC1SC8ExvbLL0llgABGJgYmLwaB3MycnMzi4My85FTXgvzkDB8G3tScxILi1BRfsEwJg4BPVmJZon5OYl66vk9+Xrp1RRGDFNSy5Py84vycVD1nCI1qPENFAZCOK8l5MAHoPj6QKXogU/TApnQ/mXCmX/k+EwOjFwNrWWJOaSrQXAGEIr/S3KTUorY1U2W5pzzohpoGAmZBAGB8p8zyAAAA[0m[INFO] Building gameoflife-core 1.0-SNAPSHOT
[8mha:////4M68SneRT/+YtQc/OLx1SYogi5kephjTkjqzJLi3XM02AAAAyx+LCAAAAAAAAP9b85aBtbiIQSOjNKU4P0+vIKc0PTOvWK8kMze1uCQxtyC1SC8ExvbLL0llgABGJgYmLwaB3MycnMzi4My85FTXgvzkDB8G3tScxILi1BRfsEwJg4BPVmJZon5OYl66vk9+Xrp1RRGDFNSy5Py84vycVD1nCI1qPENFAZCOK8l5MAHoPj6QKXogU/TApnQ/mXCmX/k+EwOjFwNrWWJOaSrQXAGEIr/S3KTUorY1U2W5pzzohpoGAmZBAGB8p8zyAAAA[0m[INFO] ------------------------------------------------------------------------
[8mha:////4M68SneRT/+YtQc/OLx1SYogi5kephjTkjqzJLi3XM02AAAAyx+LCAAAAAAAAP9b85aBtbiIQSOjNKU4P0+vIKc0PTOvWK8kMze1uCQxtyC1SC8ExvbLL0llgABGJgYmLwaB3MycnMzi4My85FTXgvzkDB8G3tScxILi1BRfsEwJg4BPVmJZon5OYl66vk9+Xrp1RRGDFNSy5Py84vycVD1nCI1qPENFAZCOK8l5MAHoPj6QKXogU/TApnQ/mXCmX/k+EwOjFwNrWWJOaSrQXAGEIr/S3KTUorY1U2W5pzzohpoGAmZBAGB8p8zyAAAA[0m[INFO] 
[8mha:////4M68SneRT/+YtQc/OLx1SYogi5kephjTkjqzJLi3XM02AAAAyx+LCAAAAAAAAP9b85aBtbiIQSOjNKU4P0+vIKc0PTOvWK8kMze1uCQxtyC1SC8ExvbLL0llgABGJgYmLwaB3MycnMzi4My85FTXgvzkDB8G3tScxILi1BRfsEwJg4BPVmJZon5OYl66vk9+Xrp1RRGDFNSy5Py84vycVD1nCI1qPENFAZCOK8l5MAHoPj6QKXogU/TApnQ/mXCmX/k+EwOjFwNrWWJOaSrQXAGEIr/S3KTUorY1U2W5pzzohpoGAmZBAGB8p8zyAAAA[0m[INFO] --- maven-clean-plugin:2.5:clean (default-clean) @ gameoflife-core ---
[8mha:////4M68SneRT/+YtQc/OLx1SYogi5kephjTkjqzJLi3XM02AAAAyx+LCAAAAAAAAP9b85aBtbiIQSOjNKU4P0+vIKc0PTOvWK8kMze1uCQxtyC1SC8ExvbLL0llgABGJgYmLwaB3MycnMzi4My85FTXgvzkDB8G3tScxILi1BRfsEwJg4BPVmJZon5OYl66vk9+Xrp1RRGDFNSy5Py84vycVD1nCI1qPENFAZCOK8l5MAHoPj6QKXogU/TApnQ/mXCmX/k+EwOjFwNrWWJOaSrQXAGEIr/S3KTUorY1U2W5pzzohpoGAmZBAGB8p8zyAAAA[0m[INFO] Deleting /var/lib/jenkins/workspace/CTC_Demo/gameoflife-core/target
[8mha:////4M68SneRT/+YtQc/OLx1SYogi5kephjTkjqzJLi3XM02AAAAyx+LCAAAAAAAAP9b85aBtbiIQSOjNKU4P0+vIKc0PTOvWK8kMze1uCQxtyC1SC8ExvbLL0llgABGJgYmLwaB3MycnMzi4My85FTXgvzkDB8G3tScxILi1BRfsEwJg4BPVmJZon5OYl66vk9+Xrp1RRGDFNSy5Py84vycVD1nCI1qPENFAZCOK8l5MAHoPj6QKXogU/TApnQ/mXCmX/k+EwOjFwNrWWJOaSrQXAGEIr/S3KTUorY1U2W5pzzohpoGAmZBAGB8p8zyAAAA[0m[INFO] 
[8mha:////4M68SneRT/+YtQc/OLx1SYogi5kephjTkjqzJLi3XM02AAAAyx+LCAAAAAAAAP9b85aBtbiIQSOjNKU4P0+vIKc0PTOvWK8kMze1uCQxtyC1SC8ExvbLL0llgABGJgYmLwaB3MycnMzi4My85FTXgvzkDB8G3tScxILi1BRfsEwJg4BPVmJZon5OYl66vk9+Xrp1RRGDFNSy5Py84vycVD1nCI1qPENFAZCOK8l5MAHoPj6QKXogU/TApnQ/mXCmX/k+EwOjFwNrWWJOaSrQXAGEIr/S3KTUorY1U2W5pzzohpoGAmZBAGB8p8zyAAAA[0m[INFO] --- maven-enforcer-plugin:1.0:enforce (enforce-versions) @ gameoflife-core ---
[8mha:////4M68SneRT/+YtQc/OLx1SYogi5kephjTkjqzJLi3XM02AAAAyx+LCAAAAAAAAP9b85aBtbiIQSOjNKU4P0+vIKc0PTOvWK8kMze1uCQxtyC1SC8ExvbLL0llgABGJgYmLwaB3MycnMzi4My85FTXgvzkDB8G3tScxILi1BRfsEwJg4BPVmJZon5OYl66vk9+Xrp1RRGDFNSy5Py84vycVD1nCI1qPENFAZCOK8l5MAHoPj6QKXogU/TApnQ/mXCmX/k+EwOjFwNrWWJOaSrQXAGEIr/S3KTUorY1U2W5pzzohpoGAmZBAGB8p8zyAAAA[0m[INFO] 
[8mha:////4M68SneRT/+YtQc/OLx1SYogi5kephjTkjqzJLi3XM02AAAAyx+LCAAAAAAAAP9b85aBtbiIQSOjNKU4P0+vIKc0PTOvWK8kMze1uCQxtyC1SC8ExvbLL0llgABGJgYmLwaB3MycnMzi4My85FTXgvzkDB8G3tScxILi1BRfsEwJg4BPVmJZon5OYl66vk9+Xrp1RRGDFNSy5Py84vycVD1nCI1qPENFAZCOK8l5MAHoPj6QKXogU/TApnQ/mXCmX/k+EwOjFwNrWWJOaSrQXAGEIr/S3KTUorY1U2W5pzzohpoGAmZBAGB8p8zyAAAA[0m[INFO] --- maven-resources-plugin:2.6:resources (default-resources) @ gameoflife-core ---
[8mha:////4M68SneRT/+YtQc/OLx1SYogi5kephjTkjqzJLi3XM02AAAAyx+LCAAAAAAAAP9b85aBtbiIQSOjNKU4P0+vIKc0PTOvWK8kMze1uCQxtyC1SC8ExvbLL0llgABGJgYmLwaB3MycnMzi4My85FTXgvzkDB8G3tScxILi1BRfsEwJg4BPVmJZon5OYl66vk9+Xrp1RRGDFNSy5Py84vycVD1nCI1qPENFAZCOK8l5MAHoPj6QKXogU/TApnQ/mXCmX/k+EwOjFwNrWWJOaSrQXAGEIr/S3KTUorY1U2W5pzzohpoGAmZBAGB8p8zyAAAA[0m[INFO] Using 'UTF-8' encoding to copy filtered resources.
[8mha:////4M68SneRT/+YtQc/OLx1SYogi5kephjTkjqzJLi3XM02AAAAyx+LCAAAAAAAAP9b85aBtbiIQSOjNKU4P0+vIKc0PTOvWK8kMze1uCQxtyC1SC8ExvbLL0llgABGJgYmLwaB3MycnMzi4My85FTXgvzkDB8G3tScxILi1BRfsEwJg4BPVmJZon5OYl66vk9+Xrp1RRGDFNSy5Py84vycVD1nCI1qPENFAZCOK8l5MAHoPj6QKXogU/TApnQ/mXCmX/k+EwOjFwNrWWJOaSrQXAGEIr/S3KTUorY1U2W5pzzohpoGAmZBAGB8p8zyAAAA[0m[INFO] skip non existing resourceDirectory /var/lib/jenkins/workspace/CTC_Demo/gameoflife-core/src/main/resources
[8mha:////4M68SneRT/+YtQc/OLx1SYogi5kephjTkjqzJLi3XM02AAAAyx+LCAAAAAAAAP9b85aBtbiIQSOjNKU4P0+vIKc0PTOvWK8kMze1uCQxtyC1SC8ExvbLL0llgABGJgYmLwaB3MycnMzi4My85FTXgvzkDB8G3tScxILi1BRfsEwJg4BPVmJZon5OYl66vk9+Xrp1RRGDFNSy5Py84vycVD1nCI1qPENFAZCOK8l5MAHoPj6QKXogU/TApnQ/mXCmX/k+EwOjFwNrWWJOaSrQXAGEIr/S3KTUorY1U2W5pzzohpoGAmZBAGB8p8zyAAAA[0m[INFO] 
[8mha:////4M68SneRT/+YtQc/OLx1SYogi5kephjTkjqzJLi3XM02AAAAyx+LCAAAAAAAAP9b85aBtbiIQSOjNKU4P0+vIKc0PTOvWK8kMze1uCQxtyC1SC8ExvbLL0llgABGJgYmLwaB3MycnMzi4My85FTXgvzkDB8G3tScxILi1BRfsEwJg4BPVmJZon5OYl66vk9+Xrp1RRGDFNSy5Py84vycVD1nCI1qPENFAZCOK8l5MAHoPj6QKXogU/TApnQ/mXCmX/k+EwOjFwNrWWJOaSrQXAGEIr/S3KTUorY1U2W5pzzohpoGAmZBAGB8p8zyAAAA[0m[INFO] --- jacoco-maven-plugin:0.7.2.201409121644:prepare-agent (jacoco-initialize) @ gameoflife-core ---
[8mha:////4M68SneRT/+YtQc/OLx1SYogi5kephjTkjqzJLi3XM02AAAAyx+LCAAAAAAAAP9b85aBtbiIQSOjNKU4P0+vIKc0PTOvWK8kMze1uCQxtyC1SC8ExvbLL0llgABGJgYmLwaB3MycnMzi4My85FTXgvzkDB8G3tScxILi1BRfsEwJg4BPVmJZon5OYl66vk9+Xrp1RRGDFNSy5Py84vycVD1nCI1qPENFAZCOK8l5MAHoPj6QKXogU/TApnQ/mXCmX/k+EwOjFwNrWWJOaSrQXAGEIr/S3KTUorY1U2W5pzzohpoGAmZBAGB8p8zyAAAA[0m[INFO] argLine set to -javaagent:/var/lib/jenkins/.m2/repository/org/jacoco/org.jacoco.agent/0.7.2.201409121644/org.jacoco.agent-0.7.2.201409121644-runtime.jar=destfile=/var/lib/jenkins/workspace/CTC_Demo/gameoflife-core/target/jacoco.exec
[8mha:////4M68SneRT/+YtQc/OLx1SYogi5kephjTkjqzJLi3XM02AAAAyx+LCAAAAAAAAP9b85aBtbiIQSOjNKU4P0+vIKc0PTOvWK8kMze1uCQxtyC1SC8ExvbLL0llgABGJgYmLwaB3MycnMzi4My85FTXgvzkDB8G3tScxILi1BRfsEwJg4BPVmJZon5OYl66vk9+Xrp1RRGDFNSy5Py84vycVD1nCI1qPENFAZCOK8l5MAHoPj6QKXogU/TApnQ/mXCmX/k+EwOjFwNrWWJOaSrQXAGEIr/S3KTUorY1U2W5pzzohpoGAmZBAGB8p8zyAAAA[0m[INFO] 
[8mha:////4M68SneRT/+YtQc/OLx1SYogi5kephjTkjqzJLi3XM02AAAAyx+LCAAAAAAAAP9b85aBtbiIQSOjNKU4P0+vIKc0PTOvWK8kMze1uCQxtyC1SC8ExvbLL0llgABGJgYmLwaB3MycnMzi4My85FTXgvzkDB8G3tScxILi1BRfsEwJg4BPVmJZon5OYl66vk9+Xrp1RRGDFNSy5Py84vycVD1nCI1qPENFAZCOK8l5MAHoPj6QKXogU/TApnQ/mXCmX/k+EwOjFwNrWWJOaSrQXAGEIr/S3KTUorY1U2W5pzzohpoGAmZBAGB8p8zyAAAA[0m[INFO] --- maven-compiler-plugin:3.1:compile (default-compile) @ gameoflife-core ---
[8mha:////4M68SneRT/+YtQc/OLx1SYogi5kephjTkjqzJLi3XM02AAAAyx+LCAAAAAAAAP9b85aBtbiIQSOjNKU4P0+vIKc0PTOvWK8kMze1uCQxtyC1SC8ExvbLL0llgABGJgYmLwaB3MycnMzi4My85FTXgvzkDB8G3tScxILi1BRfsEwJg4BPVmJZon5OYl66vk9+Xrp1RRGDFNSy5Py84vycVD1nCI1qPENFAZCOK8l5MAHoPj6QKXogU/TApnQ/mXCmX/k+EwOjFwNrWWJOaSrQXAGEIr/S3KTUorY1U2W5pzzohpoGAmZBAGB8p8zyAAAA[0m[INFO] Changes detected - recompiling the module!
[8mha:////4M68SneRT/+YtQc/OLx1SYogi5kephjTkjqzJLi3XM02AAAAyx+LCAAAAAAAAP9b85aBtbiIQSOjNKU4P0+vIKc0PTOvWK8kMze1uCQxtyC1SC8ExvbLL0llgABGJgYmLwaB3MycnMzi4My85FTXgvzkDB8G3tScxILi1BRfsEwJg4BPVmJZon5OYl66vk9+Xrp1RRGDFNSy5Py84vycVD1nCI1qPENFAZCOK8l5MAHoPj6QKXogU/TApnQ/mXCmX/k+EwOjFwNrWWJOaSrQXAGEIr/S3KTUorY1U2W5pzzohpoGAmZBAGB8p8zyAAAA[0m[INFO] Compiling 5 source files to /var/lib/jenkins/workspace/CTC_Demo/gameoflife-core/target/classes
[8mha:////4E0hCiNTc/mfqjqL+68bSC8GAsq3C8+XbUqH4b/Nqa4hAAAAyx+LCAAAAAAAAP9b85aBtbiIQSOjNKU4P0+vIKc0PTOvWK8kMze1uCQxtyC1SC8ExvbLL0llgABGJgYmLwaB3MycnMzi4My85FTXgvzkDB8G3tScxILi1BRfsEwJg4BPVmJZon5OYl66vk9+Xrp1RRGDFNSy5Py84vycVD1nCI1qPENFAZCOK8l5ogF0Hx/IFD2QKXpgU7qfTDjTr3yfiYHRi4G1LDGnNBVorgBCkV9pblJqUduaqbLcUx50Q00DActXAIYi+fLyAAAA[0m[INFO] 
[8mha:////4AqKsQzhUxy1/Xw3f+WF/E1aK11TYhGNbAOUMEcI3EZQAAAAyx+LCAAAAAAAAP9b85aBtbiIQSOjNKU4P0+vIKc0PTOvWK8kMze1uCQxtyC1SC8ExvbLL0llgABGJgYmLwaB3MycnMzi4My85FTXgvzkDB8G3tScxILi1BRfsEwJg4BPVmJZon5OYl66vk9+Xrp1RRGDFNSy5Py84vycVD1nCI1qPENFAZCOK8l5ogl0Hx/IFD2QKXpgU7qfTDjTr3yfiYHRi4G1LDGnNBVorgBCkV9pblJqUduaqbLcUx50Q00DAcvXAEFlB87yAAAA[0m[INFO] --- maven-resources-plugin:2.6:testResources (default-testResources) @ gameoflife-core ---
[8mha:////4AqKsQzhUxy1/Xw3f+WF/E1aK11TYhGNbAOUMEcI3EZQAAAAyx+LCAAAAAAAAP9b85aBtbiIQSOjNKU4P0+vIKc0PTOvWK8kMze1uCQxtyC1SC8ExvbLL0llgABGJgYmLwaB3MycnMzi4My85FTXgvzkDB8G3tScxILi1BRfsEwJg4BPVmJZon5OYl66vk9+Xrp1RRGDFNSy5Py84vycVD1nCI1qPENFAZCOK8l5ogl0Hx/IFD2QKXpgU7qfTDjTr3yfiYHRi4G1LDGnNBVorgBCkV9pblJqUduaqbLcUx50Q00DAcvXAEFlB87yAAAA[0m[INFO] Using 'UTF-8' encoding to copy filtered resources.
[8mha:////4AqKsQzhUxy1/Xw3f+WF/E1aK11TYhGNbAOUMEcI3EZQAAAAyx+LCAAAAAAAAP9b85aBtbiIQSOjNKU4P0+vIKc0PTOvWK8kMze1uCQxtyC1SC8ExvbLL0llgABGJgYmLwaB3MycnMzi4My85FTXgvzkDB8G3tScxILi1BRfsEwJg4BPVmJZon5OYl66vk9+Xrp1RRGDFNSy5Py84vycVD1nCI1qPENFAZCOK8l5ogl0Hx/IFD2QKXpgU7qfTDjTr3yfiYHRi4G1LDGnNBVorgBCkV9pblJqUduaqbLcUx50Q00DAcvXAEFlB87yAAAA[0m[INFO] skip non existing resourceDirectory /var/lib/jenkins/workspace/CTC_Demo/gameoflife-core/src/test/resources
[8mha:////4AqKsQzhUxy1/Xw3f+WF/E1aK11TYhGNbAOUMEcI3EZQAAAAyx+LCAAAAAAAAP9b85aBtbiIQSOjNKU4P0+vIKc0PTOvWK8kMze1uCQxtyC1SC8ExvbLL0llgABGJgYmLwaB3MycnMzi4My85FTXgvzkDB8G3tScxILi1BRfsEwJg4BPVmJZon5OYl66vk9+Xrp1RRGDFNSy5Py84vycVD1nCI1qPENFAZCOK8l5ogl0Hx/IFD2QKXpgU7qfTDjTr3yfiYHRi4G1LDGnNBVorgBCkV9pblJqUduaqbLcUx50Q00DAcvXAEFlB87yAAAA[0m[INFO] 
[8mha:////4AqKsQzhUxy1/Xw3f+WF/E1aK11TYhGNbAOUMEcI3EZQAAAAyx+LCAAAAAAAAP9b85aBtbiIQSOjNKU4P0+vIKc0PTOvWK8kMze1uCQxtyC1SC8ExvbLL0llgABGJgYmLwaB3MycnMzi4My85FTXgvzkDB8G3tScxILi1BRfsEwJg4BPVmJZon5OYl66vk9+Xrp1RRGDFNSy5Py84vycVD1nCI1qPENFAZCOK8l5ogl0Hx/IFD2QKXpgU7qfTDjTr3yfiYHRi4G1LDGnNBVorgBCkV9pblJqUduaqbLcUx50Q00DAcvXAEFlB87yAAAA[0m[INFO] --- maven-compiler-plugin:3.1:testCompile (default-testCompile) @ gameoflife-core ---
[8mha:////4AqKsQzhUxy1/Xw3f+WF/E1aK11TYhGNbAOUMEcI3EZQAAAAyx+LCAAAAAAAAP9b85aBtbiIQSOjNKU4P0+vIKc0PTOvWK8kMze1uCQxtyC1SC8ExvbLL0llgABGJgYmLwaB3MycnMzi4My85FTXgvzkDB8G3tScxILi1BRfsEwJg4BPVmJZon5OYl66vk9+Xrp1RRGDFNSy5Py84vycVD1nCI1qPENFAZCOK8l5ogl0Hx/IFD2QKXpgU7qfTDjTr3yfiYHRi4G1LDGnNBVorgBCkV9pblJqUduaqbLcUx50Q00DAcvXAEFlB87yAAAA[0m[INFO] Changes detected - recompiling the module!
[8mha:////4AqKsQzhUxy1/Xw3f+WF/E1aK11TYhGNbAOUMEcI3EZQAAAAyx+LCAAAAAAAAP9b85aBtbiIQSOjNKU4P0+vIKc0PTOvWK8kMze1uCQxtyC1SC8ExvbLL0llgABGJgYmLwaB3MycnMzi4My85FTXgvzkDB8G3tScxILi1BRfsEwJg4BPVmJZon5OYl66vk9+Xrp1RRGDFNSy5Py84vycVD1nCI1qPENFAZCOK8l5ogl0Hx/IFD2QKXpgU7qfTDjTr3yfiYHRi4G1LDGnNBVorgBCkV9pblJqUduaqbLcUx50Q00DAcvXAEFlB87yAAAA[0m[INFO] Compiling 10 source files to /var/lib/jenkins/workspace/CTC_Demo/gameoflife-core/target/test-classes
[8mha:////4MNUD39k3xMxTYY/HY2Wypn3ndjJ+ZetOAus/N3to9e0AAAAyx+LCAAAAAAAAP9b85aBtbiIQSOjNKU4P0+vIKc0PTOvWK8kMze1uCQxtyC1SC8ExvbLL0llgABGJgYmLwaB3MycnMzi4My85FTXgvzkDB8G3tScxILi1BRfsEwJg4BPVmJZon5OYl66vk9+Xrp1RRGDFNSy5Py84vycVD1nCI1qPENFAZCOK8l5Fgh0Hx/IFD2QKXpgU7qfTDjTr3yfiYHRi4G1LDGnNBVorgBCkV9pblJqUduaqbLcUx50Q00DARthAOhOZu7yAAAA[0m[INFO] 
[8mha:////4FA6A2DAHZALk/hNf7V6Ut5livkkCOp5sS4jZCT62vmxAAAAyx+LCAAAAAAAAP9b85aBtbiIQSOjNKU4P0+vIKc0PTOvWK8kMze1uCQxtyC1SC8ExvbLL0llgABGJgYmLwaB3MycnMzi4My85FTXgvzkDB8G3tScxILi1BRfsEwJg4BPVmJZon5OYl66vk9+Xrp1RRGDFNSy5Py84vycVD1nCI1qPENFAZCOK8l5FgR0Hx/IFD2QKXpgU7qfTDjTr3yfiYHRi4G1LDGnNBVorgBCkV9pblJqUduaqbLcUx50Q00DARsRALhCCazyAAAA[0m[INFO] --- maven-surefire-plugin:2.11:test (default-test) @ gameoflife-core ---
[8mha:////4FA6A2DAHZALk/hNf7V6Ut5livkkCOp5sS4jZCT62vmxAAAAyx+LCAAAAAAAAP9b85aBtbiIQSOjNKU4P0+vIKc0PTOvWK8kMze1uCQxtyC1SC8ExvbLL0llgABGJgYmLwaB3MycnMzi4My85FTXgvzkDB8G3tScxILi1BRfsEwJg4BPVmJZon5OYl66vk9+Xrp1RRGDFNSy5Py84vycVD1nCI1qPENFAZCOK8l5FgR0Hx/IFD2QKXpgU7qfTDjTr3yfiYHRi4G1LDGnNBVorgBCkV9pblJqUduaqbLcUx50Q00DARsRALhCCazyAAAA[0m[INFO] Tests are skipped.
[8mha:////4FA6A2DAHZALk/hNf7V6Ut5livkkCOp5sS4jZCT62vmxAAAAyx+LCAAAAAAAAP9b85aBtbiIQSOjNKU4P0+vIKc0PTOvWK8kMze1uCQxtyC1SC8ExvbLL0llgABGJgYmLwaB3MycnMzi4My85FTXgvzkDB8G3tScxILi1BRfsEwJg4BPVmJZon5OYl66vk9+Xrp1RRGDFNSy5Py84vycVD1nCI1qPENFAZCOK8l5FgR0Hx/IFD2QKXpgU7qfTDjTr3yfiYHRi4G1LDGnNBVorgBCkV9pblJqUduaqbLcUx50Q00DARsRALhCCazyAAAA[0m[INFO] 
[8mha:////4FA6A2DAHZALk/hNf7V6Ut5livkkCOp5sS4jZCT62vmxAAAAyx+LCAAAAAAAAP9b85aBtbiIQSOjNKU4P0+vIKc0PTOvWK8kMze1uCQxtyC1SC8ExvbLL0llgABGJgYmLwaB3MycnMzi4My85FTXgvzkDB8G3tScxILi1BRfsEwJg4BPVmJZon5OYl66vk9+Xrp1RRGDFNSy5Py84vycVD1nCI1qPENFAZCOK8l5FgR0Hx/IFD2QKXpgU7qfTDjTr3yfiYHRi4G1LDGnNBVorgBCkV9pblJqUduaqbLcUx50Q00DARsRALhCCazyAAAA[0m[INFO] --- maven-surefire-plugin:2.11:test (unit-tests) @ gameoflife-core ---
[8mha:////4FA6A2DAHZALk/hNf7V6Ut5livkkCOp5sS4jZCT62vmxAAAAyx+LCAAAAAAAAP9b85aBtbiIQSOjNKU4P0+vIKc0PTOvWK8kMze1uCQxtyC1SC8ExvbLL0llgABGJgYmLwaB3MycnMzi4My85FTXgvzkDB8G3tScxILi1BRfsEwJg4BPVmJZon5OYl66vk9+Xrp1RRGDFNSy5Py84vycVD1nCI1qPENFAZCOK8l5FgR0Hx/IFD2QKXpgU7qfTDjTr3yfiYHRi4G1LDGnNBVorgBCkV9pblJqUduaqbLcUx50Q00DARsRALhCCazyAAAA[0m[INFO] Surefire report directory: /var/lib/jenkins/workspace/CTC_Demo/gameoflife-core/target/surefire-reports
[8mha:////4FA6A2DAHZALk/hNf7V6Ut5livkkCOp5sS4jZCT62vmxAAAAyx+LCAAAAAAAAP9b85aBtbiIQSOjNKU4P0+vIKc0PTOvWK8kMze1uCQxtyC1SC8ExvbLL0llgABGJgYmLwaB3MycnMzi4My85FTXgvzkDB8G3tScxILi1BRfsEwJg4BPVmJZon5OYl66vk9+Xrp1RRGDFNSy5Py84vycVD1nCI1qPENFAZCOK8l5FgR0Hx/IFD2QKXpgU7qfTDjTr3yfiYHRi4G1LDGnNBVorgBCkV9pblJqUduaqbLcUx50Q00DARsRALhCCazyAAAA[0m
[8mha:////4FA6A2DAHZALk/hNf7V6Ut5livkkCOp5sS4jZCT62vmxAAAAyx+LCAAAAAAAAP9b85aBtbiIQSOjNKU4P0+vIKc0PTOvWK8kMze1uCQxtyC1SC8ExvbLL0llgABGJgYmLwaB3MycnMzi4My85FTXgvzkDB8G3tScxILi1BRfsEwJg4BPVmJZon5OYl66vk9+Xrp1RRGDFNSy5Py84vycVD1nCI1qPENFAZCOK8l5FgR0Hx/IFD2QKXpgU7qfTDjTr3yfiYHRi4G1LDGnNBVorgBCkV9pblJqUduaqbLcUx50Q00DARsRALhCCazyAAAA[0m-------------------------------------------------------
[8mha:////4FA6A2DAHZALk/hNf7V6Ut5livkkCOp5sS4jZCT62vmxAAAAyx+LCAAAAAAAAP9b85aBtbiIQSOjNKU4P0+vIKc0PTOvWK8kMze1uCQxtyC1SC8ExvbLL0llgABGJgYmLwaB3MycnMzi4My85FTXgvzkDB8G3tScxILi1BRfsEwJg4BPVmJZon5OYl66vk9+Xrp1RRGDFNSy5Py84vycVD1nCI1qPENFAZCOK8l5FgR0Hx/IFD2QKXpgU7qfTDjTr3yfiYHRi4G1LDGnNBVorgBCkV9pblJqUduaqbLcUx50Q00DARsRALhCCazyAAAA[0m T E S T S
[8mha:////4FA6A2DAHZALk/hNf7V6Ut5livkkCOp5sS4jZCT62vmxAAAAyx+LCAAAAAAAAP9b85aBtbiIQSOjNKU4P0+vIKc0PTOvWK8kMze1uCQxtyC1SC8ExvbLL0llgABGJgYmLwaB3MycnMzi4My85FTXgvzkDB8G3tScxILi1BRfsEwJg4BPVmJZon5OYl66vk9+Xrp1RRGDFNSy5Py84vycVD1nCI1qPENFAZCOK8l5FgR0Hx/IFD2QKXpgU7qfTDjTr3yfiYHRi4G1LDGnNBVorgBCkV9pblJqUduaqbLcUx50Q00DARsRALhCCazyAAAA[0m-------------------------------------------------------
[8mha:////4IweZ6lUF+hL0vG2IF3R3vxOS1R6UAlb0Us9E2saeJicAAAAyx+LCAAAAAAAAP9b85aBtbiIQSOjNKU4P0+vIKc0PTOvWK8kMze1uCQxtyC1SC8ExvbLL0llgABGJgYmLwaB3MycnMzi4My85FTXgvzkDB8G3tScxILi1BRfsEwJg4BPVmJZon5OYl66vk9+Xrp1RRGDFNSy5Py84vycVD1nCI1qPENFAZCOK8l5+RboPj6QKXogU/TApnQ/mXCmX/k+EwOjFwNrWWJOaSrQXAGEIr/S3KTUorY1U2W5pzzohpoGAvbrAYkoIEryAAAA[0mRunning com.wakaleo.gameoflife.domain.WhenYouReadAGridFromAString
[8mha:////4GQGt6a8qKfui7R6cBzUqR3i8t1j7mtQkntxNJOtOWD+AAAAyx+LCAAAAAAAAP9b85aBtbiIQSOjNKU4P0+vIKc0PTOvWK8kMze1uCQxtyC1SC8ExvbLL0llgABGJgYmLwaB3MycnMzi4My85FTXgvzkDB8G3tScxILi1BRfsEwJg4BPVmJZon5OYl66vk9+Xrp1RRGDFNSy5Py84vycVD1nCI1qPENFAZCOK8l59QLoPj6QKXogU/TApnQ/mXCmX/k+EwOjFwNrWWJOaSrQXAGEIr/S3KTUorY1U2W5pzzohpoGAg6rAFS96AnyAAAA[0mTests run: 8, Failures: 0, Errors: 0, Skipped: 0, Time elapsed: 0.286 sec
[8mha:////4GQGt6a8qKfui7R6cBzUqR3i8t1j7mtQkntxNJOtOWD+AAAAyx+LCAAAAAAAAP9b85aBtbiIQSOjNKU4P0+vIKc0PTOvWK8kMze1uCQxtyC1SC8ExvbLL0llgABGJgYmLwaB3MycnMzi4My85FTXgvzkDB8G3tScxILi1BRfsEwJg4BPVmJZon5OYl66vk9+Xrp1RRGDFNSy5Py84vycVD1nCI1qPENFAZCOK8l59QLoPj6QKXogU/TApnQ/mXCmX/k+EwOjFwNrWWJOaSrQXAGEIr/S3KTUorY1U2W5pzzohpoGAg6rAFS96AnyAAAA[0mRunning com.wakaleo.gameoflife.domain.WhenYouCreateAGrid
[8mha:////4GQGt6a8qKfui7R6cBzUqR3i8t1j7mtQkntxNJOtOWD+AAAAyx+LCAAAAAAAAP9b85aBtbiIQSOjNKU4P0+vIKc0PTOvWK8kMze1uCQxtyC1SC8ExvbLL0llgABGJgYmLwaB3MycnMzi4My85FTXgvzkDB8G3tScxILi1BRfsEwJg4BPVmJZon5OYl66vk9+Xrp1RRGDFNSy5Py84vycVD1nCI1qPENFAZCOK8l59QLoPj6QKXogU/TApnQ/mXCmX/k+EwOjFwNrWWJOaSrQXAGEIr/S3KTUorY1U2W5pzzohpoGAg6rAFS96AnyAAAA[0mTests run: 16, Failures: 0, Errors: 0, Skipped: 0, Time elapsed: 0.026 sec
[8mha:////4GQGt6a8qKfui7R6cBzUqR3i8t1j7mtQkntxNJOtOWD+AAAAyx+LCAAAAAAAAP9b85aBtbiIQSOjNKU4P0+vIKc0PTOvWK8kMze1uCQxtyC1SC8ExvbLL0llgABGJgYmLwaB3MycnMzi4My85FTXgvzkDB8G3tScxILi1BRfsEwJg4BPVmJZon5OYl66vk9+Xrp1RRGDFNSy5Py84vycVD1nCI1qPENFAZCOK8l59QLoPj6QKXogU/TApnQ/mXCmX/k+EwOjFwNrWWJOaSrQXAGEIr/S3KTUorY1U2W5pzzohpoGAg6rAFS96AnyAAAA[0mRunning com.wakaleo.gameoflife.domain.WhenYouPrintAGrid
[8mha:////4GQGt6a8qKfui7R6cBzUqR3i8t1j7mtQkntxNJOtOWD+AAAAyx+LCAAAAAAAAP9b85aBtbiIQSOjNKU4P0+vIKc0PTOvWK8kMze1uCQxtyC1SC8ExvbLL0llgABGJgYmLwaB3MycnMzi4My85FTXgvzkDB8G3tScxILi1BRfsEwJg4BPVmJZon5OYl66vk9+Xrp1RRGDFNSy5Py84vycVD1nCI1qPENFAZCOK8l59QLoPj6QKXogU/TApnQ/mXCmX/k+EwOjFwNrWWJOaSrQXAGEIr/S3KTUorY1U2W5pzzohpoGAg6rAFS96AnyAAAA[0mTests run: 3, Failures: 0, Errors: 0, Skipped: 0, Time elapsed: 0 sec
[8mha:////4GQGt6a8qKfui7R6cBzUqR3i8t1j7mtQkntxNJOtOWD+AAAAyx+LCAAAAAAAAP9b85aBtbiIQSOjNKU4P0+vIKc0PTOvWK8kMze1uCQxtyC1SC8ExvbLL0llgABGJgYmLwaB3MycnMzi4My85FTXgvzkDB8G3tScxILi1BRfsEwJg4BPVmJZon5OYl66vk9+Xrp1RRGDFNSy5Py84vycVD1nCI1qPENFAZCOK8l59QLoPj6QKXogU/TApnQ/mXCmX/k+EwOjFwNrWWJOaSrQXAGEIr/S3KTUorY1U2W5pzzohpoGAg6rAFS96AnyAAAA[0mRunning com.wakaleo.gameoflife.domain.WhenYouCreateACell
[8mha:////4GQGt6a8qKfui7R6cBzUqR3i8t1j7mtQkntxNJOtOWD+AAAAyx+LCAAAAAAAAP9b85aBtbiIQSOjNKU4P0+vIKc0PTOvWK8kMze1uCQxtyC1SC8ExvbLL0llgABGJgYmLwaB3MycnMzi4My85FTXgvzkDB8G3tScxILi1BRfsEwJg4BPVmJZon5OYl66vk9+Xrp1RRGDFNSy5Py84vycVD1nCI1qPENFAZCOK8l59QLoPj6QKXogU/TApnQ/mXCmX/k+EwOjFwNrWWJOaSrQXAGEIr/S3KTUorY1U2W5pzzohpoGAg6rAFS96AnyAAAA[0mTests run: 6, Failures: 0, Errors: 0, Skipped: 0, Time elapsed: 0.001 sec
[8mha:////4P8KYqygo9zIvXtXXwWEUusXYoOfDJaWKRjX+bl8GUU6AAAAyx+LCAAAAAAAAP9b85aBtbiIQSOjNKU4P0+vIKc0PTOvWK8kMze1uCQxtyC1SC8ExvbLL0llgABGJgYmLwaB3MycnMzi4My85FTXgvzkDB8G3tScxILi1BRfsEwJg4BPVmJZon5OYl66vk9+Xrp1RRGDFNSy5Py84vycVD1nCI1qPENFAZCOK8l5/QToPj6QKXogU/TApnQ/mXCmX/k+EwOjFwNrWWJOaSrQXAGEIr/S3KTUorY1U2W5pzzohpoGAo7LAGUzrsPyAAAA[0mRunning com.wakaleo.gameoflife.domain.WhenYouPlayTheGameOfLife
[8mha:////4NWsA5XE1Jur7+0iHSLxxVY/YKhQQUFxTSjZ/MQ9iOCcAAAAyx+LCAAAAAAAAP9b85aBtbiIQSOjNKU4P0+vIKc0PTOvWK8kMze1uCQxtyC1SC8ExvbLL0llgABGJgYmLwaB3MycnMzi4My85FTXgvzkDB8G3tScxILi1BRfsEwJg4BPVmJZon5OYl66vk9+Xrp1RRGDFNSy5Py84vycVD1nCI1qPENFAZCOK8l5/RToPj6QKXogU/TApnQ/mXCmX/k+EwOjFwNrWWJOaSrQXAGEIr/S3KTUorY1U2W5pzzohpoGAo7LAaJ0UP/yAAAA[0mTests run: 5, Failures: 0, Errors: 0, Skipped: 0, Time elapsed: 0.001 sec
[8mha:////4NWsA5XE1Jur7+0iHSLxxVY/YKhQQUFxTSjZ/MQ9iOCcAAAAyx+LCAAAAAAAAP9b85aBtbiIQSOjNKU4P0+vIKc0PTOvWK8kMze1uCQxtyC1SC8ExvbLL0llgABGJgYmLwaB3MycnMzi4My85FTXgvzkDB8G3tScxILi1BRfsEwJg4BPVmJZon5OYl66vk9+Xrp1RRGDFNSy5Py84vycVD1nCI1qPENFAZCOK8l5/RToPj6QKXogU/TApnQ/mXCmX/k+EwOjFwNrWWJOaSrQXAGEIr/S3KTUorY1U2W5pzzohpoGAo7LAaJ0UP/yAAAA[0mRunning com.wakaleo.gameoflife.domain.WhenYouCreateANewUniverse
[8mha:////4NWsA5XE1Jur7+0iHSLxxVY/YKhQQUFxTSjZ/MQ9iOCcAAAAyx+LCAAAAAAAAP9b85aBtbiIQSOjNKU4P0+vIKc0PTOvWK8kMze1uCQxtyC1SC8ExvbLL0llgABGJgYmLwaB3MycnMzi4My85FTXgvzkDB8G3tScxILi1BRfsEwJg4BPVmJZon5OYl66vk9+Xrp1RRGDFNSy5Py84vycVD1nCI1qPENFAZCOK8l5/RToPj6QKXogU/TApnQ/mXCmX/k+EwOjFwNrWWJOaSrQXAGEIr/S3KTUorY1U2W5pzzohpoGAo7LAaJ0UP/yAAAA[0mTests run: 11, Failures: 0, Errors: 0, Skipped: 0, Time elapsed: 0.001 sec
[8mha:////4NWEvOWLhScgFMn9hbsA+nFpiYoQnpLO2oaEkPayTGRAAAAAyx+LCAAAAAAAAP9b85aBtbiIQSOjNKU4P0+vIKc0PTOvWK8kMze1uCQxtyC1SC8ExvbLL0llgABGJgYmLwaB3MycnMzi4My85FTXgvzkDB8G3tScxILi1BRfsEwJg4BPVmJZon5OYl66vk9+Xrp1RRGDFNSy5Py84vycVD1nCI1qPENFAZCOK8l58xDoPj6QKXogU/TApnQ/mXCmX/k+EwOjFwNrWWJOaSrQXAGEIr/S3KTUorY1U2W5pzzohpoGAk6LARbwcnPyAAAA[0m
[8mha:////4NWEvOWLhScgFMn9hbsA+nFpiYoQnpLO2oaEkPayTGRAAAAAyx+LCAAAAAAAAP9b85aBtbiIQSOjNKU4P0+vIKc0PTOvWK8kMze1uCQxtyC1SC8ExvbLL0llgABGJgYmLwaB3MycnMzi4My85FTXgvzkDB8G3tScxILi1BRfsEwJg4BPVmJZon5OYl66vk9+Xrp1RRGDFNSy5Py84vycVD1nCI1qPENFAZCOK8l58xDoPj6QKXogU/TApnQ/mXCmX/k+EwOjFwNrWWJOaSrQXAGEIr/S3KTUorY1U2W5pzzohpoGAk6LARbwcnPyAAAA[0mResults :
[8mha:////4NWEvOWLhScgFMn9hbsA+nFpiYoQnpLO2oaEkPayTGRAAAAAyx+LCAAAAAAAAP9b85aBtbiIQSOjNKU4P0+vIKc0PTOvWK8kMze1uCQxtyC1SC8ExvbLL0llgABGJgYmLwaB3MycnMzi4My85FTXgvzkDB8G3tScxILi1BRfsEwJg4BPVmJZon5OYl66vk9+Xrp1RRGDFNSy5Py84vycVD1nCI1qPENFAZCOK8l58xDoPj6QKXogU/TApnQ/mXCmX/k+EwOjFwNrWWJOaSrQXAGEIr/S3KTUorY1U2W5pzzohpoGAk6LARbwcnPyAAAA[0m
[8mha:////4NWEvOWLhScgFMn9hbsA+nFpiYoQnpLO2oaEkPayTGRAAAAAyx+LCAAAAAAAAP9b85aBtbiIQSOjNKU4P0+vIKc0PTOvWK8kMze1uCQxtyC1SC8ExvbLL0llgABGJgYmLwaB3MycnMzi4My85FTXgvzkDB8G3tScxILi1BRfsEwJg4BPVmJZon5OYl66vk9+Xrp1RRGDFNSy5Py84vycVD1nCI1qPENFAZCOK8l58xDoPj6QKXogU/TApnQ/mXCmX/k+EwOjFwNrWWJOaSrQXAGEIr/S3KTUorY1U2W5pzzohpoGAk6LARbwcnPyAAAA[0mTests run: 49, Failures: 0, Errors: 0, Skipped: 0
[8mha:////4NWEvOWLhScgFMn9hbsA+nFpiYoQnpLO2oaEkPayTGRAAAAAyx+LCAAAAAAAAP9b85aBtbiIQSOjNKU4P0+vIKc0PTOvWK8kMze1uCQxtyC1SC8ExvbLL0llgABGJgYmLwaB3MycnMzi4My85FTXgvzkDB8G3tScxILi1BRfsEwJg4BPVmJZon5OYl66vk9+Xrp1RRGDFNSy5Py84vycVD1nCI1qPENFAZCOK8l58xDoPj6QKXogU/TApnQ/mXCmX/k+EwOjFwNrWWJOaSrQXAGEIr/S3KTUorY1U2W5pzzohpoGAk6LARbwcnPyAAAA[0m
[8mha:////4NWEvOWLhScgFMn9hbsA+nFpiYoQnpLO2oaEkPayTGRAAAAAyx+LCAAAAAAAAP9b85aBtbiIQSOjNKU4P0+vIKc0PTOvWK8kMze1uCQxtyC1SC8ExvbLL0llgABGJgYmLwaB3MycnMzi4My85FTXgvzkDB8G3tScxILi1BRfsEwJg4BPVmJZon5OYl66vk9+Xrp1RRGDFNSy5Py84vycVD1nCI1qPENFAZCOK8l58xDoPj6QKXogU/TApnQ/mXCmX/k+EwOjFwNrWWJOaSrQXAGEIr/S3KTUorY1U2W5pzzohpoGAk6LARbwcnPyAAAA[0m[INFO] 
[8mha:////4NWEvOWLhScgFMn9hbsA+nFpiYoQnpLO2oaEkPayTGRAAAAAyx+LCAAAAAAAAP9b85aBtbiIQSOjNKU4P0+vIKc0PTOvWK8kMze1uCQxtyC1SC8ExvbLL0llgABGJgYmLwaB3MycnMzi4My85FTXgvzkDB8G3tScxILi1BRfsEwJg4BPVmJZon5OYl66vk9+Xrp1RRGDFNSy5Py84vycVD1nCI1qPENFAZCOK8l58xDoPj6QKXogU/TApnQ/mXCmX/k+EwOjFwNrWWJOaSrQXAGEIr/S3KTUorY1U2W5pzzohpoGAk6LARbwcnPyAAAA[0m[INFO] --- maven-easyb-plugin:1.4:test (default) @ gameoflife-core ---
[8mha:////4ExmJ9TLo7gCL8tv9TqhRRb9dAWztO82cUl5q3ubdRM4AAAAyx+LCAAAAAAAAP9b85aBtbiIQSOjNKU4P0+vIKc0PTOvWK8kMze1uCQxtyC1SC8ExvbLL0llgABGJgYmLwaB3MycnMzi4My85FTXgvzkDB8G3tScxILi1BRfsEwJg4BPVmJZon5OYl66vk9+Xrp1RRGDFNSy5Py84vycVD1nCI1qPENFAZCOK8l57wh0Hx/IFD2QKXpgU7qfTDjTr3yfiYHRi4G1LDGnNBVorgBCkV9pblJqUduaqbLcUx50Q00DAVdmABikhpTyAAAA[0m[INFO] Using easyb dependency org.easyb:easyb-core:jar:1.6:compile
[8mha:////4E7BVc5Ye5k5AcAj1hIwBFoTP4BzkHwova7X+k4XdPbaAAAAyx+LCAAAAAAAAP9b85aBtbiIQSOjNKU4P0+vIKc0PTOvWK8kMze1uCQxtyC1SC8ExvbLL0llgABGJgYmLwaB3MycnMzi4My85FTXgvzkDB8G3tScxILi1BRfsEwJg4BPVmJZon5OYl66vk9+Xrp1RRGDFNSy5Py84vycVD1nCI1qPENFAZCOK8l57wR0Hx/IFD2QKXpgU7qfTDjTr3yfiYHRi4G1LDGnNBVorgBCkV9pblJqUduaqbLcUx50Q00DAVcWAEio6dbyAAAA[0m[INFO] Using easyb dependency org.easyb:easyb-composite-groovy:pom:1.2:compile
[8mha:////4O4dksnK6SwyBmCa1P7ngR5OD5Pwdaq4ErXDuV8lPojtAAAAyx+LCAAAAAAAAP9b85aBtbiIQSOjNKU4P0+vIKc0PTOvWK8kMze1uCQxtyC1SC8ExvbLL0llgABGJgYmLwaB3MycnMzi4My85FTXgvzkDB8G3tScxILi1BRfsEwJg4BPVmJZon5OYl66vk9+Xrp1RRGDFNSy5Py84vycVD1nCI1qPENFAZCOK8l57wx0Hx/IFD2QKXpgU7qfTDjTr3yfiYHRi4G1LDGnNBVorgBCkV9pblJqUduaqbLcUx50Q00DAVdWAI/vF+ryAAAA[0m[INFO] Using easyb dependency org.codehaus.groovy:groovy-all:jar:2.3.6:compile
[8mha:////4O4dksnK6SwyBmCa1P7ngR5OD5Pwdaq4ErXDuV8lPojtAAAAyx+LCAAAAAAAAP9b85aBtbiIQSOjNKU4P0+vIKc0PTOvWK8kMze1uCQxtyC1SC8ExvbLL0llgABGJgYmLwaB3MycnMzi4My85FTXgvzkDB8G3tScxILi1BRfsEwJg4BPVmJZon5OYl66vk9+Xrp1RRGDFNSy5Py84vycVD1nCI1qPENFAZCOK8l57wx0Hx/IFD2QKXpgU7qfTDjTr3yfiYHRi4G1LDGnNBVorgBCkV9pblJqUduaqbLcUx50Q00DAVdWAI/vF+ryAAAA[0m[INFO] Using easyb dependency org.easyb:easyb-ast:jar:1.1:compile
[8mha:////4O4dksnK6SwyBmCa1P7ngR5OD5Pwdaq4ErXDuV8lPojtAAAAyx+LCAAAAAAAAP9b85aBtbiIQSOjNKU4P0+vIKc0PTOvWK8kMze1uCQxtyC1SC8ExvbLL0llgABGJgYmLwaB3MycnMzi4My85FTXgvzkDB8G3tScxILi1BRfsEwJg4BPVmJZon5OYl66vk9+Xrp1RRGDFNSy5Py84vycVD1nCI1qPENFAZCOK8l57wx0Hx/IFD2QKXpgU7qfTDjTr3yfiYHRi4G1LDGnNBVorgBCkV9pblJqUduaqbLcUx50Q00DAVdWAI/vF+ryAAAA[0m[INFO] Using easyb dependency commons-cli:commons-cli:jar:1.2:compile
[8mha:////4O4dksnK6SwyBmCa1P7ngR5OD5Pwdaq4ErXDuV8lPojtAAAAyx+LCAAAAAAAAP9b85aBtbiIQSOjNKU4P0+vIKc0PTOvWK8kMze1uCQxtyC1SC8ExvbLL0llgABGJgYmLwaB3MycnMzi4My85FTXgvzkDB8G3tScxILi1BRfsEwJg4BPVmJZon5OYl66vk9+Xrp1RRGDFNSy5Py84vycVD1nCI1qPENFAZCOK8l57wx0Hx/IFD2QKXpgU7qfTDjTr3yfiYHRi4G1LDGnNBVorgBCkV9pblJqUduaqbLcUx50Q00DAVdWAI/vF+ryAAAA[0m[INFO] Using easyb dependency commons-lang:commons-lang:jar:2.5:compile
[8mha:////4Os8vbFQdT62C7MfmG7GqRxKt1rKnOYhuHweOcY1DZFkAAAAyx+LCAAAAAAAAP9b85aBtbiIQSOjNKU4P0+vIKc0PTOvWK8kMze1uCQxtyC1SC8ExvbLL0llgABGJgYmLwaB3MycnMzi4My85FTXgvzkDB8G3tScxILi1BRfsEwJg4BPVmJZon5OYl66vk9+Xrp1RRGDFNSy5Py84vycVD1nCI1qPENFAZCOK8n50gN0Hx/IFD2QKXpgU7qfTDjTr3yfiYHRi4G1LDGnNBVorgBCkV9pblJqUduaqbLcUx50Q00DAS8/AEj6x5DyAAAA[0m     [java] Running counting things story (/var/lib/jenkins/workspace/CTC_Demo/gameoflife-core/src/test/stories/CountingThings.story)
[8mha:////4E7fI/mDMnTwPR7phXlOiyK8+iFrmguS2tjnAHhD1OFXAAAAyx+LCAAAAAAAAP9b85aBtbiIQSOjNKU4P0+vIKc0PTOvWK8kMze1uCQxtyC1SC8ExvbLL0llgABGJgYmLwaB3MycnMzi4My85FTXgvzkDB8G3tScxILi1BRfsEwJg4BPVmJZon5OYl66vk9+Xrp1RRGDFNSy5Py84vycVD1nCI1qPENFAZCOK8n5IQt0Hx/IFD2QKXpgU7qfTDjTr3yfiYHRi4G1LDGnNBVorgBCkV9pblJqUduaqbLcUx50Q00DAd/7AFRwDXXyAAAA[0m     [java] Scenarios run: 1, Failures: 0, Pending: 0, Time elapsed: 0.762 sec
[8mha:////4Pmj75LcR+w9Jk0PC6M7/JHXBYw3XVKnZL7LfHtrDnDmAAAAyx+LCAAAAAAAAP9b85aBtbiIQSOjNKU4P0+vIKc0PTOvWK8kMze1uCQxtyC1SC8ExvbLL0llgABGJgYmLwaB3MycnMzi4My85FTXgvzkDB8G3tScxILi1BRfsEwJg4BPVmJZon5OYl66vk9+Xrp1RRGDFNSy5Py84vycVD1nCI1qPENFAZCOK8n5IQd0Hx/IFD2QKXpgU7qfTDjTr3yfiYHRi4G1LDGnNBVorgBCkV9pblJqUduaqbLcUx50Q00DAd8HAJrEYB/yAAAA[0m     [java] Running multiplying things story (/var/lib/jenkins/workspace/CTC_Demo/gameoflife-core/src/test/stories/MultiplyingThings.story)
[8mha:////4Pmj75LcR+w9Jk0PC6M7/JHXBYw3XVKnZL7LfHtrDnDmAAAAyx+LCAAAAAAAAP9b85aBtbiIQSOjNKU4P0+vIKc0PTOvWK8kMze1uCQxtyC1SC8ExvbLL0llgABGJgYmLwaB3MycnMzi4My85FTXgvzkDB8G3tScxILi1BRfsEwJg4BPVmJZon5OYl66vk9+Xrp1RRGDFNSy5Py84vycVD1nCI1qPENFAZCOK8n5IQd0Hx/IFD2QKXpgU7qfTDjTr3yfiYHRi4G1LDGnNBVorgBCkV9pblJqUduaqbLcUx50Q00DAd8HAJrEYB/yAAAA[0m     [java] Scenarios run: 1, Failures: 0, Pending: 1, Time elapsed: 0.031 sec
[8mha:////4Pmj75LcR+w9Jk0PC6M7/JHXBYw3XVKnZL7LfHtrDnDmAAAAyx+LCAAAAAAAAP9b85aBtbiIQSOjNKU4P0+vIKc0PTOvWK8kMze1uCQxtyC1SC8ExvbLL0llgABGJgYmLwaB3MycnMzi4My85FTXgvzkDB8G3tScxILi1BRfsEwJg4BPVmJZon5OYl66vk9+Xrp1RRGDFNSy5Py84vycVD1nCI1qPENFAZCOK8n5IQd0Hx/IFD2QKXpgU7qfTDjTr3yfiYHRi4G1LDGnNBVorgBCkV9pblJqUduaqbLcUx50Q00DAd8HAJrEYB/yAAAA[0m     [java] 2 total behaviors ran with no failures
[8mha:////4PAvnNd/+q1QO7IGZvByB3S441MdKtcwpF8AbQbc8GR8AAAAyx+LCAAAAAAAAP9b85aBtbiIQSOjNKU4P0+vIKc0PTOvWK8kMze1uCQxtyC1SC8ExvbLL0llgABGJgYmLwaB3MycnMzi4My85FTXgvzkDB8G3tScxILi1BRfsEwJg4BPVmJZon5OYl66vk9+Xrp1RRGDFNSy5Py84vycVD1nCI1qPENFAZCOK8n55Q50Hx/IFD2QKXpgU7qfTDjTr3yfiYHRi4G1LDGnNBVorgBCkV9pblJqUduaqbLcUx50Q00DgQBOAOXhMVXyAAAA[0m     [java] Writing JUnit report to /var/lib/jenkins/workspace/CTC_Demo/gameoflife-core/target/surefire-reports/TEST-behavior.CountingThings.xml
[8mha:////4Dr9sqhbyBwoB2+rIK0/P4oONy5iE9X8jpk6l9zuS/tKAAAAyx+LCAAAAAAAAP9b85aBtbiIQSOjNKU4P0+vIKc0PTOvWK8kMze1uCQxtyC1SC8ExvbLL0llgABGJgYmLwaB3MycnMzi4My85FTXgvzkDB8G3tScxILi1BRfsEwJg4BPVmJZon5OYl66vk9+Xrp1RRGDFNSy5Py84vycVD1nCI1qPENFAZCOK8n55QF0Hx/IFD2QKXpgU7qfTDjTr3yfiYHRi4G1LDGnNBVorgBCkV9pblJqUduaqbLcUx50Q00DgQAuAOJC/9byAAAA[0m     [java] JUnit report written to /var/lib/jenkins/workspace/CTC_Demo/gameoflife-core/target/surefire-reports/TEST-behavior.CountingThings.xml
[8mha:////4Dr9sqhbyBwoB2+rIK0/P4oONy5iE9X8jpk6l9zuS/tKAAAAyx+LCAAAAAAAAP9b85aBtbiIQSOjNKU4P0+vIKc0PTOvWK8kMze1uCQxtyC1SC8ExvbLL0llgABGJgYmLwaB3MycnMzi4My85FTXgvzkDB8G3tScxILi1BRfsEwJg4BPVmJZon5OYl66vk9+Xrp1RRGDFNSy5Py84vycVD1nCI1qPENFAZCOK8n55QF0Hx/IFD2QKXpgU7qfTDjTr3yfiYHRi4G1LDGnNBVorgBCkV9pblJqUduaqbLcUx50Q00DgQAuAOJC/9byAAAA[0m     [java] Writing JUnit report to /var/lib/jenkins/workspace/CTC_Demo/gameoflife-core/target/surefire-reports/TEST-behavior.MultiplyingThings.xml
[8mha:////4Dr9sqhbyBwoB2+rIK0/P4oONy5iE9X8jpk6l9zuS/tKAAAAyx+LCAAAAAAAAP9b85aBtbiIQSOjNKU4P0+vIKc0PTOvWK8kMze1uCQxtyC1SC8ExvbLL0llgABGJgYmLwaB3MycnMzi4My85FTXgvzkDB8G3tScxILi1BRfsEwJg4BPVmJZon5OYl66vk9+Xrp1RRGDFNSy5Py84vycVD1nCI1qPENFAZCOK8n55QF0Hx/IFD2QKXpgU7qfTDjTr3yfiYHRi4G1LDGnNBVorgBCkV9pblJqUduaqbLcUx50Q00DgQAuAOJC/9byAAAA[0m     [java] JUnit report written to /var/lib/jenkins/workspace/CTC_Demo/gameoflife-core/target/surefire-reports/TEST-behavior.MultiplyingThings.xml
[8mha:////4JkHy/5RcN6kJQw7H3ekWKNpnf6jwfxYX75e6RstIUdPAAAAyx+LCAAAAAAAAP9b85aBtbiIQSOjNKU4P0+vIKc0PTOvWK8kMze1uCQxtyC1SC8ExvbLL0llgABGJgYmLwaB3MycnMzi4My85FTXgvzkDB8G3tScxILi1BRfsEwJg4BPVmJZon5OYl66vk9+Xrp1RRGDFNSy5Py84vycVD1nCI1qPENFAZCOK8n5+xDoPj6QKXogU/TApnQ/mXCmX/k+EwOjFwNrWWJOaSrQXAGEIr/S3KTUorY1U2W5pzzohpoGAsGLAQLMhCXyAAAA[0m[INFO] 
[8mha:////4JkHy/5RcN6kJQw7H3ekWKNpnf6jwfxYX75e6RstIUdPAAAAyx+LCAAAAAAAAP9b85aBtbiIQSOjNKU4P0+vIKc0PTOvWK8kMze1uCQxtyC1SC8ExvbLL0llgABGJgYmLwaB3MycnMzi4My85FTXgvzkDB8G3tScxILi1BRfsEwJg4BPVmJZon5OYl66vk9+Xrp1RRGDFNSy5Py84vycVD1nCI1qPENFAZCOK8n5+xDoPj6QKXogU/TApnQ/mXCmX/k+EwOjFwNrWWJOaSrQXAGEIr/S3KTUorY1U2W5pzzohpoGAsGLAQLMhCXyAAAA[0m[INFO] --- maven-jar-plugin:2.4:jar (default-jar) @ gameoflife-core ---
[8mha:////4JkHy/5RcN6kJQw7H3ekWKNpnf6jwfxYX75e6RstIUdPAAAAyx+LCAAAAAAAAP9b85aBtbiIQSOjNKU4P0+vIKc0PTOvWK8kMze1uCQxtyC1SC8ExvbLL0llgABGJgYmLwaB3MycnMzi4My85FTXgvzkDB8G3tScxILi1BRfsEwJg4BPVmJZon5OYl66vk9+Xrp1RRGDFNSy5Py84vycVD1nCI1qPENFAZCOK8n5+xDoPj6QKXogU/TApnQ/mXCmX/k+EwOjFwNrWWJOaSrQXAGEIr/S3KTUorY1U2W5pzzohpoGAsGLAQLMhCXyAAAA[0m[INFO] Building jar: /var/lib/jenkins/workspace/CTC_Demo/gameoflife-core/target/gameoflife-core-1.0-SNAPSHOT.jar
[8mha:////4JkHy/5RcN6kJQw7H3ekWKNpnf6jwfxYX75e6RstIUdPAAAAyx+LCAAAAAAAAP9b85aBtbiIQSOjNKU4P0+vIKc0PTOvWK8kMze1uCQxtyC1SC8ExvbLL0llgABGJgYmLwaB3MycnMzi4My85FTXgvzkDB8G3tScxILi1BRfsEwJg4BPVmJZon5OYl66vk9+Xrp1RRGDFNSy5Py84vycVD1nCI1qPENFAZCOK8n5+xDoPj6QKXogU/TApnQ/mXCmX/k+EwOjFwNrWWJOaSrQXAGEIr/S3KTUorY1U2W5pzzohpoGAsGLAQLMhCXyAAAA[0m[INFO] 
[8mha:////4JkHy/5RcN6kJQw7H3ekWKNpnf6jwfxYX75e6RstIUdPAAAAyx+LCAAAAAAAAP9b85aBtbiIQSOjNKU4P0+vIKc0PTOvWK8kMze1uCQxtyC1SC8ExvbLL0llgABGJgYmLwaB3MycnMzi4My85FTXgvzkDB8G3tScxILi1BRfsEwJg4BPVmJZon5OYl66vk9+Xrp1RRGDFNSy5Py84vycVD1nCI1qPENFAZCOK8n5+xDoPj6QKXogU/TApnQ/mXCmX/k+EwOjFwNrWWJOaSrQXAGEIr/S3KTUorY1U2W5pzzohpoGAsGLAQLMhCXyAAAA[0m[INFO] ------------------------------------------------------------------------
[8mha:////4JkHy/5RcN6kJQw7H3ekWKNpnf6jwfxYX75e6RstIUdPAAAAyx+LCAAAAAAAAP9b85aBtbiIQSOjNKU4P0+vIKc0PTOvWK8kMze1uCQxtyC1SC8ExvbLL0llgABGJgYmLwaB3MycnMzi4My85FTXgvzkDB8G3tScxILi1BRfsEwJg4BPVmJZon5OYl66vk9+Xrp1RRGDFNSy5Py84vycVD1nCI1qPENFAZCOK8n5+xDoPj6QKXogU/TApnQ/mXCmX/k+EwOjFwNrWWJOaSrQXAGEIr/S3KTUorY1U2W5pzzohpoGAsGLAQLMhCXyAAAA[0m[INFO] Building gameoflife-web 1.0-SNAPSHOT
[8mha:////4JkHy/5RcN6kJQw7H3ekWKNpnf6jwfxYX75e6RstIUdPAAAAyx+LCAAAAAAAAP9b85aBtbiIQSOjNKU4P0+vIKc0PTOvWK8kMze1uCQxtyC1SC8ExvbLL0llgABGJgYmLwaB3MycnMzi4My85FTXgvzkDB8G3tScxILi1BRfsEwJg4BPVmJZon5OYl66vk9+Xrp1RRGDFNSy5Py84vycVD1nCI1qPENFAZCOK8n5+xDoPj6QKXogU/TApnQ/mXCmX/k+EwOjFwNrWWJOaSrQXAGEIr/S3KTUorY1U2W5pzzohpoGAsGLAQLMhCXyAAAA[0m[INFO] ------------------------------------------------------------------------
[8mha:////4JkHy/5RcN6kJQw7H3ekWKNpnf6jwfxYX75e6RstIUdPAAAAyx+LCAAAAAAAAP9b85aBtbiIQSOjNKU4P0+vIKc0PTOvWK8kMze1uCQxtyC1SC8ExvbLL0llgABGJgYmLwaB3MycnMzi4My85FTXgvzkDB8G3tScxILi1BRfsEwJg4BPVmJZon5OYl66vk9+Xrp1RRGDFNSy5Py84vycVD1nCI1qPENFAZCOK8n5+xDoPj6QKXogU/TApnQ/mXCmX/k+EwOjFwNrWWJOaSrQXAGEIr/S3KTUorY1U2W5pzzohpoGAsGLAQLMhCXyAAAA[0m[INFO] 
[8mha:////4JkHy/5RcN6kJQw7H3ekWKNpnf6jwfxYX75e6RstIUdPAAAAyx+LCAAAAAAAAP9b85aBtbiIQSOjNKU4P0+vIKc0PTOvWK8kMze1uCQxtyC1SC8ExvbLL0llgABGJgYmLwaB3MycnMzi4My85FTXgvzkDB8G3tScxILi1BRfsEwJg4BPVmJZon5OYl66vk9+Xrp1RRGDFNSy5Py84vycVD1nCI1qPENFAZCOK8n5+xDoPj6QKXogU/TApnQ/mXCmX/k+EwOjFwNrWWJOaSrQXAGEIr/S3KTUorY1U2W5pzzohpoGAsGLAQLMhCXyAAAA[0m[INFO] --- maven-clean-plugin:2.5:clean (default-clean) @ gameoflife-web ---
[8mha:////4HbqH8owQlOogeYNw3Cnn3YDtkjKwgrbjWUX7cbgITPyAAAAyx+LCAAAAAAAAP9b85aBtbiIQSOjNKU4P0+vIKc0PTOvWK8kMze1uCQxtyC1SC8ExvbLL0llgABGJgYmLwaB3MycnMzi4My85FTXgvzkDB8G3tScxILi1BRfsEwJg4BPVmJZon5OYl66vk9+Xrp1RRGDFNSy5Py84vycVD1nCI1qPENFAZCOK8n5+wjoPj6QKXogU/TApnQ/mXCmX/k+EwOjFwNrWWJOaSrQXAGEIr/S3KTUorY1U2W5pzzohpoGAsFLAFLA62fyAAAA[0m[INFO] Deleting /var/lib/jenkins/workspace/CTC_Demo/gameoflife-web/target
[8mha:////4HbqH8owQlOogeYNw3Cnn3YDtkjKwgrbjWUX7cbgITPyAAAAyx+LCAAAAAAAAP9b85aBtbiIQSOjNKU4P0+vIKc0PTOvWK8kMze1uCQxtyC1SC8ExvbLL0llgABGJgYmLwaB3MycnMzi4My85FTXgvzkDB8G3tScxILi1BRfsEwJg4BPVmJZon5OYl66vk9+Xrp1RRGDFNSy5Py84vycVD1nCI1qPENFAZCOK8n5+wjoPj6QKXogU/TApnQ/mXCmX/k+EwOjFwNrWWJOaSrQXAGEIr/S3KTUorY1U2W5pzzohpoGAsFLAFLA62fyAAAA[0m[INFO] 
[8mha:////4HbqH8owQlOogeYNw3Cnn3YDtkjKwgrbjWUX7cbgITPyAAAAyx+LCAAAAAAAAP9b85aBtbiIQSOjNKU4P0+vIKc0PTOvWK8kMze1uCQxtyC1SC8ExvbLL0llgABGJgYmLwaB3MycnMzi4My85FTXgvzkDB8G3tScxILi1BRfsEwJg4BPVmJZon5OYl66vk9+Xrp1RRGDFNSy5Py84vycVD1nCI1qPENFAZCOK8n5+wjoPj6QKXogU/TApnQ/mXCmX/k+EwOjFwNrWWJOaSrQXAGEIr/S3KTUorY1U2W5pzzohpoGAsFLAFLA62fyAAAA[0m[INFO] --- maven-enforcer-plugin:1.0:enforce (enforce-versions) @ gameoflife-web ---
[8mha:////4HbqH8owQlOogeYNw3Cnn3YDtkjKwgrbjWUX7cbgITPyAAAAyx+LCAAAAAAAAP9b85aBtbiIQSOjNKU4P0+vIKc0PTOvWK8kMze1uCQxtyC1SC8ExvbLL0llgABGJgYmLwaB3MycnMzi4My85FTXgvzkDB8G3tScxILi1BRfsEwJg4BPVmJZon5OYl66vk9+Xrp1RRGDFNSy5Py84vycVD1nCI1qPENFAZCOK8n5+wjoPj6QKXogU/TApnQ/mXCmX/k+EwOjFwNrWWJOaSrQXAGEIr/S3KTUorY1U2W5pzzohpoGAsFLAFLA62fyAAAA[0m[INFO] 
[8mha:////4HbqH8owQlOogeYNw3Cnn3YDtkjKwgrbjWUX7cbgITPyAAAAyx+LCAAAAAAAAP9b85aBtbiIQSOjNKU4P0+vIKc0PTOvWK8kMze1uCQxtyC1SC8ExvbLL0llgABGJgYmLwaB3MycnMzi4My85FTXgvzkDB8G3tScxILi1BRfsEwJg4BPVmJZon5OYl66vk9+Xrp1RRGDFNSy5Py84vycVD1nCI1qPENFAZCOK8n5+wjoPj6QKXogU/TApnQ/mXCmX/k+EwOjFwNrWWJOaSrQXAGEIr/S3KTUorY1U2W5pzzohpoGAsFLAFLA62fyAAAA[0m[INFO] --- maven-resources-plugin:2.6:resources (default-resources) @ gameoflife-web ---
[8mha:////4HbqH8owQlOogeYNw3Cnn3YDtkjKwgrbjWUX7cbgITPyAAAAyx+LCAAAAAAAAP9b85aBtbiIQSOjNKU4P0+vIKc0PTOvWK8kMze1uCQxtyC1SC8ExvbLL0llgABGJgYmLwaB3MycnMzi4My85FTXgvzkDB8G3tScxILi1BRfsEwJg4BPVmJZon5OYl66vk9+Xrp1RRGDFNSy5Py84vycVD1nCI1qPENFAZCOK8n5+wjoPj6QKXogU/TApnQ/mXCmX/k+EwOjFwNrWWJOaSrQXAGEIr/S3KTUorY1U2W5pzzohpoGAsFLAFLA62fyAAAA[0m[INFO] Using 'UTF-8' encoding to copy filtered resources.
[8mha:////4HbqH8owQlOogeYNw3Cnn3YDtkjKwgrbjWUX7cbgITPyAAAAyx+LCAAAAAAAAP9b85aBtbiIQSOjNKU4P0+vIKc0PTOvWK8kMze1uCQxtyC1SC8ExvbLL0llgABGJgYmLwaB3MycnMzi4My85FTXgvzkDB8G3tScxILi1BRfsEwJg4BPVmJZon5OYl66vk9+Xrp1RRGDFNSy5Py84vycVD1nCI1qPENFAZCOK8n5+wjoPj6QKXogU/TApnQ/mXCmX/k+EwOjFwNrWWJOaSrQXAGEIr/S3KTUorY1U2W5pzzohpoGAsFLAFLA62fyAAAA[0m[INFO] Copying 1 resource
[8mha:////4HbqH8owQlOogeYNw3Cnn3YDtkjKwgrbjWUX7cbgITPyAAAAyx+LCAAAAAAAAP9b85aBtbiIQSOjNKU4P0+vIKc0PTOvWK8kMze1uCQxtyC1SC8ExvbLL0llgABGJgYmLwaB3MycnMzi4My85FTXgvzkDB8G3tScxILi1BRfsEwJg4BPVmJZon5OYl66vk9+Xrp1RRGDFNSy5Py84vycVD1nCI1qPENFAZCOK8n5+wjoPj6QKXogU/TApnQ/mXCmX/k+EwOjFwNrWWJOaSrQXAGEIr/S3KTUorY1U2W5pzzohpoGAsFLAFLA62fyAAAA[0m[INFO] 
[8mha:////4HbqH8owQlOogeYNw3Cnn3YDtkjKwgrbjWUX7cbgITPyAAAAyx+LCAAAAAAAAP9b85aBtbiIQSOjNKU4P0+vIKc0PTOvWK8kMze1uCQxtyC1SC8ExvbLL0llgABGJgYmLwaB3MycnMzi4My85FTXgvzkDB8G3tScxILi1BRfsEwJg4BPVmJZon5OYl66vk9+Xrp1RRGDFNSy5Py84vycVD1nCI1qPENFAZCOK8n5+wjoPj6QKXogU/TApnQ/mXCmX/k+EwOjFwNrWWJOaSrQXAGEIr/S3KTUorY1U2W5pzzohpoGAsFLAFLA62fyAAAA[0m[INFO] --- jacoco-maven-plugin:0.7.2.201409121644:prepare-agent (jacoco-initialize) @ gameoflife-web ---
[8mha:////4HbqH8owQlOogeYNw3Cnn3YDtkjKwgrbjWUX7cbgITPyAAAAyx+LCAAAAAAAAP9b85aBtbiIQSOjNKU4P0+vIKc0PTOvWK8kMze1uCQxtyC1SC8ExvbLL0llgABGJgYmLwaB3MycnMzi4My85FTXgvzkDB8G3tScxILi1BRfsEwJg4BPVmJZon5OYl66vk9+Xrp1RRGDFNSy5Py84vycVD1nCI1qPENFAZCOK8n5+wjoPj6QKXogU/TApnQ/mXCmX/k+EwOjFwNrWWJOaSrQXAGEIr/S3KTUorY1U2W5pzzohpoGAsFLAFLA62fyAAAA[0m[INFO] argLine set to -javaagent:/var/lib/jenkins/.m2/repository/org/jacoco/org.jacoco.agent/0.7.2.201409121644/org.jacoco.agent-0.7.2.201409121644-runtime.jar=destfile=/var/lib/jenkins/workspace/CTC_Demo/gameoflife-web/target/jacoco.exec
[8mha:////4HbqH8owQlOogeYNw3Cnn3YDtkjKwgrbjWUX7cbgITPyAAAAyx+LCAAAAAAAAP9b85aBtbiIQSOjNKU4P0+vIKc0PTOvWK8kMze1uCQxtyC1SC8ExvbLL0llgABGJgYmLwaB3MycnMzi4My85FTXgvzkDB8G3tScxILi1BRfsEwJg4BPVmJZon5OYl66vk9+Xrp1RRGDFNSy5Py84vycVD1nCI1qPENFAZCOK8n5+wjoPj6QKXogU/TApnQ/mXCmX/k+EwOjFwNrWWJOaSrQXAGEIr/S3KTUorY1U2W5pzzohpoGAsFLAFLA62fyAAAA[0m[INFO] 
[8mha:////4HbqH8owQlOogeYNw3Cnn3YDtkjKwgrbjWUX7cbgITPyAAAAyx+LCAAAAAAAAP9b85aBtbiIQSOjNKU4P0+vIKc0PTOvWK8kMze1uCQxtyC1SC8ExvbLL0llgABGJgYmLwaB3MycnMzi4My85FTXgvzkDB8G3tScxILi1BRfsEwJg4BPVmJZon5OYl66vk9+Xrp1RRGDFNSy5Py84vycVD1nCI1qPENFAZCOK8n5+wjoPj6QKXogU/TApnQ/mXCmX/k+EwOjFwNrWWJOaSrQXAGEIr/S3KTUorY1U2W5pzzohpoGAsFLAFLA62fyAAAA[0m[INFO] --- maven-compiler-plugin:3.1:compile (default-compile) @ gameoflife-web ---
[8mha:////4HbqH8owQlOogeYNw3Cnn3YDtkjKwgrbjWUX7cbgITPyAAAAyx+LCAAAAAAAAP9b85aBtbiIQSOjNKU4P0+vIKc0PTOvWK8kMze1uCQxtyC1SC8ExvbLL0llgABGJgYmLwaB3MycnMzi4My85FTXgvzkDB8G3tScxILi1BRfsEwJg4BPVmJZon5OYl66vk9+Xrp1RRGDFNSy5Py84vycVD1nCI1qPENFAZCOK8n5+wjoPj6QKXogU/TApnQ/mXCmX/k+EwOjFwNrWWJOaSrQXAGEIr/S3KTUorY1U2W5pzzohpoGAsFLAFLA62fyAAAA[0m[INFO] Changes detected - recompiling the module!
[8mha:////4HbqH8owQlOogeYNw3Cnn3YDtkjKwgrbjWUX7cbgITPyAAAAyx+LCAAAAAAAAP9b85aBtbiIQSOjNKU4P0+vIKc0PTOvWK8kMze1uCQxtyC1SC8ExvbLL0llgABGJgYmLwaB3MycnMzi4My85FTXgvzkDB8G3tScxILi1BRfsEwJg4BPVmJZon5OYl66vk9+Xrp1RRGDFNSy5Py84vycVD1nCI1qPENFAZCOK8n5+wjoPj6QKXogU/TApnQ/mXCmX/k+EwOjFwNrWWJOaSrQXAGEIr/S3KTUorY1U2W5pzzohpoGAsFLAFLA62fyAAAA[0m[INFO] Compiling 2 source files to /var/lib/jenkins/workspace/CTC_Demo/gameoflife-web/target/classes
[8mha:////4JXeCQ54Qr/6gsJt8arjmbQFypqMhoIRiQ/cxdXBu2QVAAAAyx+LCAAAAAAAAP9b85aBtbiIQSOjNKU4P0+vIKc0PTOvWK8kMze1uCQxtyC1SC8ExvbLL0llgABGJgYmLwaB3MycnMzi4My85FTXgvzkDB8G3tScxILi1BRfsEwJg4BPVmJZon5OYl66vk9+Xrp1RRGDFNSy5Py84vycVD1nCI1qPENFAZCOK8n5dxfoPj6QKXogU/TApnQ/mXCmX/k+EwOjFwNrWWJOaSrQXAGEIr/S3KTUorY1U2W5pzzohpoGAiHzAYlE3QryAAAA[0m[INFO] 
[8mha:////4BVakiPhnl/AwwpbqPlqizXHf7qEqKnZrqXuEWN6qNOeAAAAyx+LCAAAAAAAAP9b85aBtbiIQSOjNKU4P0+vIKc0PTOvWK8kMze1uCQxtyC1SC8ExvbLL0llgABGJgYmLwaB3MycnMzi4My85FTXgvzkDB8G3tScxILi1BRfsEwJg4BPVmJZon5OYl66vk9+Xrp1RRGDFNSy5Py84vycVD1nCI1qPENFAZCOK8n5dw/oPj6QKXogU/TApnQ/mXCmX/k+EwOjFwNrWWJOaSrQXAGEIr/S3KTUorY1U2W5pzzohpoGAiELAEfwsGDyAAAA[0m[INFO] --- maven-resources-plugin:2.6:testResources (default-testResources) @ gameoflife-web ---
[8mha:////4BVakiPhnl/AwwpbqPlqizXHf7qEqKnZrqXuEWN6qNOeAAAAyx+LCAAAAAAAAP9b85aBtbiIQSOjNKU4P0+vIKc0PTOvWK8kMze1uCQxtyC1SC8ExvbLL0llgABGJgYmLwaB3MycnMzi4My85FTXgvzkDB8G3tScxILi1BRfsEwJg4BPVmJZon5OYl66vk9+Xrp1RRGDFNSy5Py84vycVD1nCI1qPENFAZCOK8n5dw/oPj6QKXogU/TApnQ/mXCmX/k+EwOjFwNrWWJOaSrQXAGEIr/S3KTUorY1U2W5pzzohpoGAiELAEfwsGDyAAAA[0m[INFO] Using 'UTF-8' encoding to copy filtered resources.
[8mha:////4BVakiPhnl/AwwpbqPlqizXHf7qEqKnZrqXuEWN6qNOeAAAAyx+LCAAAAAAAAP9b85aBtbiIQSOjNKU4P0+vIKc0PTOvWK8kMze1uCQxtyC1SC8ExvbLL0llgABGJgYmLwaB3MycnMzi4My85FTXgvzkDB8G3tScxILi1BRfsEwJg4BPVmJZon5OYl66vk9+Xrp1RRGDFNSy5Py84vycVD1nCI1qPENFAZCOK8n5dw/oPj6QKXogU/TApnQ/mXCmX/k+EwOjFwNrWWJOaSrQXAGEIr/S3KTUorY1U2W5pzzohpoGAiELAEfwsGDyAAAA[0m[INFO] skip non existing resourceDirectory /var/lib/jenkins/workspace/CTC_Demo/gameoflife-web/src/test/resources
[8mha:////4BVakiPhnl/AwwpbqPlqizXHf7qEqKnZrqXuEWN6qNOeAAAAyx+LCAAAAAAAAP9b85aBtbiIQSOjNKU4P0+vIKc0PTOvWK8kMze1uCQxtyC1SC8ExvbLL0llgABGJgYmLwaB3MycnMzi4My85FTXgvzkDB8G3tScxILi1BRfsEwJg4BPVmJZon5OYl66vk9+Xrp1RRGDFNSy5Py84vycVD1nCI1qPENFAZCOK8n5dw/oPj6QKXogU/TApnQ/mXCmX/k+EwOjFwNrWWJOaSrQXAGEIr/S3KTUorY1U2W5pzzohpoGAiELAEfwsGDyAAAA[0m[INFO] 
[8mha:////4BVakiPhnl/AwwpbqPlqizXHf7qEqKnZrqXuEWN6qNOeAAAAyx+LCAAAAAAAAP9b85aBtbiIQSOjNKU4P0+vIKc0PTOvWK8kMze1uCQxtyC1SC8ExvbLL0llgABGJgYmLwaB3MycnMzi4My85FTXgvzkDB8G3tScxILi1BRfsEwJg4BPVmJZon5OYl66vk9+Xrp1RRGDFNSy5Py84vycVD1nCI1qPENFAZCOK8n5dw/oPj6QKXogU/TApnQ/mXCmX/k+EwOjFwNrWWJOaSrQXAGEIr/S3KTUorY1U2W5pzzohpoGAiELAEfwsGDyAAAA[0m[INFO] --- maven-compiler-plugin:3.1:testCompile (default-testCompile) @ gameoflife-web ---
[8mha:////4BVakiPhnl/AwwpbqPlqizXHf7qEqKnZrqXuEWN6qNOeAAAAyx+LCAAAAAAAAP9b85aBtbiIQSOjNKU4P0+vIKc0PTOvWK8kMze1uCQxtyC1SC8ExvbLL0llgABGJgYmLwaB3MycnMzi4My85FTXgvzkDB8G3tScxILi1BRfsEwJg4BPVmJZon5OYl66vk9+Xrp1RRGDFNSy5Py84vycVD1nCI1qPENFAZCOK8n5dw/oPj6QKXogU/TApnQ/mXCmX/k+EwOjFwNrWWJOaSrQXAGEIr/S3KTUorY1U2W5pzzohpoGAiELAEfwsGDyAAAA[0m[INFO] Changes detected - recompiling the module!
[8mha:////4BVakiPhnl/AwwpbqPlqizXHf7qEqKnZrqXuEWN6qNOeAAAAyx+LCAAAAAAAAP9b85aBtbiIQSOjNKU4P0+vIKc0PTOvWK8kMze1uCQxtyC1SC8ExvbLL0llgABGJgYmLwaB3MycnMzi4My85FTXgvzkDB8G3tScxILi1BRfsEwJg4BPVmJZon5OYl66vk9+Xrp1RRGDFNSy5Py84vycVD1nCI1qPENFAZCOK8n5dw/oPj6QKXogU/TApnQ/mXCmX/k+EwOjFwNrWWJOaSrQXAGEIr/S3KTUorY1U2W5pzzohpoGAiELAEfwsGDyAAAA[0m[INFO] Compiling 3 source files to /var/lib/jenkins/workspace/CTC_Demo/gameoflife-web/target/test-classes
[8mha:////4EYjK8yQJsQYlchhXDWTJPZZ6x0sA+WWO43F4vwIiKltAAAAyx+LCAAAAAAAAP9b85aBtbiIQSOjNKU4P0+vIKc0PTOvWK8kMze1uCQxtyC1SC8ExvbLL0llgABGJgYmLwaB3MycnMzi4My85FTXgvzkDB8G3tScxILi1BRfsEwJg4BPVmJZon5OYl66vk9+Xrp1RRGDFNSy5Py84vycVD1nCI1qPENFAZCOK8n5fwvoPj6QKXogU/TApnQ/mXCmX/k+EwOjFwNrWWJOaSrQXAGEIr/S3KTUorY1U2W5pzzohpoGAqFzAJH+d77yAAAA[0m[INFO] 
[8mha:////4K1W0r1Ep3DyMUP1YvWSE756OFz+txRn37407gYpGumfAAAAyx+LCAAAAAAAAP9b85aBtbiIQSOjNKU4P0+vIKc0PTOvWK8kMze1uCQxtyC1SC8ExvbLL0llgABGJgYmLwaB3MycnMzi4My85FTXgvzkDB8G3tScxILi1BRfsEwJg4BPVmJZon5OYl66vk9+Xrp1RRGDFNSy5Py84vycVD1nCI1qPENFAZCOK8n5fxvoPj6QKXogU/TApnQ/mXCmX/k+EwOjFwNrWWJOaSrQXAGEIr/S3KTUorY1U2W5pzzohpoGAqFzAVa5iYLyAAAA[0m[INFO] --- maven-surefire-plugin:2.11:test (default-test) @ gameoflife-web ---
[8mha:////4K1W0r1Ep3DyMUP1YvWSE756OFz+txRn37407gYpGumfAAAAyx+LCAAAAAAAAP9b85aBtbiIQSOjNKU4P0+vIKc0PTOvWK8kMze1uCQxtyC1SC8ExvbLL0llgABGJgYmLwaB3MycnMzi4My85FTXgvzkDB8G3tScxILi1BRfsEwJg4BPVmJZon5OYl66vk9+Xrp1RRGDFNSy5Py84vycVD1nCI1qPENFAZCOK8n5fxvoPj6QKXogU/TApnQ/mXCmX/k+EwOjFwNrWWJOaSrQXAGEIr/S3KTUorY1U2W5pzzohpoGAqFzAVa5iYLyAAAA[0m[INFO] Tests are skipped.
[8mha:////4K1W0r1Ep3DyMUP1YvWSE756OFz+txRn37407gYpGumfAAAAyx+LCAAAAAAAAP9b85aBtbiIQSOjNKU4P0+vIKc0PTOvWK8kMze1uCQxtyC1SC8ExvbLL0llgABGJgYmLwaB3MycnMzi4My85FTXgvzkDB8G3tScxILi1BRfsEwJg4BPVmJZon5OYl66vk9+Xrp1RRGDFNSy5Py84vycVD1nCI1qPENFAZCOK8n5fxvoPj6QKXogU/TApnQ/mXCmX/k+EwOjFwNrWWJOaSrQXAGEIr/S3KTUorY1U2W5pzzohpoGAqFzAVa5iYLyAAAA[0m[INFO] 
[8mha:////4K1W0r1Ep3DyMUP1YvWSE756OFz+txRn37407gYpGumfAAAAyx+LCAAAAAAAAP9b85aBtbiIQSOjNKU4P0+vIKc0PTOvWK8kMze1uCQxtyC1SC8ExvbLL0llgABGJgYmLwaB3MycnMzi4My85FTXgvzkDB8G3tScxILi1BRfsEwJg4BPVmJZon5OYl66vk9+Xrp1RRGDFNSy5Py84vycVD1nCI1qPENFAZCOK8n5fxvoPj6QKXogU/TApnQ/mXCmX/k+EwOjFwNrWWJOaSrQXAGEIr/S3KTUorY1U2W5pzzohpoGAqFzAVa5iYLyAAAA[0m[INFO] --- maven-surefire-plugin:2.11:test (unit-tests) @ gameoflife-web ---
[8mha:////4K1W0r1Ep3DyMUP1YvWSE756OFz+txRn37407gYpGumfAAAAyx+LCAAAAAAAAP9b85aBtbiIQSOjNKU4P0+vIKc0PTOvWK8kMze1uCQxtyC1SC8ExvbLL0llgABGJgYmLwaB3MycnMzi4My85FTXgvzkDB8G3tScxILi1BRfsEwJg4BPVmJZon5OYl66vk9+Xrp1RRGDFNSy5Py84vycVD1nCI1qPENFAZCOK8n5fxvoPj6QKXogU/TApnQ/mXCmX/k+EwOjFwNrWWJOaSrQXAGEIr/S3KTUorY1U2W5pzzohpoGAqFzAVa5iYLyAAAA[0m[INFO] Surefire report directory: /var/lib/jenkins/workspace/CTC_Demo/gameoflife-web/target/surefire-reports
[8mha:////4K1W0r1Ep3DyMUP1YvWSE756OFz+txRn37407gYpGumfAAAAyx+LCAAAAAAAAP9b85aBtbiIQSOjNKU4P0+vIKc0PTOvWK8kMze1uCQxtyC1SC8ExvbLL0llgABGJgYmLwaB3MycnMzi4My85FTXgvzkDB8G3tScxILi1BRfsEwJg4BPVmJZon5OYl66vk9+Xrp1RRGDFNSy5Py84vycVD1nCI1qPENFAZCOK8n5fxvoPj6QKXogU/TApnQ/mXCmX/k+EwOjFwNrWWJOaSrQXAGEIr/S3KTUorY1U2W5pzzohpoGAqFzAVa5iYLyAAAA[0m
[8mha:////4K1W0r1Ep3DyMUP1YvWSE756OFz+txRn37407gYpGumfAAAAyx+LCAAAAAAAAP9b85aBtbiIQSOjNKU4P0+vIKc0PTOvWK8kMze1uCQxtyC1SC8ExvbLL0llgABGJgYmLwaB3MycnMzi4My85FTXgvzkDB8G3tScxILi1BRfsEwJg4BPVmJZon5OYl66vk9+Xrp1RRGDFNSy5Py84vycVD1nCI1qPENFAZCOK8n5fxvoPj6QKXogU/TApnQ/mXCmX/k+EwOjFwNrWWJOaSrQXAGEIr/S3KTUorY1U2W5pzzohpoGAqFzAVa5iYLyAAAA[0m-------------------------------------------------------
[8mha:////4K1W0r1Ep3DyMUP1YvWSE756OFz+txRn37407gYpGumfAAAAyx+LCAAAAAAAAP9b85aBtbiIQSOjNKU4P0+vIKc0PTOvWK8kMze1uCQxtyC1SC8ExvbLL0llgABGJgYmLwaB3MycnMzi4My85FTXgvzkDB8G3tScxILi1BRfsEwJg4BPVmJZon5OYl66vk9+Xrp1RRGDFNSy5Py84vycVD1nCI1qPENFAZCOK8n5fxvoPj6QKXogU/TApnQ/mXCmX/k+EwOjFwNrWWJOaSrQXAGEIr/S3KTUorY1U2W5pzzohpoGAqFzAVa5iYLyAAAA[0m T E S T S
[8mha:////4K1W0r1Ep3DyMUP1YvWSE756OFz+txRn37407gYpGumfAAAAyx+LCAAAAAAAAP9b85aBtbiIQSOjNKU4P0+vIKc0PTOvWK8kMze1uCQxtyC1SC8ExvbLL0llgABGJgYmLwaB3MycnMzi4My85FTXgvzkDB8G3tScxILi1BRfsEwJg4BPVmJZon5OYl66vk9+Xrp1RRGDFNSy5Py84vycVD1nCI1qPENFAZCOK8n5fxvoPj6QKXogU/TApnQ/mXCmX/k+EwOjFwNrWWJOaSrQXAGEIr/S3KTUorY1U2W5pzzohpoGAqFzAVa5iYLyAAAA[0m-------------------------------------------------------
[8mha:////4HmMT6h3PvnbsAbMxVPNcoNcbpk/gDK27FRzD9fcCZBcAAAAyx+LCAAAAAAAAP9b85aBtbiIQSOjNKU4P0+vIKc0PTOvWK8kMze1uCQxtyC1SC8ExvbLL0llgABGJgYmLwaB3MycnMzi4My85FTXgvzkDB8G3tScxILi1BRfsEwJg4BPVmJZon5OYl66vk9+Xrp1RRGDFNSy5Py84vycVD1nCI1qPENFAZCOK8llLgW6jw9kih7IFD2wKd1PJpzpV77PxMDoxcBalphTmgo0VwChyK80Nym1qG3NVFnuKQ+6oaaBQKQ5AC4+FmjyAAAA[0mRunning com.wakaleo.gameoflife.webtests.controllers.WhenCreatingANewGame
[8mha:////4Jv169vieMqDCpBjcdzmxEhkjNlAKwu0pLMlMKKNUfONAAAAyx+LCAAAAAAAAP9b85aBtbiIQSOjNKU4P0+vIKc0PTOvWK8kMze1uCQxtyC1SC8ExvbLL0llgABGJgYmLwaB3MycnMzi4My85FTXgvzkDB8G3tScxILi1BRfsEwJg4BPVmJZon5OYl66vk9+Xrp1RRGDFNSy5Py84vycVD1nCI1qPENFAZCOK8llXQx0Hx/IFD2QKXpgU7qfTDjTr3yfiYHRi4G1LDGnNBVorgBCkV9pblJqUduaqbLcUx50Q00DgehUABDlnkryAAAA[0mTests run: 3, Failures: 0, Errors: 0, Skipped: 0, Time elapsed: 0.789 sec
[8mha:////4Jv169vieMqDCpBjcdzmxEhkjNlAKwu0pLMlMKKNUfONAAAAyx+LCAAAAAAAAP9b85aBtbiIQSOjNKU4P0+vIKc0PTOvWK8kMze1uCQxtyC1SC8ExvbLL0llgABGJgYmLwaB3MycnMzi4My85FTXgvzkDB8G3tScxILi1BRfsEwJg4BPVmJZon5OYl66vk9+Xrp1RRGDFNSy5Py84vycVD1nCI1qPENFAZCOK8llXQx0Hx/IFD2QKXpgU7qfTDjTr3yfiYHRi4G1LDGnNBVorgBCkV9pblJqUduaqbLcUx50Q00DgehUABDlnkryAAAA[0mRunning com.wakaleo.gameoflife.webtests.controllers.WhenDisplayingTheHomePage
[8mha:////4Jv169vieMqDCpBjcdzmxEhkjNlAKwu0pLMlMKKNUfONAAAAyx+LCAAAAAAAAP9b85aBtbiIQSOjNKU4P0+vIKc0PTOvWK8kMze1uCQxtyC1SC8ExvbLL0llgABGJgYmLwaB3MycnMzi4My85FTXgvzkDB8G3tScxILi1BRfsEwJg4BPVmJZon5OYl66vk9+Xrp1RRGDFNSy5Py84vycVD1nCI1qPENFAZCOK8llXQx0Hx/IFD2QKXpgU7qfTDjTr3yfiYHRi4G1LDGnNBVorgBCkV9pblJqUduaqbLcUx50Q00DgehUABDlnkryAAAA[0mTests run: 2, Failures: 0, Errors: 0, Skipped: 0, Time elapsed: 0.006 sec
[8mha:////4Jv169vieMqDCpBjcdzmxEhkjNlAKwu0pLMlMKKNUfONAAAAyx+LCAAAAAAAAP9b85aBtbiIQSOjNKU4P0+vIKc0PTOvWK8kMze1uCQxtyC1SC8ExvbLL0llgABGJgYmLwaB3MycnMzi4My85FTXgvzkDB8G3tScxILi1BRfsEwJg4BPVmJZon5OYl66vk9+Xrp1RRGDFNSy5Py84vycVD1nCI1qPENFAZCOK8llXQx0Hx/IFD2QKXpgU7qfTDjTr3yfiYHRi4G1LDGnNBVorgBCkV9pblJqUduaqbLcUx50Q00DgehUABDlnkryAAAA[0mRunning com.wakaleo.gameoflife.webtests.controllers.WhenSpawningANewGeneration
[8mha:////4Jv169vieMqDCpBjcdzmxEhkjNlAKwu0pLMlMKKNUfONAAAAyx+LCAAAAAAAAP9b85aBtbiIQSOjNKU4P0+vIKc0PTOvWK8kMze1uCQxtyC1SC8ExvbLL0llgABGJgYmLwaB3MycnMzi4My85FTXgvzkDB8G3tScxILi1BRfsEwJg4BPVmJZon5OYl66vk9+Xrp1RRGDFNSy5Py84vycVD1nCI1qPENFAZCOK8llXQx0Hx/IFD2QKXpgU7qfTDjTr3yfiYHRi4G1LDGnNBVorgBCkV9pblJqUduaqbLcUx50Q00DgehUABDlnkryAAAA[0mTests run: 2, Failures: 0, Errors: 0, Skipped: 0, Time elapsed: 0.027 sec
[8mha:////4K701M4ja6FkuR8QQzGa4OI4La6Y3hGucZYEKT8n4r+YAAAAyx+LCAAAAAAAAP9b85aBtbiIQSOjNKU4P0+vIKc0PTOvWK8kMze1uCQxtyC1SC8ExvbLL0llgABGJgYmLwaB3MycnMzi4My85FTXgvzkDB8G3tScxILi1BRfsEwJg4BPVmJZon5OYl66vk9+Xrp1RRGDFNSy5Py84vycVD1nCI1qPENFAZCOK8llmwd0Hx/IFD2QKXpgU7qfTDjTr3yfiYHRi4G1LDGnNBVorgBCkV9pblJqUduaqbLcUx50Q00DgZgEAMKSO3HyAAAA[0m
[8mha:////4K701M4ja6FkuR8QQzGa4OI4La6Y3hGucZYEKT8n4r+YAAAAyx+LCAAAAAAAAP9b85aBtbiIQSOjNKU4P0+vIKc0PTOvWK8kMze1uCQxtyC1SC8ExvbLL0llgABGJgYmLwaB3MycnMzi4My85FTXgvzkDB8G3tScxILi1BRfsEwJg4BPVmJZon5OYl66vk9+Xrp1RRGDFNSy5Py84vycVD1nCI1qPENFAZCOK8llmwd0Hx/IFD2QKXpgU7qfTDjTr3yfiYHRi4G1LDGnNBVorgBCkV9pblJqUduaqbLcUx50Q00DgZgEAMKSO3HyAAAA[0mResults :
[8mha:////4K701M4ja6FkuR8QQzGa4OI4La6Y3hGucZYEKT8n4r+YAAAAyx+LCAAAAAAAAP9b85aBtbiIQSOjNKU4P0+vIKc0PTOvWK8kMze1uCQxtyC1SC8ExvbLL0llgABGJgYmLwaB3MycnMzi4My85FTXgvzkDB8G3tScxILi1BRfsEwJg4BPVmJZon5OYl66vk9+Xrp1RRGDFNSy5Py84vycVD1nCI1qPENFAZCOK8llmwd0Hx/IFD2QKXpgU7qfTDjTr3yfiYHRi4G1LDGnNBVorgBCkV9pblJqUduaqbLcUx50Q00DgZgEAMKSO3HyAAAA[0m
[8mha:////4K701M4ja6FkuR8QQzGa4OI4La6Y3hGucZYEKT8n4r+YAAAAyx+LCAAAAAAAAP9b85aBtbiIQSOjNKU4P0+vIKc0PTOvWK8kMze1uCQxtyC1SC8ExvbLL0llgABGJgYmLwaB3MycnMzi4My85FTXgvzkDB8G3tScxILi1BRfsEwJg4BPVmJZon5OYl66vk9+Xrp1RRGDFNSy5Py84vycVD1nCI1qPENFAZCOK8llmwd0Hx/IFD2QKXpgU7qfTDjTr3yfiYHRi4G1LDGnNBVorgBCkV9pblJqUduaqbLcUx50Q00DgZgEAMKSO3HyAAAA[0mTests run: 7, Failures: 0, Errors: 0, Skipped: 0
[8mha:////4K701M4ja6FkuR8QQzGa4OI4La6Y3hGucZYEKT8n4r+YAAAAyx+LCAAAAAAAAP9b85aBtbiIQSOjNKU4P0+vIKc0PTOvWK8kMze1uCQxtyC1SC8ExvbLL0llgABGJgYmLwaB3MycnMzi4My85FTXgvzkDB8G3tScxILi1BRfsEwJg4BPVmJZon5OYl66vk9+Xrp1RRGDFNSy5Py84vycVD1nCI1qPENFAZCOK8llmwd0Hx/IFD2QKXpgU7qfTDjTr3yfiYHRi4G1LDGnNBVorgBCkV9pblJqUduaqbLcUx50Q00DgZgEAMKSO3HyAAAA[0m
[8mha:////4K701M4ja6FkuR8QQzGa4OI4La6Y3hGucZYEKT8n4r+YAAAAyx+LCAAAAAAAAP9b85aBtbiIQSOjNKU4P0+vIKc0PTOvWK8kMze1uCQxtyC1SC8ExvbLL0llgABGJgYmLwaB3MycnMzi4My85FTXgvzkDB8G3tScxILi1BRfsEwJg4BPVmJZon5OYl66vk9+Xrp1RRGDFNSy5Py84vycVD1nCI1qPENFAZCOK8llmwd0Hx/IFD2QKXpgU7qfTDjTr3yfiYHRi4G1LDGnNBVorgBCkV9pblJqUduaqbLcUx50Q00DgZgEAMKSO3HyAAAA[0m[INFO] 
[8mha:////4K701M4ja6FkuR8QQzGa4OI4La6Y3hGucZYEKT8n4r+YAAAAyx+LCAAAAAAAAP9b85aBtbiIQSOjNKU4P0+vIKc0PTOvWK8kMze1uCQxtyC1SC8ExvbLL0llgABGJgYmLwaB3MycnMzi4My85FTXgvzkDB8G3tScxILi1BRfsEwJg4BPVmJZon5OYl66vk9+Xrp1RRGDFNSy5Py84vycVD1nCI1qPENFAZCOK8llmwd0Hx/IFD2QKXpgU7qfTDjTr3yfiYHRi4G1LDGnNBVorgBCkV9pblJqUduaqbLcUx50Q00DgZgEAMKSO3HyAAAA[0m[INFO] --- maven-easyb-plugin:1.4:test (default) @ gameoflife-web ---
[8mha:////4K701M4ja6FkuR8QQzGa4OI4La6Y3hGucZYEKT8n4r+YAAAAyx+LCAAAAAAAAP9b85aBtbiIQSOjNKU4P0+vIKc0PTOvWK8kMze1uCQxtyC1SC8ExvbLL0llgABGJgYmLwaB3MycnMzi4My85FTXgvzkDB8G3tScxILi1BRfsEwJg4BPVmJZon5OYl66vk9+Xrp1RRGDFNSy5Py84vycVD1nCI1qPENFAZCOK8llmwd0Hx/IFD2QKXpgU7qfTDjTr3yfiYHRi4G1LDGnNBVorgBCkV9pblJqUduaqbLcUx50Q00DgZgEAMKSO3HyAAAA[0m[INFO] /var/lib/jenkins/workspace/CTC_Demo/gameoflife-web/src/test/stories does not exists.  Skipping easyb testing
[8mha:////4K701M4ja6FkuR8QQzGa4OI4La6Y3hGucZYEKT8n4r+YAAAAyx+LCAAAAAAAAP9b85aBtbiIQSOjNKU4P0+vIKc0PTOvWK8kMze1uCQxtyC1SC8ExvbLL0llgABGJgYmLwaB3MycnMzi4My85FTXgvzkDB8G3tScxILi1BRfsEwJg4BPVmJZon5OYl66vk9+Xrp1RRGDFNSy5Py84vycVD1nCI1qPENFAZCOK8llmwd0Hx/IFD2QKXpgU7qfTDjTr3yfiYHRi4G1LDGnNBVorgBCkV9pblJqUduaqbLcUx50Q00DgZgEAMKSO3HyAAAA[0m[INFO] 
[8mha:////4K701M4ja6FkuR8QQzGa4OI4La6Y3hGucZYEKT8n4r+YAAAAyx+LCAAAAAAAAP9b85aBtbiIQSOjNKU4P0+vIKc0PTOvWK8kMze1uCQxtyC1SC8ExvbLL0llgABGJgYmLwaB3MycnMzi4My85FTXgvzkDB8G3tScxILi1BRfsEwJg4BPVmJZon5OYl66vk9+Xrp1RRGDFNSy5Py84vycVD1nCI1qPENFAZCOK8llmwd0Hx/IFD2QKXpgU7qfTDjTr3yfiYHRi4G1LDGnNBVorgBCkV9pblJqUduaqbLcUx50Q00DgZgEAMKSO3HyAAAA[0m[INFO] --- maven-war-plugin:2.1.1:war (default-war) @ gameoflife-web ---
[8mha:////4K4jvNyTzf5BcB/HQCetMCmSZ8d1uCJrMUB15oHTcm5RAAAAyx+LCAAAAAAAAP9b85aBtbiIQSOjNKU4P0+vIKc0PTOvWK8kMze1uCQxtyC1SC8ExvbLL0llgABGJgYmLwaB3MycnMzi4My85FTXgvzkDB8G3tScxILi1BRfsEwJg4BPVmJZon5OYl66vk9+Xrp1RRGDFNSy5Py84vycVD1nCI1qPENFAZCOK8llnwV0Hx/IFD2QKXpgU7qfTDjTr3yfiYHRi4G1LDGnNBVorgBCkV9pblJqUduaqbLcUx50Q00DgdgYABSc/K/yAAAA[0m[INFO] Packaging webapp
[8mha:////4K4jvNyTzf5BcB/HQCetMCmSZ8d1uCJrMUB15oHTcm5RAAAAyx+LCAAAAAAAAP9b85aBtbiIQSOjNKU4P0+vIKc0PTOvWK8kMze1uCQxtyC1SC8ExvbLL0llgABGJgYmLwaB3MycnMzi4My85FTXgvzkDB8G3tScxILi1BRfsEwJg4BPVmJZon5OYl66vk9+Xrp1RRGDFNSy5Py84vycVD1nCI1qPENFAZCOK8llnwV0Hx/IFD2QKXpgU7qfTDjTr3yfiYHRi4G1LDGnNBVorgBCkV9pblJqUduaqbLcUx50Q00DgdgYABSc/K/yAAAA[0m[INFO] Assembling webapp [gameoflife-web] in [/var/lib/jenkins/workspace/CTC_Demo/gameoflife-web/target/gameoflife]
[8mha:////4K4jvNyTzf5BcB/HQCetMCmSZ8d1uCJrMUB15oHTcm5RAAAAyx+LCAAAAAAAAP9b85aBtbiIQSOjNKU4P0+vIKc0PTOvWK8kMze1uCQxtyC1SC8ExvbLL0llgABGJgYmLwaB3MycnMzi4My85FTXgvzkDB8G3tScxILi1BRfsEwJg4BPVmJZon5OYl66vk9+Xrp1RRGDFNSy5Py84vycVD1nCI1qPENFAZCOK8llnwV0Hx/IFD2QKXpgU7qfTDjTr3yfiYHRi4G1LDGnNBVorgBCkV9pblJqUduaqbLcUx50Q00DgdgYABSc/K/yAAAA[0m[INFO] Processing war project
[8mha:////4K4jvNyTzf5BcB/HQCetMCmSZ8d1uCJrMUB15oHTcm5RAAAAyx+LCAAAAAAAAP9b85aBtbiIQSOjNKU4P0+vIKc0PTOvWK8kMze1uCQxtyC1SC8ExvbLL0llgABGJgYmLwaB3MycnMzi4My85FTXgvzkDB8G3tScxILi1BRfsEwJg4BPVmJZon5OYl66vk9+Xrp1RRGDFNSy5Py84vycVD1nCI1qPENFAZCOK8llnwV0Hx/IFD2QKXpgU7qfTDjTr3yfiYHRi4G1LDGnNBVorgBCkV9pblJqUduaqbLcUx50Q00DgdgYABSc/K/yAAAA[0m[INFO] Copying webapp resources [/var/lib/jenkins/workspace/CTC_Demo/gameoflife-web/src/main/webapp]
[8mha:////4JNGKUznxmp3twIobdYwo4VALGv6hhpQg/PW63/xGS4zAAAAyx+LCAAAAAAAAP9b85aBtbiIQSOjNKU4P0+vIKc0PTOvWK8kMze1uCQxtyC1SC8ExvbLL0llgABGJgYmLwaB3MycnMzi4My85FTXgvzkDB8G3tScxILi1BRfsEwJg4BPVmJZon5OYl66vk9+Xrp1RRGDFNSy5Py84vycVD1nCI1qPENFAZCOK8nlmAp0Hx/IFD2QKXpgU7qfTDjTr3yfiYHRi4G1LDGnNBVorgBCkV9pblJqUduaqbLcUx50Q00DgbhwACHsDrzyAAAA[0m[INFO] Webapp assembled in [75 msecs]
[8mha:////4M2tN/cNzaQguEyL1ftQaLjn4yrt6EEOnwyBjaTlyrqnAAAAyx+LCAAAAAAAAP9b85aBtbiIQSOjNKU4P0+vIKc0PTOvWK8kMze1uCQxtyC1SC8ExvbLL0llgABGJgYmLwaB3MycnMzi4My85FTXgvzkDB8G3tScxILi1BRfsEwJg4BPVmJZon5OYl66vk9+Xrp1RRGDFNSy5Py84vycVD1nCI1qPENFAZCOK8nlmAZ0Hx/IFD2QKXpgU7qfTDjTr3yfiYHRi4G1LDGnNBVorgBCkV9pblJqUduaqbLcUx50Q00DgbgIAENouvDyAAAA[0m[INFO] Building war: /var/lib/jenkins/workspace/CTC_Demo/gameoflife-web/target/gameoflife.war
[8mha:////4AIs2EIdYDlWukdytnTRT7cdIoy+lDrw0JZBTMU4pKJcAAAAyx+LCAAAAAAAAP9b85aBtbiIQSOjNKU4P0+vIKc0PTOvWK8kMze1uCQxtyC1SC8ExvbLL0llgABGJgYmLwaB3MycnMzi4My85FTXgvzkDB8G3tScxILi1BRfsEwJg4BPVmJZon5OYl66vk9+Xrp1RRGDFNSy5Py84vycVD1nCI1qPENFAZCOK8nlnAh0Hx/IFD2QKXpgU7qfTDjTr3yfiYHRi4G1LDGnNBVorgBCkV9pblJqUduaqbLcUx50Q00DgfhgAGlay0ryAAAA[0m[INFO] WEB-INF/web.xml already added, skipping
[8mha:////4AOI9tPcMjqbIK1Zux0kZCvd2586Vo7gWhg43m++Jou0AAAAyx+LCAAAAAAAAP9b85aBtbiIQSOjNKU4P0+vIKc0PTOvWK8kMze1uCQxtyC1SC8ExvbLL0llgABGJgYmLwaB3MycnMzi4My85FTXgvzkDB8G3tScxILi1BRfsEwJg4BPVmJZon5OYl66vk9+Xrp1RRGDFNSy5Py84vycVD1nCI1qPENFAZCOK8nlnAR0Hx/IFD2QKXpgU7qfTDjTr3yfiYHRi4G1LDGnNBVorgBCkV9pblJqUduaqbLcUx50Q00DgfgQADlWpAjyAAAA[0m[INFO] ------------------------------------------------------------------------
[8mha:////4AOI9tPcMjqbIK1Zux0kZCvd2586Vo7gWhg43m++Jou0AAAAyx+LCAAAAAAAAP9b85aBtbiIQSOjNKU4P0+vIKc0PTOvWK8kMze1uCQxtyC1SC8ExvbLL0llgABGJgYmLwaB3MycnMzi4My85FTXgvzkDB8G3tScxILi1BRfsEwJg4BPVmJZon5OYl66vk9+Xrp1RRGDFNSy5Py84vycVD1nCI1qPENFAZCOK8nlnAR0Hx/IFD2QKXpgU7qfTDjTr3yfiYHRi4G1LDGnNBVorgBCkV9pblJqUduaqbLcUx50Q00DgfgQADlWpAjyAAAA[0m[INFO] Reactor Summary:
[8mha:////4AOI9tPcMjqbIK1Zux0kZCvd2586Vo7gWhg43m++Jou0AAAAyx+LCAAAAAAAAP9b85aBtbiIQSOjNKU4P0+vIKc0PTOvWK8kMze1uCQxtyC1SC8ExvbLL0llgABGJgYmLwaB3MycnMzi4My85FTXgvzkDB8G3tScxILi1BRfsEwJg4BPVmJZon5OYl66vk9+Xrp1RRGDFNSy5Py84vycVD1nCI1qPENFAZCOK8nlnAR0Hx/IFD2QKXpgU7qfTDjTr3yfiYHRi4G1LDGnNBVorgBCkV9pblJqUduaqbLcUx50Q00DgfgQADlWpAjyAAAA[0m[INFO] 
[8mha:////4AOI9tPcMjqbIK1Zux0kZCvd2586Vo7gWhg43m++Jou0AAAAyx+LCAAAAAAAAP9b85aBtbiIQSOjNKU4P0+vIKc0PTOvWK8kMze1uCQxtyC1SC8ExvbLL0llgABGJgYmLwaB3MycnMzi4My85FTXgvzkDB8G3tScxILi1BRfsEwJg4BPVmJZon5OYl66vk9+Xrp1RRGDFNSy5Py84vycVD1nCI1qPENFAZCOK8nlnAR0Hx/IFD2QKXpgU7qfTDjTr3yfiYHRi4G1LDGnNBVorgBCkV9pblJqUduaqbLcUx50Q00DgfgQADlWpAjyAAAA[0m[INFO] gameoflife ......................................... SUCCESS [  3.123 s]
[8mha:////4AOI9tPcMjqbIK1Zux0kZCvd2586Vo7gWhg43m++Jou0AAAAyx+LCAAAAAAAAP9b85aBtbiIQSOjNKU4P0+vIKc0PTOvWK8kMze1uCQxtyC1SC8ExvbLL0llgABGJgYmLwaB3MycnMzi4My85FTXgvzkDB8G3tScxILi1BRfsEwJg4BPVmJZon5OYl66vk9+Xrp1RRGDFNSy5Py84vycVD1nCI1qPENFAZCOK8nlnAR0Hx/IFD2QKXpgU7qfTDjTr3yfiYHRi4G1LDGnNBVorgBCkV9pblJqUduaqbLcUx50Q00DgfgQADlWpAjyAAAA[0m[INFO] gameoflife-build ................................... SUCCESS [  1.788 s]
[8mha:////4AOI9tPcMjqbIK1Zux0kZCvd2586Vo7gWhg43m++Jou0AAAAyx+LCAAAAAAAAP9b85aBtbiIQSOjNKU4P0+vIKc0PTOvWK8kMze1uCQxtyC1SC8ExvbLL0llgABGJgYmLwaB3MycnMzi4My85FTXgvzkDB8G3tScxILi1BRfsEwJg4BPVmJZon5OYl66vk9+Xrp1RRGDFNSy5Py84vycVD1nCI1qPENFAZCOK8nlnAR0Hx/IFD2QKXpgU7qfTDjTr3yfiYHRi4G1LDGnNBVorgBCkV9pblJqUduaqbLcUx50Q00DgfgQADlWpAjyAAAA[0m[INFO] gameoflife-core .................................... SUCCESS [  7.386 s]
[8mha:////4AOI9tPcMjqbIK1Zux0kZCvd2586Vo7gWhg43m++Jou0AAAAyx+LCAAAAAAAAP9b85aBtbiIQSOjNKU4P0+vIKc0PTOvWK8kMze1uCQxtyC1SC8ExvbLL0llgABGJgYmLwaB3MycnMzi4My85FTXgvzkDB8G3tScxILi1BRfsEwJg4BPVmJZon5OYl66vk9+Xrp1RRGDFNSy5Py84vycVD1nCI1qPENFAZCOK8nlnAR0Hx/IFD2QKXpgU7qfTDjTr3yfiYHRi4G1LDGnNBVorgBCkV9pblJqUduaqbLcUx50Q00DgfgQADlWpAjyAAAA[0m[INFO] gameoflife-web ..................................... SUCCESS [  3.125 s]
[8mha:////4AOI9tPcMjqbIK1Zux0kZCvd2586Vo7gWhg43m++Jou0AAAAyx+LCAAAAAAAAP9b85aBtbiIQSOjNKU4P0+vIKc0PTOvWK8kMze1uCQxtyC1SC8ExvbLL0llgABGJgYmLwaB3MycnMzi4My85FTXgvzkDB8G3tScxILi1BRfsEwJg4BPVmJZon5OYl66vk9+Xrp1RRGDFNSy5Py84vycVD1nCI1qPENFAZCOK8nlnAR0Hx/IFD2QKXpgU7qfTDjTr3yfiYHRi4G1LDGnNBVorgBCkV9pblJqUduaqbLcUx50Q00DgfgQADlWpAjyAAAA[0m[INFO] ------------------------------------------------------------------------
[8mha:////4AOI9tPcMjqbIK1Zux0kZCvd2586Vo7gWhg43m++Jou0AAAAyx+LCAAAAAAAAP9b85aBtbiIQSOjNKU4P0+vIKc0PTOvWK8kMze1uCQxtyC1SC8ExvbLL0llgABGJgYmLwaB3MycnMzi4My85FTXgvzkDB8G3tScxILi1BRfsEwJg4BPVmJZon5OYl66vk9+Xrp1RRGDFNSy5Py84vycVD1nCI1qPENFAZCOK8nlnAR0Hx/IFD2QKXpgU7qfTDjTr3yfiYHRi4G1LDGnNBVorgBCkV9pblJqUduaqbLcUx50Q00DgfgQADlWpAjyAAAA[0m[INFO] BUILD SUCCESS
[8mha:////4AOI9tPcMjqbIK1Zux0kZCvd2586Vo7gWhg43m++Jou0AAAAyx+LCAAAAAAAAP9b85aBtbiIQSOjNKU4P0+vIKc0PTOvWK8kMze1uCQxtyC1SC8ExvbLL0llgABGJgYmLwaB3MycnMzi4My85FTXgvzkDB8G3tScxILi1BRfsEwJg4BPVmJZon5OYl66vk9+Xrp1RRGDFNSy5Py84vycVD1nCI1qPENFAZCOK8nlnAR0Hx/IFD2QKXpgU7qfTDjTr3yfiYHRi4G1LDGnNBVorgBCkV9pblJqUduaqbLcUx50Q00DgfgQADlWpAjyAAAA[0m[INFO] ------------------------------------------------------------------------
[8mha:////4AOI9tPcMjqbIK1Zux0kZCvd2586Vo7gWhg43m++Jou0AAAAyx+LCAAAAAAAAP9b85aBtbiIQSOjNKU4P0+vIKc0PTOvWK8kMze1uCQxtyC1SC8ExvbLL0llgABGJgYmLwaB3MycnMzi4My85FTXgvzkDB8G3tScxILi1BRfsEwJg4BPVmJZon5OYl66vk9+Xrp1RRGDFNSy5Py84vycVD1nCI1qPENFAZCOK8nlnAR0Hx/IFD2QKXpgU7qfTDjTr3yfiYHRi4G1LDGnNBVorgBCkV9pblJqUduaqbLcUx50Q00DgfgQADlWpAjyAAAA[0m[INFO] Total time: 16.035 s
[8mha:////4AOI9tPcMjqbIK1Zux0kZCvd2586Vo7gWhg43m++Jou0AAAAyx+LCAAAAAAAAP9b85aBtbiIQSOjNKU4P0+vIKc0PTOvWK8kMze1uCQxtyC1SC8ExvbLL0llgABGJgYmLwaB3MycnMzi4My85FTXgvzkDB8G3tScxILi1BRfsEwJg4BPVmJZon5OYl66vk9+Xrp1RRGDFNSy5Py84vycVD1nCI1qPENFAZCOK8nlnAR0Hx/IFD2QKXpgU7qfTDjTr3yfiYHRi4G1LDGnNBVorgBCkV9pblJqUduaqbLcUx50Q00DgfgQADlWpAjyAAAA[0m[INFO] Finished at: 2017-09-12T10:20:56+05:30
[8mha:////4O6YPazRu0d1YHZf63fjGHcHU9DKYsQTkt/y27C7kzkaAAAAyx+LCAAAAAAAAP9b85aBtbiIQSOjNKU4P0+vIKc0PTOvWK8kMze1uCQxtyC1SC8ExvbLL0llgABGJgYmLwaB3MycnMzi4My85FTXgvzkDB8G3tScxILi1BRfsEwJg4BPVmJZon5OYl66vk9+Xrp1RRGDFNSy5Py84vycVD1nCI1qPENFAZCOK8nl6gO6jw9kih7IFD2wKd1PJpzpV77PxMDoxcBalphTmgo0VwChyK80Nym1qG3NVFnuKQ+6oaaBQEIAAPsbAtHyAAAA[0m[INFO] Final Memory: 31M/462M
[8mha:////4O6YPazRu0d1YHZf63fjGHcHU9DKYsQTkt/y27C7kzkaAAAAyx+LCAAAAAAAAP9b85aBtbiIQSOjNKU4P0+vIKc0PTOvWK8kMze1uCQxtyC1SC8ExvbLL0llgABGJgYmLwaB3MycnMzi4My85FTXgvzkDB8G3tScxILi1BRfsEwJg4BPVmJZon5OYl66vk9+Xrp1RRGDFNSy5Py84vycVD1nCI1qPENFAZCOK8nl6gO6jw9kih7IFD2wKd1PJpzpV77PxMDoxcBalphTmgo0VwChyK80Nym1qG3NVFnuKQ+6oaaBQEIAAPsbAtHyAAAA[0m[INFO] ------------------------------------------------------------------------
