[8mha:////4DWQiDRYl3Xzvw94+5xeEQS6rFWm0ditDxxyk7mpviUfAAAAyx+LCAAAAAAAAP9b85aBtbiIQSOjNKU4P0+vIKc0PTOvWK8kMze1uCQxtyC1SC8ExvbLL0llgABGJgYmLwaB3MycnMzi4My85FTXgvzkDB8G3tScxILi1BRfsEwJg4BPVmJZon5OYl66vk9+Xrp1RRGDFNSy5Py84vycVD1nCI1qPENFAZCOrbdk0AW6jw9kih7IFD2wKd1PJpzpV77PxMDoxcBalphTmgo0VwChyK80Nym1qG3NVFnuKQ+6oaaBAK8QAE5HE8byAAAA[0m[CTC_Demo] Running shell script
[8mha:////4G8z740v7hFPmukdoph5Szbt7u9s0OLrECOp+/mV76JDAAAAyx+LCAAAAAAAAP9b85aBtbiIQSOjNKU4P0+vIKc0PTOvWK8kMze1uCQxtyC1SC8ExvbLL0llgABGJgYmLwaB3MycnMzi4My85FTXgvzkDB8G3tScxILi1BRfsEwJg4BPVmJZon5OYl66vk9+Xrp1RRGDFNSy5Py84vycVD1nCI1qPENFAZCOrbdkTAa6jw9kih7IFD2wKd1PJpzpV77PxMDoxcBalphTmgo0VwChyK80Nym1qG3NVFnuKQ+6oaaBAJ8HAIc1LWLyAAAA[0m+ /opt/maven/bin/mvn clean package
[8mha:////4C6CRfai+jUSVV4lqHMG9LV0P+NmjB4zOh0kCRElvBBYAAAAyx+LCAAAAAAAAP9b85aBtbiIQSOjNKU4P0+vIKc0PTOvWK8kMze1uCQxtyC1SC8ExvbLL0llgABGJgYmLwaB3MycnMzi4My85FTXgvzkDB8G3tScxILi1BRfsEwJg4BPVmJZon5OYl66vk9+Xrp1RRGDFNSy5Py84vycVD1nCI1qPENFAZCOrbfkkwC6jw9kih7IFD2wKd1PJpzpV77PxMDoxcBalphTmgo0VwChyK80Nym1qG3NVFnuKQ+6oaaBgNRfAAmhdkjyAAAA[0m[INFO] Scanning for projects...
[8mha:////4F7E0bHkxwN9UjlCzUXXXDvj7hh7rXNogLdFgtLkgqwOAAAAyx+LCAAAAAAAAP9b85aBtbiIQSOjNKU4P0+vIKc0PTOvWK8kMze1uCQxtyC1SC8ExvbLL0llgABGJgYmLwaB3MycnMzi4My85FTXgvzkDB8G3tScxILi1BRfsEwJg4BPVmJZon5OYl66vk9+Xrp1RRGDFNSy5Py84vycVD1nCI1qPENFAZCOrbfkFwO6jw9kih7IFD2wKd1PJpzpV77PxMDoxcBalphTmgo0VwChyK80Nym1qG3NVFnuKQ+6oaaBgPRvAIQoF/XyAAAA[0m[WARNING] 
[8mha:////4E2SqRfpFAoK1qm+syVEAm62PMCAa+/Q1Xcxfks0lp1YAAAAyx+LCAAAAAAAAP9b85aBtbiIQSOjNKU4P0+vIKc0PTOvWK8kMze1uCQxtyC1SC8ExvbLL0llgABGJgYmLwaB3MycnMzi4My85FTXgvzkDB8G3tScxILi1BRfsEwJg4BPVmJZon5OYl66vk9+Xrp1RRGDFNSy5Py84vycVD1nCI1qPENFAZCOrbfkFwe6jw9kih7IFD2wKd1PJpzpV77PxMDoxcBalphTmgo0VwChyK80Nym1qG3NVFnuKQ+6oaaBgPQfAHbKiiDyAAAA[0m[WARNING] Some problems were encountered while building the effective model for com.wakaleo.gameoflife:gameoflife-build:jar:1.0-SNAPSHOT
[8mha:////4NELwDp5JecU9rrqrSIimxqDS/iZt2aiY6WO9FCyIUkXAAAAyx+LCAAAAAAAAP9b85aBtbiIQSOjNKU4P0+vIKc0PTOvWK8kMze1uCQxtyC1SC8ExvbLL0llgABGJgYmLwaB3MycnMzi4My85FTXgvzkDB8G3tScxILi1BRfsEwJg4BPVmJZon5OYl66vk9+Xrp1RRGDFNSy5Py84vycVD1nCI1qPENFAZCOrbfklwC6jw9kih7IFD2wKd1PJpzpV77PxMDoxcBalphTmgo0VwChyK80Nym1qG3NVFnuKQ+6oaaBgPRfAF0ISk3yAAAA[0m[WARNING] Reporting configuration should be done in <reporting> section, not in maven-site-plugin <configuration> as reportPlugins parameter.
[8mha:////4NELwDp5JecU9rrqrSIimxqDS/iZt2aiY6WO9FCyIUkXAAAAyx+LCAAAAAAAAP9b85aBtbiIQSOjNKU4P0+vIKc0PTOvWK8kMze1uCQxtyC1SC8ExvbLL0llgABGJgYmLwaB3MycnMzi4My85FTXgvzkDB8G3tScxILi1BRfsEwJg4BPVmJZon5OYl66vk9+Xrp1RRGDFNSy5Py84vycVD1nCI1qPENFAZCOrbfklwC6jw9kih7IFD2wKd1PJpzpV77PxMDoxcBalphTmgo0VwChyK80Nym1qG3NVFnuKQ+6oaaBgPRfAF0ISk3yAAAA[0m[WARNING] 
[8mha:////4NELwDp5JecU9rrqrSIimxqDS/iZt2aiY6WO9FCyIUkXAAAAyx+LCAAAAAAAAP9b85aBtbiIQSOjNKU4P0+vIKc0PTOvWK8kMze1uCQxtyC1SC8ExvbLL0llgABGJgYmLwaB3MycnMzi4My85FTXgvzkDB8G3tScxILi1BRfsEwJg4BPVmJZon5OYl66vk9+Xrp1RRGDFNSy5Py84vycVD1nCI1qPENFAZCOrbfklwC6jw9kih7IFD2wKd1PJpzpV77PxMDoxcBalphTmgo0VwChyK80Nym1qG3NVFnuKQ+6oaaBgPRfAF0ISk3yAAAA[0m[WARNING] Some problems were encountered while building the effective model for com.wakaleo.gameoflife:gameoflife-core:jar:1.0-SNAPSHOT
[8mha:////4NELwDp5JecU9rrqrSIimxqDS/iZt2aiY6WO9FCyIUkXAAAAyx+LCAAAAAAAAP9b85aBtbiIQSOjNKU4P0+vIKc0PTOvWK8kMze1uCQxtyC1SC8ExvbLL0llgABGJgYmLwaB3MycnMzi4My85FTXgvzkDB8G3tScxILi1BRfsEwJg4BPVmJZon5OYl66vk9+Xrp1RRGDFNSy5Py84vycVD1nCI1qPENFAZCOrbfklwC6jw9kih7IFD2wKd1PJpzpV77PxMDoxcBalphTmgo0VwChyK80Nym1qG3NVFnuKQ+6oaaBgPRfAF0ISk3yAAAA[0m[WARNING] Reporting configuration should be done in <reporting> section, not in maven-site-plugin <configuration> as reportPlugins parameter.
[8mha:////4NELwDp5JecU9rrqrSIimxqDS/iZt2aiY6WO9FCyIUkXAAAAyx+LCAAAAAAAAP9b85aBtbiIQSOjNKU4P0+vIKc0PTOvWK8kMze1uCQxtyC1SC8ExvbLL0llgABGJgYmLwaB3MycnMzi4My85FTXgvzkDB8G3tScxILi1BRfsEwJg4BPVmJZon5OYl66vk9+Xrp1RRGDFNSy5Py84vycVD1nCI1qPENFAZCOrbfklwC6jw9kih7IFD2wKd1PJpzpV77PxMDoxcBalphTmgo0VwChyK80Nym1qG3NVFnuKQ+6oaaBgPRfAF0ISk3yAAAA[0m[WARNING] 
[8mha:////4NELwDp5JecU9rrqrSIimxqDS/iZt2aiY6WO9FCyIUkXAAAAyx+LCAAAAAAAAP9b85aBtbiIQSOjNKU4P0+vIKc0PTOvWK8kMze1uCQxtyC1SC8ExvbLL0llgABGJgYmLwaB3MycnMzi4My85FTXgvzkDB8G3tScxILi1BRfsEwJg4BPVmJZon5OYl66vk9+Xrp1RRGDFNSy5Py84vycVD1nCI1qPENFAZCOrbfklwC6jw9kih7IFD2wKd1PJpzpV77PxMDoxcBalphTmgo0VwChyK80Nym1qG3NVFnuKQ+6oaaBgPRfAF0ISk3yAAAA[0m[WARNING] Some problems were encountered while building the effective model for com.wakaleo.gameoflife:gameoflife-web:war:1.0-SNAPSHOT
[8mha:////4NELwDp5JecU9rrqrSIimxqDS/iZt2aiY6WO9FCyIUkXAAAAyx+LCAAAAAAAAP9b85aBtbiIQSOjNKU4P0+vIKc0PTOvWK8kMze1uCQxtyC1SC8ExvbLL0llgABGJgYmLwaB3MycnMzi4My85FTXgvzkDB8G3tScxILi1BRfsEwJg4BPVmJZon5OYl66vk9+Xrp1RRGDFNSy5Py84vycVD1nCI1qPENFAZCOrbfklwC6jw9kih7IFD2wKd1PJpzpV77PxMDoxcBalphTmgo0VwChyK80Nym1qG3NVFnuKQ+6oaaBgPRfAF0ISk3yAAAA[0m[WARNING] Reporting configuration should be done in <reporting> section, not in maven-site-plugin <configuration> as reportPlugins parameter.
[8mha:////4NELwDp5JecU9rrqrSIimxqDS/iZt2aiY6WO9FCyIUkXAAAAyx+LCAAAAAAAAP9b85aBtbiIQSOjNKU4P0+vIKc0PTOvWK8kMze1uCQxtyC1SC8ExvbLL0llgABGJgYmLwaB3MycnMzi4My85FTXgvzkDB8G3tScxILi1BRfsEwJg4BPVmJZon5OYl66vk9+Xrp1RRGDFNSy5Py84vycVD1nCI1qPENFAZCOrbfklwC6jw9kih7IFD2wKd1PJpzpV77PxMDoxcBalphTmgo0VwChyK80Nym1qG3NVFnuKQ+6oaaBgPRfAF0ISk3yAAAA[0m[WARNING] 
[8mha:////4NELwDp5JecU9rrqrSIimxqDS/iZt2aiY6WO9FCyIUkXAAAAyx+LCAAAAAAAAP9b85aBtbiIQSOjNKU4P0+vIKc0PTOvWK8kMze1uCQxtyC1SC8ExvbLL0llgABGJgYmLwaB3MycnMzi4My85FTXgvzkDB8G3tScxILi1BRfsEwJg4BPVmJZon5OYl66vk9+Xrp1RRGDFNSy5Py84vycVD1nCI1qPENFAZCOrbfklwC6jw9kih7IFD2wKd1PJpzpV77PxMDoxcBalphTmgo0VwChyK80Nym1qG3NVFnuKQ+6oaaBgPRfAF0ISk3yAAAA[0m[WARNING] Some problems were encountered while building the effective model for com.wakaleo.gameoflife:gameoflife:pom:1.0-SNAPSHOT
[8mha:////4NELwDp5JecU9rrqrSIimxqDS/iZt2aiY6WO9FCyIUkXAAAAyx+LCAAAAAAAAP9b85aBtbiIQSOjNKU4P0+vIKc0PTOvWK8kMze1uCQxtyC1SC8ExvbLL0llgABGJgYmLwaB3MycnMzi4My85FTXgvzkDB8G3tScxILi1BRfsEwJg4BPVmJZon5OYl66vk9+Xrp1RRGDFNSy5Py84vycVD1nCI1qPENFAZCOrbfklwC6jw9kih7IFD2wKd1PJpzpV77PxMDoxcBalphTmgo0VwChyK80Nym1qG3NVFnuKQ+6oaaBgPRfAF0ISk3yAAAA[0m[WARNING] Reporting configuration should be done in <reporting> section, not in maven-site-plugin <configuration> as reportPlugins parameter. @ line 302, column 40
[8mha:////4NELwDp5JecU9rrqrSIimxqDS/iZt2aiY6WO9FCyIUkXAAAAyx+LCAAAAAAAAP9b85aBtbiIQSOjNKU4P0+vIKc0PTOvWK8kMze1uCQxtyC1SC8ExvbLL0llgABGJgYmLwaB3MycnMzi4My85FTXgvzkDB8G3tScxILi1BRfsEwJg4BPVmJZon5OYl66vk9+Xrp1RRGDFNSy5Py84vycVD1nCI1qPENFAZCOrbfklwC6jw9kih7IFD2wKd1PJpzpV77PxMDoxcBalphTmgo0VwChyK80Nym1qG3NVFnuKQ+6oaaBgPRfAF0ISk3yAAAA[0m[WARNING] 
[8mha:////4HPAMcyOv+PbqLiSNOAKL8S2BW6jPyfbbUd3OSCxHmFtAAAAyx+LCAAAAAAAAP9b85aBtbiIQSOjNKU4P0+vIKc0PTOvWK8kMze1uCQxtyC1SC8ExvbLL0llgABGJgYmLwaB3MycnMzi4My85FTXgvzkDB8G3tScxILi1BRfsEwJg4BPVmJZon5OYl66vk9+Xrp1RRGDFNSy5Py84vycVD1nCI1qPENFAZCOrbcUEAG6jw9kih7IFD2wKd1PJpzpV77PxMDoxcBalphTmgo0VwChyK80Nym1qG3NVFnuKQ+6oaaBgMxPAB++aG/yAAAA[0m[WARNING] It is highly recommended to fix these problems because they threaten the stability of your build.
[8mha:////4FBZTX2dzbUf3J2BCs0OxYKYrVYGhz+z5TpzD/IObZtdAAAAyx+LCAAAAAAAAP9b85aBtbiIQSOjNKU4P0+vIKc0PTOvWK8kMze1uCQxtyC1SC8ExvbLL0llgABGJgYmLwaB3MycnMzi4My85FTXgvzkDB8G3tScxILi1BRfsEwJg4BPVmJZon5OYl66vk9+Xrp1RRGDFNSy5Py84vycVD1nCI1qPENFAZCOrbcUEAW6jw9kih7IFD2wKd1PJpzpV77PxMDoxcBalphTmgo0VwChyK80Nym1qG3NVFnuKQ+6oaaBgMwvAPSYmL3yAAAA[0m[WARNING] 
[8mha:////4FBZTX2dzbUf3J2BCs0OxYKYrVYGhz+z5TpzD/IObZtdAAAAyx+LCAAAAAAAAP9b85aBtbiIQSOjNKU4P0+vIKc0PTOvWK8kMze1uCQxtyC1SC8ExvbLL0llgABGJgYmLwaB3MycnMzi4My85FTXgvzkDB8G3tScxILi1BRfsEwJg4BPVmJZon5OYl66vk9+Xrp1RRGDFNSy5Py84vycVD1nCI1qPENFAZCOrbcUEAW6jw9kih7IFD2wKd1PJpzpV77PxMDoxcBalphTmgo0VwChyK80Nym1qG3NVFnuKQ+6oaaBgMwvAPSYmL3yAAAA[0m[WARNING] For this reason, future Maven versions might no longer support building such malformed projects.
[8mha:////4FBZTX2dzbUf3J2BCs0OxYKYrVYGhz+z5TpzD/IObZtdAAAAyx+LCAAAAAAAAP9b85aBtbiIQSOjNKU4P0+vIKc0PTOvWK8kMze1uCQxtyC1SC8ExvbLL0llgABGJgYmLwaB3MycnMzi4My85FTXgvzkDB8G3tScxILi1BRfsEwJg4BPVmJZon5OYl66vk9+Xrp1RRGDFNSy5Py84vycVD1nCI1qPENFAZCOrbcUEAW6jw9kih7IFD2wKd1PJpzpV77PxMDoxcBalphTmgo0VwChyK80Nym1qG3NVFnuKQ+6oaaBgMwvAPSYmL3yAAAA[0m[WARNING] 
[8mha:////4FBZTX2dzbUf3J2BCs0OxYKYrVYGhz+z5TpzD/IObZtdAAAAyx+LCAAAAAAAAP9b85aBtbiIQSOjNKU4P0+vIKc0PTOvWK8kMze1uCQxtyC1SC8ExvbLL0llgABGJgYmLwaB3MycnMzi4My85FTXgvzkDB8G3tScxILi1BRfsEwJg4BPVmJZon5OYl66vk9+Xrp1RRGDFNSy5Py84vycVD1nCI1qPENFAZCOrbcUEAW6jw9kih7IFD2wKd1PJpzpV77PxMDoxcBalphTmgo0VwChyK80Nym1qG3NVFnuKQ+6oaaBgMwvAPSYmL3yAAAA[0m[INFO] ------------------------------------------------------------------------
[8mha:////4FBZTX2dzbUf3J2BCs0OxYKYrVYGhz+z5TpzD/IObZtdAAAAyx+LCAAAAAAAAP9b85aBtbiIQSOjNKU4P0+vIKc0PTOvWK8kMze1uCQxtyC1SC8ExvbLL0llgABGJgYmLwaB3MycnMzi4My85FTXgvzkDB8G3tScxILi1BRfsEwJg4BPVmJZon5OYl66vk9+Xrp1RRGDFNSy5Py84vycVD1nCI1qPENFAZCOrbcUEAW6jw9kih7IFD2wKd1PJpzpV77PxMDoxcBalphTmgo0VwChyK80Nym1qG3NVFnuKQ+6oaaBgMwvAPSYmL3yAAAA[0m[INFO] Reactor Build Order:
[8mha:////4FBZTX2dzbUf3J2BCs0OxYKYrVYGhz+z5TpzD/IObZtdAAAAyx+LCAAAAAAAAP9b85aBtbiIQSOjNKU4P0+vIKc0PTOvWK8kMze1uCQxtyC1SC8ExvbLL0llgABGJgYmLwaB3MycnMzi4My85FTXgvzkDB8G3tScxILi1BRfsEwJg4BPVmJZon5OYl66vk9+Xrp1RRGDFNSy5Py84vycVD1nCI1qPENFAZCOrbcUEAW6jw9kih7IFD2wKd1PJpzpV77PxMDoxcBalphTmgo0VwChyK80Nym1qG3NVFnuKQ+6oaaBgMwvAPSYmL3yAAAA[0m[INFO] 
[8mha:////4FBZTX2dzbUf3J2BCs0OxYKYrVYGhz+z5TpzD/IObZtdAAAAyx+LCAAAAAAAAP9b85aBtbiIQSOjNKU4P0+vIKc0PTOvWK8kMze1uCQxtyC1SC8ExvbLL0llgABGJgYmLwaB3MycnMzi4My85FTXgvzkDB8G3tScxILi1BRfsEwJg4BPVmJZon5OYl66vk9+Xrp1RRGDFNSy5Py84vycVD1nCI1qPENFAZCOrbcUEAW6jw9kih7IFD2wKd1PJpzpV77PxMDoxcBalphTmgo0VwChyK80Nym1qG3NVFnuKQ+6oaaBgMwvAPSYmL3yAAAA[0m[INFO] gameoflife
[8mha:////4FBZTX2dzbUf3J2BCs0OxYKYrVYGhz+z5TpzD/IObZtdAAAAyx+LCAAAAAAAAP9b85aBtbiIQSOjNKU4P0+vIKc0PTOvWK8kMze1uCQxtyC1SC8ExvbLL0llgABGJgYmLwaB3MycnMzi4My85FTXgvzkDB8G3tScxILi1BRfsEwJg4BPVmJZon5OYl66vk9+Xrp1RRGDFNSy5Py84vycVD1nCI1qPENFAZCOrbcUEAW6jw9kih7IFD2wKd1PJpzpV77PxMDoxcBalphTmgo0VwChyK80Nym1qG3NVFnuKQ+6oaaBgMwvAPSYmL3yAAAA[0m[INFO] gameoflife-build
[8mha:////4FBZTX2dzbUf3J2BCs0OxYKYrVYGhz+z5TpzD/IObZtdAAAAyx+LCAAAAAAAAP9b85aBtbiIQSOjNKU4P0+vIKc0PTOvWK8kMze1uCQxtyC1SC8ExvbLL0llgABGJgYmLwaB3MycnMzi4My85FTXgvzkDB8G3tScxILi1BRfsEwJg4BPVmJZon5OYl66vk9+Xrp1RRGDFNSy5Py84vycVD1nCI1qPENFAZCOrbcUEAW6jw9kih7IFD2wKd1PJpzpV77PxMDoxcBalphTmgo0VwChyK80Nym1qG3NVFnuKQ+6oaaBgMwvAPSYmL3yAAAA[0m[INFO] gameoflife-core
[8mha:////4FBZTX2dzbUf3J2BCs0OxYKYrVYGhz+z5TpzD/IObZtdAAAAyx+LCAAAAAAAAP9b85aBtbiIQSOjNKU4P0+vIKc0PTOvWK8kMze1uCQxtyC1SC8ExvbLL0llgABGJgYmLwaB3MycnMzi4My85FTXgvzkDB8G3tScxILi1BRfsEwJg4BPVmJZon5OYl66vk9+Xrp1RRGDFNSy5Py84vycVD1nCI1qPENFAZCOrbcUEAW6jw9kih7IFD2wKd1PJpzpV77PxMDoxcBalphTmgo0VwChyK80Nym1qG3NVFnuKQ+6oaaBgMwvAPSYmL3yAAAA[0m[INFO] gameoflife-web
[8mha:////4FBZTX2dzbUf3J2BCs0OxYKYrVYGhz+z5TpzD/IObZtdAAAAyx+LCAAAAAAAAP9b85aBtbiIQSOjNKU4P0+vIKc0PTOvWK8kMze1uCQxtyC1SC8ExvbLL0llgABGJgYmLwaB3MycnMzi4My85FTXgvzkDB8G3tScxILi1BRfsEwJg4BPVmJZon5OYl66vk9+Xrp1RRGDFNSy5Py84vycVD1nCI1qPENFAZCOrbcUEAW6jw9kih7IFD2wKd1PJpzpV77PxMDoxcBalphTmgo0VwChyK80Nym1qG3NVFnuKQ+6oaaBgMwvAPSYmL3yAAAA[0m[INFO] 
[8mha:////4FBZTX2dzbUf3J2BCs0OxYKYrVYGhz+z5TpzD/IObZtdAAAAyx+LCAAAAAAAAP9b85aBtbiIQSOjNKU4P0+vIKc0PTOvWK8kMze1uCQxtyC1SC8ExvbLL0llgABGJgYmLwaB3MycnMzi4My85FTXgvzkDB8G3tScxILi1BRfsEwJg4BPVmJZon5OYl66vk9+Xrp1RRGDFNSy5Py84vycVD1nCI1qPENFAZCOrbcUEAW6jw9kih7IFD2wKd1PJpzpV77PxMDoxcBalphTmgo0VwChyK80Nym1qG3NVFnuKQ+6oaaBgMwvAPSYmL3yAAAA[0m[INFO] ------------------------------------------------------------------------
[8mha:////4FBZTX2dzbUf3J2BCs0OxYKYrVYGhz+z5TpzD/IObZtdAAAAyx+LCAAAAAAAAP9b85aBtbiIQSOjNKU4P0+vIKc0PTOvWK8kMze1uCQxtyC1SC8ExvbLL0llgABGJgYmLwaB3MycnMzi4My85FTXgvzkDB8G3tScxILi1BRfsEwJg4BPVmJZon5OYl66vk9+Xrp1RRGDFNSy5Py84vycVD1nCI1qPENFAZCOrbcUEAW6jw9kih7IFD2wKd1PJpzpV77PxMDoxcBalphTmgo0VwChyK80Nym1qG3NVFnuKQ+6oaaBgMwvAPSYmL3yAAAA[0m[INFO] Building gameoflife 1.0-SNAPSHOT
[8mha:////4FBZTX2dzbUf3J2BCs0OxYKYrVYGhz+z5TpzD/IObZtdAAAAyx+LCAAAAAAAAP9b85aBtbiIQSOjNKU4P0+vIKc0PTOvWK8kMze1uCQxtyC1SC8ExvbLL0llgABGJgYmLwaB3MycnMzi4My85FTXgvzkDB8G3tScxILi1BRfsEwJg4BPVmJZon5OYl66vk9+Xrp1RRGDFNSy5Py84vycVD1nCI1qPENFAZCOrbcUEAW6jw9kih7IFD2wKd1PJpzpV77PxMDoxcBalphTmgo0VwChyK80Nym1qG3NVFnuKQ+6oaaBgMwvAPSYmL3yAAAA[0m[INFO] ------------------------------------------------------------------------
[8mha:////4FBZTX2dzbUf3J2BCs0OxYKYrVYGhz+z5TpzD/IObZtdAAAAyx+LCAAAAAAAAP9b85aBtbiIQSOjNKU4P0+vIKc0PTOvWK8kMze1uCQxtyC1SC8ExvbLL0llgABGJgYmLwaB3MycnMzi4My85FTXgvzkDB8G3tScxILi1BRfsEwJg4BPVmJZon5OYl66vk9+Xrp1RRGDFNSy5Py84vycVD1nCI1qPENFAZCOrbcUEAW6jw9kih7IFD2wKd1PJpzpV77PxMDoxcBalphTmgo0VwChyK80Nym1qG3NVFnuKQ+6oaaBgMwvAPSYmL3yAAAA[0m[INFO] 
[8mha:////4FBZTX2dzbUf3J2BCs0OxYKYrVYGhz+z5TpzD/IObZtdAAAAyx+LCAAAAAAAAP9b85aBtbiIQSOjNKU4P0+vIKc0PTOvWK8kMze1uCQxtyC1SC8ExvbLL0llgABGJgYmLwaB3MycnMzi4My85FTXgvzkDB8G3tScxILi1BRfsEwJg4BPVmJZon5OYl66vk9+Xrp1RRGDFNSy5Py84vycVD1nCI1qPENFAZCOrbcUEAW6jw9kih7IFD2wKd1PJpzpV77PxMDoxcBalphTmgo0VwChyK80Nym1qG3NVFnuKQ+6oaaBgMwvAPSYmL3yAAAA[0m[INFO] --- maven-clean-plugin:2.5:clean (default-clean) @ gameoflife ---
[8mha:////4A9bH2lzHIxRbJjnwj7rNU4YFb02KuryClO3ZgQcX03cAAAAyx+LCAAAAAAAAP9b85aBtbiIQSOjNKU4P0+vIKc0PTOvWK8kMze1uCQxtyC1SC8ExvbLL0llgABGJgYmLwaB3MycnMzi4My85FTXgvzkDB8G3tScxILi1BRfsEwJg4BPVmJZon5OYl66vk9+Xrp1RRGDFNSy5Py84vycVD1nCI1qPENFAZCOrbcUFAG6jw9kih7IFD2wKd1PJpzpV77PxMDoxcBalphTmgo0VwChyK80Nym1qG3NVFnuKQ+6oaaBgOxPAEsXVGryAAAA[0m[INFO] Deleting /var/lib/jenkins/workspace/CTC_Demo/target
[8mha:////4J9h6K1uYNfnA4+A/Z18ox9D+o9ZDJPRyWLm7AzxhKiMAAAAyx+LCAAAAAAAAP9b85aBtbiIQSOjNKU4P0+vIKc0PTOvWK8kMze1uCQxtyC1SC8ExvbLL0llgABGJgYmLwaB3MycnMzi4My85FTXgvzkDB8G3tScxILi1BRfsEwJg4BPVmJZon5OYl66vk9+Xrp1RRGDFNSy5Py84vycVD1nCI1qPENFAZCOrbcUFAO6jw9kih7IFD2wKd1PJpzpV77PxMDoxcBalphTmgo0VwChyK80Nym1qG3NVFnuKQ+6oaaBgOxvAMWYqBPyAAAA[0m[INFO] 
[8mha:////4MUqMxyRMpy3dLpUFLxvBGzWN0EnOealG9pub3V4fIFhAAAAyx+LCAAAAAAAAP9b85aBtbiIQSOjNKU4P0+vIKc0PTOvWK8kMze1uCQxtyC1SC8ExvbLL0llgABGJgYmLwaB3MycnMzi4My85FTXgvzkDB8G3tScxILi1BRfsEwJg4BPVmJZon5OYl66vk9+Xrp1RRGDFNSy5Py84vycVD1nCI1qPENFAZCOrbcUFAe6jw9kih7IFD2wKd1PJpzpV77PxMDoxcBalphTmgo0VwChyK80Nym1qG3NVFnuKQ+6oaaBgOwfADd6NcbyAAAA[0m[INFO] --- maven-enforcer-plugin:1.0:enforce (enforce-versions) @ gameoflife ---
[8mha:////4G3SQi632vrJlMlM13ClIHbKR0NDtm4RAlaypv48fVugAAAAyx+LCAAAAAAAAP9b85aBtbiIQSOjNKU4P0+vIKc0PTOvWK8kMze1uCQxtyC1SC8ExvbLL0llgABGJgYmLwaB3MycnMzi4My85FTXgvzkDB8G3tScxILi1BRfsEwJg4BPVmJZon5OYl66vk9+Xrp1RRGDFNSy5Py84vycVD1nCI1qPENFAZCOrbcUdgO6jw9kih7IFD2wKd1PJpzpV77PxMDoxcBalphTmgo0VwChyK80Nym1qG3NVFnuKQ+6oaaBgII2AArW2eryAAAA[0m[INFO] 
[8mha:////4H959fQ+0GrWKglrA/4IIR+XBHQLk4mMQLUd8Net+0l5AAAAyx+LCAAAAAAAAP9b85aBtbiIQSOjNKU4P0+vIKc0PTOvWK8kMze1uCQxtyC1SC8ExvbLL0llgABGJgYmLwaB3MycnMzi4My85FTXgvzkDB8G3tScxILi1BRfsEwJg4BPVmJZon5OYl66vk9+Xrp1RRGDFNSy5Py84vycVD1nCI1qPENFAZCOrbcU9gS6jw9kih7IFD2wKd1PJpzpV77PxMDoxcBalphTmgo0VwChyK80Nym1qG3NVFnuKQ+6oaaBgIIeADjQdIDyAAAA[0m[INFO] --- jacoco-maven-plugin:0.7.2.201409121644:prepare-agent (jacoco-initialize) @ gameoflife ---
[8mha:////4ITOdHiHqEbgL7oTtI1pCo/JjprgkK6PJujZFqvobSFeAAAAyx+LCAAAAAAAAP9b85aBtbiIQSOjNKU4P0+vIKc0PTOvWK8kMze1uCQxtyC1SC8ExvbLL0llgABGJgYmLwaB3MycnMzi4My85FTXgvzkDB8G3tScxILi1BRfsEwJg4BPVmJZon5OYl66vk9+Xrp1RRGDFNSy5Py84vycVD1nCI1qPENFAZCOrbeU2AB0Hx/IFD2QKXpgU7qfTDjTr3yfiYHRi4G1LDGnNBVorgBCkV9pblJqUduaqbLcUx50Q00DAdWpAGXMS2ryAAAA[0m[INFO] argLine set to -javaagent:/var/lib/jenkins/.m2/repository/org/jacoco/org.jacoco.agent/0.7.2.201409121644/org.jacoco.agent-0.7.2.201409121644-runtime.jar=destfile=/var/lib/jenkins/workspace/CTC_Demo/target/jacoco.exec
[8mha:////4K50+bNo6cavtokJzuAbiPPg1pd6uhPfl4RqJN6lqDinAAAAyx+LCAAAAAAAAP9b85aBtbiIQSOjNKU4P0+vIKc0PTOvWK8kMze1uCQxtyC1SC8ExvbLL0llgABGJgYmLwaB3MycnMzi4My85FTXgvzkDB8G3tScxILi1BRfsEwJg4BPVmJZon5OYl66vk9+Xrp1RRGDFNSy5Py84vycVD1nCI1qPENFAZCOrbeU2Ah0Hx/IFD2QKXpgU7qfTDjTr3yfiYHRi4G1LDGnNBVorgBCkV9pblJqUduaqbLcUx50Q00DAdVpAI7qu7jyAAAA[0m[INFO] 
[8mha:////4K50+bNo6cavtokJzuAbiPPg1pd6uhPfl4RqJN6lqDinAAAAyx+LCAAAAAAAAP9b85aBtbiIQSOjNKU4P0+vIKc0PTOvWK8kMze1uCQxtyC1SC8ExvbLL0llgABGJgYmLwaB3MycnMzi4My85FTXgvzkDB8G3tScxILi1BRfsEwJg4BPVmJZon5OYl66vk9+Xrp1RRGDFNSy5Py84vycVD1nCI1qPENFAZCOrbeU2Ah0Hx/IFD2QKXpgU7qfTDjTr3yfiYHRi4G1LDGnNBVorgBCkV9pblJqUduaqbLcUx50Q00DAdVpAI7qu7jyAAAA[0m[INFO] --- maven-surefire-plugin:2.11:test (unit-tests) @ gameoflife ---
[8mha:////4K50+bNo6cavtokJzuAbiPPg1pd6uhPfl4RqJN6lqDinAAAAyx+LCAAAAAAAAP9b85aBtbiIQSOjNKU4P0+vIKc0PTOvWK8kMze1uCQxtyC1SC8ExvbLL0llgABGJgYmLwaB3MycnMzi4My85FTXgvzkDB8G3tScxILi1BRfsEwJg4BPVmJZon5OYl66vk9+Xrp1RRGDFNSy5Py84vycVD1nCI1qPENFAZCOrbeU2Ah0Hx/IFD2QKXpgU7qfTDjTr3yfiYHRi4G1LDGnNBVorgBCkV9pblJqUduaqbLcUx50Q00DAdVpAI7qu7jyAAAA[0m[INFO] No tests to run.
[8mha:////4K50+bNo6cavtokJzuAbiPPg1pd6uhPfl4RqJN6lqDinAAAAyx+LCAAAAAAAAP9b85aBtbiIQSOjNKU4P0+vIKc0PTOvWK8kMze1uCQxtyC1SC8ExvbLL0llgABGJgYmLwaB3MycnMzi4My85FTXgvzkDB8G3tScxILi1BRfsEwJg4BPVmJZon5OYl66vk9+Xrp1RRGDFNSy5Py84vycVD1nCI1qPENFAZCOrbeU2Ah0Hx/IFD2QKXpgU7qfTDjTr3yfiYHRi4G1LDGnNBVorgBCkV9pblJqUduaqbLcUx50Q00DAdVpAI7qu7jyAAAA[0m[INFO] Surefire report directory: /var/lib/jenkins/workspace/CTC_Demo/target/surefire-reports
[8mha:////4AzuJPyi4yDMHcQmmLrHllop72Az3RVgycOUim7B5UPFAAAAyx+LCAAAAAAAAP9b85aBtbiIQSOjNKU4P0+vIKc0PTOvWK8kMze1uCQxtyC1SC8ExvbLL0llgABGJgYmLwaB3MycnMzi4My85FTXgvzkDB8G3tScxILi1BRfsEwJg4BPVmJZon5OYl66vk9+Xrp1RRGDFNSy5Py84vycVD1nCI1qPENFAZCOrbeUXAd0Hx/IFD2QKXpgU7qfTDjTr3yfiYHRi4G1LDGnNBVorgBCkV9pblJqUduaqbLcUx50Q00DAbXJAPxHrYHyAAAA[0m
[8mha:////4I9G1s7eXw61dETQNaTAGTZrk2xdNZqM9bZhX8oMkHD0AAAAyx+LCAAAAAAAAP9b85aBtbiIQSOjNKU4P0+vIKc0PTOvWK8kMze1uCQxtyC1SC8ExvbLL0llgABGJgYmLwaB3MycnMzi4My85FTXgvzkDB8G3tScxILi1BRfsEwJg4BPVmJZon5OYl66vk9+Xrp1RRGDFNSy5Py84vycVD1nCI1qPENFAZCOrbeUXA90Hx/IFD2QKXpgU7qfTDjTr3yfiYHRi4G1LDGnNBVorgBCkV9pblJqUduaqbLcUx50Q00DAbUpAA6lMFTyAAAA[0m-------------------------------------------------------
[8mha:////4I9G1s7eXw61dETQNaTAGTZrk2xdNZqM9bZhX8oMkHD0AAAAyx+LCAAAAAAAAP9b85aBtbiIQSOjNKU4P0+vIKc0PTOvWK8kMze1uCQxtyC1SC8ExvbLL0llgABGJgYmLwaB3MycnMzi4My85FTXgvzkDB8G3tScxILi1BRfsEwJg4BPVmJZon5OYl66vk9+Xrp1RRGDFNSy5Py84vycVD1nCI1qPENFAZCOrbeUXA90Hx/IFD2QKXpgU7qfTDjTr3yfiYHRi4G1LDGnNBVorgBCkV9pblJqUduaqbLcUx50Q00DAbUpAA6lMFTyAAAA[0m T E S T S
[8mha:////4I9G1s7eXw61dETQNaTAGTZrk2xdNZqM9bZhX8oMkHD0AAAAyx+LCAAAAAAAAP9b85aBtbiIQSOjNKU4P0+vIKc0PTOvWK8kMze1uCQxtyC1SC8ExvbLL0llgABGJgYmLwaB3MycnMzi4My85FTXgvzkDB8G3tScxILi1BRfsEwJg4BPVmJZon5OYl66vk9+Xrp1RRGDFNSy5Py84vycVD1nCI1qPENFAZCOrbeUXA90Hx/IFD2QKXpgU7qfTDjTr3yfiYHRi4G1LDGnNBVorgBCkV9pblJqUduaqbLcUx50Q00DAbUpAA6lMFTyAAAA[0m-------------------------------------------------------
[8mha:////4IcUy3j5MrLV/oyp+h8ttnprP/sra+KJ7JQVpS7rnsy9AAAAyx+LCAAAAAAAAP9b85aBtbiIQSOjNKU4P0+vIKc0PTOvWK8kMze1uCQxtyC1SC8ExvbLL0llgABGJgYmLwaB3MycnMzi4My85FTXgvzkDB8G3tScxILi1BRfsEwJg4BPVmJZon5OYl66vk9+Xrp1RRGDFNSy5Py84vycVD1nCI1qPENFAZCOrbdUZAG6jw9kih7IFD2wKd1PJpzpV77PxMDoxcBalphTmgo0VwChyK80Nym1qG3NVFnuKQ+6oaaBgO5LAHnYDefyAAAA[0m
[8mha:////4DgmFo9HwWOS2snYSLdTcgzg6QqhMbOjHqSYl/9W14S4AAAAyx+LCAAAAAAAAP9b85aBtbiIQSOjNKU4P0+vIKc0PTOvWK8kMze1uCQxtyC1SC8ExvbLL0llgABGJgYmLwaB3MycnMzi4My85FTXgvzkDB8G3tScxILi1BRfsEwJg4BPVmJZon5OYl66vk9+Xrp1RRGDFNSy5Py84vycVD1nCI1qPENFAZCOrbdUZAO6jw9kih7IFD2wKd1PJpzpV77PxMDoxcBalphTmgo0VwChyK80Nym1qG3NVFnuKQ+6oaaBgO5rAPdX8Z7yAAAA[0mResults :
[8mha:////4DgmFo9HwWOS2snYSLdTcgzg6QqhMbOjHqSYl/9W14S4AAAAyx+LCAAAAAAAAP9b85aBtbiIQSOjNKU4P0+vIKc0PTOvWK8kMze1uCQxtyC1SC8ExvbLL0llgABGJgYmLwaB3MycnMzi4My85FTXgvzkDB8G3tScxILi1BRfsEwJg4BPVmJZon5OYl66vk9+Xrp1RRGDFNSy5Py84vycVD1nCI1qPENFAZCOrbdUZAO6jw9kih7IFD2wKd1PJpzpV77PxMDoxcBalphTmgo0VwChyK80Nym1qG3NVFnuKQ+6oaaBgO5rAPdX8Z7yAAAA[0m
[8mha:////4DgmFo9HwWOS2snYSLdTcgzg6QqhMbOjHqSYl/9W14S4AAAAyx+LCAAAAAAAAP9b85aBtbiIQSOjNKU4P0+vIKc0PTOvWK8kMze1uCQxtyC1SC8ExvbLL0llgABGJgYmLwaB3MycnMzi4My85FTXgvzkDB8G3tScxILi1BRfsEwJg4BPVmJZon5OYl66vk9+Xrp1RRGDFNSy5Py84vycVD1nCI1qPENFAZCOrbdUZAO6jw9kih7IFD2wKd1PJpzpV77PxMDoxcBalphTmgo0VwChyK80Nym1qG3NVFnuKQ+6oaaBgO5rAPdX8Z7yAAAA[0mTests run: 0, Failures: 0, Errors: 0, Skipped: 0
[8mha:////4DgmFo9HwWOS2snYSLdTcgzg6QqhMbOjHqSYl/9W14S4AAAAyx+LCAAAAAAAAP9b85aBtbiIQSOjNKU4P0+vIKc0PTOvWK8kMze1uCQxtyC1SC8ExvbLL0llgABGJgYmLwaB3MycnMzi4My85FTXgvzkDB8G3tScxILi1BRfsEwJg4BPVmJZon5OYl66vk9+Xrp1RRGDFNSy5Py84vycVD1nCI1qPENFAZCOrbdUZAO6jw9kih7IFD2wKd1PJpzpV77PxMDoxcBalphTmgo0VwChyK80Nym1qG3NVFnuKQ+6oaaBgO5rAPdX8Z7yAAAA[0m
[8mha:////4DgmFo9HwWOS2snYSLdTcgzg6QqhMbOjHqSYl/9W14S4AAAAyx+LCAAAAAAAAP9b85aBtbiIQSOjNKU4P0+vIKc0PTOvWK8kMze1uCQxtyC1SC8ExvbLL0llgABGJgYmLwaB3MycnMzi4My85FTXgvzkDB8G3tScxILi1BRfsEwJg4BPVmJZon5OYl66vk9+Xrp1RRGDFNSy5Py84vycVD1nCI1qPENFAZCOrbdUZAO6jw9kih7IFD2wKd1PJpzpV77PxMDoxcBalphTmgo0VwChyK80Nym1qG3NVFnuKQ+6oaaBgO5rAPdX8Z7yAAAA[0m[INFO] 
[8mha:////4DgmFo9HwWOS2snYSLdTcgzg6QqhMbOjHqSYl/9W14S4AAAAyx+LCAAAAAAAAP9b85aBtbiIQSOjNKU4P0+vIKc0PTOvWK8kMze1uCQxtyC1SC8ExvbLL0llgABGJgYmLwaB3MycnMzi4My85FTXgvzkDB8G3tScxILi1BRfsEwJg4BPVmJZon5OYl66vk9+Xrp1RRGDFNSy5Py84vycVD1nCI1qPENFAZCOrbdUZAO6jw9kih7IFD2wKd1PJpzpV77PxMDoxcBalphTmgo0VwChyK80Nym1qG3NVFnuKQ+6oaaBgO5rAPdX8Z7yAAAA[0m[INFO] --- maven-easyb-plugin:1.4:test (default) @ gameoflife ---
[8mha:////4ACHg4GMRv8yVa+4nByehFp1znlNCQKkBkWXNHEDcB1AAAAAyx+LCAAAAAAAAP9b85aBtbiIQSOjNKU4P0+vIKc0PTOvWK8kMze1uCQxtyC1SC8ExvbLL0llgABGJgYmLwaB3MycnMzi4My85FTXgvzkDB8G3tScxILi1BRfsEwJg4BPVmJZon5OYl66vk9+Xrp1RRGDFNSy5Py84vycVD1nCI1qPENFAZCOrbdU8wO6jw9kih7IFD2wKd1PJpzpV77PxMDoxcBalphTmgo0VwChyK80Nym1qG3NVFnuKQ+6oaaBgLExAPfOou3yAAAA[0m[INFO] /var/lib/jenkins/workspace/CTC_Demo/src/test/stories does not exists.  Skipping easyb testing
[8mha:////4IdaMXe2MQvURBsBZIYQaq39aBbeg48baBySZ4pOMPakAAAAyx+LCAAAAAAAAP9b85aBtbiIQSOjNKU4P0+vIKc0PTOvWK8kMze1uCQxtyC1SC8ExvbLL0llgABGJgYmLwaB3MycnMzi4My85FTXgvzkDB8G3tScxILi1BRfsEwJg4BPVmJZon5OYl66vk9+Xrp1RRGDFNSy5Py84vycVD1nCI1qPENFAZCOrbdUCwC6jw9kih7IFD2wKd1PJpzpV77PxMDoxcBalphTmgo0VwChyK80Nym1qG3NVFnuKQ+6oaaBgLEpALiOTjHyAAAA[0m[INFO] 
[8mha:////4Io7JSpgpCm0YoekI06bi3ROaXhINvLf8jjTMa06F4AbAAAAyx+LCAAAAAAAAP9b85aBtbiIQSOjNKU4P0+vIKc0PTOvWK8kMze1uCQxtyC1SC8ExvbLL0llgABGJgYmLwaB3MycnMzi4My85FTXgvzkDB8G3tScxILi1BRfsEwJg4BPVmJZon5OYl66vk9+Xrp1RRGDFNSy5Py84vycVD1nCI1qPENFAZCOrbdUCwS6jw9kih7IFD2wKd1PJpzpV77PxMDoxcBalphTmgo0VwChyK80Nym1qG3NVFnuKQ+6oaaBgLEZAFOovuPyAAAA[0m[INFO] ------------------------------------------------------------------------
[8mha:////4Io7JSpgpCm0YoekI06bi3ROaXhINvLf8jjTMa06F4AbAAAAyx+LCAAAAAAAAP9b85aBtbiIQSOjNKU4P0+vIKc0PTOvWK8kMze1uCQxtyC1SC8ExvbLL0llgABGJgYmLwaB3MycnMzi4My85FTXgvzkDB8G3tScxILi1BRfsEwJg4BPVmJZon5OYl66vk9+Xrp1RRGDFNSy5Py84vycVD1nCI1qPENFAZCOrbdUCwS6jw9kih7IFD2wKd1PJpzpV77PxMDoxcBalphTmgo0VwChyK80Nym1qG3NVFnuKQ+6oaaBgLEZAFOovuPyAAAA[0m[INFO] Building gameoflife-build 1.0-SNAPSHOT
[8mha:////4Io7JSpgpCm0YoekI06bi3ROaXhINvLf8jjTMa06F4AbAAAAyx+LCAAAAAAAAP9b85aBtbiIQSOjNKU4P0+vIKc0PTOvWK8kMze1uCQxtyC1SC8ExvbLL0llgABGJgYmLwaB3MycnMzi4My85FTXgvzkDB8G3tScxILi1BRfsEwJg4BPVmJZon5OYl66vk9+Xrp1RRGDFNSy5Py84vycVD1nCI1qPENFAZCOrbdUCwS6jw9kih7IFD2wKd1PJpzpV77PxMDoxcBalphTmgo0VwChyK80Nym1qG3NVFnuKQ+6oaaBgLEZAFOovuPyAAAA[0m[INFO] ------------------------------------------------------------------------
[8mha:////4N6FgPQUm9slQ3fz7c9vv2XIBeaGv1E3awrI+hKeOuKOAAAAyx+LCAAAAAAAAP9b85aBtbiIQSOjNKU4P0+vIKc0PTOvWK8kMze1uCQxtyC1SC8ExvbLL0llgABGJgYmLwaB3MycnMzi4My85FTXgvzkDB8G3tScxILi1BRfsEwJg4BPVmJZon5OYl66vk9+Xrp1RRGDFNSy5Py84vycVD1nCI1qPENFAZCOrbdU9we6jw9kih7IFD2wKd1PJpzpV77PxMDoxcBalphTmgo0VwChyK80Nym1qG3NVFnuKQ+6oaaBgIkJANciWWvyAAAA[0m[INFO] 
[8mha:////4JrTOIpbRRPdldKUxwGvt1UT/IOmpAW4oInn2xCSu8lOAAAAyx+LCAAAAAAAAP9b85aBtbiIQSOjNKU4P0+vIKc0PTOvWK8kMze1uCQxtyC1SC8ExvbLL0llgABGJgYmLwaB3MycnMzi4My85FTXgvzkDB8G3tScxILi1BRfsEwJg4BPVmJZon5OYl66vk9+Xrp1RRGDFNSy5Py84vycVD1nCI1qPENFAZCOrbdUDwC6jw9kih7IFD2wKd1PJpzpV77PxMDoxcBalphTmgo0VwChyK80Nym1qG3NVFnuKQ+6oaaBgIkpAGqAKGLyAAAA[0m[INFO] --- maven-clean-plugin:2.5:clean (default-clean) @ gameoflife-build ---
[8mha:////4Ao6RN2eSck4CAWdaOe/3oAMegDZIJyZ75pOz4G10VH0AAAAyx+LCAAAAAAAAP9b85aBtbiIQSOjNKU4P0+vIKc0PTOvWK8kMze1uCQxtyC1SC8ExvbLL0llgABGJgYmLwaB3MycnMzi4My85FTXgvzkDB8G3tScxILi1BRfsEwJg4BPVmJZon5OYl66vk9+Xrp1RRGDFNSy5Py84vycVD1nCI1qPENFAZCOrbdUDwS6jw9kih7IFD2wKd1PJpzpV77PxMDoxcBalphTmgo0VwChyK80Nym1qG3NVFnuKQ+6oaaBgIkZAIGm2LDyAAAA[0m[INFO] Deleting /var/lib/jenkins/workspace/CTC_Demo/gameoflife-build/target
[8mha:////4Ao6RN2eSck4CAWdaOe/3oAMegDZIJyZ75pOz4G10VH0AAAAyx+LCAAAAAAAAP9b85aBtbiIQSOjNKU4P0+vIKc0PTOvWK8kMze1uCQxtyC1SC8ExvbLL0llgABGJgYmLwaB3MycnMzi4My85FTXgvzkDB8G3tScxILi1BRfsEwJg4BPVmJZon5OYl66vk9+Xrp1RRGDFNSy5Py84vycVD1nCI1qPENFAZCOrbdUDwS6jw9kih7IFD2wKd1PJpzpV77PxMDoxcBalphTmgo0VwChyK80Nym1qG3NVFnuKQ+6oaaBgIkZAIGm2LDyAAAA[0m[INFO] 
[8mha:////4Ao6RN2eSck4CAWdaOe/3oAMegDZIJyZ75pOz4G10VH0AAAAyx+LCAAAAAAAAP9b85aBtbiIQSOjNKU4P0+vIKc0PTOvWK8kMze1uCQxtyC1SC8ExvbLL0llgABGJgYmLwaB3MycnMzi4My85FTXgvzkDB8G3tScxILi1BRfsEwJg4BPVmJZon5OYl66vk9+Xrp1RRGDFNSy5Py84vycVD1nCI1qPENFAZCOrbdUDwS6jw9kih7IFD2wKd1PJpzpV77PxMDoxcBalphTmgo0VwChyK80Nym1qG3NVFnuKQ+6oaaBgIkZAIGm2LDyAAAA[0m[INFO] --- maven-enforcer-plugin:1.0:enforce (enforce-versions) @ gameoflife-build ---
[8mha:////4Ao6RN2eSck4CAWdaOe/3oAMegDZIJyZ75pOz4G10VH0AAAAyx+LCAAAAAAAAP9b85aBtbiIQSOjNKU4P0+vIKc0PTOvWK8kMze1uCQxtyC1SC8ExvbLL0llgABGJgYmLwaB3MycnMzi4My85FTXgvzkDB8G3tScxILi1BRfsEwJg4BPVmJZon5OYl66vk9+Xrp1RRGDFNSy5Py84vycVD1nCI1qPENFAZCOrbdUDwS6jw9kih7IFD2wKd1PJpzpV77PxMDoxcBalphTmgo0VwChyK80Nym1qG3NVFnuKQ+6oaaBgIkZAIGm2LDyAAAA[0m[INFO] 
[8mha:////4Ao6RN2eSck4CAWdaOe/3oAMegDZIJyZ75pOz4G10VH0AAAAyx+LCAAAAAAAAP9b85aBtbiIQSOjNKU4P0+vIKc0PTOvWK8kMze1uCQxtyC1SC8ExvbLL0llgABGJgYmLwaB3MycnMzi4My85FTXgvzkDB8G3tScxILi1BRfsEwJg4BPVmJZon5OYl66vk9+Xrp1RRGDFNSy5Py84vycVD1nCI1qPENFAZCOrbdUDwS6jw9kih7IFD2wKd1PJpzpV77PxMDoxcBalphTmgo0VwChyK80Nym1qG3NVFnuKQ+6oaaBgIkZAIGm2LDyAAAA[0m[INFO] --- maven-resources-plugin:2.6:resources (default-resources) @ gameoflife-build ---
[8mha:////4H6ueeFmX3QBic8kBYnC6Jx3+6PrQA7h4DgdVuJ/Cc2OAAAAyx+LCAAAAAAAAP9b85aBtbiIQSOjNKU4P0+vIKc0PTOvWK8kMze1uCQxtyC1SC8ExvbLL0llgABGJgYmLwaB3MycnMzi4My85FTXgvzkDB8G3tScxILi1BRfsEwJg4BPVmJZon5OYl66vk9+Xrp1RRGDFNSy5Py84vycVD1nCI1qPENFAZCOrbfU8Ae6jw9kih7IFD2wKd1PJpzpV77PxMDoxcBalphTmgo0VwChyK80Nym1qG3NVFnuKQ+6oaaBgKkJAFUbiMfyAAAA[0m[INFO] Using 'UTF-8' encoding to copy filtered resources.
[8mha:////4FQwuoQYnlAZJD2KGrmHtBx5sojxeJjRMt8LRynh4FN/AAAAyx+LCAAAAAAAAP9b85aBtbiIQSOjNKU4P0+vIKc0PTOvWK8kMze1uCQxtyC1SC8ExvbLL0llgABGJgYmLwaB3MycnMzi4My85FTXgvzkDB8G3tScxILi1BRfsEwJg4BPVmJZon5OYl66vk9+Xrp1RRGDFNSy5Py84vycVD1nCI1qPENFAZCOrbfUCAS6jw9kih7IFD2wKd1PJpzpV77PxMDoxcBalphTmgo0VwChyK80Nym1qG3NVFnuKQ+6oaaBgKkZAAOfCRzyAAAA[0m[INFO] Copying 2 resources
[8mha:////4FQwuoQYnlAZJD2KGrmHtBx5sojxeJjRMt8LRynh4FN/AAAAyx+LCAAAAAAAAP9b85aBtbiIQSOjNKU4P0+vIKc0PTOvWK8kMze1uCQxtyC1SC8ExvbLL0llgABGJgYmLwaB3MycnMzi4My85FTXgvzkDB8G3tScxILi1BRfsEwJg4BPVmJZon5OYl66vk9+Xrp1RRGDFNSy5Py84vycVD1nCI1qPENFAZCOrbfUCAS6jw9kih7IFD2wKd1PJpzpV77PxMDoxcBalphTmgo0VwChyK80Nym1qG3NVFnuKQ+6oaaBgKkZAAOfCRzyAAAA[0m[INFO] 
[8mha:////4FQwuoQYnlAZJD2KGrmHtBx5sojxeJjRMt8LRynh4FN/AAAAyx+LCAAAAAAAAP9b85aBtbiIQSOjNKU4P0+vIKc0PTOvWK8kMze1uCQxtyC1SC8ExvbLL0llgABGJgYmLwaB3MycnMzi4My85FTXgvzkDB8G3tScxILi1BRfsEwJg4BPVmJZon5OYl66vk9+Xrp1RRGDFNSy5Py84vycVD1nCI1qPENFAZCOrbfUCAS6jw9kih7IFD2wKd1PJpzpV77PxMDoxcBalphTmgo0VwChyK80Nym1qG3NVFnuKQ+6oaaBgKkZAAOfCRzyAAAA[0m[INFO] --- jacoco-maven-plugin:0.7.2.201409121644:prepare-agent (jacoco-initialize) @ gameoflife-build ---
[8mha:////4FQwuoQYnlAZJD2KGrmHtBx5sojxeJjRMt8LRynh4FN/AAAAyx+LCAAAAAAAAP9b85aBtbiIQSOjNKU4P0+vIKc0PTOvWK8kMze1uCQxtyC1SC8ExvbLL0llgABGJgYmLwaB3MycnMzi4My85FTXgvzkDB8G3tScxILi1BRfsEwJg4BPVmJZon5OYl66vk9+Xrp1RRGDFNSy5Py84vycVD1nCI1qPENFAZCOrbfUCAS6jw9kih7IFD2wKd1PJpzpV77PxMDoxcBalphTmgo0VwChyK80Nym1qG3NVFnuKQ+6oaaBgKkZAAOfCRzyAAAA[0m[INFO] argLine set to -javaagent:/var/lib/jenkins/.m2/repository/org/jacoco/org.jacoco.agent/0.7.2.201409121644/org.jacoco.agent-0.7.2.201409121644-runtime.jar=destfile=/var/lib/jenkins/workspace/CTC_Demo/gameoflife-build/target/jacoco.exec
[8mha:////4FQwuoQYnlAZJD2KGrmHtBx5sojxeJjRMt8LRynh4FN/AAAAyx+LCAAAAAAAAP9b85aBtbiIQSOjNKU4P0+vIKc0PTOvWK8kMze1uCQxtyC1SC8ExvbLL0llgABGJgYmLwaB3MycnMzi4My85FTXgvzkDB8G3tScxILi1BRfsEwJg4BPVmJZon5OYl66vk9+Xrp1RRGDFNSy5Py84vycVD1nCI1qPENFAZCOrbfUCAS6jw9kih7IFD2wKd1PJpzpV77PxMDoxcBalphTmgo0VwChyK80Nym1qG3NVFnuKQ+6oaaBgKkZAAOfCRzyAAAA[0m[INFO] 
[8mha:////4FQwuoQYnlAZJD2KGrmHtBx5sojxeJjRMt8LRynh4FN/AAAAyx+LCAAAAAAAAP9b85aBtbiIQSOjNKU4P0+vIKc0PTOvWK8kMze1uCQxtyC1SC8ExvbLL0llgABGJgYmLwaB3MycnMzi4My85FTXgvzkDB8G3tScxILi1BRfsEwJg4BPVmJZon5OYl66vk9+Xrp1RRGDFNSy5Py84vycVD1nCI1qPENFAZCOrbfUCAS6jw9kih7IFD2wKd1PJpzpV77PxMDoxcBalphTmgo0VwChyK80Nym1qG3NVFnuKQ+6oaaBgKkZAAOfCRzyAAAA[0m[INFO] --- maven-compiler-plugin:3.1:compile (default-compile) @ gameoflife-build ---
[8mha:////4EaWRc8flus1c5vrlpjDZDItUOArX1Q5re/xg7V3khsmAAAAyx+LCAAAAAAAAP9b85aBtbiIQSOjNKU4P0+vIKc0PTOvWK8kMze1uCQxtyC1SC8ExvbLL0llgABGJgYmLwaB3MycnMzi4My85FTXgvzkDB8G3tScxILi1BRfsEwJg4BPVmJZon5OYl66vk9+Xrp1RRGDFNSy5Py84vycVD1nCI1qPENFAZCOrbfU6gC6jw9kih7IFD2wKd1PJpzpV77PxMDoxcBalphTmgo0VwChyK80Nym1qG3NVFnuKQ+6oaaBgHkuAHBuBC3yAAAA[0m[INFO] No sources to compile
[8mha:////4FxWuOja47LFzc58NYP8+5l/d4HdFbKkE69O4rwYqm8CAAAAyx+LCAAAAAAAAP9b85aBtbiIQSOjNKU4P0+vIKc0PTOvWK8kMze1uCQxtyC1SC8ExvbLL0llgABGJgYmLwaB3MycnMzi4My85FTXgvzkDB8G3tScxILi1BRfsEwJg4BPVmJZon5OYl66vk9+Xrp1RRGDFNSy5Py84vycVD1nCI1qPENFAZCOrbfU6ga6jw9kih7IFD2wKd1PJpzpV77PxMDoxcBalphTmgo0VwChyK80Nym1qG3NVFnuKQ+6oaaBgHkBAFqbCZLyAAAA[0m[INFO] 
[8mha:////4NoSF0qQbad3l+hG7I6crUkvSCw0DBD7BknhoEFr/giyAAAAyx+LCAAAAAAAAP9b85aBtbiIQSOjNKU4P0+vIKc0PTOvWK8kMze1uCQxtyC1SC8ExvbLL0llgABGJgYmLwaB3MycnMzi4My85FTXgvzkDB8G3tScxILi1BRfsEwJg4BPVmJZon5OYl66vk9+Xrp1RRGDFNSy5Py84vycVD1nCI1qPENFAZCOrbfU6gG6jw9kih7IFD2wKd1PJpzpV77PxMDoxcBalphTmgo0VwChyK80Nym1qG3NVFnuKQ+6oaaBgHkhADrpkc3yAAAA[0m[INFO] --- maven-resources-plugin:2.6:testResources (default-testResources) @ gameoflife-build ---
[8mha:////4NoSF0qQbad3l+hG7I6crUkvSCw0DBD7BknhoEFr/giyAAAAyx+LCAAAAAAAAP9b85aBtbiIQSOjNKU4P0+vIKc0PTOvWK8kMze1uCQxtyC1SC8ExvbLL0llgABGJgYmLwaB3MycnMzi4My85FTXgvzkDB8G3tScxILi1BRfsEwJg4BPVmJZon5OYl66vk9+Xrp1RRGDFNSy5Py84vycVD1nCI1qPENFAZCOrbfU6gG6jw9kih7IFD2wKd1PJpzpV77PxMDoxcBalphTmgo0VwChyK80Nym1qG3NVFnuKQ+6oaaBgHkhADrpkc3yAAAA[0m[INFO] Using 'UTF-8' encoding to copy filtered resources.
[8mha:////4NoSF0qQbad3l+hG7I6crUkvSCw0DBD7BknhoEFr/giyAAAAyx+LCAAAAAAAAP9b85aBtbiIQSOjNKU4P0+vIKc0PTOvWK8kMze1uCQxtyC1SC8ExvbLL0llgABGJgYmLwaB3MycnMzi4My85FTXgvzkDB8G3tScxILi1BRfsEwJg4BPVmJZon5OYl66vk9+Xrp1RRGDFNSy5Py84vycVD1nCI1qPENFAZCOrbfU6gG6jw9kih7IFD2wKd1PJpzpV77PxMDoxcBalphTmgo0VwChyK80Nym1qG3NVFnuKQ+6oaaBgHkhADrpkc3yAAAA[0m[INFO] skip non existing resourceDirectory /var/lib/jenkins/workspace/CTC_Demo/gameoflife-build/src/test/resources
[8mha:////4NoSF0qQbad3l+hG7I6crUkvSCw0DBD7BknhoEFr/giyAAAAyx+LCAAAAAAAAP9b85aBtbiIQSOjNKU4P0+vIKc0PTOvWK8kMze1uCQxtyC1SC8ExvbLL0llgABGJgYmLwaB3MycnMzi4My85FTXgvzkDB8G3tScxILi1BRfsEwJg4BPVmJZon5OYl66vk9+Xrp1RRGDFNSy5Py84vycVD1nCI1qPENFAZCOrbfU6gG6jw9kih7IFD2wKd1PJpzpV77PxMDoxcBalphTmgo0VwChyK80Nym1qG3NVFnuKQ+6oaaBgHkhADrpkc3yAAAA[0m[INFO] 
[8mha:////4NoSF0qQbad3l+hG7I6crUkvSCw0DBD7BknhoEFr/giyAAAAyx+LCAAAAAAAAP9b85aBtbiIQSOjNKU4P0+vIKc0PTOvWK8kMze1uCQxtyC1SC8ExvbLL0llgABGJgYmLwaB3MycnMzi4My85FTXgvzkDB8G3tScxILi1BRfsEwJg4BPVmJZon5OYl66vk9+Xrp1RRGDFNSy5Py84vycVD1nCI1qPENFAZCOrbfU6gG6jw9kih7IFD2wKd1PJpzpV77PxMDoxcBalphTmgo0VwChyK80Nym1qG3NVFnuKQ+6oaaBgHkhADrpkc3yAAAA[0m[INFO] --- maven-compiler-plugin:3.1:testCompile (default-testCompile) @ gameoflife-build ---
[8mha:////4L2MQ5VyPz4b+kdGX5QHfotW1UbVb+lAV5KeJ17nHDECAAAAyx+LCAAAAAAAAP9b85aBtbiIQSOjNKU4P0+vIKc0PTOvWK8kMze1uCQxtyC1SC8ExvbLL0llgABGJgYmLwaB3MycnMzi4My85FTXgvzkDB8G3tScxILi1BRfsEwJg4BPVmJZon5OYl66vk9+Xrp1RRGDFNSy5Py84vycVD1nCI1qPENFAZCOrbfU6gW6jw9kih7IFD2wKd1PJpzpV77PxMDoxcBalphTmgo0VwChyK80Nym1qG3NVFnuKQ+6oaaBgHkRANHPYR/yAAAA[0m[INFO] No sources to compile
[8mha:////4L2MQ5VyPz4b+kdGX5QHfotW1UbVb+lAV5KeJ17nHDECAAAAyx+LCAAAAAAAAP9b85aBtbiIQSOjNKU4P0+vIKc0PTOvWK8kMze1uCQxtyC1SC8ExvbLL0llgABGJgYmLwaB3MycnMzi4My85FTXgvzkDB8G3tScxILi1BRfsEwJg4BPVmJZon5OYl66vk9+Xrp1RRGDFNSy5Py84vycVD1nCI1qPENFAZCOrbfU6gW6jw9kih7IFD2wKd1PJpzpV77PxMDoxcBalphTmgo0VwChyK80Nym1qG3NVFnuKQ+6oaaBgHkRANHPYR/yAAAA[0m[INFO] 
[8mha:////4L2MQ5VyPz4b+kdGX5QHfotW1UbVb+lAV5KeJ17nHDECAAAAyx+LCAAAAAAAAP9b85aBtbiIQSOjNKU4P0+vIKc0PTOvWK8kMze1uCQxtyC1SC8ExvbLL0llgABGJgYmLwaB3MycnMzi4My85FTXgvzkDB8G3tScxILi1BRfsEwJg4BPVmJZon5OYl66vk9+Xrp1RRGDFNSy5Py84vycVD1nCI1qPENFAZCOrbfU6gW6jw9kih7IFD2wKd1PJpzpV77PxMDoxcBalphTmgo0VwChyK80Nym1qG3NVFnuKQ+6oaaBgHkRANHPYR/yAAAA[0m[INFO] --- maven-surefire-plugin:2.11:test (default-test) @ gameoflife-build ---
[8mha:////4L2MQ5VyPz4b+kdGX5QHfotW1UbVb+lAV5KeJ17nHDECAAAAyx+LCAAAAAAAAP9b85aBtbiIQSOjNKU4P0+vIKc0PTOvWK8kMze1uCQxtyC1SC8ExvbLL0llgABGJgYmLwaB3MycnMzi4My85FTXgvzkDB8G3tScxILi1BRfsEwJg4BPVmJZon5OYl66vk9+Xrp1RRGDFNSy5Py84vycVD1nCI1qPENFAZCOrbfU6gW6jw9kih7IFD2wKd1PJpzpV77PxMDoxcBalphTmgo0VwChyK80Nym1qG3NVFnuKQ+6oaaBgHkRANHPYR/yAAAA[0m[INFO] Tests are skipped.
[8mha:////4P8DJPFWRacFNUHh3PCjBzD+WU2ajp2biuI0h0otoGeIAAAAyx+LCAAAAAAAAP9b85aBtbiIQSOjNKU4P0+vIKc0PTOvWK8kMze1uCQxtyC1SC8ExvbLL0llgABGJgYmLwaB3MycnMzi4My85FTXgvzkDB8G3tScxILi1BRfsEwJg4BPVmJZon5OYl66vk9+Xrp1RRGDFNSy5Py84vycVD1nCI1qPENFAZCOrbfU6gO6jw9kih7IFD2wKd1PJpzpV77PxMDoxcBalphTmgo0VwChyK80Nym1qG3NVFnuKQ+6oaaBgHkxALRmbbTyAAAA[0m[INFO] 
[8mha:////4P8DJPFWRacFNUHh3PCjBzD+WU2ajp2biuI0h0otoGeIAAAAyx+LCAAAAAAAAP9b85aBtbiIQSOjNKU4P0+vIKc0PTOvWK8kMze1uCQxtyC1SC8ExvbLL0llgABGJgYmLwaB3MycnMzi4My85FTXgvzkDB8G3tScxILi1BRfsEwJg4BPVmJZon5OYl66vk9+Xrp1RRGDFNSy5Py84vycVD1nCI1qPENFAZCOrbfU6gO6jw9kih7IFD2wKd1PJpzpV77PxMDoxcBalphTmgo0VwChyK80Nym1qG3NVFnuKQ+6oaaBgHkxALRmbbTyAAAA[0m[INFO] --- maven-surefire-plugin:2.11:test (unit-tests) @ gameoflife-build ---
[8mha:////4P8DJPFWRacFNUHh3PCjBzD+WU2ajp2biuI0h0otoGeIAAAAyx+LCAAAAAAAAP9b85aBtbiIQSOjNKU4P0+vIKc0PTOvWK8kMze1uCQxtyC1SC8ExvbLL0llgABGJgYmLwaB3MycnMzi4My85FTXgvzkDB8G3tScxILi1BRfsEwJg4BPVmJZon5OYl66vk9+Xrp1RRGDFNSy5Py84vycVD1nCI1qPENFAZCOrbfU6gO6jw9kih7IFD2wKd1PJpzpV77PxMDoxcBalphTmgo0VwChyK80Nym1qG3NVFnuKQ+6oaaBgHkxALRmbbTyAAAA[0m[INFO] No tests to run.
[8mha:////4Jzr/hXcm9tmqd1WvFBnH2StPUCeIsYLuT98t8dvHL7gAAAAyx+LCAAAAAAAAP9b85aBtbiIQSOjNKU4P0+vIKc0PTOvWK8kMze1uCQxtyC1SC8ExvbLL0llgABGJgYmLwaB3MycnMzi4My85FTXgvzkDB8G3tScxILi1BRfsEwJg4BPVmJZon5OYl66vk9+Xrp1RRGDFNSy5Py84vycVD1nCI1qPENFAZCOrbfU6ge6jw9kih7IFD2wKd1PJpzpV77PxMDoxcBalphTmgo0VwChyK80Nym1qG3NVFnuKQ+6oaaBgHkJAEaE8GHyAAAA[0m[INFO] Surefire report directory: /var/lib/jenkins/workspace/CTC_Demo/gameoflife-build/target/surefire-reports
[8mha:////4E2erXL/pFgOCapO/VVypBHZDcURexxh30hrPG1fKcjxAAAAyx+LCAAAAAAAAP9b85aBtbiIQSOjNKU4P0+vIKc0PTOvWK8kMze1uCQxtyC1SC8ExvbLL0llgABGJgYmLwaB3MycnMzi4My85FTXgvzkDB8G3tScxILi1BRfsEwJg4BPVmJZon5OYl66vk9+Xrp1RRGDFNSy5Py84vycVD1nCI1qPENFAZCOrbfUmgB0Hx/IFD2QKXpgU7qfTDjTr3yfiYHRi4G1LDGnNBVorgBCkV9pblJqUduaqbLcUx50Q00DAfNSAPsmgWjyAAAA[0m
[8mha:////4Al+SvfiFqtpg3aDva5/qip/8uB7mksEhQ/uaeZ27Og/AAAAyx+LCAAAAAAAAP9b85aBtbiIQSOjNKU4P0+vIKc0PTOvWK8kMze1uCQxtyC1SC8ExvbLL0llgABGJgYmLwaB3MycnMzi4My85FTXgvzkDB8G3tScxILi1BRfsEwJg4BPVmJZon5OYl66vk9+Xrp1RRGDFNSy5Py84vycVD1nCI1qPENFAZCOrbfUmgR0Hx/IFD2QKXpgU7qfTDjTr3yfiYHRi4G1LDGnNBVorgBCkV9pblJqUduaqbLcUx50Q00DAfNyAHWpfRHyAAAA[0m-------------------------------------------------------
[8mha:////4ALGytDYxwC1dqr2IMJsLsZvGBsZWx22WSuc72f5gG/wAAAAyx+LCAAAAAAAAP9b85aBtbiIQSOjNKU4P0+vIKc0PTOvWK8kMze1uCQxtyC1SC8ExvbLL0llgABGJgYmLwaB3MycnMzi4My85FTXgvzkDB8G3tScxILi1BRfsEwJg4BPVmJZon5OYl66vk9+Xrp1RRGDFNSy5Py84vycVD1nCI1qPENFAZCOrbfUmgx0Hx/IFD2QKXpgU7qfTDjTr3yfiYHRi4G1LDGnNBVorgBCkV9pblJqUduaqbLcUx50Q00DAfMKALXDO8ryAAAA[0m T E S T S
[8mha:////4ALGytDYxwC1dqr2IMJsLsZvGBsZWx22WSuc72f5gG/wAAAAyx+LCAAAAAAAAP9b85aBtbiIQSOjNKU4P0+vIKc0PTOvWK8kMze1uCQxtyC1SC8ExvbLL0llgABGJgYmLwaB3MycnMzi4My85FTXgvzkDB8G3tScxILi1BRfsEwJg4BPVmJZon5OYl66vk9+Xrp1RRGDFNSy5Py84vycVD1nCI1qPENFAZCOrbfUmgx0Hx/IFD2QKXpgU7qfTDjTr3yfiYHRi4G1LDGnNBVorgBCkV9pblJqUduaqbLcUx50Q00DAfMKALXDO8ryAAAA[0m-------------------------------------------------------
[8mha:////4M36o0dLEJSElUXoK+UdixLbzkrY0cS+kcgYz1yhx44bAAAAyx+LCAAAAAAAAP9b85aBtbiIQSOjNKU4P0+vIKc0PTOvWK8kMze1uCQxtyC1SC8ExvbLL0llgABGJgYmLwaB3MycnMzi4My85FTXgvzkDB8G3tScxILi1BRfsEwJg4BPVmJZon5OYl66vk9+Xrp1RRGDFNSy5Py84vycVD1nCI1qPENFAZCOrbc0fAd0Hx/IFD2QKXpgU7qfTDjTr3yfiYHRi4G1LDGnNBVorgBCkV9pblJqUduaqbLcUx50Q00DAbvLAKbU8+/yAAAA[0m
[8mha:////4O+jdwQNTIk3L0GrEfUaPor1wAduT4VqPgng1C+QYcLKAAAAyx+LCAAAAAAAAP9b85aBtbiIQSOjNKU4P0+vIKc0PTOvWK8kMze1uCQxtyC1SC8ExvbLL0llgABGJgYmLwaB3MycnMzi4My85FTXgvzkDB8G3tScxILi1BRfsEwJg4BPVmJZon5OYl66vk9+Xrp1RRGDFNSy5Py84vycVD1nCI1qPENFAZCOrbc0/AB0Hx/IFD2QKXpgU7qfTDjTr3yfiYHRi4G1LDGnNBVorgBCkV9pblJqUduaqbLcUx50Q00DAburAOmUHzPyAAAA[0mResults :
[8mha:////4O+jdwQNTIk3L0GrEfUaPor1wAduT4VqPgng1C+QYcLKAAAAyx+LCAAAAAAAAP9b85aBtbiIQSOjNKU4P0+vIKc0PTOvWK8kMze1uCQxtyC1SC8ExvbLL0llgABGJgYmLwaB3MycnMzi4My85FTXgvzkDB8G3tScxILi1BRfsEwJg4BPVmJZon5OYl66vk9+Xrp1RRGDFNSy5Py84vycVD1nCI1qPENFAZCOrbc0/AB0Hx/IFD2QKXpgU7qfTDjTr3yfiYHRi4G1LDGnNBVorgBCkV9pblJqUduaqbLcUx50Q00DAburAOmUHzPyAAAA[0m
[8mha:////4O+jdwQNTIk3L0GrEfUaPor1wAduT4VqPgng1C+QYcLKAAAAyx+LCAAAAAAAAP9b85aBtbiIQSOjNKU4P0+vIKc0PTOvWK8kMze1uCQxtyC1SC8ExvbLL0llgABGJgYmLwaB3MycnMzi4My85FTXgvzkDB8G3tScxILi1BRfsEwJg4BPVmJZon5OYl66vk9+Xrp1RRGDFNSy5Py84vycVD1nCI1qPENFAZCOrbc0/AB0Hx/IFD2QKXpgU7qfTDjTr3yfiYHRi4G1LDGnNBVorgBCkV9pblJqUduaqbLcUx50Q00DAburAOmUHzPyAAAA[0mTests run: 0, Failures: 0, Errors: 0, Skipped: 0
[8mha:////4O+jdwQNTIk3L0GrEfUaPor1wAduT4VqPgng1C+QYcLKAAAAyx+LCAAAAAAAAP9b85aBtbiIQSOjNKU4P0+vIKc0PTOvWK8kMze1uCQxtyC1SC8ExvbLL0llgABGJgYmLwaB3MycnMzi4My85FTXgvzkDB8G3tScxILi1BRfsEwJg4BPVmJZon5OYl66vk9+Xrp1RRGDFNSy5Py84vycVD1nCI1qPENFAZCOrbc0/AB0Hx/IFD2QKXpgU7qfTDjTr3yfiYHRi4G1LDGnNBVorgBCkV9pblJqUduaqbLcUx50Q00DAburAOmUHzPyAAAA[0m
[8mha:////4O+jdwQNTIk3L0GrEfUaPor1wAduT4VqPgng1C+QYcLKAAAAyx+LCAAAAAAAAP9b85aBtbiIQSOjNKU4P0+vIKc0PTOvWK8kMze1uCQxtyC1SC8ExvbLL0llgABGJgYmLwaB3MycnMzi4My85FTXgvzkDB8G3tScxILi1BRfsEwJg4BPVmJZon5OYl66vk9+Xrp1RRGDFNSy5Py84vycVD1nCI1qPENFAZCOrbc0/AB0Hx/IFD2QKXpgU7qfTDjTr3yfiYHRi4G1LDGnNBVorgBCkV9pblJqUduaqbLcUx50Q00DAburAOmUHzPyAAAA[0m[INFO] 
[8mha:////4O+jdwQNTIk3L0GrEfUaPor1wAduT4VqPgng1C+QYcLKAAAAyx+LCAAAAAAAAP9b85aBtbiIQSOjNKU4P0+vIKc0PTOvWK8kMze1uCQxtyC1SC8ExvbLL0llgABGJgYmLwaB3MycnMzi4My85FTXgvzkDB8G3tScxILi1BRfsEwJg4BPVmJZon5OYl66vk9+Xrp1RRGDFNSy5Py84vycVD1nCI1qPENFAZCOrbc0/AB0Hx/IFD2QKXpgU7qfTDjTr3yfiYHRi4G1LDGnNBVorgBCkV9pblJqUduaqbLcUx50Q00DAburAOmUHzPyAAAA[0m[INFO] --- maven-easyb-plugin:1.4:test (default) @ gameoflife-build ---
[8mha:////4ABfd2FBAPijbstdENN2rUxIh4Q0HsiMLS7UNCGjGSfUAAAAyx+LCAAAAAAAAP9b85aBtbiIQSOjNKU4P0+vIKc0PTOvWK8kMze1uCQxtyC1SC8ExvbLL0llgABGJgYmLwaB3MycnMzi4My85FTXgvzkDB8G3tScxILi1BRfsEwJg4BPVmJZon5OYl66vk9+Xrp1RRGDFNSy5Py84vycVD1nCI1qPENFAZCOrbc0/Ah0Hx/IFD2QKXpgU7qfTDjTr3yfiYHRi4G1LDGnNBVorgBCkV9pblJqUduaqbLcUx50Q00DAbtrAAKy7+HyAAAA[0m[INFO] /var/lib/jenkins/workspace/CTC_Demo/gameoflife-build/src/test/stories does not exists.  Skipping easyb testing
[8mha:////4ABfd2FBAPijbstdENN2rUxIh4Q0HsiMLS7UNCGjGSfUAAAAyx+LCAAAAAAAAP9b85aBtbiIQSOjNKU4P0+vIKc0PTOvWK8kMze1uCQxtyC1SC8ExvbLL0llgABGJgYmLwaB3MycnMzi4My85FTXgvzkDB8G3tScxILi1BRfsEwJg4BPVmJZon5OYl66vk9+Xrp1RRGDFNSy5Py84vycVD1nCI1qPENFAZCOrbc0/Ah0Hx/IFD2QKXpgU7qfTDjTr3yfiYHRi4G1LDGnNBVorgBCkV9pblJqUduaqbLcUx50Q00DAbtrAAKy7+HyAAAA[0m[INFO] 
[8mha:////4ABfd2FBAPijbstdENN2rUxIh4Q0HsiMLS7UNCGjGSfUAAAAyx+LCAAAAAAAAP9b85aBtbiIQSOjNKU4P0+vIKc0PTOvWK8kMze1uCQxtyC1SC8ExvbLL0llgABGJgYmLwaB3MycnMzi4My85FTXgvzkDB8G3tScxILi1BRfsEwJg4BPVmJZon5OYl66vk9+Xrp1RRGDFNSy5Py84vycVD1nCI1qPENFAZCOrbc0/Ah0Hx/IFD2QKXpgU7qfTDjTr3yfiYHRi4G1LDGnNBVorgBCkV9pblJqUduaqbLcUx50Q00DAbtrAAKy7+HyAAAA[0m[INFO] --- maven-jar-plugin:2.4:jar (default-jar) @ gameoflife-build ---
[8mha:////4LU0ipdWsiDL33Qz9lwq2TYxdYd3heQH6gGZ889qoz3zAAAAyx+LCAAAAAAAAP9b85aBtbiIQSOjNKU4P0+vIKc0PTOvWK8kMze1uCQxtyC1SC8ExvbLL0llgABGJgYmLwaB3MycnMzi4My85FTXgvzkDB8G3tScxILi1BRfsEwJg4BPVmJZon5OYl66vk9+Xrp1RRGDFNSy5Py84vycVD1nCI1qPENFAZCOrbc0+gJ0Hx/IFD2QKXpgU7qfTDjTr3yfiYHRi4G1LDGnNBVorgBCkV9pblJqUduaqbLcUx50Q00DAfubALmaTvPyAAAA[0m[INFO] Building jar: /var/lib/jenkins/workspace/CTC_Demo/gameoflife-build/target/gameoflife-build-1.0-SNAPSHOT.jar
[8mha:////4Eda/bk1ey0twacS8iW2yI9fb4Ue6yUW1LS9LrzI3GfzAAAAyx+LCAAAAAAAAP9b85aBtbiIQSOjNKU4P0+vIKc0PTOvWK8kMze1uCQxtyC1SC8ExvbLL0llgABGJgYmLwaB3MycnMzi4My85FTXgvzkDB8G3tScxILi1BRfsEwJg4BPVmJZon5OYl66vk9+Xrp1RRGDFNSy5Py84vycVD1nCI1qPENFAZCOrbc0+gZ0Hx/IFD2QKXpgU7qfTDjTr3yfiYHRi4G1LDGnNBVorgBCkV9pblJqUduaqbLcUx50Q00DAfvbADcVsoryAAAA[0m[INFO] 
[8mha:////4C4DQJ2G7ypU0wn+cVYzKdk8NXZc6JK61X05r/NdNAJOAAAAyx+LCAAAAAAAAP9b85aBtbiIQSOjNKU4P0+vIKc0PTOvWK8kMze1uCQxtyC1SC8ExvbLL0llgABGJgYmLwaB3MycnMzi4My85FTXgvzkDB8G3tScxILi1BRfsEwJg4BPVmJZon5OYl66vk9+Xrp1RRGDFNSy5Py84vycVD1nCI1qPENFAZCOrbc0+g50Hx/IFD2QKXpgU7qfTDjTr3yfiYHRi4G1LDGnNBVorgBCkV9pblJqUduaqbLcUx50Q00DAfs7AMX3L1/yAAAA[0m[INFO] ------------------------------------------------------------------------
[8mha:////4C4DQJ2G7ypU0wn+cVYzKdk8NXZc6JK61X05r/NdNAJOAAAAyx+LCAAAAAAAAP9b85aBtbiIQSOjNKU4P0+vIKc0PTOvWK8kMze1uCQxtyC1SC8ExvbLL0llgABGJgYmLwaB3MycnMzi4My85FTXgvzkDB8G3tScxILi1BRfsEwJg4BPVmJZon5OYl66vk9+Xrp1RRGDFNSy5Py84vycVD1nCI1qPENFAZCOrbc0+g50Hx/IFD2QKXpgU7qfTDjTr3yfiYHRi4G1LDGnNBVorgBCkV9pblJqUduaqbLcUx50Q00DAfs7AMX3L1/yAAAA[0m[INFO] Building gameoflife-core 1.0-SNAPSHOT
[8mha:////4C4DQJ2G7ypU0wn+cVYzKdk8NXZc6JK61X05r/NdNAJOAAAAyx+LCAAAAAAAAP9b85aBtbiIQSOjNKU4P0+vIKc0PTOvWK8kMze1uCQxtyC1SC8ExvbLL0llgABGJgYmLwaB3MycnMzi4My85FTXgvzkDB8G3tScxILi1BRfsEwJg4BPVmJZon5OYl66vk9+Xrp1RRGDFNSy5Py84vycVD1nCI1qPENFAZCOrbc0+g50Hx/IFD2QKXpgU7qfTDjTr3yfiYHRi4G1LDGnNBVorgBCkV9pblJqUduaqbLcUx50Q00DAfs7AMX3L1/yAAAA[0m[INFO] ------------------------------------------------------------------------
[8mha:////4C4DQJ2G7ypU0wn+cVYzKdk8NXZc6JK61X05r/NdNAJOAAAAyx+LCAAAAAAAAP9b85aBtbiIQSOjNKU4P0+vIKc0PTOvWK8kMze1uCQxtyC1SC8ExvbLL0llgABGJgYmLwaB3MycnMzi4My85FTXgvzkDB8G3tScxILi1BRfsEwJg4BPVmJZon5OYl66vk9+Xrp1RRGDFNSy5Py84vycVD1nCI1qPENFAZCOrbc0+g50Hx/IFD2QKXpgU7qfTDjTr3yfiYHRi4G1LDGnNBVorgBCkV9pblJqUduaqbLcUx50Q00DAfs7AMX3L1/yAAAA[0m[INFO] 
[8mha:////4C4DQJ2G7ypU0wn+cVYzKdk8NXZc6JK61X05r/NdNAJOAAAAyx+LCAAAAAAAAP9b85aBtbiIQSOjNKU4P0+vIKc0PTOvWK8kMze1uCQxtyC1SC8ExvbLL0llgABGJgYmLwaB3MycnMzi4My85FTXgvzkDB8G3tScxILi1BRfsEwJg4BPVmJZon5OYl66vk9+Xrp1RRGDFNSy5Py84vycVD1nCI1qPENFAZCOrbc0+g50Hx/IFD2QKXpgU7qfTDjTr3yfiYHRi4G1LDGnNBVorgBCkV9pblJqUduaqbLcUx50Q00DAfs7AMX3L1/yAAAA[0m[INFO] --- maven-clean-plugin:2.5:clean (default-clean) @ gameoflife-core ---
[8mha:////4C4DQJ2G7ypU0wn+cVYzKdk8NXZc6JK61X05r/NdNAJOAAAAyx+LCAAAAAAAAP9b85aBtbiIQSOjNKU4P0+vIKc0PTOvWK8kMze1uCQxtyC1SC8ExvbLL0llgABGJgYmLwaB3MycnMzi4My85FTXgvzkDB8G3tScxILi1BRfsEwJg4BPVmJZon5OYl66vk9+Xrp1RRGDFNSy5Py84vycVD1nCI1qPENFAZCOrbc0+g50Hx/IFD2QKXpgU7qfTDjTr3yfiYHRi4G1LDGnNBVorgBCkV9pblJqUduaqbLcUx50Q00DAfs7AMX3L1/yAAAA[0m[INFO] Deleting /var/lib/jenkins/workspace/CTC_Demo/gameoflife-core/target
[8mha:////4C4DQJ2G7ypU0wn+cVYzKdk8NXZc6JK61X05r/NdNAJOAAAAyx+LCAAAAAAAAP9b85aBtbiIQSOjNKU4P0+vIKc0PTOvWK8kMze1uCQxtyC1SC8ExvbLL0llgABGJgYmLwaB3MycnMzi4My85FTXgvzkDB8G3tScxILi1BRfsEwJg4BPVmJZon5OYl66vk9+Xrp1RRGDFNSy5Py84vycVD1nCI1qPENFAZCOrbc0+g50Hx/IFD2QKXpgU7qfTDjTr3yfiYHRi4G1LDGnNBVorgBCkV9pblJqUduaqbLcUx50Q00DAfs7AMX3L1/yAAAA[0m[INFO] 
[8mha:////4C4DQJ2G7ypU0wn+cVYzKdk8NXZc6JK61X05r/NdNAJOAAAAyx+LCAAAAAAAAP9b85aBtbiIQSOjNKU4P0+vIKc0PTOvWK8kMze1uCQxtyC1SC8ExvbLL0llgABGJgYmLwaB3MycnMzi4My85FTXgvzkDB8G3tScxILi1BRfsEwJg4BPVmJZon5OYl66vk9+Xrp1RRGDFNSy5Py84vycVD1nCI1qPENFAZCOrbc0+g50Hx/IFD2QKXpgU7qfTDjTr3yfiYHRi4G1LDGnNBVorgBCkV9pblJqUduaqbLcUx50Q00DAfs7AMX3L1/yAAAA[0m[INFO] --- maven-enforcer-plugin:1.0:enforce (enforce-versions) @ gameoflife-core ---
[8mha:////4C4DQJ2G7ypU0wn+cVYzKdk8NXZc6JK61X05r/NdNAJOAAAAyx+LCAAAAAAAAP9b85aBtbiIQSOjNKU4P0+vIKc0PTOvWK8kMze1uCQxtyC1SC8ExvbLL0llgABGJgYmLwaB3MycnMzi4My85FTXgvzkDB8G3tScxILi1BRfsEwJg4BPVmJZon5OYl66vk9+Xrp1RRGDFNSy5Py84vycVD1nCI1qPENFAZCOrbc0+g50Hx/IFD2QKXpgU7qfTDjTr3yfiYHRi4G1LDGnNBVorgBCkV9pblJqUduaqbLcUx50Q00DAfs7AMX3L1/yAAAA[0m[INFO] 
[8mha:////4C4DQJ2G7ypU0wn+cVYzKdk8NXZc6JK61X05r/NdNAJOAAAAyx+LCAAAAAAAAP9b85aBtbiIQSOjNKU4P0+vIKc0PTOvWK8kMze1uCQxtyC1SC8ExvbLL0llgABGJgYmLwaB3MycnMzi4My85FTXgvzkDB8G3tScxILi1BRfsEwJg4BPVmJZon5OYl66vk9+Xrp1RRGDFNSy5Py84vycVD1nCI1qPENFAZCOrbc0+g50Hx/IFD2QKXpgU7qfTDjTr3yfiYHRi4G1LDGnNBVorgBCkV9pblJqUduaqbLcUx50Q00DAfs7AMX3L1/yAAAA[0m[INFO] --- maven-resources-plugin:2.6:resources (default-resources) @ gameoflife-core ---
[8mha:////4C4DQJ2G7ypU0wn+cVYzKdk8NXZc6JK61X05r/NdNAJOAAAAyx+LCAAAAAAAAP9b85aBtbiIQSOjNKU4P0+vIKc0PTOvWK8kMze1uCQxtyC1SC8ExvbLL0llgABGJgYmLwaB3MycnMzi4My85FTXgvzkDB8G3tScxILi1BRfsEwJg4BPVmJZon5OYl66vk9+Xrp1RRGDFNSy5Py84vycVD1nCI1qPENFAZCOrbc0+g50Hx/IFD2QKXpgU7qfTDjTr3yfiYHRi4G1LDGnNBVorgBCkV9pblJqUduaqbLcUx50Q00DAfs7AMX3L1/yAAAA[0m[INFO] Using 'UTF-8' encoding to copy filtered resources.
[8mha:////4C4DQJ2G7ypU0wn+cVYzKdk8NXZc6JK61X05r/NdNAJOAAAAyx+LCAAAAAAAAP9b85aBtbiIQSOjNKU4P0+vIKc0PTOvWK8kMze1uCQxtyC1SC8ExvbLL0llgABGJgYmLwaB3MycnMzi4My85FTXgvzkDB8G3tScxILi1BRfsEwJg4BPVmJZon5OYl66vk9+Xrp1RRGDFNSy5Py84vycVD1nCI1qPENFAZCOrbc0+g50Hx/IFD2QKXpgU7qfTDjTr3yfiYHRi4G1LDGnNBVorgBCkV9pblJqUduaqbLcUx50Q00DAfs7AMX3L1/yAAAA[0m[INFO] skip non existing resourceDirectory /var/lib/jenkins/workspace/CTC_Demo/gameoflife-core/src/main/resources
[8mha:////4C4DQJ2G7ypU0wn+cVYzKdk8NXZc6JK61X05r/NdNAJOAAAAyx+LCAAAAAAAAP9b85aBtbiIQSOjNKU4P0+vIKc0PTOvWK8kMze1uCQxtyC1SC8ExvbLL0llgABGJgYmLwaB3MycnMzi4My85FTXgvzkDB8G3tScxILi1BRfsEwJg4BPVmJZon5OYl66vk9+Xrp1RRGDFNSy5Py84vycVD1nCI1qPENFAZCOrbc0+g50Hx/IFD2QKXpgU7qfTDjTr3yfiYHRi4G1LDGnNBVorgBCkV9pblJqUduaqbLcUx50Q00DAfs7AMX3L1/yAAAA[0m[INFO] 
[8mha:////4C4DQJ2G7ypU0wn+cVYzKdk8NXZc6JK61X05r/NdNAJOAAAAyx+LCAAAAAAAAP9b85aBtbiIQSOjNKU4P0+vIKc0PTOvWK8kMze1uCQxtyC1SC8ExvbLL0llgABGJgYmLwaB3MycnMzi4My85FTXgvzkDB8G3tScxILi1BRfsEwJg4BPVmJZon5OYl66vk9+Xrp1RRGDFNSy5Py84vycVD1nCI1qPENFAZCOrbc0+g50Hx/IFD2QKXpgU7qfTDjTr3yfiYHRi4G1LDGnNBVorgBCkV9pblJqUduaqbLcUx50Q00DAfs7AMX3L1/yAAAA[0m[INFO] --- jacoco-maven-plugin:0.7.2.201409121644:prepare-agent (jacoco-initialize) @ gameoflife-core ---
[8mha:////4C4DQJ2G7ypU0wn+cVYzKdk8NXZc6JK61X05r/NdNAJOAAAAyx+LCAAAAAAAAP9b85aBtbiIQSOjNKU4P0+vIKc0PTOvWK8kMze1uCQxtyC1SC8ExvbLL0llgABGJgYmLwaB3MycnMzi4My85FTXgvzkDB8G3tScxILi1BRfsEwJg4BPVmJZon5OYl66vk9+Xrp1RRGDFNSy5Py84vycVD1nCI1qPENFAZCOrbc0+g50Hx/IFD2QKXpgU7qfTDjTr3yfiYHRi4G1LDGnNBVorgBCkV9pblJqUduaqbLcUx50Q00DAfs7AMX3L1/yAAAA[0m[INFO] argLine set to -javaagent:/var/lib/jenkins/.m2/repository/org/jacoco/org.jacoco.agent/0.7.2.201409121644/org.jacoco.agent-0.7.2.201409121644-runtime.jar=destfile=/var/lib/jenkins/workspace/CTC_Demo/gameoflife-core/target/jacoco.exec
[8mha:////4C4DQJ2G7ypU0wn+cVYzKdk8NXZc6JK61X05r/NdNAJOAAAAyx+LCAAAAAAAAP9b85aBtbiIQSOjNKU4P0+vIKc0PTOvWK8kMze1uCQxtyC1SC8ExvbLL0llgABGJgYmLwaB3MycnMzi4My85FTXgvzkDB8G3tScxILi1BRfsEwJg4BPVmJZon5OYl66vk9+Xrp1RRGDFNSy5Py84vycVD1nCI1qPENFAZCOrbc0+g50Hx/IFD2QKXpgU7qfTDjTr3yfiYHRi4G1LDGnNBVorgBCkV9pblJqUduaqbLcUx50Q00DAfs7AMX3L1/yAAAA[0m[INFO] 
[8mha:////4C4DQJ2G7ypU0wn+cVYzKdk8NXZc6JK61X05r/NdNAJOAAAAyx+LCAAAAAAAAP9b85aBtbiIQSOjNKU4P0+vIKc0PTOvWK8kMze1uCQxtyC1SC8ExvbLL0llgABGJgYmLwaB3MycnMzi4My85FTXgvzkDB8G3tScxILi1BRfsEwJg4BPVmJZon5OYl66vk9+Xrp1RRGDFNSy5Py84vycVD1nCI1qPENFAZCOrbc0+g50Hx/IFD2QKXpgU7qfTDjTr3yfiYHRi4G1LDGnNBVorgBCkV9pblJqUduaqbLcUx50Q00DAfs7AMX3L1/yAAAA[0m[INFO] --- maven-compiler-plugin:3.1:compile (default-compile) @ gameoflife-core ---
[8mha:////4OKx3aPRWJKCTdeZnp7w7SmcIF82ZVTH7NPpU9UKTkCbAAAAyx+LCAAAAAAAAP9b85aBtbiIQSOjNKU4P0+vIKc0PTOvWK8kMze1uCQxtyC1SC8ExvbLL0llgABGJgYmLwaB3MycnMzi4My85FTXgvzkDB8G3tScxILi1BRfsEwJg4BPVmJZon5OYl66vk9+Xrp1RRGDFNSy5Py84vycVD1nCI1qPENFAZCOrbc0/gJ0Hx/IFD2QKXpgU7qfTDjTr3yfiYHRi4G1LDGnNBVorgBCkV9pblJqUduaqbLcUx50Q00DAYebAJVnzkfyAAAA[0m[INFO] Changes detected - recompiling the module!
[8mha:////4Avn0HBluGaBtwN9OvepYVY9qoJcMVH8JhnCahm1+AZsAAAAyx+LCAAAAAAAAP9b85aBtbiIQSOjNKU4P0+vIKc0PTOvWK8kMze1uCQxtyC1SC8ExvbLL0llgABGJgYmLwaB3MycnMzi4My85FTXgvzkDB8G3tScxILi1BRfsEwJg4BPVmJZon5OYl66vk9+Xrp1RRGDFNSy5Py84vycVD1nCI1qPENFAZCOrbc0/gp0Hx/IFD2QKXpgU7qfTDjTr3yfiYHRi4G1LDGnNBVorgBCkV9pblJqUduaqbLcUx50Q00DAYdbAH5BPpXyAAAA[0m[INFO] Compiling 5 source files to /var/lib/jenkins/workspace/CTC_Demo/gameoflife-core/target/classes
[8mha:////4I1OqHEK6BRGxj/tgEveWz6mdTRaooF7PRnRhsOF0uqZAAAAyx+LCAAAAAAAAP9b85aBtbiIQSOjNKU4P0+vIKc0PTOvWK8kMze1uCQxtyC1SC8ExvbLL0llgABGJgYmLwaB3MycnMzi4My85FTXgvzkDB8G3tScxILi1BRfsEwJg4BPVmJZon5OYl66vk9+Xrp1RRGDFNSy5Py84vycVD1nCI1qPENFAZCOrbe0tAe6jw9kih7IFD2wKd1PJpzpV77PxMDoxcBalphTmgo0VwChyK80Nym1qG3NVFnuKQ+6oaaBgJsKAKMbZT/yAAAA[0m[INFO] 
[8mha:////4ILQyYNp+D6hP9dtbrCENx0iZPI6Vu03YhxHyoX//hrQAAAAyx+LCAAAAAAAAP9b85aBtbiIQSOjNKU4P0+vIKc0PTOvWK8kMze1uCQxtyC1SC8ExvbLL0llgABGJgYmLwaB3MycnMzi4My85FTXgvzkDB8G3tScxILi1BRfsEwJg4BPVmJZon5OYl66vk9+Xrp1RRGDFNSy5Py84vycVD1nCI1qPENFAZCOrbe0dAS6jw9kih7IFD2wKd1PJpzpV77PxMDoxcBalphTmgo0VwChyK80Nym1qG3NVFnuKQ+6oaaBgJsaAMDaMmTyAAAA[0m[INFO] --- maven-resources-plugin:2.6:testResources (default-testResources) @ gameoflife-core ---
[8mha:////4ILQyYNp+D6hP9dtbrCENx0iZPI6Vu03YhxHyoX//hrQAAAAyx+LCAAAAAAAAP9b85aBtbiIQSOjNKU4P0+vIKc0PTOvWK8kMze1uCQxtyC1SC8ExvbLL0llgABGJgYmLwaB3MycnMzi4My85FTXgvzkDB8G3tScxILi1BRfsEwJg4BPVmJZon5OYl66vk9+Xrp1RRGDFNSy5Py84vycVD1nCI1qPENFAZCOrbe0dAS6jw9kih7IFD2wKd1PJpzpV77PxMDoxcBalphTmgo0VwChyK80Nym1qG3NVFnuKQ+6oaaBgJsaAMDaMmTyAAAA[0m[INFO] Using 'UTF-8' encoding to copy filtered resources.
[8mha:////4ILQyYNp+D6hP9dtbrCENx0iZPI6Vu03YhxHyoX//hrQAAAAyx+LCAAAAAAAAP9b85aBtbiIQSOjNKU4P0+vIKc0PTOvWK8kMze1uCQxtyC1SC8ExvbLL0llgABGJgYmLwaB3MycnMzi4My85FTXgvzkDB8G3tScxILi1BRfsEwJg4BPVmJZon5OYl66vk9+Xrp1RRGDFNSy5Py84vycVD1nCI1qPENFAZCOrbe0dAS6jw9kih7IFD2wKd1PJpzpV77PxMDoxcBalphTmgo0VwChyK80Nym1qG3NVFnuKQ+6oaaBgJsaAMDaMmTyAAAA[0m[INFO] skip non existing resourceDirectory /var/lib/jenkins/workspace/CTC_Demo/gameoflife-core/src/test/resources
[8mha:////4ILQyYNp+D6hP9dtbrCENx0iZPI6Vu03YhxHyoX//hrQAAAAyx+LCAAAAAAAAP9b85aBtbiIQSOjNKU4P0+vIKc0PTOvWK8kMze1uCQxtyC1SC8ExvbLL0llgABGJgYmLwaB3MycnMzi4My85FTXgvzkDB8G3tScxILi1BRfsEwJg4BPVmJZon5OYl66vk9+Xrp1RRGDFNSy5Py84vycVD1nCI1qPENFAZCOrbe0dAS6jw9kih7IFD2wKd1PJpzpV77PxMDoxcBalphTmgo0VwChyK80Nym1qG3NVFnuKQ+6oaaBgJsaAMDaMmTyAAAA[0m[INFO] 
[8mha:////4ILQyYNp+D6hP9dtbrCENx0iZPI6Vu03YhxHyoX//hrQAAAAyx+LCAAAAAAAAP9b85aBtbiIQSOjNKU4P0+vIKc0PTOvWK8kMze1uCQxtyC1SC8ExvbLL0llgABGJgYmLwaB3MycnMzi4My85FTXgvzkDB8G3tScxILi1BRfsEwJg4BPVmJZon5OYl66vk9+Xrp1RRGDFNSy5Py84vycVD1nCI1qPENFAZCOrbe0dAS6jw9kih7IFD2wKd1PJpzpV77PxMDoxcBalphTmgo0VwChyK80Nym1qG3NVFnuKQ+6oaaBgJsaAMDaMmTyAAAA[0m[INFO] --- maven-compiler-plugin:3.1:testCompile (default-testCompile) @ gameoflife-core ---
[8mha:////4ILQyYNp+D6hP9dtbrCENx0iZPI6Vu03YhxHyoX//hrQAAAAyx+LCAAAAAAAAP9b85aBtbiIQSOjNKU4P0+vIKc0PTOvWK8kMze1uCQxtyC1SC8ExvbLL0llgABGJgYmLwaB3MycnMzi4My85FTXgvzkDB8G3tScxILi1BRfsEwJg4BPVmJZon5OYl66vk9+Xrp1RRGDFNSy5Py84vycVD1nCI1qPENFAZCOrbe0dAS6jw9kih7IFD2wKd1PJpzpV77PxMDoxcBalphTmgo0VwChyK80Nym1qG3NVFnuKQ+6oaaBgJsaAMDaMmTyAAAA[0m[INFO] Changes detected - recompiling the module!
[8mha:////4ILQyYNp+D6hP9dtbrCENx0iZPI6Vu03YhxHyoX//hrQAAAAyx+LCAAAAAAAAP9b85aBtbiIQSOjNKU4P0+vIKc0PTOvWK8kMze1uCQxtyC1SC8ExvbLL0llgABGJgYmLwaB3MycnMzi4My85FTXgvzkDB8G3tScxILi1BRfsEwJg4BPVmJZon5OYl66vk9+Xrp1RRGDFNSy5Py84vycVD1nCI1qPENFAZCOrbe0dAS6jw9kih7IFD2wKd1PJpzpV77PxMDoxcBalphTmgo0VwChyK80Nym1qG3NVFnuKQ+6oaaBgJsaAMDaMmTyAAAA[0m[INFO] Compiling 10 source files to /var/lib/jenkins/workspace/CTC_Demo/gameoflife-core/target/test-classes
[8mha:////4DiutEo+IEfZOtX9A+FTyhi0F2s2C1uyxvBO3ql/GIN9AAAAyx+LCAAAAAAAAP9b85aBtbiIQSOjNKU4P0+vIKc0PTOvWK8kMze1uCQxtyC1SC8ExvbLL0llgABGJgYmLwaB3MycnMzi4My85FTXgvzkDB8G3tScxILi1BRfsEwJg4BPVmJZon5OYl66vk9+Xrp1RRGDFNSy5Py84vycVD1nCI1qPENFAZCOrbe0uQd0Hx/IFD2QKXpgU7qfTDjTr3yfiYHRi4G1LDGnNBVorgBCkV9pblJqUduaqbLcUx50Q00DAc/DAKCybLLyAAAA[0m[INFO] 
[8mha:////4E8bvWfbX1A3fZuya3Dc+ollJ3mft6geI4gnDMh+E3RnAAAAyx+LCAAAAAAAAP9b85aBtbiIQSOjNKU4P0+vIKc0PTOvWK8kMze1uCQxtyC1SC8ExvbLL0llgABGJgYmLwaB3MycnMzi4My85FTXgvzkDB8G3tScxILi1BRfsEwJg4BPVmJZon5OYl66vk9+Xrp1RRGDFNSy5Py84vycVD1nCI1qPENFAZCOrbe0eQB0Hx/IFD2QKXpgU7qfTDjTr3yfiYHRi4G1LDGnNBVorgBCkV9pblJqUduaqbLcUx50Q00DAc+jAMMz4qfyAAAA[0m[INFO] --- maven-surefire-plugin:2.11:test (default-test) @ gameoflife-core ---
[8mha:////4OLlFXJTPgMsawXQL2SeaW56NZg2MVkZ34Tji2zh0XCbAAAAyx+LCAAAAAAAAP9b85aBtbiIQSOjNKU4P0+vIKc0PTOvWK8kMze1uCQxtyC1SC8ExvbLL0llgABGJgYmLwaB3MycnMzi4My85FTXgvzkDB8G3tScxILi1BRfsEwJg4BPVmJZon5OYl66vk9+Xrp1RRGDFNSy5Py84vycVD1nCI1qPENFAZCOrbe0eQh0Hx/IFD2QKXpgU7qfTDjTr3yfiYHRi4G1LDGnNBVorgBCkV9pblJqUduaqbLcUx50Q00DAc9jACgVEnXyAAAA[0m[INFO] Tests are skipped.
[8mha:////4OLlFXJTPgMsawXQL2SeaW56NZg2MVkZ34Tji2zh0XCbAAAAyx+LCAAAAAAAAP9b85aBtbiIQSOjNKU4P0+vIKc0PTOvWK8kMze1uCQxtyC1SC8ExvbLL0llgABGJgYmLwaB3MycnMzi4My85FTXgvzkDB8G3tScxILi1BRfsEwJg4BPVmJZon5OYl66vk9+Xrp1RRGDFNSy5Py84vycVD1nCI1qPENFAZCOrbe0eQh0Hx/IFD2QKXpgU7qfTDjTr3yfiYHRi4G1LDGnNBVorgBCkV9pblJqUduaqbLcUx50Q00DAc9jACgVEnXyAAAA[0m[INFO] 
[8mha:////4OLlFXJTPgMsawXQL2SeaW56NZg2MVkZ34Tji2zh0XCbAAAAyx+LCAAAAAAAAP9b85aBtbiIQSOjNKU4P0+vIKc0PTOvWK8kMze1uCQxtyC1SC8ExvbLL0llgABGJgYmLwaB3MycnMzi4My85FTXgvzkDB8G3tScxILi1BRfsEwJg4BPVmJZon5OYl66vk9+Xrp1RRGDFNSy5Py84vycVD1nCI1qPENFAZCOrbe0eQh0Hx/IFD2QKXpgU7qfTDjTr3yfiYHRi4G1LDGnNBVorgBCkV9pblJqUduaqbLcUx50Q00DAc9jACgVEnXyAAAA[0m[INFO] --- maven-surefire-plugin:2.11:test (unit-tests) @ gameoflife-core ---
[8mha:////4OLlFXJTPgMsawXQL2SeaW56NZg2MVkZ34Tji2zh0XCbAAAAyx+LCAAAAAAAAP9b85aBtbiIQSOjNKU4P0+vIKc0PTOvWK8kMze1uCQxtyC1SC8ExvbLL0llgABGJgYmLwaB3MycnMzi4My85FTXgvzkDB8G3tScxILi1BRfsEwJg4BPVmJZon5OYl66vk9+Xrp1RRGDFNSy5Py84vycVD1nCI1qPENFAZCOrbe0eQh0Hx/IFD2QKXpgU7qfTDjTr3yfiYHRi4G1LDGnNBVorgBCkV9pblJqUduaqbLcUx50Q00DAc9jACgVEnXyAAAA[0m[INFO] Surefire report directory: /var/lib/jenkins/workspace/CTC_Demo/gameoflife-core/target/surefire-reports
[8mha:////4PhVhX9uH+OpzkL+9+kTYV7SaFpG3Gt14n0ogY8YD79iAAAAyx+LCAAAAAAAAP9b85aBtbiIQSOjNKU4P0+vIKc0PTOvWK8kMze1uCQxtyC1SC8ExvbLL0llgABGJgYmLwaB3MycnMzi4My85FTXgvzkDB8G3tScxILi1BRfsEwJg4BPVmJZon5OYl66vk9+Xrp1RRGDFNSy5Py84vycVD1nCI1qPENFAZCOrbe0eQR0Hx/IFD2QKXpgU7qfTDjTr3yfiYHRi4G1LDGnNBVorgBCkV9pblJqUduaqbLcUx50Q00DAc/jAE28Ht7yAAAA[0m
[8mha:////4PhVhX9uH+OpzkL+9+kTYV7SaFpG3Gt14n0ogY8YD79iAAAAyx+LCAAAAAAAAP9b85aBtbiIQSOjNKU4P0+vIKc0PTOvWK8kMze1uCQxtyC1SC8ExvbLL0llgABGJgYmLwaB3MycnMzi4My85FTXgvzkDB8G3tScxILi1BRfsEwJg4BPVmJZon5OYl66vk9+Xrp1RRGDFNSy5Py84vycVD1nCI1qPENFAZCOrbe0eQR0Hx/IFD2QKXpgU7qfTDjTr3yfiYHRi4G1LDGnNBVorgBCkV9pblJqUduaqbLcUx50Q00DAc/jAE28Ht7yAAAA[0m-------------------------------------------------------
[8mha:////4PhVhX9uH+OpzkL+9+kTYV7SaFpG3Gt14n0ogY8YD79iAAAAyx+LCAAAAAAAAP9b85aBtbiIQSOjNKU4P0+vIKc0PTOvWK8kMze1uCQxtyC1SC8ExvbLL0llgABGJgYmLwaB3MycnMzi4My85FTXgvzkDB8G3tScxILi1BRfsEwJg4BPVmJZon5OYl66vk9+Xrp1RRGDFNSy5Py84vycVD1nCI1qPENFAZCOrbe0eQR0Hx/IFD2QKXpgU7qfTDjTr3yfiYHRi4G1LDGnNBVorgBCkV9pblJqUduaqbLcUx50Q00DAc/jAE28Ht7yAAAA[0m T E S T S
[8mha:////4PhVhX9uH+OpzkL+9+kTYV7SaFpG3Gt14n0ogY8YD79iAAAAyx+LCAAAAAAAAP9b85aBtbiIQSOjNKU4P0+vIKc0PTOvWK8kMze1uCQxtyC1SC8ExvbLL0llgABGJgYmLwaB3MycnMzi4My85FTXgvzkDB8G3tScxILi1BRfsEwJg4BPVmJZon5OYl66vk9+Xrp1RRGDFNSy5Py84vycVD1nCI1qPENFAZCOrbe0eQR0Hx/IFD2QKXpgU7qfTDjTr3yfiYHRi4G1LDGnNBVorgBCkV9pblJqUduaqbLcUx50Q00DAc/jAE28Ht7yAAAA[0m-------------------------------------------------------
[8mha:////4BPACvGq7l9ejPkI+ZhFl/kL8GK11dSS9YddGz/Up/P6AAAAyx+LCAAAAAAAAP9b85aBtbiIQSOjNKU4P0+vIKc0PTOvWK8kMze1uCQxtyC1SC8ExvbLL0llgABGJgYmLwaB3MycnMzi4My85FTXgvzkDB8G3tScxILi1BRfsEwJg4BPVmJZon5OYl66vk9+Xrp1RRGDFNSy5Py84vycVD1nCI1qPENFAZCOrbd0sQW6jw9kih7IFD2wKd1PJpzpV77PxMDoxcBalphTmgo0VwChyK80Nym1qG3NVFnuKQ+6oaaBQKASADx5yYbyAAAA[0mRunning com.wakaleo.gameoflife.domain.WhenYouReadAGridFromAString
[8mha:////4O5A5lN9E59gmkND8HEGeFa+5oCyvwk0WxtcmzuVbVmzAAAAyx+LCAAAAAAAAP9b85aBtbiIQSOjNKU4P0+vIKc0PTOvWK8kMze1uCQxtyC1SC8ExvbLL0llgABGJgYmLwaB3MycnMzi4My85FTXgvzkDB8G3tScxILi1BRfsEwJg4BPVmJZon5OYl66vk9+Xrp1RRGDFNSy5Py84vycVD1nCI1qPENFAZCOrbd0ywS6jw9kih7IFD2wKd1PJpzpV77PxMDoxcBalphTmgo0VwChyK80Nym1qG3NVFnuKQ+6oaaBQLAfAG05JRHyAAAA[0mTests run: 8, Failures: 0, Errors: 0, Skipped: 0, Time elapsed: 0.318 sec
[8mha:////4Ms73L2olBsEs8Rm97NC0ztTDlXuLxTxOPjrUuDNNsMXAAAAyx+LCAAAAAAAAP9b85aBtbiIQSOjNKU4P0+vIKc0PTOvWK8kMze1uCQxtyC1SC8ExvbLL0llgABGJgYmLwaB3MycnMzi4My85FTXgvzkDB8G3tScxILi1BRfsEwJg4BPVmJZon5OYl66vk9+Xrp1RRGDFNSy5Py84vycVD1nCI1qPENFAZCOrbd0ywK6jw9kih7IFD2wKd1PJpzpV77PxMDoxcBalphTmgo0VwChyK80Nym1qG3NVFnuKQ+6oaaBQLA/AAiQKbryAAAA[0mRunning com.wakaleo.gameoflife.domain.WhenYouCreateAGrid
[8mha:////4KquRoC0TGn0pOud3xgpg5ew388Zb2cx70R4J6R+Z+ylAAAAyx+LCAAAAAAAAP9b85aBtbiIQSOjNKU4P0+vIKc0PTOvWK8kMze1uCQxtyC1SC8ExvbLL0llgABGJgYmLwaB3MycnMzi4My85FTXgvzkDB8G3tScxILi1BRfsEwJg4BPVmJZon5OYl66vk9+Xrp1RRGDFNSy5Py84vycVD1nCI1qPENFAZCOrbd0ywa6jw9kih7IFD2wKd1PJpzpV77PxMDoxcBalphTmgo0VwChyK80Nym1qG3NVFnuKQ+6oaaBQHAAAKzq2HzyAAAA[0mTests run: 16, Failures: 0, Errors: 0, Skipped: 0, Time elapsed: 0.009 sec
[8mha:////4KquRoC0TGn0pOud3xgpg5ew388Zb2cx70R4J6R+Z+ylAAAAyx+LCAAAAAAAAP9b85aBtbiIQSOjNKU4P0+vIKc0PTOvWK8kMze1uCQxtyC1SC8ExvbLL0llgABGJgYmLwaB3MycnMzi4My85FTXgvzkDB8G3tScxILi1BRfsEwJg4BPVmJZon5OYl66vk9+Xrp1RRGDFNSy5Py84vycVD1nCI1qPENFAZCOrbd0ywa6jw9kih7IFD2wKd1PJpzpV77PxMDoxcBalphTmgo0VwChyK80Nym1qG3NVFnuKQ+6oaaBQHAAAKzq2HzyAAAA[0mRunning com.wakaleo.gameoflife.domain.WhenYouPrintAGrid
[8mha:////4KquRoC0TGn0pOud3xgpg5ew388Zb2cx70R4J6R+Z+ylAAAAyx+LCAAAAAAAAP9b85aBtbiIQSOjNKU4P0+vIKc0PTOvWK8kMze1uCQxtyC1SC8ExvbLL0llgABGJgYmLwaB3MycnMzi4My85FTXgvzkDB8G3tScxILi1BRfsEwJg4BPVmJZon5OYl66vk9+Xrp1RRGDFNSy5Py84vycVD1nCI1qPENFAZCOrbd0ywa6jw9kih7IFD2wKd1PJpzpV77PxMDoxcBalphTmgo0VwChyK80Nym1qG3NVFnuKQ+6oaaBQHAAAKzq2HzyAAAA[0mTests run: 3, Failures: 0, Errors: 0, Skipped: 0, Time elapsed: 0.008 sec
[8mha:////4KquRoC0TGn0pOud3xgpg5ew388Zb2cx70R4J6R+Z+ylAAAAyx+LCAAAAAAAAP9b85aBtbiIQSOjNKU4P0+vIKc0PTOvWK8kMze1uCQxtyC1SC8ExvbLL0llgABGJgYmLwaB3MycnMzi4My85FTXgvzkDB8G3tScxILi1BRfsEwJg4BPVmJZon5OYl66vk9+Xrp1RRGDFNSy5Py84vycVD1nCI1qPENFAZCOrbd0ywa6jw9kih7IFD2wKd1PJpzpV77PxMDoxcBalphTmgo0VwChyK80Nym1qG3NVFnuKQ+6oaaBQHAAAKzq2HzyAAAA[0mRunning com.wakaleo.gameoflife.domain.WhenYouCreateACell
[8mha:////4KquRoC0TGn0pOud3xgpg5ew388Zb2cx70R4J6R+Z+ylAAAAyx+LCAAAAAAAAP9b85aBtbiIQSOjNKU4P0+vIKc0PTOvWK8kMze1uCQxtyC1SC8ExvbLL0llgABGJgYmLwaB3MycnMzi4My85FTXgvzkDB8G3tScxILi1BRfsEwJg4BPVmJZon5OYl66vk9+Xrp1RRGDFNSy5Py84vycVD1nCI1qPENFAZCOrbd0ywa6jw9kih7IFD2wKd1PJpzpV77PxMDoxcBalphTmgo0VwChyK80Nym1qG3NVFnuKQ+6oaaBQHAAAKzq2HzyAAAA[0mTests run: 6, Failures: 0, Errors: 0, Skipped: 0, Time elapsed: 0.021 sec
[8mha:////4KquRoC0TGn0pOud3xgpg5ew388Zb2cx70R4J6R+Z+ylAAAAyx+LCAAAAAAAAP9b85aBtbiIQSOjNKU4P0+vIKc0PTOvWK8kMze1uCQxtyC1SC8ExvbLL0llgABGJgYmLwaB3MycnMzi4My85FTXgvzkDB8G3tScxILi1BRfsEwJg4BPVmJZon5OYl66vk9+Xrp1RRGDFNSy5Py84vycVD1nCI1qPENFAZCOrbd0ywa6jw9kih7IFD2wKd1PJpzpV77PxMDoxcBalphTmgo0VwChyK80Nym1qG3NVFnuKQ+6oaaBQHAAAKzq2HzyAAAA[0mRunning com.wakaleo.gameoflife.domain.WhenYouPlayTheGameOfLife
[8mha:////4KquRoC0TGn0pOud3xgpg5ew388Zb2cx70R4J6R+Z+ylAAAAyx+LCAAAAAAAAP9b85aBtbiIQSOjNKU4P0+vIKc0PTOvWK8kMze1uCQxtyC1SC8ExvbLL0llgABGJgYmLwaB3MycnMzi4My85FTXgvzkDB8G3tScxILi1BRfsEwJg4BPVmJZon5OYl66vk9+Xrp1RRGDFNSy5Py84vycVD1nCI1qPENFAZCOrbd0ywa6jw9kih7IFD2wKd1PJpzpV77PxMDoxcBalphTmgo0VwChyK80Nym1qG3NVFnuKQ+6oaaBQHAAAKzq2HzyAAAA[0mTests run: 5, Failures: 0, Errors: 0, Skipped: 0, Time elapsed: 0.009 sec
[8mha:////4KquRoC0TGn0pOud3xgpg5ew388Zb2cx70R4J6R+Z+ylAAAAyx+LCAAAAAAAAP9b85aBtbiIQSOjNKU4P0+vIKc0PTOvWK8kMze1uCQxtyC1SC8ExvbLL0llgABGJgYmLwaB3MycnMzi4My85FTXgvzkDB8G3tScxILi1BRfsEwJg4BPVmJZon5OYl66vk9+Xrp1RRGDFNSy5Py84vycVD1nCI1qPENFAZCOrbd0ywa6jw9kih7IFD2wKd1PJpzpV77PxMDoxcBalphTmgo0VwChyK80Nym1qG3NVFnuKQ+6oaaBQHAAAKzq2HzyAAAA[0mRunning com.wakaleo.gameoflife.domain.WhenYouCreateANewUniverse
[8mha:////4KquRoC0TGn0pOud3xgpg5ew388Zb2cx70R4J6R+Z+ylAAAAyx+LCAAAAAAAAP9b85aBtbiIQSOjNKU4P0+vIKc0PTOvWK8kMze1uCQxtyC1SC8ExvbLL0llgABGJgYmLwaB3MycnMzi4My85FTXgvzkDB8G3tScxILi1BRfsEwJg4BPVmJZon5OYl66vk9+Xrp1RRGDFNSy5Py84vycVD1nCI1qPENFAZCOrbd0ywa6jw9kih7IFD2wKd1PJpzpV77PxMDoxcBalphTmgo0VwChyK80Nym1qG3NVFnuKQ+6oaaBQHAAAKzq2HzyAAAA[0mTests run: 11, Failures: 0, Errors: 0, Skipped: 0, Time elapsed: 0.023 sec
[8mha:////4KquRoC0TGn0pOud3xgpg5ew388Zb2cx70R4J6R+Z+ylAAAAyx+LCAAAAAAAAP9b85aBtbiIQSOjNKU4P0+vIKc0PTOvWK8kMze1uCQxtyC1SC8ExvbLL0llgABGJgYmLwaB3MycnMzi4My85FTXgvzkDB8G3tScxILi1BRfsEwJg4BPVmJZon5OYl66vk9+Xrp1RRGDFNSy5Py84vycVD1nCI1qPENFAZCOrbd0ywa6jw9kih7IFD2wKd1PJpzpV77PxMDoxcBalphTmgo0VwChyK80Nym1qG3NVFnuKQ+6oaaBQHAAAKzq2HzyAAAA[0m
[8mha:////4KquRoC0TGn0pOud3xgpg5ew388Zb2cx70R4J6R+Z+ylAAAAyx+LCAAAAAAAAP9b85aBtbiIQSOjNKU4P0+vIKc0PTOvWK8kMze1uCQxtyC1SC8ExvbLL0llgABGJgYmLwaB3MycnMzi4My85FTXgvzkDB8G3tScxILi1BRfsEwJg4BPVmJZon5OYl66vk9+Xrp1RRGDFNSy5Py84vycVD1nCI1qPENFAZCOrbd0ywa6jw9kih7IFD2wKd1PJpzpV77PxMDoxcBalphTmgo0VwChyK80Nym1qG3NVFnuKQ+6oaaBQHAAAKzq2HzyAAAA[0mResults :
[8mha:////4KquRoC0TGn0pOud3xgpg5ew388Zb2cx70R4J6R+Z+ylAAAAyx+LCAAAAAAAAP9b85aBtbiIQSOjNKU4P0+vIKc0PTOvWK8kMze1uCQxtyC1SC8ExvbLL0llgABGJgYmLwaB3MycnMzi4My85FTXgvzkDB8G3tScxILi1BRfsEwJg4BPVmJZon5OYl66vk9+Xrp1RRGDFNSy5Py84vycVD1nCI1qPENFAZCOrbd0ywa6jw9kih7IFD2wKd1PJpzpV77PxMDoxcBalphTmgo0VwChyK80Nym1qG3NVFnuKQ+6oaaBQHAAAKzq2HzyAAAA[0m
[8mha:////4KquRoC0TGn0pOud3xgpg5ew388Zb2cx70R4J6R+Z+ylAAAAyx+LCAAAAAAAAP9b85aBtbiIQSOjNKU4P0+vIKc0PTOvWK8kMze1uCQxtyC1SC8ExvbLL0llgABGJgYmLwaB3MycnMzi4My85FTXgvzkDB8G3tScxILi1BRfsEwJg4BPVmJZon5OYl66vk9+Xrp1RRGDFNSy5Py84vycVD1nCI1qPENFAZCOrbd0ywa6jw9kih7IFD2wKd1PJpzpV77PxMDoxcBalphTmgo0VwChyK80Nym1qG3NVFnuKQ+6oaaBQHAAAKzq2HzyAAAA[0mTests run: 49, Failures: 0, Errors: 0, Skipped: 0
[8mha:////4KquRoC0TGn0pOud3xgpg5ew388Zb2cx70R4J6R+Z+ylAAAAyx+LCAAAAAAAAP9b85aBtbiIQSOjNKU4P0+vIKc0PTOvWK8kMze1uCQxtyC1SC8ExvbLL0llgABGJgYmLwaB3MycnMzi4My85FTXgvzkDB8G3tScxILi1BRfsEwJg4BPVmJZon5OYl66vk9+Xrp1RRGDFNSy5Py84vycVD1nCI1qPENFAZCOrbd0ywa6jw9kih7IFD2wKd1PJpzpV77PxMDoxcBalphTmgo0VwChyK80Nym1qG3NVFnuKQ+6oaaBQHAAAKzq2HzyAAAA[0m
[8mha:////4KquRoC0TGn0pOud3xgpg5ew388Zb2cx70R4J6R+Z+ylAAAAyx+LCAAAAAAAAP9b85aBtbiIQSOjNKU4P0+vIKc0PTOvWK8kMze1uCQxtyC1SC8ExvbLL0llgABGJgYmLwaB3MycnMzi4My85FTXgvzkDB8G3tScxILi1BRfsEwJg4BPVmJZon5OYl66vk9+Xrp1RRGDFNSy5Py84vycVD1nCI1qPENFAZCOrbd0ywa6jw9kih7IFD2wKd1PJpzpV77PxMDoxcBalphTmgo0VwChyK80Nym1qG3NVFnuKQ+6oaaBQHAAAKzq2HzyAAAA[0m[INFO] 
[8mha:////4KquRoC0TGn0pOud3xgpg5ew388Zb2cx70R4J6R+Z+ylAAAAyx+LCAAAAAAAAP9b85aBtbiIQSOjNKU4P0+vIKc0PTOvWK8kMze1uCQxtyC1SC8ExvbLL0llgABGJgYmLwaB3MycnMzi4My85FTXgvzkDB8G3tScxILi1BRfsEwJg4BPVmJZon5OYl66vk9+Xrp1RRGDFNSy5Py84vycVD1nCI1qPENFAZCOrbd0ywa6jw9kih7IFD2wKd1PJpzpV77PxMDoxcBalphTmgo0VwChyK80Nym1qG3NVFnuKQ+6oaaBQHAAAKzq2HzyAAAA[0m[INFO] --- maven-easyb-plugin:1.4:test (default) @ gameoflife-core ---
[8mha:////4Je3JXhnp6kunnQlDsrUPJPnUXscwPHePeR3bWR2i0VhAAAAyx+LCAAAAAAAAP9b85aBtbiIQSOjNKU4P0+vIKc0PTOvWK8kMze1uCQxtyC1SC8ExvbLL0llgABGJgYmLwaB3MycnMzi4My85FTXgvzkDB8G3tScxILi1BRfsEwJg4BPVmJZon5OYl66vk9+Xrp1RRGDFNSy5Py84vycVD1nCI1qPENFAZCOrbf0YgC6jw9kih7IFD2wKd1PJpzpV77PxMDoxcBalphTmgo0VwChyK80Nym1qG3NVFnuKQ+6oaaBQNhTAJuVg0XyAAAA[0m[INFO] Using easyb dependency org.easyb:easyb-core:jar:1.6:compile
[8mha:////4OaVaWdfmmRlvjQ+jMWJTPRrHDV6NsRxdqSxA35cUD4NAAAAyx+LCAAAAAAAAP9b85aBtbiIQSOjNKU4P0+vIKc0PTOvWK8kMze1uCQxtyC1SC8ExvbLL0llgABGJgYmLwaB3MycnMzi4My85FTXgvzkDB8G3tScxILi1BRfsEwJg4BPVmJZon5OYl66vk9+Xrp1RRGDFNSy5Py84vycVD1nCI1qPENFAZCOrbf0YgS6jw9kih7IFD2wKd1PJpzpV77PxMDoxcBalphTmgo0VwChyK80Nym1qG3NVFnuKQ+6oaaBQNgzAHCzc5fyAAAA[0m[INFO] Using easyb dependency org.easyb:easyb-composite-groovy:pom:1.2:compile
[8mha:////4OaVaWdfmmRlvjQ+jMWJTPRrHDV6NsRxdqSxA35cUD4NAAAAyx+LCAAAAAAAAP9b85aBtbiIQSOjNKU4P0+vIKc0PTOvWK8kMze1uCQxtyC1SC8ExvbLL0llgABGJgYmLwaB3MycnMzi4My85FTXgvzkDB8G3tScxILi1BRfsEwJg4BPVmJZon5OYl66vk9+Xrp1RRGDFNSy5Py84vycVD1nCI1qPENFAZCOrbf0YgS6jw9kih7IFD2wKd1PJpzpV77PxMDoxcBalphTmgo0VwChyK80Nym1qG3NVFnuKQ+6oaaBQNgzAHCzc5fyAAAA[0m[INFO] Using easyb dependency org.codehaus.groovy:groovy-all:jar:2.3.6:compile
[8mha:////4OaVaWdfmmRlvjQ+jMWJTPRrHDV6NsRxdqSxA35cUD4NAAAAyx+LCAAAAAAAAP9b85aBtbiIQSOjNKU4P0+vIKc0PTOvWK8kMze1uCQxtyC1SC8ExvbLL0llgABGJgYmLwaB3MycnMzi4My85FTXgvzkDB8G3tScxILi1BRfsEwJg4BPVmJZon5OYl66vk9+Xrp1RRGDFNSy5Py84vycVD1nCI1qPENFAZCOrbf0YgS6jw9kih7IFD2wKd1PJpzpV77PxMDoxcBalphTmgo0VwChyK80Nym1qG3NVFnuKQ+6oaaBQNgzAHCzc5fyAAAA[0m[INFO] Using easyb dependency org.easyb:easyb-ast:jar:1.1:compile
[8mha:////4OaVaWdfmmRlvjQ+jMWJTPRrHDV6NsRxdqSxA35cUD4NAAAAyx+LCAAAAAAAAP9b85aBtbiIQSOjNKU4P0+vIKc0PTOvWK8kMze1uCQxtyC1SC8ExvbLL0llgABGJgYmLwaB3MycnMzi4My85FTXgvzkDB8G3tScxILi1BRfsEwJg4BPVmJZon5OYl66vk9+Xrp1RRGDFNSy5Py84vycVD1nCI1qPENFAZCOrbf0YgS6jw9kih7IFD2wKd1PJpzpV77PxMDoxcBalphTmgo0VwChyK80Nym1qG3NVFnuKQ+6oaaBQNgzAHCzc5fyAAAA[0m[INFO] Using easyb dependency commons-cli:commons-cli:jar:1.2:compile
[8mha:////4OaVaWdfmmRlvjQ+jMWJTPRrHDV6NsRxdqSxA35cUD4NAAAAyx+LCAAAAAAAAP9b85aBtbiIQSOjNKU4P0+vIKc0PTOvWK8kMze1uCQxtyC1SC8ExvbLL0llgABGJgYmLwaB3MycnMzi4My85FTXgvzkDB8G3tScxILi1BRfsEwJg4BPVmJZon5OYl66vk9+Xrp1RRGDFNSy5Py84vycVD1nCI1qPENFAZCOrbf0YgS6jw9kih7IFD2wKd1PJpzpV77PxMDoxcBalphTmgo0VwChyK80Nym1qG3NVFnuKQ+6oaaBQNgzAHCzc5fyAAAA[0m[INFO] Using easyb dependency commons-lang:commons-lang:jar:2.5:compile
[8mha:////4JEqnFqhDbOJZSCLB5o1oooyLZtSitV1fWSUFp4Wzz5EAAAAyx+LCAAAAAAAAP9b85aBtbiIQSOjNKU4P0+vIKc0PTOvWK8kMze1uCQxtyC1SC8ExvbLL0llgABGJgYmLwaB3MycnMzi4My85FTXgvzkDB8G3tScxILi1BRfsEwJg4BPVmJZon5OYl66vk9+Xrp1RRGDFNSy5Py84vycVD1nCI1qPENFAZCOrbcMDAW6jw9kih7IFD2wKd1PJpzpV77PxMDoxcBalphTmgo0VwChyK80Nym1qG3NVFnuKQ+6oaaBQJwVAIt3AtXyAAAA[0m     [java] Running counting things story (/var/lib/jenkins/workspace/CTC_Demo/gameoflife-core/src/test/stories/CountingThings.story)
[8mha:////4KX0tYnLvsX47TglhYjJp+np1iqdCCpVUNS+d42vkkHzAAAAyx+LCAAAAAAAAP9b85aBtbiIQSOjNKU4P0+vIKc0PTOvWK8kMze1uCQxtyC1SC8ExvbLL0llgABGJgYmLwaB3MycnMzi4My85FTXgvzkDB8G3tScxILi1BRfsEwJg4BPVmJZon5OYl66vk9+Xrp1RRGDFNSy5Py84vycVD1nCI1qPENFAZCOrbeMWAN0Hx/IFD2QKXpgU7qfTDjTr3yfiYHRi4G1LDGnNBVorgBCkV9pblJqUduaqbLcUx50Q00DgdSJAOVQAFvyAAAA[0m     [java] Scenarios run: 1, Failures: 0, Pending: 0, Time elapsed: 1.954 sec
[8mha:////4AW/s/SAMYNClbrJ3hirt4NPQWN15WZjcpDzTA/E0eMXAAAAyx+LCAAAAAAAAP9b85aBtbiIQSOjNKU4P0+vIKc0PTOvWK8kMze1uCQxtyC1SC8ExvbLL0llgABGJgYmLwaB3MycnMzi4My85FTXgvzkDB8G3tScxILi1BRfsEwJg4BPVmJZon5OYl66vk9+Xrp1RRGDFNSy5Py84vycVD1nCI1qPENFAZCOrbeMWAt0Hx/IFD2QKXpgU7qfTDjTr3yfiYHRi4G1LDGnNBVorgBCkV9pblJqUduaqbLcUx50Q00DgdRJAA528InyAAAA[0m     [java] Running multiplying things story (/var/lib/jenkins/workspace/CTC_Demo/gameoflife-core/src/test/stories/MultiplyingThings.story)
[8mha:////4FMnZkJgpK3+sicyR35HfZ2ScyVRKroGkOozbWkzaWLnAAAAyx+LCAAAAAAAAP9b85aBtbiIQSOjNKU4P0+vIKc0PTOvWK8kMze1uCQxtyC1SC8ExvbLL0llgABGJgYmLwaB3MycnMzi4My85FTXgvzkDB8G3tScxILi1BRfsEwJg4BPVmJZon5OYl66vk9+Xrp1RRGDFNSy5Py84vycVD1nCI1qPENFAZCOrbeMXA10Hx/IFD2QKXpgU7qfTDjTr3yfiYHRi4G1LDGnNBVorgBCkV9pblJqUduaqbLcUx50Q00DgbQJAFPpkjPyAAAA[0m     [java] Scenarios run: 1, Failures: 0, Pending: 1, Time elapsed: 0.078 sec
[8mha:////4A7p977hgp4GgPwAbhHjmrFsI5sqMZwauiMKArr+t5x4AAAAyx+LCAAAAAAAAP9b85aBtbiIQSOjNKU4P0+vIKc0PTOvWK8kMze1uCQxtyC1SC8ExvbLL0llgABGJgYmLwaB3MycnMzi4My85FTXgvzkDB8G3tScxILi1BRfsEwJg4BPVmJZon5OYl66vk9+Xrp1RRGDFNSy5Py84vycVD1nCI1qPENFAZCOrbeMXAt0Hx/IFD2QKXpgU7qfTDjTr3yfiYHRi4G1LDGnNBVorgBCkV9pblJqUduaqbLcUx50Q00DgbRJANi9+r7yAAAA[0m     [java] 2 total behaviors ran with no failures
[8mha:////4PT/5UwZcPF/QL7krOqWWQaxr3kPnRY8JAp50RzkYohFAAAAyx+LCAAAAAAAAP9b85aBtbiIQSOjNKU4P0+vIKc0PTOvWK8kMze1uCQxtyC1SC8ExvbLL0llgABGJgYmLwaB3MycnMzi4My85FTXgvzkDB8G3tScxILi1BRfsEwJg4BPVmJZon5OYl66vk9+Xrp1RRGDFNSy5Py84vycVD1nCI1qPENFAZCOrbdMZAO6jw9kih7IFD2wKd1PJpzpV77PxMDoxcBalphTmgo0VwChyK80Nym1qG3NVFnuKQ+6oaaBQO5rALYEqgryAAAA[0m     [java] Writing JUnit report to /var/lib/jenkins/workspace/CTC_Demo/gameoflife-core/target/surefire-reports/TEST-behavior.CountingThings.xml
[8mha:////4JaJkzizzYMec3NeMGp3FN49enEXxEk/FEEx1jILeuxuAAAAyx+LCAAAAAAAAP9b85aBtbiIQSOjNKU4P0+vIKc0PTOvWK8kMze1uCQxtyC1SC8ExvbLL0llgABGJgYmLwaB3MycnMzi4My85FTXgvzkDB8G3tScxILi1BRfsEwJg4BPVmJZon5OYl66vk9+Xrp1RRGDFNSy5Py84vycVD1nCI1qPENFAZCOrbdMZAe6jw9kih7IFD2wKd1PJpzpV77PxMDoxcBalphTmgo0VwChyK80Nym1qG3NVFnuKQ+6oaaBQO4bAETmN9/yAAAA[0m     [java] JUnit report written to /var/lib/jenkins/workspace/CTC_Demo/gameoflife-core/target/surefire-reports/TEST-behavior.CountingThings.xml
[8mha:////4CAxZZwjhM7114/gyN6qdwQXKlafdYb1OHbp9vVJMg3aAAAAyx+LCAAAAAAAAP9b85aBtbiIQSOjNKU4P0+vIKc0PTOvWK8kMze1uCQxtyC1SC8ExvbLL0llgABGJgYmLwaB3MycnMzi4My85FTXgvzkDB8G3tScxILi1BRfsEwJg4BPVmJZon5OYl66vk9+Xrp1RRGDFNSy5Py84vycVD1nCI1qPENFAZCOrbdM5AC6jw9kih7IFD2wKd1PJpzpV77PxMDoxcBalphTmgo0VwChyK80Nym1qG3NVFnuKQ+6oaaBQO5bAG8k97LyAAAA[0m     [java] Writing JUnit report to /var/lib/jenkins/workspace/CTC_Demo/gameoflife-core/target/surefire-reports/TEST-behavior.MultiplyingThings.xml
[8mha:////4CAxZZwjhM7114/gyN6qdwQXKlafdYb1OHbp9vVJMg3aAAAAyx+LCAAAAAAAAP9b85aBtbiIQSOjNKU4P0+vIKc0PTOvWK8kMze1uCQxtyC1SC8ExvbLL0llgABGJgYmLwaB3MycnMzi4My85FTXgvzkDB8G3tScxILi1BRfsEwJg4BPVmJZon5OYl66vk9+Xrp1RRGDFNSy5Py84vycVD1nCI1qPENFAZCOrbdM5AC6jw9kih7IFD2wKd1PJpzpV77PxMDoxcBalphTmgo0VwChyK80Nym1qG3NVFnuKQ+6oaaBQO5bAG8k97LyAAAA[0m     [java] JUnit report written to /var/lib/jenkins/workspace/CTC_Demo/gameoflife-core/target/surefire-reports/TEST-behavior.MultiplyingThings.xml
[8mha:////4GUfD28Hq0fMsZLkwIUiY6w4ELVzl/I8G+0rWuPb9SOuAAAAyx+LCAAAAAAAAP9b85aBtbiIQSOjNKU4P0+vIKc0PTOvWK8kMze1uCQxtyC1SC8ExvbLL0llgABGJgYmLwaB3MycnMzi4My85FTXgvzkDB8G3tScxILi1BRfsEwJg4BPVmJZon5OYl66vk9+Xrp1RRGDFNSy5Py84vycVD1nCI1qPENFAZCOrbdMWQB0Hx/IFD2QKXpgU7qfTDjTr3yfiYHRi4G1LDGnNBVorgBCkV9pblJqUduaqbLcUx50Q00DgcJWAEwRAxPyAAAA[0m[INFO] 
[8mha:////4Ks/BN0/Nbyod88tPi0K4ZOoVvySGf3poYVH5gevk+ryAAAAyx+LCAAAAAAAAP9b85aBtbiIQSOjNKU4P0+vIKc0PTOvWK8kMze1uCQxtyC1SC8ExvbLL0llgABGJgYmLwaB3MycnMzi4My85FTXgvzkDB8G3tScxILi1BRfsEwJg4BPVmJZon5OYl66vk9+Xrp1RRGDFNSy5Py84vycVD1nCI1qPENFAZCOrbdMWQR0Hx/IFD2QKXpgU7qfTDjTr3yfiYHRi4G1LDGnNBVorgBCkV9pblJqUduaqbLcUx50Q00DgcJ2AMKe/2ryAAAA[0m[INFO] --- maven-jar-plugin:2.4:jar (default-jar) @ gameoflife-core ---
[8mha:////4I4OiqDZTD16TOmTOnSYiLx1gr76ZK4uWzz5uUcqD8YQAAAAyx+LCAAAAAAAAP9b85aBtbiIQSOjNKU4P0+vIKc0PTOvWK8kMze1uCQxtyC1SC8ExvbLL0llgABGJgYmLwaB3MycnMzi4My85FTXgvzkDB8G3tScxILi1BRfsEwJg4BPVmJZon5OYl66vk9+Xrp1RRGDFNSy5Py84vycVD1nCI1qPENFAZCOrbdMWQx0Hx/IFD2QKXpgU7qfTDjTr3yfiYHRi4G1LDGnNBVorgBCkV9pblJqUduaqbLcUx50Q00DgcIOAAL0ubHyAAAA[0m[INFO] Building jar: /var/lib/jenkins/workspace/CTC_Demo/gameoflife-core/target/gameoflife-core-1.0-SNAPSHOT.jar
[8mha:////4I4OiqDZTD16TOmTOnSYiLx1gr76ZK4uWzz5uUcqD8YQAAAAyx+LCAAAAAAAAP9b85aBtbiIQSOjNKU4P0+vIKc0PTOvWK8kMze1uCQxtyC1SC8ExvbLL0llgABGJgYmLwaB3MycnMzi4My85FTXgvzkDB8G3tScxILi1BRfsEwJg4BPVmJZon5OYl66vk9+Xrp1RRGDFNSy5Py84vycVD1nCI1qPENFAZCOrbdMWQx0Hx/IFD2QKXpgU7qfTDjTr3yfiYHRi4G1LDGnNBVorgBCkV9pblJqUduaqbLcUx50Q00DgcIOAAL0ubHyAAAA[0m[INFO] 
[8mha:////4I4OiqDZTD16TOmTOnSYiLx1gr76ZK4uWzz5uUcqD8YQAAAAyx+LCAAAAAAAAP9b85aBtbiIQSOjNKU4P0+vIKc0PTOvWK8kMze1uCQxtyC1SC8ExvbLL0llgABGJgYmLwaB3MycnMzi4My85FTXgvzkDB8G3tScxILi1BRfsEwJg4BPVmJZon5OYl66vk9+Xrp1RRGDFNSy5Py84vycVD1nCI1qPENFAZCOrbdMWQx0Hx/IFD2QKXpgU7qfTDjTr3yfiYHRi4G1LDGnNBVorgBCkV9pblJqUduaqbLcUx50Q00DgcIOAAL0ubHyAAAA[0m[INFO] ------------------------------------------------------------------------
[8mha:////4I4OiqDZTD16TOmTOnSYiLx1gr76ZK4uWzz5uUcqD8YQAAAAyx+LCAAAAAAAAP9b85aBtbiIQSOjNKU4P0+vIKc0PTOvWK8kMze1uCQxtyC1SC8ExvbLL0llgABGJgYmLwaB3MycnMzi4My85FTXgvzkDB8G3tScxILi1BRfsEwJg4BPVmJZon5OYl66vk9+Xrp1RRGDFNSy5Py84vycVD1nCI1qPENFAZCOrbdMWQx0Hx/IFD2QKXpgU7qfTDjTr3yfiYHRi4G1LDGnNBVorgBCkV9pblJqUduaqbLcUx50Q00DgcIOAAL0ubHyAAAA[0m[INFO] Building gameoflife-web 1.0-SNAPSHOT
[8mha:////4I4OiqDZTD16TOmTOnSYiLx1gr76ZK4uWzz5uUcqD8YQAAAAyx+LCAAAAAAAAP9b85aBtbiIQSOjNKU4P0+vIKc0PTOvWK8kMze1uCQxtyC1SC8ExvbLL0llgABGJgYmLwaB3MycnMzi4My85FTXgvzkDB8G3tScxILi1BRfsEwJg4BPVmJZon5OYl66vk9+Xrp1RRGDFNSy5Py84vycVD1nCI1qPENFAZCOrbdMWQx0Hx/IFD2QKXpgU7qfTDjTr3yfiYHRi4G1LDGnNBVorgBCkV9pblJqUduaqbLcUx50Q00DgcIOAAL0ubHyAAAA[0m[INFO] ------------------------------------------------------------------------
[8mha:////4I4OiqDZTD16TOmTOnSYiLx1gr76ZK4uWzz5uUcqD8YQAAAAyx+LCAAAAAAAAP9b85aBtbiIQSOjNKU4P0+vIKc0PTOvWK8kMze1uCQxtyC1SC8ExvbLL0llgABGJgYmLwaB3MycnMzi4My85FTXgvzkDB8G3tScxILi1BRfsEwJg4BPVmJZon5OYl66vk9+Xrp1RRGDFNSy5Py84vycVD1nCI1qPENFAZCOrbdMWQx0Hx/IFD2QKXpgU7qfTDjTr3yfiYHRi4G1LDGnNBVorgBCkV9pblJqUduaqbLcUx50Q00DgcIOAAL0ubHyAAAA[0m[INFO] 
[8mha:////4I4OiqDZTD16TOmTOnSYiLx1gr76ZK4uWzz5uUcqD8YQAAAAyx+LCAAAAAAAAP9b85aBtbiIQSOjNKU4P0+vIKc0PTOvWK8kMze1uCQxtyC1SC8ExvbLL0llgABGJgYmLwaB3MycnMzi4My85FTXgvzkDB8G3tScxILi1BRfsEwJg4BPVmJZon5OYl66vk9+Xrp1RRGDFNSy5Py84vycVD1nCI1qPENFAZCOrbdMWQx0Hx/IFD2QKXpgU7qfTDjTr3yfiYHRi4G1LDGnNBVorgBCkV9pblJqUduaqbLcUx50Q00DgcIOAAL0ubHyAAAA[0m[INFO] --- maven-clean-plugin:2.5:clean (default-clean) @ gameoflife-web ---
[8mha:////4DvX10wDGRNVWBp93POS6UmkoiipxiaqbNUv66vazek5AAAAyx+LCAAAAAAAAP9b85aBtbiIQSOjNKU4P0+vIKc0PTOvWK8kMze1uCQxtyC1SC8ExvbLL0llgABGJgYmLwaB3MycnMzi4My85FTXgvzkDB8G3tScxILi1BRfsEwJg4BPVmJZon5OYl66vk9+Xrp1RRGDFNSy5Py84vycVD1nCI1qPENFAZCOrbdMXQp0Hx/IFD2QKXpgU7qfTDjTr3yfiYHRi4G1LDGnNBVorgBCkV9pblJqUduaqbLcUx50Q00DgaIuAF9r2wvyAAAA[0m[INFO] Deleting /var/lib/jenkins/workspace/CTC_Demo/gameoflife-web/target
[8mha:////4HzIfb0++ttAZjXrwX6p1CCSBEABfTb/HZGknxf9P16DAAAAyx+LCAAAAAAAAP9b85aBtbiIQSOjNKU4P0+vIKc0PTOvWK8kMze1uCQxtyC1SC8ExvbLL0llgABGJgYmLwaB3MycnMzi4My85FTXgvzkDB8G3tScxILi1BRfsEwJg4BPVmJZon5OYl66vk9+Xrp1RRGDFNSy5Py84vycVD1nCI1qPENFAZCOrbdMXQZ0Hx/IFD2QKXpgU7qfTDjTr3yfiYHRi4G1LDGnNBVorgBCkV9pblJqUduaqbLcUx50Q00DgaJuADrC16DyAAAA[0m[INFO] 
[8mha:////4NkXemhcmYK+TYwAWIsIKm6Lt2qm3P4yY5TksCHkdn5MAAAAyx+LCAAAAAAAAP9b85aBtbiIQSOjNKU4P0+vIKc0PTOvWK8kMze1uCQxtyC1SC8ExvbLL0llgABGJgYmLwaB3MycnMzi4My85FTXgvzkDB8G3tScxILi1BRfsEwJg4BPVmJZon5OYl66vk9+Xrp1RRGDFNSy5Py84vycVD1nCI1qPENFAZCOrbdMXQ50Hx/IFD2QKXpgU7qfTDjTr3yfiYHRi4G1LDGnNBVorgBCkV9pblJqUduaqbLcUx50Q00DgaIeAMggSnXyAAAA[0m[INFO] --- maven-enforcer-plugin:1.0:enforce (enforce-versions) @ gameoflife-web ---
[8mha:////4NkXemhcmYK+TYwAWIsIKm6Lt2qm3P4yY5TksCHkdn5MAAAAyx+LCAAAAAAAAP9b85aBtbiIQSOjNKU4P0+vIKc0PTOvWK8kMze1uCQxtyC1SC8ExvbLL0llgABGJgYmLwaB3MycnMzi4My85FTXgvzkDB8G3tScxILi1BRfsEwJg4BPVmJZon5OYl66vk9+Xrp1RRGDFNSy5Py84vycVD1nCI1qPENFAZCOrbdMXQ50Hx/IFD2QKXpgU7qfTDjTr3yfiYHRi4G1LDGnNBVorgBCkV9pblJqUduaqbLcUx50Q00DgaIeAMggSnXyAAAA[0m[INFO] 
[8mha:////4NkXemhcmYK+TYwAWIsIKm6Lt2qm3P4yY5TksCHkdn5MAAAAyx+LCAAAAAAAAP9b85aBtbiIQSOjNKU4P0+vIKc0PTOvWK8kMze1uCQxtyC1SC8ExvbLL0llgABGJgYmLwaB3MycnMzi4My85FTXgvzkDB8G3tScxILi1BRfsEwJg4BPVmJZon5OYl66vk9+Xrp1RRGDFNSy5Py84vycVD1nCI1qPENFAZCOrbdMXQ50Hx/IFD2QKXpgU7qfTDjTr3yfiYHRi4G1LDGnNBVorgBCkV9pblJqUduaqbLcUx50Q00DgaIeAMggSnXyAAAA[0m[INFO] --- maven-resources-plugin:2.6:resources (default-resources) @ gameoflife-web ---
[8mha:////4NkXemhcmYK+TYwAWIsIKm6Lt2qm3P4yY5TksCHkdn5MAAAAyx+LCAAAAAAAAP9b85aBtbiIQSOjNKU4P0+vIKc0PTOvWK8kMze1uCQxtyC1SC8ExvbLL0llgABGJgYmLwaB3MycnMzi4My85FTXgvzkDB8G3tScxILi1BRfsEwJg4BPVmJZon5OYl66vk9+Xrp1RRGDFNSy5Py84vycVD1nCI1qPENFAZCOrbdMXQ50Hx/IFD2QKXpgU7qfTDjTr3yfiYHRi4G1LDGnNBVorgBCkV9pblJqUduaqbLcUx50Q00DgaIeAMggSnXyAAAA[0m[INFO] Using 'UTF-8' encoding to copy filtered resources.
[8mha:////4NkXemhcmYK+TYwAWIsIKm6Lt2qm3P4yY5TksCHkdn5MAAAAyx+LCAAAAAAAAP9b85aBtbiIQSOjNKU4P0+vIKc0PTOvWK8kMze1uCQxtyC1SC8ExvbLL0llgABGJgYmLwaB3MycnMzi4My85FTXgvzkDB8G3tScxILi1BRfsEwJg4BPVmJZon5OYl66vk9+Xrp1RRGDFNSy5Py84vycVD1nCI1qPENFAZCOrbdMXQ50Hx/IFD2QKXpgU7qfTDjTr3yfiYHRi4G1LDGnNBVorgBCkV9pblJqUduaqbLcUx50Q00DgaIeAMggSnXyAAAA[0m[INFO] Copying 1 resource
[8mha:////4NkXemhcmYK+TYwAWIsIKm6Lt2qm3P4yY5TksCHkdn5MAAAAyx+LCAAAAAAAAP9b85aBtbiIQSOjNKU4P0+vIKc0PTOvWK8kMze1uCQxtyC1SC8ExvbLL0llgABGJgYmLwaB3MycnMzi4My85FTXgvzkDB8G3tScxILi1BRfsEwJg4BPVmJZon5OYl66vk9+Xrp1RRGDFNSy5Py84vycVD1nCI1qPENFAZCOrbdMXQ50Hx/IFD2QKXpgU7qfTDjTr3yfiYHRi4G1LDGnNBVorgBCkV9pblJqUduaqbLcUx50Q00DgaIeAMggSnXyAAAA[0m[INFO] 
[8mha:////4NkXemhcmYK+TYwAWIsIKm6Lt2qm3P4yY5TksCHkdn5MAAAAyx+LCAAAAAAAAP9b85aBtbiIQSOjNKU4P0+vIKc0PTOvWK8kMze1uCQxtyC1SC8ExvbLL0llgABGJgYmLwaB3MycnMzi4My85FTXgvzkDB8G3tScxILi1BRfsEwJg4BPVmJZon5OYl66vk9+Xrp1RRGDFNSy5Py84vycVD1nCI1qPENFAZCOrbdMXQ50Hx/IFD2QKXpgU7qfTDjTr3yfiYHRi4G1LDGnNBVorgBCkV9pblJqUduaqbLcUx50Q00DgaIeAMggSnXyAAAA[0m[INFO] --- jacoco-maven-plugin:0.7.2.201409121644:prepare-agent (jacoco-initialize) @ gameoflife-web ---
[8mha:////4NkXemhcmYK+TYwAWIsIKm6Lt2qm3P4yY5TksCHkdn5MAAAAyx+LCAAAAAAAAP9b85aBtbiIQSOjNKU4P0+vIKc0PTOvWK8kMze1uCQxtyC1SC8ExvbLL0llgABGJgYmLwaB3MycnMzi4My85FTXgvzkDB8G3tScxILi1BRfsEwJg4BPVmJZon5OYl66vk9+Xrp1RRGDFNSy5Py84vycVD1nCI1qPENFAZCOrbdMXQ50Hx/IFD2QKXpgU7qfTDjTr3yfiYHRi4G1LDGnNBVorgBCkV9pblJqUduaqbLcUx50Q00DgaIeAMggSnXyAAAA[0m[INFO] argLine set to -javaagent:/var/lib/jenkins/.m2/repository/org/jacoco/org.jacoco.agent/0.7.2.201409121644/org.jacoco.agent-0.7.2.201409121644-runtime.jar=destfile=/var/lib/jenkins/workspace/CTC_Demo/gameoflife-web/target/jacoco.exec
[8mha:////4NkXemhcmYK+TYwAWIsIKm6Lt2qm3P4yY5TksCHkdn5MAAAAyx+LCAAAAAAAAP9b85aBtbiIQSOjNKU4P0+vIKc0PTOvWK8kMze1uCQxtyC1SC8ExvbLL0llgABGJgYmLwaB3MycnMzi4My85FTXgvzkDB8G3tScxILi1BRfsEwJg4BPVmJZon5OYl66vk9+Xrp1RRGDFNSy5Py84vycVD1nCI1qPENFAZCOrbdMXQ50Hx/IFD2QKXpgU7qfTDjTr3yfiYHRi4G1LDGnNBVorgBCkV9pblJqUduaqbLcUx50Q00DgaIeAMggSnXyAAAA[0m[INFO] 
[8mha:////4NkXemhcmYK+TYwAWIsIKm6Lt2qm3P4yY5TksCHkdn5MAAAAyx+LCAAAAAAAAP9b85aBtbiIQSOjNKU4P0+vIKc0PTOvWK8kMze1uCQxtyC1SC8ExvbLL0llgABGJgYmLwaB3MycnMzi4My85FTXgvzkDB8G3tScxILi1BRfsEwJg4BPVmJZon5OYl66vk9+Xrp1RRGDFNSy5Py84vycVD1nCI1qPENFAZCOrbdMXQ50Hx/IFD2QKXpgU7qfTDjTr3yfiYHRi4G1LDGnNBVorgBCkV9pblJqUduaqbLcUx50Q00DgaIeAMggSnXyAAAA[0m[INFO] --- maven-compiler-plugin:3.1:compile (default-compile) @ gameoflife-web ---
[8mha:////4NkXemhcmYK+TYwAWIsIKm6Lt2qm3P4yY5TksCHkdn5MAAAAyx+LCAAAAAAAAP9b85aBtbiIQSOjNKU4P0+vIKc0PTOvWK8kMze1uCQxtyC1SC8ExvbLL0llgABGJgYmLwaB3MycnMzi4My85FTXgvzkDB8G3tScxILi1BRfsEwJg4BPVmJZon5OYl66vk9+Xrp1RRGDFNSy5Py84vycVD1nCI1qPENFAZCOrbdMXQ50Hx/IFD2QKXpgU7qfTDjTr3yfiYHRi4G1LDGnNBVorgBCkV9pblJqUduaqbLcUx50Q00DgaIeAMggSnXyAAAA[0m[INFO] Changes detected - recompiling the module!
[8mha:////4NkXemhcmYK+TYwAWIsIKm6Lt2qm3P4yY5TksCHkdn5MAAAAyx+LCAAAAAAAAP9b85aBtbiIQSOjNKU4P0+vIKc0PTOvWK8kMze1uCQxtyC1SC8ExvbLL0llgABGJgYmLwaB3MycnMzi4My85FTXgvzkDB8G3tScxILi1BRfsEwJg4BPVmJZon5OYl66vk9+Xrp1RRGDFNSy5Py84vycVD1nCI1qPENFAZCOrbdMXQ50Hx/IFD2QKXpgU7qfTDjTr3yfiYHRi4G1LDGnNBVorgBCkV9pblJqUduaqbLcUx50Q00DgaIeAMggSnXyAAAA[0m[INFO] Compiling 2 source files to /var/lib/jenkins/workspace/CTC_Demo/gameoflife-web/target/classes
[8mha:////4NkXemhcmYK+TYwAWIsIKm6Lt2qm3P4yY5TksCHkdn5MAAAAyx+LCAAAAAAAAP9b85aBtbiIQSOjNKU4P0+vIKc0PTOvWK8kMze1uCQxtyC1SC8ExvbLL0llgABGJgYmLwaB3MycnMzi4My85FTXgvzkDB8G3tScxILi1BRfsEwJg4BPVmJZon5OYl66vk9+Xrp1RRGDFNSy5Py84vycVD1nCI1qPENFAZCOrbdMXQ50Hx/IFD2QKXpgU7qfTDjTr3yfiYHRi4G1LDGnNBVorgBCkV9pblJqUduaqbLcUx50Q00DgaIeAMggSnXyAAAA[0m[INFO] 
[8mha:////4NkXemhcmYK+TYwAWIsIKm6Lt2qm3P4yY5TksCHkdn5MAAAAyx+LCAAAAAAAAP9b85aBtbiIQSOjNKU4P0+vIKc0PTOvWK8kMze1uCQxtyC1SC8ExvbLL0llgABGJgYmLwaB3MycnMzi4My85FTXgvzkDB8G3tScxILi1BRfsEwJg4BPVmJZon5OYl66vk9+Xrp1RRGDFNSy5Py84vycVD1nCI1qPENFAZCOrbdMXQ50Hx/IFD2QKXpgU7qfTDjTr3yfiYHRi4G1LDGnNBVorgBCkV9pblJqUduaqbLcUx50Q00DgaIeAMggSnXyAAAA[0m[INFO] --- maven-resources-plugin:2.6:testResources (default-testResources) @ gameoflife-web ---
[8mha:////4NkXemhcmYK+TYwAWIsIKm6Lt2qm3P4yY5TksCHkdn5MAAAAyx+LCAAAAAAAAP9b85aBtbiIQSOjNKU4P0+vIKc0PTOvWK8kMze1uCQxtyC1SC8ExvbLL0llgABGJgYmLwaB3MycnMzi4My85FTXgvzkDB8G3tScxILi1BRfsEwJg4BPVmJZon5OYl66vk9+Xrp1RRGDFNSy5Py84vycVD1nCI1qPENFAZCOrbdMXQ50Hx/IFD2QKXpgU7qfTDjTr3yfiYHRi4G1LDGnNBVorgBCkV9pblJqUduaqbLcUx50Q00DgaIeAMggSnXyAAAA[0m[INFO] Using 'UTF-8' encoding to copy filtered resources.
[8mha:////4NkXemhcmYK+TYwAWIsIKm6Lt2qm3P4yY5TksCHkdn5MAAAAyx+LCAAAAAAAAP9b85aBtbiIQSOjNKU4P0+vIKc0PTOvWK8kMze1uCQxtyC1SC8ExvbLL0llgABGJgYmLwaB3MycnMzi4My85FTXgvzkDB8G3tScxILi1BRfsEwJg4BPVmJZon5OYl66vk9+Xrp1RRGDFNSy5Py84vycVD1nCI1qPENFAZCOrbdMXQ50Hx/IFD2QKXpgU7qfTDjTr3yfiYHRi4G1LDGnNBVorgBCkV9pblJqUduaqbLcUx50Q00DgaIeAMggSnXyAAAA[0m[INFO] skip non existing resourceDirectory /var/lib/jenkins/workspace/CTC_Demo/gameoflife-web/src/test/resources
[8mha:////4NkXemhcmYK+TYwAWIsIKm6Lt2qm3P4yY5TksCHkdn5MAAAAyx+LCAAAAAAAAP9b85aBtbiIQSOjNKU4P0+vIKc0PTOvWK8kMze1uCQxtyC1SC8ExvbLL0llgABGJgYmLwaB3MycnMzi4My85FTXgvzkDB8G3tScxILi1BRfsEwJg4BPVmJZon5OYl66vk9+Xrp1RRGDFNSy5Py84vycVD1nCI1qPENFAZCOrbdMXQ50Hx/IFD2QKXpgU7qfTDjTr3yfiYHRi4G1LDGnNBVorgBCkV9pblJqUduaqbLcUx50Q00DgaIeAMggSnXyAAAA[0m[INFO] 
[8mha:////4NkXemhcmYK+TYwAWIsIKm6Lt2qm3P4yY5TksCHkdn5MAAAAyx+LCAAAAAAAAP9b85aBtbiIQSOjNKU4P0+vIKc0PTOvWK8kMze1uCQxtyC1SC8ExvbLL0llgABGJgYmLwaB3MycnMzi4My85FTXgvzkDB8G3tScxILi1BRfsEwJg4BPVmJZon5OYl66vk9+Xrp1RRGDFNSy5Py84vycVD1nCI1qPENFAZCOrbdMXQ50Hx/IFD2QKXpgU7qfTDjTr3yfiYHRi4G1LDGnNBVorgBCkV9pblJqUduaqbLcUx50Q00DgaIeAMggSnXyAAAA[0m[INFO] --- maven-compiler-plugin:3.1:testCompile (default-testCompile) @ gameoflife-web ---
[8mha:////4NkXemhcmYK+TYwAWIsIKm6Lt2qm3P4yY5TksCHkdn5MAAAAyx+LCAAAAAAAAP9b85aBtbiIQSOjNKU4P0+vIKc0PTOvWK8kMze1uCQxtyC1SC8ExvbLL0llgABGJgYmLwaB3MycnMzi4My85FTXgvzkDB8G3tScxILi1BRfsEwJg4BPVmJZon5OYl66vk9+Xrp1RRGDFNSy5Py84vycVD1nCI1qPENFAZCOrbdMXQ50Hx/IFD2QKXpgU7qfTDjTr3yfiYHRi4G1LDGnNBVorgBCkV9pblJqUduaqbLcUx50Q00DgaIeAMggSnXyAAAA[0m[INFO] Changes detected - recompiling the module!
[8mha:////4NkXemhcmYK+TYwAWIsIKm6Lt2qm3P4yY5TksCHkdn5MAAAAyx+LCAAAAAAAAP9b85aBtbiIQSOjNKU4P0+vIKc0PTOvWK8kMze1uCQxtyC1SC8ExvbLL0llgABGJgYmLwaB3MycnMzi4My85FTXgvzkDB8G3tScxILi1BRfsEwJg4BPVmJZon5OYl66vk9+Xrp1RRGDFNSy5Py84vycVD1nCI1qPENFAZCOrbdMXQ50Hx/IFD2QKXpgU7qfTDjTr3yfiYHRi4G1LDGnNBVorgBCkV9pblJqUduaqbLcUx50Q00DgaIeAMggSnXyAAAA[0m[INFO] Compiling 3 source files to /var/lib/jenkins/workspace/CTC_Demo/gameoflife-web/target/test-classes
[8mha:////4I8J/9MEIcf1NspERSlp30f5AY0+KeM9vAwPZlHdttxWAAAAyx+LCAAAAAAAAP9b85aBtbiIQSOjNKU4P0+vIKc0PTOvWK8kMze1uCQxtyC1SC8ExvbLL0llgABGJgYmLwaB3MycnMzi4My85FTXgvzkDB8G3tScxILi1BRfsEwJg4BPVmJZon5OYl66vk9+Xrp1RRGDFNSy5Py84vycVD1nCI1qPENFAZCOrbdMWwF0Hx/IFD2QKXpgU7qfTDjTr3yfiYHRi4G1LDGnNBVorgBCkV9pblJqUduaqbLcUx50Q00DgeJeAJ17+SXyAAAA[0m[INFO] 
[8mha:////4I8J/9MEIcf1NspERSlp30f5AY0+KeM9vAwPZlHdttxWAAAAyx+LCAAAAAAAAP9b85aBtbiIQSOjNKU4P0+vIKc0PTOvWK8kMze1uCQxtyC1SC8ExvbLL0llgABGJgYmLwaB3MycnMzi4My85FTXgvzkDB8G3tScxILi1BRfsEwJg4BPVmJZon5OYl66vk9+Xrp1RRGDFNSy5Py84vycVD1nCI1qPENFAZCOrbdMWwF0Hx/IFD2QKXpgU7qfTDjTr3yfiYHRi4G1LDGnNBVorgBCkV9pblJqUduaqbLcUx50Q00DgeJeAJ17+SXyAAAA[0m[INFO] --- maven-surefire-plugin:2.11:test (default-test) @ gameoflife-web ---
[8mha:////4I8J/9MEIcf1NspERSlp30f5AY0+KeM9vAwPZlHdttxWAAAAyx+LCAAAAAAAAP9b85aBtbiIQSOjNKU4P0+vIKc0PTOvWK8kMze1uCQxtyC1SC8ExvbLL0llgABGJgYmLwaB3MycnMzi4My85FTXgvzkDB8G3tScxILi1BRfsEwJg4BPVmJZon5OYl66vk9+Xrp1RRGDFNSy5Py84vycVD1nCI1qPENFAZCOrbdMWwF0Hx/IFD2QKXpgU7qfTDjTr3yfiYHRi4G1LDGnNBVorgBCkV9pblJqUduaqbLcUx50Q00DgeJeAJ17+SXyAAAA[0m[INFO] Tests are skipped.
[8mha:////4I8J/9MEIcf1NspERSlp30f5AY0+KeM9vAwPZlHdttxWAAAAyx+LCAAAAAAAAP9b85aBtbiIQSOjNKU4P0+vIKc0PTOvWK8kMze1uCQxtyC1SC8ExvbLL0llgABGJgYmLwaB3MycnMzi4My85FTXgvzkDB8G3tScxILi1BRfsEwJg4BPVmJZon5OYl66vk9+Xrp1RRGDFNSy5Py84vycVD1nCI1qPENFAZCOrbdMWwF0Hx/IFD2QKXpgU7qfTDjTr3yfiYHRi4G1LDGnNBVorgBCkV9pblJqUduaqbLcUx50Q00DgeJeAJ17+SXyAAAA[0m[INFO] 
[8mha:////4I8J/9MEIcf1NspERSlp30f5AY0+KeM9vAwPZlHdttxWAAAAyx+LCAAAAAAAAP9b85aBtbiIQSOjNKU4P0+vIKc0PTOvWK8kMze1uCQxtyC1SC8ExvbLL0llgABGJgYmLwaB3MycnMzi4My85FTXgvzkDB8G3tScxILi1BRfsEwJg4BPVmJZon5OYl66vk9+Xrp1RRGDFNSy5Py84vycVD1nCI1qPENFAZCOrbdMWwF0Hx/IFD2QKXpgU7qfTDjTr3yfiYHRi4G1LDGnNBVorgBCkV9pblJqUduaqbLcUx50Q00DgeJeAJ17+SXyAAAA[0m[INFO] --- maven-surefire-plugin:2.11:test (unit-tests) @ gameoflife-web ---
[8mha:////4I8J/9MEIcf1NspERSlp30f5AY0+KeM9vAwPZlHdttxWAAAAyx+LCAAAAAAAAP9b85aBtbiIQSOjNKU4P0+vIKc0PTOvWK8kMze1uCQxtyC1SC8ExvbLL0llgABGJgYmLwaB3MycnMzi4My85FTXgvzkDB8G3tScxILi1BRfsEwJg4BPVmJZon5OYl66vk9+Xrp1RRGDFNSy5Py84vycVD1nCI1qPENFAZCOrbdMWwF0Hx/IFD2QKXpgU7qfTDjTr3yfiYHRi4G1LDGnNBVorgBCkV9pblJqUduaqbLcUx50Q00DgeJeAJ17+SXyAAAA[0m[INFO] Surefire report directory: /var/lib/jenkins/workspace/CTC_Demo/gameoflife-web/target/surefire-reports
[8mha:////4I8J/9MEIcf1NspERSlp30f5AY0+KeM9vAwPZlHdttxWAAAAyx+LCAAAAAAAAP9b85aBtbiIQSOjNKU4P0+vIKc0PTOvWK8kMze1uCQxtyC1SC8ExvbLL0llgABGJgYmLwaB3MycnMzi4My85FTXgvzkDB8G3tScxILi1BRfsEwJg4BPVmJZon5OYl66vk9+Xrp1RRGDFNSy5Py84vycVD1nCI1qPENFAZCOrbdMWwF0Hx/IFD2QKXpgU7qfTDjTr3yfiYHRi4G1LDGnNBVorgBCkV9pblJqUduaqbLcUx50Q00DgeJeAJ17+SXyAAAA[0m
[8mha:////4I8J/9MEIcf1NspERSlp30f5AY0+KeM9vAwPZlHdttxWAAAAyx+LCAAAAAAAAP9b85aBtbiIQSOjNKU4P0+vIKc0PTOvWK8kMze1uCQxtyC1SC8ExvbLL0llgABGJgYmLwaB3MycnMzi4My85FTXgvzkDB8G3tScxILi1BRfsEwJg4BPVmJZon5OYl66vk9+Xrp1RRGDFNSy5Py84vycVD1nCI1qPENFAZCOrbdMWwF0Hx/IFD2QKXpgU7qfTDjTr3yfiYHRi4G1LDGnNBVorgBCkV9pblJqUduaqbLcUx50Q00DgeJeAJ17+SXyAAAA[0m-------------------------------------------------------
[8mha:////4I8J/9MEIcf1NspERSlp30f5AY0+KeM9vAwPZlHdttxWAAAAyx+LCAAAAAAAAP9b85aBtbiIQSOjNKU4P0+vIKc0PTOvWK8kMze1uCQxtyC1SC8ExvbLL0llgABGJgYmLwaB3MycnMzi4My85FTXgvzkDB8G3tScxILi1BRfsEwJg4BPVmJZon5OYl66vk9+Xrp1RRGDFNSy5Py84vycVD1nCI1qPENFAZCOrbdMWwF0Hx/IFD2QKXpgU7qfTDjTr3yfiYHRi4G1LDGnNBVorgBCkV9pblJqUduaqbLcUx50Q00DgeJeAJ17+SXyAAAA[0m T E S T S
[8mha:////4I8J/9MEIcf1NspERSlp30f5AY0+KeM9vAwPZlHdttxWAAAAyx+LCAAAAAAAAP9b85aBtbiIQSOjNKU4P0+vIKc0PTOvWK8kMze1uCQxtyC1SC8ExvbLL0llgABGJgYmLwaB3MycnMzi4My85FTXgvzkDB8G3tScxILi1BRfsEwJg4BPVmJZon5OYl66vk9+Xrp1RRGDFNSy5Py84vycVD1nCI1qPENFAZCOrbdMWwF0Hx/IFD2QKXpgU7qfTDjTr3yfiYHRi4G1LDGnNBVorgBCkV9pblJqUduaqbLcUx50Q00DgeJeAJ17+SXyAAAA[0m-------------------------------------------------------
[8mha:////4NyVujDe6aGJFdrwzAxU3JAbbyQYgnjvihhKUZVIPieZAAAAyx+LCAAAAAAAAP9b85aBtbiIQSOjNKU4P0+vIKc0PTOvWK8kMze1uCQxtyC1SC8ExvbLL0llgABGJgYmLwaB3MycnMzi4My85FTXgvzkDB8G3tScxILi1BRfsEwJg4BPVmJZon5OYl66vk9+Xrp1RRGDFNSy5Py84vycVD1nCI1qPENFAZCOrbfM/Q90Hx/IFD2QKXpgU7qfTDjTr3yfiYHRi4G1LDGnNBVorgBCkV9pblJqUduaqbLcUx50Q00DgaonAMbXmwDyAAAA[0mRunning com.wakaleo.gameoflife.webtests.controllers.WhenCreatingANewGame
[8mha:////4Ei7CzScNHIUc1JKomG4OUEe5hNGBOScUnPf8zVbUS9lAAAAyx+LCAAAAAAAAP9b85aBtbiIQSOjNKU4P0+vIKc0PTOvWK8kMze1uCQxtyC1SC8ExvbLL0llgABGJgYmLwaB3MycnMzi4My85FTXgvzkDB8G3tScxILi1BRfsEwJg4BPVmJZon5OYl66vk9+Xrp1RRGDFNSy5Py84vycVD1nCI1qPENFAZCOrbcsnAF0Hx/IFD2QKXpgU7qfTDjTr3yfiYHRi4G1LDGnNBVorgBCkV9pblJqUduaqbLcUx50Q00DgbpaAAwZx83yAAAA[0mTests run: 3, Failures: 0, Errors: 0, Skipped: 0, Time elapsed: 1.209 sec
[8mha:////4GWpgmsL5lx91PPGz/GENkg4fxaSTOv0VeAm7GZnos5hAAAAyx+LCAAAAAAAAP9b85aBtbiIQSOjNKU4P0+vIKc0PTOvWK8kMze1uCQxtyC1SC8ExvbLL0llgABGJgYmLwaB3MycnMzi4My85FTXgvzkDB8G3tScxILi1BRfsEwJg4BPVmJZon5OYl66vk9+Xrp1RRGDFNSy5Py84vycVD1nCI1qPENFAZCOrbcsnAV0Hx/IFD2QKXpgU7qfTDjTr3yfiYHRi4G1LDGnNBVorgBCkV9pblJqUduaqbLcUx50Q00Dgbp6AIKWO7TyAAAA[0mRunning com.wakaleo.gameoflife.webtests.controllers.WhenDisplayingTheHomePage
[8mha:////4GWpgmsL5lx91PPGz/GENkg4fxaSTOv0VeAm7GZnos5hAAAAyx+LCAAAAAAAAP9b85aBtbiIQSOjNKU4P0+vIKc0PTOvWK8kMze1uCQxtyC1SC8ExvbLL0llgABGJgYmLwaB3MycnMzi4My85FTXgvzkDB8G3tScxILi1BRfsEwJg4BPVmJZon5OYl66vk9+Xrp1RRGDFNSy5Py84vycVD1nCI1qPENFAZCOrbcsnAV0Hx/IFD2QKXpgU7qfTDjTr3yfiYHRi4G1LDGnNBVorgBCkV9pblJqUduaqbLcUx50Q00Dgbp6AIKWO7TyAAAA[0mTests run: 2, Failures: 0, Errors: 0, Skipped: 0, Time elapsed: 0.004 sec
[8mha:////4GWpgmsL5lx91PPGz/GENkg4fxaSTOv0VeAm7GZnos5hAAAAyx+LCAAAAAAAAP9b85aBtbiIQSOjNKU4P0+vIKc0PTOvWK8kMze1uCQxtyC1SC8ExvbLL0llgABGJgYmLwaB3MycnMzi4My85FTXgvzkDB8G3tScxILi1BRfsEwJg4BPVmJZon5OYl66vk9+Xrp1RRGDFNSy5Py84vycVD1nCI1qPENFAZCOrbcsnAV0Hx/IFD2QKXpgU7qfTDjTr3yfiYHRi4G1LDGnNBVorgBCkV9pblJqUduaqbLcUx50Q00Dgbp6AIKWO7TyAAAA[0mRunning com.wakaleo.gameoflife.webtests.controllers.WhenSpawningANewGeneration
[8mha:////4GWpgmsL5lx91PPGz/GENkg4fxaSTOv0VeAm7GZnos5hAAAAyx+LCAAAAAAAAP9b85aBtbiIQSOjNKU4P0+vIKc0PTOvWK8kMze1uCQxtyC1SC8ExvbLL0llgABGJgYmLwaB3MycnMzi4My85FTXgvzkDB8G3tScxILi1BRfsEwJg4BPVmJZon5OYl66vk9+Xrp1RRGDFNSy5Py84vycVD1nCI1qPENFAZCOrbcsnAV0Hx/IFD2QKXpgU7qfTDjTr3yfiYHRi4G1LDGnNBVorgBCkV9pblJqUduaqbLcUx50Q00Dgbp6AIKWO7TyAAAA[0mTests run: 2, Failures: 0, Errors: 0, Skipped: 0, Time elapsed: 0.043 sec
[8mha:////4CGnWwTVmUFIwoAUviGoAfTNOISRDkCicpyqrOUq4lXoAAAAyx+LCAAAAAAAAP9b85aBtbiIQSOjNKU4P0+vIKc0PTOvWK8kMze1uCQxtyC1SC8ExvbLL0llgABGJgYmLwaB3MycnMzi4My85FTXgvzkDB8G3tScxILi1BRfsEwJg4BPVmJZon5OYl66vk9+Xrp1RRGDFNSy5Py84vycVD1nCI1qPENFAZCOrbcsmgZ0Hx/IFD2QKXpgU7qfTDjTr3yfiYHRi4G1LDGnNBVorgBCkV9pblJqUduaqbLcUx50Q00DgfpqAKug6UjyAAAA[0m
[8mha:////4L7GKvnprxUZ0UVDnddmKdrQPwJK51FYSYoX3y3e50wVAAAAyx+LCAAAAAAAAP9b85aBtbiIQSOjNKU4P0+vIKc0PTOvWK8kMze1uCQxtyC1SC8ExvbLL0llgABGJgYmLwaB3MycnMzi4My85FTXgvzkDB8G3tScxILi1BRfsEwJg4BPVmJZon5OYl66vk9+Xrp1RRGDFNSy5Py84vycVD1nCI1qPENFAZCOrbcsmgF0Hx/IFD2QKXpgU7qfTDjTr3yfiYHRi4G1LDGnNBVorgBCkV9pblJqUduaqbLcUx50Q00DgfpaAHKAtPDyAAAA[0mResults :
[8mha:////4L7GKvnprxUZ0UVDnddmKdrQPwJK51FYSYoX3y3e50wVAAAAyx+LCAAAAAAAAP9b85aBtbiIQSOjNKU4P0+vIKc0PTOvWK8kMze1uCQxtyC1SC8ExvbLL0llgABGJgYmLwaB3MycnMzi4My85FTXgvzkDB8G3tScxILi1BRfsEwJg4BPVmJZon5OYl66vk9+Xrp1RRGDFNSy5Py84vycVD1nCI1qPENFAZCOrbcsmgF0Hx/IFD2QKXpgU7qfTDjTr3yfiYHRi4G1LDGnNBVorgBCkV9pblJqUduaqbLcUx50Q00DgfpaAHKAtPDyAAAA[0m
[8mha:////4L7GKvnprxUZ0UVDnddmKdrQPwJK51FYSYoX3y3e50wVAAAAyx+LCAAAAAAAAP9b85aBtbiIQSOjNKU4P0+vIKc0PTOvWK8kMze1uCQxtyC1SC8ExvbLL0llgABGJgYmLwaB3MycnMzi4My85FTXgvzkDB8G3tScxILi1BRfsEwJg4BPVmJZon5OYl66vk9+Xrp1RRGDFNSy5Py84vycVD1nCI1qPENFAZCOrbcsmgF0Hx/IFD2QKXpgU7qfTDjTr3yfiYHRi4G1LDGnNBVorgBCkV9pblJqUduaqbLcUx50Q00DgfpaAHKAtPDyAAAA[0mTests run: 7, Failures: 0, Errors: 0, Skipped: 0
[8mha:////4L7GKvnprxUZ0UVDnddmKdrQPwJK51FYSYoX3y3e50wVAAAAyx+LCAAAAAAAAP9b85aBtbiIQSOjNKU4P0+vIKc0PTOvWK8kMze1uCQxtyC1SC8ExvbLL0llgABGJgYmLwaB3MycnMzi4My85FTXgvzkDB8G3tScxILi1BRfsEwJg4BPVmJZon5OYl66vk9+Xrp1RRGDFNSy5Py84vycVD1nCI1qPENFAZCOrbcsmgF0Hx/IFD2QKXpgU7qfTDjTr3yfiYHRi4G1LDGnNBVorgBCkV9pblJqUduaqbLcUx50Q00DgfpaAHKAtPDyAAAA[0m
[8mha:////4L7GKvnprxUZ0UVDnddmKdrQPwJK51FYSYoX3y3e50wVAAAAyx+LCAAAAAAAAP9b85aBtbiIQSOjNKU4P0+vIKc0PTOvWK8kMze1uCQxtyC1SC8ExvbLL0llgABGJgYmLwaB3MycnMzi4My85FTXgvzkDB8G3tScxILi1BRfsEwJg4BPVmJZon5OYl66vk9+Xrp1RRGDFNSy5Py84vycVD1nCI1qPENFAZCOrbcsmgF0Hx/IFD2QKXpgU7qfTDjTr3yfiYHRi4G1LDGnNBVorgBCkV9pblJqUduaqbLcUx50Q00DgfpaAHKAtPDyAAAA[0m[INFO] 
[8mha:////4L7GKvnprxUZ0UVDnddmKdrQPwJK51FYSYoX3y3e50wVAAAAyx+LCAAAAAAAAP9b85aBtbiIQSOjNKU4P0+vIKc0PTOvWK8kMze1uCQxtyC1SC8ExvbLL0llgABGJgYmLwaB3MycnMzi4My85FTXgvzkDB8G3tScxILi1BRfsEwJg4BPVmJZon5OYl66vk9+Xrp1RRGDFNSy5Py84vycVD1nCI1qPENFAZCOrbcsmgF0Hx/IFD2QKXpgU7qfTDjTr3yfiYHRi4G1LDGnNBVorgBCkV9pblJqUduaqbLcUx50Q00DgfpaAHKAtPDyAAAA[0m[INFO] --- maven-easyb-plugin:1.4:test (default) @ gameoflife-web ---
[8mha:////4L7GKvnprxUZ0UVDnddmKdrQPwJK51FYSYoX3y3e50wVAAAAyx+LCAAAAAAAAP9b85aBtbiIQSOjNKU4P0+vIKc0PTOvWK8kMze1uCQxtyC1SC8ExvbLL0llgABGJgYmLwaB3MycnMzi4My85FTXgvzkDB8G3tScxILi1BRfsEwJg4BPVmJZon5OYl66vk9+Xrp1RRGDFNSy5Py84vycVD1nCI1qPENFAZCOrbcsmgF0Hx/IFD2QKXpgU7qfTDjTr3yfiYHRi4G1LDGnNBVorgBCkV9pblJqUduaqbLcUx50Q00DgfpaAHKAtPDyAAAA[0m[INFO] /var/lib/jenkins/workspace/CTC_Demo/gameoflife-web/src/test/stories does not exists.  Skipping easyb testing
[8mha:////4L7GKvnprxUZ0UVDnddmKdrQPwJK51FYSYoX3y3e50wVAAAAyx+LCAAAAAAAAP9b85aBtbiIQSOjNKU4P0+vIKc0PTOvWK8kMze1uCQxtyC1SC8ExvbLL0llgABGJgYmLwaB3MycnMzi4My85FTXgvzkDB8G3tScxILi1BRfsEwJg4BPVmJZon5OYl66vk9+Xrp1RRGDFNSy5Py84vycVD1nCI1qPENFAZCOrbcsmgF0Hx/IFD2QKXpgU7qfTDjTr3yfiYHRi4G1LDGnNBVorgBCkV9pblJqUduaqbLcUx50Q00DgfpaAHKAtPDyAAAA[0m[INFO] 
[8mha:////4L7GKvnprxUZ0UVDnddmKdrQPwJK51FYSYoX3y3e50wVAAAAyx+LCAAAAAAAAP9b85aBtbiIQSOjNKU4P0+vIKc0PTOvWK8kMze1uCQxtyC1SC8ExvbLL0llgABGJgYmLwaB3MycnMzi4My85FTXgvzkDB8G3tScxILi1BRfsEwJg4BPVmJZon5OYl66vk9+Xrp1RRGDFNSy5Py84vycVD1nCI1qPENFAZCOrbcsmgF0Hx/IFD2QKXpgU7qfTDjTr3yfiYHRi4G1LDGnNBVorgBCkV9pblJqUduaqbLcUx50Q00DgfpaAHKAtPDyAAAA[0m[INFO] --- maven-war-plugin:2.1.1:war (default-war) @ gameoflife-web ---
[8mha:////4GKIrhnloOq2FDZMzU62AD/kka1XchuKPzoHQty2hPdhAAAAyx+LCAAAAAAAAP9b85aBtbiIQSOjNKU4P0+vIKc0PTOvWK8kMze1uCQxtyC1SC8ExvbLL0llgABGJgYmLwaB3MycnMzi4My85FTXgvzkDB8G3tScxILi1BRfsEwJg4BPVmJZon5OYl66vk9+Xrp1RRGDFNSy5Py84vycVD1nCI1qPENFAZCOrbcsngp0Hx/IFD2QKXpgU7qfTDjTr3yfiYHRi4G1LDGnNBVorgBCkV9pblJqUduaqbLcUx50Q00DgYYqAKls5mzyAAAA[0m[INFO] Packaging webapp
[8mha:////4Kx5KUto/NTTyL9Q3qq9TwQgriJs4TNbMJt60x886qRhAAAAyx+LCAAAAAAAAP9b85aBtbiIQSOjNKU4P0+vIKc0PTOvWK8kMze1uCQxtyC1SC8ExvbLL0llgABGJgYmLwaB3MycnMzi4My85FTXgvzkDB8G3tScxILi1BRfsEwJg4BPVmJZon5OYl66vk9+Xrp1RRGDFNSy5Py84vycVD1nCI1qPENFAZCOrbcsngZ0Hx/IFD2QKXpgU7qfTDjTr3yfiYHRi4G1LDGnNBVorgBCkV9pblJqUduaqbLcUx50Q00DgYZqAMzF6sfyAAAA[0m[INFO] Assembling webapp [gameoflife-web] in [/var/lib/jenkins/workspace/CTC_Demo/gameoflife-web/target/gameoflife]
[8mha:////4Kx5KUto/NTTyL9Q3qq9TwQgriJs4TNbMJt60x886qRhAAAAyx+LCAAAAAAAAP9b85aBtbiIQSOjNKU4P0+vIKc0PTOvWK8kMze1uCQxtyC1SC8ExvbLL0llgABGJgYmLwaB3MycnMzi4My85FTXgvzkDB8G3tScxILi1BRfsEwJg4BPVmJZon5OYl66vk9+Xrp1RRGDFNSy5Py84vycVD1nCI1qPENFAZCOrbcsngZ0Hx/IFD2QKXpgU7qfTDjTr3yfiYHRi4G1LDGnNBVorgBCkV9pblJqUduaqbLcUx50Q00DgYZqAMzF6sfyAAAA[0m[INFO] Processing war project
[8mha:////4Kx5KUto/NTTyL9Q3qq9TwQgriJs4TNbMJt60x886qRhAAAAyx+LCAAAAAAAAP9b85aBtbiIQSOjNKU4P0+vIKc0PTOvWK8kMze1uCQxtyC1SC8ExvbLL0llgABGJgYmLwaB3MycnMzi4My85FTXgvzkDB8G3tScxILi1BRfsEwJg4BPVmJZon5OYl66vk9+Xrp1RRGDFNSy5Py84vycVD1nCI1qPENFAZCOrbcsngZ0Hx/IFD2QKXpgU7qfTDjTr3yfiYHRi4G1LDGnNBVorgBCkV9pblJqUduaqbLcUx50Q00DgYZqAMzF6sfyAAAA[0m[INFO] Copying webapp resources [/var/lib/jenkins/workspace/CTC_Demo/gameoflife-web/src/main/webapp]
[8mha:////4Ivid/nYayaIuKFzzEZZhIeLTQtWd0XKvetb+qZ9YvdlAAAAyx+LCAAAAAAAAP9b85aBtbiIQSOjNKU4P0+vIKc0PTOvWK8kMze1uCQxtyC1SC8ExvbLL0llgABGJgYmLwaB3MycnMzi4My85FTXgvzkDB8G3tScxILi1BRfsEwJg4BPVmJZon5OYl66vk9+Xrp1RRGDFNSy5Py84vycVD1nCI1qPENFAZCOrbcsmQp0Hx/IFD2QKXpgU7qfTDjTr3yfiYHRi4G1LDGnNBVorgBCkV9pblJqUduaqbLcUx50Q00DgcYqAIOVCyHyAAAA[0m[INFO] Webapp assembled in [84 msecs]
[8mha:////4NCcDJBM66WDaZin30t2UbtBd3QJpUyhfsdPr/QIhFlIAAAAyx+LCAAAAAAAAP9b85aBtbiIQSOjNKU4P0+vIKc0PTOvWK8kMze1uCQxtyC1SC8ExvbLL0llgABGJgYmLwaB3MycnMzi4My85FTXgvzkDB8G3tScxILi1BRfsEwJg4BPVmJZon5OYl66vk9+Xrp1RRGDFNSy5Py84vycVD1nCI1qPENFAZCOrbcsnQJ0Hx/IFD2QKXpgU7qfTDjTr3yfiYHRi4G1LDGnNBVorgBCkV9pblJqUduaqbLcUx50Q00DgaZKAL548cTyAAAA[0m[INFO] Building war: /var/lib/jenkins/workspace/CTC_Demo/gameoflife-web/target/gameoflife.war
[8mha:////4O0Kvj6BMe9vMbmJhnun5w8SYYhzb/rKc7gfdMjvA8NnAAAAyx+LCAAAAAAAAP9b85aBtbiIQSOjNKU4P0+vIKc0PTOvWK8kMze1uCQxtyC1SC8ExvbLL0llgABGJgYmLwaB3MycnMzi4My85FTXgvzkDB8G3tScxILi1BRfsEwJg4BPVmJZon5OYl66vk9+Xrp1RRGDFNSy5Py84vycVD1nCI1qPENFAZCOrbcsmwJ0Hx/IFD2QKXpgU7qfTDjTr3yfiYHRi4G1LDGnNBVorgBCkV9pblJqUduaqbLcUx50Q00DgeZKAMDhgvnyAAAA[0m[INFO] WEB-INF/web.xml already added, skipping
[8mha:////4FEZ3bdJLiKwtbpYK/N4w6qV7uqKBFOeVmTp8w7/wuGwAAAAyx+LCAAAAAAAAP9b85aBtbiIQSOjNKU4P0+vIKc0PTOvWK8kMze1uCQxtyC1SC8ExvbLL0llgABGJgYmLwaB3MycnMzi4My85FTXgvzkDB8G3tScxILi1BRfsEwJg4BPVmJZon5OYl66vk9+Xrp1RRGDFNSy5Py84vycVD1nCI1qPENFAZCOrbcsmw50Hx/IFD2QKXpgU7qfTDjTr3yfiYHRi4G1LDGnNBVorgBCkV9pblJqUduaqbLcUx50Q00DgeYaALyM41XyAAAA[0m[INFO] ------------------------------------------------------------------------
[8mha:////4FEZ3bdJLiKwtbpYK/N4w6qV7uqKBFOeVmTp8w7/wuGwAAAAyx+LCAAAAAAAAP9b85aBtbiIQSOjNKU4P0+vIKc0PTOvWK8kMze1uCQxtyC1SC8ExvbLL0llgABGJgYmLwaB3MycnMzi4My85FTXgvzkDB8G3tScxILi1BRfsEwJg4BPVmJZon5OYl66vk9+Xrp1RRGDFNSy5Py84vycVD1nCI1qPENFAZCOrbcsmw50Hx/IFD2QKXpgU7qfTDjTr3yfiYHRi4G1LDGnNBVorgBCkV9pblJqUduaqbLcUx50Q00DgeYaALyM41XyAAAA[0m[INFO] Reactor Summary:
[8mha:////4FEZ3bdJLiKwtbpYK/N4w6qV7uqKBFOeVmTp8w7/wuGwAAAAyx+LCAAAAAAAAP9b85aBtbiIQSOjNKU4P0+vIKc0PTOvWK8kMze1uCQxtyC1SC8ExvbLL0llgABGJgYmLwaB3MycnMzi4My85FTXgvzkDB8G3tScxILi1BRfsEwJg4BPVmJZon5OYl66vk9+Xrp1RRGDFNSy5Py84vycVD1nCI1qPENFAZCOrbcsmw50Hx/IFD2QKXpgU7qfTDjTr3yfiYHRi4G1LDGnNBVorgBCkV9pblJqUduaqbLcUx50Q00DgeYaALyM41XyAAAA[0m[INFO] 
[8mha:////4FEZ3bdJLiKwtbpYK/N4w6qV7uqKBFOeVmTp8w7/wuGwAAAAyx+LCAAAAAAAAP9b85aBtbiIQSOjNKU4P0+vIKc0PTOvWK8kMze1uCQxtyC1SC8ExvbLL0llgABGJgYmLwaB3MycnMzi4My85FTXgvzkDB8G3tScxILi1BRfsEwJg4BPVmJZon5OYl66vk9+Xrp1RRGDFNSy5Py84vycVD1nCI1qPENFAZCOrbcsmw50Hx/IFD2QKXpgU7qfTDjTr3yfiYHRi4G1LDGnNBVorgBCkV9pblJqUduaqbLcUx50Q00DgeYaALyM41XyAAAA[0m[INFO] gameoflife ......................................... SUCCESS [  5.858 s]
[8mha:////4FEZ3bdJLiKwtbpYK/N4w6qV7uqKBFOeVmTp8w7/wuGwAAAAyx+LCAAAAAAAAP9b85aBtbiIQSOjNKU4P0+vIKc0PTOvWK8kMze1uCQxtyC1SC8ExvbLL0llgABGJgYmLwaB3MycnMzi4My85FTXgvzkDB8G3tScxILi1BRfsEwJg4BPVmJZon5OYl66vk9+Xrp1RRGDFNSy5Py84vycVD1nCI1qPENFAZCOrbcsmw50Hx/IFD2QKXpgU7qfTDjTr3yfiYHRi4G1LDGnNBVorgBCkV9pblJqUduaqbLcUx50Q00DgeYaALyM41XyAAAA[0m[INFO] gameoflife-build ................................... SUCCESS [  3.198 s]
[8mha:////4FEZ3bdJLiKwtbpYK/N4w6qV7uqKBFOeVmTp8w7/wuGwAAAAyx+LCAAAAAAAAP9b85aBtbiIQSOjNKU4P0+vIKc0PTOvWK8kMze1uCQxtyC1SC8ExvbLL0llgABGJgYmLwaB3MycnMzi4My85FTXgvzkDB8G3tScxILi1BRfsEwJg4BPVmJZon5OYl66vk9+Xrp1RRGDFNSy5Py84vycVD1nCI1qPENFAZCOrbcsmw50Hx/IFD2QKXpgU7qfTDjTr3yfiYHRi4G1LDGnNBVorgBCkV9pblJqUduaqbLcUx50Q00DgeYaALyM41XyAAAA[0m[INFO] gameoflife-core .................................... SUCCESS [ 12.643 s]
[8mha:////4FEZ3bdJLiKwtbpYK/N4w6qV7uqKBFOeVmTp8w7/wuGwAAAAyx+LCAAAAAAAAP9b85aBtbiIQSOjNKU4P0+vIKc0PTOvWK8kMze1uCQxtyC1SC8ExvbLL0llgABGJgYmLwaB3MycnMzi4My85FTXgvzkDB8G3tScxILi1BRfsEwJg4BPVmJZon5OYl66vk9+Xrp1RRGDFNSy5Py84vycVD1nCI1qPENFAZCOrbcsmw50Hx/IFD2QKXpgU7qfTDjTr3yfiYHRi4G1LDGnNBVorgBCkV9pblJqUduaqbLcUx50Q00DgeYaALyM41XyAAAA[0m[INFO] gameoflife-web ..................................... SUCCESS [  4.717 s]
[8mha:////4FEZ3bdJLiKwtbpYK/N4w6qV7uqKBFOeVmTp8w7/wuGwAAAAyx+LCAAAAAAAAP9b85aBtbiIQSOjNKU4P0+vIKc0PTOvWK8kMze1uCQxtyC1SC8ExvbLL0llgABGJgYmLwaB3MycnMzi4My85FTXgvzkDB8G3tScxILi1BRfsEwJg4BPVmJZon5OYl66vk9+Xrp1RRGDFNSy5Py84vycVD1nCI1qPENFAZCOrbcsmw50Hx/IFD2QKXpgU7qfTDjTr3yfiYHRi4G1LDGnNBVorgBCkV9pblJqUduaqbLcUx50Q00DgeYaALyM41XyAAAA[0m[INFO] ------------------------------------------------------------------------
[8mha:////4FEZ3bdJLiKwtbpYK/N4w6qV7uqKBFOeVmTp8w7/wuGwAAAAyx+LCAAAAAAAAP9b85aBtbiIQSOjNKU4P0+vIKc0PTOvWK8kMze1uCQxtyC1SC8ExvbLL0llgABGJgYmLwaB3MycnMzi4My85FTXgvzkDB8G3tScxILi1BRfsEwJg4BPVmJZon5OYl66vk9+Xrp1RRGDFNSy5Py84vycVD1nCI1qPENFAZCOrbcsmw50Hx/IFD2QKXpgU7qfTDjTr3yfiYHRi4G1LDGnNBVorgBCkV9pblJqUduaqbLcUx50Q00DgeYaALyM41XyAAAA[0m[INFO] BUILD SUCCESS
[8mha:////4FEZ3bdJLiKwtbpYK/N4w6qV7uqKBFOeVmTp8w7/wuGwAAAAyx+LCAAAAAAAAP9b85aBtbiIQSOjNKU4P0+vIKc0PTOvWK8kMze1uCQxtyC1SC8ExvbLL0llgABGJgYmLwaB3MycnMzi4My85FTXgvzkDB8G3tScxILi1BRfsEwJg4BPVmJZon5OYl66vk9+Xrp1RRGDFNSy5Py84vycVD1nCI1qPENFAZCOrbcsmw50Hx/IFD2QKXpgU7qfTDjTr3yfiYHRi4G1LDGnNBVorgBCkV9pblJqUduaqbLcUx50Q00DgeYaALyM41XyAAAA[0m[INFO] ------------------------------------------------------------------------
[8mha:////4FEZ3bdJLiKwtbpYK/N4w6qV7uqKBFOeVmTp8w7/wuGwAAAAyx+LCAAAAAAAAP9b85aBtbiIQSOjNKU4P0+vIKc0PTOvWK8kMze1uCQxtyC1SC8ExvbLL0llgABGJgYmLwaB3MycnMzi4My85FTXgvzkDB8G3tScxILi1BRfsEwJg4BPVmJZon5OYl66vk9+Xrp1RRGDFNSy5Py84vycVD1nCI1qPENFAZCOrbcsmw50Hx/IFD2QKXpgU7qfTDjTr3yfiYHRi4G1LDGnNBVorgBCkV9pblJqUduaqbLcUx50Q00DgeYaALyM41XyAAAA[0m[INFO] Total time: 27.197 s
[8mha:////4FEZ3bdJLiKwtbpYK/N4w6qV7uqKBFOeVmTp8w7/wuGwAAAAyx+LCAAAAAAAAP9b85aBtbiIQSOjNKU4P0+vIKc0PTOvWK8kMze1uCQxtyC1SC8ExvbLL0llgABGJgYmLwaB3MycnMzi4My85FTXgvzkDB8G3tScxILi1BRfsEwJg4BPVmJZon5OYl66vk9+Xrp1RRGDFNSy5Py84vycVD1nCI1qPENFAZCOrbcsmw50Hx/IFD2QKXpgU7qfTDjTr3yfiYHRi4G1LDGnNBVorgBCkV9pblJqUduaqbLcUx50Q00DgeYaALyM41XyAAAA[0m[INFO] Finished at: 2017-07-26T19:37:38+05:30
[8mha:////4PqyPl9s9K7ggoCjEzs6869uS4K8IMrHpvOaq61vK0Z+AAAAyx+LCAAAAAAAAP9b85aBtbiIQSOjNKU4P0+vIKc0PTOvWK8kMze1uCQxtyC1SC8ExvbLL0llgABGJgYmLwaB3MycnMzi4My85FTXgvzkDB8G3tScxILi1BRfsEwJg4BPVmJZon5OYl66vk9+Xrp1RRGDFNSy5Py84vycVD1nCI1qPENFAZCOrbes0ge6jw9kih7IFD2wKd1PJpzpV77PxMDoxcBalphTmgo0VwChyK80Nym1qG3NVFnuKQ+6oaaBQLsIAO0Zpu/yAAAA[0m[INFO] Final Memory: 32M/478M
[8mha:////4P4PVeqZMZmUVnLsHLeVKgzfVShNgGG7KPvQiOqAHpvHAAAAyx+LCAAAAAAAAP9b85aBtbiIQSOjNKU4P0+vIKc0PTOvWK8kMze1uCQxtyC1SC8ExvbLL0llgABGJgYmLwaB3MycnMzi4My85FTXgvzkDB8G3tScxILi1BRfsEwJg4BPVmJZon5OYl66vk9+Xrp1RRGDFNSy5Py84vycVD1nCI1qPENFAZCOrbesMgS6jw9kih7IFD2wKd1PJpzpV77PxMDoxcBalphTmgo0VwChyK80Nym1qG3NVFnuKQ+6oaaBQLsYALudJzTyAAAA[0m[INFO] ------------------------------------------------------------------------
