[8mha:////4CgABlyRmdXzwx1GCk0gfyE6IPE/RGn5jJNvaGaRYGrVAAAAyx+LCAAAAAAAAP9b85aBtbiIQSOjNKU4P0+vIKc0PTOvWK8kMze1uCQxtyC1SC8ExvbLL0llgABGJgYmLwaB3MycnMzi4My85FTXgvzkDB8G3tScxILi1BRfsEwJg4BPVmJZon5OYl66vk9+Xrp1RRGDFNSy5Py84vycVD1nCI1qPENFAZCOE97trgZ0Hx/IFD2QKXpgU7qfTDjTr3yfiYHRi4G1LDGnNBVorgBCkV9pblJqUduaqbLcUx50Q00DAcFOACduVwXyAAAA[0m[CTC_Demo] Running shell script
[8mha:////4AUe1a2PpdkDx7YBBQ5oWSmVLPo+Q+eQ+YlWOj8IY9KJAAAAyx+LCAAAAAAAAP9b85aBtbiIQSOjNKU4P0+vIKc0PTOvWK8kMze1uCQxtyC1SC8ExvbLL0llgABGJgYmLwaB3MycnMzi4My85FTXgvzkDB8G3tScxILi1BRfsEwJg4BPVmJZon5OYl66vk9+Xrp1RRGDFNSy5Py84vycVD1nCI1qPENFAZCOE97tEQt0Hx/IFD2QKXpgU7qfTDjTr3yfiYHRi4G1LDGnNBVorgBCkV9pblJqUduaqbLcUx50Q00DAaEDAAjAhJ7yAAAA[0m+ /opt/maven/bin/mvn clean package
[8mha:////4G2E7SKL3vVGfBMQyrfNfNFGRUwGaLWQJ9X66VHlXBckAAAAyx+LCAAAAAAAAP9b85aBtbiIQSOjNKU4P0+vIKc0PTOvWK8kMze1uCQxtyC1SC8ExvbLL0llgABGJgYmLwaB3MycnMzi4My85FTXgvzkDB8G3tScxILi1BRfsEwJg4BPVmJZon5OYl66vk9+Xrp1RRGDFNSy5Py84vycVD1nCI1qPENFAZCOE94d0Q10Hx/IFD2QKXpgU7qfTDjTr3yfiYHRi4G1LDGnNBVorgBCkV9pblJqUduaqbLcUx50Q00DAaV3AD+lFlnyAAAA[0m[INFO] Scanning for projects...
[8mha:////4NwEnjxrzFn0tg1d3f0e6mslDfRlKzy3y30nVVHCC+CwAAAAyx+LCAAAAAAAAP9b85aBtbiIQSOjNKU4P0+vIKc0PTOvWK8kMze1uCQxtyC1SC8ExvbLL0llgABGJgYmLwaB3MycnMzi4My85FTXgvzkDB8G3tScxILi1BRfsEwJg4BPVmJZon5OYl66vk9+Xrp1RRGDFNSy5Py84vycVD1nCI1qPENFAZCOE94d2QF0Hx/IFD2QKXpgU7qfTDjTr3yfiYHRi4G1LDGnNBVorgBCkV9pblJqUduaqbLcUx50Q00DAeXXABdhS/DyAAAA[0m[WARNING] 
[8mha:////4DShFE2b23QoV8l7FxaWVzThe2PKgBahBE0AT15CB2esAAAAyx+LCAAAAAAAAP9b85aBtbiIQSOjNKU4P0+vIKc0PTOvWK8kMze1uCQxtyC1SC8ExvbLL0llgABGJgYmLwaB3MycnMzi4My85FTXgvzkDB8G3tScxILi1BRfsEwJg4BPVmJZon5OYl66vk9+Xrp1RRGDFNSy5Py84vycVD1nCI1qPENFAZCOE94d2Ql0Hx/IFD2QKXpgU7qfTDjTr3yfiYHRi4G1LDGnNBVorgBCkV9pblJqUduaqbLcUx50Q00DAeU3AOWD1iXyAAAA[0m[WARNING] Some problems were encountered while building the effective model for com.wakaleo.gameoflife:gameoflife-build:jar:1.0-SNAPSHOT
[8mha:////4DShFE2b23QoV8l7FxaWVzThe2PKgBahBE0AT15CB2esAAAAyx+LCAAAAAAAAP9b85aBtbiIQSOjNKU4P0+vIKc0PTOvWK8kMze1uCQxtyC1SC8ExvbLL0llgABGJgYmLwaB3MycnMzi4My85FTXgvzkDB8G3tScxILi1BRfsEwJg4BPVmJZon5OYl66vk9+Xrp1RRGDFNSy5Py84vycVD1nCI1qPENFAZCOE94d2Ql0Hx/IFD2QKXpgU7qfTDjTr3yfiYHRi4G1LDGnNBVorgBCkV9pblJqUduaqbLcUx50Q00DAeU3AOWD1iXyAAAA[0m[WARNING] Reporting configuration should be done in <reporting> section, not in maven-site-plugin <configuration> as reportPlugins parameter.
[8mha:////4DShFE2b23QoV8l7FxaWVzThe2PKgBahBE0AT15CB2esAAAAyx+LCAAAAAAAAP9b85aBtbiIQSOjNKU4P0+vIKc0PTOvWK8kMze1uCQxtyC1SC8ExvbLL0llgABGJgYmLwaB3MycnMzi4My85FTXgvzkDB8G3tScxILi1BRfsEwJg4BPVmJZon5OYl66vk9+Xrp1RRGDFNSy5Py84vycVD1nCI1qPENFAZCOE94d2Ql0Hx/IFD2QKXpgU7qfTDjTr3yfiYHRi4G1LDGnNBVorgBCkV9pblJqUduaqbLcUx50Q00DAeU3AOWD1iXyAAAA[0m[WARNING] 
[8mha:////4DShFE2b23QoV8l7FxaWVzThe2PKgBahBE0AT15CB2esAAAAyx+LCAAAAAAAAP9b85aBtbiIQSOjNKU4P0+vIKc0PTOvWK8kMze1uCQxtyC1SC8ExvbLL0llgABGJgYmLwaB3MycnMzi4My85FTXgvzkDB8G3tScxILi1BRfsEwJg4BPVmJZon5OYl66vk9+Xrp1RRGDFNSy5Py84vycVD1nCI1qPENFAZCOE94d2Ql0Hx/IFD2QKXpgU7qfTDjTr3yfiYHRi4G1LDGnNBVorgBCkV9pblJqUduaqbLcUx50Q00DAeU3AOWD1iXyAAAA[0m[WARNING] Some problems were encountered while building the effective model for com.wakaleo.gameoflife:gameoflife-core:jar:1.0-SNAPSHOT
[8mha:////4DShFE2b23QoV8l7FxaWVzThe2PKgBahBE0AT15CB2esAAAAyx+LCAAAAAAAAP9b85aBtbiIQSOjNKU4P0+vIKc0PTOvWK8kMze1uCQxtyC1SC8ExvbLL0llgABGJgYmLwaB3MycnMzi4My85FTXgvzkDB8G3tScxILi1BRfsEwJg4BPVmJZon5OYl66vk9+Xrp1RRGDFNSy5Py84vycVD1nCI1qPENFAZCOE94d2Ql0Hx/IFD2QKXpgU7qfTDjTr3yfiYHRi4G1LDGnNBVorgBCkV9pblJqUduaqbLcUx50Q00DAeU3AOWD1iXyAAAA[0m[WARNING] Reporting configuration should be done in <reporting> section, not in maven-site-plugin <configuration> as reportPlugins parameter.
[8mha:////4DShFE2b23QoV8l7FxaWVzThe2PKgBahBE0AT15CB2esAAAAyx+LCAAAAAAAAP9b85aBtbiIQSOjNKU4P0+vIKc0PTOvWK8kMze1uCQxtyC1SC8ExvbLL0llgABGJgYmLwaB3MycnMzi4My85FTXgvzkDB8G3tScxILi1BRfsEwJg4BPVmJZon5OYl66vk9+Xrp1RRGDFNSy5Py84vycVD1nCI1qPENFAZCOE94d2Ql0Hx/IFD2QKXpgU7qfTDjTr3yfiYHRi4G1LDGnNBVorgBCkV9pblJqUduaqbLcUx50Q00DAeU3AOWD1iXyAAAA[0m[WARNING] 
[8mha:////4DShFE2b23QoV8l7FxaWVzThe2PKgBahBE0AT15CB2esAAAAyx+LCAAAAAAAAP9b85aBtbiIQSOjNKU4P0+vIKc0PTOvWK8kMze1uCQxtyC1SC8ExvbLL0llgABGJgYmLwaB3MycnMzi4My85FTXgvzkDB8G3tScxILi1BRfsEwJg4BPVmJZon5OYl66vk9+Xrp1RRGDFNSy5Py84vycVD1nCI1qPENFAZCOE94d2Ql0Hx/IFD2QKXpgU7qfTDjTr3yfiYHRi4G1LDGnNBVorgBCkV9pblJqUduaqbLcUx50Q00DAeU3AOWD1iXyAAAA[0m[WARNING] Some problems were encountered while building the effective model for com.wakaleo.gameoflife:gameoflife-web:war:1.0-SNAPSHOT
[8mha:////4DShFE2b23QoV8l7FxaWVzThe2PKgBahBE0AT15CB2esAAAAyx+LCAAAAAAAAP9b85aBtbiIQSOjNKU4P0+vIKc0PTOvWK8kMze1uCQxtyC1SC8ExvbLL0llgABGJgYmLwaB3MycnMzi4My85FTXgvzkDB8G3tScxILi1BRfsEwJg4BPVmJZon5OYl66vk9+Xrp1RRGDFNSy5Py84vycVD1nCI1qPENFAZCOE94d2Ql0Hx/IFD2QKXpgU7qfTDjTr3yfiYHRi4G1LDGnNBVorgBCkV9pblJqUduaqbLcUx50Q00DAeU3AOWD1iXyAAAA[0m[WARNING] Reporting configuration should be done in <reporting> section, not in maven-site-plugin <configuration> as reportPlugins parameter.
[8mha:////4DShFE2b23QoV8l7FxaWVzThe2PKgBahBE0AT15CB2esAAAAyx+LCAAAAAAAAP9b85aBtbiIQSOjNKU4P0+vIKc0PTOvWK8kMze1uCQxtyC1SC8ExvbLL0llgABGJgYmLwaB3MycnMzi4My85FTXgvzkDB8G3tScxILi1BRfsEwJg4BPVmJZon5OYl66vk9+Xrp1RRGDFNSy5Py84vycVD1nCI1qPENFAZCOE94d2Ql0Hx/IFD2QKXpgU7qfTDjTr3yfiYHRi4G1LDGnNBVorgBCkV9pblJqUduaqbLcUx50Q00DAeU3AOWD1iXyAAAA[0m[WARNING] 
[8mha:////4DShFE2b23QoV8l7FxaWVzThe2PKgBahBE0AT15CB2esAAAAyx+LCAAAAAAAAP9b85aBtbiIQSOjNKU4P0+vIKc0PTOvWK8kMze1uCQxtyC1SC8ExvbLL0llgABGJgYmLwaB3MycnMzi4My85FTXgvzkDB8G3tScxILi1BRfsEwJg4BPVmJZon5OYl66vk9+Xrp1RRGDFNSy5Py84vycVD1nCI1qPENFAZCOE94d2Ql0Hx/IFD2QKXpgU7qfTDjTr3yfiYHRi4G1LDGnNBVorgBCkV9pblJqUduaqbLcUx50Q00DAeU3AOWD1iXyAAAA[0m[WARNING] Some problems were encountered while building the effective model for com.wakaleo.gameoflife:gameoflife:pom:1.0-SNAPSHOT
[8mha:////4DShFE2b23QoV8l7FxaWVzThe2PKgBahBE0AT15CB2esAAAAyx+LCAAAAAAAAP9b85aBtbiIQSOjNKU4P0+vIKc0PTOvWK8kMze1uCQxtyC1SC8ExvbLL0llgABGJgYmLwaB3MycnMzi4My85FTXgvzkDB8G3tScxILi1BRfsEwJg4BPVmJZon5OYl66vk9+Xrp1RRGDFNSy5Py84vycVD1nCI1qPENFAZCOE94d2Ql0Hx/IFD2QKXpgU7qfTDjTr3yfiYHRi4G1LDGnNBVorgBCkV9pblJqUduaqbLcUx50Q00DAeU3AOWD1iXyAAAA[0m[WARNING] Reporting configuration should be done in <reporting> section, not in maven-site-plugin <configuration> as reportPlugins parameter. @ line 302, column 40
[8mha:////4DShFE2b23QoV8l7FxaWVzThe2PKgBahBE0AT15CB2esAAAAyx+LCAAAAAAAAP9b85aBtbiIQSOjNKU4P0+vIKc0PTOvWK8kMze1uCQxtyC1SC8ExvbLL0llgABGJgYmLwaB3MycnMzi4My85FTXgvzkDB8G3tScxILi1BRfsEwJg4BPVmJZon5OYl66vk9+Xrp1RRGDFNSy5Py84vycVD1nCI1qPENFAZCOE94d2Ql0Hx/IFD2QKXpgU7qfTDjTr3yfiYHRi4G1LDGnNBVorgBCkV9pblJqUduaqbLcUx50Q00DAeU3AOWD1iXyAAAA[0m[WARNING] 
[8mha:////4DShFE2b23QoV8l7FxaWVzThe2PKgBahBE0AT15CB2esAAAAyx+LCAAAAAAAAP9b85aBtbiIQSOjNKU4P0+vIKc0PTOvWK8kMze1uCQxtyC1SC8ExvbLL0llgABGJgYmLwaB3MycnMzi4My85FTXgvzkDB8G3tScxILi1BRfsEwJg4BPVmJZon5OYl66vk9+Xrp1RRGDFNSy5Py84vycVD1nCI1qPENFAZCOE94d2Ql0Hx/IFD2QKXpgU7qfTDjTr3yfiYHRi4G1LDGnNBVorgBCkV9pblJqUduaqbLcUx50Q00DAeU3AOWD1iXyAAAA[0m[WARNING] It is highly recommended to fix these problems because they threaten the stability of your build.
[8mha:////4DShFE2b23QoV8l7FxaWVzThe2PKgBahBE0AT15CB2esAAAAyx+LCAAAAAAAAP9b85aBtbiIQSOjNKU4P0+vIKc0PTOvWK8kMze1uCQxtyC1SC8ExvbLL0llgABGJgYmLwaB3MycnMzi4My85FTXgvzkDB8G3tScxILi1BRfsEwJg4BPVmJZon5OYl66vk9+Xrp1RRGDFNSy5Py84vycVD1nCI1qPENFAZCOE94d2Ql0Hx/IFD2QKXpgU7qfTDjTr3yfiYHRi4G1LDGnNBVorgBCkV9pblJqUduaqbLcUx50Q00DAeU3AOWD1iXyAAAA[0m[WARNING] 
[8mha:////4DShFE2b23QoV8l7FxaWVzThe2PKgBahBE0AT15CB2esAAAAyx+LCAAAAAAAAP9b85aBtbiIQSOjNKU4P0+vIKc0PTOvWK8kMze1uCQxtyC1SC8ExvbLL0llgABGJgYmLwaB3MycnMzi4My85FTXgvzkDB8G3tScxILi1BRfsEwJg4BPVmJZon5OYl66vk9+Xrp1RRGDFNSy5Py84vycVD1nCI1qPENFAZCOE94d2Ql0Hx/IFD2QKXpgU7qfTDjTr3yfiYHRi4G1LDGnNBVorgBCkV9pblJqUduaqbLcUx50Q00DAeU3AOWD1iXyAAAA[0m[WARNING] For this reason, future Maven versions might no longer support building such malformed projects.
[8mha:////4DShFE2b23QoV8l7FxaWVzThe2PKgBahBE0AT15CB2esAAAAyx+LCAAAAAAAAP9b85aBtbiIQSOjNKU4P0+vIKc0PTOvWK8kMze1uCQxtyC1SC8ExvbLL0llgABGJgYmLwaB3MycnMzi4My85FTXgvzkDB8G3tScxILi1BRfsEwJg4BPVmJZon5OYl66vk9+Xrp1RRGDFNSy5Py84vycVD1nCI1qPENFAZCOE94d2Ql0Hx/IFD2QKXpgU7qfTDjTr3yfiYHRi4G1LDGnNBVorgBCkV9pblJqUduaqbLcUx50Q00DAeU3AOWD1iXyAAAA[0m[WARNING] 
[8mha:////4DShFE2b23QoV8l7FxaWVzThe2PKgBahBE0AT15CB2esAAAAyx+LCAAAAAAAAP9b85aBtbiIQSOjNKU4P0+vIKc0PTOvWK8kMze1uCQxtyC1SC8ExvbLL0llgABGJgYmLwaB3MycnMzi4My85FTXgvzkDB8G3tScxILi1BRfsEwJg4BPVmJZon5OYl66vk9+Xrp1RRGDFNSy5Py84vycVD1nCI1qPENFAZCOE94d2Ql0Hx/IFD2QKXpgU7qfTDjTr3yfiYHRi4G1LDGnNBVorgBCkV9pblJqUduaqbLcUx50Q00DAeU3AOWD1iXyAAAA[0m[INFO] ------------------------------------------------------------------------
[8mha:////4DShFE2b23QoV8l7FxaWVzThe2PKgBahBE0AT15CB2esAAAAyx+LCAAAAAAAAP9b85aBtbiIQSOjNKU4P0+vIKc0PTOvWK8kMze1uCQxtyC1SC8ExvbLL0llgABGJgYmLwaB3MycnMzi4My85FTXgvzkDB8G3tScxILi1BRfsEwJg4BPVmJZon5OYl66vk9+Xrp1RRGDFNSy5Py84vycVD1nCI1qPENFAZCOE94d2Ql0Hx/IFD2QKXpgU7qfTDjTr3yfiYHRi4G1LDGnNBVorgBCkV9pblJqUduaqbLcUx50Q00DAeU3AOWD1iXyAAAA[0m[INFO] Reactor Build Order:
[8mha:////4DShFE2b23QoV8l7FxaWVzThe2PKgBahBE0AT15CB2esAAAAyx+LCAAAAAAAAP9b85aBtbiIQSOjNKU4P0+vIKc0PTOvWK8kMze1uCQxtyC1SC8ExvbLL0llgABGJgYmLwaB3MycnMzi4My85FTXgvzkDB8G3tScxILi1BRfsEwJg4BPVmJZon5OYl66vk9+Xrp1RRGDFNSy5Py84vycVD1nCI1qPENFAZCOE94d2Ql0Hx/IFD2QKXpgU7qfTDjTr3yfiYHRi4G1LDGnNBVorgBCkV9pblJqUduaqbLcUx50Q00DAeU3AOWD1iXyAAAA[0m[INFO] 
[8mha:////4DShFE2b23QoV8l7FxaWVzThe2PKgBahBE0AT15CB2esAAAAyx+LCAAAAAAAAP9b85aBtbiIQSOjNKU4P0+vIKc0PTOvWK8kMze1uCQxtyC1SC8ExvbLL0llgABGJgYmLwaB3MycnMzi4My85FTXgvzkDB8G3tScxILi1BRfsEwJg4BPVmJZon5OYl66vk9+Xrp1RRGDFNSy5Py84vycVD1nCI1qPENFAZCOE94d2Ql0Hx/IFD2QKXpgU7qfTDjTr3yfiYHRi4G1LDGnNBVorgBCkV9pblJqUduaqbLcUx50Q00DAeU3AOWD1iXyAAAA[0m[INFO] gameoflife
[8mha:////4DShFE2b23QoV8l7FxaWVzThe2PKgBahBE0AT15CB2esAAAAyx+LCAAAAAAAAP9b85aBtbiIQSOjNKU4P0+vIKc0PTOvWK8kMze1uCQxtyC1SC8ExvbLL0llgABGJgYmLwaB3MycnMzi4My85FTXgvzkDB8G3tScxILi1BRfsEwJg4BPVmJZon5OYl66vk9+Xrp1RRGDFNSy5Py84vycVD1nCI1qPENFAZCOE94d2Ql0Hx/IFD2QKXpgU7qfTDjTr3yfiYHRi4G1LDGnNBVorgBCkV9pblJqUduaqbLcUx50Q00DAeU3AOWD1iXyAAAA[0m[INFO] gameoflife-build
[8mha:////4DShFE2b23QoV8l7FxaWVzThe2PKgBahBE0AT15CB2esAAAAyx+LCAAAAAAAAP9b85aBtbiIQSOjNKU4P0+vIKc0PTOvWK8kMze1uCQxtyC1SC8ExvbLL0llgABGJgYmLwaB3MycnMzi4My85FTXgvzkDB8G3tScxILi1BRfsEwJg4BPVmJZon5OYl66vk9+Xrp1RRGDFNSy5Py84vycVD1nCI1qPENFAZCOE94d2Ql0Hx/IFD2QKXpgU7qfTDjTr3yfiYHRi4G1LDGnNBVorgBCkV9pblJqUduaqbLcUx50Q00DAeU3AOWD1iXyAAAA[0m[INFO] gameoflife-core
[8mha:////4DShFE2b23QoV8l7FxaWVzThe2PKgBahBE0AT15CB2esAAAAyx+LCAAAAAAAAP9b85aBtbiIQSOjNKU4P0+vIKc0PTOvWK8kMze1uCQxtyC1SC8ExvbLL0llgABGJgYmLwaB3MycnMzi4My85FTXgvzkDB8G3tScxILi1BRfsEwJg4BPVmJZon5OYl66vk9+Xrp1RRGDFNSy5Py84vycVD1nCI1qPENFAZCOE94d2Ql0Hx/IFD2QKXpgU7qfTDjTr3yfiYHRi4G1LDGnNBVorgBCkV9pblJqUduaqbLcUx50Q00DAeU3AOWD1iXyAAAA[0m[INFO] gameoflife-web
[8mha:////4DShFE2b23QoV8l7FxaWVzThe2PKgBahBE0AT15CB2esAAAAyx+LCAAAAAAAAP9b85aBtbiIQSOjNKU4P0+vIKc0PTOvWK8kMze1uCQxtyC1SC8ExvbLL0llgABGJgYmLwaB3MycnMzi4My85FTXgvzkDB8G3tScxILi1BRfsEwJg4BPVmJZon5OYl66vk9+Xrp1RRGDFNSy5Py84vycVD1nCI1qPENFAZCOE94d2Ql0Hx/IFD2QKXpgU7qfTDjTr3yfiYHRi4G1LDGnNBVorgBCkV9pblJqUduaqbLcUx50Q00DAeU3AOWD1iXyAAAA[0m[INFO] 
[8mha:////4DShFE2b23QoV8l7FxaWVzThe2PKgBahBE0AT15CB2esAAAAyx+LCAAAAAAAAP9b85aBtbiIQSOjNKU4P0+vIKc0PTOvWK8kMze1uCQxtyC1SC8ExvbLL0llgABGJgYmLwaB3MycnMzi4My85FTXgvzkDB8G3tScxILi1BRfsEwJg4BPVmJZon5OYl66vk9+Xrp1RRGDFNSy5Py84vycVD1nCI1qPENFAZCOE94d2Ql0Hx/IFD2QKXpgU7qfTDjTr3yfiYHRi4G1LDGnNBVorgBCkV9pblJqUduaqbLcUx50Q00DAeU3AOWD1iXyAAAA[0m[INFO] ------------------------------------------------------------------------
[8mha:////4DShFE2b23QoV8l7FxaWVzThe2PKgBahBE0AT15CB2esAAAAyx+LCAAAAAAAAP9b85aBtbiIQSOjNKU4P0+vIKc0PTOvWK8kMze1uCQxtyC1SC8ExvbLL0llgABGJgYmLwaB3MycnMzi4My85FTXgvzkDB8G3tScxILi1BRfsEwJg4BPVmJZon5OYl66vk9+Xrp1RRGDFNSy5Py84vycVD1nCI1qPENFAZCOE94d2Ql0Hx/IFD2QKXpgU7qfTDjTr3yfiYHRi4G1LDGnNBVorgBCkV9pblJqUduaqbLcUx50Q00DAeU3AOWD1iXyAAAA[0m[INFO] Building gameoflife 1.0-SNAPSHOT
[8mha:////4DShFE2b23QoV8l7FxaWVzThe2PKgBahBE0AT15CB2esAAAAyx+LCAAAAAAAAP9b85aBtbiIQSOjNKU4P0+vIKc0PTOvWK8kMze1uCQxtyC1SC8ExvbLL0llgABGJgYmLwaB3MycnMzi4My85FTXgvzkDB8G3tScxILi1BRfsEwJg4BPVmJZon5OYl66vk9+Xrp1RRGDFNSy5Py84vycVD1nCI1qPENFAZCOE94d2Ql0Hx/IFD2QKXpgU7qfTDjTr3yfiYHRi4G1LDGnNBVorgBCkV9pblJqUduaqbLcUx50Q00DAeU3AOWD1iXyAAAA[0m[INFO] ------------------------------------------------------------------------
[8mha:////4Pnp6nCPwu02zenZkCSA4BDIIcletubeuadkdKPq5RsAAAAAyx+LCAAAAAAAAP9b85aBtbiIQSOjNKU4P0+vIKc0PTOvWK8kMze1uCQxtyC1SC8ExvbLL0llgABGJgYmLwaB3MycnMzi4My85FTXgvzkDB8G3tScxILi1BRfsEwJg4BPVmJZon5OYl66vk9+Xrp1RRGDFNSy5Py84vycVD1nCI1qPENFAZCOE94d1QZ0Hx/IFD2QKXpgU7qfTDjTr3yfiYHRi4G1LDGnNBVorgBCkV9pblJqUduaqbLcUx50Q00DAZWXAC+7UiTyAAAA[0m[INFO] 
[8mha:////4BXkiVxxX9T9T1Ce3uLc3yhkaulTfuy9xcuhSI35BViFAAAAyx+LCAAAAAAAAP9b85aBtbiIQSOjNKU4P0+vIKc0PTOvWK8kMze1uCQxtyC1SC8ExvbLL0llgABGJgYmLwaB3MycnMzi4My85FTXgvzkDB8G3tScxILi1BRfsEwJg4BPVmJZon5OYl66vk9+Xrp1RRGDFNSy5Py84vycVD1nCI1qPENFAZCOE94d1Q50Hx/IFD2QKXpgU7qfTDjTr3yfiYHRi4G1LDGnNBVorgBCkV9pblJqUduaqbLcUx50Q00DAZVXAMSdovbyAAAA[0m[INFO] --- maven-clean-plugin:2.5:clean (default-clean) @ gameoflife ---
[8mha:////4MiRZ8+3ZmOql5F/E7YoDMjxq9GwYUG207MNNvGX66dkAAAAyx+LCAAAAAAAAP9b85aBtbiIQSOjNKU4P0+vIKc0PTOvWK8kMze1uCQxtyC1SC8ExvbLL0llgABGJgYmLwaB3MycnMzi4My85FTXgvzkDB8G3tScxILi1BRfsEwJg4BPVmJZon5OYl66vk9+Xrp1RRGDFNSy5Py84vycVD1nCI1qPENFAZCOE94d3QJ0Hx/IFD2QKXpgU7qfTDjTr3yfiYHRi4G1LDGnNBVorgBCkV9pblJqUduaqbLcUx50Q00DAdXnAN7RJFHyAAAA[0m[INFO] Deleting /var/lib/jenkins/workspace/CTC_Demo/target
[8mha:////4AaDjFQd3jmseSgAY4pzioAbRGHYUHtuJy1LXh7/QiSXAAAAyx+LCAAAAAAAAP9b85aBtbiIQSOjNKU4P0+vIKc0PTOvWK8kMze1uCQxtyC1SC8ExvbLL0llgABGJgYmLwaB3MycnMzi4My85FTXgvzkDB8G3tScxILi1BRfsEwJg4BPVmJZon5OYl66vk9+Xrp1RRGDFNSy5Py84vycVD1nCI1qPENFAZCOE94d3Qp0Hx/IFD2QKXpgU7qfTDjTr3yfiYHRi4G1LDGnNBVorgBCkV9pblJqUduaqbLcUx50Q00DAdUXAB67YoryAAAA[0m[INFO] 
[8mha:////4AaDjFQd3jmseSgAY4pzioAbRGHYUHtuJy1LXh7/QiSXAAAAyx+LCAAAAAAAAP9b85aBtbiIQSOjNKU4P0+vIKc0PTOvWK8kMze1uCQxtyC1SC8ExvbLL0llgABGJgYmLwaB3MycnMzi4My85FTXgvzkDB8G3tScxILi1BRfsEwJg4BPVmJZon5OYl66vk9+Xrp1RRGDFNSy5Py84vycVD1nCI1qPENFAZCOE94d3Qp0Hx/IFD2QKXpgU7qfTDjTr3yfiYHRi4G1LDGnNBVorgBCkV9pblJqUduaqbLcUx50Q00DAdUXAB67YoryAAAA[0m[INFO] --- maven-enforcer-plugin:1.0:enforce (enforce-versions) @ gameoflife ---
[8mha:////4CfVpiOG5fTk6r+FzbuJAu6pLHuxRIzg9R+rWIxLmXlfAAAAyx+LCAAAAAAAAP9b85aBtbiIQSOjNKU4P0+vIKc0PTOvWK8kMze1uCQxtyC1SC8ExvbLL0llgABGJgYmLwaB3MycnMzi4My85FTXgvzkDB8G3tScxILi1BRfsEwJg4BPVmJZon5OYl66vk9+Xrp1RRGDFNSy5Py84vycVD1nCI1qPENFAZCOE94duw3oPj6QKXogU/TApnQ/mXCmX/k+EwOjFwNrWWJOaSrQXAGEIr/S3KTUorY1U2W5pzzohpoGAhqSAO5vf8zyAAAA[0m[INFO] 
[8mha:////4HwnJOCXFfn4YV5+kQOkF2pkihxQXZvWkFssoDMjjJ8XAAAAyx+LCAAAAAAAAP9b85aBtbiIQSOjNKU4P0+vIKc0PTOvWK8kMze1uCQxtyC1SC8ExvbLL0llgABGJgYmLwaB3MycnMzi4My85FTXgvzkDB8G3tScxILi1BRfsEwJg4BPVmJZon5OYl66vk9+Xrp1RRGDFNSy5Py84vycVD1nCI1qPENFAZCOE94duwPoPj6QKXogU/TApnQ/mXCmX/k+EwOjFwNrWWJOaSrQXAGEIr/S3KTUorY1U2W5pzzohpoGAhrSAC6LT3PyAAAA[0m[INFO] --- jacoco-maven-plugin:0.7.2.201409121644:prepare-agent (jacoco-initialize) @ gameoflife ---
[8mha:////4Jx/I5x4/LQNN2DZ5JgHoBE8xTzv5jTGi77M12toFScQAAAAyx+LCAAAAAAAAP9b85aBtbiIQSOjNKU4P0+vIKc0PTOvWK8kMze1uCQxtyC1SC8ExvbLL0llgABGJgYmLwaB3MycnMzi4My85FTXgvzkDB8G3tScxILi1BRfsEwJg4BPVmJZon5OYl66vk9+Xrp1RRGDFNSy5Py84vycVD1nCI1qPENFAZCOE96dPhnoPj6QKXogU/TApnQ/mXCmX/k+EwOjFwNrWWJOaSrQXAGEIr/S3KTUorY1U2W5pzzohpoGAobfANYtr+PyAAAA[0m[INFO] argLine set to -javaagent:/var/lib/jenkins/.m2/repository/org/jacoco/org.jacoco.agent/0.7.2.201409121644/org.jacoco.agent-0.7.2.201409121644-runtime.jar=destfile=/var/lib/jenkins/workspace/CTC_Demo/target/jacoco.exec
[8mha:////4Jx/I5x4/LQNN2DZ5JgHoBE8xTzv5jTGi77M12toFScQAAAAyx+LCAAAAAAAAP9b85aBtbiIQSOjNKU4P0+vIKc0PTOvWK8kMze1uCQxtyC1SC8ExvbLL0llgABGJgYmLwaB3MycnMzi4My85FTXgvzkDB8G3tScxILi1BRfsEwJg4BPVmJZon5OYl66vk9+Xrp1RRGDFNSy5Py84vycVD1nCI1qPENFAZCOE96dPhnoPj6QKXogU/TApnQ/mXCmX/k+EwOjFwNrWWJOaSrQXAGEIr/S3KTUorY1U2W5pzzohpoGAobfANYtr+PyAAAA[0m[INFO] 
[8mha:////4Jx/I5x4/LQNN2DZ5JgHoBE8xTzv5jTGi77M12toFScQAAAAyx+LCAAAAAAAAP9b85aBtbiIQSOjNKU4P0+vIKc0PTOvWK8kMze1uCQxtyC1SC8ExvbLL0llgABGJgYmLwaB3MycnMzi4My85FTXgvzkDB8G3tScxILi1BRfsEwJg4BPVmJZon5OYl66vk9+Xrp1RRGDFNSy5Py84vycVD1nCI1qPENFAZCOE96dPhnoPj6QKXogU/TApnQ/mXCmX/k+EwOjFwNrWWJOaSrQXAGEIr/S3KTUorY1U2W5pzzohpoGAobfANYtr+PyAAAA[0m[INFO] --- maven-surefire-plugin:2.11:test (unit-tests) @ gameoflife ---
[8mha:////4DA3xnsfuyfQNRKNN992rESdTOM+W4k8HRW4MV6GIRU2AAAAyx+LCAAAAAAAAP9b85aBtbiIQSOjNKU4P0+vIKc0PTOvWK8kMze1uCQxtyC1SC8ExvbLL0llgABGJgYmLwaB3MycnMzi4My85FTXgvzkDB8G3tScxILi1BRfsEwJg4BPVmJZon5OYl66vk9+Xrp1RRGDFNSy5Py84vycVD1nCI1qPENFAZCOE96dMQ3oPj6QKXogU/TApnQ/mXCmX/k+EwOjFwNrWWJOaSrQXAGEIr/S3KTUorY1U2W5pzzohpoGAkY/ARPHmlLyAAAA[0m[INFO] No tests to run.
[8mha:////4ItxgTGzFpaET73v2FJHFBQF1+A4i160Eqq/BwqCXP8eAAAAyx+LCAAAAAAAAP9b85aBtbiIQSOjNKU4P0+vIKc0PTOvWK8kMze1uCQxtyC1SC8ExvbLL0llgABGJgYmLwaB3MycnMzi4My85FTXgvzkDB8G3tScxILi1BRfsEwJg4BPVmJZon5OYl66vk9+Xrp1RRGDFNSy5Py84vycVD1nCI1qPENFAZCOE96dMR3oPj6QKXogU/TApnQ/mXCmX/k+EwOjFwNrWWJOaSrQXAGEIr/S3KTUorY1U2W5pzzohpoGAka/APjhaoDyAAAA[0m[INFO] Surefire report directory: /var/lib/jenkins/workspace/CTC_Demo/target/surefire-reports
[8mha:////4GSa8AxhP7Zc6Ah9kavKbfHs6zfRfoNEunaM8H3cBXT/AAAAyx+LCAAAAAAAAP9b85aBtbiIQSOjNKU4P0+vIKc0PTOvWK8kMze1uCQxtyC1SC8ExvbLL0llgABGJgYmLwaB3MycnMzi4My85FTXgvzkDB8G3tScxILi1BRfsEwJg4BPVmJZon5OYl66vk9+Xrp1RRGDFNSy5Py84vycVD1nCI1qPENFAZCOE96ddQDoPj6QKXogU/TApnQ/mXCmX/k+EwOjFwNrWWJOaSrQXAGEIr/S3KTUorY1U2W5pzzohpoGAqbKAByL8Q3yAAAA[0m
[8mha:////4Asm5z4TrQpeGhQgUDiI11CeheHBlcQiUaEnuCWFG4CWAAAAyx+LCAAAAAAAAP9b85aBtbiIQSOjNKU4P0+vIKc0PTOvWK8kMze1uCQxtyC1SC8ExvbLL0llgABGJgYmLwaB3MycnMzi4My85FTXgvzkDB8G3tScxILi1BRfsEwJg4BPVmJZon5OYl66vk9+Xrp1RRGDFNSy5Py84vycVD1nCI1qPENFAZCOE96ddRDoPj6QKXogU/TApnQ/mXCmX/k+EwOjFwNrWWJOaSrQXAGEIr/S3KTUorY1U2W5pzzohpoGAqYqAO5pbNjyAAAA[0m-------------------------------------------------------
[8mha:////4F3xwrDL9SGg559EnYdd2VUQbYhtaRsEzhyLu8zl+8bEAAAAyx+LCAAAAAAAAP9b85aBtbiIQSOjNKU4P0+vIKc0PTOvWK8kMze1uCQxtyC1SC8ExvbLL0llgABGJgYmLwaB3MycnMzi4My85FTXgvzkDB8G3tScxILi1BRfsEwJg4BPVmJZon5OYl66vk9+Xrp1RRGDFNSy5Py84vycVD1nCI1qPENFAZCOE96ddQjoPj6QKXogU/TApnQ/mXCmX/k+EwOjFwNrWWJOaSrQXAGEIr/S3KTUorY1U2W5pzzohpoGAqaqAIvAYHPyAAAA[0m T E S T S
[8mha:////4F3xwrDL9SGg559EnYdd2VUQbYhtaRsEzhyLu8zl+8bEAAAAyx+LCAAAAAAAAP9b85aBtbiIQSOjNKU4P0+vIKc0PTOvWK8kMze1uCQxtyC1SC8ExvbLL0llgABGJgYmLwaB3MycnMzi4My85FTXgvzkDB8G3tScxILi1BRfsEwJg4BPVmJZon5OYl66vk9+Xrp1RRGDFNSy5Py84vycVD1nCI1qPENFAZCOE96ddQjoPj6QKXogU/TApnQ/mXCmX/k+EwOjFwNrWWJOaSrQXAGEIr/S3KTUorY1U2W5pzzohpoGAqaqAIvAYHPyAAAA[0m-------------------------------------------------------
[8mha:////4E593HBrt78ryY3z0U9uZjMwstfMqmquDswQdELu9ejxAAAAyx+LCAAAAAAAAP9b85aBtbiIQSOjNKU4P0+vIKc0PTOvWK8kMze1uCQxtyC1SC8ExvbLL0llgABGJgYmLwaB3MycnMzi4My85FTXgvzkDB8G3tScxILi1BRfsEwJg4BPVmJZon5OYl66vk9+Xrp1RRGDFNSy5Py84vycVD1nCI1qPENFAZCOE95dJA10Hx/IFD2QKXpgU7qfTDjTr3yfiYHRi4G1LDGnNBVorgBCkV9pblJqUduaqbLcUx50Q00DAZs6AKCf4mHyAAAA[0m
[8mha:////4EQXsWszPsTlYkEI71xm8DkaMtSmxJLrNO6RYv1cIR7+AAAAyx+LCAAAAAAAAP9b85aBtbiIQSOjNKU4P0+vIKc0PTOvWK8kMze1uCQxtyC1SC8ExvbLL0llgABGJgYmLwaB3MycnMzi4My85FTXgvzkDB8G3tScxILi1BRfsEwJg4BPVmJZon5OYl66vk9+Xrp1RRGDFNSy5Py84vycVD1nCI1qPENFAZCOE95dJAN0Hx/IFD2QKXpgU7qfTDjTr3yfiYHRi4G1LDGnNBVorgBCkV9pblJqUduaqbLcUx50Q00DAZt6AMDtej7yAAAA[0mResults :
[8mha:////4EQXsWszPsTlYkEI71xm8DkaMtSmxJLrNO6RYv1cIR7+AAAAyx+LCAAAAAAAAP9b85aBtbiIQSOjNKU4P0+vIKc0PTOvWK8kMze1uCQxtyC1SC8ExvbLL0llgABGJgYmLwaB3MycnMzi4My85FTXgvzkDB8G3tScxILi1BRfsEwJg4BPVmJZon5OYl66vk9+Xrp1RRGDFNSy5Py84vycVD1nCI1qPENFAZCOE95dJAN0Hx/IFD2QKXpgU7qfTDjTr3yfiYHRi4G1LDGnNBVorgBCkV9pblJqUduaqbLcUx50Q00DAZt6AMDtej7yAAAA[0m
[8mha:////4EQXsWszPsTlYkEI71xm8DkaMtSmxJLrNO6RYv1cIR7+AAAAyx+LCAAAAAAAAP9b85aBtbiIQSOjNKU4P0+vIKc0PTOvWK8kMze1uCQxtyC1SC8ExvbLL0llgABGJgYmLwaB3MycnMzi4My85FTXgvzkDB8G3tScxILi1BRfsEwJg4BPVmJZon5OYl66vk9+Xrp1RRGDFNSy5Py84vycVD1nCI1qPENFAZCOE95dJAN0Hx/IFD2QKXpgU7qfTDjTr3yfiYHRi4G1LDGnNBVorgBCkV9pblJqUduaqbLcUx50Q00DAZt6AMDtej7yAAAA[0mTests run: 0, Failures: 0, Errors: 0, Skipped: 0
[8mha:////4EQXsWszPsTlYkEI71xm8DkaMtSmxJLrNO6RYv1cIR7+AAAAyx+LCAAAAAAAAP9b85aBtbiIQSOjNKU4P0+vIKc0PTOvWK8kMze1uCQxtyC1SC8ExvbLL0llgABGJgYmLwaB3MycnMzi4My85FTXgvzkDB8G3tScxILi1BRfsEwJg4BPVmJZon5OYl66vk9+Xrp1RRGDFNSy5Py84vycVD1nCI1qPENFAZCOE95dJAN0Hx/IFD2QKXpgU7qfTDjTr3yfiYHRi4G1LDGnNBVorgBCkV9pblJqUduaqbLcUx50Q00DAZt6AMDtej7yAAAA[0m
[8mha:////4EQXsWszPsTlYkEI71xm8DkaMtSmxJLrNO6RYv1cIR7+AAAAyx+LCAAAAAAAAP9b85aBtbiIQSOjNKU4P0+vIKc0PTOvWK8kMze1uCQxtyC1SC8ExvbLL0llgABGJgYmLwaB3MycnMzi4My85FTXgvzkDB8G3tScxILi1BRfsEwJg4BPVmJZon5OYl66vk9+Xrp1RRGDFNSy5Py84vycVD1nCI1qPENFAZCOE95dJAN0Hx/IFD2QKXpgU7qfTDjTr3yfiYHRi4G1LDGnNBVorgBCkV9pblJqUduaqbLcUx50Q00DAZt6AMDtej7yAAAA[0m[INFO] 
[8mha:////4EQXsWszPsTlYkEI71xm8DkaMtSmxJLrNO6RYv1cIR7+AAAAyx+LCAAAAAAAAP9b85aBtbiIQSOjNKU4P0+vIKc0PTOvWK8kMze1uCQxtyC1SC8ExvbLL0llgABGJgYmLwaB3MycnMzi4My85FTXgvzkDB8G3tScxILi1BRfsEwJg4BPVmJZon5OYl66vk9+Xrp1RRGDFNSy5Py84vycVD1nCI1qPENFAZCOE95dJAN0Hx/IFD2QKXpgU7qfTDjTr3yfiYHRi4G1LDGnNBVorgBCkV9pblJqUduaqbLcUx50Q00DAZt6AMDtej7yAAAA[0m[INFO] --- maven-easyb-plugin:1.4:test (default) @ gameoflife ---
[8mha:////4L49XOUx3E82Rw+wSOC9GTjuVI9Eu+rqjrXlzMvsMYyUAAAAyx+LCAAAAAAAAP9b85aBtbiIQSOjNKU4P0+vIKc0PTOvWK8kMze1uCQxtyC1SC8ExvbLL0llgABGJgYmLwaB3MycnMzi4My85FTXgvzkDB8G3tScxILi1BRfsEwJg4BPVmJZon5OYl66vk9+Xrp1RRGDFNSy5Py84vycVD1nCI1qPENFAZCOE95dWQV0Hx/IFD2QKXpgU7qfTDjTr3yfiYHRi4G1LDGnNBVorgBCkV9pblJqUduaqbLcUx50Q00DAee7ADhS4YjyAAAA[0m[INFO] /var/lib/jenkins/workspace/CTC_Demo/src/test/stories does not exists.  Skipping easyb testing
[8mha:////4Alt1JwPcvPpsSTqaYr0A/jwUeQmaOa6JTbpw+U6JUE8AAAAyx+LCAAAAAAAAP9b85aBtbiIQSOjNKU4P0+vIKc0PTOvWK8kMze1uCQxtyC1SC8ExvbLL0llgABGJgYmLwaB3MycnMzi4My85FTXgvzkDB8G3tScxILi1BRfsEwJg4BPVmJZon5OYl66vk9+Xrp1RRGDFNSy5Py84vycVD1nCI1qPENFAZCOE95dWQ10Hx/IFD2QKXpgU7qfTDjTr3yfiYHRi4G1LDGnNBVorgBCkV9pblJqUduaqbLcUx50Q00DAed7ANN0EVryAAAA[0m[INFO] 
[8mha:////4ArxrE8KMuyea7hgwpCaEmwffu3QXubbIJTlcChN463SAAAAyx+LCAAAAAAAAP9b85aBtbiIQSOjNKU4P0+vIKc0PTOvWK8kMze1uCQxtyC1SC8ExvbLL0llgABGJgYmLwaB3MycnMzi4My85FTXgvzkDB8G3tScxILi1BRfsEwJg4BPVmJZon5OYl66vk9+Xrp1RRGDFNSy5Py84vycVD1nCI1qPENFAZCOE95dWQN0Hx/IFD2QKXpgU7qfTDjTr3yfiYHRi4G1LDGnNBVorgBCkV9pblJqUduaqbLcUx50Q00DAef7ALMGiQXyAAAA[0m[INFO] ------------------------------------------------------------------------
[8mha:////4ArxrE8KMuyea7hgwpCaEmwffu3QXubbIJTlcChN463SAAAAyx+LCAAAAAAAAP9b85aBtbiIQSOjNKU4P0+vIKc0PTOvWK8kMze1uCQxtyC1SC8ExvbLL0llgABGJgYmLwaB3MycnMzi4My85FTXgvzkDB8G3tScxILi1BRfsEwJg4BPVmJZon5OYl66vk9+Xrp1RRGDFNSy5Py84vycVD1nCI1qPENFAZCOE95dWQN0Hx/IFD2QKXpgU7qfTDjTr3yfiYHRi4G1LDGnNBVorgBCkV9pblJqUduaqbLcUx50Q00DAef7ALMGiQXyAAAA[0m[INFO] Building gameoflife-build 1.0-SNAPSHOT
[8mha:////4ArxrE8KMuyea7hgwpCaEmwffu3QXubbIJTlcChN463SAAAAyx+LCAAAAAAAAP9b85aBtbiIQSOjNKU4P0+vIKc0PTOvWK8kMze1uCQxtyC1SC8ExvbLL0llgABGJgYmLwaB3MycnMzi4My85FTXgvzkDB8G3tScxILi1BRfsEwJg4BPVmJZon5OYl66vk9+Xrp1RRGDFNSy5Py84vycVD1nCI1qPENFAZCOE95dWQN0Hx/IFD2QKXpgU7qfTDjTr3yfiYHRi4G1LDGnNBVorgBCkV9pblJqUduaqbLcUx50Q00DAef7ALMGiQXyAAAA[0m[INFO] ------------------------------------------------------------------------
[8mha:////4ArxrE8KMuyea7hgwpCaEmwffu3QXubbIJTlcChN463SAAAAyx+LCAAAAAAAAP9b85aBtbiIQSOjNKU4P0+vIKc0PTOvWK8kMze1uCQxtyC1SC8ExvbLL0llgABGJgYmLwaB3MycnMzi4My85FTXgvzkDB8G3tScxILi1BRfsEwJg4BPVmJZon5OYl66vk9+Xrp1RRGDFNSy5Py84vycVD1nCI1qPENFAZCOE95dWQN0Hx/IFD2QKXpgU7qfTDjTr3yfiYHRi4G1LDGnNBVorgBCkV9pblJqUduaqbLcUx50Q00DAef7ALMGiQXyAAAA[0m[INFO] 
[8mha:////4ArxrE8KMuyea7hgwpCaEmwffu3QXubbIJTlcChN463SAAAAyx+LCAAAAAAAAP9b85aBtbiIQSOjNKU4P0+vIKc0PTOvWK8kMze1uCQxtyC1SC8ExvbLL0llgABGJgYmLwaB3MycnMzi4My85FTXgvzkDB8G3tScxILi1BRfsEwJg4BPVmJZon5OYl66vk9+Xrp1RRGDFNSy5Py84vycVD1nCI1qPENFAZCOE95dWQN0Hx/IFD2QKXpgU7qfTDjTr3yfiYHRi4G1LDGnNBVorgBCkV9pblJqUduaqbLcUx50Q00DAef7ALMGiQXyAAAA[0m[INFO] --- maven-clean-plugin:2.5:clean (default-clean) @ gameoflife-build ---
[8mha:////4ArxrE8KMuyea7hgwpCaEmwffu3QXubbIJTlcChN463SAAAAyx+LCAAAAAAAAP9b85aBtbiIQSOjNKU4P0+vIKc0PTOvWK8kMze1uCQxtyC1SC8ExvbLL0llgABGJgYmLwaB3MycnMzi4My85FTXgvzkDB8G3tScxILi1BRfsEwJg4BPVmJZon5OYl66vk9+Xrp1RRGDFNSy5Py84vycVD1nCI1qPENFAZCOE95dWQN0Hx/IFD2QKXpgU7qfTDjTr3yfiYHRi4G1LDGnNBVorgBCkV9pblJqUduaqbLcUx50Q00DAef7ALMGiQXyAAAA[0m[INFO] Deleting /var/lib/jenkins/workspace/CTC_Demo/gameoflife-build/target
[8mha:////4ArxrE8KMuyea7hgwpCaEmwffu3QXubbIJTlcChN463SAAAAyx+LCAAAAAAAAP9b85aBtbiIQSOjNKU4P0+vIKc0PTOvWK8kMze1uCQxtyC1SC8ExvbLL0llgABGJgYmLwaB3MycnMzi4My85FTXgvzkDB8G3tScxILi1BRfsEwJg4BPVmJZon5OYl66vk9+Xrp1RRGDFNSy5Py84vycVD1nCI1qPENFAZCOE95dWQN0Hx/IFD2QKXpgU7qfTDjTr3yfiYHRi4G1LDGnNBVorgBCkV9pblJqUduaqbLcUx50Q00DAef7ALMGiQXyAAAA[0m[INFO] 
[8mha:////4ArxrE8KMuyea7hgwpCaEmwffu3QXubbIJTlcChN463SAAAAyx+LCAAAAAAAAP9b85aBtbiIQSOjNKU4P0+vIKc0PTOvWK8kMze1uCQxtyC1SC8ExvbLL0llgABGJgYmLwaB3MycnMzi4My85FTXgvzkDB8G3tScxILi1BRfsEwJg4BPVmJZon5OYl66vk9+Xrp1RRGDFNSy5Py84vycVD1nCI1qPENFAZCOE95dWQN0Hx/IFD2QKXpgU7qfTDjTr3yfiYHRi4G1LDGnNBVorgBCkV9pblJqUduaqbLcUx50Q00DAef7ALMGiQXyAAAA[0m[INFO] --- maven-enforcer-plugin:1.0:enforce (enforce-versions) @ gameoflife-build ---
[8mha:////4ArxrE8KMuyea7hgwpCaEmwffu3QXubbIJTlcChN463SAAAAyx+LCAAAAAAAAP9b85aBtbiIQSOjNKU4P0+vIKc0PTOvWK8kMze1uCQxtyC1SC8ExvbLL0llgABGJgYmLwaB3MycnMzi4My85FTXgvzkDB8G3tScxILi1BRfsEwJg4BPVmJZon5OYl66vk9+Xrp1RRGDFNSy5Py84vycVD1nCI1qPENFAZCOE95dWQN0Hx/IFD2QKXpgU7qfTDjTr3yfiYHRi4G1LDGnNBVorgBCkV9pblJqUduaqbLcUx50Q00DAef7ALMGiQXyAAAA[0m[INFO] 
[8mha:////4ArxrE8KMuyea7hgwpCaEmwffu3QXubbIJTlcChN463SAAAAyx+LCAAAAAAAAP9b85aBtbiIQSOjNKU4P0+vIKc0PTOvWK8kMze1uCQxtyC1SC8ExvbLL0llgABGJgYmLwaB3MycnMzi4My85FTXgvzkDB8G3tScxILi1BRfsEwJg4BPVmJZon5OYl66vk9+Xrp1RRGDFNSy5Py84vycVD1nCI1qPENFAZCOE95dWQN0Hx/IFD2QKXpgU7qfTDjTr3yfiYHRi4G1LDGnNBVorgBCkV9pblJqUduaqbLcUx50Q00DAef7ALMGiQXyAAAA[0m[INFO] --- maven-resources-plugin:2.6:resources (default-resources) @ gameoflife-build ---
[8mha:////4CJNv+8/CETIfvogoBvjsjk38nqOTTJRRWXNzquAsdm4AAAAyx+LCAAAAAAAAP9b85aBtbiIQSOjNKU4P0+vIKc0PTOvWK8kMze1uCQxtyC1SC8ExvbLL0llgABGJgYmLwaB3MycnMzi4My85FTXgvzkDB8G3tScxILi1BRfsEwJg4BPVmJZon5OYl66vk9+Xrp1RRGDFNSy5Py84vycVD1nCI1qPENFAZCOE95dVQt0Hx/IFD2QKXpgU7qfTDjTr3yfiYHRi4G1LDGnNBVorgBCkV9pblJqUduaqbLcUx50Q00DAZcHACdiP5PyAAAA[0m[INFO] Using 'UTF-8' encoding to copy filtered resources.
[8mha:////4H2SWpgY0gGAsDfaRGtktBe0P4ahD38q9mWdhyfBGZIAAAAAyx+LCAAAAAAAAP9b85aBtbiIQSOjNKU4P0+vIKc0PTOvWK8kMze1uCQxtyC1SC8ExvbLL0llgABGJgYmLwaB3MycnMzi4My85FTXgvzkDB8G3tScxILi1BRfsEwJg4BPVmJZon5OYl66vk9+Xrp1RRGDFNSy5Py84vycVD1nCI1qPENFAZCOE95dVQd0Hx/IFD2QKXpgU7qfTDjTr3yfiYHRi4G1LDGnNBVorgBCkV9pblJqUduaqbLcUx50Q00DAZeHAELLMzjyAAAA[0m[INFO] Copying 2 resources
[8mha:////4AnNWSuYTjAr4KyxXrClNr0a1x35Hayy1d1IPbbfUlDxAAAAyx+LCAAAAAAAAP9b85aBtbiIQSOjNKU4P0+vIKc0PTOvWK8kMze1uCQxtyC1SC8ExvbLL0llgABGJgYmLwaB3MycnMzi4My85FTXgvzkDB8G3tScxILi1BRfsEwJg4BPVmJZon5OYl66vk9+Xrp1RRGDFNSy5Py84vycVD1nCI1qPENFAZCOE95dVQ90Hx/IFD2QKXpgU7qfTDjTr3yfiYHRi4G1LDGnNBVorgBCkV9pblJqUduaqbLcUx50Q00DAZdHAKntw+ryAAAA[0m[INFO] 
[8mha:////4DybBfPXfE89EEe12omeTsODDjrBQBjQuX1O2jigd1RzAAAAyx+LCAAAAAAAAP9b85aBtbiIQSOjNKU4P0+vIKc0PTOvWK8kMze1uCQxtyC1SC8ExvbLL0llgABGJgYmLwaB3MycnMzi4My85FTXgvzkDB8G3tScxILi1BRfsEwJg4BPVmJZon5OYl66vk9+Xrp1RRGDFNSy5Py84vycVD1nCI1qPENFAZCOE95d1QB0Hx/IFD2QKXpgU7qfTDjTr3yfiYHRi4G1LDGnNBVorgBCkV9pblJqUduaqbLcUx50Q00DAZfHABMCDfDyAAAA[0m[INFO] --- jacoco-maven-plugin:0.7.2.201409121644:prepare-agent (jacoco-initialize) @ gameoflife-build ---
[8mha:////4ArVXW7WIRKD8zH++T8JUVIx2ennhLodadZ4hAxHrxJWAAAAyx+LCAAAAAAAAP9b85aBtbiIQSOjNKU4P0+vIKc0PTOvWK8kMze1uCQxtyC1SC8ExvbLL0llgABGJgYmLwaB3MycnMzi4My85FTXgvzkDB8G3tScxILi1BRfsEwJg4BPVmJZon5OYl66vk9+Xrp1RRGDFNSy5Py84vycVD1nCI1qPENFAZCOE95d1QR0Hx/IFD2QKXpgU7qfTDjTr3yfiYHRi4G1LDGnNBVorgBCkV9pblJqUduaqbLcUx50Q00DAZenAIRJnI7yAAAA[0m[INFO] argLine set to -javaagent:/var/lib/jenkins/.m2/repository/org/jacoco/org.jacoco.agent/0.7.2.201409121644/org.jacoco.agent-0.7.2.201409121644-runtime.jar=destfile=/var/lib/jenkins/workspace/CTC_Demo/gameoflife-build/target/jacoco.exec
[8mha:////4ArVXW7WIRKD8zH++T8JUVIx2ennhLodadZ4hAxHrxJWAAAAyx+LCAAAAAAAAP9b85aBtbiIQSOjNKU4P0+vIKc0PTOvWK8kMze1uCQxtyC1SC8ExvbLL0llgABGJgYmLwaB3MycnMzi4My85FTXgvzkDB8G3tScxILi1BRfsEwJg4BPVmJZon5OYl66vk9+Xrp1RRGDFNSy5Py84vycVD1nCI1qPENFAZCOE95d1QR0Hx/IFD2QKXpgU7qfTDjTr3yfiYHRi4G1LDGnNBVorgBCkV9pblJqUduaqbLcUx50Q00DAZenAIRJnI7yAAAA[0m[INFO] 
[8mha:////4ArVXW7WIRKD8zH++T8JUVIx2ennhLodadZ4hAxHrxJWAAAAyx+LCAAAAAAAAP9b85aBtbiIQSOjNKU4P0+vIKc0PTOvWK8kMze1uCQxtyC1SC8ExvbLL0llgABGJgYmLwaB3MycnMzi4My85FTXgvzkDB8G3tScxILi1BRfsEwJg4BPVmJZon5OYl66vk9+Xrp1RRGDFNSy5Py84vycVD1nCI1qPENFAZCOE95d1QR0Hx/IFD2QKXpgU7qfTDjTr3yfiYHRi4G1LDGnNBVorgBCkV9pblJqUduaqbLcUx50Q00DAZenAIRJnI7yAAAA[0m[INFO] --- maven-compiler-plugin:3.1:compile (default-compile) @ gameoflife-build ---
[8mha:////4HOrk4ousHweqKHG4temhlGH40AtR9YpK+cRP8qUbXtOAAAAyx+LCAAAAAAAAP9b85aBtbiIQSOjNKU4P0+vIKc0PTOvWK8kMze1uCQxtyC1SC8ExvbLL0llgABGJgYmLwaB3MycnMzi4My85FTXgvzkDB8G3tScxILi1BRfsEwJg4BPVmJZon5OYl66vk9+Xrp1RRGDFNSy5Py84vycVD1nCI1qPENFAZCOE95dsx7oPj6QKXogU/TApnQ/mXCmX/k+EwOjFwNrWWJOaSrQXAGEIr/S3KTUorY1U2W5pzzohpoGAu5CALXw7oryAAAA[0m[INFO] No sources to compile
[8mha:////4PK91xe/5Qxq+An5o9NSCBtVkNI002aWEzoGeSQ15LehAAAAyx+LCAAAAAAAAP9b85aBtbiIQSOjNKU4P0+vIKc0PTOvWK8kMze1uCQxtyC1SC8ExvbLL0llgABGJgYmLwaB3MycnMzi4My85FTXgvzkDB8G3tScxILi1BRfsEwJg4BPVmJZon5OYl66vk9+Xrp1RRGDFNSy5Py84vycVD1nCI1qPENFAZCOE95dswHoPj6QKXogU/TApnQ/mXCmX/k+EwOjFwNrWWJOaSrQXAGEIr/S3KTUorY1U2W5pzzohpoGAu7CAAhSn4PyAAAA[0m[INFO] 
[8mha:////4PK91xe/5Qxq+An5o9NSCBtVkNI002aWEzoGeSQ15LehAAAAyx+LCAAAAAAAAP9b85aBtbiIQSOjNKU4P0+vIKc0PTOvWK8kMze1uCQxtyC1SC8ExvbLL0llgABGJgYmLwaB3MycnMzi4My85FTXgvzkDB8G3tScxILi1BRfsEwJg4BPVmJZon5OYl66vk9+Xrp1RRGDFNSy5Py84vycVD1nCI1qPENFAZCOE95dswHoPj6QKXogU/TApnQ/mXCmX/k+EwOjFwNrWWJOaSrQXAGEIr/S3KTUorY1U2W5pzzohpoGAu7CAAhSn4PyAAAA[0m[INFO] --- maven-resources-plugin:2.6:testResources (default-testResources) @ gameoflife-build ---
[8mha:////4PK91xe/5Qxq+An5o9NSCBtVkNI002aWEzoGeSQ15LehAAAAyx+LCAAAAAAAAP9b85aBtbiIQSOjNKU4P0+vIKc0PTOvWK8kMze1uCQxtyC1SC8ExvbLL0llgABGJgYmLwaB3MycnMzi4My85FTXgvzkDB8G3tScxILi1BRfsEwJg4BPVmJZon5OYl66vk9+Xrp1RRGDFNSy5Py84vycVD1nCI1qPENFAZCOE95dswHoPj6QKXogU/TApnQ/mXCmX/k+EwOjFwNrWWJOaSrQXAGEIr/S3KTUorY1U2W5pzzohpoGAu7CAAhSn4PyAAAA[0m[INFO] Using 'UTF-8' encoding to copy filtered resources.
[8mha:////4PK91xe/5Qxq+An5o9NSCBtVkNI002aWEzoGeSQ15LehAAAAyx+LCAAAAAAAAP9b85aBtbiIQSOjNKU4P0+vIKc0PTOvWK8kMze1uCQxtyC1SC8ExvbLL0llgABGJgYmLwaB3MycnMzi4My85FTXgvzkDB8G3tScxILi1BRfsEwJg4BPVmJZon5OYl66vk9+Xrp1RRGDFNSy5Py84vycVD1nCI1qPENFAZCOE95dswHoPj6QKXogU/TApnQ/mXCmX/k+EwOjFwNrWWJOaSrQXAGEIr/S3KTUorY1U2W5pzzohpoGAu7CAAhSn4PyAAAA[0m[INFO] skip non existing resourceDirectory /var/lib/jenkins/workspace/CTC_Demo/gameoflife-build/src/test/resources
[8mha:////4PK91xe/5Qxq+An5o9NSCBtVkNI002aWEzoGeSQ15LehAAAAyx+LCAAAAAAAAP9b85aBtbiIQSOjNKU4P0+vIKc0PTOvWK8kMze1uCQxtyC1SC8ExvbLL0llgABGJgYmLwaB3MycnMzi4My85FTXgvzkDB8G3tScxILi1BRfsEwJg4BPVmJZon5OYl66vk9+Xrp1RRGDFNSy5Py84vycVD1nCI1qPENFAZCOE95dswHoPj6QKXogU/TApnQ/mXCmX/k+EwOjFwNrWWJOaSrQXAGEIr/S3KTUorY1U2W5pzzohpoGAu7CAAhSn4PyAAAA[0m[INFO] 
[8mha:////4PK91xe/5Qxq+An5o9NSCBtVkNI002aWEzoGeSQ15LehAAAAyx+LCAAAAAAAAP9b85aBtbiIQSOjNKU4P0+vIKc0PTOvWK8kMze1uCQxtyC1SC8ExvbLL0llgABGJgYmLwaB3MycnMzi4My85FTXgvzkDB8G3tScxILi1BRfsEwJg4BPVmJZon5OYl66vk9+Xrp1RRGDFNSy5Py84vycVD1nCI1qPENFAZCOE95dswHoPj6QKXogU/TApnQ/mXCmX/k+EwOjFwNrWWJOaSrQXAGEIr/S3KTUorY1U2W5pzzohpoGAu7CAAhSn4PyAAAA[0m[INFO] --- maven-compiler-plugin:3.1:testCompile (default-testCompile) @ gameoflife-build ---
[8mha:////4PK91xe/5Qxq+An5o9NSCBtVkNI002aWEzoGeSQ15LehAAAAyx+LCAAAAAAAAP9b85aBtbiIQSOjNKU4P0+vIKc0PTOvWK8kMze1uCQxtyC1SC8ExvbLL0llgABGJgYmLwaB3MycnMzi4My85FTXgvzkDB8G3tScxILi1BRfsEwJg4BPVmJZon5OYl66vk9+Xrp1RRGDFNSy5Py84vycVD1nCI1qPENFAZCOE95dswHoPj6QKXogU/TApnQ/mXCmX/k+EwOjFwNrWWJOaSrQXAGEIr/S3KTUorY1U2W5pzzohpoGAu7CAAhSn4PyAAAA[0m[INFO] No sources to compile
[8mha:////4PK91xe/5Qxq+An5o9NSCBtVkNI002aWEzoGeSQ15LehAAAAyx+LCAAAAAAAAP9b85aBtbiIQSOjNKU4P0+vIKc0PTOvWK8kMze1uCQxtyC1SC8ExvbLL0llgABGJgYmLwaB3MycnMzi4My85FTXgvzkDB8G3tScxILi1BRfsEwJg4BPVmJZon5OYl66vk9+Xrp1RRGDFNSy5Py84vycVD1nCI1qPENFAZCOE95dswHoPj6QKXogU/TApnQ/mXCmX/k+EwOjFwNrWWJOaSrQXAGEIr/S3KTUorY1U2W5pzzohpoGAu7CAAhSn4PyAAAA[0m[INFO] 
[8mha:////4PK91xe/5Qxq+An5o9NSCBtVkNI002aWEzoGeSQ15LehAAAAyx+LCAAAAAAAAP9b85aBtbiIQSOjNKU4P0+vIKc0PTOvWK8kMze1uCQxtyC1SC8ExvbLL0llgABGJgYmLwaB3MycnMzi4My85FTXgvzkDB8G3tScxILi1BRfsEwJg4BPVmJZon5OYl66vk9+Xrp1RRGDFNSy5Py84vycVD1nCI1qPENFAZCOE95dswHoPj6QKXogU/TApnQ/mXCmX/k+EwOjFwNrWWJOaSrQXAGEIr/S3KTUorY1U2W5pzzohpoGAu7CAAhSn4PyAAAA[0m[INFO] --- maven-surefire-plugin:2.11:test (default-test) @ gameoflife-build ---
[8mha:////4PK91xe/5Qxq+An5o9NSCBtVkNI002aWEzoGeSQ15LehAAAAyx+LCAAAAAAAAP9b85aBtbiIQSOjNKU4P0+vIKc0PTOvWK8kMze1uCQxtyC1SC8ExvbLL0llgABGJgYmLwaB3MycnMzi4My85FTXgvzkDB8G3tScxILi1BRfsEwJg4BPVmJZon5OYl66vk9+Xrp1RRGDFNSy5Py84vycVD1nCI1qPENFAZCOE95dswHoPj6QKXogU/TApnQ/mXCmX/k+EwOjFwNrWWJOaSrQXAGEIr/S3KTUorY1U2W5pzzohpoGAu7CAAhSn4PyAAAA[0m[INFO] Tests are skipped.
[8mha:////4PK91xe/5Qxq+An5o9NSCBtVkNI002aWEzoGeSQ15LehAAAAyx+LCAAAAAAAAP9b85aBtbiIQSOjNKU4P0+vIKc0PTOvWK8kMze1uCQxtyC1SC8ExvbLL0llgABGJgYmLwaB3MycnMzi4My85FTXgvzkDB8G3tScxILi1BRfsEwJg4BPVmJZon5OYl66vk9+Xrp1RRGDFNSy5Py84vycVD1nCI1qPENFAZCOE95dswHoPj6QKXogU/TApnQ/mXCmX/k+EwOjFwNrWWJOaSrQXAGEIr/S3KTUorY1U2W5pzzohpoGAu7CAAhSn4PyAAAA[0m[INFO] 
[8mha:////4PK91xe/5Qxq+An5o9NSCBtVkNI002aWEzoGeSQ15LehAAAAyx+LCAAAAAAAAP9b85aBtbiIQSOjNKU4P0+vIKc0PTOvWK8kMze1uCQxtyC1SC8ExvbLL0llgABGJgYmLwaB3MycnMzi4My85FTXgvzkDB8G3tScxILi1BRfsEwJg4BPVmJZon5OYl66vk9+Xrp1RRGDFNSy5Py84vycVD1nCI1qPENFAZCOE95dswHoPj6QKXogU/TApnQ/mXCmX/k+EwOjFwNrWWJOaSrQXAGEIr/S3KTUorY1U2W5pzzohpoGAu7CAAhSn4PyAAAA[0m[INFO] --- maven-surefire-plugin:2.11:test (unit-tests) @ gameoflife-build ---
[8mha:////4PK91xe/5Qxq+An5o9NSCBtVkNI002aWEzoGeSQ15LehAAAAyx+LCAAAAAAAAP9b85aBtbiIQSOjNKU4P0+vIKc0PTOvWK8kMze1uCQxtyC1SC8ExvbLL0llgABGJgYmLwaB3MycnMzi4My85FTXgvzkDB8G3tScxILi1BRfsEwJg4BPVmJZon5OYl66vk9+Xrp1RRGDFNSy5Py84vycVD1nCI1qPENFAZCOE95dswHoPj6QKXogU/TApnQ/mXCmX/k+EwOjFwNrWWJOaSrQXAGEIr/S3KTUorY1U2W5pzzohpoGAu7CAAhSn4PyAAAA[0m[INFO] No tests to run.
[8mha:////4PK91xe/5Qxq+An5o9NSCBtVkNI002aWEzoGeSQ15LehAAAAyx+LCAAAAAAAAP9b85aBtbiIQSOjNKU4P0+vIKc0PTOvWK8kMze1uCQxtyC1SC8ExvbLL0llgABGJgYmLwaB3MycnMzi4My85FTXgvzkDB8G3tScxILi1BRfsEwJg4BPVmJZon5OYl66vk9+Xrp1RRGDFNSy5Py84vycVD1nCI1qPENFAZCOE95dswHoPj6QKXogU/TApnQ/mXCmX/k+EwOjFwNrWWJOaSrQXAGEIr/S3KTUorY1U2W5pzzohpoGAu7CAAhSn4PyAAAA[0m[INFO] Surefire report directory: /var/lib/jenkins/workspace/CTC_Demo/gameoflife-build/target/surefire-reports
[8mha:////4PK91xe/5Qxq+An5o9NSCBtVkNI002aWEzoGeSQ15LehAAAAyx+LCAAAAAAAAP9b85aBtbiIQSOjNKU4P0+vIKc0PTOvWK8kMze1uCQxtyC1SC8ExvbLL0llgABGJgYmLwaB3MycnMzi4My85FTXgvzkDB8G3tScxILi1BRfsEwJg4BPVmJZon5OYl66vk9+Xrp1RRGDFNSy5Py84vycVD1nCI1qPENFAZCOE95dswHoPj6QKXogU/TApnQ/mXCmX/k+EwOjFwNrWWJOaSrQXAGEIr/S3KTUorY1U2W5pzzohpoGAu7CAAhSn4PyAAAA[0m
[8mha:////4PK91xe/5Qxq+An5o9NSCBtVkNI002aWEzoGeSQ15LehAAAAyx+LCAAAAAAAAP9b85aBtbiIQSOjNKU4P0+vIKc0PTOvWK8kMze1uCQxtyC1SC8ExvbLL0llgABGJgYmLwaB3MycnMzi4My85FTXgvzkDB8G3tScxILi1BRfsEwJg4BPVmJZon5OYl66vk9+Xrp1RRGDFNSy5Py84vycVD1nCI1qPENFAZCOE95dswHoPj6QKXogU/TApnQ/mXCmX/k+EwOjFwNrWWJOaSrQXAGEIr/S3KTUorY1U2W5pzzohpoGAu7CAAhSn4PyAAAA[0m-------------------------------------------------------
[8mha:////4PK91xe/5Qxq+An5o9NSCBtVkNI002aWEzoGeSQ15LehAAAAyx+LCAAAAAAAAP9b85aBtbiIQSOjNKU4P0+vIKc0PTOvWK8kMze1uCQxtyC1SC8ExvbLL0llgABGJgYmLwaB3MycnMzi4My85FTXgvzkDB8G3tScxILi1BRfsEwJg4BPVmJZon5OYl66vk9+Xrp1RRGDFNSy5Py84vycVD1nCI1qPENFAZCOE95dswHoPj6QKXogU/TApnQ/mXCmX/k+EwOjFwNrWWJOaSrQXAGEIr/S3KTUorY1U2W5pzzohpoGAu7CAAhSn4PyAAAA[0m T E S T S
[8mha:////4PK91xe/5Qxq+An5o9NSCBtVkNI002aWEzoGeSQ15LehAAAAyx+LCAAAAAAAAP9b85aBtbiIQSOjNKU4P0+vIKc0PTOvWK8kMze1uCQxtyC1SC8ExvbLL0llgABGJgYmLwaB3MycnMzi4My85FTXgvzkDB8G3tScxILi1BRfsEwJg4BPVmJZon5OYl66vk9+Xrp1RRGDFNSy5Py84vycVD1nCI1qPENFAZCOE95dswHoPj6QKXogU/TApnQ/mXCmX/k+EwOjFwNrWWJOaSrQXAGEIr/S3KTUorY1U2W5pzzohpoGAu7CAAhSn4PyAAAA[0m-------------------------------------------------------
[8mha:////4AR9TDZJtZ8T94UYq2cNSw609L1aA9ONtxv6W7yz4ST8AAAAyx+LCAAAAAAAAP9b85aBtbiIQSOjNKU4P0+vIKc0PTOvWK8kMze1uCQxtyC1SC8ExvbLL0llgABGJgYmLwaB3MycnMzi4My85FTXgvzkDB8G3tScxILi1BRfsEwJg4BPVmJZon5OYl66vk9+Xrp1RRGDFNSy5Py84vycVD1nCI1qPENFAZCOE97dwgN0Hx/IFD2QKXpgU7qfTDjTr3yfiYHRi4G1LDGnNBVorgBCkV9pblJqUduaqbLcUx50Q00DAb98AMd725XyAAAA[0m
[8mha:////4AR9TDZJtZ8T94UYq2cNSw609L1aA9ONtxv6W7yz4ST8AAAAyx+LCAAAAAAAAP9b85aBtbiIQSOjNKU4P0+vIKc0PTOvWK8kMze1uCQxtyC1SC8ExvbLL0llgABGJgYmLwaB3MycnMzi4My85FTXgvzkDB8G3tScxILi1BRfsEwJg4BPVmJZon5OYl66vk9+Xrp1RRGDFNSy5Py84vycVD1nCI1qPENFAZCOE97dwgN0Hx/IFD2QKXpgU7qfTDjTr3yfiYHRi4G1LDGnNBVorgBCkV9pblJqUduaqbLcUx50Q00DAb98AMd725XyAAAA[0mResults :
[8mha:////4AR9TDZJtZ8T94UYq2cNSw609L1aA9ONtxv6W7yz4ST8AAAAyx+LCAAAAAAAAP9b85aBtbiIQSOjNKU4P0+vIKc0PTOvWK8kMze1uCQxtyC1SC8ExvbLL0llgABGJgYmLwaB3MycnMzi4My85FTXgvzkDB8G3tScxILi1BRfsEwJg4BPVmJZon5OYl66vk9+Xrp1RRGDFNSy5Py84vycVD1nCI1qPENFAZCOE97dwgN0Hx/IFD2QKXpgU7qfTDjTr3yfiYHRi4G1LDGnNBVorgBCkV9pblJqUduaqbLcUx50Q00DAb98AMd725XyAAAA[0m
[8mha:////4AR9TDZJtZ8T94UYq2cNSw609L1aA9ONtxv6W7yz4ST8AAAAyx+LCAAAAAAAAP9b85aBtbiIQSOjNKU4P0+vIKc0PTOvWK8kMze1uCQxtyC1SC8ExvbLL0llgABGJgYmLwaB3MycnMzi4My85FTXgvzkDB8G3tScxILi1BRfsEwJg4BPVmJZon5OYl66vk9+Xrp1RRGDFNSy5Py84vycVD1nCI1qPENFAZCOE97dwgN0Hx/IFD2QKXpgU7qfTDjTr3yfiYHRi4G1LDGnNBVorgBCkV9pblJqUduaqbLcUx50Q00DAb98AMd725XyAAAA[0mTests run: 0, Failures: 0, Errors: 0, Skipped: 0
[8mha:////4AR9TDZJtZ8T94UYq2cNSw609L1aA9ONtxv6W7yz4ST8AAAAyx+LCAAAAAAAAP9b85aBtbiIQSOjNKU4P0+vIKc0PTOvWK8kMze1uCQxtyC1SC8ExvbLL0llgABGJgYmLwaB3MycnMzi4My85FTXgvzkDB8G3tScxILi1BRfsEwJg4BPVmJZon5OYl66vk9+Xrp1RRGDFNSy5Py84vycVD1nCI1qPENFAZCOE97dwgN0Hx/IFD2QKXpgU7qfTDjTr3yfiYHRi4G1LDGnNBVorgBCkV9pblJqUduaqbLcUx50Q00DAb98AMd725XyAAAA[0m
[8mha:////4AR9TDZJtZ8T94UYq2cNSw609L1aA9ONtxv6W7yz4ST8AAAAyx+LCAAAAAAAAP9b85aBtbiIQSOjNKU4P0+vIKc0PTOvWK8kMze1uCQxtyC1SC8ExvbLL0llgABGJgYmLwaB3MycnMzi4My85FTXgvzkDB8G3tScxILi1BRfsEwJg4BPVmJZon5OYl66vk9+Xrp1RRGDFNSy5Py84vycVD1nCI1qPENFAZCOE97dwgN0Hx/IFD2QKXpgU7qfTDjTr3yfiYHRi4G1LDGnNBVorgBCkV9pblJqUduaqbLcUx50Q00DAb98AMd725XyAAAA[0m[INFO] 
[8mha:////4AR9TDZJtZ8T94UYq2cNSw609L1aA9ONtxv6W7yz4ST8AAAAyx+LCAAAAAAAAP9b85aBtbiIQSOjNKU4P0+vIKc0PTOvWK8kMze1uCQxtyC1SC8ExvbLL0llgABGJgYmLwaB3MycnMzi4My85FTXgvzkDB8G3tScxILi1BRfsEwJg4BPVmJZon5OYl66vk9+Xrp1RRGDFNSy5Py84vycVD1nCI1qPENFAZCOE97dwgN0Hx/IFD2QKXpgU7qfTDjTr3yfiYHRi4G1LDGnNBVorgBCkV9pblJqUduaqbLcUx50Q00DAb98AMd725XyAAAA[0m[INFO] --- maven-easyb-plugin:1.4:test (default) @ gameoflife-build ---
[8mha:////4AR9TDZJtZ8T94UYq2cNSw609L1aA9ONtxv6W7yz4ST8AAAAyx+LCAAAAAAAAP9b85aBtbiIQSOjNKU4P0+vIKc0PTOvWK8kMze1uCQxtyC1SC8ExvbLL0llgABGJgYmLwaB3MycnMzi4My85FTXgvzkDB8G3tScxILi1BRfsEwJg4BPVmJZon5OYl66vk9+Xrp1RRGDFNSy5Py84vycVD1nCI1qPENFAZCOE97dwgN0Hx/IFD2QKXpgU7qfTDjTr3yfiYHRi4G1LDGnNBVorgBCkV9pblJqUduaqbLcUx50Q00DAb98AMd725XyAAAA[0m[INFO] /var/lib/jenkins/workspace/CTC_Demo/gameoflife-build/src/test/stories does not exists.  Skipping easyb testing
[8mha:////4AR9TDZJtZ8T94UYq2cNSw609L1aA9ONtxv6W7yz4ST8AAAAyx+LCAAAAAAAAP9b85aBtbiIQSOjNKU4P0+vIKc0PTOvWK8kMze1uCQxtyC1SC8ExvbLL0llgABGJgYmLwaB3MycnMzi4My85FTXgvzkDB8G3tScxILi1BRfsEwJg4BPVmJZon5OYl66vk9+Xrp1RRGDFNSy5Py84vycVD1nCI1qPENFAZCOE97dwgN0Hx/IFD2QKXpgU7qfTDjTr3yfiYHRi4G1LDGnNBVorgBCkV9pblJqUduaqbLcUx50Q00DAb98AMd725XyAAAA[0m[INFO] 
[8mha:////4AR9TDZJtZ8T94UYq2cNSw609L1aA9ONtxv6W7yz4ST8AAAAyx+LCAAAAAAAAP9b85aBtbiIQSOjNKU4P0+vIKc0PTOvWK8kMze1uCQxtyC1SC8ExvbLL0llgABGJgYmLwaB3MycnMzi4My85FTXgvzkDB8G3tScxILi1BRfsEwJg4BPVmJZon5OYl66vk9+Xrp1RRGDFNSy5Py84vycVD1nCI1qPENFAZCOE97dwgN0Hx/IFD2QKXpgU7qfTDjTr3yfiYHRi4G1LDGnNBVorgBCkV9pblJqUduaqbLcUx50Q00DAb98AMd725XyAAAA[0m[INFO] --- maven-jar-plugin:2.4:jar (default-jar) @ gameoflife-build ---
[8mha:////4C81R5MQG6YhDjPcF88EFhvhsYRaG0hsrmdRkIsob0eHAAAAyx+LCAAAAAAAAP9b85aBtbiIQSOjNKU4P0+vIKc0PTOvWK8kMze1uCQxtyC1SC8ExvbLL0llgABGJgYmLwaB3MycnMzi4My85FTXgvzkDB8G3tScxILi1BRfsEwJg4BPVmJZon5OYl66vk9+Xrp1RRGDFNSy5Py84vycVD1nCI1qPENFAZCOE97dyg90Hx/IFD2QKXpgU7qfTDjTr3yfiYHRi4G1LDGnNBVorgBCkV9pblJqUduaqbLcUx50Q00DAf8iALkn6i/yAAAA[0m[INFO] Building jar: /var/lib/jenkins/workspace/CTC_Demo/gameoflife-build/target/gameoflife-build-1.0-SNAPSHOT.jar
[8mha:////4EVTUPPz7yu8hwI24nWVOcmz+YHMwIvJpGH9+0y/QRphAAAAyx+LCAAAAAAAAP9b85aBtbiIQSOjNKU4P0+vIKc0PTOvWK8kMze1uCQxtyC1SC8ExvbLL0llgABGJgYmLwaB3MycnMzi4My85FTXgvzkDB8G3tScxILi1BRfsEwJg4BPVmJZon5OYl66vk9+Xrp1RRGDFNSy5Py84vycVD1nCI1qPENFAZCOE97dKgB0Hx/IFD2QKXpgU7qfTDjTr3yfiYHRi4G1LDGnNBVorgBCkV9pblJqUduaqbLcUx50Q00DAf9iAASFmybyAAAA[0m[INFO] 
[8mha:////4EVTUPPz7yu8hwI24nWVOcmz+YHMwIvJpGH9+0y/QRphAAAAyx+LCAAAAAAAAP9b85aBtbiIQSOjNKU4P0+vIKc0PTOvWK8kMze1uCQxtyC1SC8ExvbLL0llgABGJgYmLwaB3MycnMzi4My85FTXgvzkDB8G3tScxILi1BRfsEwJg4BPVmJZon5OYl66vk9+Xrp1RRGDFNSy5Py84vycVD1nCI1qPENFAZCOE97dKgB0Hx/IFD2QKXpgU7qfTDjTr3yfiYHRi4G1LDGnNBVorgBCkV9pblJqUduaqbLcUx50Q00DAf9iAASFmybyAAAA[0m[INFO] ------------------------------------------------------------------------
[8mha:////4EVTUPPz7yu8hwI24nWVOcmz+YHMwIvJpGH9+0y/QRphAAAAyx+LCAAAAAAAAP9b85aBtbiIQSOjNKU4P0+vIKc0PTOvWK8kMze1uCQxtyC1SC8ExvbLL0llgABGJgYmLwaB3MycnMzi4My85FTXgvzkDB8G3tScxILi1BRfsEwJg4BPVmJZon5OYl66vk9+Xrp1RRGDFNSy5Py84vycVD1nCI1qPENFAZCOE97dKgB0Hx/IFD2QKXpgU7qfTDjTr3yfiYHRi4G1LDGnNBVorgBCkV9pblJqUduaqbLcUx50Q00DAf9iAASFmybyAAAA[0m[INFO] Building gameoflife-core 1.0-SNAPSHOT
[8mha:////4EVTUPPz7yu8hwI24nWVOcmz+YHMwIvJpGH9+0y/QRphAAAAyx+LCAAAAAAAAP9b85aBtbiIQSOjNKU4P0+vIKc0PTOvWK8kMze1uCQxtyC1SC8ExvbLL0llgABGJgYmLwaB3MycnMzi4My85FTXgvzkDB8G3tScxILi1BRfsEwJg4BPVmJZon5OYl66vk9+Xrp1RRGDFNSy5Py84vycVD1nCI1qPENFAZCOE97dKgB0Hx/IFD2QKXpgU7qfTDjTr3yfiYHRi4G1LDGnNBVorgBCkV9pblJqUduaqbLcUx50Q00DAf9iAASFmybyAAAA[0m[INFO] ------------------------------------------------------------------------
[8mha:////4EVTUPPz7yu8hwI24nWVOcmz+YHMwIvJpGH9+0y/QRphAAAAyx+LCAAAAAAAAP9b85aBtbiIQSOjNKU4P0+vIKc0PTOvWK8kMze1uCQxtyC1SC8ExvbLL0llgABGJgYmLwaB3MycnMzi4My85FTXgvzkDB8G3tScxILi1BRfsEwJg4BPVmJZon5OYl66vk9+Xrp1RRGDFNSy5Py84vycVD1nCI1qPENFAZCOE97dKgB0Hx/IFD2QKXpgU7qfTDjTr3yfiYHRi4G1LDGnNBVorgBCkV9pblJqUduaqbLcUx50Q00DAf9iAASFmybyAAAA[0m[INFO] 
[8mha:////4EVTUPPz7yu8hwI24nWVOcmz+YHMwIvJpGH9+0y/QRphAAAAyx+LCAAAAAAAAP9b85aBtbiIQSOjNKU4P0+vIKc0PTOvWK8kMze1uCQxtyC1SC8ExvbLL0llgABGJgYmLwaB3MycnMzi4My85FTXgvzkDB8G3tScxILi1BRfsEwJg4BPVmJZon5OYl66vk9+Xrp1RRGDFNSy5Py84vycVD1nCI1qPENFAZCOE97dKgB0Hx/IFD2QKXpgU7qfTDjTr3yfiYHRi4G1LDGnNBVorgBCkV9pblJqUduaqbLcUx50Q00DAf9iAASFmybyAAAA[0m[INFO] --- maven-clean-plugin:2.5:clean (default-clean) @ gameoflife-core ---
[8mha:////4EVTUPPz7yu8hwI24nWVOcmz+YHMwIvJpGH9+0y/QRphAAAAyx+LCAAAAAAAAP9b85aBtbiIQSOjNKU4P0+vIKc0PTOvWK8kMze1uCQxtyC1SC8ExvbLL0llgABGJgYmLwaB3MycnMzi4My85FTXgvzkDB8G3tScxILi1BRfsEwJg4BPVmJZon5OYl66vk9+Xrp1RRGDFNSy5Py84vycVD1nCI1qPENFAZCOE97dKgB0Hx/IFD2QKXpgU7qfTDjTr3yfiYHRi4G1LDGnNBVorgBCkV9pblJqUduaqbLcUx50Q00DAf9iAASFmybyAAAA[0m[INFO] Deleting /var/lib/jenkins/workspace/CTC_Demo/gameoflife-core/target
[8mha:////4EVTUPPz7yu8hwI24nWVOcmz+YHMwIvJpGH9+0y/QRphAAAAyx+LCAAAAAAAAP9b85aBtbiIQSOjNKU4P0+vIKc0PTOvWK8kMze1uCQxtyC1SC8ExvbLL0llgABGJgYmLwaB3MycnMzi4My85FTXgvzkDB8G3tScxILi1BRfsEwJg4BPVmJZon5OYl66vk9+Xrp1RRGDFNSy5Py84vycVD1nCI1qPENFAZCOE97dKgB0Hx/IFD2QKXpgU7qfTDjTr3yfiYHRi4G1LDGnNBVorgBCkV9pblJqUduaqbLcUx50Q00DAf9iAASFmybyAAAA[0m[INFO] 
[8mha:////4EVTUPPz7yu8hwI24nWVOcmz+YHMwIvJpGH9+0y/QRphAAAAyx+LCAAAAAAAAP9b85aBtbiIQSOjNKU4P0+vIKc0PTOvWK8kMze1uCQxtyC1SC8ExvbLL0llgABGJgYmLwaB3MycnMzi4My85FTXgvzkDB8G3tScxILi1BRfsEwJg4BPVmJZon5OYl66vk9+Xrp1RRGDFNSy5Py84vycVD1nCI1qPENFAZCOE97dKgB0Hx/IFD2QKXpgU7qfTDjTr3yfiYHRi4G1LDGnNBVorgBCkV9pblJqUduaqbLcUx50Q00DAf9iAASFmybyAAAA[0m[INFO] --- maven-enforcer-plugin:1.0:enforce (enforce-versions) @ gameoflife-core ---
[8mha:////4EVTUPPz7yu8hwI24nWVOcmz+YHMwIvJpGH9+0y/QRphAAAAyx+LCAAAAAAAAP9b85aBtbiIQSOjNKU4P0+vIKc0PTOvWK8kMze1uCQxtyC1SC8ExvbLL0llgABGJgYmLwaB3MycnMzi4My85FTXgvzkDB8G3tScxILi1BRfsEwJg4BPVmJZon5OYl66vk9+Xrp1RRGDFNSy5Py84vycVD1nCI1qPENFAZCOE97dKgB0Hx/IFD2QKXpgU7qfTDjTr3yfiYHRi4G1LDGnNBVorgBCkV9pblJqUduaqbLcUx50Q00DAf9iAASFmybyAAAA[0m[INFO] 
[8mha:////4EVTUPPz7yu8hwI24nWVOcmz+YHMwIvJpGH9+0y/QRphAAAAyx+LCAAAAAAAAP9b85aBtbiIQSOjNKU4P0+vIKc0PTOvWK8kMze1uCQxtyC1SC8ExvbLL0llgABGJgYmLwaB3MycnMzi4My85FTXgvzkDB8G3tScxILi1BRfsEwJg4BPVmJZon5OYl66vk9+Xrp1RRGDFNSy5Py84vycVD1nCI1qPENFAZCOE97dKgB0Hx/IFD2QKXpgU7qfTDjTr3yfiYHRi4G1LDGnNBVorgBCkV9pblJqUduaqbLcUx50Q00DAf9iAASFmybyAAAA[0m[INFO] --- maven-resources-plugin:2.6:resources (default-resources) @ gameoflife-core ---
[8mha:////4EVTUPPz7yu8hwI24nWVOcmz+YHMwIvJpGH9+0y/QRphAAAAyx+LCAAAAAAAAP9b85aBtbiIQSOjNKU4P0+vIKc0PTOvWK8kMze1uCQxtyC1SC8ExvbLL0llgABGJgYmLwaB3MycnMzi4My85FTXgvzkDB8G3tScxILi1BRfsEwJg4BPVmJZon5OYl66vk9+Xrp1RRGDFNSy5Py84vycVD1nCI1qPENFAZCOE97dKgB0Hx/IFD2QKXpgU7qfTDjTr3yfiYHRi4G1LDGnNBVorgBCkV9pblJqUduaqbLcUx50Q00DAf9iAASFmybyAAAA[0m[INFO] Using 'UTF-8' encoding to copy filtered resources.
[8mha:////4EVTUPPz7yu8hwI24nWVOcmz+YHMwIvJpGH9+0y/QRphAAAAyx+LCAAAAAAAAP9b85aBtbiIQSOjNKU4P0+vIKc0PTOvWK8kMze1uCQxtyC1SC8ExvbLL0llgABGJgYmLwaB3MycnMzi4My85FTXgvzkDB8G3tScxILi1BRfsEwJg4BPVmJZon5OYl66vk9+Xrp1RRGDFNSy5Py84vycVD1nCI1qPENFAZCOE97dKgB0Hx/IFD2QKXpgU7qfTDjTr3yfiYHRi4G1LDGnNBVorgBCkV9pblJqUduaqbLcUx50Q00DAf9iAASFmybyAAAA[0m[INFO] skip non existing resourceDirectory /var/lib/jenkins/workspace/CTC_Demo/gameoflife-core/src/main/resources
[8mha:////4EVTUPPz7yu8hwI24nWVOcmz+YHMwIvJpGH9+0y/QRphAAAAyx+LCAAAAAAAAP9b85aBtbiIQSOjNKU4P0+vIKc0PTOvWK8kMze1uCQxtyC1SC8ExvbLL0llgABGJgYmLwaB3MycnMzi4My85FTXgvzkDB8G3tScxILi1BRfsEwJg4BPVmJZon5OYl66vk9+Xrp1RRGDFNSy5Py84vycVD1nCI1qPENFAZCOE97dKgB0Hx/IFD2QKXpgU7qfTDjTr3yfiYHRi4G1LDGnNBVorgBCkV9pblJqUduaqbLcUx50Q00DAf9iAASFmybyAAAA[0m[INFO] 
[8mha:////4EVTUPPz7yu8hwI24nWVOcmz+YHMwIvJpGH9+0y/QRphAAAAyx+LCAAAAAAAAP9b85aBtbiIQSOjNKU4P0+vIKc0PTOvWK8kMze1uCQxtyC1SC8ExvbLL0llgABGJgYmLwaB3MycnMzi4My85FTXgvzkDB8G3tScxILi1BRfsEwJg4BPVmJZon5OYl66vk9+Xrp1RRGDFNSy5Py84vycVD1nCI1qPENFAZCOE97dKgB0Hx/IFD2QKXpgU7qfTDjTr3yfiYHRi4G1LDGnNBVorgBCkV9pblJqUduaqbLcUx50Q00DAf9iAASFmybyAAAA[0m[INFO] --- jacoco-maven-plugin:0.7.2.201409121644:prepare-agent (jacoco-initialize) @ gameoflife-core ---
[8mha:////4EVTUPPz7yu8hwI24nWVOcmz+YHMwIvJpGH9+0y/QRphAAAAyx+LCAAAAAAAAP9b85aBtbiIQSOjNKU4P0+vIKc0PTOvWK8kMze1uCQxtyC1SC8ExvbLL0llgABGJgYmLwaB3MycnMzi4My85FTXgvzkDB8G3tScxILi1BRfsEwJg4BPVmJZon5OYl66vk9+Xrp1RRGDFNSy5Py84vycVD1nCI1qPENFAZCOE97dKgB0Hx/IFD2QKXpgU7qfTDjTr3yfiYHRi4G1LDGnNBVorgBCkV9pblJqUduaqbLcUx50Q00DAf9iAASFmybyAAAA[0m[INFO] argLine set to -javaagent:/var/lib/jenkins/.m2/repository/org/jacoco/org.jacoco.agent/0.7.2.201409121644/org.jacoco.agent-0.7.2.201409121644-runtime.jar=destfile=/var/lib/jenkins/workspace/CTC_Demo/gameoflife-core/target/jacoco.exec
[8mha:////4EVTUPPz7yu8hwI24nWVOcmz+YHMwIvJpGH9+0y/QRphAAAAyx+LCAAAAAAAAP9b85aBtbiIQSOjNKU4P0+vIKc0PTOvWK8kMze1uCQxtyC1SC8ExvbLL0llgABGJgYmLwaB3MycnMzi4My85FTXgvzkDB8G3tScxILi1BRfsEwJg4BPVmJZon5OYl66vk9+Xrp1RRGDFNSy5Py84vycVD1nCI1qPENFAZCOE97dKgB0Hx/IFD2QKXpgU7qfTDjTr3yfiYHRi4G1LDGnNBVorgBCkV9pblJqUduaqbLcUx50Q00DAf9iAASFmybyAAAA[0m[INFO] 
[8mha:////4EVTUPPz7yu8hwI24nWVOcmz+YHMwIvJpGH9+0y/QRphAAAAyx+LCAAAAAAAAP9b85aBtbiIQSOjNKU4P0+vIKc0PTOvWK8kMze1uCQxtyC1SC8ExvbLL0llgABGJgYmLwaB3MycnMzi4My85FTXgvzkDB8G3tScxILi1BRfsEwJg4BPVmJZon5OYl66vk9+Xrp1RRGDFNSy5Py84vycVD1nCI1qPENFAZCOE97dKgB0Hx/IFD2QKXpgU7qfTDjTr3yfiYHRi4G1LDGnNBVorgBCkV9pblJqUduaqbLcUx50Q00DAf9iAASFmybyAAAA[0m[INFO] --- maven-compiler-plugin:3.1:compile (default-compile) @ gameoflife-core ---
[8mha:////4EVTUPPz7yu8hwI24nWVOcmz+YHMwIvJpGH9+0y/QRphAAAAyx+LCAAAAAAAAP9b85aBtbiIQSOjNKU4P0+vIKc0PTOvWK8kMze1uCQxtyC1SC8ExvbLL0llgABGJgYmLwaB3MycnMzi4My85FTXgvzkDB8G3tScxILi1BRfsEwJg4BPVmJZon5OYl66vk9+Xrp1RRGDFNSy5Py84vycVD1nCI1qPENFAZCOE97dKgB0Hx/IFD2QKXpgU7qfTDjTr3yfiYHRi4G1LDGnNBVorgBCkV9pblJqUduaqbLcUx50Q00DAf9iAASFmybyAAAA[0m[INFO] Changes detected - recompiling the module!
[8mha:////4NvUmuk9zsbXkdICXKd7NZ7Dy5M969dj3lUZkm3Wj95SAAAAyx+LCAAAAAAAAP9b85aBtbiIQSOjNKU4P0+vIKc0PTOvWK8kMze1uCQxtyC1SC8ExvbLL0llgABGJgYmLwaB3MycnMzi4My85FTXgvzkDB8G3tScxILi1BRfsEwJg4BPVmJZon5OYl66vk9+Xrp1RRGDFNSy5Py84vycVD1nCI1qPENFAZCOE97dJgJ0Hx/IFD2QKXpgU7qfTDjTr3yfiYHRi4G1LDGnNBVorgBCkV9pblJqUduaqbLcUx50Q00DgYByALk8UDzyAAAA[0m[INFO] Compiling 5 source files to /var/lib/jenkins/workspace/CTC_Demo/gameoflife-core/target/classes
[8mha:////4NfYfC6iCTEizGqSGG9BfOdIuxV0aHiqUq6Qa9D/hW9FAAAAyx+LCAAAAAAAAP9b85aBtbiIQSOjNKU4P0+vIKc0PTOvWK8kMze1uCQxtyC1SC8ExvbLL0llgABGJgYmLwaB3MycnMzi4My85FTXgvzkDB8G3tScxILi1BRfsEwJg4BPVmJZon5OYl66vk9+Xrp1RRGDFNSy5Py84vycVD1nCI1qPENFAZCOE97dmwN0Hx/IFD2QKXpgU7qfTDjTr3yfiYHRi4G1LDGnNBVorgBCkV9pblJqUduaqbLcUx50Q00DgfDzAL9swKXyAAAA[0m[INFO] 
[8mha:////4NfYfC6iCTEizGqSGG9BfOdIuxV0aHiqUq6Qa9D/hW9FAAAAyx+LCAAAAAAAAP9b85aBtbiIQSOjNKU4P0+vIKc0PTOvWK8kMze1uCQxtyC1SC8ExvbLL0llgABGJgYmLwaB3MycnMzi4My85FTXgvzkDB8G3tScxILi1BRfsEwJg4BPVmJZon5OYl66vk9+Xrp1RRGDFNSy5Py84vycVD1nCI1qPENFAZCOE97dmwN0Hx/IFD2QKXpgU7qfTDjTr3yfiYHRi4G1LDGnNBVorgBCkV9pblJqUduaqbLcUx50Q00DgfDzAL9swKXyAAAA[0m[INFO] --- maven-resources-plugin:2.6:testResources (default-testResources) @ gameoflife-core ---
[8mha:////4NfYfC6iCTEizGqSGG9BfOdIuxV0aHiqUq6Qa9D/hW9FAAAAyx+LCAAAAAAAAP9b85aBtbiIQSOjNKU4P0+vIKc0PTOvWK8kMze1uCQxtyC1SC8ExvbLL0llgABGJgYmLwaB3MycnMzi4My85FTXgvzkDB8G3tScxILi1BRfsEwJg4BPVmJZon5OYl66vk9+Xrp1RRGDFNSy5Py84vycVD1nCI1qPENFAZCOE97dmwN0Hx/IFD2QKXpgU7qfTDjTr3yfiYHRi4G1LDGnNBVorgBCkV9pblJqUduaqbLcUx50Q00DgfDzAL9swKXyAAAA[0m[INFO] Using 'UTF-8' encoding to copy filtered resources.
[8mha:////4NfYfC6iCTEizGqSGG9BfOdIuxV0aHiqUq6Qa9D/hW9FAAAAyx+LCAAAAAAAAP9b85aBtbiIQSOjNKU4P0+vIKc0PTOvWK8kMze1uCQxtyC1SC8ExvbLL0llgABGJgYmLwaB3MycnMzi4My85FTXgvzkDB8G3tScxILi1BRfsEwJg4BPVmJZon5OYl66vk9+Xrp1RRGDFNSy5Py84vycVD1nCI1qPENFAZCOE97dmwN0Hx/IFD2QKXpgU7qfTDjTr3yfiYHRi4G1LDGnNBVorgBCkV9pblJqUduaqbLcUx50Q00DgfDzAL9swKXyAAAA[0m[INFO] skip non existing resourceDirectory /var/lib/jenkins/workspace/CTC_Demo/gameoflife-core/src/test/resources
[8mha:////4NfYfC6iCTEizGqSGG9BfOdIuxV0aHiqUq6Qa9D/hW9FAAAAyx+LCAAAAAAAAP9b85aBtbiIQSOjNKU4P0+vIKc0PTOvWK8kMze1uCQxtyC1SC8ExvbLL0llgABGJgYmLwaB3MycnMzi4My85FTXgvzkDB8G3tScxILi1BRfsEwJg4BPVmJZon5OYl66vk9+Xrp1RRGDFNSy5Py84vycVD1nCI1qPENFAZCOE97dmwN0Hx/IFD2QKXpgU7qfTDjTr3yfiYHRi4G1LDGnNBVorgBCkV9pblJqUduaqbLcUx50Q00DgfDzAL9swKXyAAAA[0m[INFO] 
[8mha:////4NfYfC6iCTEizGqSGG9BfOdIuxV0aHiqUq6Qa9D/hW9FAAAAyx+LCAAAAAAAAP9b85aBtbiIQSOjNKU4P0+vIKc0PTOvWK8kMze1uCQxtyC1SC8ExvbLL0llgABGJgYmLwaB3MycnMzi4My85FTXgvzkDB8G3tScxILi1BRfsEwJg4BPVmJZon5OYl66vk9+Xrp1RRGDFNSy5Py84vycVD1nCI1qPENFAZCOE97dmwN0Hx/IFD2QKXpgU7qfTDjTr3yfiYHRi4G1LDGnNBVorgBCkV9pblJqUduaqbLcUx50Q00DgfDzAL9swKXyAAAA[0m[INFO] --- maven-compiler-plugin:3.1:testCompile (default-testCompile) @ gameoflife-core ---
[8mha:////4NfYfC6iCTEizGqSGG9BfOdIuxV0aHiqUq6Qa9D/hW9FAAAAyx+LCAAAAAAAAP9b85aBtbiIQSOjNKU4P0+vIKc0PTOvWK8kMze1uCQxtyC1SC8ExvbLL0llgABGJgYmLwaB3MycnMzi4My85FTXgvzkDB8G3tScxILi1BRfsEwJg4BPVmJZon5OYl66vk9+Xrp1RRGDFNSy5Py84vycVD1nCI1qPENFAZCOE97dmwN0Hx/IFD2QKXpgU7qfTDjTr3yfiYHRi4G1LDGnNBVorgBCkV9pblJqUduaqbLcUx50Q00DgfDzAL9swKXyAAAA[0m[INFO] Changes detected - recompiling the module!
[8mha:////4NfYfC6iCTEizGqSGG9BfOdIuxV0aHiqUq6Qa9D/hW9FAAAAyx+LCAAAAAAAAP9b85aBtbiIQSOjNKU4P0+vIKc0PTOvWK8kMze1uCQxtyC1SC8ExvbLL0llgABGJgYmLwaB3MycnMzi4My85FTXgvzkDB8G3tScxILi1BRfsEwJg4BPVmJZon5OYl66vk9+Xrp1RRGDFNSy5Py84vycVD1nCI1qPENFAZCOE97dmwN0Hx/IFD2QKXpgU7qfTDjTr3yfiYHRi4G1LDGnNBVorgBCkV9pblJqUduaqbLcUx50Q00DgfDzAL9swKXyAAAA[0m[INFO] Compiling 10 source files to /var/lib/jenkins/workspace/CTC_Demo/gameoflife-core/target/test-classes
[8mha:////4FdvhCigJiyPwam68hHv5cven0FNSKZA0KSgj0rK7ZIBAAAAyx+LCAAAAAAAAP9b85aBtbiIQSOjNKU4P0+vIKc0PTOvWK8kMze1uCQxtyC1SC8ExvbLL0llgABGJgYmLwaB3MycnMzi4My85FTXgvzkDB8G3tScxILi1BRfsEwJg4BPVmJZon5OYl66vk9+Xrp1RRGDFNSy5Py84vycVD1nCI1qPENFAZCOE97dPwPoPj6QKXogU/TApnQ/mXCmX/k+EwOjFwNrWWJOaSrQXAGEIr/S3KTUorY1U2W5pzzohpoGApG/ATpzIqHyAAAA[0m[INFO] 
[8mha:////4CFhz4s5Zqx2Wcw0fPBXXjoqCVtAtqT8voJRzBtqrJ/ZAAAAyx+LCAAAAAAAAP9b85aBtbiIQSOjNKU4P0+vIKc0PTOvWK8kMze1uCQxtyC1SC8ExvbLL0llgABGJgYmLwaB3MycnMzi4My85FTXgvzkDB8G3tScxILi1BRfsEwJg4BPVmJZon5OYl66vk9+Xrp1RRGDFNSy5Py84vycVD1nCI1qPENFAZCOE97dPxPoPj6QKXogU/TApnQ/mXCmX/k+EwOjFwNrWWJOaSrQXAGEIr/S3KTUorY1U2W5pzzohpoGApF/AMiRv3TyAAAA[0m[INFO] --- maven-surefire-plugin:2.11:test (default-test) @ gameoflife-core ---
[8mha:////4CFhz4s5Zqx2Wcw0fPBXXjoqCVtAtqT8voJRzBtqrJ/ZAAAAyx+LCAAAAAAAAP9b85aBtbiIQSOjNKU4P0+vIKc0PTOvWK8kMze1uCQxtyC1SC8ExvbLL0llgABGJgYmLwaB3MycnMzi4My85FTXgvzkDB8G3tScxILi1BRfsEwJg4BPVmJZon5OYl66vk9+Xrp1RRGDFNSy5Py84vycVD1nCI1qPENFAZCOE97dPxPoPj6QKXogU/TApnQ/mXCmX/k+EwOjFwNrWWJOaSrQXAGEIr/S3KTUorY1U2W5pzzohpoGApF/AMiRv3TyAAAA[0m[INFO] Tests are skipped.
[8mha:////4CFhz4s5Zqx2Wcw0fPBXXjoqCVtAtqT8voJRzBtqrJ/ZAAAAyx+LCAAAAAAAAP9b85aBtbiIQSOjNKU4P0+vIKc0PTOvWK8kMze1uCQxtyC1SC8ExvbLL0llgABGJgYmLwaB3MycnMzi4My85FTXgvzkDB8G3tScxILi1BRfsEwJg4BPVmJZon5OYl66vk9+Xrp1RRGDFNSy5Py84vycVD1nCI1qPENFAZCOE97dPxPoPj6QKXogU/TApnQ/mXCmX/k+EwOjFwNrWWJOaSrQXAGEIr/S3KTUorY1U2W5pzzohpoGApF/AMiRv3TyAAAA[0m[INFO] 
[8mha:////4CFhz4s5Zqx2Wcw0fPBXXjoqCVtAtqT8voJRzBtqrJ/ZAAAAyx+LCAAAAAAAAP9b85aBtbiIQSOjNKU4P0+vIKc0PTOvWK8kMze1uCQxtyC1SC8ExvbLL0llgABGJgYmLwaB3MycnMzi4My85FTXgvzkDB8G3tScxILi1BRfsEwJg4BPVmJZon5OYl66vk9+Xrp1RRGDFNSy5Py84vycVD1nCI1qPENFAZCOE97dPxPoPj6QKXogU/TApnQ/mXCmX/k+EwOjFwNrWWJOaSrQXAGEIr/S3KTUorY1U2W5pzzohpoGApF/AMiRv3TyAAAA[0m[INFO] --- maven-surefire-plugin:2.11:test (unit-tests) @ gameoflife-core ---
[8mha:////4CFhz4s5Zqx2Wcw0fPBXXjoqCVtAtqT8voJRzBtqrJ/ZAAAAyx+LCAAAAAAAAP9b85aBtbiIQSOjNKU4P0+vIKc0PTOvWK8kMze1uCQxtyC1SC8ExvbLL0llgABGJgYmLwaB3MycnMzi4My85FTXgvzkDB8G3tScxILi1BRfsEwJg4BPVmJZon5OYl66vk9+Xrp1RRGDFNSy5Py84vycVD1nCI1qPENFAZCOE97dPxPoPj6QKXogU/TApnQ/mXCmX/k+EwOjFwNrWWJOaSrQXAGEIr/S3KTUorY1U2W5pzzohpoGApF/AMiRv3TyAAAA[0m[INFO] Surefire report directory: /var/lib/jenkins/workspace/CTC_Demo/gameoflife-core/target/surefire-reports
[8mha:////4EDPBoDvt5EXhk9fRLv4PZ+Aw6IZ3NCCIgAkETeAJz7nAAAAyx+LCAAAAAAAAP9b85aBtbiIQSOjNKU4P0+vIKc0PTOvWK8kMze1uCQxtyC1SC8ExvbLL0llgABGJgYmLwaB3MycnMzi4My85FTXgvzkDB8G3tScxILi1BRfsEwJg4BPVmJZon5OYl66vk9+Xrp1RRGDFNSy5Py84vycVD1nCI1qPENFAZCOE949YS7QfXwgU/RApuiBTel+MuFMv/J9JgZGLwbWssSc0lSguQIIRX6luUmpRW1rpspyT3nQDTUNBKIZAKoZ1KryAAAA[0m
[8mha:////4PsS7NIXUcsTa2Q5xCufYgGq8p+3Sny7CUChCff2WZW1AAAAyx+LCAAAAAAAAP9b85aBtbiIQSOjNKU4P0+vIKc0PTOvWK8kMze1uCQxtyC1SC8ExvbLL0llgABGJgYmLwaB3MycnMzi4My85FTXgvzkDB8G3tScxILi1BRfsEwJg4BPVmJZon5OYl66vk9+Xrp1RRGDFNSy5Py84vycVD1nCI1qPENFAZCOE949YR7QfXwgU/RApuiBTel+MuFMv/J9JgZGLwbWssSc0lSguQIIRX6luUmpRW1rpspyT3nQDTUNBKIZAc+w2AHyAAAA[0m-------------------------------------------------------
[8mha:////4PsS7NIXUcsTa2Q5xCufYgGq8p+3Sny7CUChCff2WZW1AAAAyx+LCAAAAAAAAP9b85aBtbiIQSOjNKU4P0+vIKc0PTOvWK8kMze1uCQxtyC1SC8ExvbLL0llgABGJgYmLwaB3MycnMzi4My85FTXgvzkDB8G3tScxILi1BRfsEwJg4BPVmJZon5OYl66vk9+Xrp1RRGDFNSy5Py84vycVD1nCI1qPENFAZCOE949YR7QfXwgU/RApuiBTel+MuFMv/J9JgZGLwbWssSc0lSguQIIRX6luUmpRW1rpspyT3nQDTUNBKIZAc+w2AHyAAAA[0m T E S T S
[8mha:////4PsS7NIXUcsTa2Q5xCufYgGq8p+3Sny7CUChCff2WZW1AAAAyx+LCAAAAAAAAP9b85aBtbiIQSOjNKU4P0+vIKc0PTOvWK8kMze1uCQxtyC1SC8ExvbLL0llgABGJgYmLwaB3MycnMzi4My85FTXgvzkDB8G3tScxILi1BRfsEwJg4BPVmJZon5OYl66vk9+Xrp1RRGDFNSy5Py84vycVD1nCI1qPENFAZCOE949YR7QfXwgU/RApuiBTel+MuFMv/J9JgZGLwbWssSc0lSguQIIRX6luUmpRW1rpspyT3nQDTUNBKIZAc+w2AHyAAAA[0m-------------------------------------------------------
[8mha:////4PU4pQ43ywlfIqZLgcbzwtywlEz/7lCBGaG1+nbf+3hEAAAAyx+LCAAAAAAAAP9b85aBtbiIQSOjNKU4P0+vIKc0PTOvWK8kMze1uCQxtyC1SC8ExvbLL0llgABGJgYmLwaB3MycnMzi4My85FTXgvzkDB8G3tScxILi1BRfsEwJg4BPVmJZon5OYl66vk9+Xrp1RRGDFNSy5Py84vycVD1nCI1qPENFAZCOE949gwXoPj6QKXogU/TApnQ/mXCmX/k+EwOjFwNrWWJOaSrQXAGEIr/S3KTUorY1U2W5pzzohpoGAknpAP0PwxjyAAAA[0mRunning com.wakaleo.gameoflife.domain.WhenYouReadAGridFromAString
[8mha:////4GPG/u6zsiXrgvMcfIvU2ERWwQMaaHq99IZc4L3vqacLAAAAyx+LCAAAAAAAAP9b85aBtbiIQSOjNKU4P0+vIKc0PTOvWK8kMze1uCQxtyC1SC8ExvbLL0llgABGJgYmLwaB3MycnMzi4My85FTXgvzkDB8G3tScxILi1BRfsEwJg4BPVmJZon5OYl66vk9+Xrp1RRGDFNSy5Py84vycVD1nCI1qPENFAZCOE949kwnoPj6QKXogU/TApnQ/mXCmX/k+EwOjFwNrWWJOaSrQXAGEIr/S3KTUorY1U2W5pzzohpoGAsmpACLyl5DyAAAA[0mTests run: 8, Failures: 0, Errors: 0, Skipped: 0, Time elapsed: 0.376 sec
[8mha:////4DgmhZFGApxtYWSVDRnj7mRBQd7ZkcBXYK4P3MRM5v3sAAAAyx+LCAAAAAAAAP9b85aBtbiIQSOjNKU4P0+vIKc0PTOvWK8kMze1uCQxtyC1SC8ExvbLL0llgABGJgYmLwaB3MycnMzi4My85FTXgvzkDB8G3tScxILi1BRfsEwJg4BPVmJZon5OYl66vk9+Xrp1RRGDFNSy5Py84vycVD1nCI1qPENFAZCOE949iwHoPj6QKXogU/TApnQ/mXCmX/k+EwOjFwNrWWJOaSrQXAGEIr/S3KTUorY1U2W5pzzohpoGAinJAE2HL4XyAAAA[0mRunning com.wakaleo.gameoflife.domain.WhenYouCreateAGrid
[8mha:////4FofYoTzhAb/gfhRVmdk6PSZmsXjP5EFqKdDfX5vcLRXAAAAyx+LCAAAAAAAAP9b85aBtbiIQSOjNKU4P0+vIKc0PTOvWK8kMze1uCQxtyC1SC8ExvbLL0llgABGJgYmLwaB3MycnMzi4My85FTXgvzkDB8G3tScxILi1BRfsEwJg4BPVmJZon5OYl66vk9+Xrp1RRGDFNSy5Py84vycVD1nCI1qPENFAZCOE949ixHoPj6QKXogU/TApnQ/mXCmX/k+EwOjFwNrWWJOaSrQXAGEIr/S3KTUorY1U2W5pzzohpoGAikpAL9lslDyAAAA[0mTests run: 16, Failures: 0, Errors: 0, Skipped: 0, Time elapsed: 0.045 sec
[8mha:////4FofYoTzhAb/gfhRVmdk6PSZmsXjP5EFqKdDfX5vcLRXAAAAyx+LCAAAAAAAAP9b85aBtbiIQSOjNKU4P0+vIKc0PTOvWK8kMze1uCQxtyC1SC8ExvbLL0llgABGJgYmLwaB3MycnMzi4My85FTXgvzkDB8G3tScxILi1BRfsEwJg4BPVmJZon5OYl66vk9+Xrp1RRGDFNSy5Py84vycVD1nCI1qPENFAZCOE949ixHoPj6QKXogU/TApnQ/mXCmX/k+EwOjFwNrWWJOaSrQXAGEIr/S3KTUorY1U2W5pzzohpoGAikpAL9lslDyAAAA[0mRunning com.wakaleo.gameoflife.domain.WhenYouPrintAGrid
[8mha:////4FofYoTzhAb/gfhRVmdk6PSZmsXjP5EFqKdDfX5vcLRXAAAAyx+LCAAAAAAAAP9b85aBtbiIQSOjNKU4P0+vIKc0PTOvWK8kMze1uCQxtyC1SC8ExvbLL0llgABGJgYmLwaB3MycnMzi4My85FTXgvzkDB8G3tScxILi1BRfsEwJg4BPVmJZon5OYl66vk9+Xrp1RRGDFNSy5Py84vycVD1nCI1qPENFAZCOE949ixHoPj6QKXogU/TApnQ/mXCmX/k+EwOjFwNrWWJOaSrQXAGEIr/S3KTUorY1U2W5pzzohpoGAikpAL9lslDyAAAA[0mTests run: 3, Failures: 0, Errors: 0, Skipped: 0, Time elapsed: 0 sec
[8mha:////4FofYoTzhAb/gfhRVmdk6PSZmsXjP5EFqKdDfX5vcLRXAAAAyx+LCAAAAAAAAP9b85aBtbiIQSOjNKU4P0+vIKc0PTOvWK8kMze1uCQxtyC1SC8ExvbLL0llgABGJgYmLwaB3MycnMzi4My85FTXgvzkDB8G3tScxILi1BRfsEwJg4BPVmJZon5OYl66vk9+Xrp1RRGDFNSy5Py84vycVD1nCI1qPENFAZCOE949ixHoPj6QKXogU/TApnQ/mXCmX/k+EwOjFwNrWWJOaSrQXAGEIr/S3KTUorY1U2W5pzzohpoGAikpAL9lslDyAAAA[0mRunning com.wakaleo.gameoflife.domain.WhenYouCreateACell
[8mha:////4FofYoTzhAb/gfhRVmdk6PSZmsXjP5EFqKdDfX5vcLRXAAAAyx+LCAAAAAAAAP9b85aBtbiIQSOjNKU4P0+vIKc0PTOvWK8kMze1uCQxtyC1SC8ExvbLL0llgABGJgYmLwaB3MycnMzi4My85FTXgvzkDB8G3tScxILi1BRfsEwJg4BPVmJZon5OYl66vk9+Xrp1RRGDFNSy5Py84vycVD1nCI1qPENFAZCOE949ixHoPj6QKXogU/TApnQ/mXCmX/k+EwOjFwNrWWJOaSrQXAGEIr/S3KTUorY1U2W5pzzohpoGAikpAL9lslDyAAAA[0mTests run: 6, Failures: 0, Errors: 0, Skipped: 0, Time elapsed: 0 sec
[8mha:////4FofYoTzhAb/gfhRVmdk6PSZmsXjP5EFqKdDfX5vcLRXAAAAyx+LCAAAAAAAAP9b85aBtbiIQSOjNKU4P0+vIKc0PTOvWK8kMze1uCQxtyC1SC8ExvbLL0llgABGJgYmLwaB3MycnMzi4My85FTXgvzkDB8G3tScxILi1BRfsEwJg4BPVmJZon5OYl66vk9+Xrp1RRGDFNSy5Py84vycVD1nCI1qPENFAZCOE949ixHoPj6QKXogU/TApnQ/mXCmX/k+EwOjFwNrWWJOaSrQXAGEIr/S3KTUorY1U2W5pzzohpoGAikpAL9lslDyAAAA[0mRunning com.wakaleo.gameoflife.domain.WhenYouPlayTheGameOfLife
[8mha:////4FofYoTzhAb/gfhRVmdk6PSZmsXjP5EFqKdDfX5vcLRXAAAAyx+LCAAAAAAAAP9b85aBtbiIQSOjNKU4P0+vIKc0PTOvWK8kMze1uCQxtyC1SC8ExvbLL0llgABGJgYmLwaB3MycnMzi4My85FTXgvzkDB8G3tScxILi1BRfsEwJg4BPVmJZon5OYl66vk9+Xrp1RRGDFNSy5Py84vycVD1nCI1qPENFAZCOE949ixHoPj6QKXogU/TApnQ/mXCmX/k+EwOjFwNrWWJOaSrQXAGEIr/S3KTUorY1U2W5pzzohpoGAikpAL9lslDyAAAA[0mTests run: 5, Failures: 0, Errors: 0, Skipped: 0, Time elapsed: 0.009 sec
[8mha:////4FofYoTzhAb/gfhRVmdk6PSZmsXjP5EFqKdDfX5vcLRXAAAAyx+LCAAAAAAAAP9b85aBtbiIQSOjNKU4P0+vIKc0PTOvWK8kMze1uCQxtyC1SC8ExvbLL0llgABGJgYmLwaB3MycnMzi4My85FTXgvzkDB8G3tScxILi1BRfsEwJg4BPVmJZon5OYl66vk9+Xrp1RRGDFNSy5Py84vycVD1nCI1qPENFAZCOE949ixHoPj6QKXogU/TApnQ/mXCmX/k+EwOjFwNrWWJOaSrQXAGEIr/S3KTUorY1U2W5pzzohpoGAikpAL9lslDyAAAA[0mRunning com.wakaleo.gameoflife.domain.WhenYouCreateANewUniverse
[8mha:////4FofYoTzhAb/gfhRVmdk6PSZmsXjP5EFqKdDfX5vcLRXAAAAyx+LCAAAAAAAAP9b85aBtbiIQSOjNKU4P0+vIKc0PTOvWK8kMze1uCQxtyC1SC8ExvbLL0llgABGJgYmLwaB3MycnMzi4My85FTXgvzkDB8G3tScxILi1BRfsEwJg4BPVmJZon5OYl66vk9+Xrp1RRGDFNSy5Py84vycVD1nCI1qPENFAZCOE949ixHoPj6QKXogU/TApnQ/mXCmX/k+EwOjFwNrWWJOaSrQXAGEIr/S3KTUorY1U2W5pzzohpoGAikpAL9lslDyAAAA[0mTests run: 11, Failures: 0, Errors: 0, Skipped: 0, Time elapsed: 0.02 sec
[8mha:////4FofYoTzhAb/gfhRVmdk6PSZmsXjP5EFqKdDfX5vcLRXAAAAyx+LCAAAAAAAAP9b85aBtbiIQSOjNKU4P0+vIKc0PTOvWK8kMze1uCQxtyC1SC8ExvbLL0llgABGJgYmLwaB3MycnMzi4My85FTXgvzkDB8G3tScxILi1BRfsEwJg4BPVmJZon5OYl66vk9+Xrp1RRGDFNSy5Py84vycVD1nCI1qPENFAZCOE949ixHoPj6QKXogU/TApnQ/mXCmX/k+EwOjFwNrWWJOaSrQXAGEIr/S3KTUorY1U2W5pzzohpoGAikpAL9lslDyAAAA[0m
[8mha:////4FofYoTzhAb/gfhRVmdk6PSZmsXjP5EFqKdDfX5vcLRXAAAAyx+LCAAAAAAAAP9b85aBtbiIQSOjNKU4P0+vIKc0PTOvWK8kMze1uCQxtyC1SC8ExvbLL0llgABGJgYmLwaB3MycnMzi4My85FTXgvzkDB8G3tScxILi1BRfsEwJg4BPVmJZon5OYl66vk9+Xrp1RRGDFNSy5Py84vycVD1nCI1qPENFAZCOE949ixHoPj6QKXogU/TApnQ/mXCmX/k+EwOjFwNrWWJOaSrQXAGEIr/S3KTUorY1U2W5pzzohpoGAikpAL9lslDyAAAA[0mResults :
[8mha:////4FofYoTzhAb/gfhRVmdk6PSZmsXjP5EFqKdDfX5vcLRXAAAAyx+LCAAAAAAAAP9b85aBtbiIQSOjNKU4P0+vIKc0PTOvWK8kMze1uCQxtyC1SC8ExvbLL0llgABGJgYmLwaB3MycnMzi4My85FTXgvzkDB8G3tScxILi1BRfsEwJg4BPVmJZon5OYl66vk9+Xrp1RRGDFNSy5Py84vycVD1nCI1qPENFAZCOE949ixHoPj6QKXogU/TApnQ/mXCmX/k+EwOjFwNrWWJOaSrQXAGEIr/S3KTUorY1U2W5pzzohpoGAikpAL9lslDyAAAA[0m
[8mha:////4FofYoTzhAb/gfhRVmdk6PSZmsXjP5EFqKdDfX5vcLRXAAAAyx+LCAAAAAAAAP9b85aBtbiIQSOjNKU4P0+vIKc0PTOvWK8kMze1uCQxtyC1SC8ExvbLL0llgABGJgYmLwaB3MycnMzi4My85FTXgvzkDB8G3tScxILi1BRfsEwJg4BPVmJZon5OYl66vk9+Xrp1RRGDFNSy5Py84vycVD1nCI1qPENFAZCOE949ixHoPj6QKXogU/TApnQ/mXCmX/k+EwOjFwNrWWJOaSrQXAGEIr/S3KTUorY1U2W5pzzohpoGAikpAL9lslDyAAAA[0mTests run: 49, Failures: 0, Errors: 0, Skipped: 0
[8mha:////4FofYoTzhAb/gfhRVmdk6PSZmsXjP5EFqKdDfX5vcLRXAAAAyx+LCAAAAAAAAP9b85aBtbiIQSOjNKU4P0+vIKc0PTOvWK8kMze1uCQxtyC1SC8ExvbLL0llgABGJgYmLwaB3MycnMzi4My85FTXgvzkDB8G3tScxILi1BRfsEwJg4BPVmJZon5OYl66vk9+Xrp1RRGDFNSy5Py84vycVD1nCI1qPENFAZCOE949ixHoPj6QKXogU/TApnQ/mXCmX/k+EwOjFwNrWWJOaSrQXAGEIr/S3KTUorY1U2W5pzzohpoGAikpAL9lslDyAAAA[0m
[8mha:////4FofYoTzhAb/gfhRVmdk6PSZmsXjP5EFqKdDfX5vcLRXAAAAyx+LCAAAAAAAAP9b85aBtbiIQSOjNKU4P0+vIKc0PTOvWK8kMze1uCQxtyC1SC8ExvbLL0llgABGJgYmLwaB3MycnMzi4My85FTXgvzkDB8G3tScxILi1BRfsEwJg4BPVmJZon5OYl66vk9+Xrp1RRGDFNSy5Py84vycVD1nCI1qPENFAZCOE949ixHoPj6QKXogU/TApnQ/mXCmX/k+EwOjFwNrWWJOaSrQXAGEIr/S3KTUorY1U2W5pzzohpoGAikpAL9lslDyAAAA[0m[INFO] 
[8mha:////4FofYoTzhAb/gfhRVmdk6PSZmsXjP5EFqKdDfX5vcLRXAAAAyx+LCAAAAAAAAP9b85aBtbiIQSOjNKU4P0+vIKc0PTOvWK8kMze1uCQxtyC1SC8ExvbLL0llgABGJgYmLwaB3MycnMzi4My85FTXgvzkDB8G3tScxILi1BRfsEwJg4BPVmJZon5OYl66vk9+Xrp1RRGDFNSy5Py84vycVD1nCI1qPENFAZCOE949ixHoPj6QKXogU/TApnQ/mXCmX/k+EwOjFwNrWWJOaSrQXAGEIr/S3KTUorY1U2W5pzzohpoGAikpAL9lslDyAAAA[0m[INFO] --- maven-easyb-plugin:1.4:test (default) @ gameoflife-core ---
[8mha:////4EEVA0Dms68weW638gsvLX6iFX0d3BD2ibKi7FU58MRXAAAAyx+LCAAAAAAAAP9b85aBtbiIQSOjNKU4P0+vIKc0PTOvWK8kMze1uCQxtyC1SC8ExvbLL0llgABGJgYmLwaB3MycnMzi4My85FTXgvzkDB8G3tScxILi1BRfsEwJg4BPVmJZon5OYl66vk9+Xrp1RRGDFNSy5Py84vycVD1nCI1qPENFAZCOE949RwvoPj6QKXogU/TApnQ/mXCmX/k+EwOjFwNrWWJOaSrQXAGEIr/S3KTUorY1U2W5pzzohpoGAmm9AAvlstTyAAAA[0m[INFO] Using easyb dependency org.easyb:easyb-core:jar:1.6:compile
[8mha:////4EEVA0Dms68weW638gsvLX6iFX0d3BD2ibKi7FU58MRXAAAAyx+LCAAAAAAAAP9b85aBtbiIQSOjNKU4P0+vIKc0PTOvWK8kMze1uCQxtyC1SC8ExvbLL0llgABGJgYmLwaB3MycnMzi4My85FTXgvzkDB8G3tScxILi1BRfsEwJg4BPVmJZon5OYl66vk9+Xrp1RRGDFNSy5Py84vycVD1nCI1qPENFAZCOE949RwvoPj6QKXogU/TApnQ/mXCmX/k+EwOjFwNrWWJOaSrQXAGEIr/S3KTUorY1U2W5pzzohpoGAmm9AAvlstTyAAAA[0m[INFO] Using easyb dependency org.easyb:easyb-composite-groovy:pom:1.2:compile
[8mha:////4EEVA0Dms68weW638gsvLX6iFX0d3BD2ibKi7FU58MRXAAAAyx+LCAAAAAAAAP9b85aBtbiIQSOjNKU4P0+vIKc0PTOvWK8kMze1uCQxtyC1SC8ExvbLL0llgABGJgYmLwaB3MycnMzi4My85FTXgvzkDB8G3tScxILi1BRfsEwJg4BPVmJZon5OYl66vk9+Xrp1RRGDFNSy5Py84vycVD1nCI1qPENFAZCOE949RwvoPj6QKXogU/TApnQ/mXCmX/k+EwOjFwNrWWJOaSrQXAGEIr/S3KTUorY1U2W5pzzohpoGAmm9AAvlstTyAAAA[0m[INFO] Using easyb dependency org.codehaus.groovy:groovy-all:jar:2.3.6:compile
[8mha:////4EEVA0Dms68weW638gsvLX6iFX0d3BD2ibKi7FU58MRXAAAAyx+LCAAAAAAAAP9b85aBtbiIQSOjNKU4P0+vIKc0PTOvWK8kMze1uCQxtyC1SC8ExvbLL0llgABGJgYmLwaB3MycnMzi4My85FTXgvzkDB8G3tScxILi1BRfsEwJg4BPVmJZon5OYl66vk9+Xrp1RRGDFNSy5Py84vycVD1nCI1qPENFAZCOE949RwvoPj6QKXogU/TApnQ/mXCmX/k+EwOjFwNrWWJOaSrQXAGEIr/S3KTUorY1U2W5pzzohpoGAmm9AAvlstTyAAAA[0m[INFO] Using easyb dependency org.easyb:easyb-ast:jar:1.1:compile
[8mha:////4COilniIHytbY2zuXnh5NMT+UtKzvyezq+HERVvrIPATAAAAyx+LCAAAAAAAAP9b85aBtbiIQSOjNKU4P0+vIKc0PTOvWK8kMze1uCQxtyC1SC8ExvbLL0llgABGJgYmLwaB3MycnMzi4My85FTXgvzkDB8G3tScxILi1BRfsEwJg4BPVmJZon5OYl66vk9+Xrp1RRGDFNSy5Py84vycVD1nCI1qPENFAZCOE949RxvoPj6QKXogU/TApnQ/mXCmX/k+EwOjFwNrWWJOaSrQXAGEIr/S3KTUorY1U2W5pzzohpoGAml9AODDQgbyAAAA[0m[INFO] Using easyb dependency commons-cli:commons-cli:jar:1.2:compile
[8mha:////4COilniIHytbY2zuXnh5NMT+UtKzvyezq+HERVvrIPATAAAAyx+LCAAAAAAAAP9b85aBtbiIQSOjNKU4P0+vIKc0PTOvWK8kMze1uCQxtyC1SC8ExvbLL0llgABGJgYmLwaB3MycnMzi4My85FTXgvzkDB8G3tScxILi1BRfsEwJg4BPVmJZon5OYl66vk9+Xrp1RRGDFNSy5Py84vycVD1nCI1qPENFAZCOE949RxvoPj6QKXogU/TApnQ/mXCmX/k+EwOjFwNrWWJOaSrQXAGEIr/S3KTUorY1U2W5pzzohpoGAml9AODDQgbyAAAA[0m[INFO] Using easyb dependency commons-lang:commons-lang:jar:2.5:compile
[8mha:////4NWtXbYZtSiVSpqP5TpXni0zoBjDe955iRyKqEJv2hBEAAAAyx+LCAAAAAAAAP9b85aBtbiIQSOjNKU4P0+vIKc0PTOvWK8kMze1uCQxtyC1SC8ExvbLL0llgABGJgYmLwaB3MycnMzi4My85FTXgvzkDB8G3tScxILi1BRfsEwJg4BPVmJZon5OYl66vk9+Xrp1RRGDFNSy5Py84vycVD1nCI1qPENFAZCOE9699BfQfXwgU/RApuiBTel+MuFMv/J9JgZGLwbWssSc0lSguQIIRX6luUmpRW1rpspyT3nQDTUNBApiATu/lybyAAAA[0m     [java] Running counting things story (/var/lib/jenkins/workspace/CTC_Demo/gameoflife-core/src/test/stories/CountingThings.story)
[8mha:////4HQoVU//C0zZS/Y/6ddUrILxylmRbem1Gj7xGIBSB1hYAAAAyx+LCAAAAAAAAP9b85aBtbiIQSOjNKU4P0+vIKc0PTOvWK8kMze1uCQxtyC1SC8ExvbLL0llgABGJgYmLwaB3MycnMzi4My85FTXgvzkDB8G3tScxILi1BRfsEwJg4BPVmJZon5OYl66vk9+Xrp1RRGDFNSy5Py84vycVD1nCI1qPENFAZCOE9691gPoPj6QKXogU/TApnQ/mXCmX/k+EwOjFwNrWWJOaSrQXAGEIr/S3KTUorY1U2W5pzzohpoGAuWrAVf5fHXyAAAA[0m     [java] Scenarios run: 1, Failures: 0, Pending: 0, Time elapsed: 1.82 sec
[8mha:////4NR0IM4tF4cMsp4rKjj9/8Ln2w4LgpUVdYlKWTtnysN6AAAAyx+LCAAAAAAAAP9b85aBtbiIQSOjNKU4P0+vIKc0PTOvWK8kMze1uCQxtyC1SC8ExvbLL0llgABGJgYmLwaB3MycnMzi4My85FTXgvzkDB8G3tScxILi1BRfsEwJg4BPVmJZon5OYl66vk9+Xrp1RRGDFNSy5Py84vycVD1nCI1qPENFAZCOE9691hPoPj6QKXogU/TApnQ/mXCmX/k+EwOjFwNrWWJOaSrQXAGEIr/S3KTUorY1U2W5pzzohpoGAuVrAKUb4aDyAAAA[0m     [java] Running multiplying things story (/var/lib/jenkins/workspace/CTC_Demo/gameoflife-core/src/test/stories/MultiplyingThings.story)
[8mha:////4NR0IM4tF4cMsp4rKjj9/8Ln2w4LgpUVdYlKWTtnysN6AAAAyx+LCAAAAAAAAP9b85aBtbiIQSOjNKU4P0+vIKc0PTOvWK8kMze1uCQxtyC1SC8ExvbLL0llgABGJgYmLwaB3MycnMzi4My85FTXgvzkDB8G3tScxILi1BRfsEwJg4BPVmJZon5OYl66vk9+Xrp1RRGDFNSy5Py84vycVD1nCI1qPENFAZCOE9691hPoPj6QKXogU/TApnQ/mXCmX/k+EwOjFwNrWWJOaSrQXAGEIr/S3KTUorY1U2W5pzzohpoGAuVrAKUb4aDyAAAA[0m     [java] Scenarios run: 1, Failures: 0, Pending: 1, Time elapsed: 0.035 sec
[8mha:////4NR0IM4tF4cMsp4rKjj9/8Ln2w4LgpUVdYlKWTtnysN6AAAAyx+LCAAAAAAAAP9b85aBtbiIQSOjNKU4P0+vIKc0PTOvWK8kMze1uCQxtyC1SC8ExvbLL0llgABGJgYmLwaB3MycnMzi4My85FTXgvzkDB8G3tScxILi1BRfsEwJg4BPVmJZon5OYl66vk9+Xrp1RRGDFNSy5Py84vycVD1nCI1qPENFAZCOE9691hPoPj6QKXogU/TApnQ/mXCmX/k+EwOjFwNrWWJOaSrQXAGEIr/S3KTUorY1U2W5pzzohpoGAuVrAKUb4aDyAAAA[0m     [java] 2 total behaviors ran with no failures
[8mha:////4ND7P+vIFBx/0RqZS8h/Do7cA2SRUV27d/hz+F5koT7vAAAAyx+LCAAAAAAAAP9b85aBtbiIQSOjNKU4P0+vIKc0PTOvWK8kMze1uCQxtyC1SC8ExvbLL0llgABGJgYmLwaB3MycnMzi4My85FTXgvzkDB8G3tScxILi1BRfsEwJg4BPVmJZon5OYl66vk9+Xrp1RRGDFNSy5Py84vycVD1nCI1qPENFAZCOE9694R7QfXwgU/RApuiBTel+MuFMv/J9JgZGLwbWssSc0lSguQIIRX6luUmpRW1rpspyT3nQDTUNBKodAcZfJZnyAAAA[0m     [java] Writing JUnit report to /var/lib/jenkins/workspace/CTC_Demo/gameoflife-core/target/surefire-reports/TEST-behavior.CountingThings.xml
[8mha:////4AyueWlNpmExAaBkOXe5qz08kjnr3lHnwl9hVYsIgMaNAAAAyx+LCAAAAAAAAP9b85aBtbiIQSOjNKU4P0+vIKc0PTOvWK8kMze1uCQxtyC1SC8ExvbLL0llgABGJgYmLwaB3MycnMzi4My85FTXgvzkDB8G3tScxILi1BRfsEwJg4BPVmJZon5OYl66vk9+Xrp1RRGDFNSy5Py84vycVD1nCI1qPENFAZCOE9694T7QfXwgU/RApuiBTel+MuFMv/J9JgZGLwbWssSc0lSguQIIRX6luUmpRW1rpspyT3nQDTUNBKqdAC151UvyAAAA[0m     [java] JUnit report written to /var/lib/jenkins/workspace/CTC_Demo/gameoflife-core/target/surefire-reports/TEST-behavior.CountingThings.xml
[8mha:////4AyueWlNpmExAaBkOXe5qz08kjnr3lHnwl9hVYsIgMaNAAAAyx+LCAAAAAAAAP9b85aBtbiIQSOjNKU4P0+vIKc0PTOvWK8kMze1uCQxtyC1SC8ExvbLL0llgABGJgYmLwaB3MycnMzi4My85FTXgvzkDB8G3tScxILi1BRfsEwJg4BPVmJZon5OYl66vk9+Xrp1RRGDFNSy5Py84vycVD1nCI1qPENFAZCOE9694T7QfXwgU/RApuiBTel+MuFMv/J9JgZGLwbWssSc0lSguQIIRX6luUmpRW1rpspyT3nQDTUNBKqdAC151UvyAAAA[0m     [java] Writing JUnit report to /var/lib/jenkins/workspace/CTC_Demo/gameoflife-core/target/surefire-reports/TEST-behavior.MultiplyingThings.xml
[8mha:////4AyueWlNpmExAaBkOXe5qz08kjnr3lHnwl9hVYsIgMaNAAAAyx+LCAAAAAAAAP9b85aBtbiIQSOjNKU4P0+vIKc0PTOvWK8kMze1uCQxtyC1SC8ExvbLL0llgABGJgYmLwaB3MycnMzi4My85FTXgvzkDB8G3tScxILi1BRfsEwJg4BPVmJZon5OYl66vk9+Xrp1RRGDFNSy5Py84vycVD1nCI1qPENFAZCOE9694T7QfXwgU/RApuiBTel+MuFMv/J9JgZGLwbWssSc0lSguQIIRX6luUmpRW1rpspyT3nQDTUNBKqdAC151UvyAAAA[0m     [java] JUnit report written to /var/lib/jenkins/workspace/CTC_Demo/gameoflife-core/target/surefire-reports/TEST-behavior.MultiplyingThings.xml
[8mha:////4LL1/nhRMGVqnkJeuDuiFlnJNp1KufgrxRg+RB0444RAAAAAyx+LCAAAAAAAAP9b85aBtbiIQSOjNKU4P0+vIKc0PTOvWK8kMze1uCQxtyC1SC8ExvbLL0llgABGJgYmLwaB3MycnMzi4My85FTXgvzkDB8G3tScxILi1BRfsEwJg4BPVmJZon5OYl66vk9+Xrp1RRGDFNSy5Py84vycVD1nCI1qPENFAZCOE969pQToPj6QKXogU/TApnQ/mXCmX/k+EwOjFwNrWWJOaSrQXAGEIr/S3KTUorY1U2W5pzzohpoGAnXXAVFqAXLyAAAA[0m[INFO] 
[8mha:////4AABBscvb5Q+F/7Xoij9BSz6cUHz2gs2juEj8WxsVw4oAAAAyx+LCAAAAAAAAP9b85aBtbiIQSOjNKU4P0+vIKc0PTOvWK8kMze1uCQxtyC1SC8ExvbLL0llgABGJgYmLwaB3MycnMzi4My85FTXgvzkDB8G3tScxILi1BRfsEwJg4BPVmJZon5OYl66vk9+Xrp1RRGDFNSy5Py84vycVD1nCI1qPENFAZCOE969pRToPj6QKXogU/TApnQ/mXCmX/k+EwOjFwNrWWJOaSrQXAGEIr/S3KTUorY1U2W5pzzohpoGAnU3AJEAR6nyAAAA[0m[INFO] --- maven-jar-plugin:2.4:jar (default-jar) @ gameoflife-core ---
[8mha:////4AABBscvb5Q+F/7Xoij9BSz6cUHz2gs2juEj8WxsVw4oAAAAyx+LCAAAAAAAAP9b85aBtbiIQSOjNKU4P0+vIKc0PTOvWK8kMze1uCQxtyC1SC8ExvbLL0llgABGJgYmLwaB3MycnMzi4My85FTXgvzkDB8G3tScxILi1BRfsEwJg4BPVmJZon5OYl66vk9+Xrp1RRGDFNSy5Py84vycVD1nCI1qPENFAZCOE969pRToPj6QKXogU/TApnQ/mXCmX/k+EwOjFwNrWWJOaSrQXAGEIr/S3KTUorY1U2W5pzzohpoGAnU3AJEAR6nyAAAA[0m[INFO] Building jar: /var/lib/jenkins/workspace/CTC_Demo/gameoflife-core/target/gameoflife-core-1.0-SNAPSHOT.jar
[8mha:////4AABBscvb5Q+F/7Xoij9BSz6cUHz2gs2juEj8WxsVw4oAAAAyx+LCAAAAAAAAP9b85aBtbiIQSOjNKU4P0+vIKc0PTOvWK8kMze1uCQxtyC1SC8ExvbLL0llgABGJgYmLwaB3MycnMzi4My85FTXgvzkDB8G3tScxILi1BRfsEwJg4BPVmJZon5OYl66vk9+Xrp1RRGDFNSy5Py84vycVD1nCI1qPENFAZCOE969pRToPj6QKXogU/TApnQ/mXCmX/k+EwOjFwNrWWJOaSrQXAGEIr/S3KTUorY1U2W5pzzohpoGAnU3AJEAR6nyAAAA[0m[INFO] 
[8mha:////4AABBscvb5Q+F/7Xoij9BSz6cUHz2gs2juEj8WxsVw4oAAAAyx+LCAAAAAAAAP9b85aBtbiIQSOjNKU4P0+vIKc0PTOvWK8kMze1uCQxtyC1SC8ExvbLL0llgABGJgYmLwaB3MycnMzi4My85FTXgvzkDB8G3tScxILi1BRfsEwJg4BPVmJZon5OYl66vk9+Xrp1RRGDFNSy5Py84vycVD1nCI1qPENFAZCOE969pRToPj6QKXogU/TApnQ/mXCmX/k+EwOjFwNrWWJOaSrQXAGEIr/S3KTUorY1U2W5pzzohpoGAnU3AJEAR6nyAAAA[0m[INFO] ------------------------------------------------------------------------
[8mha:////4AABBscvb5Q+F/7Xoij9BSz6cUHz2gs2juEj8WxsVw4oAAAAyx+LCAAAAAAAAP9b85aBtbiIQSOjNKU4P0+vIKc0PTOvWK8kMze1uCQxtyC1SC8ExvbLL0llgABGJgYmLwaB3MycnMzi4My85FTXgvzkDB8G3tScxILi1BRfsEwJg4BPVmJZon5OYl66vk9+Xrp1RRGDFNSy5Py84vycVD1nCI1qPENFAZCOE969pRToPj6QKXogU/TApnQ/mXCmX/k+EwOjFwNrWWJOaSrQXAGEIr/S3KTUorY1U2W5pzzohpoGAnU3AJEAR6nyAAAA[0m[INFO] Building gameoflife-web 1.0-SNAPSHOT
[8mha:////4AABBscvb5Q+F/7Xoij9BSz6cUHz2gs2juEj8WxsVw4oAAAAyx+LCAAAAAAAAP9b85aBtbiIQSOjNKU4P0+vIKc0PTOvWK8kMze1uCQxtyC1SC8ExvbLL0llgABGJgYmLwaB3MycnMzi4My85FTXgvzkDB8G3tScxILi1BRfsEwJg4BPVmJZon5OYl66vk9+Xrp1RRGDFNSy5Py84vycVD1nCI1qPENFAZCOE969pRToPj6QKXogU/TApnQ/mXCmX/k+EwOjFwNrWWJOaSrQXAGEIr/S3KTUorY1U2W5pzzohpoGAnU3AJEAR6nyAAAA[0m[INFO] ------------------------------------------------------------------------
[8mha:////4AABBscvb5Q+F/7Xoij9BSz6cUHz2gs2juEj8WxsVw4oAAAAyx+LCAAAAAAAAP9b85aBtbiIQSOjNKU4P0+vIKc0PTOvWK8kMze1uCQxtyC1SC8ExvbLL0llgABGJgYmLwaB3MycnMzi4My85FTXgvzkDB8G3tScxILi1BRfsEwJg4BPVmJZon5OYl66vk9+Xrp1RRGDFNSy5Py84vycVD1nCI1qPENFAZCOE969pRToPj6QKXogU/TApnQ/mXCmX/k+EwOjFwNrWWJOaSrQXAGEIr/S3KTUorY1U2W5pzzohpoGAnU3AJEAR6nyAAAA[0m[INFO] 
[8mha:////4AABBscvb5Q+F/7Xoij9BSz6cUHz2gs2juEj8WxsVw4oAAAAyx+LCAAAAAAAAP9b85aBtbiIQSOjNKU4P0+vIKc0PTOvWK8kMze1uCQxtyC1SC8ExvbLL0llgABGJgYmLwaB3MycnMzi4My85FTXgvzkDB8G3tScxILi1BRfsEwJg4BPVmJZon5OYl66vk9+Xrp1RRGDFNSy5Py84vycVD1nCI1qPENFAZCOE969pRToPj6QKXogU/TApnQ/mXCmX/k+EwOjFwNrWWJOaSrQXAGEIr/S3KTUorY1U2W5pzzohpoGAnU3AJEAR6nyAAAA[0m[INFO] --- maven-clean-plugin:2.5:clean (default-clean) @ gameoflife-web ---
[8mha:////4AABBscvb5Q+F/7Xoij9BSz6cUHz2gs2juEj8WxsVw4oAAAAyx+LCAAAAAAAAP9b85aBtbiIQSOjNKU4P0+vIKc0PTOvWK8kMze1uCQxtyC1SC8ExvbLL0llgABGJgYmLwaB3MycnMzi4My85FTXgvzkDB8G3tScxILi1BRfsEwJg4BPVmJZon5OYl66vk9+Xrp1RRGDFNSy5Py84vycVD1nCI1qPENFAZCOE969pRToPj6QKXogU/TApnQ/mXCmX/k+EwOjFwNrWWJOaSrQXAGEIr/S3KTUorY1U2W5pzzohpoGAnU3AJEAR6nyAAAA[0m[INFO] Deleting /var/lib/jenkins/workspace/CTC_Demo/gameoflife-web/target
[8mha:////4AABBscvb5Q+F/7Xoij9BSz6cUHz2gs2juEj8WxsVw4oAAAAyx+LCAAAAAAAAP9b85aBtbiIQSOjNKU4P0+vIKc0PTOvWK8kMze1uCQxtyC1SC8ExvbLL0llgABGJgYmLwaB3MycnMzi4My85FTXgvzkDB8G3tScxILi1BRfsEwJg4BPVmJZon5OYl66vk9+Xrp1RRGDFNSy5Py84vycVD1nCI1qPENFAZCOE969pRToPj6QKXogU/TApnQ/mXCmX/k+EwOjFwNrWWJOaSrQXAGEIr/S3KTUorY1U2W5pzzohpoGAnU3AJEAR6nyAAAA[0m[INFO] 
[8mha:////4AABBscvb5Q+F/7Xoij9BSz6cUHz2gs2juEj8WxsVw4oAAAAyx+LCAAAAAAAAP9b85aBtbiIQSOjNKU4P0+vIKc0PTOvWK8kMze1uCQxtyC1SC8ExvbLL0llgABGJgYmLwaB3MycnMzi4My85FTXgvzkDB8G3tScxILi1BRfsEwJg4BPVmJZon5OYl66vk9+Xrp1RRGDFNSy5Py84vycVD1nCI1qPENFAZCOE969pRToPj6QKXogU/TApnQ/mXCmX/k+EwOjFwNrWWJOaSrQXAGEIr/S3KTUorY1U2W5pzzohpoGAnU3AJEAR6nyAAAA[0m[INFO] --- maven-enforcer-plugin:1.0:enforce (enforce-versions) @ gameoflife-web ---
[8mha:////4AABBscvb5Q+F/7Xoij9BSz6cUHz2gs2juEj8WxsVw4oAAAAyx+LCAAAAAAAAP9b85aBtbiIQSOjNKU4P0+vIKc0PTOvWK8kMze1uCQxtyC1SC8ExvbLL0llgABGJgYmLwaB3MycnMzi4My85FTXgvzkDB8G3tScxILi1BRfsEwJg4BPVmJZon5OYl66vk9+Xrp1RRGDFNSy5Py84vycVD1nCI1qPENFAZCOE969pRToPj6QKXogU/TApnQ/mXCmX/k+EwOjFwNrWWJOaSrQXAGEIr/S3KTUorY1U2W5pzzohpoGAnU3AJEAR6nyAAAA[0m[INFO] 
[8mha:////4AABBscvb5Q+F/7Xoij9BSz6cUHz2gs2juEj8WxsVw4oAAAAyx+LCAAAAAAAAP9b85aBtbiIQSOjNKU4P0+vIKc0PTOvWK8kMze1uCQxtyC1SC8ExvbLL0llgABGJgYmLwaB3MycnMzi4My85FTXgvzkDB8G3tScxILi1BRfsEwJg4BPVmJZon5OYl66vk9+Xrp1RRGDFNSy5Py84vycVD1nCI1qPENFAZCOE969pRToPj6QKXogU/TApnQ/mXCmX/k+EwOjFwNrWWJOaSrQXAGEIr/S3KTUorY1U2W5pzzohpoGAnU3AJEAR6nyAAAA[0m[INFO] --- maven-resources-plugin:2.6:resources (default-resources) @ gameoflife-web ---
[8mha:////4AABBscvb5Q+F/7Xoij9BSz6cUHz2gs2juEj8WxsVw4oAAAAyx+LCAAAAAAAAP9b85aBtbiIQSOjNKU4P0+vIKc0PTOvWK8kMze1uCQxtyC1SC8ExvbLL0llgABGJgYmLwaB3MycnMzi4My85FTXgvzkDB8G3tScxILi1BRfsEwJg4BPVmJZon5OYl66vk9+Xrp1RRGDFNSy5Py84vycVD1nCI1qPENFAZCOE969pRToPj6QKXogU/TApnQ/mXCmX/k+EwOjFwNrWWJOaSrQXAGEIr/S3KTUorY1U2W5pzzohpoGAnU3AJEAR6nyAAAA[0m[INFO] Using 'UTF-8' encoding to copy filtered resources.
[8mha:////4AABBscvb5Q+F/7Xoij9BSz6cUHz2gs2juEj8WxsVw4oAAAAyx+LCAAAAAAAAP9b85aBtbiIQSOjNKU4P0+vIKc0PTOvWK8kMze1uCQxtyC1SC8ExvbLL0llgABGJgYmLwaB3MycnMzi4My85FTXgvzkDB8G3tScxILi1BRfsEwJg4BPVmJZon5OYl66vk9+Xrp1RRGDFNSy5Py84vycVD1nCI1qPENFAZCOE969pRToPj6QKXogU/TApnQ/mXCmX/k+EwOjFwNrWWJOaSrQXAGEIr/S3KTUorY1U2W5pzzohpoGAnU3AJEAR6nyAAAA[0m[INFO] Copying 1 resource
[8mha:////4AABBscvb5Q+F/7Xoij9BSz6cUHz2gs2juEj8WxsVw4oAAAAyx+LCAAAAAAAAP9b85aBtbiIQSOjNKU4P0+vIKc0PTOvWK8kMze1uCQxtyC1SC8ExvbLL0llgABGJgYmLwaB3MycnMzi4My85FTXgvzkDB8G3tScxILi1BRfsEwJg4BPVmJZon5OYl66vk9+Xrp1RRGDFNSy5Py84vycVD1nCI1qPENFAZCOE969pRToPj6QKXogU/TApnQ/mXCmX/k+EwOjFwNrWWJOaSrQXAGEIr/S3KTUorY1U2W5pzzohpoGAnU3AJEAR6nyAAAA[0m[INFO] 
[8mha:////4AABBscvb5Q+F/7Xoij9BSz6cUHz2gs2juEj8WxsVw4oAAAAyx+LCAAAAAAAAP9b85aBtbiIQSOjNKU4P0+vIKc0PTOvWK8kMze1uCQxtyC1SC8ExvbLL0llgABGJgYmLwaB3MycnMzi4My85FTXgvzkDB8G3tScxILi1BRfsEwJg4BPVmJZon5OYl66vk9+Xrp1RRGDFNSy5Py84vycVD1nCI1qPENFAZCOE969pRToPj6QKXogU/TApnQ/mXCmX/k+EwOjFwNrWWJOaSrQXAGEIr/S3KTUorY1U2W5pzzohpoGAnU3AJEAR6nyAAAA[0m[INFO] --- jacoco-maven-plugin:0.7.2.201409121644:prepare-agent (jacoco-initialize) @ gameoflife-web ---
[8mha:////4AABBscvb5Q+F/7Xoij9BSz6cUHz2gs2juEj8WxsVw4oAAAAyx+LCAAAAAAAAP9b85aBtbiIQSOjNKU4P0+vIKc0PTOvWK8kMze1uCQxtyC1SC8ExvbLL0llgABGJgYmLwaB3MycnMzi4My85FTXgvzkDB8G3tScxILi1BRfsEwJg4BPVmJZon5OYl66vk9+Xrp1RRGDFNSy5Py84vycVD1nCI1qPENFAZCOE969pRToPj6QKXogU/TApnQ/mXCmX/k+EwOjFwNrWWJOaSrQXAGEIr/S3KTUorY1U2W5pzzohpoGAnU3AJEAR6nyAAAA[0m[INFO] argLine set to -javaagent:/var/lib/jenkins/.m2/repository/org/jacoco/org.jacoco.agent/0.7.2.201409121644/org.jacoco.agent-0.7.2.201409121644-runtime.jar=destfile=/var/lib/jenkins/workspace/CTC_Demo/gameoflife-web/target/jacoco.exec
[8mha:////4AABBscvb5Q+F/7Xoij9BSz6cUHz2gs2juEj8WxsVw4oAAAAyx+LCAAAAAAAAP9b85aBtbiIQSOjNKU4P0+vIKc0PTOvWK8kMze1uCQxtyC1SC8ExvbLL0llgABGJgYmLwaB3MycnMzi4My85FTXgvzkDB8G3tScxILi1BRfsEwJg4BPVmJZon5OYl66vk9+Xrp1RRGDFNSy5Py84vycVD1nCI1qPENFAZCOE969pRToPj6QKXogU/TApnQ/mXCmX/k+EwOjFwNrWWJOaSrQXAGEIr/S3KTUorY1U2W5pzzohpoGAnU3AJEAR6nyAAAA[0m[INFO] 
[8mha:////4AABBscvb5Q+F/7Xoij9BSz6cUHz2gs2juEj8WxsVw4oAAAAyx+LCAAAAAAAAP9b85aBtbiIQSOjNKU4P0+vIKc0PTOvWK8kMze1uCQxtyC1SC8ExvbLL0llgABGJgYmLwaB3MycnMzi4My85FTXgvzkDB8G3tScxILi1BRfsEwJg4BPVmJZon5OYl66vk9+Xrp1RRGDFNSy5Py84vycVD1nCI1qPENFAZCOE969pRToPj6QKXogU/TApnQ/mXCmX/k+EwOjFwNrWWJOaSrQXAGEIr/S3KTUorY1U2W5pzzohpoGAnU3AJEAR6nyAAAA[0m[INFO] --- maven-compiler-plugin:3.1:compile (default-compile) @ gameoflife-web ---
[8mha:////4AABBscvb5Q+F/7Xoij9BSz6cUHz2gs2juEj8WxsVw4oAAAAyx+LCAAAAAAAAP9b85aBtbiIQSOjNKU4P0+vIKc0PTOvWK8kMze1uCQxtyC1SC8ExvbLL0llgABGJgYmLwaB3MycnMzi4My85FTXgvzkDB8G3tScxILi1BRfsEwJg4BPVmJZon5OYl66vk9+Xrp1RRGDFNSy5Py84vycVD1nCI1qPENFAZCOE969pRToPj6QKXogU/TApnQ/mXCmX/k+EwOjFwNrWWJOaSrQXAGEIr/S3KTUorY1U2W5pzzohpoGAnU3AJEAR6nyAAAA[0m[INFO] Changes detected - recompiling the module!
[8mha:////4AABBscvb5Q+F/7Xoij9BSz6cUHz2gs2juEj8WxsVw4oAAAAyx+LCAAAAAAAAP9b85aBtbiIQSOjNKU4P0+vIKc0PTOvWK8kMze1uCQxtyC1SC8ExvbLL0llgABGJgYmLwaB3MycnMzi4My85FTXgvzkDB8G3tScxILi1BRfsEwJg4BPVmJZon5OYl66vk9+Xrp1RRGDFNSy5Py84vycVD1nCI1qPENFAZCOE969pRToPj6QKXogU/TApnQ/mXCmX/k+EwOjFwNrWWJOaSrQXAGEIr/S3KTUorY1U2W5pzzohpoGAnU3AJEAR6nyAAAA[0m[INFO] Compiling 2 source files to /var/lib/jenkins/workspace/CTC_Demo/gameoflife-web/target/classes
[8mha:////4B+jOzWqd6FwAmwao9PhgOUtz4Vscagb8ohRhol/Hwn5AAAAyx+LCAAAAAAAAP9b85aBtbiIQSOjNKU4P0+vIKc0PTOvWK8kMze1uCQxtyC1SC8ExvbLL0llgABGJgYmLwaB3MycnMzi4My85FTXgvzkDB8G3tScxILi1BRfsEwJg4BPVmJZon5OYl66vk9+Xrp1RRGDFNSy5Py84vycVD1nCI1qPENFAZCOE969tQDoPj6QKXogU/TApnQ/mXCmX/k+EwOjFwNrWWJOaSrQXAGEIr/S3KTUorY1U2W5pzzohpoGAvWXARncxITyAAAA[0m[INFO] 
[8mha:////4K3T/KqlAw4wr7wHYny/CJfUT7WqpifKLWYahD7VNBJDAAAAyx+LCAAAAAAAAP9b85aBtbiIQSOjNKU4P0+vIKc0PTOvWK8kMze1uCQxtyC1SC8ExvbLL0llgABGJgYmLwaB3MycnMzi4My85FTXgvzkDB8G3tScxILi1BRfsEwJg4BPVmJZon5OYl66vk9+Xrp1RRGDFNSy5Py84vycVD1nCI1qPENFAZCOE969tRDoPj6QKXogU/TApnQ/mXCmX/k+EwOjFwNrWWJOaSrQXAGEIr/S3KTUorY1U2W5pzzohpoGAvVXAOs+WVHyAAAA[0m[INFO] --- maven-resources-plugin:2.6:testResources (default-testResources) @ gameoflife-web ---
[8mha:////4K3T/KqlAw4wr7wHYny/CJfUT7WqpifKLWYahD7VNBJDAAAAyx+LCAAAAAAAAP9b85aBtbiIQSOjNKU4P0+vIKc0PTOvWK8kMze1uCQxtyC1SC8ExvbLL0llgABGJgYmLwaB3MycnMzi4My85FTXgvzkDB8G3tScxILi1BRfsEwJg4BPVmJZon5OYl66vk9+Xrp1RRGDFNSy5Py84vycVD1nCI1qPENFAZCOE969tRDoPj6QKXogU/TApnQ/mXCmX/k+EwOjFwNrWWJOaSrQXAGEIr/S3KTUorY1U2W5pzzohpoGAvVXAOs+WVHyAAAA[0m[INFO] Using 'UTF-8' encoding to copy filtered resources.
[8mha:////4K3T/KqlAw4wr7wHYny/CJfUT7WqpifKLWYahD7VNBJDAAAAyx+LCAAAAAAAAP9b85aBtbiIQSOjNKU4P0+vIKc0PTOvWK8kMze1uCQxtyC1SC8ExvbLL0llgABGJgYmLwaB3MycnMzi4My85FTXgvzkDB8G3tScxILi1BRfsEwJg4BPVmJZon5OYl66vk9+Xrp1RRGDFNSy5Py84vycVD1nCI1qPENFAZCOE969tRDoPj6QKXogU/TApnQ/mXCmX/k+EwOjFwNrWWJOaSrQXAGEIr/S3KTUorY1U2W5pzzohpoGAvVXAOs+WVHyAAAA[0m[INFO] skip non existing resourceDirectory /var/lib/jenkins/workspace/CTC_Demo/gameoflife-web/src/test/resources
[8mha:////4K3T/KqlAw4wr7wHYny/CJfUT7WqpifKLWYahD7VNBJDAAAAyx+LCAAAAAAAAP9b85aBtbiIQSOjNKU4P0+vIKc0PTOvWK8kMze1uCQxtyC1SC8ExvbLL0llgABGJgYmLwaB3MycnMzi4My85FTXgvzkDB8G3tScxILi1BRfsEwJg4BPVmJZon5OYl66vk9+Xrp1RRGDFNSy5Py84vycVD1nCI1qPENFAZCOE969tRDoPj6QKXogU/TApnQ/mXCmX/k+EwOjFwNrWWJOaSrQXAGEIr/S3KTUorY1U2W5pzzohpoGAvVXAOs+WVHyAAAA[0m[INFO] 
[8mha:////4K3T/KqlAw4wr7wHYny/CJfUT7WqpifKLWYahD7VNBJDAAAAyx+LCAAAAAAAAP9b85aBtbiIQSOjNKU4P0+vIKc0PTOvWK8kMze1uCQxtyC1SC8ExvbLL0llgABGJgYmLwaB3MycnMzi4My85FTXgvzkDB8G3tScxILi1BRfsEwJg4BPVmJZon5OYl66vk9+Xrp1RRGDFNSy5Py84vycVD1nCI1qPENFAZCOE969tRDoPj6QKXogU/TApnQ/mXCmX/k+EwOjFwNrWWJOaSrQXAGEIr/S3KTUorY1U2W5pzzohpoGAvVXAOs+WVHyAAAA[0m[INFO] --- maven-compiler-plugin:3.1:testCompile (default-testCompile) @ gameoflife-web ---
[8mha:////4K3T/KqlAw4wr7wHYny/CJfUT7WqpifKLWYahD7VNBJDAAAAyx+LCAAAAAAAAP9b85aBtbiIQSOjNKU4P0+vIKc0PTOvWK8kMze1uCQxtyC1SC8ExvbLL0llgABGJgYmLwaB3MycnMzi4My85FTXgvzkDB8G3tScxILi1BRfsEwJg4BPVmJZon5OYl66vk9+Xrp1RRGDFNSy5Py84vycVD1nCI1qPENFAZCOE969tRDoPj6QKXogU/TApnQ/mXCmX/k+EwOjFwNrWWJOaSrQXAGEIr/S3KTUorY1U2W5pzzohpoGAvVXAOs+WVHyAAAA[0m[INFO] Changes detected - recompiling the module!
[8mha:////4K3T/KqlAw4wr7wHYny/CJfUT7WqpifKLWYahD7VNBJDAAAAyx+LCAAAAAAAAP9b85aBtbiIQSOjNKU4P0+vIKc0PTOvWK8kMze1uCQxtyC1SC8ExvbLL0llgABGJgYmLwaB3MycnMzi4My85FTXgvzkDB8G3tScxILi1BRfsEwJg4BPVmJZon5OYl66vk9+Xrp1RRGDFNSy5Py84vycVD1nCI1qPENFAZCOE969tRDoPj6QKXogU/TApnQ/mXCmX/k+EwOjFwNrWWJOaSrQXAGEIr/S3KTUorY1U2W5pzzohpoGAvVXAOs+WVHyAAAA[0m[INFO] Compiling 3 source files to /var/lib/jenkins/workspace/CTC_Demo/gameoflife-web/target/test-classes
[8mha:////4K3T/KqlAw4wr7wHYny/CJfUT7WqpifKLWYahD7VNBJDAAAAyx+LCAAAAAAAAP9b85aBtbiIQSOjNKU4P0+vIKc0PTOvWK8kMze1uCQxtyC1SC8ExvbLL0llgABGJgYmLwaB3MycnMzi4My85FTXgvzkDB8G3tScxILi1BRfsEwJg4BPVmJZon5OYl66vk9+Xrp1RRGDFNSy5Py84vycVD1nCI1qPENFAZCOE969tRDoPj6QKXogU/TApnQ/mXCmX/k+EwOjFwNrWWJOaSrQXAGEIr/S3KTUorY1U2W5pzzohpoGAvVXAOs+WVHyAAAA[0m[INFO] 
[8mha:////4K3T/KqlAw4wr7wHYny/CJfUT7WqpifKLWYahD7VNBJDAAAAyx+LCAAAAAAAAP9b85aBtbiIQSOjNKU4P0+vIKc0PTOvWK8kMze1uCQxtyC1SC8ExvbLL0llgABGJgYmLwaB3MycnMzi4My85FTXgvzkDB8G3tScxILi1BRfsEwJg4BPVmJZon5OYl66vk9+Xrp1RRGDFNSy5Py84vycVD1nCI1qPENFAZCOE969tRDoPj6QKXogU/TApnQ/mXCmX/k+EwOjFwNrWWJOaSrQXAGEIr/S3KTUorY1U2W5pzzohpoGAvVXAOs+WVHyAAAA[0m[INFO] --- maven-surefire-plugin:2.11:test (default-test) @ gameoflife-web ---
[8mha:////4K3T/KqlAw4wr7wHYny/CJfUT7WqpifKLWYahD7VNBJDAAAAyx+LCAAAAAAAAP9b85aBtbiIQSOjNKU4P0+vIKc0PTOvWK8kMze1uCQxtyC1SC8ExvbLL0llgABGJgYmLwaB3MycnMzi4My85FTXgvzkDB8G3tScxILi1BRfsEwJg4BPVmJZon5OYl66vk9+Xrp1RRGDFNSy5Py84vycVD1nCI1qPENFAZCOE969tRDoPj6QKXogU/TApnQ/mXCmX/k+EwOjFwNrWWJOaSrQXAGEIr/S3KTUorY1U2W5pzzohpoGAvVXAOs+WVHyAAAA[0m[INFO] Tests are skipped.
[8mha:////4K3T/KqlAw4wr7wHYny/CJfUT7WqpifKLWYahD7VNBJDAAAAyx+LCAAAAAAAAP9b85aBtbiIQSOjNKU4P0+vIKc0PTOvWK8kMze1uCQxtyC1SC8ExvbLL0llgABGJgYmLwaB3MycnMzi4My85FTXgvzkDB8G3tScxILi1BRfsEwJg4BPVmJZon5OYl66vk9+Xrp1RRGDFNSy5Py84vycVD1nCI1qPENFAZCOE969tRDoPj6QKXogU/TApnQ/mXCmX/k+EwOjFwNrWWJOaSrQXAGEIr/S3KTUorY1U2W5pzzohpoGAvVXAOs+WVHyAAAA[0m[INFO] 
[8mha:////4K3T/KqlAw4wr7wHYny/CJfUT7WqpifKLWYahD7VNBJDAAAAyx+LCAAAAAAAAP9b85aBtbiIQSOjNKU4P0+vIKc0PTOvWK8kMze1uCQxtyC1SC8ExvbLL0llgABGJgYmLwaB3MycnMzi4My85FTXgvzkDB8G3tScxILi1BRfsEwJg4BPVmJZon5OYl66vk9+Xrp1RRGDFNSy5Py84vycVD1nCI1qPENFAZCOE969tRDoPj6QKXogU/TApnQ/mXCmX/k+EwOjFwNrWWJOaSrQXAGEIr/S3KTUorY1U2W5pzzohpoGAvVXAOs+WVHyAAAA[0m[INFO] --- maven-surefire-plugin:2.11:test (unit-tests) @ gameoflife-web ---
[8mha:////4K3T/KqlAw4wr7wHYny/CJfUT7WqpifKLWYahD7VNBJDAAAAyx+LCAAAAAAAAP9b85aBtbiIQSOjNKU4P0+vIKc0PTOvWK8kMze1uCQxtyC1SC8ExvbLL0llgABGJgYmLwaB3MycnMzi4My85FTXgvzkDB8G3tScxILi1BRfsEwJg4BPVmJZon5OYl66vk9+Xrp1RRGDFNSy5Py84vycVD1nCI1qPENFAZCOE969tRDoPj6QKXogU/TApnQ/mXCmX/k+EwOjFwNrWWJOaSrQXAGEIr/S3KTUorY1U2W5pzzohpoGAvVXAOs+WVHyAAAA[0m[INFO] Surefire report directory: /var/lib/jenkins/workspace/CTC_Demo/gameoflife-web/target/surefire-reports
[8mha:////4K3T/KqlAw4wr7wHYny/CJfUT7WqpifKLWYahD7VNBJDAAAAyx+LCAAAAAAAAP9b85aBtbiIQSOjNKU4P0+vIKc0PTOvWK8kMze1uCQxtyC1SC8ExvbLL0llgABGJgYmLwaB3MycnMzi4My85FTXgvzkDB8G3tScxILi1BRfsEwJg4BPVmJZon5OYl66vk9+Xrp1RRGDFNSy5Py84vycVD1nCI1qPENFAZCOE969tRDoPj6QKXogU/TApnQ/mXCmX/k+EwOjFwNrWWJOaSrQXAGEIr/S3KTUorY1U2W5pzzohpoGAvVXAOs+WVHyAAAA[0m
[8mha:////4K3T/KqlAw4wr7wHYny/CJfUT7WqpifKLWYahD7VNBJDAAAAyx+LCAAAAAAAAP9b85aBtbiIQSOjNKU4P0+vIKc0PTOvWK8kMze1uCQxtyC1SC8ExvbLL0llgABGJgYmLwaB3MycnMzi4My85FTXgvzkDB8G3tScxILi1BRfsEwJg4BPVmJZon5OYl66vk9+Xrp1RRGDFNSy5Py84vycVD1nCI1qPENFAZCOE969tRDoPj6QKXogU/TApnQ/mXCmX/k+EwOjFwNrWWJOaSrQXAGEIr/S3KTUorY1U2W5pzzohpoGAvVXAOs+WVHyAAAA[0m-------------------------------------------------------
[8mha:////4K3T/KqlAw4wr7wHYny/CJfUT7WqpifKLWYahD7VNBJDAAAAyx+LCAAAAAAAAP9b85aBtbiIQSOjNKU4P0+vIKc0PTOvWK8kMze1uCQxtyC1SC8ExvbLL0llgABGJgYmLwaB3MycnMzi4My85FTXgvzkDB8G3tScxILi1BRfsEwJg4BPVmJZon5OYl66vk9+Xrp1RRGDFNSy5Py84vycVD1nCI1qPENFAZCOE969tRDoPj6QKXogU/TApnQ/mXCmX/k+EwOjFwNrWWJOaSrQXAGEIr/S3KTUorY1U2W5pzzohpoGAvVXAOs+WVHyAAAA[0m T E S T S
[8mha:////4K3T/KqlAw4wr7wHYny/CJfUT7WqpifKLWYahD7VNBJDAAAAyx+LCAAAAAAAAP9b85aBtbiIQSOjNKU4P0+vIKc0PTOvWK8kMze1uCQxtyC1SC8ExvbLL0llgABGJgYmLwaB3MycnMzi4My85FTXgvzkDB8G3tScxILi1BRfsEwJg4BPVmJZon5OYl66vk9+Xrp1RRGDFNSy5Py84vycVD1nCI1qPENFAZCOE969tRDoPj6QKXogU/TApnQ/mXCmX/k+EwOjFwNrWWJOaSrQXAGEIr/S3KTUorY1U2W5pzzohpoGAvVXAOs+WVHyAAAA[0m-------------------------------------------------------
[8mha:////4OwogtdbWaxbGaKsAc76hm6KuvcXfn8FWQDnnorz81rgAAAAyx+LCAAAAAAAAP9b85aBtbiIQSOjNKU4P0+vIKc0PTOvWK8kMze1uCQxtyC1SC8ExvbLL0llgABGJgYmLwaB3MycnMzi4My85FTXgvzkDB8G3tScxILi1BRfsEwJg4BPVmJZon5OYl66vk9+Xrp1RRGDFNSy5Py84vycVD1nCI1qPENFAZCOE969azfQfXwgU/RApuiBTel+MuFMv/J9JgZGLwbWssSc0lSguQIIRX6luUmpRW1rpspyT3nQDTUNBFrlAHPGBg7yAAAA[0mRunning com.wakaleo.gameoflife.webtests.controllers.WhenCreatingANewGame
[8mha:////4FPhOS811QFRM/NBCOmEmbtm896NAdzMQme1sSEnGi2hAAAAyx+LCAAAAAAAAP9b85aBtbiIQSOjNKU4P0+vIKc0PTOvWK8kMze1uCQxtyC1SC8ExvbLL0llgABGJgYmLwaB3MycnMzi4My85FTXgvzkDB8G3tScxILi1BRfsEwJg4BPVmJZon5OYl66vk9+Xrp1RRGDFNSy5Py84vycVD1nCI1qPENFAZCOE969LxjoPj6QKXogU/TApnQ/mXCmX/k+EwOjFwNrWWJOaSrQXAGEIr/S3KTUorY1U2W5pzzohpoGAh3bAPwO3DLyAAAA[0mTests run: 3, Failures: 0, Errors: 0, Skipped: 0, Time elapsed: 1.19 sec
[8mha:////4FPhOS811QFRM/NBCOmEmbtm896NAdzMQme1sSEnGi2hAAAAyx+LCAAAAAAAAP9b85aBtbiIQSOjNKU4P0+vIKc0PTOvWK8kMze1uCQxtyC1SC8ExvbLL0llgABGJgYmLwaB3MycnMzi4My85FTXgvzkDB8G3tScxILi1BRfsEwJg4BPVmJZon5OYl66vk9+Xrp1RRGDFNSy5Py84vycVD1nCI1qPENFAZCOE969LxjoPj6QKXogU/TApnQ/mXCmX/k+EwOjFwNrWWJOaSrQXAGEIr/S3KTUorY1U2W5pzzohpoGAh3bAPwO3DLyAAAA[0mRunning com.wakaleo.gameoflife.webtests.controllers.WhenDisplayingTheHomePage
[8mha:////4FPhOS811QFRM/NBCOmEmbtm896NAdzMQme1sSEnGi2hAAAAyx+LCAAAAAAAAP9b85aBtbiIQSOjNKU4P0+vIKc0PTOvWK8kMze1uCQxtyC1SC8ExvbLL0llgABGJgYmLwaB3MycnMzi4My85FTXgvzkDB8G3tScxILi1BRfsEwJg4BPVmJZon5OYl66vk9+Xrp1RRGDFNSy5Py84vycVD1nCI1qPENFAZCOE969LxjoPj6QKXogU/TApnQ/mXCmX/k+EwOjFwNrWWJOaSrQXAGEIr/S3KTUorY1U2W5pzzohpoGAh3bAPwO3DLyAAAA[0mTests run: 2, Failures: 0, Errors: 0, Skipped: 0, Time elapsed: 0 sec
[8mha:////4FPhOS811QFRM/NBCOmEmbtm896NAdzMQme1sSEnGi2hAAAAyx+LCAAAAAAAAP9b85aBtbiIQSOjNKU4P0+vIKc0PTOvWK8kMze1uCQxtyC1SC8ExvbLL0llgABGJgYmLwaB3MycnMzi4My85FTXgvzkDB8G3tScxILi1BRfsEwJg4BPVmJZon5OYl66vk9+Xrp1RRGDFNSy5Py84vycVD1nCI1qPENFAZCOE969LxjoPj6QKXogU/TApnQ/mXCmX/k+EwOjFwNrWWJOaSrQXAGEIr/S3KTUorY1U2W5pzzohpoGAh3bAPwO3DLyAAAA[0mRunning com.wakaleo.gameoflife.webtests.controllers.WhenSpawningANewGeneration
[8mha:////4FPhOS811QFRM/NBCOmEmbtm896NAdzMQme1sSEnGi2hAAAAyx+LCAAAAAAAAP9b85aBtbiIQSOjNKU4P0+vIKc0PTOvWK8kMze1uCQxtyC1SC8ExvbLL0llgABGJgYmLwaB3MycnMzi4My85FTXgvzkDB8G3tScxILi1BRfsEwJg4BPVmJZon5OYl66vk9+Xrp1RRGDFNSy5Py84vycVD1nCI1qPENFAZCOE969LxjoPj6QKXogU/TApnQ/mXCmX/k+EwOjFwNrWWJOaSrQXAGEIr/S3KTUorY1U2W5pzzohpoGAh3bAPwO3DLyAAAA[0mTests run: 2, Failures: 0, Errors: 0, Skipped: 0, Time elapsed: 0.034 sec
[8mha:////4HYpxTd6rJLMPViYZqV2p1h0qj6I5UNmfe4rEl4OcQC/AAAAyx+LCAAAAAAAAP9b85aBtbiIQSOjNKU4P0+vIKc0PTOvWK8kMze1uCQxtyC1SC8ExvbLL0llgABGJgYmLwaB3MycnMzi4My85FTXgvzkDB8G3tScxILi1BRfsEwJg4BPVmJZon5OYl66vk9+Xrp1RRGDFNSy5Py84vycVD1nCI1qPENFAZCOE969PwzoPj6QKXogU/TApnQ/mXCmX/k+EwOjFwNrWWJOaSrQXAGEIr/S3KTUorY1U2W5pzzohpoGAp07AW0WMhjyAAAA[0m
[8mha:////4Eul+7LtGZ1o+j6Fbl9snCjJB69DHSslKc/RE7Zvja9XAAAAyx+LCAAAAAAAAP9b85aBtbiIQSOjNKU4P0+vIKc0PTOvWK8kMze1uCQxtyC1SC8ExvbLL0llgABGJgYmLwaB3MycnMzi4My85FTXgvzkDB8G3tScxILi1BRfsEwJg4BPVmJZon5OYl66vk9+Xrp1RRGDFNSy5Py84vycVD1nCI1qPENFAZCOE969PxzoPj6QKXogU/TApnQ/mXCmX/k+EwOjFwNrWWJOaSrQXAGEIr/S3KTUorY1U2W5pzzohpoGAp27AIYwwsryAAAA[0mResults :
[8mha:////4Eul+7LtGZ1o+j6Fbl9snCjJB69DHSslKc/RE7Zvja9XAAAAyx+LCAAAAAAAAP9b85aBtbiIQSOjNKU4P0+vIKc0PTOvWK8kMze1uCQxtyC1SC8ExvbLL0llgABGJgYmLwaB3MycnMzi4My85FTXgvzkDB8G3tScxILi1BRfsEwJg4BPVmJZon5OYl66vk9+Xrp1RRGDFNSy5Py84vycVD1nCI1qPENFAZCOE969PxzoPj6QKXogU/TApnQ/mXCmX/k+EwOjFwNrWWJOaSrQXAGEIr/S3KTUorY1U2W5pzzohpoGAp27AIYwwsryAAAA[0m
[8mha:////4Eul+7LtGZ1o+j6Fbl9snCjJB69DHSslKc/RE7Zvja9XAAAAyx+LCAAAAAAAAP9b85aBtbiIQSOjNKU4P0+vIKc0PTOvWK8kMze1uCQxtyC1SC8ExvbLL0llgABGJgYmLwaB3MycnMzi4My85FTXgvzkDB8G3tScxILi1BRfsEwJg4BPVmJZon5OYl66vk9+Xrp1RRGDFNSy5Py84vycVD1nCI1qPENFAZCOE969PxzoPj6QKXogU/TApnQ/mXCmX/k+EwOjFwNrWWJOaSrQXAGEIr/S3KTUorY1U2W5pzzohpoGAp27AIYwwsryAAAA[0mTests run: 7, Failures: 0, Errors: 0, Skipped: 0
[8mha:////4Eul+7LtGZ1o+j6Fbl9snCjJB69DHSslKc/RE7Zvja9XAAAAyx+LCAAAAAAAAP9b85aBtbiIQSOjNKU4P0+vIKc0PTOvWK8kMze1uCQxtyC1SC8ExvbLL0llgABGJgYmLwaB3MycnMzi4My85FTXgvzkDB8G3tScxILi1BRfsEwJg4BPVmJZon5OYl66vk9+Xrp1RRGDFNSy5Py84vycVD1nCI1qPENFAZCOE969PxzoPj6QKXogU/TApnQ/mXCmX/k+EwOjFwNrWWJOaSrQXAGEIr/S3KTUorY1U2W5pzzohpoGAp27AIYwwsryAAAA[0m
[8mha:////4Eul+7LtGZ1o+j6Fbl9snCjJB69DHSslKc/RE7Zvja9XAAAAyx+LCAAAAAAAAP9b85aBtbiIQSOjNKU4P0+vIKc0PTOvWK8kMze1uCQxtyC1SC8ExvbLL0llgABGJgYmLwaB3MycnMzi4My85FTXgvzkDB8G3tScxILi1BRfsEwJg4BPVmJZon5OYl66vk9+Xrp1RRGDFNSy5Py84vycVD1nCI1qPENFAZCOE969PxzoPj6QKXogU/TApnQ/mXCmX/k+EwOjFwNrWWJOaSrQXAGEIr/S3KTUorY1U2W5pzzohpoGAp27AIYwwsryAAAA[0m[INFO] 
[8mha:////4Eul+7LtGZ1o+j6Fbl9snCjJB69DHSslKc/RE7Zvja9XAAAAyx+LCAAAAAAAAP9b85aBtbiIQSOjNKU4P0+vIKc0PTOvWK8kMze1uCQxtyC1SC8ExvbLL0llgABGJgYmLwaB3MycnMzi4My85FTXgvzkDB8G3tScxILi1BRfsEwJg4BPVmJZon5OYl66vk9+Xrp1RRGDFNSy5Py84vycVD1nCI1qPENFAZCOE969PxzoPj6QKXogU/TApnQ/mXCmX/k+EwOjFwNrWWJOaSrQXAGEIr/S3KTUorY1U2W5pzzohpoGAp27AIYwwsryAAAA[0m[INFO] --- maven-easyb-plugin:1.4:test (default) @ gameoflife-web ---
[8mha:////4Eul+7LtGZ1o+j6Fbl9snCjJB69DHSslKc/RE7Zvja9XAAAAyx+LCAAAAAAAAP9b85aBtbiIQSOjNKU4P0+vIKc0PTOvWK8kMze1uCQxtyC1SC8ExvbLL0llgABGJgYmLwaB3MycnMzi4My85FTXgvzkDB8G3tScxILi1BRfsEwJg4BPVmJZon5OYl66vk9+Xrp1RRGDFNSy5Py84vycVD1nCI1qPENFAZCOE969PxzoPj6QKXogU/TApnQ/mXCmX/k+EwOjFwNrWWJOaSrQXAGEIr/S3KTUorY1U2W5pzzohpoGAp27AIYwwsryAAAA[0m[INFO] /var/lib/jenkins/workspace/CTC_Demo/gameoflife-web/src/test/stories does not exists.  Skipping easyb testing
[8mha:////4Eul+7LtGZ1o+j6Fbl9snCjJB69DHSslKc/RE7Zvja9XAAAAyx+LCAAAAAAAAP9b85aBtbiIQSOjNKU4P0+vIKc0PTOvWK8kMze1uCQxtyC1SC8ExvbLL0llgABGJgYmLwaB3MycnMzi4My85FTXgvzkDB8G3tScxILi1BRfsEwJg4BPVmJZon5OYl66vk9+Xrp1RRGDFNSy5Py84vycVD1nCI1qPENFAZCOE969PxzoPj6QKXogU/TApnQ/mXCmX/k+EwOjFwNrWWJOaSrQXAGEIr/S3KTUorY1U2W5pzzohpoGAp27AIYwwsryAAAA[0m[INFO] 
[8mha:////4NxztlqcDCpOvwX8IlY6bjIeYTgB/hPbEUHHd1u0vrapAAAAyx+LCAAAAAAAAP9b85aBtbiIQSOjNKU4P0+vIKc0PTOvWK8kMze1uCQxtyC1SC8ExvbLL0llgABGJgYmLwaB3MycnMzi4My85FTXgvzkDB8G3tScxILi1BRfsEwJg4BPVmJZon5OYl66vk9+Xrp1RRGDFNSy5Py84vycVD1nCI1qPENFAZCOE969PwLoPj6QKXogU/TApnQ/mXCmX/k+EwOjFwNrWWJOaSrQXAGEIr/S3KTUorY1U2W5pzzohpoGAp27Aa3yAqfyAAAA[0m[INFO] --- maven-war-plugin:2.1.1:war (default-war) @ gameoflife-web ---
[8mha:////4IwfZdF1WET3arVxCVkwIvv//ur75Nn8KXZybx8tmI22AAAAyx+LCAAAAAAAAP9b85aBtbiIQSOjNKU4P0+vIKc0PTOvWK8kMze1uCQxtyC1SC8ExvbLL0llgABGJgYmLwaB3MycnMzi4My85FTXgvzkDB8G3tScxILi1BRfsEwJg4BPVmJZon5OYl66vk9+Xrp1RRGDFNSy5Py84vycVD1nCI1qPENFAZCOE959sAHoPj6QKXogU/TApnQ/mXCmX/k+EwOjFwNrWWJOaSrQXAGEIr/S3KTUorY1U2W5pzzohpoGAt2PAb4QZpryAAAA[0m[INFO] Packaging webapp
[8mha:////4APq8Wu8YVZ0HgAWFZFavvXeeKzvt29GGWLcV42wHSVdAAAAyx+LCAAAAAAAAP9b85aBtbiIQSOjNKU4P0+vIKc0PTOvWK8kMze1uCQxtyC1SC8ExvbLL0llgABGJgYmLwaB3MycnMzi4My85FTXgvzkDB8G3tScxILi1BRfsEwJg4BPVmJZon5OYl66vk9+Xrp1RRGDFNSy5Py84vycVD1nCI1qPENFAZCOE959sBHoPj6QKXogU/TApnQ/mXCmX/k+EwOjFwNrWWJOaSrQXAGEIr/S3KTUorY1U2W5pzzohpoGAt1PAEzy+0/yAAAA[0m[INFO] Assembling webapp [gameoflife-web] in [/var/lib/jenkins/workspace/CTC_Demo/gameoflife-web/target/gameoflife]
[8mha:////4APq8Wu8YVZ0HgAWFZFavvXeeKzvt29GGWLcV42wHSVdAAAAyx+LCAAAAAAAAP9b85aBtbiIQSOjNKU4P0+vIKc0PTOvWK8kMze1uCQxtyC1SC8ExvbLL0llgABGJgYmLwaB3MycnMzi4My85FTXgvzkDB8G3tScxILi1BRfsEwJg4BPVmJZon5OYl66vk9+Xrp1RRGDFNSy5Py84vycVD1nCI1qPENFAZCOE959sBHoPj6QKXogU/TApnQ/mXCmX/k+EwOjFwNrWWJOaSrQXAGEIr/S3KTUorY1U2W5pzzohpoGAt1PAEzy+0/yAAAA[0m[INFO] Processing war project
[8mha:////4APq8Wu8YVZ0HgAWFZFavvXeeKzvt29GGWLcV42wHSVdAAAAyx+LCAAAAAAAAP9b85aBtbiIQSOjNKU4P0+vIKc0PTOvWK8kMze1uCQxtyC1SC8ExvbLL0llgABGJgYmLwaB3MycnMzi4My85FTXgvzkDB8G3tScxILi1BRfsEwJg4BPVmJZon5OYl66vk9+Xrp1RRGDFNSy5Py84vycVD1nCI1qPENFAZCOE959sBHoPj6QKXogU/TApnQ/mXCmX/k+EwOjFwNrWWJOaSrQXAGEIr/S3KTUorY1U2W5pzzohpoGAt1PAEzy+0/yAAAA[0m[INFO] Copying webapp resources [/var/lib/jenkins/workspace/CTC_Demo/gameoflife-web/src/main/webapp]
[8mha:////4MsQ5LIv4bT5I1VJ8oYdNKn3fngdeyq1oIdOWkYl9lENAAAAyx+LCAAAAAAAAP9b85aBtbiIQSOjNKU4P0+vIKc0PTOvWK8kMze1uCQxtyC1SC8ExvbLL0llgABGJgYmLwaB3MycnMzi4My85FTXgvzkDB8G3tScxILi1BRfsEwJg4BPVmJZon5OYl66vk9+Xrp1RRGDFNSy5Py84vycVD1nCI1qPENFAZCOE959qA7oPj6QKXogU/TApnQ/mXCmX/k+EwOjFwNrWWJOaSrQXAGEIr/S3KTUorY1U2W5pzzohpoGAj0PARfncTnyAAAA[0m[INFO] Webapp assembled in [129 msecs]
[8mha:////4FaJQSEcpqOKohviV0c88AA5WhaBptUv4KWxiGw6eZdqAAAAyx+LCAAAAAAAAP9b85aBtbiIQSOjNKU4P0+vIKc0PTOvWK8kMze1uCQxtyC1SC8ExvbLL0llgABGJgYmLwaB3MycnMzi4My85FTXgvzkDB8G3tScxILi1BRfsEwJg4BPVmJZon5OYl66vk9+Xrp1RRGDFNSy5Py84vycVD1nCI1qPENFAZCOE959uAroPj6QKXogU/TApnQ/mXCmX/k+EwOjFwNrWWJOaSrQXAGEIr/S3KTUorY1U2W5pzzohpoGAr13AcHptufyAAAA[0m[INFO] Building war: /var/lib/jenkins/workspace/CTC_Demo/gameoflife-web/target/gameoflife.war
[8mha:////4NarhUxgIYkZHlYRJKw8jXdb3oHpR05otgBYXhJhtrwXAAAAyx+LCAAAAAAAAP9b85aBtbiIQSOjNKU4P0+vIKc0PTOvWK8kMze1uCQxtyC1SC8ExvbLL0llgABGJgYmLwaB3MycnMzi4My85FTXgvzkDB8G3tScxILi1BRfsEwJg4BPVmJZon5OYl66vk9+Xrp1RRGDFNSy5Py84vycVD1nCI1qPENFAZCOE959pBzoPj6QKXogU/TApnQ/mXCmX/k+EwOjFwNrWWJOaSrQXAGEIr/S3KTUorY1U2W5pzzohpoGAn23ANX7PIvyAAAA[0m[INFO] WEB-INF/web.xml already added, skipping
[8mha:////4FEJ3nLo8xAK4yIbmhQ2AUsEL3IOcHhN8H6+H3puxM8rAAAAyx+LCAAAAAAAAP9b85aBtbiIQSOjNKU4P0+vIKc0PTOvWK8kMze1uCQxtyC1SC8ExvbLL0llgABGJgYmLwaB3MycnMzi4My85FTXgvzkDB8G3tScxILi1BRfsEwJg4BPVmJZon5OYl66vk9+Xrp1RRGDFNSy5Py84vycVD1nCI1qPENFAZCOE959pALoPj6QKXogU/TApnQ/mXCmX/k+EwOjFwNrWWJOaSrQXAGEIr/S3KTUorY1U2W5pzzohpoGAn23Af45/ObyAAAA[0m[INFO] ------------------------------------------------------------------------
[8mha:////4FEJ3nLo8xAK4yIbmhQ2AUsEL3IOcHhN8H6+H3puxM8rAAAAyx+LCAAAAAAAAP9b85aBtbiIQSOjNKU4P0+vIKc0PTOvWK8kMze1uCQxtyC1SC8ExvbLL0llgABGJgYmLwaB3MycnMzi4My85FTXgvzkDB8G3tScxILi1BRfsEwJg4BPVmJZon5OYl66vk9+Xrp1RRGDFNSy5Py84vycVD1nCI1qPENFAZCOE959pALoPj6QKXogU/TApnQ/mXCmX/k+EwOjFwNrWWJOaSrQXAGEIr/S3KTUorY1U2W5pzzohpoGAn23Af45/ObyAAAA[0m[INFO] Reactor Summary:
[8mha:////4FEJ3nLo8xAK4yIbmhQ2AUsEL3IOcHhN8H6+H3puxM8rAAAAyx+LCAAAAAAAAP9b85aBtbiIQSOjNKU4P0+vIKc0PTOvWK8kMze1uCQxtyC1SC8ExvbLL0llgABGJgYmLwaB3MycnMzi4My85FTXgvzkDB8G3tScxILi1BRfsEwJg4BPVmJZon5OYl66vk9+Xrp1RRGDFNSy5Py84vycVD1nCI1qPENFAZCOE959pALoPj6QKXogU/TApnQ/mXCmX/k+EwOjFwNrWWJOaSrQXAGEIr/S3KTUorY1U2W5pzzohpoGAn23Af45/ObyAAAA[0m[INFO] 
[8mha:////4FEJ3nLo8xAK4yIbmhQ2AUsEL3IOcHhN8H6+H3puxM8rAAAAyx+LCAAAAAAAAP9b85aBtbiIQSOjNKU4P0+vIKc0PTOvWK8kMze1uCQxtyC1SC8ExvbLL0llgABGJgYmLwaB3MycnMzi4My85FTXgvzkDB8G3tScxILi1BRfsEwJg4BPVmJZon5OYl66vk9+Xrp1RRGDFNSy5Py84vycVD1nCI1qPENFAZCOE959pALoPj6QKXogU/TApnQ/mXCmX/k+EwOjFwNrWWJOaSrQXAGEIr/S3KTUorY1U2W5pzzohpoGAn23Af45/ObyAAAA[0m[INFO] gameoflife ......................................... SUCCESS [  7.820 s]
[8mha:////4FEJ3nLo8xAK4yIbmhQ2AUsEL3IOcHhN8H6+H3puxM8rAAAAyx+LCAAAAAAAAP9b85aBtbiIQSOjNKU4P0+vIKc0PTOvWK8kMze1uCQxtyC1SC8ExvbLL0llgABGJgYmLwaB3MycnMzi4My85FTXgvzkDB8G3tScxILi1BRfsEwJg4BPVmJZon5OYl66vk9+Xrp1RRGDFNSy5Py84vycVD1nCI1qPENFAZCOE959pALoPj6QKXogU/TApnQ/mXCmX/k+EwOjFwNrWWJOaSrQXAGEIr/S3KTUorY1U2W5pzzohpoGAn23Af45/ObyAAAA[0m[INFO] gameoflife-build ................................... SUCCESS [  3.240 s]
[8mha:////4FEJ3nLo8xAK4yIbmhQ2AUsEL3IOcHhN8H6+H3puxM8rAAAAyx+LCAAAAAAAAP9b85aBtbiIQSOjNKU4P0+vIKc0PTOvWK8kMze1uCQxtyC1SC8ExvbLL0llgABGJgYmLwaB3MycnMzi4My85FTXgvzkDB8G3tScxILi1BRfsEwJg4BPVmJZon5OYl66vk9+Xrp1RRGDFNSy5Py84vycVD1nCI1qPENFAZCOE959pALoPj6QKXogU/TApnQ/mXCmX/k+EwOjFwNrWWJOaSrQXAGEIr/S3KTUorY1U2W5pzzohpoGAn23Af45/ObyAAAA[0m[INFO] gameoflife-core .................................... SUCCESS [ 11.980 s]
[8mha:////4FEJ3nLo8xAK4yIbmhQ2AUsEL3IOcHhN8H6+H3puxM8rAAAAyx+LCAAAAAAAAP9b85aBtbiIQSOjNKU4P0+vIKc0PTOvWK8kMze1uCQxtyC1SC8ExvbLL0llgABGJgYmLwaB3MycnMzi4My85FTXgvzkDB8G3tScxILi1BRfsEwJg4BPVmJZon5OYl66vk9+Xrp1RRGDFNSy5Py84vycVD1nCI1qPENFAZCOE959pALoPj6QKXogU/TApnQ/mXCmX/k+EwOjFwNrWWJOaSrQXAGEIr/S3KTUorY1U2W5pzzohpoGAn23Af45/ObyAAAA[0m[INFO] gameoflife-web ..................................... SUCCESS [  4.252 s]
[8mha:////4FEJ3nLo8xAK4yIbmhQ2AUsEL3IOcHhN8H6+H3puxM8rAAAAyx+LCAAAAAAAAP9b85aBtbiIQSOjNKU4P0+vIKc0PTOvWK8kMze1uCQxtyC1SC8ExvbLL0llgABGJgYmLwaB3MycnMzi4My85FTXgvzkDB8G3tScxILi1BRfsEwJg4BPVmJZon5OYl66vk9+Xrp1RRGDFNSy5Py84vycVD1nCI1qPENFAZCOE959pALoPj6QKXogU/TApnQ/mXCmX/k+EwOjFwNrWWJOaSrQXAGEIr/S3KTUorY1U2W5pzzohpoGAn23Af45/ObyAAAA[0m[INFO] ------------------------------------------------------------------------
[8mha:////4FEJ3nLo8xAK4yIbmhQ2AUsEL3IOcHhN8H6+H3puxM8rAAAAyx+LCAAAAAAAAP9b85aBtbiIQSOjNKU4P0+vIKc0PTOvWK8kMze1uCQxtyC1SC8ExvbLL0llgABGJgYmLwaB3MycnMzi4My85FTXgvzkDB8G3tScxILi1BRfsEwJg4BPVmJZon5OYl66vk9+Xrp1RRGDFNSy5Py84vycVD1nCI1qPENFAZCOE959pALoPj6QKXogU/TApnQ/mXCmX/k+EwOjFwNrWWJOaSrQXAGEIr/S3KTUorY1U2W5pzzohpoGAn23Af45/ObyAAAA[0m[INFO] BUILD SUCCESS
[8mha:////4FEJ3nLo8xAK4yIbmhQ2AUsEL3IOcHhN8H6+H3puxM8rAAAAyx+LCAAAAAAAAP9b85aBtbiIQSOjNKU4P0+vIKc0PTOvWK8kMze1uCQxtyC1SC8ExvbLL0llgABGJgYmLwaB3MycnMzi4My85FTXgvzkDB8G3tScxILi1BRfsEwJg4BPVmJZon5OYl66vk9+Xrp1RRGDFNSy5Py84vycVD1nCI1qPENFAZCOE959pALoPj6QKXogU/TApnQ/mXCmX/k+EwOjFwNrWWJOaSrQXAGEIr/S3KTUorY1U2W5pzzohpoGAn23Af45/ObyAAAA[0m[INFO] ------------------------------------------------------------------------
[8mha:////4FEJ3nLo8xAK4yIbmhQ2AUsEL3IOcHhN8H6+H3puxM8rAAAAyx+LCAAAAAAAAP9b85aBtbiIQSOjNKU4P0+vIKc0PTOvWK8kMze1uCQxtyC1SC8ExvbLL0llgABGJgYmLwaB3MycnMzi4My85FTXgvzkDB8G3tScxILi1BRfsEwJg4BPVmJZon5OYl66vk9+Xrp1RRGDFNSy5Py84vycVD1nCI1qPENFAZCOE959pALoPj6QKXogU/TApnQ/mXCmX/k+EwOjFwNrWWJOaSrQXAGEIr/S3KTUorY1U2W5pzzohpoGAn23Af45/ObyAAAA[0m[INFO] Total time: 28.379 s
[8mha:////4FEJ3nLo8xAK4yIbmhQ2AUsEL3IOcHhN8H6+H3puxM8rAAAAyx+LCAAAAAAAAP9b85aBtbiIQSOjNKU4P0+vIKc0PTOvWK8kMze1uCQxtyC1SC8ExvbLL0llgABGJgYmLwaB3MycnMzi4My85FTXgvzkDB8G3tScxILi1BRfsEwJg4BPVmJZon5OYl66vk9+Xrp1RRGDFNSy5Py84vycVD1nCI1qPENFAZCOE959pALoPj6QKXogU/TApnQ/mXCmX/k+EwOjFwNrWWJOaSrQXAGEIr/S3KTUorY1U2W5pzzohpoGAn23Af45/ObyAAAA[0m[INFO] Finished at: 2017-08-24T15:43:46+05:30
[8mha:////4B0cn1L+lmZWzXPvhGw7+0cAmpFWKCi2NB9qJ99mERa5AAAAzB+LCAAAAAAAAP9b85aBtbiIQSOjNKU4P0+vIKc0PTOvWK8kMze1uCQxtyC1SC8ExvbLL0llgABGJgYmLwaB3MycnMzi4My85FTXgvzkDB8G3tScxILi1BRfsEwJg4BPVmJZon5OYl66vk9+Xrp1RRGDFNSy5Py84vycVD1nCI1qPENFAZCOE959bAXQfXwgU/RApuiBTel+MuFMv/J9JgZGLwbWssSc0lSguQIIRX6luUmpRW1rpspyT3nQDTUNBCZyAwAjOVYr8gAAAA==[0m[INFO] Final Memory: 31M/448M
[8mha:////4CC78el1dV65b4ARDlOTMZYAVXSZTjgpehOUAYCeeNaGAAAAzB+LCAAAAAAAAP9b85aBtbiIQSOjNKU4P0+vIKc0PTOvWK8kMze1uCQxtyC1SC8ExvbLL0llgABGJgYmLwaB3MycnMzi4My85FTXgvzkDB8G3tScxILi1BRfsEwJg4BPVmJZon5OYl66vk9+Xrp1RRGDFNSy5Py84vycVD1nCI1qPENFAZCOE959bCXQfXwgU/RApuiBTel+MuFMv/J9JgZGLwbWssSc0lSguQIIRX6luUmpRW1rpspyT3nQDTUNBCbyAADR28v+8gAAAA==[0m[INFO] ------------------------------------------------------------------------
