[8mha:////4ONM++TfXiIdKKv+G1Tg5jM1U1Sjv/p7Z51ZVOvqSZk/AAAAyx+LCAAAAAAAAP9b85aBtbiIQSOjNKU4P0+vIKc0PTOvWK8kMze1uCQxtyC1SC8ExvbLL0llgABGJgYmLwaB3MycnMzi4My85FTXgvzkDB8G3tScxILi1BRfsEwJg4BPVmJZon5OYl66vk9+Xrp1RRGDFNSy5Py84vycVD1nCI1qPENFAZCObfH2TgC6jw9kih7IFD2wKd1PJpzpV77PxMDoxcBalphTmgo0VwChyK80Nym1qG3NVFnuKQ+6oaaBwPd6AB5zMy3yAAAA[0m[CTC_Demo] Running shell script
[8mha:////4KeD/kWXPRT4eiF0ujHFoTP7+8wc558DXhO2hnAR6/zRAAAAyx+LCAAAAAAAAP9b85aBtbiIQSOjNKU4P0+vIKc0PTOvWK8kMze1uCQxtyC1SC8ExvbLL0llgABGJgYmLwaB3MycnMzi4My85FTXgvzkDB8G3tScxILi1BRfsEwJg4BPVmJZon5OYl66vk9+Xrp1RRGDFNSy5Py84vycVD1nCI1qPENFAZCObfH22QF0Hx/IFD2QKXpgU7qfTDjTr3yfiYHRi4G1LDGnNBVorgBCkV9pblJqUduaqbLcUx50Q00DgR/XAZbQZKryAAAA[0m+ /opt/maven/bin/mvn clean package
[8mha:////4DKFapX9zta3Xndj5D/zzuh9I97Zne+zPYKjajbvMXmWAAAAzB+LCAAAAAAAAP9b85aBtbiIQSOjNKU4P0+vIKc0PTOvWK8kMze1uCQxtyC1SC8ExvbLL0llgABGJgYmLwaB3MycnMzi4My85FTXgvzkDB8G3tScxILi1BRfsEwJg4BPVmJZon5OYl66vk9+Xrp1RRGDFNSy5Py84vycVD1nCI1qPENFAZCObfFOdAW6jw9kih7IFD2wKd1PJpzpV77PxMDoxcBalphTmgo0VwChyK80Nym1qG3NVFnuKQ+6oaaBDOZNAQAqSqrV8gAAAA==[0m[INFO] Scanning for projects...
[8mha:////4JUPHpjK2eDVm4VhJgXbhymT5XqkH3ImdVshe15msUajAAAAzB+LCAAAAAAAAP9b85aBtbiIQSOjNKU4P0+vIKc0PTOvWK8kMze1uCQxtyC1SC8ExvbLL0llgABGJgYmLwaB3MycnMzi4My85FTXgvzkDB8G3tScxILi1BRfsEwJg4BPVmJZon5OYl66vk9+Xrp1RRGDFNSy5Py84vycVD1nCI1qPENFAZCObfFO8gC6jw9kih7IFD2wKd1PJpzpV77PxMDoxcBalphTmgo0VwChyK80Nym1qG3NVFnuKQ+6oaaBDOZLBwBz/NPO8gAAAA==[0m[WARNING] 
[8mha:////4CcWH6xR+xv/8kBHfFaKweKYzu2wnAhtmuAM+ANMx4+kAAAAzB+LCAAAAAAAAP9b85aBtbiIQSOjNKU4P0+vIKc0PTOvWK8kMze1uCQxtyC1SC8ExvbLL0llgABGJgYmLwaB3MycnMzi4My85FTXgvzkDB8G3tScxILi1BRfsEwJg4BPVmJZon5OYl66vk9+Xrp1RRGDFNSy5Py84vycVD1nCI1qPENFAZCObfFO8ga6jw9kih7IFD2wKd1PJpzpV77PxMDoxcBalphTmgo0VwChyK80Nym1qG3NVFnuKQ+6oaaBDObLAgA9GWls8gAAAA==[0m[WARNING] Some problems were encountered while building the effective model for com.wakaleo.gameoflife:gameoflife-build:jar:1.0-SNAPSHOT
[8mha:////4Dqn3RdKKV9tNHHB+4Or3hhpGO/lWsAbMZSrJhzlVu3yAAAAzB+LCAAAAAAAAP9b85aBtbiIQSOjNKU4P0+vIKc0PTOvWK8kMze1uCQxtyC1SC8ExvbLL0llgABGJgYmLwaB3MycnMzi4My85FTXgvzkDB8G3tScxILi1BRfsEwJg4BPVmJZon5OYl66vk9+Xrp1RRGDFNSy5Py84vycVD1nCI1qPENFAZCObfFO8gG6jw9kih7IFD2wKd1PJpzpV77PxMDoxcBalphTmgo0VwChyK80Nym1qG3NVFnuKQ+6oaaBDObLBgBda/Ez8gAAAA==[0m[WARNING] Reporting configuration should be done in <reporting> section, not in maven-site-plugin <configuration> as reportPlugins parameter.
[8mha:////4Dqn3RdKKV9tNHHB+4Or3hhpGO/lWsAbMZSrJhzlVu3yAAAAzB+LCAAAAAAAAP9b85aBtbiIQSOjNKU4P0+vIKc0PTOvWK8kMze1uCQxtyC1SC8ExvbLL0llgABGJgYmLwaB3MycnMzi4My85FTXgvzkDB8G3tScxILi1BRfsEwJg4BPVmJZon5OYl66vk9+Xrp1RRGDFNSy5Py84vycVD1nCI1qPENFAZCObfFO8gG6jw9kih7IFD2wKd1PJpzpV77PxMDoxcBalphTmgo0VwChyK80Nym1qG3NVFnuKQ+6oaaBDObLBgBda/Ez8gAAAA==[0m[WARNING] 
[8mha:////4Dqn3RdKKV9tNHHB+4Or3hhpGO/lWsAbMZSrJhzlVu3yAAAAzB+LCAAAAAAAAP9b85aBtbiIQSOjNKU4P0+vIKc0PTOvWK8kMze1uCQxtyC1SC8ExvbLL0llgABGJgYmLwaB3MycnMzi4My85FTXgvzkDB8G3tScxILi1BRfsEwJg4BPVmJZon5OYl66vk9+Xrp1RRGDFNSy5Py84vycVD1nCI1qPENFAZCObfFO8gG6jw9kih7IFD2wKd1PJpzpV77PxMDoxcBalphTmgo0VwChyK80Nym1qG3NVFnuKQ+6oaaBDObLBgBda/Ez8gAAAA==[0m[WARNING] Some problems were encountered while building the effective model for com.wakaleo.gameoflife:gameoflife-core:jar:1.0-SNAPSHOT
[8mha:////4Dqn3RdKKV9tNHHB+4Or3hhpGO/lWsAbMZSrJhzlVu3yAAAAzB+LCAAAAAAAAP9b85aBtbiIQSOjNKU4P0+vIKc0PTOvWK8kMze1uCQxtyC1SC8ExvbLL0llgABGJgYmLwaB3MycnMzi4My85FTXgvzkDB8G3tScxILi1BRfsEwJg4BPVmJZon5OYl66vk9+Xrp1RRGDFNSy5Py84vycVD1nCI1qPENFAZCObfFO8gG6jw9kih7IFD2wKd1PJpzpV77PxMDoxcBalphTmgo0VwChyK80Nym1qG3NVFnuKQ+6oaaBDObLBgBda/Ez8gAAAA==[0m[WARNING] Reporting configuration should be done in <reporting> section, not in maven-site-plugin <configuration> as reportPlugins parameter.
[8mha:////4Dqn3RdKKV9tNHHB+4Or3hhpGO/lWsAbMZSrJhzlVu3yAAAAzB+LCAAAAAAAAP9b85aBtbiIQSOjNKU4P0+vIKc0PTOvWK8kMze1uCQxtyC1SC8ExvbLL0llgABGJgYmLwaB3MycnMzi4My85FTXgvzkDB8G3tScxILi1BRfsEwJg4BPVmJZon5OYl66vk9+Xrp1RRGDFNSy5Py84vycVD1nCI1qPENFAZCObfFO8gG6jw9kih7IFD2wKd1PJpzpV77PxMDoxcBalphTmgo0VwChyK80Nym1qG3NVFnuKQ+6oaaBDObLBgBda/Ez8gAAAA==[0m[WARNING] 
[8mha:////4Dqn3RdKKV9tNHHB+4Or3hhpGO/lWsAbMZSrJhzlVu3yAAAAzB+LCAAAAAAAAP9b85aBtbiIQSOjNKU4P0+vIKc0PTOvWK8kMze1uCQxtyC1SC8ExvbLL0llgABGJgYmLwaB3MycnMzi4My85FTXgvzkDB8G3tScxILi1BRfsEwJg4BPVmJZon5OYl66vk9+Xrp1RRGDFNSy5Py84vycVD1nCI1qPENFAZCObfFO8gG6jw9kih7IFD2wKd1PJpzpV77PxMDoxcBalphTmgo0VwChyK80Nym1qG3NVFnuKQ+6oaaBDObLBgBda/Ez8gAAAA==[0m[WARNING] Some problems were encountered while building the effective model for com.wakaleo.gameoflife:gameoflife-web:war:1.0-SNAPSHOT
[8mha:////4Dqn3RdKKV9tNHHB+4Or3hhpGO/lWsAbMZSrJhzlVu3yAAAAzB+LCAAAAAAAAP9b85aBtbiIQSOjNKU4P0+vIKc0PTOvWK8kMze1uCQxtyC1SC8ExvbLL0llgABGJgYmLwaB3MycnMzi4My85FTXgvzkDB8G3tScxILi1BRfsEwJg4BPVmJZon5OYl66vk9+Xrp1RRGDFNSy5Py84vycVD1nCI1qPENFAZCObfFO8gG6jw9kih7IFD2wKd1PJpzpV77PxMDoxcBalphTmgo0VwChyK80Nym1qG3NVFnuKQ+6oaaBDObLBgBda/Ez8gAAAA==[0m[WARNING] Reporting configuration should be done in <reporting> section, not in maven-site-plugin <configuration> as reportPlugins parameter.
[8mha:////4Dqn3RdKKV9tNHHB+4Or3hhpGO/lWsAbMZSrJhzlVu3yAAAAzB+LCAAAAAAAAP9b85aBtbiIQSOjNKU4P0+vIKc0PTOvWK8kMze1uCQxtyC1SC8ExvbLL0llgABGJgYmLwaB3MycnMzi4My85FTXgvzkDB8G3tScxILi1BRfsEwJg4BPVmJZon5OYl66vk9+Xrp1RRGDFNSy5Py84vycVD1nCI1qPENFAZCObfFO8gG6jw9kih7IFD2wKd1PJpzpV77PxMDoxcBalphTmgo0VwChyK80Nym1qG3NVFnuKQ+6oaaBDObLBgBda/Ez8gAAAA==[0m[WARNING] 
[8mha:////4Dqn3RdKKV9tNHHB+4Or3hhpGO/lWsAbMZSrJhzlVu3yAAAAzB+LCAAAAAAAAP9b85aBtbiIQSOjNKU4P0+vIKc0PTOvWK8kMze1uCQxtyC1SC8ExvbLL0llgABGJgYmLwaB3MycnMzi4My85FTXgvzkDB8G3tScxILi1BRfsEwJg4BPVmJZon5OYl66vk9+Xrp1RRGDFNSy5Py84vycVD1nCI1qPENFAZCObfFO8gG6jw9kih7IFD2wKd1PJpzpV77PxMDoxcBalphTmgo0VwChyK80Nym1qG3NVFnuKQ+6oaaBDObLBgBda/Ez8gAAAA==[0m[WARNING] Some problems were encountered while building the effective model for com.wakaleo.gameoflife:gameoflife:pom:1.0-SNAPSHOT
[8mha:////4Dqn3RdKKV9tNHHB+4Or3hhpGO/lWsAbMZSrJhzlVu3yAAAAzB+LCAAAAAAAAP9b85aBtbiIQSOjNKU4P0+vIKc0PTOvWK8kMze1uCQxtyC1SC8ExvbLL0llgABGJgYmLwaB3MycnMzi4My85FTXgvzkDB8G3tScxILi1BRfsEwJg4BPVmJZon5OYl66vk9+Xrp1RRGDFNSy5Py84vycVD1nCI1qPENFAZCObfFO8gG6jw9kih7IFD2wKd1PJpzpV77PxMDoxcBalphTmgo0VwChyK80Nym1qG3NVFnuKQ+6oaaBDObLBgBda/Ez8gAAAA==[0m[WARNING] Reporting configuration should be done in <reporting> section, not in maven-site-plugin <configuration> as reportPlugins parameter. @ line 302, column 40
[8mha:////4Dqn3RdKKV9tNHHB+4Or3hhpGO/lWsAbMZSrJhzlVu3yAAAAzB+LCAAAAAAAAP9b85aBtbiIQSOjNKU4P0+vIKc0PTOvWK8kMze1uCQxtyC1SC8ExvbLL0llgABGJgYmLwaB3MycnMzi4My85FTXgvzkDB8G3tScxILi1BRfsEwJg4BPVmJZon5OYl66vk9+Xrp1RRGDFNSy5Py84vycVD1nCI1qPENFAZCObfFO8gG6jw9kih7IFD2wKd1PJpzpV77PxMDoxcBalphTmgo0VwChyK80Nym1qG3NVFnuKQ+6oaaBDObLBgBda/Ez8gAAAA==[0m[WARNING] 
[8mha:////4EmAiKNcwHEqxRt3lP/QkZ6pqxweQ5zhCBKCj45XjqlIAAAAzB+LCAAAAAAAAP9b85aBtbiIQSOjNKU4P0+vIKc0PTOvWK8kMze1uCQxtyC1SC8ExvbLL0llgABGJgYmLwaB3MycnMzi4My85FTXgvzkDB8G3tScxILi1BRfsEwJg4BPVmJZon5OYl66vk9+Xrp1RRGDFNSy5Py84vycVD1nCI1qPENFAZCObfFO8gW6jw9kih7IFD2wKd1PJpzpV77PxMDoxcBalphTmgo0VwChyK80Nym1qG3NVFnuKQ+6oaaBDObLAQCviWzm8gAAAA==[0m[WARNING] It is highly recommended to fix these problems because they threaten the stability of your build.
[8mha:////4EmAiKNcwHEqxRt3lP/QkZ6pqxweQ5zhCBKCj45XjqlIAAAAzB+LCAAAAAAAAP9b85aBtbiIQSOjNKU4P0+vIKc0PTOvWK8kMze1uCQxtyC1SC8ExvbLL0llgABGJgYmLwaB3MycnMzi4My85FTXgvzkDB8G3tScxILi1BRfsEwJg4BPVmJZon5OYl66vk9+Xrp1RRGDFNSy5Py84vycVD1nCI1qPENFAZCObfFO8gW6jw9kih7IFD2wKd1PJpzpV77PxMDoxcBalphTmgo0VwChyK80Nym1qG3NVFnuKQ+6oaaBDObLAQCviWzm8gAAAA==[0m[WARNING] 
[8mha:////4EmAiKNcwHEqxRt3lP/QkZ6pqxweQ5zhCBKCj45XjqlIAAAAzB+LCAAAAAAAAP9b85aBtbiIQSOjNKU4P0+vIKc0PTOvWK8kMze1uCQxtyC1SC8ExvbLL0llgABGJgYmLwaB3MycnMzi4My85FTXgvzkDB8G3tScxILi1BRfsEwJg4BPVmJZon5OYl66vk9+Xrp1RRGDFNSy5Py84vycVD1nCI1qPENFAZCObfFO8gW6jw9kih7IFD2wKd1PJpzpV77PxMDoxcBalphTmgo0VwChyK80Nym1qG3NVFnuKQ+6oaaBDObLAQCviWzm8gAAAA==[0m[WARNING] For this reason, future Maven versions might no longer support building such malformed projects.
[8mha:////4EmAiKNcwHEqxRt3lP/QkZ6pqxweQ5zhCBKCj45XjqlIAAAAzB+LCAAAAAAAAP9b85aBtbiIQSOjNKU4P0+vIKc0PTOvWK8kMze1uCQxtyC1SC8ExvbLL0llgABGJgYmLwaB3MycnMzi4My85FTXgvzkDB8G3tScxILi1BRfsEwJg4BPVmJZon5OYl66vk9+Xrp1RRGDFNSy5Py84vycVD1nCI1qPENFAZCObfFO8gW6jw9kih7IFD2wKd1PJpzpV77PxMDoxcBalphTmgo0VwChyK80Nym1qG3NVFnuKQ+6oaaBDObLAQCviWzm8gAAAA==[0m[WARNING] 
[8mha:////4EmAiKNcwHEqxRt3lP/QkZ6pqxweQ5zhCBKCj45XjqlIAAAAzB+LCAAAAAAAAP9b85aBtbiIQSOjNKU4P0+vIKc0PTOvWK8kMze1uCQxtyC1SC8ExvbLL0llgABGJgYmLwaB3MycnMzi4My85FTXgvzkDB8G3tScxILi1BRfsEwJg4BPVmJZon5OYl66vk9+Xrp1RRGDFNSy5Py84vycVD1nCI1qPENFAZCObfFO8gW6jw9kih7IFD2wKd1PJpzpV77PxMDoxcBalphTmgo0VwChyK80Nym1qG3NVFnuKQ+6oaaBDObLAQCviWzm8gAAAA==[0m[INFO] ------------------------------------------------------------------------
[8mha:////4EmAiKNcwHEqxRt3lP/QkZ6pqxweQ5zhCBKCj45XjqlIAAAAzB+LCAAAAAAAAP9b85aBtbiIQSOjNKU4P0+vIKc0PTOvWK8kMze1uCQxtyC1SC8ExvbLL0llgABGJgYmLwaB3MycnMzi4My85FTXgvzkDB8G3tScxILi1BRfsEwJg4BPVmJZon5OYl66vk9+Xrp1RRGDFNSy5Py84vycVD1nCI1qPENFAZCObfFO8gW6jw9kih7IFD2wKd1PJpzpV77PxMDoxcBalphTmgo0VwChyK80Nym1qG3NVFnuKQ+6oaaBDObLAQCviWzm8gAAAA==[0m[INFO] Reactor Build Order:
[8mha:////4EmAiKNcwHEqxRt3lP/QkZ6pqxweQ5zhCBKCj45XjqlIAAAAzB+LCAAAAAAAAP9b85aBtbiIQSOjNKU4P0+vIKc0PTOvWK8kMze1uCQxtyC1SC8ExvbLL0llgABGJgYmLwaB3MycnMzi4My85FTXgvzkDB8G3tScxILi1BRfsEwJg4BPVmJZon5OYl66vk9+Xrp1RRGDFNSy5Py84vycVD1nCI1qPENFAZCObfFO8gW6jw9kih7IFD2wKd1PJpzpV77PxMDoxcBalphTmgo0VwChyK80Nym1qG3NVFnuKQ+6oaaBDObLAQCviWzm8gAAAA==[0m[INFO] 
[8mha:////4EmAiKNcwHEqxRt3lP/QkZ6pqxweQ5zhCBKCj45XjqlIAAAAzB+LCAAAAAAAAP9b85aBtbiIQSOjNKU4P0+vIKc0PTOvWK8kMze1uCQxtyC1SC8ExvbLL0llgABGJgYmLwaB3MycnMzi4My85FTXgvzkDB8G3tScxILi1BRfsEwJg4BPVmJZon5OYl66vk9+Xrp1RRGDFNSy5Py84vycVD1nCI1qPENFAZCObfFO8gW6jw9kih7IFD2wKd1PJpzpV77PxMDoxcBalphTmgo0VwChyK80Nym1qG3NVFnuKQ+6oaaBDObLAQCviWzm8gAAAA==[0m[INFO] gameoflife
[8mha:////4EmAiKNcwHEqxRt3lP/QkZ6pqxweQ5zhCBKCj45XjqlIAAAAzB+LCAAAAAAAAP9b85aBtbiIQSOjNKU4P0+vIKc0PTOvWK8kMze1uCQxtyC1SC8ExvbLL0llgABGJgYmLwaB3MycnMzi4My85FTXgvzkDB8G3tScxILi1BRfsEwJg4BPVmJZon5OYl66vk9+Xrp1RRGDFNSy5Py84vycVD1nCI1qPENFAZCObfFO8gW6jw9kih7IFD2wKd1PJpzpV77PxMDoxcBalphTmgo0VwChyK80Nym1qG3NVFnuKQ+6oaaBDObLAQCviWzm8gAAAA==[0m[INFO] gameoflife-build
[8mha:////4EmAiKNcwHEqxRt3lP/QkZ6pqxweQ5zhCBKCj45XjqlIAAAAzB+LCAAAAAAAAP9b85aBtbiIQSOjNKU4P0+vIKc0PTOvWK8kMze1uCQxtyC1SC8ExvbLL0llgABGJgYmLwaB3MycnMzi4My85FTXgvzkDB8G3tScxILi1BRfsEwJg4BPVmJZon5OYl66vk9+Xrp1RRGDFNSy5Py84vycVD1nCI1qPENFAZCObfFO8gW6jw9kih7IFD2wKd1PJpzpV77PxMDoxcBalphTmgo0VwChyK80Nym1qG3NVFnuKQ+6oaaBDObLAQCviWzm8gAAAA==[0m[INFO] gameoflife-core
[8mha:////4EmAiKNcwHEqxRt3lP/QkZ6pqxweQ5zhCBKCj45XjqlIAAAAzB+LCAAAAAAAAP9b85aBtbiIQSOjNKU4P0+vIKc0PTOvWK8kMze1uCQxtyC1SC8ExvbLL0llgABGJgYmLwaB3MycnMzi4My85FTXgvzkDB8G3tScxILi1BRfsEwJg4BPVmJZon5OYl66vk9+Xrp1RRGDFNSy5Py84vycVD1nCI1qPENFAZCObfFO8gW6jw9kih7IFD2wKd1PJpzpV77PxMDoxcBalphTmgo0VwChyK80Nym1qG3NVFnuKQ+6oaaBDObLAQCviWzm8gAAAA==[0m[INFO] gameoflife-web
[8mha:////4EmAiKNcwHEqxRt3lP/QkZ6pqxweQ5zhCBKCj45XjqlIAAAAzB+LCAAAAAAAAP9b85aBtbiIQSOjNKU4P0+vIKc0PTOvWK8kMze1uCQxtyC1SC8ExvbLL0llgABGJgYmLwaB3MycnMzi4My85FTXgvzkDB8G3tScxILi1BRfsEwJg4BPVmJZon5OYl66vk9+Xrp1RRGDFNSy5Py84vycVD1nCI1qPENFAZCObfFO8gW6jw9kih7IFD2wKd1PJpzpV77PxMDoxcBalphTmgo0VwChyK80Nym1qG3NVFnuKQ+6oaaBDObLAQCviWzm8gAAAA==[0m[INFO] 
[8mha:////4EmAiKNcwHEqxRt3lP/QkZ6pqxweQ5zhCBKCj45XjqlIAAAAzB+LCAAAAAAAAP9b85aBtbiIQSOjNKU4P0+vIKc0PTOvWK8kMze1uCQxtyC1SC8ExvbLL0llgABGJgYmLwaB3MycnMzi4My85FTXgvzkDB8G3tScxILi1BRfsEwJg4BPVmJZon5OYl66vk9+Xrp1RRGDFNSy5Py84vycVD1nCI1qPENFAZCObfFO8gW6jw9kih7IFD2wKd1PJpzpV77PxMDoxcBalphTmgo0VwChyK80Nym1qG3NVFnuKQ+6oaaBDObLAQCviWzm8gAAAA==[0m[INFO] ------------------------------------------------------------------------
[8mha:////4EmAiKNcwHEqxRt3lP/QkZ6pqxweQ5zhCBKCj45XjqlIAAAAzB+LCAAAAAAAAP9b85aBtbiIQSOjNKU4P0+vIKc0PTOvWK8kMze1uCQxtyC1SC8ExvbLL0llgABGJgYmLwaB3MycnMzi4My85FTXgvzkDB8G3tScxILi1BRfsEwJg4BPVmJZon5OYl66vk9+Xrp1RRGDFNSy5Py84vycVD1nCI1qPENFAZCObfFO8gW6jw9kih7IFD2wKd1PJpzpV77PxMDoxcBalphTmgo0VwChyK80Nym1qG3NVFnuKQ+6oaaBDObLAQCviWzm8gAAAA==[0m[INFO] Building gameoflife 1.0-SNAPSHOT
[8mha:////4EmAiKNcwHEqxRt3lP/QkZ6pqxweQ5zhCBKCj45XjqlIAAAAzB+LCAAAAAAAAP9b85aBtbiIQSOjNKU4P0+vIKc0PTOvWK8kMze1uCQxtyC1SC8ExvbLL0llgABGJgYmLwaB3MycnMzi4My85FTXgvzkDB8G3tScxILi1BRfsEwJg4BPVmJZon5OYl66vk9+Xrp1RRGDFNSy5Py84vycVD1nCI1qPENFAZCObfFO8gW6jw9kih7IFD2wKd1PJpzpV77PxMDoxcBalphTmgo0VwChyK80Nym1qG3NVFnuKQ+6oaaBDObLAQCviWzm8gAAAA==[0m[INFO] ------------------------------------------------------------------------
[8mha:////4FnV8dFfaVDXDdHRikOo8MwRjJj/nWRgP/YF89FiV8IxAAAAzB+LCAAAAAAAAP9b85aBtbiIQSOjNKU4P0+vIKc0PTOvWK8kMze1uCQxtyC1SC8ExvbLL0llgABGJgYmLwaB3MycnMzi4My85FTXgvzkDB8G3tScxILi1BRfsEwJg4BPVmJZon5OYl66vk9+Xrp1RRGDFNSy5Py84vycVD1nCI1qPENFAZCObfFOaQS6jw9kih7IFD2wKd1PJpzpV77PxMDoxcBalphTmgo0VwChyK80Nym1qG3NVFnuKQ+6oaaBDBZYAADwjz/08gAAAA==[0m[INFO] 
[8mha:////4Luoq7H0a80YDYlsgPEuNWO09bsYA9ypAF5mONTQ9lVmAAAAzB+LCAAAAAAAAP9b85aBtbiIQSOjNKU4P0+vIKc0PTOvWK8kMze1uCQxtyC1SC8ExvbLL0llgABGJgYmLwaB3MycnMzi4My85FTXgvzkDB8G3tScxILi1BRfsEwJg4BPVmJZon5OYl66vk9+Xrp1RRGDFNSy5Py84vycVD1nCI1qPENFAZCObfFOaQa6jw9kih7IFD2wKd1PJpzpV77PxMDoxcBalphTmgo0VwChyK80Nym1qG3NVFnuKQ+6oaaBDBZYBAB+AMON8gAAAA==[0m[INFO] --- maven-clean-plugin:2.5:clean (default-clean) @ gameoflife ---
[8mha:////4Luoq7H0a80YDYlsgPEuNWO09bsYA9ypAF5mONTQ9lVmAAAAzB+LCAAAAAAAAP9b85aBtbiIQSOjNKU4P0+vIKc0PTOvWK8kMze1uCQxtyC1SC8ExvbLL0llgABGJgYmLwaB3MycnMzi4My85FTXgvzkDB8G3tScxILi1BRfsEwJg4BPVmJZon5OYl66vk9+Xrp1RRGDFNSy5Py84vycVD1nCI1qPENFAZCObfFOaQa6jw9kih7IFD2wKd1PJpzpV77PxMDoxcBalphTmgo0VwChyK80Nym1qG3NVFnuKQ+6oaaBDBZYBAB+AMON8gAAAA==[0m[INFO] Deleting /var/lib/jenkins/workspace/CTC_Demo/target
[8mha:////4Luoq7H0a80YDYlsgPEuNWO09bsYA9ypAF5mONTQ9lVmAAAAzB+LCAAAAAAAAP9b85aBtbiIQSOjNKU4P0+vIKc0PTOvWK8kMze1uCQxtyC1SC8ExvbLL0llgABGJgYmLwaB3MycnMzi4My85FTXgvzkDB8G3tScxILi1BRfsEwJg4BPVmJZon5OYl66vk9+Xrp1RRGDFNSy5Py84vycVD1nCI1qPENFAZCObfFOaQa6jw9kih7IFD2wKd1PJpzpV77PxMDoxcBalphTmgo0VwChyK80Nym1qG3NVFnuKQ+6oaaBDBZYBAB+AMON8gAAAA==[0m[INFO] 
[8mha:////4GChv7z2kpFDG4cDIcvYeF5/yvvOhpW5DvJ/rjHwheUiAAAAzB+LCAAAAAAAAP9b85aBtbiIQSOjNKU4P0+vIKc0PTOvWK8kMze1uCQxtyC1SC8ExvbLL0llgABGJgYmLwaB3MycnMzi4My85FTXgvzkDB8G3tScxILi1BRfsEwJg4BPVmJZon5OYl66vk9+Xrp1RRGDFNSy5Py84vycVD1nCI1qPENFAZCObfFOaQG6jw9kih7IFD2wKd1PJpzpV77PxMDoxcBalphTmgo0VwChyK80Nym1qG3NVFnuKQ+6oaaBDBZYDAAeclvS8gAAAA==[0m[INFO] --- maven-enforcer-plugin:1.0:enforce (enforce-versions) @ gameoflife ---
[8mha:////4LcRqNYGCAaqZbvOKPCK5JzExbuQFgrh7AFPRAeKUdKJAAAAzB+LCAAAAAAAAP9b85aBtbiIQSOjNKU4P0+vIKc0PTOvWK8kMze1uCQxtyC1SC8ExvbLL0llgABGJgYmLwaB3MycnMzi4My85FTXgvzkDB8G3tScxILi1BRfsEwJg4BPVmJZon5OYl66vk9+Xrp1RRGDFNSy5Py84vycVD1nCI1qPENFAZCObfFO2wV0Hx/IFD2QKXpgU7qfTDjTr3yfiYHRi4G1LDGnNBVorgBCkV9pblJqUduaqbLcUx50Q00DGSx0EwDCnB+U8gAAAA==[0m[INFO] 
[8mha:////4FTnwHQZQUxJtN41A9iPr+fuhLnQZwofddXNrF5fT1DvAAAAzB+LCAAAAAAAAP9b85aBtbiIQSOjNKU4P0+vIKc0PTOvWK8kMze1uCQxtyC1SC8ExvbLL0llgABGJgYmLwaB3MycnMzi4My85FTXgvzkDB8G3tScxILi1BRfsEwJg4BPVmJZon5OYl66vk9+Xrp1RRGDFNSy5Py84vycVD1nCI1qPENFAZCObfFO2wN0Hx/IFD2QKXpgU7qfTDjTr3yfiYHRi4G1LDGnNBVorgBCkV9pblJqUduaqbLcUx50Q00DGSx0GwBJyHcZ8gAAAA==[0m[INFO] --- jacoco-maven-plugin:0.7.2.201409121644:prepare-agent (jacoco-initialize) @ gameoflife ---
[8mha:////4GDp1VCysRqLFWFHXHdjgipRME6AmC/tlDxwsEgpzGLGAAAAzB+LCAAAAAAAAP9b85aBtbiIQSOjNKU4P0+vIKc0PTOvWK8kMze1uCQxtyC1SC8ExvbLL0llgABGJgYmLwaB3MycnMzi4My85FTXgvzkDB8G3tScxILi1BRfsEwJg4BPVmJZon5OYl66vk9+Xrp1RRGDFNSy5Py84vycVD1nCI1qPENFAZCObfHOYQe6jw9kih7IFD2wKd1PJpzpV77PxMDoxcBalphTmgo0VwChyK80Nym1qG3NVFnuKQ+6oaaBDJZQAwDQ3g4p8gAAAA==[0m[INFO] argLine set to -javaagent:/var/lib/jenkins/.m2/repository/org/jacoco/org.jacoco.agent/0.7.2.201409121644/org.jacoco.agent-0.7.2.201409121644-runtime.jar=destfile=/var/lib/jenkins/workspace/CTC_Demo/target/jacoco.exec
[8mha:////4FWMhaDCwWl4rAnZ7dYY7snP1q2rdRKu23mdau6jiznMAAAAzB+LCAAAAAAAAP9b85aBtbiIQSOjNKU4P0+vIKc0PTOvWK8kMze1uCQxtyC1SC8ExvbLL0llgABGJgYmLwaB3MycnMzi4My85FTXgvzkDB8G3tScxILi1BRfsEwJg4BPVmJZon5OYl66vk9+Xrp1RRGDFNSy5Py84vycVD1nCI1qPENFAZCObfHO4QK6jw9kih7IFD2wKd1PJpzpV77PxMDoxcBalphTmgo0VwChyK80Nym1qG3NVFnuKQ+6oaaBDJbQBABe34Q08gAAAA==[0m[INFO] 
[8mha:////4J0JBCtVgMPxz/LwrGCpzn+PVfsO15UEFm/LVxntjAPKAAAAzB+LCAAAAAAAAP9b85aBtbiIQSOjNKU4P0+vIKc0PTOvWK8kMze1uCQxtyC1SC8ExvbLL0llgABGJgYmLwaB3MycnMzi4My85FTXgvzkDB8G3tScxILi1BRfsEwJg4BPVmJZon5OYl66vk9+Xrp1RRGDFNSy5Py84vycVD1nCI1qPENFAZCObfHO4Qa6jw9kih7IFD2wKd1PJpzpV77PxMDoxcBalphTmgo0VwChyK80Nym1qG3NVFnuKQ+6oaaBDJbQAgC1+XTm8gAAAA==[0m[INFO] --- maven-surefire-plugin:2.11:test (unit-tests) @ gameoflife ---
[8mha:////4Hjaz/03McEN5bPvNZ23KIdayB9i3FvhEXYdg14hGQ6oAAAAzB+LCAAAAAAAAP9b85aBtbiIQSOjNKU4P0+vIKc0PTOvWK8kMze1uCQxtyC1SC8ExvbLL0llgABGJgYmLwaB3MycnMzi4My85FTXgvzkDB8G3tScxILi1BRfsEwJg4BPVmJZon5OYl66vk9+Xrp1RRGDFNSy5Py84vycVD1nCI1qPENFAZCObfHO5QG6jw9kih7IFD2wKd1PJpzpV77PxMDoxcBalphTmgo0VwChyK80Nym1qG3NVFnuKQ+6oaaBDJbUBgCBItC88gAAAA==[0m[INFO] No tests to run.
[8mha:////4Ib2yfiCfDAZ6p37eKN/GQ8OnBQbOc3wLlOny/uUH5yOAAAAzB+LCAAAAAAAAP9b85aBtbiIQSOjNKU4P0+vIKc0PTOvWK8kMze1uCQxtyC1SC8ExvbLL0llgABGJgYmLwaB3MycnMzi4My85FTXgvzkDB8G3tScxILi1BRfsEwJg4BPVmJZon5OYl66vk9+Xrp1RRGDFNSy5Py84vycVD1nCI1qPENFAZCObfHO5Qe6jw9kih7IFD2wKd1PJpzpV77PxMDoxcBalphTmgo0VwChyK80Nym1qG3NVFnuKQ+6oaaBDJbUAwD9T7EQ8gAAAA==[0m[INFO] Surefire report directory: /var/lib/jenkins/workspace/CTC_Demo/target/surefire-reports
[8mha:////4GIyPlgTj2PwQlM+nZpHjcr9yqvzCaErSxF2XGAVZzIJAAAAzB+LCAAAAAAAAP9b85aBtbiIQSOjNKU4P0+vIKc0PTOvWK8kMze1uCQxtyC1SC8ExvbLL0llgABGJgYmLwaB3MycnMzi4My85FTXgvzkDB8G3tScxILi1BRfsEwJg4BPVmJZon5OYl66vk9+Xrp1RRGDFNSy5Py84vycVD1nCI1qPENFAZCObfHOdwS6jw9kih7IFD2wKd1PJpzpV77PxMDoxcBalphTmgo0VwChyK80Nym1qG3NVFnuKQ+6oaaBDJZOAAA3cCaT8gAAAA==[0m
[8mha:////4CN77dN4KgRVOqjCntBu3n9EHl3I9u+I9SwQTulk9mt+AAAAzB+LCAAAAAAAAP9b85aBtbiIQSOjNKU4P0+vIKc0PTOvWK8kMze1uCQxtyC1SC8ExvbLL0llgABGJgYmLwaB3MycnMzi4My85FTXgvzkDB8G3tScxILi1BRfsEwJg4BPVmJZon5OYl66vk9+Xrp1RRGDFNSy5Py84vycVD1nCI1qPENFAZCObfHOdwK6jw9kih7IFD2wKd1PJpzpV77PxMDoxcBalphTmgo0VwChyK80Nym1qG3NVFnuKQ+6oaaBDJZOBABS2So48gAAAA==[0m-------------------------------------------------------
[8mha:////4FKCXk7tGoZjkw5EPqWyTjy2fYJIOSPFzdlv9tHVa4LxAAAAzB+LCAAAAAAAAP9b85aBtbiIQSOjNKU4P0+vIKc0PTOvWK8kMze1uCQxtyC1SC8ExvbLL0llgABGJgYmLwaB3MycnMzi4My85FTXgvzkDB8G3tScxILi1BRfsEwJg4BPVmJZon5OYl66vk9+Xrp1RRGDFNSy5Py84vycVD1nCI1qPENFAZCObfHOdwa6jw9kih7IFD2wKd1PJpzpV77PxMDoxcBalphTmgo0VwChyK80Nym1qG3NVFnuKQ+6oaaBDJZOAgC5/9rq8gAAAA==[0m T E S T S
[8mha:////4FKCXk7tGoZjkw5EPqWyTjy2fYJIOSPFzdlv9tHVa4LxAAAAzB+LCAAAAAAAAP9b85aBtbiIQSOjNKU4P0+vIKc0PTOvWK8kMze1uCQxtyC1SC8ExvbLL0llgABGJgYmLwaB3MycnMzi4My85FTXgvzkDB8G3tScxILi1BRfsEwJg4BPVmJZon5OYl66vk9+Xrp1RRGDFNSy5Py84vycVD1nCI1qPENFAZCObfHOdwa6jw9kih7IFD2wKd1PJpzpV77PxMDoxcBalphTmgo0VwChyK80Nym1qG3NVFnuKQ+6oaaBDJZOAgC5/9rq8gAAAA==[0m-------------------------------------------------------
[8mha:////4EH3GK5VlQjhLXq3b3RL19O3CeA3n/CRGQBT+BcfNbncAAAAzB+LCAAAAAAAAP9b85aBtbiIQSOjNKU4P0+vIKc0PTOvWK8kMze1uCQxtyC1SC8ExvbLL0llgABGJgYmLwaB3MycnMzi4My85FTXgvzkDB8G3tScxILi1BRfsEwJg4BPVmJZon5OYl66vk9+Xrp1RRGDFNSy5Py84vycVD1nCI1qPENFAZCObfEuWwB0Hx/IFD2QKXpgU7qfTDjTr3yfiYHRi4G1LDGnNBVorgBCkV9pblJqUduaqbLcUx50Q00DGay0HwAy15s38gAAAA==[0m
[8mha:////4P+idzjQPtoHCPsQkUaA+yL4Dq6vUJ+k8k7u4ajb7jX+AAAAzB+LCAAAAAAAAP9b85aBtbiIQSOjNKU4P0+vIKc0PTOvWK8kMze1uCQxtyC1SC8ExvbLL0llgABGJgYmLwaB3MycnMzi4My85FTXgvzkDB8G3tScxILi1BRfsEwJg4BPVmJZon5OYl66vk9+Xrp1RRGDFNSy5Py84vycVD1nCI1qPENFAZCObfEuWwh0Hx/IFD2QKXpgU7qfTDjTr3yfiYHRi4G1LDGnNBVorgBCkV9pblJqUduaqbLcUx50Q00DGax0AADOzNi88gAAAA==[0mResults :
[8mha:////4KLzBpfC/E8Z/AZP4CsE6r0CjhosATEu8o2avFjw+8rFAAAAzB+LCAAAAAAAAP9b85aBtbiIQSOjNKU4P0+vIKc0PTOvWK8kMze1uCQxtyC1SC8ExvbLL0llgABGJgYmLwaB3MycnMzi4My85FTXgvzkDB8G3tScxILi1BRfsEwJg4BPVmJZon5OYl66vk9+Xrp1RRGDFNSy5Py84vycVD1nCI1qPENFAZCObfEuWwR0Hx/IFD2QKXpgU7qfTDjTr3yfiYHRi4G1LDGnNBVorgBCkV9pblJqUduaqbLcUx50Q00DGax0EACrZdQX8gAAAA==[0m
[8mha:////4KLzBpfC/E8Z/AZP4CsE6r0CjhosATEu8o2avFjw+8rFAAAAzB+LCAAAAAAAAP9b85aBtbiIQSOjNKU4P0+vIKc0PTOvWK8kMze1uCQxtyC1SC8ExvbLL0llgABGJgYmLwaB3MycnMzi4My85FTXgvzkDB8G3tScxILi1BRfsEwJg4BPVmJZon5OYl66vk9+Xrp1RRGDFNSy5Py84vycVD1nCI1qPENFAZCObfEuWwR0Hx/IFD2QKXpgU7qfTDjTr3yfiYHRi4G1LDGnNBVorgBCkV9pblJqUduaqbLcUx50Q00DGax0EACrZdQX8gAAAA==[0mTests run: 0, Failures: 0, Errors: 0, Skipped: 0
[8mha:////4KLzBpfC/E8Z/AZP4CsE6r0CjhosATEu8o2avFjw+8rFAAAAzB+LCAAAAAAAAP9b85aBtbiIQSOjNKU4P0+vIKc0PTOvWK8kMze1uCQxtyC1SC8ExvbLL0llgABGJgYmLwaB3MycnMzi4My85FTXgvzkDB8G3tScxILi1BRfsEwJg4BPVmJZon5OYl66vk9+Xrp1RRGDFNSy5Py84vycVD1nCI1qPENFAZCObfEuWwR0Hx/IFD2QKXpgU7qfTDjTr3yfiYHRi4G1LDGnNBVorgBCkV9pblJqUduaqbLcUx50Q00DGax0EACrZdQX8gAAAA==[0m
[8mha:////4MmBpUTJ19ZSseo3JM6ZhCQpcXsGm1MjP+zUbQhkkkj9AAAAzB+LCAAAAAAAAP9b85aBtbiIQSOjNKU4P0+vIKc0PTOvWK8kMze1uCQxtyC1SC8ExvbLL0llgABGJgYmLwaB3MycnMzi4My85FTXgvzkDB8G3tScxILi1BRfsEwJg4BPVmJZon5OYl66vk9+Xrp1RRGDFNSy5Py84vycVD1nCI1qPENFAZCObfEuWwx0Hx/IFD2QKXpgU7qfTDjTr3yfiYHRi4G1LDGnNBVorgBCkV9pblJqUduaqbLcUx50Q00DGax0CABAQyTF8gAAAA==[0m[INFO] 
[8mha:////4MmBpUTJ19ZSseo3JM6ZhCQpcXsGm1MjP+zUbQhkkkj9AAAAzB+LCAAAAAAAAP9b85aBtbiIQSOjNKU4P0+vIKc0PTOvWK8kMze1uCQxtyC1SC8ExvbLL0llgABGJgYmLwaB3MycnMzi4My85FTXgvzkDB8G3tScxILi1BRfsEwJg4BPVmJZon5OYl66vk9+Xrp1RRGDFNSy5Py84vycVD1nCI1qPENFAZCObfEuWwx0Hx/IFD2QKXpgU7qfTDjTr3yfiYHRi4G1LDGnNBVorgBCkV9pblJqUduaqbLcUx50Q00DGax0CABAQyTF8gAAAA==[0m[INFO] --- maven-easyb-plugin:1.4:test (default) @ gameoflife ---
[8mha:////4GkTjSvetb5CV3SbPjJaJMGULSPL7V4ryq66NGf4NC+UAAAAzB+LCAAAAAAAAP9b85aBtbiIQSOjNKU4P0+vIKc0PTOvWK8kMze1uCQxtyC1SC8ExvbLL0llgABGJgYmLwaB3MycnMzi4My85FTXgvzkDB8G3tScxILi1BRfsEwJg4BPVmJZon5OYl66vk9+Xrp1RRGDFNSy5Py84vycVD1nCI1qPENFAZCObfGuYwG6jw9kih7IFD2wKd1PJpzpV77PxMDoxcBalphTmgo0VwChyK80Nym1qG3NVFnuKQ+6oaaBDNZSBgDmUFhJ8gAAAA==[0m[INFO] /var/lib/jenkins/workspace/CTC_Demo/src/test/stories does not exists.  Skipping easyb testing
[8mha:////4HIkifVkEJ970yMi5onF4t2vXOjkRyzGzzGBhqDH/xm2AAAAzB+LCAAAAAAAAP9b85aBtbiIQSOjNKU4P0+vIKc0PTOvWK8kMze1uCQxtyC1SC8ExvbLL0llgABGJgYmLwaB3MycnMzi4My85FTXgvzkDB8G3tScxILi1BRfsEwJg4BPVmJZon5OYl66vk9+Xrp1RRGDFNSy5Py84vycVD1nCI1qPENFAZCObfGuYwO6jw9kih7IFD2wKd1PJpzpV77PxMDoxcBalphTmgo0VwChyK80Nym1qG3NVFnuKQ+6oaaBDNZSBQBxG8k38gAAAA==[0m[INFO] 
[8mha:////4O01Xgiz9b1G03MYYBXIBWrBx2uVS2knPy6dqQoaVTikAAAAzB+LCAAAAAAAAP9b85aBtbiIQSOjNKU4P0+vIKc0PTOvWK8kMze1uCQxtyC1SC8ExvbLL0llgABGJgYmLwaB3MycnMzi4My85FTXgvzkDB8G3tScxILi1BRfsEwJg4BPVmJZon5OYl66vk9+Xrp1RRGDFNSy5Py84vycVD1nCI1qPENFAZCObfGuYwe6jw9kih7IFD2wKd1PJpzpV77PxMDoxcBalphTmgo0VwChyK80Nym1qG3NVFnuKQ+6oaaBDNZSAwCaPTnl8gAAAA==[0m[INFO] ------------------------------------------------------------------------
[8mha:////4GlqvBKD2u7YQefKTBiz+bny1YzmnPMhHdqURl0oNtWBAAAAzB+LCAAAAAAAAP9b85aBtbiIQSOjNKU4P0+vIKc0PTOvWK8kMze1uCQxtyC1SC8ExvbLL0llgABGJgYmLwaB3MycnMzi4My85FTXgvzkDB8G3tScxILi1BRfsEwJg4BPVmJZon5OYl66vk9+Xrp1RRGDFNSy5Py84vycVD1nCI1qPENFAZCObfGu4wC6jw9kih7IFD2wKd1PJpzpV77PxMDoxcBalphTmgo0VwChyK80Nym1qG3NVFnuKQ+6oaaBDNZSBwCx//mI8gAAAA==[0m[INFO] Building gameoflife-build 1.0-SNAPSHOT
[8mha:////4GlqvBKD2u7YQefKTBiz+bny1YzmnPMhHdqURl0oNtWBAAAAzB+LCAAAAAAAAP9b85aBtbiIQSOjNKU4P0+vIKc0PTOvWK8kMze1uCQxtyC1SC8ExvbLL0llgABGJgYmLwaB3MycnMzi4My85FTXgvzkDB8G3tScxILi1BRfsEwJg4BPVmJZon5OYl66vk9+Xrp1RRGDFNSy5Py84vycVD1nCI1qPENFAZCObfGu4wC6jw9kih7IFD2wKd1PJpzpV77PxMDoxcBalphTmgo0VwChyK80Nym1qG3NVFnuKQ+6oaaBDNZSBwCx//mI8gAAAA==[0m[INFO] ------------------------------------------------------------------------
[8mha:////4GlqvBKD2u7YQefKTBiz+bny1YzmnPMhHdqURl0oNtWBAAAAzB+LCAAAAAAAAP9b85aBtbiIQSOjNKU4P0+vIKc0PTOvWK8kMze1uCQxtyC1SC8ExvbLL0llgABGJgYmLwaB3MycnMzi4My85FTXgvzkDB8G3tScxILi1BRfsEwJg4BPVmJZon5OYl66vk9+Xrp1RRGDFNSy5Py84vycVD1nCI1qPENFAZCObfGu4wC6jw9kih7IFD2wKd1PJpzpV77PxMDoxcBalphTmgo0VwChyK80Nym1qG3NVFnuKQ+6oaaBDNZSBwCx//mI8gAAAA==[0m[INFO] 
[8mha:////4GlqvBKD2u7YQefKTBiz+bny1YzmnPMhHdqURl0oNtWBAAAAzB+LCAAAAAAAAP9b85aBtbiIQSOjNKU4P0+vIKc0PTOvWK8kMze1uCQxtyC1SC8ExvbLL0llgABGJgYmLwaB3MycnMzi4My85FTXgvzkDB8G3tScxILi1BRfsEwJg4BPVmJZon5OYl66vk9+Xrp1RRGDFNSy5Py84vycVD1nCI1qPENFAZCObfGu4wC6jw9kih7IFD2wKd1PJpzpV77PxMDoxcBalphTmgo0VwChyK80Nym1qG3NVFnuKQ+6oaaBDNZSBwCx//mI8gAAAA==[0m[INFO] --- maven-clean-plugin:2.5:clean (default-clean) @ gameoflife-build ---
[8mha:////4GlqvBKD2u7YQefKTBiz+bny1YzmnPMhHdqURl0oNtWBAAAAzB+LCAAAAAAAAP9b85aBtbiIQSOjNKU4P0+vIKc0PTOvWK8kMze1uCQxtyC1SC8ExvbLL0llgABGJgYmLwaB3MycnMzi4My85FTXgvzkDB8G3tScxILi1BRfsEwJg4BPVmJZon5OYl66vk9+Xrp1RRGDFNSy5Py84vycVD1nCI1qPENFAZCObfGu4wC6jw9kih7IFD2wKd1PJpzpV77PxMDoxcBalphTmgo0VwChyK80Nym1qG3NVFnuKQ+6oaaBDNZSBwCx//mI8gAAAA==[0m[INFO] Deleting /var/lib/jenkins/workspace/CTC_Demo/gameoflife-build/target
[8mha:////4GlqvBKD2u7YQefKTBiz+bny1YzmnPMhHdqURl0oNtWBAAAAzB+LCAAAAAAAAP9b85aBtbiIQSOjNKU4P0+vIKc0PTOvWK8kMze1uCQxtyC1SC8ExvbLL0llgABGJgYmLwaB3MycnMzi4My85FTXgvzkDB8G3tScxILi1BRfsEwJg4BPVmJZon5OYl66vk9+Xrp1RRGDFNSy5Py84vycVD1nCI1qPENFAZCObfGu4wC6jw9kih7IFD2wKd1PJpzpV77PxMDoxcBalphTmgo0VwChyK80Nym1qG3NVFnuKQ+6oaaBDNZSBwCx//mI8gAAAA==[0m[INFO] 
[8mha:////4NXOXoVSLUxF73LjpDbUSqmp2RtlmK9s6ohSXKzpDoX0AAAAzB+LCAAAAAAAAP9b85aBtbiIQSOjNKU4P0+vIKc0PTOvWK8kMze1uCQxtyC1SC8ExvbLL0llgABGJgYmLwaB3MycnMzi4My85FTXgvzkDB8G3tScxILi1BRfsEwJg4BPVmJZon5OYl66vk9+Xrp1RRGDFNSy5Py84vycVD1nCI1qPENFAZCObfGu4wS6jw9kih7IFD2wKd1PJpzpV77PxMDoxcBalphTmgo0VwChyK80Nym1qG3NVFnuKQ+6oaaBDNbSAABxlb9T8gAAAA==[0m[INFO] --- maven-enforcer-plugin:1.0:enforce (enforce-versions) @ gameoflife-build ---
[8mha:////4NXOXoVSLUxF73LjpDbUSqmp2RtlmK9s6ohSXKzpDoX0AAAAzB+LCAAAAAAAAP9b85aBtbiIQSOjNKU4P0+vIKc0PTOvWK8kMze1uCQxtyC1SC8ExvbLL0llgABGJgYmLwaB3MycnMzi4My85FTXgvzkDB8G3tScxILi1BRfsEwJg4BPVmJZon5OYl66vk9+Xrp1RRGDFNSy5Py84vycVD1nCI1qPENFAZCObfGu4wS6jw9kih7IFD2wKd1PJpzpV77PxMDoxcBalphTmgo0VwChyK80Nym1qG3NVFnuKQ+6oaaBDNbSAABxlb9T8gAAAA==[0m[INFO] 
[8mha:////4NXOXoVSLUxF73LjpDbUSqmp2RtlmK9s6ohSXKzpDoX0AAAAzB+LCAAAAAAAAP9b85aBtbiIQSOjNKU4P0+vIKc0PTOvWK8kMze1uCQxtyC1SC8ExvbLL0llgABGJgYmLwaB3MycnMzi4My85FTXgvzkDB8G3tScxILi1BRfsEwJg4BPVmJZon5OYl66vk9+Xrp1RRGDFNSy5Py84vycVD1nCI1qPENFAZCObfGu4wS6jw9kih7IFD2wKd1PJpzpV77PxMDoxcBalphTmgo0VwChyK80Nym1qG3NVFnuKQ+6oaaBDNbSAABxlb9T8gAAAA==[0m[INFO] --- maven-resources-plugin:2.6:resources (default-resources) @ gameoflife-build ---
[8mha:////4FSd+w/Q4hOB+Fe6b0q9O8reIPkQlHuF73BsXjxlFS4mAAAAzB+LCAAAAAAAAP9b85aBtbiIQSOjNKU4P0+vIKc0PTOvWK8kMze1uCQxtyC1SC8ExvbLL0llgABGJgYmLwaB3MycnMzi4My85FTXgvzkDB8G3tScxILi1BRfsEwJg4BPVmJZon5OYl66vk9+Xrp1RRGDFNSy5Py84vycVD1nCI1qPENFAZCObfFucAa6jw9kih7IFD2wKd1PJpzpV77PxMDoxcBalphTmgo0VwChyK80Nym1qG3NVFnuKQ+6oaaBDNZJAgCgfWBR8gAAAA==[0m[INFO] Using 'UTF-8' encoding to copy filtered resources.
[8mha:////4KfAqHLIv1l2NeyknQmIDwih2P0z838VnKbw4pWwGGYlAAAAzB+LCAAAAAAAAP9b85aBtbiIQSOjNKU4P0+vIKc0PTOvWK8kMze1uCQxtyC1SC8ExvbLL0llgABGJgYmLwaB3MycnMzi4My85FTXgvzkDB8G3tScxILi1BRfsEwJg4BPVmJZon5OYl66vk9+Xrp1RRGDFNSy5Py84vycVD1nCI1qPENFAZCObfFucAW6jw9kih7IFD2wKd1PJpzpV77PxMDoxcBalphTmgo0VwChyK80Nym1qG3NVFnuKQ+6oaaBDNZJAQAy7WXb8gAAAA==[0m[INFO] Copying 2 resources
[8mha:////4J7GYmMB1s1tLmFDiZJpi7xLqPjPUBAE4HdpICLtP4K9AAAAzB+LCAAAAAAAAP9b85aBtbiIQSOjNKU4P0+vIKc0PTOvWK8kMze1uCQxtyC1SC8ExvbLL0llgABGJgYmLwaB3MycnMzi4My85FTXgvzkDB8G3tScxILi1BRfsEwJg4BPVmJZon5OYl66vk9+Xrp1RRGDFNSy5Py84vycVD1nCI1qPENFAZCObfFucAe6jw9kih7IFD2wKd1PJpzpV77PxMDoxcBalphTmgo0VwChyK80Nym1qG3NVFnuKQ+6oaaBDNZJAwC8Ypmi8gAAAA==[0m[INFO] 
[8mha:////4HR4i/WIH5gFJ7tX6UxBdnMMdEEu5ez/jk/ZOg5YEmI/AAAAzB+LCAAAAAAAAP9b85aBtbiIQSOjNKU4P0+vIKc0PTOvWK8kMze1uCQxtyC1SC8ExvbLL0llgABGJgYmLwaB3MycnMzi4My85FTXgvzkDB8G3tScxILi1BRfsEwJg4BPVmJZon5OYl66vk9+Xrp1RRGDFNSy5Py84vycVD1nCI1qPENFAZCObfFu8AS6jw9kih7IFD2wKd1PJpzpV77PxMDoxcBalphTmgo0VwChyK80Nym1qG3NVFnuKQ+6oaaBDNbJAABXyh8U8gAAAA==[0m[INFO] --- jacoco-maven-plugin:0.7.2.201409121644:prepare-agent (jacoco-initialize) @ gameoflife-build ---
[8mha:////4HR4i/WIH5gFJ7tX6UxBdnMMdEEu5ez/jk/ZOg5YEmI/AAAAzB+LCAAAAAAAAP9b85aBtbiIQSOjNKU4P0+vIKc0PTOvWK8kMze1uCQxtyC1SC8ExvbLL0llgABGJgYmLwaB3MycnMzi4My85FTXgvzkDB8G3tScxILi1BRfsEwJg4BPVmJZon5OYl66vk9+Xrp1RRGDFNSy5Py84vycVD1nCI1qPENFAZCObfFu8AS6jw9kih7IFD2wKd1PJpzpV77PxMDoxcBalphTmgo0VwChyK80Nym1qG3NVFnuKQ+6oaaBDNbJAABXyh8U8gAAAA==[0m[INFO] argLine set to -javaagent:/var/lib/jenkins/.m2/repository/org/jacoco/org.jacoco.agent/0.7.2.201409121644/org.jacoco.agent-0.7.2.201409121644-runtime.jar=destfile=/var/lib/jenkins/workspace/CTC_Demo/gameoflife-build/target/jacoco.exec
[8mha:////4HR4i/WIH5gFJ7tX6UxBdnMMdEEu5ez/jk/ZOg5YEmI/AAAAzB+LCAAAAAAAAP9b85aBtbiIQSOjNKU4P0+vIKc0PTOvWK8kMze1uCQxtyC1SC8ExvbLL0llgABGJgYmLwaB3MycnMzi4My85FTXgvzkDB8G3tScxILi1BRfsEwJg4BPVmJZon5OYl66vk9+Xrp1RRGDFNSy5Py84vycVD1nCI1qPENFAZCObfFu8AS6jw9kih7IFD2wKd1PJpzpV77PxMDoxcBalphTmgo0VwChyK80Nym1qG3NVFnuKQ+6oaaBDNbJAABXyh8U8gAAAA==[0m[INFO] 
[8mha:////4HR4i/WIH5gFJ7tX6UxBdnMMdEEu5ez/jk/ZOg5YEmI/AAAAzB+LCAAAAAAAAP9b85aBtbiIQSOjNKU4P0+vIKc0PTOvWK8kMze1uCQxtyC1SC8ExvbLL0llgABGJgYmLwaB3MycnMzi4My85FTXgvzkDB8G3tScxILi1BRfsEwJg4BPVmJZon5OYl66vk9+Xrp1RRGDFNSy5Py84vycVD1nCI1qPENFAZCObfFu8AS6jw9kih7IFD2wKd1PJpzpV77PxMDoxcBalphTmgo0VwChyK80Nym1qG3NVFnuKQ+6oaaBDNbJAABXyh8U8gAAAA==[0m[INFO] --- maven-compiler-plugin:3.1:compile (default-compile) @ gameoflife-build ---
[8mha:////4BdP6JU2oNHiqtLHsntIxfMpaWPYllusH7rOUOMBgujRAAAAzB+LCAAAAAAAAP9b85aBtbiIQSOjNKU4P0+vIKc0PTOvWK8kMze1uCQxtyC1SC8ExvbLL0llgABGJgYmLwaB3MycnMzi4My85FTXgvzkDB8G3tScxILi1BRfsEwJg4BPVmJZon5OYl66vk9+Xrp1RRGDFNSy5Py84vycVD1nCI1qPENFAZCObfFumg90Hx/IFD2QKXpgU7qfTDjTr3yfiYHRi4G1LDGnNBVorgBCkV9pblJqUduaqbLcUx50Q00DGay3DwAENtys8gAAAA==[0m[INFO] No sources to compile
[8mha:////4ISnTTH/hOT5eal5cBKtcfUp3bLoSMkQiIq+0EGzXNnyAAAAzB+LCAAAAAAAAP9b85aBtbiIQSOjNKU4P0+vIKc0PTOvWK8kMze1uCQxtyC1SC8ExvbLL0llgABGJgYmLwaB3MycnMzi4My85FTXgvzkDB8G3tScxILi1BRfsEwJg4BPVmJZon5OYl66vk9+Xrp1RRGDFNSy5Py84vycVD1nCI1qPENFAZCObfFuWgh0Hx/IFD2QKXpgU7qfTDjTr3yfiYHRi4G1LDGnNBVorgBCkV9pblJqUduaqbLcUx50Q00DGax3AABpTozn8gAAAA==[0m[INFO] 
[8mha:////4ISnTTH/hOT5eal5cBKtcfUp3bLoSMkQiIq+0EGzXNnyAAAAzB+LCAAAAAAAAP9b85aBtbiIQSOjNKU4P0+vIKc0PTOvWK8kMze1uCQxtyC1SC8ExvbLL0llgABGJgYmLwaB3MycnMzi4My85FTXgvzkDB8G3tScxILi1BRfsEwJg4BPVmJZon5OYl66vk9+Xrp1RRGDFNSy5Py84vycVD1nCI1qPENFAZCObfFuWgh0Hx/IFD2QKXpgU7qfTDjTr3yfiYHRi4G1LDGnNBVorgBCkV9pblJqUduaqbLcUx50Q00DGax3AABpTozn8gAAAA==[0m[INFO] --- maven-resources-plugin:2.6:testResources (default-testResources) @ gameoflife-build ---
[8mha:////4ISnTTH/hOT5eal5cBKtcfUp3bLoSMkQiIq+0EGzXNnyAAAAzB+LCAAAAAAAAP9b85aBtbiIQSOjNKU4P0+vIKc0PTOvWK8kMze1uCQxtyC1SC8ExvbLL0llgABGJgYmLwaB3MycnMzi4My85FTXgvzkDB8G3tScxILi1BRfsEwJg4BPVmJZon5OYl66vk9+Xrp1RRGDFNSy5Py84vycVD1nCI1qPENFAZCObfFuWgh0Hx/IFD2QKXpgU7qfTDjTr3yfiYHRi4G1LDGnNBVorgBCkV9pblJqUduaqbLcUx50Q00DGax3AABpTozn8gAAAA==[0m[INFO] Using 'UTF-8' encoding to copy filtered resources.
[8mha:////4ISnTTH/hOT5eal5cBKtcfUp3bLoSMkQiIq+0EGzXNnyAAAAzB+LCAAAAAAAAP9b85aBtbiIQSOjNKU4P0+vIKc0PTOvWK8kMze1uCQxtyC1SC8ExvbLL0llgABGJgYmLwaB3MycnMzi4My85FTXgvzkDB8G3tScxILi1BRfsEwJg4BPVmJZon5OYl66vk9+Xrp1RRGDFNSy5Py84vycVD1nCI1qPENFAZCObfFuWgh0Hx/IFD2QKXpgU7qfTDjTr3yfiYHRi4G1LDGnNBVorgBCkV9pblJqUduaqbLcUx50Q00DGax3AABpTozn8gAAAA==[0m[INFO] skip non existing resourceDirectory /var/lib/jenkins/workspace/CTC_Demo/gameoflife-build/src/test/resources
[8mha:////4ISnTTH/hOT5eal5cBKtcfUp3bLoSMkQiIq+0EGzXNnyAAAAzB+LCAAAAAAAAP9b85aBtbiIQSOjNKU4P0+vIKc0PTOvWK8kMze1uCQxtyC1SC8ExvbLL0llgABGJgYmLwaB3MycnMzi4My85FTXgvzkDB8G3tScxILi1BRfsEwJg4BPVmJZon5OYl66vk9+Xrp1RRGDFNSy5Py84vycVD1nCI1qPENFAZCObfFuWgh0Hx/IFD2QKXpgU7qfTDjTr3yfiYHRi4G1LDGnNBVorgBCkV9pblJqUduaqbLcUx50Q00DGax3AABpTozn8gAAAA==[0m[INFO] 
[8mha:////4ISnTTH/hOT5eal5cBKtcfUp3bLoSMkQiIq+0EGzXNnyAAAAzB+LCAAAAAAAAP9b85aBtbiIQSOjNKU4P0+vIKc0PTOvWK8kMze1uCQxtyC1SC8ExvbLL0llgABGJgYmLwaB3MycnMzi4My85FTXgvzkDB8G3tScxILi1BRfsEwJg4BPVmJZon5OYl66vk9+Xrp1RRGDFNSy5Py84vycVD1nCI1qPENFAZCObfFuWgh0Hx/IFD2QKXpgU7qfTDjTr3yfiYHRi4G1LDGnNBVorgBCkV9pblJqUduaqbLcUx50Q00DGax3AABpTozn8gAAAA==[0m[INFO] --- maven-compiler-plugin:3.1:testCompile (default-testCompile) @ gameoflife-build ---
[8mha:////4ISnTTH/hOT5eal5cBKtcfUp3bLoSMkQiIq+0EGzXNnyAAAAzB+LCAAAAAAAAP9b85aBtbiIQSOjNKU4P0+vIKc0PTOvWK8kMze1uCQxtyC1SC8ExvbLL0llgABGJgYmLwaB3MycnMzi4My85FTXgvzkDB8G3tScxILi1BRfsEwJg4BPVmJZon5OYl66vk9+Xrp1RRGDFNSy5Py84vycVD1nCI1qPENFAZCObfFuWgh0Hx/IFD2QKXpgU7qfTDjTr3yfiYHRi4G1LDGnNBVorgBCkV9pblJqUduaqbLcUx50Q00DGax3AABpTozn8gAAAA==[0m[INFO] No sources to compile
[8mha:////4ISnTTH/hOT5eal5cBKtcfUp3bLoSMkQiIq+0EGzXNnyAAAAzB+LCAAAAAAAAP9b85aBtbiIQSOjNKU4P0+vIKc0PTOvWK8kMze1uCQxtyC1SC8ExvbLL0llgABGJgYmLwaB3MycnMzi4My85FTXgvzkDB8G3tScxILi1BRfsEwJg4BPVmJZon5OYl66vk9+Xrp1RRGDFNSy5Py84vycVD1nCI1qPENFAZCObfFuWgh0Hx/IFD2QKXpgU7qfTDjTr3yfiYHRi4G1LDGnNBVorgBCkV9pblJqUduaqbLcUx50Q00DGax3AABpTozn8gAAAA==[0m[INFO] 
[8mha:////4GU+z3TVulkGmjTicqXOBjcdZp2zFpAB+JjiRFRriax8AAAAzB+LCAAAAAAAAP9b85aBtbiIQSOjNKU4P0+vIKc0PTOvWK8kMze1uCQxtyC1SC8ExvbLL0llgABGJgYmLwaB3MycnMzi4My85FTXgvzkDB8G3tScxILi1BRfsEwJg4BPVmJZon5OYl66vk9+Xrp1RRGDFNSy5Py84vycVD1nCI1qPENFAZCObfFuWgR0Hx/IFD2QKXpgU7qfTDjTr3yfiYHRi4G1LDGnNBVorgBCkV9pblJqUduaqbLcUx50Q00DGax3EAAM54BM8gAAAA==[0m[INFO] --- maven-surefire-plugin:2.11:test (default-test) @ gameoflife-build ---
[8mha:////4GU+z3TVulkGmjTicqXOBjcdZp2zFpAB+JjiRFRriax8AAAAzB+LCAAAAAAAAP9b85aBtbiIQSOjNKU4P0+vIKc0PTOvWK8kMze1uCQxtyC1SC8ExvbLL0llgABGJgYmLwaB3MycnMzi4My85FTXgvzkDB8G3tScxILi1BRfsEwJg4BPVmJZon5OYl66vk9+Xrp1RRGDFNSy5Py84vycVD1nCI1qPENFAZCObfFuWgR0Hx/IFD2QKXpgU7qfTDjTr3yfiYHRi4G1LDGnNBVorgBCkV9pblJqUduaqbLcUx50Q00DGax3EAAM54BM8gAAAA==[0m[INFO] Tests are skipped.
[8mha:////4GU+z3TVulkGmjTicqXOBjcdZp2zFpAB+JjiRFRriax8AAAAzB+LCAAAAAAAAP9b85aBtbiIQSOjNKU4P0+vIKc0PTOvWK8kMze1uCQxtyC1SC8ExvbLL0llgABGJgYmLwaB3MycnMzi4My85FTXgvzkDB8G3tScxILi1BRfsEwJg4BPVmJZon5OYl66vk9+Xrp1RRGDFNSy5Py84vycVD1nCI1qPENFAZCObfFuWgR0Hx/IFD2QKXpgU7qfTDjTr3yfiYHRi4G1LDGnNBVorgBCkV9pblJqUduaqbLcUx50Q00DGax3EAAM54BM8gAAAA==[0m[INFO] 
[8mha:////4GU+z3TVulkGmjTicqXOBjcdZp2zFpAB+JjiRFRriax8AAAAzB+LCAAAAAAAAP9b85aBtbiIQSOjNKU4P0+vIKc0PTOvWK8kMze1uCQxtyC1SC8ExvbLL0llgABGJgYmLwaB3MycnMzi4My85FTXgvzkDB8G3tScxILi1BRfsEwJg4BPVmJZon5OYl66vk9+Xrp1RRGDFNSy5Py84vycVD1nCI1qPENFAZCObfFuWgR0Hx/IFD2QKXpgU7qfTDjTr3yfiYHRi4G1LDGnNBVorgBCkV9pblJqUduaqbLcUx50Q00DGax3EAAM54BM8gAAAA==[0m[INFO] --- maven-surefire-plugin:2.11:test (unit-tests) @ gameoflife-build ---
[8mha:////4GU+z3TVulkGmjTicqXOBjcdZp2zFpAB+JjiRFRriax8AAAAzB+LCAAAAAAAAP9b85aBtbiIQSOjNKU4P0+vIKc0PTOvWK8kMze1uCQxtyC1SC8ExvbLL0llgABGJgYmLwaB3MycnMzi4My85FTXgvzkDB8G3tScxILi1BRfsEwJg4BPVmJZon5OYl66vk9+Xrp1RRGDFNSy5Py84vycVD1nCI1qPENFAZCObfFuWgR0Hx/IFD2QKXpgU7qfTDjTr3yfiYHRi4G1LDGnNBVorgBCkV9pblJqUduaqbLcUx50Q00DGax3EAAM54BM8gAAAA==[0m[INFO] No tests to run.
[8mha:////4GU+z3TVulkGmjTicqXOBjcdZp2zFpAB+JjiRFRriax8AAAAzB+LCAAAAAAAAP9b85aBtbiIQSOjNKU4P0+vIKc0PTOvWK8kMze1uCQxtyC1SC8ExvbLL0llgABGJgYmLwaB3MycnMzi4My85FTXgvzkDB8G3tScxILi1BRfsEwJg4BPVmJZon5OYl66vk9+Xrp1RRGDFNSy5Py84vycVD1nCI1qPENFAZCObfFuWgR0Hx/IFD2QKXpgU7qfTDjTr3yfiYHRi4G1LDGnNBVorgBCkV9pblJqUduaqbLcUx50Q00DGax3EAAM54BM8gAAAA==[0m[INFO] Surefire report directory: /var/lib/jenkins/workspace/CTC_Demo/gameoflife-build/target/surefire-reports
[8mha:////4GU+z3TVulkGmjTicqXOBjcdZp2zFpAB+JjiRFRriax8AAAAzB+LCAAAAAAAAP9b85aBtbiIQSOjNKU4P0+vIKc0PTOvWK8kMze1uCQxtyC1SC8ExvbLL0llgABGJgYmLwaB3MycnMzi4My85FTXgvzkDB8G3tScxILi1BRfsEwJg4BPVmJZon5OYl66vk9+Xrp1RRGDFNSy5Py84vycVD1nCI1qPENFAZCObfFuWgR0Hx/IFD2QKXpgU7qfTDjTr3yfiYHRi4G1LDGnNBVorgBCkV9pblJqUduaqbLcUx50Q00DGax3EAAM54BM8gAAAA==[0m
[8mha:////4GU+z3TVulkGmjTicqXOBjcdZp2zFpAB+JjiRFRriax8AAAAzB+LCAAAAAAAAP9b85aBtbiIQSOjNKU4P0+vIKc0PTOvWK8kMze1uCQxtyC1SC8ExvbLL0llgABGJgYmLwaB3MycnMzi4My85FTXgvzkDB8G3tScxILi1BRfsEwJg4BPVmJZon5OYl66vk9+Xrp1RRGDFNSy5Py84vycVD1nCI1qPENFAZCObfFuWgR0Hx/IFD2QKXpgU7qfTDjTr3yfiYHRi4G1LDGnNBVorgBCkV9pblJqUduaqbLcUx50Q00DGax3EAAM54BM8gAAAA==[0m-------------------------------------------------------
[8mha:////4GU+z3TVulkGmjTicqXOBjcdZp2zFpAB+JjiRFRriax8AAAAzB+LCAAAAAAAAP9b85aBtbiIQSOjNKU4P0+vIKc0PTOvWK8kMze1uCQxtyC1SC8ExvbLL0llgABGJgYmLwaB3MycnMzi4My85FTXgvzkDB8G3tScxILi1BRfsEwJg4BPVmJZon5OYl66vk9+Xrp1RRGDFNSy5Py84vycVD1nCI1qPENFAZCObfFuWgR0Hx/IFD2QKXpgU7qfTDjTr3yfiYHRi4G1LDGnNBVorgBCkV9pblJqUduaqbLcUx50Q00DGax3EAAM54BM8gAAAA==[0m T E S T S
[8mha:////4GU+z3TVulkGmjTicqXOBjcdZp2zFpAB+JjiRFRriax8AAAAzB+LCAAAAAAAAP9b85aBtbiIQSOjNKU4P0+vIKc0PTOvWK8kMze1uCQxtyC1SC8ExvbLL0llgABGJgYmLwaB3MycnMzi4My85FTXgvzkDB8G3tScxILi1BRfsEwJg4BPVmJZon5OYl66vk9+Xrp1RRGDFNSy5Py84vycVD1nCI1qPENFAZCObfFuWgR0Hx/IFD2QKXpgU7qfTDjTr3yfiYHRi4G1LDGnNBVorgBCkV9pblJqUduaqbLcUx50Q00DGax3EAAM54BM8gAAAA==[0m-------------------------------------------------------
[8mha:////4BM5ZurZsA0Zi14jDaOES9FwLsciGKs8DK3O66E2gr1CAAAAzB+LCAAAAAAAAP9b85aBtbiIQSOjNKU4P0+vIKc0PTOvWK8kMze1uCQxtyC1SC8ExvbLL0llgABGJgYmLwaB3MycnMzi4My85FTXgvzkDB8G3tScxILi1BRfsEwJg4BPVmJZon5OYl66vk9+Xrp1RRGDFNSy5Py84vycVD1nCI1qPENFAZCObfFu/wB0Hx/IFD2QKXpgU7qfTDjTr3yfiYHRi4G1LDGnNBVorgBCkV9pblJqUduaqbLcUx50Q00DGWzCDwAMAD9W8gAAAA==[0m
[8mha:////4POdAFs+ojZWu9I1dDD3QgYSFrCJX/V8d0M2V1SoJVMHAAAAzB+LCAAAAAAAAP9b85aBtbiIQSOjNKU4P0+vIKc0PTOvWK8kMze1uCQxtyC1SC8ExvbLL0llgABGJgYmLwaB3MycnMzi4My85FTXgvzkDB8G3tScxILi1BRfsEwJg4BPVmJZon5OYl66vk9+Xrp1RRGDFNSy5Py84vycVD1nCI1qPENFAZCObfFu/wh0Hx/IFD2QKXpgU7qfTDjTr3yfiYHRi4G1LDGnNBVorgBCkV9pblJqUduaqbLcUx50Q00DGWwiAACoes6Q8gAAAA==[0mResults :
[8mha:////4IaiejsZ+drfIWpzTAEWxWQX5WEfNssxcyBlY8QSO8DHAAAAzB+LCAAAAAAAAP9b85aBtbiIQSOjNKU4P0+vIKc0PTOvWK8kMze1uCQxtyC1SC8ExvbLL0llgABGJgYmLwaB3MycnMzi4My85FTXgvzkDB8G3tScxILi1BRfsEwJg4BPVmJZon5OYl66vk9+Xrp1RRGDFNSy5Py84vycVD1nCI1qPENFAZCObfFu/wR0Hx/IFD2QKXpgU7qfTDjTr3yfiYHRi4G1LDGnNBVorgBCkV9pblJqUduaqbLcUx50Q00DGWwiCADN08I78gAAAA==[0m
[8mha:////4IaiejsZ+drfIWpzTAEWxWQX5WEfNssxcyBlY8QSO8DHAAAAzB+LCAAAAAAAAP9b85aBtbiIQSOjNKU4P0+vIKc0PTOvWK8kMze1uCQxtyC1SC8ExvbLL0llgABGJgYmLwaB3MycnMzi4My85FTXgvzkDB8G3tScxILi1BRfsEwJg4BPVmJZon5OYl66vk9+Xrp1RRGDFNSy5Py84vycVD1nCI1qPENFAZCObfFu/wR0Hx/IFD2QKXpgU7qfTDjTr3yfiYHRi4G1LDGnNBVorgBCkV9pblJqUduaqbLcUx50Q00DGWwiCADN08I78gAAAA==[0mTests run: 0, Failures: 0, Errors: 0, Skipped: 0
[8mha:////4IaiejsZ+drfIWpzTAEWxWQX5WEfNssxcyBlY8QSO8DHAAAAzB+LCAAAAAAAAP9b85aBtbiIQSOjNKU4P0+vIKc0PTOvWK8kMze1uCQxtyC1SC8ExvbLL0llgABGJgYmLwaB3MycnMzi4My85FTXgvzkDB8G3tScxILi1BRfsEwJg4BPVmJZon5OYl66vk9+Xrp1RRGDFNSy5Py84vycVD1nCI1qPENFAZCObfFu/wR0Hx/IFD2QKXpgU7qfTDjTr3yfiYHRi4G1LDGnNBVorgBCkV9pblJqUduaqbLcUx50Q00DGWwiCADN08I78gAAAA==[0m
[8mha:////4IaiejsZ+drfIWpzTAEWxWQX5WEfNssxcyBlY8QSO8DHAAAAzB+LCAAAAAAAAP9b85aBtbiIQSOjNKU4P0+vIKc0PTOvWK8kMze1uCQxtyC1SC8ExvbLL0llgABGJgYmLwaB3MycnMzi4My85FTXgvzkDB8G3tScxILi1BRfsEwJg4BPVmJZon5OYl66vk9+Xrp1RRGDFNSy5Py84vycVD1nCI1qPENFAZCObfFu/wR0Hx/IFD2QKXpgU7qfTDjTr3yfiYHRi4G1LDGnNBVorgBCkV9pblJqUduaqbLcUx50Q00DGWwiCADN08I78gAAAA==[0m[INFO] 
[8mha:////4IaiejsZ+drfIWpzTAEWxWQX5WEfNssxcyBlY8QSO8DHAAAAzB+LCAAAAAAAAP9b85aBtbiIQSOjNKU4P0+vIKc0PTOvWK8kMze1uCQxtyC1SC8ExvbLL0llgABGJgYmLwaB3MycnMzi4My85FTXgvzkDB8G3tScxILi1BRfsEwJg4BPVmJZon5OYl66vk9+Xrp1RRGDFNSy5Py84vycVD1nCI1qPENFAZCObfFu/wR0Hx/IFD2QKXpgU7qfTDjTr3yfiYHRi4G1LDGnNBVorgBCkV9pblJqUduaqbLcUx50Q00DGWwiCADN08I78gAAAA==[0m[INFO] --- maven-easyb-plugin:1.4:test (default) @ gameoflife-build ---
[8mha:////4IaiejsZ+drfIWpzTAEWxWQX5WEfNssxcyBlY8QSO8DHAAAAzB+LCAAAAAAAAP9b85aBtbiIQSOjNKU4P0+vIKc0PTOvWK8kMze1uCQxtyC1SC8ExvbLL0llgABGJgYmLwaB3MycnMzi4My85FTXgvzkDB8G3tScxILi1BRfsEwJg4BPVmJZon5OYl66vk9+Xrp1RRGDFNSy5Py84vycVD1nCI1qPENFAZCObfFu/wR0Hx/IFD2QKXpgU7qfTDjTr3yfiYHRi4G1LDGnNBVorgBCkV9pblJqUduaqbLcUx50Q00DGWwiCADN08I78gAAAA==[0m[INFO] /var/lib/jenkins/workspace/CTC_Demo/gameoflife-build/src/test/stories does not exists.  Skipping easyb testing
[8mha:////4IaiejsZ+drfIWpzTAEWxWQX5WEfNssxcyBlY8QSO8DHAAAAzB+LCAAAAAAAAP9b85aBtbiIQSOjNKU4P0+vIKc0PTOvWK8kMze1uCQxtyC1SC8ExvbLL0llgABGJgYmLwaB3MycnMzi4My85FTXgvzkDB8G3tScxILi1BRfsEwJg4BPVmJZon5OYl66vk9+Xrp1RRGDFNSy5Py84vycVD1nCI1qPENFAZCObfFu/wR0Hx/IFD2QKXpgU7qfTDjTr3yfiYHRi4G1LDGnNBVorgBCkV9pblJqUduaqbLcUx50Q00DGWwiCADN08I78gAAAA==[0m[INFO] 
[8mha:////4IaiejsZ+drfIWpzTAEWxWQX5WEfNssxcyBlY8QSO8DHAAAAzB+LCAAAAAAAAP9b85aBtbiIQSOjNKU4P0+vIKc0PTOvWK8kMze1uCQxtyC1SC8ExvbLL0llgABGJgYmLwaB3MycnMzi4My85FTXgvzkDB8G3tScxILi1BRfsEwJg4BPVmJZon5OYl66vk9+Xrp1RRGDFNSy5Py84vycVD1nCI1qPENFAZCObfFu/wR0Hx/IFD2QKXpgU7qfTDjTr3yfiYHRi4G1LDGnNBVorgBCkV9pblJqUduaqbLcUx50Q00DGWwiCADN08I78gAAAA==[0m[INFO] --- maven-jar-plugin:2.4:jar (default-jar) @ gameoflife-build ---
[8mha:////4H8Gkl062qOJmx8VqauHI0Jh6UMjUrH29GJtj73SKb+PAAAAzB+LCAAAAAAAAP9b85aBtbiIQSOjNKU4P0+vIKc0PTOvWK8kMze1uCQxtyC1SC8ExvbLL0llgABGJgYmLwaB3MycnMzi4My85FTXgvzkDB8G3tScxILi1BRfsEwJg4BPVmJZon5OYl66vk9+Xrp1RRGDFNSy5Py84vycVD1nCI1qPENFAZCObfHuUgW6jw9kih7IFD2wKd1PJpzpV77PxMDoxcBalphTmgo0VwChyK80Nym1qG3NVFnuKQ+6oaaBDDZzAQCWgoMJ8gAAAA==[0m[INFO] Building jar: /var/lib/jenkins/workspace/CTC_Demo/gameoflife-build/target/gameoflife-build-1.0-SNAPSHOT.jar
[8mha:////4HHdk8BnSJcIj8ZVu5aocReBVgU3EGuFu/RT/7TRo/cNAAAAzB+LCAAAAAAAAP9b85aBtbiIQSOjNKU4P0+vIKc0PTOvWK8kMze1uCQxtyC1SC8ExvbLL0llgABGJgYmLwaB3MycnMzi4My85FTXgvzkDB8G3tScxILi1BRfsEwJg4BPVmJZon5OYl66vk9+Xrp1RRGDFNSy5Py84vycVD1nCI1qPENFAZCObfHuUgO6jw9kih7IFD2wKd1PJpzpV77PxMDoxcBalphTmgo0VwChyK80Nym1qG3NVFnuKQ+6oaaBDDZzBQDzK4+i8gAAAA==[0m[INFO] 
[8mha:////4HHdk8BnSJcIj8ZVu5aocReBVgU3EGuFu/RT/7TRo/cNAAAAzB+LCAAAAAAAAP9b85aBtbiIQSOjNKU4P0+vIKc0PTOvWK8kMze1uCQxtyC1SC8ExvbLL0llgABGJgYmLwaB3MycnMzi4My85FTXgvzkDB8G3tScxILi1BRfsEwJg4BPVmJZon5OYl66vk9+Xrp1RRGDFNSy5Py84vycVD1nCI1qPENFAZCObfHuUgO6jw9kih7IFD2wKd1PJpzpV77PxMDoxcBalphTmgo0VwChyK80Nym1qG3NVFnuKQ+6oaaBDDZzBQDzK4+i8gAAAA==[0m[INFO] ------------------------------------------------------------------------
[8mha:////4EbfnNDrlDY0CtYnl35dS8/dUt2SLm33XGl/4K47fS7PAAAAzB+LCAAAAAAAAP9b85aBtbiIQSOjNKU4P0+vIKc0PTOvWK8kMze1uCQxtyC1SC8ExvbLL0llgABGJgYmLwaB3MycnMzi4My85FTXgvzkDB8G3tScxILi1BRfsEwJg4BPVmJZon5OYl66vk9+Xrp1RRGDFNSy5Py84vycVD1nCI1qPENFAZCObfHuUge6jw9kih7IFD2wKd1PJpzpV77PxMDoxcBalphTmgo0VwChyK80Nym1qG3NVFnuKQ+6oaaBDDZzAwAYDX9w8gAAAA==[0m[INFO] Building gameoflife-core 1.0-SNAPSHOT
[8mha:////4EbfnNDrlDY0CtYnl35dS8/dUt2SLm33XGl/4K47fS7PAAAAzB+LCAAAAAAAAP9b85aBtbiIQSOjNKU4P0+vIKc0PTOvWK8kMze1uCQxtyC1SC8ExvbLL0llgABGJgYmLwaB3MycnMzi4My85FTXgvzkDB8G3tScxILi1BRfsEwJg4BPVmJZon5OYl66vk9+Xrp1RRGDFNSy5Py84vycVD1nCI1qPENFAZCObfHuUge6jw9kih7IFD2wKd1PJpzpV77PxMDoxcBalphTmgo0VwChyK80Nym1qG3NVFnuKQ+6oaaBDDZzAwAYDX9w8gAAAA==[0m[INFO] ------------------------------------------------------------------------
[8mha:////4EbfnNDrlDY0CtYnl35dS8/dUt2SLm33XGl/4K47fS7PAAAAzB+LCAAAAAAAAP9b85aBtbiIQSOjNKU4P0+vIKc0PTOvWK8kMze1uCQxtyC1SC8ExvbLL0llgABGJgYmLwaB3MycnMzi4My85FTXgvzkDB8G3tScxILi1BRfsEwJg4BPVmJZon5OYl66vk9+Xrp1RRGDFNSy5Py84vycVD1nCI1qPENFAZCObfHuUge6jw9kih7IFD2wKd1PJpzpV77PxMDoxcBalphTmgo0VwChyK80Nym1qG3NVFnuKQ+6oaaBDDZzAwAYDX9w8gAAAA==[0m[INFO] 
[8mha:////4EbfnNDrlDY0CtYnl35dS8/dUt2SLm33XGl/4K47fS7PAAAAzB+LCAAAAAAAAP9b85aBtbiIQSOjNKU4P0+vIKc0PTOvWK8kMze1uCQxtyC1SC8ExvbLL0llgABGJgYmLwaB3MycnMzi4My85FTXgvzkDB8G3tScxILi1BRfsEwJg4BPVmJZon5OYl66vk9+Xrp1RRGDFNSy5Py84vycVD1nCI1qPENFAZCObfHuUge6jw9kih7IFD2wKd1PJpzpV77PxMDoxcBalphTmgo0VwChyK80Nym1qG3NVFnuKQ+6oaaBDDZzAwAYDX9w8gAAAA==[0m[INFO] --- maven-clean-plugin:2.5:clean (default-clean) @ gameoflife-core ---
[8mha:////4EbfnNDrlDY0CtYnl35dS8/dUt2SLm33XGl/4K47fS7PAAAAzB+LCAAAAAAAAP9b85aBtbiIQSOjNKU4P0+vIKc0PTOvWK8kMze1uCQxtyC1SC8ExvbLL0llgABGJgYmLwaB3MycnMzi4My85FTXgvzkDB8G3tScxILi1BRfsEwJg4BPVmJZon5OYl66vk9+Xrp1RRGDFNSy5Py84vycVD1nCI1qPENFAZCObfHuUge6jw9kih7IFD2wKd1PJpzpV77PxMDoxcBalphTmgo0VwChyK80Nym1qG3NVFnuKQ+6oaaBDDZzAwAYDX9w8gAAAA==[0m[INFO] Deleting /var/lib/jenkins/workspace/CTC_Demo/gameoflife-core/target
[8mha:////4EbfnNDrlDY0CtYnl35dS8/dUt2SLm33XGl/4K47fS7PAAAAzB+LCAAAAAAAAP9b85aBtbiIQSOjNKU4P0+vIKc0PTOvWK8kMze1uCQxtyC1SC8ExvbLL0llgABGJgYmLwaB3MycnMzi4My85FTXgvzkDB8G3tScxILi1BRfsEwJg4BPVmJZon5OYl66vk9+Xrp1RRGDFNSy5Py84vycVD1nCI1qPENFAZCObfHuUge6jw9kih7IFD2wKd1PJpzpV77PxMDoxcBalphTmgo0VwChyK80Nym1qG3NVFnuKQ+6oaaBDDZzAwAYDX9w8gAAAA==[0m[INFO] 
[8mha:////4EbfnNDrlDY0CtYnl35dS8/dUt2SLm33XGl/4K47fS7PAAAAzB+LCAAAAAAAAP9b85aBtbiIQSOjNKU4P0+vIKc0PTOvWK8kMze1uCQxtyC1SC8ExvbLL0llgABGJgYmLwaB3MycnMzi4My85FTXgvzkDB8G3tScxILi1BRfsEwJg4BPVmJZon5OYl66vk9+Xrp1RRGDFNSy5Py84vycVD1nCI1qPENFAZCObfHuUge6jw9kih7IFD2wKd1PJpzpV77PxMDoxcBalphTmgo0VwChyK80Nym1qG3NVFnuKQ+6oaaBDDZzAwAYDX9w8gAAAA==[0m[INFO] --- maven-enforcer-plugin:1.0:enforce (enforce-versions) @ gameoflife-core ---
[8mha:////4EbfnNDrlDY0CtYnl35dS8/dUt2SLm33XGl/4K47fS7PAAAAzB+LCAAAAAAAAP9b85aBtbiIQSOjNKU4P0+vIKc0PTOvWK8kMze1uCQxtyC1SC8ExvbLL0llgABGJgYmLwaB3MycnMzi4My85FTXgvzkDB8G3tScxILi1BRfsEwJg4BPVmJZon5OYl66vk9+Xrp1RRGDFNSy5Py84vycVD1nCI1qPENFAZCObfHuUge6jw9kih7IFD2wKd1PJpzpV77PxMDoxcBalphTmgo0VwChyK80Nym1qG3NVFnuKQ+6oaaBDDZzAwAYDX9w8gAAAA==[0m[INFO] 
[8mha:////4EbfnNDrlDY0CtYnl35dS8/dUt2SLm33XGl/4K47fS7PAAAAzB+LCAAAAAAAAP9b85aBtbiIQSOjNKU4P0+vIKc0PTOvWK8kMze1uCQxtyC1SC8ExvbLL0llgABGJgYmLwaB3MycnMzi4My85FTXgvzkDB8G3tScxILi1BRfsEwJg4BPVmJZon5OYl66vk9+Xrp1RRGDFNSy5Py84vycVD1nCI1qPENFAZCObfHuUge6jw9kih7IFD2wKd1PJpzpV77PxMDoxcBalphTmgo0VwChyK80Nym1qG3NVFnuKQ+6oaaBDDZzAwAYDX9w8gAAAA==[0m[INFO] --- maven-resources-plugin:2.6:resources (default-resources) @ gameoflife-core ---
[8mha:////4EbfnNDrlDY0CtYnl35dS8/dUt2SLm33XGl/4K47fS7PAAAAzB+LCAAAAAAAAP9b85aBtbiIQSOjNKU4P0+vIKc0PTOvWK8kMze1uCQxtyC1SC8ExvbLL0llgABGJgYmLwaB3MycnMzi4My85FTXgvzkDB8G3tScxILi1BRfsEwJg4BPVmJZon5OYl66vk9+Xrp1RRGDFNSy5Py84vycVD1nCI1qPENFAZCObfHuUge6jw9kih7IFD2wKd1PJpzpV77PxMDoxcBalphTmgo0VwChyK80Nym1qG3NVFnuKQ+6oaaBDDZzAwAYDX9w8gAAAA==[0m[INFO] Using 'UTF-8' encoding to copy filtered resources.
[8mha:////4EbfnNDrlDY0CtYnl35dS8/dUt2SLm33XGl/4K47fS7PAAAAzB+LCAAAAAAAAP9b85aBtbiIQSOjNKU4P0+vIKc0PTOvWK8kMze1uCQxtyC1SC8ExvbLL0llgABGJgYmLwaB3MycnMzi4My85FTXgvzkDB8G3tScxILi1BRfsEwJg4BPVmJZon5OYl66vk9+Xrp1RRGDFNSy5Py84vycVD1nCI1qPENFAZCObfHuUge6jw9kih7IFD2wKd1PJpzpV77PxMDoxcBalphTmgo0VwChyK80Nym1qG3NVFnuKQ+6oaaBDDZzAwAYDX9w8gAAAA==[0m[INFO] skip non existing resourceDirectory /var/lib/jenkins/workspace/CTC_Demo/gameoflife-core/src/main/resources
[8mha:////4EbfnNDrlDY0CtYnl35dS8/dUt2SLm33XGl/4K47fS7PAAAAzB+LCAAAAAAAAP9b85aBtbiIQSOjNKU4P0+vIKc0PTOvWK8kMze1uCQxtyC1SC8ExvbLL0llgABGJgYmLwaB3MycnMzi4My85FTXgvzkDB8G3tScxILi1BRfsEwJg4BPVmJZon5OYl66vk9+Xrp1RRGDFNSy5Py84vycVD1nCI1qPENFAZCObfHuUge6jw9kih7IFD2wKd1PJpzpV77PxMDoxcBalphTmgo0VwChyK80Nym1qG3NVFnuKQ+6oaaBDDZzAwAYDX9w8gAAAA==[0m[INFO] 
[8mha:////4EbfnNDrlDY0CtYnl35dS8/dUt2SLm33XGl/4K47fS7PAAAAzB+LCAAAAAAAAP9b85aBtbiIQSOjNKU4P0+vIKc0PTOvWK8kMze1uCQxtyC1SC8ExvbLL0llgABGJgYmLwaB3MycnMzi4My85FTXgvzkDB8G3tScxILi1BRfsEwJg4BPVmJZon5OYl66vk9+Xrp1RRGDFNSy5Py84vycVD1nCI1qPENFAZCObfHuUge6jw9kih7IFD2wKd1PJpzpV77PxMDoxcBalphTmgo0VwChyK80Nym1qG3NVFnuKQ+6oaaBDDZzAwAYDX9w8gAAAA==[0m[INFO] --- jacoco-maven-plugin:0.7.2.201409121644:prepare-agent (jacoco-initialize) @ gameoflife-core ---
[8mha:////4EbfnNDrlDY0CtYnl35dS8/dUt2SLm33XGl/4K47fS7PAAAAzB+LCAAAAAAAAP9b85aBtbiIQSOjNKU4P0+vIKc0PTOvWK8kMze1uCQxtyC1SC8ExvbLL0llgABGJgYmLwaB3MycnMzi4My85FTXgvzkDB8G3tScxILi1BRfsEwJg4BPVmJZon5OYl66vk9+Xrp1RRGDFNSy5Py84vycVD1nCI1qPENFAZCObfHuUge6jw9kih7IFD2wKd1PJpzpV77PxMDoxcBalphTmgo0VwChyK80Nym1qG3NVFnuKQ+6oaaBDDZzAwAYDX9w8gAAAA==[0m[INFO] argLine set to -javaagent:/var/lib/jenkins/.m2/repository/org/jacoco/org.jacoco.agent/0.7.2.201409121644/org.jacoco.agent-0.7.2.201409121644-runtime.jar=destfile=/var/lib/jenkins/workspace/CTC_Demo/gameoflife-core/target/jacoco.exec
[8mha:////4EbfnNDrlDY0CtYnl35dS8/dUt2SLm33XGl/4K47fS7PAAAAzB+LCAAAAAAAAP9b85aBtbiIQSOjNKU4P0+vIKc0PTOvWK8kMze1uCQxtyC1SC8ExvbLL0llgABGJgYmLwaB3MycnMzi4My85FTXgvzkDB8G3tScxILi1BRfsEwJg4BPVmJZon5OYl66vk9+Xrp1RRGDFNSy5Py84vycVD1nCI1qPENFAZCObfHuUge6jw9kih7IFD2wKd1PJpzpV77PxMDoxcBalphTmgo0VwChyK80Nym1qG3NVFnuKQ+6oaaBDDZzAwAYDX9w8gAAAA==[0m[INFO] 
[8mha:////4EbfnNDrlDY0CtYnl35dS8/dUt2SLm33XGl/4K47fS7PAAAAzB+LCAAAAAAAAP9b85aBtbiIQSOjNKU4P0+vIKc0PTOvWK8kMze1uCQxtyC1SC8ExvbLL0llgABGJgYmLwaB3MycnMzi4My85FTXgvzkDB8G3tScxILi1BRfsEwJg4BPVmJZon5OYl66vk9+Xrp1RRGDFNSy5Py84vycVD1nCI1qPENFAZCObfHuUge6jw9kih7IFD2wKd1PJpzpV77PxMDoxcBalphTmgo0VwChyK80Nym1qG3NVFnuKQ+6oaaBDDZzAwAYDX9w8gAAAA==[0m[INFO] --- maven-compiler-plugin:3.1:compile (default-compile) @ gameoflife-core ---
[8mha:////4EbfnNDrlDY0CtYnl35dS8/dUt2SLm33XGl/4K47fS7PAAAAzB+LCAAAAAAAAP9b85aBtbiIQSOjNKU4P0+vIKc0PTOvWK8kMze1uCQxtyC1SC8ExvbLL0llgABGJgYmLwaB3MycnMzi4My85FTXgvzkDB8G3tScxILi1BRfsEwJg4BPVmJZon5OYl66vk9+Xrp1RRGDFNSy5Py84vycVD1nCI1qPENFAZCObfHuUge6jw9kih7IFD2wKd1PJpzpV77PxMDoxcBalphTmgo0VwChyK80Nym1qG3NVFnuKQ+6oaaBDDZzAwAYDX9w8gAAAA==[0m[INFO] Changes detected - recompiling the module!
[8mha:////4EbfnNDrlDY0CtYnl35dS8/dUt2SLm33XGl/4K47fS7PAAAAzB+LCAAAAAAAAP9b85aBtbiIQSOjNKU4P0+vIKc0PTOvWK8kMze1uCQxtyC1SC8ExvbLL0llgABGJgYmLwaB3MycnMzi4My85FTXgvzkDB8G3tScxILi1BRfsEwJg4BPVmJZon5OYl66vk9+Xrp1RRGDFNSy5Py84vycVD1nCI1qPENFAZCObfHuUge6jw9kih7IFD2wKd1PJpzpV77PxMDoxcBalphTmgo0VwChyK80Nym1qG3NVFnuKQ+6oaaBDDZzAwAYDX9w8gAAAA==[0m[INFO] Compiling 5 source files to /var/lib/jenkins/workspace/CTC_Demo/gameoflife-core/target/classes
[8mha:////4CO9osxsEDuDG+YoR/99nYk2PGHdxWRQ6knjXa5iFAPwAAAAzB+LCAAAAAAAAP9b85aBtbiIQSOjNKU4P0+vIKc0PTOvWK8kMze1uCQxtyC1SC8ExvbLL0llgABGJgYmLwaB3MycnMzi4My85FTXgvzkDB8G3tScxILi1BRfsEwJg4BPVmJZon5OYl66vk9+Xrp1RRGDFNSy5Py84vycVD1nCI1qPENFAZCObfHuLwa6jw9kih7IFD2wKd1PJpzpV77PxMDoxcBalphTmgo0VwChyK80Nym1qG3NVFnuKQ+6oaaBDLaeBABTokfx8gAAAA==[0m[INFO] 
[8mha:////4OuWwtP3g/i/DDJ+nWFOySI5RS/YAtH9qnvJ0SlfV9tFAAAAzB+LCAAAAAAAAP9b85aBtbiIQSOjNKU4P0+vIKc0PTOvWK8kMze1uCQxtyC1SC8ExvbLL0llgABGJgYmLwaB3MycnMzi4My85FTXgvzkDB8G3tScxILi1BRfsEwJg4BPVmJZon5OYl66vk9+Xrp1RRGDFNSy5Py84vycVD1nCI1qPENFAZCObfHuLwG6jw9kih7IFD2wKd1PJpzpV77PxMDoxcBalphTmgo0VwChyK80Nym1qG3NVFnuKQ+6oaaBDLaeDAAz0N+u8gAAAA==[0m[INFO] --- maven-resources-plugin:2.6:testResources (default-testResources) @ gameoflife-core ---
[8mha:////4OuWwtP3g/i/DDJ+nWFOySI5RS/YAtH9qnvJ0SlfV9tFAAAAzB+LCAAAAAAAAP9b85aBtbiIQSOjNKU4P0+vIKc0PTOvWK8kMze1uCQxtyC1SC8ExvbLL0llgABGJgYmLwaB3MycnMzi4My85FTXgvzkDB8G3tScxILi1BRfsEwJg4BPVmJZon5OYl66vk9+Xrp1RRGDFNSy5Py84vycVD1nCI1qPENFAZCObfHuLwG6jw9kih7IFD2wKd1PJpzpV77PxMDoxcBalphTmgo0VwChyK80Nym1qG3NVFnuKQ+6oaaBDLaeDAAz0N+u8gAAAA==[0m[INFO] Using 'UTF-8' encoding to copy filtered resources.
[8mha:////4OuWwtP3g/i/DDJ+nWFOySI5RS/YAtH9qnvJ0SlfV9tFAAAAzB+LCAAAAAAAAP9b85aBtbiIQSOjNKU4P0+vIKc0PTOvWK8kMze1uCQxtyC1SC8ExvbLL0llgABGJgYmLwaB3MycnMzi4My85FTXgvzkDB8G3tScxILi1BRfsEwJg4BPVmJZon5OYl66vk9+Xrp1RRGDFNSy5Py84vycVD1nCI1qPENFAZCObfHuLwG6jw9kih7IFD2wKd1PJpzpV77PxMDoxcBalphTmgo0VwChyK80Nym1qG3NVFnuKQ+6oaaBDLaeDAAz0N+u8gAAAA==[0m[INFO] skip non existing resourceDirectory /var/lib/jenkins/workspace/CTC_Demo/gameoflife-core/src/test/resources
[8mha:////4OuWwtP3g/i/DDJ+nWFOySI5RS/YAtH9qnvJ0SlfV9tFAAAAzB+LCAAAAAAAAP9b85aBtbiIQSOjNKU4P0+vIKc0PTOvWK8kMze1uCQxtyC1SC8ExvbLL0llgABGJgYmLwaB3MycnMzi4My85FTXgvzkDB8G3tScxILi1BRfsEwJg4BPVmJZon5OYl66vk9+Xrp1RRGDFNSy5Py84vycVD1nCI1qPENFAZCObfHuLwG6jw9kih7IFD2wKd1PJpzpV77PxMDoxcBalphTmgo0VwChyK80Nym1qG3NVFnuKQ+6oaaBDLaeDAAz0N+u8gAAAA==[0m[INFO] 
[8mha:////4OuWwtP3g/i/DDJ+nWFOySI5RS/YAtH9qnvJ0SlfV9tFAAAAzB+LCAAAAAAAAP9b85aBtbiIQSOjNKU4P0+vIKc0PTOvWK8kMze1uCQxtyC1SC8ExvbLL0llgABGJgYmLwaB3MycnMzi4My85FTXgvzkDB8G3tScxILi1BRfsEwJg4BPVmJZon5OYl66vk9+Xrp1RRGDFNSy5Py84vycVD1nCI1qPENFAZCObfHuLwG6jw9kih7IFD2wKd1PJpzpV77PxMDoxcBalphTmgo0VwChyK80Nym1qG3NVFnuKQ+6oaaBDLaeDAAz0N+u8gAAAA==[0m[INFO] --- maven-compiler-plugin:3.1:testCompile (default-testCompile) @ gameoflife-core ---
[8mha:////4OuWwtP3g/i/DDJ+nWFOySI5RS/YAtH9qnvJ0SlfV9tFAAAAzB+LCAAAAAAAAP9b85aBtbiIQSOjNKU4P0+vIKc0PTOvWK8kMze1uCQxtyC1SC8ExvbLL0llgABGJgYmLwaB3MycnMzi4My85FTXgvzkDB8G3tScxILi1BRfsEwJg4BPVmJZon5OYl66vk9+Xrp1RRGDFNSy5Py84vycVD1nCI1qPENFAZCObfHuLwG6jw9kih7IFD2wKd1PJpzpV77PxMDoxcBalphTmgo0VwChyK80Nym1qG3NVFnuKQ+6oaaBDLaeDAAz0N+u8gAAAA==[0m[INFO] Changes detected - recompiling the module!
[8mha:////4OuWwtP3g/i/DDJ+nWFOySI5RS/YAtH9qnvJ0SlfV9tFAAAAzB+LCAAAAAAAAP9b85aBtbiIQSOjNKU4P0+vIKc0PTOvWK8kMze1uCQxtyC1SC8ExvbLL0llgABGJgYmLwaB3MycnMzi4My85FTXgvzkDB8G3tScxILi1BRfsEwJg4BPVmJZon5OYl66vk9+Xrp1RRGDFNSy5Py84vycVD1nCI1qPENFAZCObfHuLwG6jw9kih7IFD2wKd1PJpzpV77PxMDoxcBalphTmgo0VwChyK80Nym1qG3NVFnuKQ+6oaaBDLaeDAAz0N+u8gAAAA==[0m[INFO] Compiling 10 source files to /var/lib/jenkins/workspace/CTC_Demo/gameoflife-core/target/test-classes
[8mha:////4IH/rsYPwucJdJUl1TMu9UUbIc3Ettp+FfWyjlNiXtc1AAAAzB+LCAAAAAAAAP9b85aBtbiIQSOjNKU4P0+vIKc0PTOvWK8kMze1uCQxtyC1SC8ExvbLL0llgABGJgYmLwaB3MycnMzi4My85FTXgvzkDB8G3tScxILi1BRfsEwJg4BPVmJZon5OYl66vk9+Xrp1RRGDFNSy5Py84vycVD1nCI1qPENFAZCObfGepA50Hx/IFD2QKXpgU7qfTDjTr3yfiYHRi4G1LDGnNBVorgBCkV9pblJqUduaqbLcUx50Q00DGWznBgCpwJJA8gAAAA==[0m[INFO] 
[8mha:////4DD3IN4fWg6xouESz1vt8+OzHXtiv7dvkd7AJXgKEXEUAAAAzB+LCAAAAAAAAP9b85aBtbiIQSOjNKU4P0+vIKc0PTOvWK8kMze1uCQxtyC1SC8ExvbLL0llgABGJgYmLwaB3MycnMzi4My85FTXgvzkDB8G3tScxILi1BRfsEwJg4BPVmJZon5OYl66vk9+Xrp1RRGDFNSy5Py84vycVD1nCI1qPENFAZCObfGepAF0Hx/IFD2QKXpgU7qfTDjTr3yfiYHRi4G1LDGnNBVorgBCkV9pblJqUduaqbLcUx50Q00DGWznDgCCAlIt8gAAAA==[0m[INFO] --- maven-surefire-plugin:2.11:test (default-test) @ gameoflife-core ---
[8mha:////4DD3IN4fWg6xouESz1vt8+OzHXtiv7dvkd7AJXgKEXEUAAAAzB+LCAAAAAAAAP9b85aBtbiIQSOjNKU4P0+vIKc0PTOvWK8kMze1uCQxtyC1SC8ExvbLL0llgABGJgYmLwaB3MycnMzi4My85FTXgvzkDB8G3tScxILi1BRfsEwJg4BPVmJZon5OYl66vk9+Xrp1RRGDFNSy5Py84vycVD1nCI1qPENFAZCObfGepAF0Hx/IFD2QKXpgU7qfTDjTr3yfiYHRi4G1LDGnNBVorgBCkV9pblJqUduaqbLcUx50Q00DGWznDgCCAlIt8gAAAA==[0m[INFO] Tests are skipped.
[8mha:////4DD3IN4fWg6xouESz1vt8+OzHXtiv7dvkd7AJXgKEXEUAAAAzB+LCAAAAAAAAP9b85aBtbiIQSOjNKU4P0+vIKc0PTOvWK8kMze1uCQxtyC1SC8ExvbLL0llgABGJgYmLwaB3MycnMzi4My85FTXgvzkDB8G3tScxILi1BRfsEwJg4BPVmJZon5OYl66vk9+Xrp1RRGDFNSy5Py84vycVD1nCI1qPENFAZCObfGepAF0Hx/IFD2QKXpgU7qfTDjTr3yfiYHRi4G1LDGnNBVorgBCkV9pblJqUduaqbLcUx50Q00DGWznDgCCAlIt8gAAAA==[0m[INFO] 
[8mha:////4DD3IN4fWg6xouESz1vt8+OzHXtiv7dvkd7AJXgKEXEUAAAAzB+LCAAAAAAAAP9b85aBtbiIQSOjNKU4P0+vIKc0PTOvWK8kMze1uCQxtyC1SC8ExvbLL0llgABGJgYmLwaB3MycnMzi4My85FTXgvzkDB8G3tScxILi1BRfsEwJg4BPVmJZon5OYl66vk9+Xrp1RRGDFNSy5Py84vycVD1nCI1qPENFAZCObfGepAF0Hx/IFD2QKXpgU7qfTDjTr3yfiYHRi4G1LDGnNBVorgBCkV9pblJqUduaqbLcUx50Q00DGWznDgCCAlIt8gAAAA==[0m[INFO] --- maven-surefire-plugin:2.11:test (unit-tests) @ gameoflife-core ---
[8mha:////4DD3IN4fWg6xouESz1vt8+OzHXtiv7dvkd7AJXgKEXEUAAAAzB+LCAAAAAAAAP9b85aBtbiIQSOjNKU4P0+vIKc0PTOvWK8kMze1uCQxtyC1SC8ExvbLL0llgABGJgYmLwaB3MycnMzi4My85FTXgvzkDB8G3tScxILi1BRfsEwJg4BPVmJZon5OYl66vk9+Xrp1RRGDFNSy5Py84vycVD1nCI1qPENFAZCObfGepAF0Hx/IFD2QKXpgU7qfTDjTr3yfiYHRi4G1LDGnNBVorgBCkV9pblJqUduaqbLcUx50Q00DGWznDgCCAlIt8gAAAA==[0m[INFO] Surefire report directory: /var/lib/jenkins/workspace/CTC_Demo/gameoflife-core/target/surefire-reports
[8mha:////4J6bfpa4wy6gaCpp+3/1Ewfs8ndcVB89WJ6yIrOFVC6xAAAAzB+LCAAAAAAAAP9b85aBtbiIQSOjNKU4P0+vIKc0PTOvWK8kMze1uCQxtyC1SC8ExvbLL0llgABGJgYmLwaB3MycnMzi4My85FTXgvzkDB8G3tScxILi1BRfsEwJg4BPVmJZon5OYl66vk9+Xrp1RRGDFNSy5Py84vycVD1nCI1qPENFAZCObfGerAt0Hx/IFD2QKXpgU7qfTDjTr3yfiYHRi4G1LDGnNBVorgBCkV9pblJqUduaqbLcUx50Q00DGWzvAwAK3tEA8gAAAA==[0m
[8mha:////4FoiqHiU7SMA6kHZhJqM8UVGC8wgdZJUO+Znbvtfrfl3AAAAzB+LCAAAAAAAAP9b85aBtbiIQSOjNKU4P0+vIKc0PTOvWK8kMze1uCQxtyC1SC8ExvbLL0llgABGJgYmLwaB3MycnMzi4My85FTXgvzkDB8G3tScxILi1BRfsEwJg4BPVmJZon5OYl66vk9+Xrp1RRGDFNSy5Py84vycVD1nCI1qPENFAZCObfGerAd0Hx/IFD2QKXpgU7qfTDjTr3yfiYHRi4G1LDGnNBVorgBCkV9pblJqUduaqbLcUx50Q00DGWzvCwBvd92r8gAAAA==[0m-------------------------------------------------------
[8mha:////4DAgVpagdEFJbmIuJ/MKwCetUJfiww/9dmcR1VNDxliUAAAAzB+LCAAAAAAAAP9b85aBtbiIQSOjNKU4P0+vIKc0PTOvWK8kMze1uCQxtyC1SC8ExvbLL0llgABGJgYmLwaB3MycnMzi4My85FTXgvzkDB8G3tScxILi1BRfsEwJg4BPVmJZon5OYl66vk9+Xrp1RRGDFNSy5Py84vycVD1nCI1qPENFAZCObfGerA90Hx/IFD2QKXpgU7qfTDjTr3yfiYHRi4G1LDGnNBVorgBCkV9pblJqUduaqbLcUx50Q00DGWzvBwCEUS158gAAAA==[0m T E S T S
[8mha:////4DwaLd5x6W6xfA9BFcvzdCtrUHMGGYLyQWc588HMeoECAAAAzB+LCAAAAAAAAP9b85aBtbiIQSOjNKU4P0+vIKc0PTOvWK8kMze1uCQxtyC1SC8ExvbLL0llgABGJgYmLwaB3MycnMzi4My85FTXgvzkDB8G3tScxILi1BRfsEwJg4BPVmJZon5OYl66vk9+Xrp1RRGDFNSy5Py84vycVD1nCI1qPENFAZCObfGebAB0Hx/IFD2QKXpgU7qfTDjTr3yfiYHRi4G1LDGnNBVorgBCkV9pblJqUduaqbLcUx50Q00DGWzvDwA581xw8gAAAA==[0m-------------------------------------------------------
[8mha:////4Cucg/LCaZ3fcZxEvdrEUtm1nD/rEly+s9LPEWbKVp62AAAAzB+LCAAAAAAAAP9b85aBtbiIQSOjNKU4P0+vIKc0PTOvWK8kMze1uCQxtyC1SC8ExvbLL0llgABGJgYmLwaB3MycnMzi4My85FTXgvzkDB8G3tScxILi1BRfsEwJg4BPVmJZon5OYl66vk9+Xrp1RRGDFNSy5Py84vycVD1nCI1qPENFAZCObfGeUQ10Hx/IFD2QKXpgU7qfTDjTr3yfiYHRi4G1LDGnNBVorgBCkV9pblJqUduaqbLcUx50Q00DGewyCwBpsJ0o8gAAAA==[0mRunning com.wakaleo.gameoflife.domain.WhenYouReadAGridFromAString
[8mha:////4DFtLVaVn/2JIVCZ2VMPgLMzycvX9YfZaa3hv4VD3e72AAAAzB+LCAAAAAAAAP9b85aBtbiIQSOjNKU4P0+vIKc0PTOvWK8kMze1uCQxtyC1SC8ExvbLL0llgABGJgYmLwaB3MycnMzi4My85FTXgvzkDB8G3tScxILi1BRfsEwJg4BPVmJZon5OYl66vk9+Xrp1RRGDFNSy5Py84vycVD1nCI1qPENFAZCObfGeWQF0Hx/IFD2QKXpgU7qfTDjTr3yfiYHRi4G1LDGnNBVorgBCkV9pblJqUduaqbLcUx50Q00DGew6HQBz/BuP8gAAAA==[0mTests run: 8, Failures: 0, Errors: 0, Skipped: 0, Time elapsed: 0.3 sec
[8mha:////4La8dsuxMWYbqq2479z/wJuTbHPUKXKHRjNCkbFXsS8nAAAAzB+LCAAAAAAAAP9b85aBtbiIQSOjNKU4P0+vIKc0PTOvWK8kMze1uCQxtyC1SC8ExvbLL0llgABGJgYmLwaB3MycnMzi4My85FTXgvzkDB8G3tScxILi1BRfsEwJg4BPVmJZon5OYl66vk9+Xrp1RRGDFNSy5Py84vycVD1nCI1qPENFAZCObfGeWQl0Hx/IFD2QKXpgU7qfTDjTr3yfiYHRi4G1LDGnNBVorgBCkV9pblJqUduaqbLcUx50Q00DGew6AwCzll1U8gAAAA==[0mRunning com.wakaleo.gameoflife.domain.WhenYouCreateAGrid
[8mha:////4La8dsuxMWYbqq2479z/wJuTbHPUKXKHRjNCkbFXsS8nAAAAzB+LCAAAAAAAAP9b85aBtbiIQSOjNKU4P0+vIKc0PTOvWK8kMze1uCQxtyC1SC8ExvbLL0llgABGJgYmLwaB3MycnMzi4My85FTXgvzkDB8G3tScxILi1BRfsEwJg4BPVmJZon5OYl66vk9+Xrp1RRGDFNSy5Py84vycVD1nCI1qPENFAZCObfGeWQl0Hx/IFD2QKXpgU7qfTDjTr3yfiYHRi4G1LDGnNBVorgBCkV9pblJqUduaqbLcUx50Q00DGew6AwCzll1U8gAAAA==[0mTests run: 16, Failures: 0, Errors: 0, Skipped: 0, Time elapsed: 0.066 sec
[8mha:////4La8dsuxMWYbqq2479z/wJuTbHPUKXKHRjNCkbFXsS8nAAAAzB+LCAAAAAAAAP9b85aBtbiIQSOjNKU4P0+vIKc0PTOvWK8kMze1uCQxtyC1SC8ExvbLL0llgABGJgYmLwaB3MycnMzi4My85FTXgvzkDB8G3tScxILi1BRfsEwJg4BPVmJZon5OYl66vk9+Xrp1RRGDFNSy5Py84vycVD1nCI1qPENFAZCObfGeWQl0Hx/IFD2QKXpgU7qfTDjTr3yfiYHRi4G1LDGnNBVorgBCkV9pblJqUduaqbLcUx50Q00DGew6AwCzll1U8gAAAA==[0mRunning com.wakaleo.gameoflife.domain.WhenYouPrintAGrid
[8mha:////4M1MIuYOOSY6U0GXmM/aCc0ftW0aUhCtaprEO3XADCQHAAAAzB+LCAAAAAAAAP9b85aBtbiIQSOjNKU4P0+vIKc0PTOvWK8kMze1uCQxtyC1SC8ExvbLL0llgABGJgYmLwaB3MycnMzi4My85FTXgvzkDB8G3tScxILi1BRfsEwJg4BPVmJZon5OYl66vk9+Xrp1RRGDFNSy5Py84vycVD1nCI1qPENFAZCObfGeWQV0Hx/IFD2QKXpgU7qfTDjTr3yfiYHRi4G1LDGnNBVorgBCkV9pblJqUduaqbLcUx50Q00DGew6EwDWP1H/8gAAAA==[0mTests run: 3, Failures: 0, Errors: 0, Skipped: 0, Time elapsed: 0.001 sec
[8mha:////4M1MIuYOOSY6U0GXmM/aCc0ftW0aUhCtaprEO3XADCQHAAAAzB+LCAAAAAAAAP9b85aBtbiIQSOjNKU4P0+vIKc0PTOvWK8kMze1uCQxtyC1SC8ExvbLL0llgABGJgYmLwaB3MycnMzi4My85FTXgvzkDB8G3tScxILi1BRfsEwJg4BPVmJZon5OYl66vk9+Xrp1RRGDFNSy5Py84vycVD1nCI1qPENFAZCObfGeWQV0Hx/IFD2QKXpgU7qfTDjTr3yfiYHRi4G1LDGnNBVorgBCkV9pblJqUduaqbLcUx50Q00DGew6EwDWP1H/8gAAAA==[0mRunning com.wakaleo.gameoflife.domain.WhenYouCreateACell
[8mha:////4M1MIuYOOSY6U0GXmM/aCc0ftW0aUhCtaprEO3XADCQHAAAAzB+LCAAAAAAAAP9b85aBtbiIQSOjNKU4P0+vIKc0PTOvWK8kMze1uCQxtyC1SC8ExvbLL0llgABGJgYmLwaB3MycnMzi4My85FTXgvzkDB8G3tScxILi1BRfsEwJg4BPVmJZon5OYl66vk9+Xrp1RRGDFNSy5Py84vycVD1nCI1qPENFAZCObfGeWQV0Hx/IFD2QKXpgU7qfTDjTr3yfiYHRi4G1LDGnNBVorgBCkV9pblJqUduaqbLcUx50Q00DGew6EwDWP1H/8gAAAA==[0mTests run: 6, Failures: 0, Errors: 0, Skipped: 0, Time elapsed: 0.001 sec
[8mha:////4M1MIuYOOSY6U0GXmM/aCc0ftW0aUhCtaprEO3XADCQHAAAAzB+LCAAAAAAAAP9b85aBtbiIQSOjNKU4P0+vIKc0PTOvWK8kMze1uCQxtyC1SC8ExvbLL0llgABGJgYmLwaB3MycnMzi4My85FTXgvzkDB8G3tScxILi1BRfsEwJg4BPVmJZon5OYl66vk9+Xrp1RRGDFNSy5Py84vycVD1nCI1qPENFAZCObfGeWQV0Hx/IFD2QKXpgU7qfTDjTr3yfiYHRi4G1LDGnNBVorgBCkV9pblJqUduaqbLcUx50Q00DGew6EwDWP1H/8gAAAA==[0mRunning com.wakaleo.gameoflife.domain.WhenYouPlayTheGameOfLife
[8mha:////4M1MIuYOOSY6U0GXmM/aCc0ftW0aUhCtaprEO3XADCQHAAAAzB+LCAAAAAAAAP9b85aBtbiIQSOjNKU4P0+vIKc0PTOvWK8kMze1uCQxtyC1SC8ExvbLL0llgABGJgYmLwaB3MycnMzi4My85FTXgvzkDB8G3tScxILi1BRfsEwJg4BPVmJZon5OYl66vk9+Xrp1RRGDFNSy5Py84vycVD1nCI1qPENFAZCObfGeWQV0Hx/IFD2QKXpgU7qfTDjTr3yfiYHRi4G1LDGnNBVorgBCkV9pblJqUduaqbLcUx50Q00DGew6EwDWP1H/8gAAAA==[0mTests run: 5, Failures: 0, Errors: 0, Skipped: 0, Time elapsed: 0.013 sec
[8mha:////4M1MIuYOOSY6U0GXmM/aCc0ftW0aUhCtaprEO3XADCQHAAAAzB+LCAAAAAAAAP9b85aBtbiIQSOjNKU4P0+vIKc0PTOvWK8kMze1uCQxtyC1SC8ExvbLL0llgABGJgYmLwaB3MycnMzi4My85FTXgvzkDB8G3tScxILi1BRfsEwJg4BPVmJZon5OYl66vk9+Xrp1RRGDFNSy5Py84vycVD1nCI1qPENFAZCObfGeWQV0Hx/IFD2QKXpgU7qfTDjTr3yfiYHRi4G1LDGnNBVorgBCkV9pblJqUduaqbLcUx50Q00DGew6EwDWP1H/8gAAAA==[0mRunning com.wakaleo.gameoflife.domain.WhenYouCreateANewUniverse
[8mha:////4KdtNRkkfk3ZEE/ZYMUAXEdaKfOwOv+hOFNEji+jjdj/AAAAzB+LCAAAAAAAAP9b85aBtbiIQSOjNKU4P0+vIKc0PTOvWK8kMze1uCQxtyC1SC8ExvbLL0llgABGJgYmLwaB3MycnMzi4My85FTXgvzkDB8G3tScxILi1BRfsEwJg4BPVmJZon5OYl66vk9+Xrp1RRGDFNSy5Py84vycVD1nCI1qPENFAZCObfGeVQ50Hx/IFD2QKXpgU7qfTDjTr3yfiYHRi4G1LDGnNBVorgBCkV9pblJqUduaqbLcUx50Q00DGew2DQCkxZ7t8gAAAA==[0mTests run: 11, Failures: 0, Errors: 0, Skipped: 0, Time elapsed: 0.018 sec
[8mha:////4KdtNRkkfk3ZEE/ZYMUAXEdaKfOwOv+hOFNEji+jjdj/AAAAzB+LCAAAAAAAAP9b85aBtbiIQSOjNKU4P0+vIKc0PTOvWK8kMze1uCQxtyC1SC8ExvbLL0llgABGJgYmLwaB3MycnMzi4My85FTXgvzkDB8G3tScxILi1BRfsEwJg4BPVmJZon5OYl66vk9+Xrp1RRGDFNSy5Py84vycVD1nCI1qPENFAZCObfGeVQ50Hx/IFD2QKXpgU7qfTDjTr3yfiYHRi4G1LDGnNBVorgBCkV9pblJqUduaqbLcUx50Q00DGew2DQCkxZ7t8gAAAA==[0m
[8mha:////4KdtNRkkfk3ZEE/ZYMUAXEdaKfOwOv+hOFNEji+jjdj/AAAAzB+LCAAAAAAAAP9b85aBtbiIQSOjNKU4P0+vIKc0PTOvWK8kMze1uCQxtyC1SC8ExvbLL0llgABGJgYmLwaB3MycnMzi4My85FTXgvzkDB8G3tScxILi1BRfsEwJg4BPVmJZon5OYl66vk9+Xrp1RRGDFNSy5Py84vycVD1nCI1qPENFAZCObfGeVQ50Hx/IFD2QKXpgU7qfTDjTr3yfiYHRi4G1LDGnNBVorgBCkV9pblJqUduaqbLcUx50Q00DGew2DQCkxZ7t8gAAAA==[0mResults :
[8mha:////4KdtNRkkfk3ZEE/ZYMUAXEdaKfOwOv+hOFNEji+jjdj/AAAAzB+LCAAAAAAAAP9b85aBtbiIQSOjNKU4P0+vIKc0PTOvWK8kMze1uCQxtyC1SC8ExvbLL0llgABGJgYmLwaB3MycnMzi4My85FTXgvzkDB8G3tScxILi1BRfsEwJg4BPVmJZon5OYl66vk9+Xrp1RRGDFNSy5Py84vycVD1nCI1qPENFAZCObfGeVQ50Hx/IFD2QKXpgU7qfTDjTr3yfiYHRi4G1LDGnNBVorgBCkV9pblJqUduaqbLcUx50Q00DGew2DQCkxZ7t8gAAAA==[0m
[8mha:////4KdtNRkkfk3ZEE/ZYMUAXEdaKfOwOv+hOFNEji+jjdj/AAAAzB+LCAAAAAAAAP9b85aBtbiIQSOjNKU4P0+vIKc0PTOvWK8kMze1uCQxtyC1SC8ExvbLL0llgABGJgYmLwaB3MycnMzi4My85FTXgvzkDB8G3tScxILi1BRfsEwJg4BPVmJZon5OYl66vk9+Xrp1RRGDFNSy5Py84vycVD1nCI1qPENFAZCObfGeVQ50Hx/IFD2QKXpgU7qfTDjTr3yfiYHRi4G1LDGnNBVorgBCkV9pblJqUduaqbLcUx50Q00DGew2DQCkxZ7t8gAAAA==[0mTests run: 49, Failures: 0, Errors: 0, Skipped: 0
[8mha:////4KdtNRkkfk3ZEE/ZYMUAXEdaKfOwOv+hOFNEji+jjdj/AAAAzB+LCAAAAAAAAP9b85aBtbiIQSOjNKU4P0+vIKc0PTOvWK8kMze1uCQxtyC1SC8ExvbLL0llgABGJgYmLwaB3MycnMzi4My85FTXgvzkDB8G3tScxILi1BRfsEwJg4BPVmJZon5OYl66vk9+Xrp1RRGDFNSy5Py84vycVD1nCI1qPENFAZCObfGeVQ50Hx/IFD2QKXpgU7qfTDjTr3yfiYHRi4G1LDGnNBVorgBCkV9pblJqUduaqbLcUx50Q00DGew2DQCkxZ7t8gAAAA==[0m
[8mha:////4Ik7X/1Lg1lURDE6bga+kcNxL2AmkmXnwvhxQk9Vs4XfAAAAzB+LCAAAAAAAAP9b85aBtbiIQSOjNKU4P0+vIKc0PTOvWK8kMze1uCQxtyC1SC8ExvbLL0llgABGJgYmLwaB3MycnMzi4My85FTXgvzkDB8G3tScxILi1BRfsEwJg4BPVmJZon5OYl66vk9+Xrp1RRGDFNSy5Py84vycVD1nCI1qPENFAZCObfGeVQF0Hx/IFD2QKXpgU7qfTDjTr3yfiYHRi4G1LDGnNBVorgBCkV9pblJqUduaqbLcUx50Q00DGew2HQCPB16A8gAAAA==[0m[INFO] 
[8mha:////4Ik7X/1Lg1lURDE6bga+kcNxL2AmkmXnwvhxQk9Vs4XfAAAAzB+LCAAAAAAAAP9b85aBtbiIQSOjNKU4P0+vIKc0PTOvWK8kMze1uCQxtyC1SC8ExvbLL0llgABGJgYmLwaB3MycnMzi4My85FTXgvzkDB8G3tScxILi1BRfsEwJg4BPVmJZon5OYl66vk9+Xrp1RRGDFNSy5Py84vycVD1nCI1qPENFAZCObfGeVQF0Hx/IFD2QKXpgU7qfTDjTr3yfiYHRi4G1LDGnNBVorgBCkV9pblJqUduaqbLcUx50Q00DGew2HQCPB16A8gAAAA==[0m[INFO] --- maven-easyb-plugin:1.4:test (default) @ gameoflife-core ---
[8mha:////4IbSPrYXFzJhi1tuyriwlyOLWqUoNyb65FB6bX3ByWSgAAAAzB+LCAAAAAAAAP9b85aBtbiIQSOjNKU4P0+vIKc0PTOvWK8kMze1uCQxtyC1SC8ExvbLL0llgABGJgYmLwaB3MycnMzi4My85FTXgvzkDB8G3tScxILi1BRfsEwJg4BPVmJZon5OYl66vk9+Xrp1RRGDFNSy5Py84vycVD1nCI1qPENFAZCObfGeJwx0Hx/IFD2QKXpgU7qfTDjTr3yfiYHRi4G1LDGnNBVorgBCkV9pblJqUduaqbLcUx50Q00DGexlBAA9E0yU8gAAAA==[0m[INFO] Using easyb dependency org.easyb:easyb-core:jar:1.6:compile
[8mha:////4ErBUkCo8cz77X0hTLx3PQhyPk5l3ALrvDfX098Vnki6AAAAzB+LCAAAAAAAAP9b85aBtbiIQSOjNKU4P0+vIKc0PTOvWK8kMze1uCQxtyC1SC8ExvbLL0llgABGJgYmLwaB3MycnMzi4My85FTXgvzkDB8G3tScxILi1BRfsEwJg4BPVmJZon5OYl66vk9+Xrp1RRGDFNSy5Py84vycVD1nCI1qPENFAZCObfGeJwJ0Hx/IFD2QKXpgU7qfTDjTr3yfiYHRi4G1LDGnNBVorgBCkV9pblJqUduaqbLcUx50Q00DGexlDABdYdTL8gAAAA==[0m[INFO] Using easyb dependency org.easyb:easyb-composite-groovy:pom:1.2:compile
[8mha:////4CMlQWRBFTxsVVE2wkpTd5ZWW2qZP9NxHOLDNwFgv0wOAAAAzB+LCAAAAAAAAP9b85aBtbiIQSOjNKU4P0+vIKc0PTOvWK8kMze1uCQxtyC1SC8ExvbLL0llgABGJgYmLwaB3MycnMzi4My85FTXgvzkDB8G3tScxILi1BRfsEwJg4BPVmJZon5OYl66vk9+Xrp1RRGDFNSy5Py84vycVD1nCI1qPENFAZCObfGeJwp0Hx/IFD2QKXpgU7qfTDjTr3yfiYHRi4G1LDGnNBVorgBCkV9pblJqUduaqbLcUx50Q00DGexlAgCvg0ke8gAAAA==[0m[INFO] Using easyb dependency org.codehaus.groovy:groovy-all:jar:2.3.6:compile
[8mha:////4CMlQWRBFTxsVVE2wkpTd5ZWW2qZP9NxHOLDNwFgv0wOAAAAzB+LCAAAAAAAAP9b85aBtbiIQSOjNKU4P0+vIKc0PTOvWK8kMze1uCQxtyC1SC8ExvbLL0llgABGJgYmLwaB3MycnMzi4My85FTXgvzkDB8G3tScxILi1BRfsEwJg4BPVmJZon5OYl66vk9+Xrp1RRGDFNSy5Py84vycVD1nCI1qPENFAZCObfGeJwp0Hx/IFD2QKXpgU7qfTDjTr3yfiYHRi4G1LDGnNBVorgBCkV9pblJqUduaqbLcUx50Q00DGexlAgCvg0ke8gAAAA==[0m[INFO] Using easyb dependency org.easyb:easyb-ast:jar:1.1:compile
[8mha:////4CMlQWRBFTxsVVE2wkpTd5ZWW2qZP9NxHOLDNwFgv0wOAAAAzB+LCAAAAAAAAP9b85aBtbiIQSOjNKU4P0+vIKc0PTOvWK8kMze1uCQxtyC1SC8ExvbLL0llgABGJgYmLwaB3MycnMzi4My85FTXgvzkDB8G3tScxILi1BRfsEwJg4BPVmJZon5OYl66vk9+Xrp1RRGDFNSy5Py84vycVD1nCI1qPENFAZCObfGeJwp0Hx/IFD2QKXpgU7qfTDjTr3yfiYHRi4G1LDGnNBVorgBCkV9pblJqUduaqbLcUx50Q00DGexlAgCvg0ke8gAAAA==[0m[INFO] Using easyb dependency commons-cli:commons-cli:jar:1.2:compile
[8mha:////4CMlQWRBFTxsVVE2wkpTd5ZWW2qZP9NxHOLDNwFgv0wOAAAAzB+LCAAAAAAAAP9b85aBtbiIQSOjNKU4P0+vIKc0PTOvWK8kMze1uCQxtyC1SC8ExvbLL0llgABGJgYmLwaB3MycnMzi4My85FTXgvzkDB8G3tScxILi1BRfsEwJg4BPVmJZon5OYl66vk9+Xrp1RRGDFNSy5Py84vycVD1nCI1qPENFAZCObfGeJwp0Hx/IFD2QKXpgU7qfTDjTr3yfiYHRi4G1LDGnNBVorgBCkV9pblJqUduaqbLcUx50Q00DGexlAgCvg0ke8gAAAA==[0m[INFO] Using easyb dependency commons-lang:commons-lang:jar:2.5:compile
[8mha:////4KLl2cqqt15a/Gu6/i61LDzAr6UgXZUWR9g7IfzFnoSFAAAAzB+LCAAAAAAAAP9b85aBtbiIQSOjNKU4P0+vIKc0PTOvWK8kMze1uCQxtyC1SC8ExvbLL0llgABGJgYmLwaB3MycnMzi4My85FTXgvzkDB8G3tScxILi1BRfsEwJg4BPVmJZon5OYl66vk9+Xrp1RRGDFNSy5Py84vycVD1nCI1qPENFAZCObfFefhXoPj6QKXogU/TApnQ/mXCmX/k+EwOjFwNrWWJOaSrQXAGEIr/S3KTUorY1U2W5pzzohpoGMjj4CwCitfIS8gAAAA==[0m     [java] Running counting things story (/var/lib/jenkins/workspace/CTC_Demo/gameoflife-core/src/test/stories/CountingThings.story)
[8mha:////4AF9/NsrNkKq91mqO0MigM967cVkdsvkYnmWv1gOsWmmAAAAzB+LCAAAAAAAAP9b85aBtbiIQSOjNKU4P0+vIKc0PTOvWK8kMze1uCQxtyC1SC8ExvbLL0llgABGJgYmLwaB3MycnMzi4My85FTXgvzkDB8G3tScxILi1BRfsEwJg4BPVmJZon5OYl66vk9+Xrp1RRGDFNSy5Py84vycVD1nCI1qPENFAZCObfHeshroPj6QKXogU/TApnQ/mXCmX/k+EwOjFwNrWWJOaSrQXAGEIr/S3KTUorY1U2W5pzzohpoGMjjhFABYQsGv8gAAAA==[0m     [java] Scenarios run: 1, Failures: 0, Pending: 0, Time elapsed: 3.128 sec
[8mha:////4NsNWEbBZVlJdlp0vE3ttuC/3UtDCApt6ZTGkkz6ZYGNAAAAzB+LCAAAAAAAAP9b85aBtbiIQSOjNKU4P0+vIKc0PTOvWK8kMze1uCQxtyC1SC8ExvbLL0llgABGJgYmLwaB3MycnMzi4My85FTXgvzkDB8G3tScxILi1BRfsEwJg4BPVmJZon5OYl66vk9+Xrp1RRGDFNSy5Py84vycVD1nCI1qPENFAZCObfHesgboPj6QKXogU/TApnQ/mXCmX/k+EwOjFwNrWWJOaSrQXAGEIr/S3KTUorY1U2W5pzzohpoGMjjhNAA4MFnw8gAAAA==[0m     [java] Running multiplying things story (/var/lib/jenkins/workspace/CTC_Demo/gameoflife-core/src/test/stories/MultiplyingThings.story)
[8mha:////4MKYAh70d0Bt+LYQbZpVmEf4fWFf8mE1xxCRxKtFhO6IAAAAzB+LCAAAAAAAAP9b85aBtbiIQSOjNKU4P0+vIKc0PTOvWK8kMze1uCQxtyC1SC8ExvbLL0llgABGJgYmLwaB3MycnMzi4My85FTXgvzkDB8G3tScxILi1BRfsEwJg4BPVmJZon5OYl66vk9+Xrp1RRGDFNSy5Py84vycVD1nCI1qPENFAZCObfHeshboPj6QKXogU/TApnQ/mXCmX/k+EwOjFwNrWWJOaSrQXAGEIr/S3KTUorY1U2W5pzzohpoGMjjhDADK0sQl8gAAAA==[0m     [java] Scenarios run: 1, Failures: 0, Pending: 1, Time elapsed: 0.274 sec
[8mha:////4IytRcIqGv4jIyq8kAnxMS+XuwxUflqq272RzNdiJWspAAAAzB+LCAAAAAAAAP9b85aBtbiIQSOjNKU4P0+vIKc0PTOvWK8kMze1uCQxtyC1SC8ExvbLL0llgABGJgYmLwaB3MycnMzi4My85FTXgvzkDB8G3tScxILi1BRfsEwJg4BPVmJZon5OYl66vk9+Xrp1RRGDFNSy5Py84vycVD1nCI1qPENFAZCObfHesh7oPj6QKXogU/TApnQ/mXCmX/k+EwOjFwNrWWJOaSrQXAGEIr/S3KTUorY1U2W5pzzohpoGMjjhHABEXThc8gAAAA==[0m     [java] 2 total behaviors ran with no failures
[8mha:////4DckA5BenBII7t7bIqeMd9nY5aTwtrdltgfg5JepD1AeAAAAzB+LCAAAAAAAAP9b85aBtbiIQSOjNKU4P0+vIKc0PTOvWK8kMze1uCQxtyC1SC8ExvbLL0llgABGJgYmLwaB3MycnMzi4My85FTXgvzkDB8G3tScxILi1BRfsEwJg4BPVmJZon5OYl66vk9+Xrp1RRGDFNSy5Py84vycVD1nCI1qPENFAZCObfE+mAZ0Hx/IFD2QKXpgU7qfTDjTr3yfiYHRi4G1LDGnNBVorgBCkV9pblJqUduaqbLcUx50Q00DGZzbCgAWnWaI8gAAAA==[0m     [java] Writing JUnit report to /var/lib/jenkins/workspace/CTC_Demo/gameoflife-core/target/surefire-reports/TEST-behavior.CountingThings.xml
[8mha:////4EHu3nY/rjpeon0RBXUB2oi7e8imgE+IgT+dUQy4eh4BAAAAzB+LCAAAAAAAAP9b85aBtbiIQSOjNKU4P0+vIKc0PTOvWK8kMze1uCQxtyC1SC8ExvbLL0llgABGJgYmLwaB3MycnMzi4My85FTXgvzkDB8G3tScxILi1BRfsEwJg4BPVmJZon5OYl66vk9+Xrp1RRGDFNSy5Py84vycVD1nCI1qPENFAZCObfE+mAF0Hx/IFD2QKXpgU7qfTDjTr3yfiYHRi4G1LDGnNBVorgBCkV9pblJqUduaqbLcUx50Q00DGZzbDgDWeVY38gAAAA==[0m     [java] JUnit report written to /var/lib/jenkins/workspace/CTC_Demo/gameoflife-core/target/surefire-reports/TEST-behavior.CountingThings.xml
[8mha:////4EHu3nY/rjpeon0RBXUB2oi7e8imgE+IgT+dUQy4eh4BAAAAzB+LCAAAAAAAAP9b85aBtbiIQSOjNKU4P0+vIKc0PTOvWK8kMze1uCQxtyC1SC8ExvbLL0llgABGJgYmLwaB3MycnMzi4My85FTXgvzkDB8G3tScxILi1BRfsEwJg4BPVmJZon5OYl66vk9+Xrp1RRGDFNSy5Py84vycVD1nCI1qPENFAZCObfE+mAF0Hx/IFD2QKXpgU7qfTDjTr3yfiYHRi4G1LDGnNBVorgBCkV9pblJqUduaqbLcUx50Q00DGZzbDgDWeVY38gAAAA==[0m     [java] Writing JUnit report to /var/lib/jenkins/workspace/CTC_Demo/gameoflife-core/target/surefire-reports/TEST-behavior.MultiplyingThings.xml
[8mha:////4EHu3nY/rjpeon0RBXUB2oi7e8imgE+IgT+dUQy4eh4BAAAAzB+LCAAAAAAAAP9b85aBtbiIQSOjNKU4P0+vIKc0PTOvWK8kMze1uCQxtyC1SC8ExvbLL0llgABGJgYmLwaB3MycnMzi4My85FTXgvzkDB8G3tScxILi1BRfsEwJg4BPVmJZon5OYl66vk9+Xrp1RRGDFNSy5Py84vycVD1nCI1qPENFAZCObfE+mAF0Hx/IFD2QKXpgU7qfTDjTr3yfiYHRi4G1LDGnNBVorgBCkV9pblJqUduaqbLcUx50Q00DGZzbDgDWeVY38gAAAA==[0m     [java] JUnit report written to /var/lib/jenkins/workspace/CTC_Demo/gameoflife-core/target/surefire-reports/TEST-behavior.MultiplyingThings.xml
[8mha:////4Kg4TcYd+OsZlVXrMAg0vAabPT11NIsbMnZ5c+iRmZ1vAAAAzB+LCAAAAAAAAP9b85aBtbiIQSOjNKU4P0+vIKc0PTOvWK8kMze1uCQxtyC1SC8ExvbLL0llgABGJgYmLwaB3MycnMzi4My85FTXgvzkDB8G3tScxILi1BRfsEwJg4BPVmJZon5OYl66vk9+Xrp1RRGDFNSy5Py84vycVD1nCI1qPENFAZCObfE+agp0Hx/IFD2QKXpgU7qfTDjTr3yfiYHRi4G1LDGnNBVorgBCkV9pblJqUduaqbLcUx50Q00DGVwYAgAhP1Ue8gAAAA==[0m[INFO] 
[8mha:////4Du8UMXq/ob/GuNuOcZ3aFm0Z9eHbdlzSfVUZCzfG2m/AAAAzB+LCAAAAAAAAP9b85aBtbiIQSOjNKU4P0+vIKc0PTOvWK8kMze1uCQxtyC1SC8ExvbLL0llgABGJgYmLwaB3MycnMzi4My85FTXgvzkDB8G3tScxILi1BRfsEwJg4BPVmJZon5OYl66vk9+Xrp1RRGDFNSy5Py84vycVD1nCI1qPENFAZCObfE+agF0Hx/IFD2QKXpgU7qfTDjTr3yfiYHRi4G1LDGnNBVorgBCkV9pblJqUduaqbLcUx50Q00DGVwYDgCEcmkK8gAAAA==[0m[INFO] --- maven-jar-plugin:2.4:jar (default-jar) @ gameoflife-core ---
[8mha:////4JxXa/LIMVBlo8UpCJpbhOX5dH3NmD7L0Dclkh+nDQfRAAAAzB+LCAAAAAAAAP9b85aBtbiIQSOjNKU4P0+vIKc0PTOvWK8kMze1uCQxtyC1SC8ExvbLL0llgABGJgYmLwaB3MycnMzi4My85FTXgvzkDB8G3tScxILi1BRfsEwJg4BPVmJZon5OYl66vk9+Xrp1RRGDFNSy5Py84vycVD1nCI1qPENFAZCObfE+Zgd0Hx/IFD2QKXpgU7qfTDjTr3yfiYHRi4G1LDGnNBVorgBCkV9pblJqUduaqbLcUx50Q00DGVwUCwDBVZ+G8gAAAA==[0m[INFO] Building jar: /var/lib/jenkins/workspace/CTC_Demo/gameoflife-core/target/gameoflife-core-1.0-SNAPSHOT.jar
[8mha:////4PQNY/AYYbhPU4o+MevwbhWonYBwKwUmX7+u5xwhXFpyAAAAzB+LCAAAAAAAAP9b85aBtbiIQSOjNKU4P0+vIKc0PTOvWK8kMze1uCQxtyC1SC8ExvbLL0llgABGJgYmLwaB3MycnMzi4My85FTXgvzkDB8G3tScxILi1BRfsEwJg4BPVmJZon5OYl66vk9+Xrp1RRGDFNSy5Py84vycVD1nCI1qPENFAZCObfE+5gB0Hx/IFD2QKXpgU7qfTDjTr3yfiYHRi4G1LDGnNBVorgBCkV9pblJqUduaqbLcUx50Q00DGVwUDwCilMjd8gAAAA==[0m[INFO] 
[8mha:////4HOllPyyD33huTkJ1/PeThMty6iWzK1uN4HNpvGZdETnAAAAzB+LCAAAAAAAAP9b85aBtbiIQSOjNKU4P0+vIKc0PTOvWK8kMze1uCQxtyC1SC8ExvbLL0llgABGJgYmLwaB3MycnMzi4My85FTXgvzkDB8G3tScxILi1BRfsEwJg4BPVmJZon5OYl66vk9+Xrp1RRGDFNSy5Py84vycVD1nCI1qPENFAZCObfE+5gh0Hx/IFD2QKXpgU7qfTDjTr3yfiYHRi4G1LDGnNBVorgBCkV9pblJqUduaqbLcUx50Q00DGVyUAADOzlcg8gAAAA==[0m[INFO] ------------------------------------------------------------------------
[8mha:////4HOllPyyD33huTkJ1/PeThMty6iWzK1uN4HNpvGZdETnAAAAzB+LCAAAAAAAAP9b85aBtbiIQSOjNKU4P0+vIKc0PTOvWK8kMze1uCQxtyC1SC8ExvbLL0llgABGJgYmLwaB3MycnMzi4My85FTXgvzkDB8G3tScxILi1BRfsEwJg4BPVmJZon5OYl66vk9+Xrp1RRGDFNSy5Py84vycVD1nCI1qPENFAZCObfE+5gh0Hx/IFD2QKXpgU7qfTDjTr3yfiYHRi4G1LDGnNBVorgBCkV9pblJqUduaqbLcUx50Q00DGVyUAADOzlcg8gAAAA==[0m[INFO] Building gameoflife-web 1.0-SNAPSHOT
[8mha:////4HOllPyyD33huTkJ1/PeThMty6iWzK1uN4HNpvGZdETnAAAAzB+LCAAAAAAAAP9b85aBtbiIQSOjNKU4P0+vIKc0PTOvWK8kMze1uCQxtyC1SC8ExvbLL0llgABGJgYmLwaB3MycnMzi4My85FTXgvzkDB8G3tScxILi1BRfsEwJg4BPVmJZon5OYl66vk9+Xrp1RRGDFNSy5Py84vycVD1nCI1qPENFAZCObfE+5gh0Hx/IFD2QKXpgU7qfTDjTr3yfiYHRi4G1LDGnNBVorgBCkV9pblJqUduaqbLcUx50Q00DGVyUAADOzlcg8gAAAA==[0m[INFO] ------------------------------------------------------------------------
[8mha:////4EHe9YqtxYTXyPJJ0bLlqEnTU+9s/EB1fHmJq5oVFS1nAAAAzB+LCAAAAAAAAP9b85aBtbiIQSOjNKU4P0+vIKc0PTOvWK8kMze1uCQxtyC1SC8ExvbLL0llgABGJgYmLwaB3MycnMzi4My85FTXgvzkDB8G3tScxILi1BRfsEwJg4BPVmJZon5OYl66vk9+Xrp1RRGDFNSy5Py84vycVD1nCI1qPENFAZCObfE+UQl0Hx/IFD2QKXpgU7qfTDjTr3yfiYHRi4G1LDGnNBVorgBCkV9pblJqUduaqbLcUx50Q00DGVwyAwBBkg3z8gAAAA==[0m[INFO] 
[8mha:////4Hh28D/rfS/2fqwLYtsoguoJVFjJB4nCuf/hcTHNpf92AAAAzB+LCAAAAAAAAP9b85aBtbiIQSOjNKU4P0+vIKc0PTOvWK8kMze1uCQxtyC1SC8ExvbLL0llgABGJgYmLwaB3MycnMzi4My85FTXgvzkDB8G3tScxILi1BRfsEwJg4BPVmJZon5OYl66vk9+Xrp1RRGDFNSy5Py84vycVD1nCI1qPENFAZCObfE+UQ10Hx/IFD2QKXpgU7qfTDjTr3yfiYHRi4G1LDGnNBVorgBCkV9pblJqUduaqbLcUx50Q00DGVwyCwDPHfGK8gAAAA==[0m[INFO] --- maven-clean-plugin:2.5:clean (default-clean) @ gameoflife-web ---
[8mha:////4Hh28D/rfS/2fqwLYtsoguoJVFjJB4nCuf/hcTHNpf92AAAAzB+LCAAAAAAAAP9b85aBtbiIQSOjNKU4P0+vIKc0PTOvWK8kMze1uCQxtyC1SC8ExvbLL0llgABGJgYmLwaB3MycnMzi4My85FTXgvzkDB8G3tScxILi1BRfsEwJg4BPVmJZon5OYl66vk9+Xrp1RRGDFNSy5Py84vycVD1nCI1qPENFAZCObfE+UQ10Hx/IFD2QKXpgU7qfTDjTr3yfiYHRi4G1LDGnNBVorgBCkV9pblJqUduaqbLcUx50Q00DGVwyCwDPHfGK8gAAAA==[0m[INFO] Deleting /var/lib/jenkins/workspace/CTC_Demo/gameoflife-web/target
[8mha:////4Hh28D/rfS/2fqwLYtsoguoJVFjJB4nCuf/hcTHNpf92AAAAzB+LCAAAAAAAAP9b85aBtbiIQSOjNKU4P0+vIKc0PTOvWK8kMze1uCQxtyC1SC8ExvbLL0llgABGJgYmLwaB3MycnMzi4My85FTXgvzkDB8G3tScxILi1BRfsEwJg4BPVmJZon5OYl66vk9+Xrp1RRGDFNSy5Py84vycVD1nCI1qPENFAZCObfE+UQ10Hx/IFD2QKXpgU7qfTDjTr3yfiYHRi4G1LDGnNBVorgBCkV9pblJqUduaqbLcUx50Q00DGVwyCwDPHfGK8gAAAA==[0m[INFO] 
[8mha:////4Hh28D/rfS/2fqwLYtsoguoJVFjJB4nCuf/hcTHNpf92AAAAzB+LCAAAAAAAAP9b85aBtbiIQSOjNKU4P0+vIKc0PTOvWK8kMze1uCQxtyC1SC8ExvbLL0llgABGJgYmLwaB3MycnMzi4My85FTXgvzkDB8G3tScxILi1BRfsEwJg4BPVmJZon5OYl66vk9+Xrp1RRGDFNSy5Py84vycVD1nCI1qPENFAZCObfE+UQ10Hx/IFD2QKXpgU7qfTDjTr3yfiYHRi4G1LDGnNBVorgBCkV9pblJqUduaqbLcUx50Q00DGVwyCwDPHfGK8gAAAA==[0m[INFO] --- maven-enforcer-plugin:1.0:enforce (enforce-versions) @ gameoflife-web ---
[8mha:////4Hh28D/rfS/2fqwLYtsoguoJVFjJB4nCuf/hcTHNpf92AAAAzB+LCAAAAAAAAP9b85aBtbiIQSOjNKU4P0+vIKc0PTOvWK8kMze1uCQxtyC1SC8ExvbLL0llgABGJgYmLwaB3MycnMzi4My85FTXgvzkDB8G3tScxILi1BRfsEwJg4BPVmJZon5OYl66vk9+Xrp1RRGDFNSy5Py84vycVD1nCI1qPENFAZCObfE+UQ10Hx/IFD2QKXpgU7qfTDjTr3yfiYHRi4G1LDGnNBVorgBCkV9pblJqUduaqbLcUx50Q00DGVwyCwDPHfGK8gAAAA==[0m[INFO] 
[8mha:////4Hh28D/rfS/2fqwLYtsoguoJVFjJB4nCuf/hcTHNpf92AAAAzB+LCAAAAAAAAP9b85aBtbiIQSOjNKU4P0+vIKc0PTOvWK8kMze1uCQxtyC1SC8ExvbLL0llgABGJgYmLwaB3MycnMzi4My85FTXgvzkDB8G3tScxILi1BRfsEwJg4BPVmJZon5OYl66vk9+Xrp1RRGDFNSy5Py84vycVD1nCI1qPENFAZCObfE+UQ10Hx/IFD2QKXpgU7qfTDjTr3yfiYHRi4G1LDGnNBVorgBCkV9pblJqUduaqbLcUx50Q00DGVwyCwDPHfGK8gAAAA==[0m[INFO] --- maven-resources-plugin:2.6:resources (default-resources) @ gameoflife-web ---
[8mha:////4Hh28D/rfS/2fqwLYtsoguoJVFjJB4nCuf/hcTHNpf92AAAAzB+LCAAAAAAAAP9b85aBtbiIQSOjNKU4P0+vIKc0PTOvWK8kMze1uCQxtyC1SC8ExvbLL0llgABGJgYmLwaB3MycnMzi4My85FTXgvzkDB8G3tScxILi1BRfsEwJg4BPVmJZon5OYl66vk9+Xrp1RRGDFNSy5Py84vycVD1nCI1qPENFAZCObfE+UQ10Hx/IFD2QKXpgU7qfTDjTr3yfiYHRi4G1LDGnNBVorgBCkV9pblJqUduaqbLcUx50Q00DGVwyCwDPHfGK8gAAAA==[0m[INFO] Using 'UTF-8' encoding to copy filtered resources.
[8mha:////4Hh28D/rfS/2fqwLYtsoguoJVFjJB4nCuf/hcTHNpf92AAAAzB+LCAAAAAAAAP9b85aBtbiIQSOjNKU4P0+vIKc0PTOvWK8kMze1uCQxtyC1SC8ExvbLL0llgABGJgYmLwaB3MycnMzi4My85FTXgvzkDB8G3tScxILi1BRfsEwJg4BPVmJZon5OYl66vk9+Xrp1RRGDFNSy5Py84vycVD1nCI1qPENFAZCObfE+UQ10Hx/IFD2QKXpgU7qfTDjTr3yfiYHRi4G1LDGnNBVorgBCkV9pblJqUduaqbLcUx50Q00DGVwyCwDPHfGK8gAAAA==[0m[INFO] Copying 1 resource
[8mha:////4KhnIGEOtJixw6acpxsF0X6GkjBSniLeWG5fLGVnSYNGAAAAzB+LCAAAAAAAAP9b85aBtbiIQSOjNKU4P0+vIKc0PTOvWK8kMze1uCQxtyC1SC8ExvbLL0llgABGJgYmLwaB3MycnMzi4My85FTXgvzkDB8G3tScxILi1BRfsEwJg4BPVmJZon5OYl66vk9+Xrp1RRGDFNSy5Py84vycVD1nCI1qPENFAZCObfE+tQzoPj6QKXogU/TApnQ/mXCmX/k+EwOjFwNrWWJOaSrQXAGEIr/S3KTUorY1U2W5pzzohpoGMrjsKACg8wVI8gAAAA==[0m[INFO] 
[8mha:////4EJdPrSfXCyKHw3o3EmDVO2KKsl1sv2LGpUZ2AHhnyn2AAAAzB+LCAAAAAAAAP9b85aBtbiIQSOjNKU4P0+vIKc0PTOvWK8kMze1uCQxtyC1SC8ExvbLL0llgABGJgYmLwaB3MycnMzi4My85FTXgvzkDB8G3tScxILi1BRfsEwJg4BPVmJZon5OYl66vk9+Xrp1RRGDFNSy5Py84vycVD1nCI1qPENFAZCObfE+tRzoPj6QKXogU/TApnQ/mXCmX/k+EwOjFwNrWWJOaSrQXAGEIr/S3KTUorY1U2W5pzzohpoGMrjsGABL1fWa8gAAAA==[0m[INFO] --- jacoco-maven-plugin:0.7.2.201409121644:prepare-agent (jacoco-initialize) @ gameoflife-web ---
[8mha:////4EJdPrSfXCyKHw3o3EmDVO2KKsl1sv2LGpUZ2AHhnyn2AAAAzB+LCAAAAAAAAP9b85aBtbiIQSOjNKU4P0+vIKc0PTOvWK8kMze1uCQxtyC1SC8ExvbLL0llgABGJgYmLwaB3MycnMzi4My85FTXgvzkDB8G3tScxILi1BRfsEwJg4BPVmJZon5OYl66vk9+Xrp1RRGDFNSy5Py84vycVD1nCI1qPENFAZCObfE+tRzoPj6QKXogU/TApnQ/mXCmX/k+EwOjFwNrWWJOaSrQXAGEIr/S3KTUorY1U2W5pzzohpoGMrjsGABL1fWa8gAAAA==[0m[INFO] argLine set to -javaagent:/var/lib/jenkins/.m2/repository/org/jacoco/org.jacoco.agent/0.7.2.201409121644/org.jacoco.agent-0.7.2.201409121644-runtime.jar=destfile=/var/lib/jenkins/workspace/CTC_Demo/gameoflife-web/target/jacoco.exec
[8mha:////4EJdPrSfXCyKHw3o3EmDVO2KKsl1sv2LGpUZ2AHhnyn2AAAAzB+LCAAAAAAAAP9b85aBtbiIQSOjNKU4P0+vIKc0PTOvWK8kMze1uCQxtyC1SC8ExvbLL0llgABGJgYmLwaB3MycnMzi4My85FTXgvzkDB8G3tScxILi1BRfsEwJg4BPVmJZon5OYl66vk9+Xrp1RRGDFNSy5Py84vycVD1nCI1qPENFAZCObfE+tRzoPj6QKXogU/TApnQ/mXCmX/k+EwOjFwNrWWJOaSrQXAGEIr/S3KTUorY1U2W5pzzohpoGMrjsGABL1fWa8gAAAA==[0m[INFO] 
[8mha:////4EJdPrSfXCyKHw3o3EmDVO2KKsl1sv2LGpUZ2AHhnyn2AAAAzB+LCAAAAAAAAP9b85aBtbiIQSOjNKU4P0+vIKc0PTOvWK8kMze1uCQxtyC1SC8ExvbLL0llgABGJgYmLwaB3MycnMzi4My85FTXgvzkDB8G3tScxILi1BRfsEwJg4BPVmJZon5OYl66vk9+Xrp1RRGDFNSy5Py84vycVD1nCI1qPENFAZCObfE+tRzoPj6QKXogU/TApnQ/mXCmX/k+EwOjFwNrWWJOaSrQXAGEIr/S3KTUorY1U2W5pzzohpoGMrjsGABL1fWa8gAAAA==[0m[INFO] --- maven-compiler-plugin:3.1:compile (default-compile) @ gameoflife-web ---
[8mha:////4EJdPrSfXCyKHw3o3EmDVO2KKsl1sv2LGpUZ2AHhnyn2AAAAzB+LCAAAAAAAAP9b85aBtbiIQSOjNKU4P0+vIKc0PTOvWK8kMze1uCQxtyC1SC8ExvbLL0llgABGJgYmLwaB3MycnMzi4My85FTXgvzkDB8G3tScxILi1BRfsEwJg4BPVmJZon5OYl66vk9+Xrp1RRGDFNSy5Py84vycVD1nCI1qPENFAZCObfE+tRzoPj6QKXogU/TApnQ/mXCmX/k+EwOjFwNrWWJOaSrQXAGEIr/S3KTUorY1U2W5pzzohpoGMrjsGABL1fWa8gAAAA==[0m[INFO] Changes detected - recompiling the module!
[8mha:////4EJdPrSfXCyKHw3o3EmDVO2KKsl1sv2LGpUZ2AHhnyn2AAAAzB+LCAAAAAAAAP9b85aBtbiIQSOjNKU4P0+vIKc0PTOvWK8kMze1uCQxtyC1SC8ExvbLL0llgABGJgYmLwaB3MycnMzi4My85FTXgvzkDB8G3tScxILi1BRfsEwJg4BPVmJZon5OYl66vk9+Xrp1RRGDFNSy5Py84vycVD1nCI1qPENFAZCObfE+tRzoPj6QKXogU/TApnQ/mXCmX/k+EwOjFwNrWWJOaSrQXAGEIr/S3KTUorY1U2W5pzzohpoGMrjsGABL1fWa8gAAAA==[0m[INFO] Compiling 2 source files to /var/lib/jenkins/workspace/CTC_Demo/gameoflife-web/target/classes
[8mha:////4EJdPrSfXCyKHw3o3EmDVO2KKsl1sv2LGpUZ2AHhnyn2AAAAzB+LCAAAAAAAAP9b85aBtbiIQSOjNKU4P0+vIKc0PTOvWK8kMze1uCQxtyC1SC8ExvbLL0llgABGJgYmLwaB3MycnMzi4My85FTXgvzkDB8G3tScxILi1BRfsEwJg4BPVmJZon5OYl66vk9+Xrp1RRGDFNSy5Py84vycVD1nCI1qPENFAZCObfE+tRzoPj6QKXogU/TApnQ/mXCmX/k+EwOjFwNrWWJOaSrQXAGEIr/S3KTUorY1U2W5pzzohpoGMrjsGABL1fWa8gAAAA==[0m[INFO] 
[8mha:////4EJdPrSfXCyKHw3o3EmDVO2KKsl1sv2LGpUZ2AHhnyn2AAAAzB+LCAAAAAAAAP9b85aBtbiIQSOjNKU4P0+vIKc0PTOvWK8kMze1uCQxtyC1SC8ExvbLL0llgABGJgYmLwaB3MycnMzi4My85FTXgvzkDB8G3tScxILi1BRfsEwJg4BPVmJZon5OYl66vk9+Xrp1RRGDFNSy5Py84vycVD1nCI1qPENFAZCObfE+tRzoPj6QKXogU/TApnQ/mXCmX/k+EwOjFwNrWWJOaSrQXAGEIr/S3KTUorY1U2W5pzzohpoGMrjsGABL1fWa8gAAAA==[0m[INFO] --- maven-resources-plugin:2.6:testResources (default-testResources) @ gameoflife-web ---
[8mha:////4EJdPrSfXCyKHw3o3EmDVO2KKsl1sv2LGpUZ2AHhnyn2AAAAzB+LCAAAAAAAAP9b85aBtbiIQSOjNKU4P0+vIKc0PTOvWK8kMze1uCQxtyC1SC8ExvbLL0llgABGJgYmLwaB3MycnMzi4My85FTXgvzkDB8G3tScxILi1BRfsEwJg4BPVmJZon5OYl66vk9+Xrp1RRGDFNSy5Py84vycVD1nCI1qPENFAZCObfE+tRzoPj6QKXogU/TApnQ/mXCmX/k+EwOjFwNrWWJOaSrQXAGEIr/S3KTUorY1U2W5pzzohpoGMrjsGABL1fWa8gAAAA==[0m[INFO] Using 'UTF-8' encoding to copy filtered resources.
[8mha:////4EJdPrSfXCyKHw3o3EmDVO2KKsl1sv2LGpUZ2AHhnyn2AAAAzB+LCAAAAAAAAP9b85aBtbiIQSOjNKU4P0+vIKc0PTOvWK8kMze1uCQxtyC1SC8ExvbLL0llgABGJgYmLwaB3MycnMzi4My85FTXgvzkDB8G3tScxILi1BRfsEwJg4BPVmJZon5OYl66vk9+Xrp1RRGDFNSy5Py84vycVD1nCI1qPENFAZCObfE+tRzoPj6QKXogU/TApnQ/mXCmX/k+EwOjFwNrWWJOaSrQXAGEIr/S3KTUorY1U2W5pzzohpoGMrjsGABL1fWa8gAAAA==[0m[INFO] skip non existing resourceDirectory /var/lib/jenkins/workspace/CTC_Demo/gameoflife-web/src/test/resources
[8mha:////4EJdPrSfXCyKHw3o3EmDVO2KKsl1sv2LGpUZ2AHhnyn2AAAAzB+LCAAAAAAAAP9b85aBtbiIQSOjNKU4P0+vIKc0PTOvWK8kMze1uCQxtyC1SC8ExvbLL0llgABGJgYmLwaB3MycnMzi4My85FTXgvzkDB8G3tScxILi1BRfsEwJg4BPVmJZon5OYl66vk9+Xrp1RRGDFNSy5Py84vycVD1nCI1qPENFAZCObfE+tRzoPj6QKXogU/TApnQ/mXCmX/k+EwOjFwNrWWJOaSrQXAGEIr/S3KTUorY1U2W5pzzohpoGMrjsGABL1fWa8gAAAA==[0m[INFO] 
[8mha:////4EJdPrSfXCyKHw3o3EmDVO2KKsl1sv2LGpUZ2AHhnyn2AAAAzB+LCAAAAAAAAP9b85aBtbiIQSOjNKU4P0+vIKc0PTOvWK8kMze1uCQxtyC1SC8ExvbLL0llgABGJgYmLwaB3MycnMzi4My85FTXgvzkDB8G3tScxILi1BRfsEwJg4BPVmJZon5OYl66vk9+Xrp1RRGDFNSy5Py84vycVD1nCI1qPENFAZCObfE+tRzoPj6QKXogU/TApnQ/mXCmX/k+EwOjFwNrWWJOaSrQXAGEIr/S3KTUorY1U2W5pzzohpoGMrjsGABL1fWa8gAAAA==[0m[INFO] --- maven-compiler-plugin:3.1:testCompile (default-testCompile) @ gameoflife-web ---
[8mha:////4EJdPrSfXCyKHw3o3EmDVO2KKsl1sv2LGpUZ2AHhnyn2AAAAzB+LCAAAAAAAAP9b85aBtbiIQSOjNKU4P0+vIKc0PTOvWK8kMze1uCQxtyC1SC8ExvbLL0llgABGJgYmLwaB3MycnMzi4My85FTXgvzkDB8G3tScxILi1BRfsEwJg4BPVmJZon5OYl66vk9+Xrp1RRGDFNSy5Py84vycVD1nCI1qPENFAZCObfE+tRzoPj6QKXogU/TApnQ/mXCmX/k+EwOjFwNrWWJOaSrQXAGEIr/S3KTUorY1U2W5pzzohpoGMrjsGABL1fWa8gAAAA==[0m[INFO] Changes detected - recompiling the module!
[8mha:////4EJdPrSfXCyKHw3o3EmDVO2KKsl1sv2LGpUZ2AHhnyn2AAAAzB+LCAAAAAAAAP9b85aBtbiIQSOjNKU4P0+vIKc0PTOvWK8kMze1uCQxtyC1SC8ExvbLL0llgABGJgYmLwaB3MycnMzi4My85FTXgvzkDB8G3tScxILi1BRfsEwJg4BPVmJZon5OYl66vk9+Xrp1RRGDFNSy5Py84vycVD1nCI1qPENFAZCObfE+tRzoPj6QKXogU/TApnQ/mXCmX/k+EwOjFwNrWWJOaSrQXAGEIr/S3KTUorY1U2W5pzzohpoGMrjsGABL1fWa8gAAAA==[0m[INFO] Compiling 3 source files to /var/lib/jenkins/workspace/CTC_Demo/gameoflife-web/target/test-classes
[8mha:////4CxxB0syFFP5ywPwS3xIjAq8u1nkJPEL1ViSEbV05EAAAAAAzB+LCAAAAAAAAP9b85aBtbiIQSOjNKU4P0+vIKc0PTOvWK8kMze1uCQxtyC1SC8ExvbLL0llgABGJgYmLwaB3MycnMzi4My85FTXgvzkDB8G3tScxILi1BRfsEwJg4BPVmJZon5OYl66vk9+Xrp1RRGDFNSy5Py84vycVD1nCI1qPENFAZCObfE+cwvoPj6QKXogU/TApnQ/mXCmX/k+EwOjFwNrWWJOaSrQXAGEIr/S3KTUorY1U2W5pzzohpoGMrjiJwA6vJOT8gAAAA==[0m[INFO] 
[8mha:////4LenCAORXa79vzre59F4TALD3weLBiZgkNXv9S/I4biNAAAAzB+LCAAAAAAAAP9b85aBtbiIQSOjNKU4P0+vIKc0PTOvWK8kMze1uCQxtyC1SC8ExvbLL0llgABGJgYmLwaB3MycnMzi4My85FTXgvzkDB8G3tScxILi1BRfsEwJg4BPVmJZon5OYl66vk9+Xrp1RRGDFNSy5Py84vycVD1nCI1qPENFAZCObfE+cxvoPj6QKXogU/TApnQ/mXCmX/k+EwOjFwNrWWJOaSrQXAGEIr/S3KTUorY1U2W5pzzohpoGMrjiFwDRmmNB8gAAAA==[0m[INFO] --- maven-surefire-plugin:2.11:test (default-test) @ gameoflife-web ---
[8mha:////4LenCAORXa79vzre59F4TALD3weLBiZgkNXv9S/I4biNAAAAzB+LCAAAAAAAAP9b85aBtbiIQSOjNKU4P0+vIKc0PTOvWK8kMze1uCQxtyC1SC8ExvbLL0llgABGJgYmLwaB3MycnMzi4My85FTXgvzkDB8G3tScxILi1BRfsEwJg4BPVmJZon5OYl66vk9+Xrp1RRGDFNSy5Py84vycVD1nCI1qPENFAZCObfE+cxvoPj6QKXogU/TApnQ/mXCmX/k+EwOjFwNrWWJOaSrQXAGEIr/S3KTUorY1U2W5pzzohpoGMrjiFwDRmmNB8gAAAA==[0m[INFO] Tests are skipped.
[8mha:////4LenCAORXa79vzre59F4TALD3weLBiZgkNXv9S/I4biNAAAAzB+LCAAAAAAAAP9b85aBtbiIQSOjNKU4P0+vIKc0PTOvWK8kMze1uCQxtyC1SC8ExvbLL0llgABGJgYmLwaB3MycnMzi4My85FTXgvzkDB8G3tScxILi1BRfsEwJg4BPVmJZon5OYl66vk9+Xrp1RRGDFNSy5Py84vycVD1nCI1qPENFAZCObfE+cxvoPj6QKXogU/TApnQ/mXCmX/k+EwOjFwNrWWJOaSrQXAGEIr/S3KTUorY1U2W5pzzohpoGMrjiFwDRmmNB8gAAAA==[0m[INFO] 
[8mha:////4LenCAORXa79vzre59F4TALD3weLBiZgkNXv9S/I4biNAAAAzB+LCAAAAAAAAP9b85aBtbiIQSOjNKU4P0+vIKc0PTOvWK8kMze1uCQxtyC1SC8ExvbLL0llgABGJgYmLwaB3MycnMzi4My85FTXgvzkDB8G3tScxILi1BRfsEwJg4BPVmJZon5OYl66vk9+Xrp1RRGDFNSy5Py84vycVD1nCI1qPENFAZCObfE+cxvoPj6QKXogU/TApnQ/mXCmX/k+EwOjFwNrWWJOaSrQXAGEIr/S3KTUorY1U2W5pzzohpoGMrjiFwDRmmNB8gAAAA==[0m[INFO] --- maven-surefire-plugin:2.11:test (unit-tests) @ gameoflife-web ---
[8mha:////4LenCAORXa79vzre59F4TALD3weLBiZgkNXv9S/I4biNAAAAzB+LCAAAAAAAAP9b85aBtbiIQSOjNKU4P0+vIKc0PTOvWK8kMze1uCQxtyC1SC8ExvbLL0llgABGJgYmLwaB3MycnMzi4My85FTXgvzkDB8G3tScxILi1BRfsEwJg4BPVmJZon5OYl66vk9+Xrp1RRGDFNSy5Py84vycVD1nCI1qPENFAZCObfE+cxvoPj6QKXogU/TApnQ/mXCmX/k+EwOjFwNrWWJOaSrQXAGEIr/S3KTUorY1U2W5pzzohpoGMrjiFwDRmmNB8gAAAA==[0m[INFO] Surefire report directory: /var/lib/jenkins/workspace/CTC_Demo/gameoflife-web/target/surefire-reports
[8mha:////4LenCAORXa79vzre59F4TALD3weLBiZgkNXv9S/I4biNAAAAzB+LCAAAAAAAAP9b85aBtbiIQSOjNKU4P0+vIKc0PTOvWK8kMze1uCQxtyC1SC8ExvbLL0llgABGJgYmLwaB3MycnMzi4My85FTXgvzkDB8G3tScxILi1BRfsEwJg4BPVmJZon5OYl66vk9+Xrp1RRGDFNSy5Py84vycVD1nCI1qPENFAZCObfE+cxvoPj6QKXogU/TApnQ/mXCmX/k+EwOjFwNrWWJOaSrQXAGEIr/S3KTUorY1U2W5pzzohpoGMrjiFwDRmmNB8gAAAA==[0m
[8mha:////4LenCAORXa79vzre59F4TALD3weLBiZgkNXv9S/I4biNAAAAzB+LCAAAAAAAAP9b85aBtbiIQSOjNKU4P0+vIKc0PTOvWK8kMze1uCQxtyC1SC8ExvbLL0llgABGJgYmLwaB3MycnMzi4My85FTXgvzkDB8G3tScxILi1BRfsEwJg4BPVmJZon5OYl66vk9+Xrp1RRGDFNSy5Py84vycVD1nCI1qPENFAZCObfE+cxvoPj6QKXogU/TApnQ/mXCmX/k+EwOjFwNrWWJOaSrQXAGEIr/S3KTUorY1U2W5pzzohpoGMrjiFwDRmmNB8gAAAA==[0m-------------------------------------------------------
[8mha:////4LenCAORXa79vzre59F4TALD3weLBiZgkNXv9S/I4biNAAAAzB+LCAAAAAAAAP9b85aBtbiIQSOjNKU4P0+vIKc0PTOvWK8kMze1uCQxtyC1SC8ExvbLL0llgABGJgYmLwaB3MycnMzi4My85FTXgvzkDB8G3tScxILi1BRfsEwJg4BPVmJZon5OYl66vk9+Xrp1RRGDFNSy5Py84vycVD1nCI1qPENFAZCObfE+cxvoPj6QKXogU/TApnQ/mXCmX/k+EwOjFwNrWWJOaSrQXAGEIr/S3KTUorY1U2W5pzzohpoGMrjiFwDRmmNB8gAAAA==[0m T E S T S
[8mha:////4LenCAORXa79vzre59F4TALD3weLBiZgkNXv9S/I4biNAAAAzB+LCAAAAAAAAP9b85aBtbiIQSOjNKU4P0+vIKc0PTOvWK8kMze1uCQxtyC1SC8ExvbLL0llgABGJgYmLwaB3MycnMzi4My85FTXgvzkDB8G3tScxILi1BRfsEwJg4BPVmJZon5OYl66vk9+Xrp1RRGDFNSy5Py84vycVD1nCI1qPENFAZCObfE+cxvoPj6QKXogU/TApnQ/mXCmX/k+EwOjFwNrWWJOaSrQXAGEIr/S3KTUorY1U2W5pzzohpoGMrjiFwDRmmNB8gAAAA==[0m-------------------------------------------------------
[8mha:////4LkCU8LbLy+jYZCWKfPIKa5y/v4yRtZPrbb824gyGKMvAAAAzB+LCAAAAAAAAP9b85aBtbiIQSOjNKU4P0+vIKc0PTOvWK8kMze1uCQxtyC1SC8ExvbLL0llgABGJgYmLwaB3MycnMzi4My85FTXgvzkDB8G3tScxILi1BRfsEwJg4BPVmJZon5OYl66vk9+Xrp1RRGDFNSy5Py84vycVD1nCI1qPENFAZCObfG+thToPj6QKXogU/TApnQ/mXCmX/k+EwOjFwNrWWJOaSrQXAGEIr/S3KTUorY1U2W5pzzohpoGMrjpCACRWXMb8gAAAA==[0mRunning com.wakaleo.gameoflife.webtests.controllers.WhenCreatingANewGame
[8mha:////4GnUH278OHUX/VdgKUwMvKrGOul6c/RDLFrkOn1ef2nDAAAAzB+LCAAAAAAAAP9b85aBtbiIQSOjNKU4P0+vIKc0PTOvWK8kMze1uCQxtyC1SC8ExvbLL0llgABGJgYmLwaB3MycnMzi4My85FTXgvzkDB8G3tScxILi1BRfsEwJg4BPVmJZon5OYl66vk9+Xrp1RRGDFNSy5Py84vycVD1nCI1qPENFAZCObfG+Jwh0Hx/IFD2QKXpgU7qfTDjTr3yfiYHRi4G1LDGnNBVorgBCkV9pblJqUduaqbLcUx50Q00DGdxlAAC5V2hC8gAAAA==[0mTests run: 3, Failures: 0, Errors: 0, Skipped: 0, Time elapsed: 2.196 sec
[8mha:////4ALlxKpB7v9YUtYXYoUIj8TwJaQBWCDCOZzSHH00zXUhAAAAzB+LCAAAAAAAAP9b85aBtbiIQSOjNKU4P0+vIKc0PTOvWK8kMze1uCQxtyC1SC8ExvbLL0llgABGJgYmLwaB3MycnMzi4My85FTXgvzkDB8G3tScxILi1BRfsEwJg4BPVmJZon5OYl66vk9+Xrp1RRGDFNSy5Py84vycVD1nCI1qPENFAZCObfG+Jwx0Hx/IFD2QKXpgU7qfTDjTr3yfiYHRi4G1LDGnNBVorgBCkV9pblJqUduaqbLcUx50Q00DGdxlBAA32JQ78gAAAA==[0mRunning com.wakaleo.gameoflife.webtests.controllers.WhenDisplayingTheHomePage
[8mha:////4ALlxKpB7v9YUtYXYoUIj8TwJaQBWCDCOZzSHH00zXUhAAAAzB+LCAAAAAAAAP9b85aBtbiIQSOjNKU4P0+vIKc0PTOvWK8kMze1uCQxtyC1SC8ExvbLL0llgABGJgYmLwaB3MycnMzi4My85FTXgvzkDB8G3tScxILi1BRfsEwJg4BPVmJZon5OYl66vk9+Xrp1RRGDFNSy5Py84vycVD1nCI1qPENFAZCObfG+Jwx0Hx/IFD2QKXpgU7qfTDjTr3yfiYHRi4G1LDGnNBVorgBCkV9pblJqUduaqbLcUx50Q00DGdxlBAA32JQ78gAAAA==[0mTests run: 2, Failures: 0, Errors: 0, Skipped: 0, Time elapsed: 0.03 sec
[8mha:////4ALlxKpB7v9YUtYXYoUIj8TwJaQBWCDCOZzSHH00zXUhAAAAzB+LCAAAAAAAAP9b85aBtbiIQSOjNKU4P0+vIKc0PTOvWK8kMze1uCQxtyC1SC8ExvbLL0llgABGJgYmLwaB3MycnMzi4My85FTXgvzkDB8G3tScxILi1BRfsEwJg4BPVmJZon5OYl66vk9+Xrp1RRGDFNSy5Py84vycVD1nCI1qPENFAZCObfG+Jwx0Hx/IFD2QKXpgU7qfTDjTr3yfiYHRi4G1LDGnNBVorgBCkV9pblJqUduaqbLcUx50Q00DGdxlBAA32JQ78gAAAA==[0mRunning com.wakaleo.gameoflife.webtests.controllers.WhenSpawningANewGeneration
[8mha:////4ALlxKpB7v9YUtYXYoUIj8TwJaQBWCDCOZzSHH00zXUhAAAAzB+LCAAAAAAAAP9b85aBtbiIQSOjNKU4P0+vIKc0PTOvWK8kMze1uCQxtyC1SC8ExvbLL0llgABGJgYmLwaB3MycnMzi4My85FTXgvzkDB8G3tScxILi1BRfsEwJg4BPVmJZon5OYl66vk9+Xrp1RRGDFNSy5Py84vycVD1nCI1qPENFAZCObfG+Jwx0Hx/IFD2QKXpgU7qfTDjTr3yfiYHRi4G1LDGnNBVorgBCkV9pblJqUduaqbLcUx50Q00DGdxlBAA32JQ78gAAAA==[0mTests run: 2, Failures: 0, Errors: 0, Skipped: 0, Time elapsed: 0.032 sec
[8mha:////4MOFSVOWtvarYZ5OVwDaBfMi0hGJRKPd2Qvkeh5qkoimAAAAzB+LCAAAAAAAAP9b85aBtbiIQSOjNKU4P0+vIKc0PTOvWK8kMze1uCQxtyC1SC8ExvbLL0llgABGJgYmLwaB3MycnMzi4My85FTXgvzkDB8G3tScxILi1BRfsEwJg4BPVmJZon5OYl66vk9+Xrp1RRGDFNSy5Py84vycVD1nCI1qPENFAZCObfF+uAHoPj6QKXogU/TApnQ/mXCmX/k+EwOjFwNrWWJOaSrQXAGEIr/S3KTUorY1U2W5pzzohpoGMrj3PABMEQqv8gAAAA==[0m
[8mha:////4NAeApChRNXbP8wFXeMt21LX1cbKEXKY7GkGpAwrAiF/AAAAzB+LCAAAAAAAAP9b85aBtbiIQSOjNKU4P0+vIKc0PTOvWK8kMze1uCQxtyC1SC8ExvbLL0llgABGJgYmLwaB3MycnMzi4My85FTXgvzkDB8G3tScxILi1BRfsEwJg4BPVmJZon5OYl66vk9+Xrp1RRGDFNSy5Py84vycVD1nCI1qPENFAZCObfF+uAnoPj6QKXogU/TApnQ/mXCmX/k+EwOjFwNrWWJOaSrQXAGEIr/S3KTUorY1U2W5pzzohpoGMrj3IgCNwvfC8gAAAA==[0mResults :
[8mha:////4NAeApChRNXbP8wFXeMt21LX1cbKEXKY7GkGpAwrAiF/AAAAzB+LCAAAAAAAAP9b85aBtbiIQSOjNKU4P0+vIKc0PTOvWK8kMze1uCQxtyC1SC8ExvbLL0llgABGJgYmLwaB3MycnMzi4My85FTXgvzkDB8G3tScxILi1BRfsEwJg4BPVmJZon5OYl66vk9+Xrp1RRGDFNSy5Py84vycVD1nCI1qPENFAZCObfF+uAnoPj6QKXogU/TApnQ/mXCmX/k+EwOjFwNrWWJOaSrQXAGEIr/S3KTUorY1U2W5pzzohpoGMrj3IgCNwvfC8gAAAA==[0m
[8mha:////4NAeApChRNXbP8wFXeMt21LX1cbKEXKY7GkGpAwrAiF/AAAAzB+LCAAAAAAAAP9b85aBtbiIQSOjNKU4P0+vIKc0PTOvWK8kMze1uCQxtyC1SC8ExvbLL0llgABGJgYmLwaB3MycnMzi4My85FTXgvzkDB8G3tScxILi1BRfsEwJg4BPVmJZon5OYl66vk9+Xrp1RRGDFNSy5Py84vycVD1nCI1qPENFAZCObfF+uAnoPj6QKXogU/TApnQ/mXCmX/k+EwOjFwNrWWJOaSrQXAGEIr/S3KTUorY1U2W5pzzohpoGMrj3IgCNwvfC8gAAAA==[0mTests run: 7, Failures: 0, Errors: 0, Skipped: 0
[8mha:////4NAeApChRNXbP8wFXeMt21LX1cbKEXKY7GkGpAwrAiF/AAAAzB+LCAAAAAAAAP9b85aBtbiIQSOjNKU4P0+vIKc0PTOvWK8kMze1uCQxtyC1SC8ExvbLL0llgABGJgYmLwaB3MycnMzi4My85FTXgvzkDB8G3tScxILi1BRfsEwJg4BPVmJZon5OYl66vk9+Xrp1RRGDFNSy5Py84vycVD1nCI1qPENFAZCObfF+uAnoPj6QKXogU/TApnQ/mXCmX/k+EwOjFwNrWWJOaSrQXAGEIr/S3KTUorY1U2W5pzzohpoGMrj3IgCNwvfC8gAAAA==[0m
[8mha:////4NAeApChRNXbP8wFXeMt21LX1cbKEXKY7GkGpAwrAiF/AAAAzB+LCAAAAAAAAP9b85aBtbiIQSOjNKU4P0+vIKc0PTOvWK8kMze1uCQxtyC1SC8ExvbLL0llgABGJgYmLwaB3MycnMzi4My85FTXgvzkDB8G3tScxILi1BRfsEwJg4BPVmJZon5OYl66vk9+Xrp1RRGDFNSy5Py84vycVD1nCI1qPENFAZCObfF+uAnoPj6QKXogU/TApnQ/mXCmX/k+EwOjFwNrWWJOaSrQXAGEIr/S3KTUorY1U2W5pzzohpoGMrj3IgCNwvfC8gAAAA==[0m[INFO] 
[8mha:////4NAeApChRNXbP8wFXeMt21LX1cbKEXKY7GkGpAwrAiF/AAAAzB+LCAAAAAAAAP9b85aBtbiIQSOjNKU4P0+vIKc0PTOvWK8kMze1uCQxtyC1SC8ExvbLL0llgABGJgYmLwaB3MycnMzi4My85FTXgvzkDB8G3tScxILi1BRfsEwJg4BPVmJZon5OYl66vk9+Xrp1RRGDFNSy5Py84vycVD1nCI1qPENFAZCObfF+uAnoPj6QKXogU/TApnQ/mXCmX/k+EwOjFwNrWWJOaSrQXAGEIr/S3KTUorY1U2W5pzzohpoGMrj3IgCNwvfC8gAAAA==[0m[INFO] --- maven-easyb-plugin:1.4:test (default) @ gameoflife-web ---
[8mha:////4NAeApChRNXbP8wFXeMt21LX1cbKEXKY7GkGpAwrAiF/AAAAzB+LCAAAAAAAAP9b85aBtbiIQSOjNKU4P0+vIKc0PTOvWK8kMze1uCQxtyC1SC8ExvbLL0llgABGJgYmLwaB3MycnMzi4My85FTXgvzkDB8G3tScxILi1BRfsEwJg4BPVmJZon5OYl66vk9+Xrp1RRGDFNSy5Py84vycVD1nCI1qPENFAZCObfF+uAnoPj6QKXogU/TApnQ/mXCmX/k+EwOjFwNrWWJOaSrQXAGEIr/S3KTUorY1U2W5pzzohpoGMrj3IgCNwvfC8gAAAA==[0m[INFO] /var/lib/jenkins/workspace/CTC_Demo/gameoflife-web/src/test/stories does not exists.  Skipping easyb testing
[8mha:////4NAeApChRNXbP8wFXeMt21LX1cbKEXKY7GkGpAwrAiF/AAAAzB+LCAAAAAAAAP9b85aBtbiIQSOjNKU4P0+vIKc0PTOvWK8kMze1uCQxtyC1SC8ExvbLL0llgABGJgYmLwaB3MycnMzi4My85FTXgvzkDB8G3tScxILi1BRfsEwJg4BPVmJZon5OYl66vk9+Xrp1RRGDFNSy5Py84vycVD1nCI1qPENFAZCObfF+uAnoPj6QKXogU/TApnQ/mXCmX/k+EwOjFwNrWWJOaSrQXAGEIr/S3KTUorY1U2W5pzzohpoGMrj3IgCNwvfC8gAAAA==[0m[INFO] 
[8mha:////4NAeApChRNXbP8wFXeMt21LX1cbKEXKY7GkGpAwrAiF/AAAAzB+LCAAAAAAAAP9b85aBtbiIQSOjNKU4P0+vIKc0PTOvWK8kMze1uCQxtyC1SC8ExvbLL0llgABGJgYmLwaB3MycnMzi4My85FTXgvzkDB8G3tScxILi1BRfsEwJg4BPVmJZon5OYl66vk9+Xrp1RRGDFNSy5Py84vycVD1nCI1qPENFAZCObfF+uAnoPj6QKXogU/TApnQ/mXCmX/k+EwOjFwNrWWJOaSrQXAGEIr/S3KTUorY1U2W5pzzohpoGMrj3IgCNwvfC8gAAAA==[0m[INFO] --- maven-war-plugin:2.1.1:war (default-war) @ gameoflife-web ---
[8mha:////4McbmFvsG/On8m/x1LOBsaoyGhsFiW8zeGaWgmwNlkwWAAAAzB+LCAAAAAAAAP9b85aBtbiIQSOjNKU4P0+vIKc0PTOvWK8kMze1uCQxtyC1SC8ExvbLL0llgABGJgYmLwaB3MycnMzi4My85FTXgvzkDB8G3tScxILi1BRfsEwJg4BPVmJZon5OYl66vk9+Xrp1RRGDFNSy5Py84vycVD1nCI1qPENFAZCObfF+/AToPj6QKXogU/TApnQ/mXCmX/k+EwOjFwNrWWJOaSrQXAGEIr/S3KTUorY1U2W5pzzohpoGMngCMwBr/Goj8gAAAA==[0m[INFO] Packaging webapp
[8mha:////4OaifuEKKIvUG1JwZCldviifgSlNBKB77thCA0IdsQEJAAAAzB+LCAAAAAAAAP9b85aBtbiIQSOjNKU4P0+vIKc0PTOvWK8kMze1uCQxtyC1SC8ExvbLL0llgABGJgYmLwaB3MycnMzi4My85FTXgvzkDB8G3tScxILi1BRfsEwJg4BPVmJZon5OYl66vk9+Xrp1RRGDFNSy5Py84vycVD1nCI1qPENFAZCObfF+/BToPj6QKXogU/TApnQ/mXCmX/k+EwOjFwNrWWJOaSrQXAGEIr/S3KTUorY1U2W5pzzohpoGMngCCwCZHvf28gAAAA==[0m[INFO] Assembling webapp [gameoflife-web] in [/var/lib/jenkins/workspace/CTC_Demo/gameoflife-web/target/gameoflife]
[8mha:////4N8GZUZDBqylvJztVpmw7TyOQkVkPr/zZVpc96pCjv2uAAAAzB+LCAAAAAAAAP9b85aBtbiIQSOjNKU4P0+vIKc0PTOvWK8kMze1uCQxtyC1SC8ExvbLL0llgABGJgYmLwaB3MycnMzi4My85FTXgvzkDB8G3tScxILi1BRfsEwJg4BPVmJZon5OYl66vk9+Xrp1RRGDFNSy5Py84vycVD1nCI1qPENFAZCObfF+/AzoPj6QKXogU/TApnQ/mXCmX/k+EwOjFwNrWWJOaSrQXAGEIr/S3KTUorY1U2W5pzzohpoGMngCKwD8t/td8gAAAA==[0m[INFO] Processing war project
[8mha:////4N8GZUZDBqylvJztVpmw7TyOQkVkPr/zZVpc96pCjv2uAAAAzB+LCAAAAAAAAP9b85aBtbiIQSOjNKU4P0+vIKc0PTOvWK8kMze1uCQxtyC1SC8ExvbLL0llgABGJgYmLwaB3MycnMzi4My85FTXgvzkDB8G3tScxILi1BRfsEwJg4BPVmJZon5OYl66vk9+Xrp1RRGDFNSy5Py84vycVD1nCI1qPENFAZCObfF+/AzoPj6QKXogU/TApnQ/mXCmX/k+EwOjFwNrWWJOaSrQXAGEIr/S3KTUorY1U2W5pzzohpoGMngCKwD8t/td8gAAAA==[0m[INFO] Copying webapp resources [/var/lib/jenkins/workspace/CTC_Demo/gameoflife-web/src/main/webapp]
[8mha:////4N8GZUZDBqylvJztVpmw7TyOQkVkPr/zZVpc96pCjv2uAAAAzB+LCAAAAAAAAP9b85aBtbiIQSOjNKU4P0+vIKc0PTOvWK8kMze1uCQxtyC1SC8ExvbLL0llgABGJgYmLwaB3MycnMzi4My85FTXgvzkDB8G3tScxILi1BRfsEwJg4BPVmJZon5OYl66vk9+Xrp1RRGDFNSy5Py84vycVD1nCI1qPENFAZCObfF+/AzoPj6QKXogU/TApnQ/mXCmX/k+EwOjFwNrWWJOaSrQXAGEIr/S3KTUorY1U2W5pzzohpoGMngCKwD8t/td8gAAAA==[0m[INFO] Webapp assembled in [217 msecs]
[8mha:////4ITwsq5D2RWpYb3KwP/xDSbnlQAXhxa27eqpbe8qGdixAAAAzB+LCAAAAAAAAP9b85aBtbiIQSOjNKU4P0+vIKc0PTOvWK8kMze1uCQxtyC1SC8ExvbLL0llgABGJgYmLwaB3MycnMzi4My85FTXgvzkDB8G3tScxILi1BRfsEwJg4BPVmJZon5OYl66vk9+Xrp1RRGDFNSy5Py84vycVD1nCI1qPENFAZCObfF+3gB0Hx/IFD2QKXpgU7qfTDjTr3yfiYHRi4G1LDGnNBVorgBCkV9pblJqUduaqbLcUx50Q00DGTx5PgCjjiL18gAAAA==[0m[INFO] Building war: /var/lib/jenkins/workspace/CTC_Demo/gameoflife-web/target/gameoflife.war
[8mha:////4J5Ao9crflgSedm3+bp/2UzfLGu3xYWVSYuWgMCcerFHAAAAzB+LCAAAAAAAAP9b85aBtbiIQSOjNKU4P0+vIKc0PTOvWK8kMze1uCQxtyC1SC8ExvbLL0llgABGJgYmLwaB3MycnMzi4My85FTXgvzkDB8G3tScxILi1BRfsEwJg4BPVmJZon5OYl66vk9+Xrp1RRGDFNSy5Py84vycVD1nCI1qPENFAZCObfF+0QB0Hx/IFD2QKXpgU7qfTDjTr3yfiYHRi4G1LDGnNBVorgBCkV9pblJqUduaqbLcUx50Q00DGTxlPgCnEKkP8gAAAA==[0m[INFO] WEB-INF/web.xml already added, skipping
[8mha:////4GfjS6Cdozh94wNF5kX3U2EdVe4ktolk5Ml9fYMrpbAGAAAAzB+LCAAAAAAAAP9b85aBtbiIQSOjNKU4P0+vIKc0PTOvWK8kMze1uCQxtyC1SC8ExvbLL0llgABGJgYmLwaB3MycnMzi4My85FTXgvzkDB8G3tScxILi1BRfsEwJg4BPVmJZon5OYl66vk9+Xrp1RRGDFNSy5Py84vycVD1nCI1qPENFAZCObfF+0QR0Hx/IFD2QKXpgU7qfTDjTr3yfiYHRi4G1LDGnNBVorgBCkV9pblJqUduaqbLcUx50Q00DGTxlIQCu4zpZ8gAAAA==[0m[INFO] ------------------------------------------------------------------------
[8mha:////4GfjS6Cdozh94wNF5kX3U2EdVe4ktolk5Ml9fYMrpbAGAAAAzB+LCAAAAAAAAP9b85aBtbiIQSOjNKU4P0+vIKc0PTOvWK8kMze1uCQxtyC1SC8ExvbLL0llgABGJgYmLwaB3MycnMzi4My85FTXgvzkDB8G3tScxILi1BRfsEwJg4BPVmJZon5OYl66vk9+Xrp1RRGDFNSy5Py84vycVD1nCI1qPENFAZCObfF+0QR0Hx/IFD2QKXpgU7qfTDjTr3yfiYHRi4G1LDGnNBVorgBCkV9pblJqUduaqbLcUx50Q00DGTxlIQCu4zpZ8gAAAA==[0m[INFO] Reactor Summary:
[8mha:////4GfjS6Cdozh94wNF5kX3U2EdVe4ktolk5Ml9fYMrpbAGAAAAzB+LCAAAAAAAAP9b85aBtbiIQSOjNKU4P0+vIKc0PTOvWK8kMze1uCQxtyC1SC8ExvbLL0llgABGJgYmLwaB3MycnMzi4My85FTXgvzkDB8G3tScxILi1BRfsEwJg4BPVmJZon5OYl66vk9+Xrp1RRGDFNSy5Py84vycVD1nCI1qPENFAZCObfF+0QR0Hx/IFD2QKXpgU7qfTDjTr3yfiYHRi4G1LDGnNBVorgBCkV9pblJqUduaqbLcUx50Q00DGTxlIQCu4zpZ8gAAAA==[0m[INFO] 
[8mha:////4GfjS6Cdozh94wNF5kX3U2EdVe4ktolk5Ml9fYMrpbAGAAAAzB+LCAAAAAAAAP9b85aBtbiIQSOjNKU4P0+vIKc0PTOvWK8kMze1uCQxtyC1SC8ExvbLL0llgABGJgYmLwaB3MycnMzi4My85FTXgvzkDB8G3tScxILi1BRfsEwJg4BPVmJZon5OYl66vk9+Xrp1RRGDFNSy5Py84vycVD1nCI1qPENFAZCObfF+0QR0Hx/IFD2QKXpgU7qfTDjTr3yfiYHRi4G1LDGnNBVorgBCkV9pblJqUduaqbLcUx50Q00DGTxlIQCu4zpZ8gAAAA==[0m[INFO] gameoflife ......................................... SUCCESS [  7.069 s]
[8mha:////4GfjS6Cdozh94wNF5kX3U2EdVe4ktolk5Ml9fYMrpbAGAAAAzB+LCAAAAAAAAP9b85aBtbiIQSOjNKU4P0+vIKc0PTOvWK8kMze1uCQxtyC1SC8ExvbLL0llgABGJgYmLwaB3MycnMzi4My85FTXgvzkDB8G3tScxILi1BRfsEwJg4BPVmJZon5OYl66vk9+Xrp1RRGDFNSy5Py84vycVD1nCI1qPENFAZCObfF+0QR0Hx/IFD2QKXpgU7qfTDjTr3yfiYHRi4G1LDGnNBVorgBCkV9pblJqUduaqbLcUx50Q00DGTxlIQCu4zpZ8gAAAA==[0m[INFO] gameoflife-build ................................... SUCCESS [  3.077 s]
[8mha:////4GfjS6Cdozh94wNF5kX3U2EdVe4ktolk5Ml9fYMrpbAGAAAAzB+LCAAAAAAAAP9b85aBtbiIQSOjNKU4P0+vIKc0PTOvWK8kMze1uCQxtyC1SC8ExvbLL0llgABGJgYmLwaB3MycnMzi4My85FTXgvzkDB8G3tScxILi1BRfsEwJg4BPVmJZon5OYl66vk9+Xrp1RRGDFNSy5Py84vycVD1nCI1qPENFAZCObfF+0QR0Hx/IFD2QKXpgU7qfTDjTr3yfiYHRi4G1LDGnNBVorgBCkV9pblJqUduaqbLcUx50Q00DGTxlIQCu4zpZ8gAAAA==[0m[INFO] gameoflife-core .................................... SUCCESS [ 15.393 s]
[8mha:////4GfjS6Cdozh94wNF5kX3U2EdVe4ktolk5Ml9fYMrpbAGAAAAzB+LCAAAAAAAAP9b85aBtbiIQSOjNKU4P0+vIKc0PTOvWK8kMze1uCQxtyC1SC8ExvbLL0llgABGJgYmLwaB3MycnMzi4My85FTXgvzkDB8G3tScxILi1BRfsEwJg4BPVmJZon5OYl66vk9+Xrp1RRGDFNSy5Py84vycVD1nCI1qPENFAZCObfF+0QR0Hx/IFD2QKXpgU7qfTDjTr3yfiYHRi4G1LDGnNBVorgBCkV9pblJqUduaqbLcUx50Q00DGTxlIQCu4zpZ8gAAAA==[0m[INFO] gameoflife-web ..................................... SUCCESS [  8.810 s]
[8mha:////4GfjS6Cdozh94wNF5kX3U2EdVe4ktolk5Ml9fYMrpbAGAAAAzB+LCAAAAAAAAP9b85aBtbiIQSOjNKU4P0+vIKc0PTOvWK8kMze1uCQxtyC1SC8ExvbLL0llgABGJgYmLwaB3MycnMzi4My85FTXgvzkDB8G3tScxILi1BRfsEwJg4BPVmJZon5OYl66vk9+Xrp1RRGDFNSy5Py84vycVD1nCI1qPENFAZCObfF+0QR0Hx/IFD2QKXpgU7qfTDjTr3yfiYHRi4G1LDGnNBVorgBCkV9pblJqUduaqbLcUx50Q00DGTxlIQCu4zpZ8gAAAA==[0m[INFO] ------------------------------------------------------------------------
[8mha:////4GfjS6Cdozh94wNF5kX3U2EdVe4ktolk5Ml9fYMrpbAGAAAAzB+LCAAAAAAAAP9b85aBtbiIQSOjNKU4P0+vIKc0PTOvWK8kMze1uCQxtyC1SC8ExvbLL0llgABGJgYmLwaB3MycnMzi4My85FTXgvzkDB8G3tScxILi1BRfsEwJg4BPVmJZon5OYl66vk9+Xrp1RRGDFNSy5Py84vycVD1nCI1qPENFAZCObfF+0QR0Hx/IFD2QKXpgU7qfTDjTr3yfiYHRi4G1LDGnNBVorgBCkV9pblJqUduaqbLcUx50Q00DGTxlIQCu4zpZ8gAAAA==[0m[INFO] BUILD SUCCESS
[8mha:////4GfjS6Cdozh94wNF5kX3U2EdVe4ktolk5Ml9fYMrpbAGAAAAzB+LCAAAAAAAAP9b85aBtbiIQSOjNKU4P0+vIKc0PTOvWK8kMze1uCQxtyC1SC8ExvbLL0llgABGJgYmLwaB3MycnMzi4My85FTXgvzkDB8G3tScxILi1BRfsEwJg4BPVmJZon5OYl66vk9+Xrp1RRGDFNSy5Py84vycVD1nCI1qPENFAZCObfF+0QR0Hx/IFD2QKXpgU7qfTDjTr3yfiYHRi4G1LDGnNBVorgBCkV9pblJqUduaqbLcUx50Q00DGTxlIQCu4zpZ8gAAAA==[0m[INFO] ------------------------------------------------------------------------
[8mha:////4GfjS6Cdozh94wNF5kX3U2EdVe4ktolk5Ml9fYMrpbAGAAAAzB+LCAAAAAAAAP9b85aBtbiIQSOjNKU4P0+vIKc0PTOvWK8kMze1uCQxtyC1SC8ExvbLL0llgABGJgYmLwaB3MycnMzi4My85FTXgvzkDB8G3tScxILi1BRfsEwJg4BPVmJZon5OYl66vk9+Xrp1RRGDFNSy5Py84vycVD1nCI1qPENFAZCObfF+0QR0Hx/IFD2QKXpgU7qfTDjTr3yfiYHRi4G1LDGnNBVorgBCkV9pblJqUduaqbLcUx50Q00DGTxlIQCu4zpZ8gAAAA==[0m[INFO] Total time: 35.669 s
[8mha:////4GfjS6Cdozh94wNF5kX3U2EdVe4ktolk5Ml9fYMrpbAGAAAAzB+LCAAAAAAAAP9b85aBtbiIQSOjNKU4P0+vIKc0PTOvWK8kMze1uCQxtyC1SC8ExvbLL0llgABGJgYmLwaB3MycnMzi4My85FTXgvzkDB8G3tScxILi1BRfsEwJg4BPVmJZon5OYl66vk9+Xrp1RRGDFNSy5Py84vycVD1nCI1qPENFAZCObfF+0QR0Hx/IFD2QKXpgU7qfTDjTr3yfiYHRi4G1LDGnNBVorgBCkV9pblJqUduaqbLcUx50Q00DGTxlIQCu4zpZ8gAAAA==[0m[INFO] Finished at: 2017-07-27T19:15:53+05:30
[8mha:////4GwRD1nRIweaCDeUl6pFgRe2b4eLQ0/m55enSC8sNaaUAAAAzB+LCAAAAAAAAP9b85aBtbiIQSOjNKU4P0+vIKc0PTOvWK8kMze1uCQxtyC1SC8ExvbLL0llgABGJgYmLwaB3MycnMzi4My85FTXgvzkDB8G3tScxILi1BRfsEwJg4BPVmJZon5OYl66vk9+Xrp1RRGDFNSy5Py84vycVD1nCI1qPENFAZCObfF+owB0Hx/IFD2QKXpgU7qfTDjTr3yfiYHRi4G1LDGnNBVorgBCkV9pblJqUduaqbLcUx50Q00DGTzDHgAJVV9f8gAAAA==[0m[INFO] Final Memory: 31M/455M
[8mha:////4EVXOuWhWrbTZvVDpzySzwoXJXTPUEm1M5XTeDcEytLfAAAAzB+LCAAAAAAAAP9b85aBtbiIQSOjNKU4P0+vIKc0PTOvWK8kMze1uCQxtyC1SC8ExvbLL0llgABGJgYmLwaB3MycnMzi4My85FTXgvzkDB8G3tScxILi1BRfsEwJg4BPVmJZon5OYl66vk9+Xrp1RRGDFNSy5Py84vycVD1nCI1qPENFAZCObfF+owJ0Hx/IFD2QKXpgU7qfTDjTr3yfiYHRi4G1LDGnNBVorgBCkV9pblJqUduaqbLcUx50Q00DGTzDGQAbs3jy8gAAAA==[0m[INFO] ------------------------------------------------------------------------
