[8mha:////4Ie718ZN3yDsM1UwqSyITLQLcSAqVu/4pWqzaN6xer/GAAAAyx+LCAAAAAAAAP9b85aBtbiIQSOjNKU4P0+vIKc0PTOvWK8kMze1uCQxtyC1SC8ExvbLL0llgABGJgYmLwaB3MycnMzi4My85FTXgvzkDB8G3tScxILi1BRfsEwJg4BPVmJZon5OYl66vk9+Xrp1RRGDFNSy5Py84vycVD1nCI1qPENFAZCO41XS8gG6jw9kih7IFD2wKd1PJpzpV77PxMDoxcBalphTmgo0VwChyK80Nym1qG3NVFnuKQ+6oaaBgOQCAI2KsUryAAAA[0m[CTC_Demo] Running shell script
[8mha:////4JG2wZyYQHv8iYbwszpmKqzNwlXXV2tOFgKF74MUwq+1AAAAyx+LCAAAAAAAAP9b85aBtbiIQSOjNKU4P0+vIKc0PTOvWK8kMze1uCQxtyC1SC8ExvbLL0llgABGJgYmLwaB3MycnMzi4My85FTXgvzkDB8G3tScxILi1BRfsEwJg4BPVmJZon5OYl66vk9+Xrp1RRGDFNSy5Py84vycVD1nCI1qPENFAZCO41XSLgO6jw9kih7IFD2wKd1PJpzpV77PxMDoxcBalphTmgo0VwChyK80Nym1qG3NVFnuKQ+6oaaBgNQpAE42pdjyAAAA[0m+ /opt/maven/bin/mvn clean package
[8mha:////4DPSHpjgHjZGdjh44annnZ8O+qdeFUbtoviuHUF+Of8HAAAAyx+LCAAAAAAAAP9b85aBtbiIQSOjNKU4P0+vIKc0PTOvWK8kMze1uCQxtyC1SC8ExvbLL0llgABGJgYmLwaB3MycnMzi4My85FTXgvzkDB8G3tScxILi1BRfsEwJg4BPVmJZon5OYl66vk9+Xrp1RRGDFNSy5Py84vycVD1nCI1qPENFAZCO41WycAK6jw9kih7IFD2wKd1PJpzpV77PxMDoxcBalphTmgo0VwChyK80Nym1qG3NVFnuKQ+6oaaBgPo0AL42t7TyAAAA[0m[INFO] Scanning for projects...
[8mha:////4OY/GWNoAaN6XkHQue/+mvaO89pBjppfxmhtFdk70TGlAAAAyx+LCAAAAAAAAP9b85aBtbiIQSOjNKU4P0+vIKc0PTOvWK8kMze1uCQxtyC1SC8ExvbLL0llgABGJgYmLwaB3MycnMzi4My85FTXgvzkDB8G3tScxILi1BRfsEwJg4BPVmJZon5OYl66vk9+Xrp1RRGDFNSy5Py84vycVD1nCI1qPENFAZCO41WycAa6jw9kih7IFD2wKd1PJpzpV77PxMDoxcBalphTmgo0VwChyK80Nym1qG3NVFnuKQ+6oaaBgPp0AHlxSYjyAAAA[0m[WARNING] 
[8mha:////4OY/GWNoAaN6XkHQue/+mvaO89pBjppfxmhtFdk70TGlAAAAyx+LCAAAAAAAAP9b85aBtbiIQSOjNKU4P0+vIKc0PTOvWK8kMze1uCQxtyC1SC8ExvbLL0llgABGJgYmLwaB3MycnMzi4My85FTXgvzkDB8G3tScxILi1BRfsEwJg4BPVmJZon5OYl66vk9+Xrp1RRGDFNSy5Py84vycVD1nCI1qPENFAZCO41WycAa6jw9kih7IFD2wKd1PJpzpV77PxMDoxcBalphTmgo0VwChyK80Nym1qG3NVFnuKQ+6oaaBgPp0AHlxSYjyAAAA[0m[WARNING] Some problems were encountered while building the effective model for com.wakaleo.gameoflife:gameoflife-build:jar:1.0-SNAPSHOT
[8mha:////4OY/GWNoAaN6XkHQue/+mvaO89pBjppfxmhtFdk70TGlAAAAyx+LCAAAAAAAAP9b85aBtbiIQSOjNKU4P0+vIKc0PTOvWK8kMze1uCQxtyC1SC8ExvbLL0llgABGJgYmLwaB3MycnMzi4My85FTXgvzkDB8G3tScxILi1BRfsEwJg4BPVmJZon5OYl66vk9+Xrp1RRGDFNSy5Py84vycVD1nCI1qPENFAZCO41WycAa6jw9kih7IFD2wKd1PJpzpV77PxMDoxcBalphTmgo0VwChyK80Nym1qG3NVFnuKQ+6oaaBgPp0AHlxSYjyAAAA[0m[WARNING] Reporting configuration should be done in <reporting> section, not in maven-site-plugin <configuration> as reportPlugins parameter.
[8mha:////4OY/GWNoAaN6XkHQue/+mvaO89pBjppfxmhtFdk70TGlAAAAyx+LCAAAAAAAAP9b85aBtbiIQSOjNKU4P0+vIKc0PTOvWK8kMze1uCQxtyC1SC8ExvbLL0llgABGJgYmLwaB3MycnMzi4My85FTXgvzkDB8G3tScxILi1BRfsEwJg4BPVmJZon5OYl66vk9+Xrp1RRGDFNSy5Py84vycVD1nCI1qPENFAZCO41WycAa6jw9kih7IFD2wKd1PJpzpV77PxMDoxcBalphTmgo0VwChyK80Nym1qG3NVFnuKQ+6oaaBgPp0AHlxSYjyAAAA[0m[WARNING] 
[8mha:////4OY/GWNoAaN6XkHQue/+mvaO89pBjppfxmhtFdk70TGlAAAAyx+LCAAAAAAAAP9b85aBtbiIQSOjNKU4P0+vIKc0PTOvWK8kMze1uCQxtyC1SC8ExvbLL0llgABGJgYmLwaB3MycnMzi4My85FTXgvzkDB8G3tScxILi1BRfsEwJg4BPVmJZon5OYl66vk9+Xrp1RRGDFNSy5Py84vycVD1nCI1qPENFAZCO41WycAa6jw9kih7IFD2wKd1PJpzpV77PxMDoxcBalphTmgo0VwChyK80Nym1qG3NVFnuKQ+6oaaBgPp0AHlxSYjyAAAA[0m[WARNING] Some problems were encountered while building the effective model for com.wakaleo.gameoflife:gameoflife-core:jar:1.0-SNAPSHOT
[8mha:////4OY/GWNoAaN6XkHQue/+mvaO89pBjppfxmhtFdk70TGlAAAAyx+LCAAAAAAAAP9b85aBtbiIQSOjNKU4P0+vIKc0PTOvWK8kMze1uCQxtyC1SC8ExvbLL0llgABGJgYmLwaB3MycnMzi4My85FTXgvzkDB8G3tScxILi1BRfsEwJg4BPVmJZon5OYl66vk9+Xrp1RRGDFNSy5Py84vycVD1nCI1qPENFAZCO41WycAa6jw9kih7IFD2wKd1PJpzpV77PxMDoxcBalphTmgo0VwChyK80Nym1qG3NVFnuKQ+6oaaBgPp0AHlxSYjyAAAA[0m[WARNING] Reporting configuration should be done in <reporting> section, not in maven-site-plugin <configuration> as reportPlugins parameter.
[8mha:////4OY/GWNoAaN6XkHQue/+mvaO89pBjppfxmhtFdk70TGlAAAAyx+LCAAAAAAAAP9b85aBtbiIQSOjNKU4P0+vIKc0PTOvWK8kMze1uCQxtyC1SC8ExvbLL0llgABGJgYmLwaB3MycnMzi4My85FTXgvzkDB8G3tScxILi1BRfsEwJg4BPVmJZon5OYl66vk9+Xrp1RRGDFNSy5Py84vycVD1nCI1qPENFAZCO41WycAa6jw9kih7IFD2wKd1PJpzpV77PxMDoxcBalphTmgo0VwChyK80Nym1qG3NVFnuKQ+6oaaBgPp0AHlxSYjyAAAA[0m[WARNING] 
[8mha:////4OY/GWNoAaN6XkHQue/+mvaO89pBjppfxmhtFdk70TGlAAAAyx+LCAAAAAAAAP9b85aBtbiIQSOjNKU4P0+vIKc0PTOvWK8kMze1uCQxtyC1SC8ExvbLL0llgABGJgYmLwaB3MycnMzi4My85FTXgvzkDB8G3tScxILi1BRfsEwJg4BPVmJZon5OYl66vk9+Xrp1RRGDFNSy5Py84vycVD1nCI1qPENFAZCO41WycAa6jw9kih7IFD2wKd1PJpzpV77PxMDoxcBalphTmgo0VwChyK80Nym1qG3NVFnuKQ+6oaaBgPp0AHlxSYjyAAAA[0m[WARNING] Some problems were encountered while building the effective model for com.wakaleo.gameoflife:gameoflife-web:war:1.0-SNAPSHOT
[8mha:////4OY/GWNoAaN6XkHQue/+mvaO89pBjppfxmhtFdk70TGlAAAAyx+LCAAAAAAAAP9b85aBtbiIQSOjNKU4P0+vIKc0PTOvWK8kMze1uCQxtyC1SC8ExvbLL0llgABGJgYmLwaB3MycnMzi4My85FTXgvzkDB8G3tScxILi1BRfsEwJg4BPVmJZon5OYl66vk9+Xrp1RRGDFNSy5Py84vycVD1nCI1qPENFAZCO41WycAa6jw9kih7IFD2wKd1PJpzpV77PxMDoxcBalphTmgo0VwChyK80Nym1qG3NVFnuKQ+6oaaBgPp0AHlxSYjyAAAA[0m[WARNING] Reporting configuration should be done in <reporting> section, not in maven-site-plugin <configuration> as reportPlugins parameter.
[8mha:////4OY/GWNoAaN6XkHQue/+mvaO89pBjppfxmhtFdk70TGlAAAAyx+LCAAAAAAAAP9b85aBtbiIQSOjNKU4P0+vIKc0PTOvWK8kMze1uCQxtyC1SC8ExvbLL0llgABGJgYmLwaB3MycnMzi4My85FTXgvzkDB8G3tScxILi1BRfsEwJg4BPVmJZon5OYl66vk9+Xrp1RRGDFNSy5Py84vycVD1nCI1qPENFAZCO41WycAa6jw9kih7IFD2wKd1PJpzpV77PxMDoxcBalphTmgo0VwChyK80Nym1qG3NVFnuKQ+6oaaBgPp0AHlxSYjyAAAA[0m[WARNING] 
[8mha:////4OY/GWNoAaN6XkHQue/+mvaO89pBjppfxmhtFdk70TGlAAAAyx+LCAAAAAAAAP9b85aBtbiIQSOjNKU4P0+vIKc0PTOvWK8kMze1uCQxtyC1SC8ExvbLL0llgABGJgYmLwaB3MycnMzi4My85FTXgvzkDB8G3tScxILi1BRfsEwJg4BPVmJZon5OYl66vk9+Xrp1RRGDFNSy5Py84vycVD1nCI1qPENFAZCO41WycAa6jw9kih7IFD2wKd1PJpzpV77PxMDoxcBalphTmgo0VwChyK80Nym1qG3NVFnuKQ+6oaaBgPp0AHlxSYjyAAAA[0m[WARNING] Some problems were encountered while building the effective model for com.wakaleo.gameoflife:gameoflife:pom:1.0-SNAPSHOT
[8mha:////4OY/GWNoAaN6XkHQue/+mvaO89pBjppfxmhtFdk70TGlAAAAyx+LCAAAAAAAAP9b85aBtbiIQSOjNKU4P0+vIKc0PTOvWK8kMze1uCQxtyC1SC8ExvbLL0llgABGJgYmLwaB3MycnMzi4My85FTXgvzkDB8G3tScxILi1BRfsEwJg4BPVmJZon5OYl66vk9+Xrp1RRGDFNSy5Py84vycVD1nCI1qPENFAZCO41WycAa6jw9kih7IFD2wKd1PJpzpV77PxMDoxcBalphTmgo0VwChyK80Nym1qG3NVFnuKQ+6oaaBgPp0AHlxSYjyAAAA[0m[WARNING] Reporting configuration should be done in <reporting> section, not in maven-site-plugin <configuration> as reportPlugins parameter. @ line 302, column 40
[8mha:////4OY/GWNoAaN6XkHQue/+mvaO89pBjppfxmhtFdk70TGlAAAAyx+LCAAAAAAAAP9b85aBtbiIQSOjNKU4P0+vIKc0PTOvWK8kMze1uCQxtyC1SC8ExvbLL0llgABGJgYmLwaB3MycnMzi4My85FTXgvzkDB8G3tScxILi1BRfsEwJg4BPVmJZon5OYl66vk9+Xrp1RRGDFNSy5Py84vycVD1nCI1qPENFAZCO41WycAa6jw9kih7IFD2wKd1PJpzpV77PxMDoxcBalphTmgo0VwChyK80Nym1qG3NVFnuKQ+6oaaBgPp0AHlxSYjyAAAA[0m[WARNING] 
[8mha:////4OY/GWNoAaN6XkHQue/+mvaO89pBjppfxmhtFdk70TGlAAAAyx+LCAAAAAAAAP9b85aBtbiIQSOjNKU4P0+vIKc0PTOvWK8kMze1uCQxtyC1SC8ExvbLL0llgABGJgYmLwaB3MycnMzi4My85FTXgvzkDB8G3tScxILi1BRfsEwJg4BPVmJZon5OYl66vk9+Xrp1RRGDFNSy5Py84vycVD1nCI1qPENFAZCO41WycAa6jw9kih7IFD2wKd1PJpzpV77PxMDoxcBalphTmgo0VwChyK80Nym1qG3NVFnuKQ+6oaaBgPp0AHlxSYjyAAAA[0m[WARNING] It is highly recommended to fix these problems because they threaten the stability of your build.
[8mha:////4OY/GWNoAaN6XkHQue/+mvaO89pBjppfxmhtFdk70TGlAAAAyx+LCAAAAAAAAP9b85aBtbiIQSOjNKU4P0+vIKc0PTOvWK8kMze1uCQxtyC1SC8ExvbLL0llgABGJgYmLwaB3MycnMzi4My85FTXgvzkDB8G3tScxILi1BRfsEwJg4BPVmJZon5OYl66vk9+Xrp1RRGDFNSy5Py84vycVD1nCI1qPENFAZCO41WycAa6jw9kih7IFD2wKd1PJpzpV77PxMDoxcBalphTmgo0VwChyK80Nym1qG3NVFnuKQ+6oaaBgPp0AHlxSYjyAAAA[0m[WARNING] 
[8mha:////4OY/GWNoAaN6XkHQue/+mvaO89pBjppfxmhtFdk70TGlAAAAyx+LCAAAAAAAAP9b85aBtbiIQSOjNKU4P0+vIKc0PTOvWK8kMze1uCQxtyC1SC8ExvbLL0llgABGJgYmLwaB3MycnMzi4My85FTXgvzkDB8G3tScxILi1BRfsEwJg4BPVmJZon5OYl66vk9+Xrp1RRGDFNSy5Py84vycVD1nCI1qPENFAZCO41WycAa6jw9kih7IFD2wKd1PJpzpV77PxMDoxcBalphTmgo0VwChyK80Nym1qG3NVFnuKQ+6oaaBgPp0AHlxSYjyAAAA[0m[WARNING] For this reason, future Maven versions might no longer support building such malformed projects.
[8mha:////4OY/GWNoAaN6XkHQue/+mvaO89pBjppfxmhtFdk70TGlAAAAyx+LCAAAAAAAAP9b85aBtbiIQSOjNKU4P0+vIKc0PTOvWK8kMze1uCQxtyC1SC8ExvbLL0llgABGJgYmLwaB3MycnMzi4My85FTXgvzkDB8G3tScxILi1BRfsEwJg4BPVmJZon5OYl66vk9+Xrp1RRGDFNSy5Py84vycVD1nCI1qPENFAZCO41WycAa6jw9kih7IFD2wKd1PJpzpV77PxMDoxcBalphTmgo0VwChyK80Nym1qG3NVFnuKQ+6oaaBgPp0AHlxSYjyAAAA[0m[WARNING] 
[8mha:////4OY/GWNoAaN6XkHQue/+mvaO89pBjppfxmhtFdk70TGlAAAAyx+LCAAAAAAAAP9b85aBtbiIQSOjNKU4P0+vIKc0PTOvWK8kMze1uCQxtyC1SC8ExvbLL0llgABGJgYmLwaB3MycnMzi4My85FTXgvzkDB8G3tScxILi1BRfsEwJg4BPVmJZon5OYl66vk9+Xrp1RRGDFNSy5Py84vycVD1nCI1qPENFAZCO41WycAa6jw9kih7IFD2wKd1PJpzpV77PxMDoxcBalphTmgo0VwChyK80Nym1qG3NVFnuKQ+6oaaBgPp0AHlxSYjyAAAA[0m[INFO] ------------------------------------------------------------------------
[8mha:////4OY/GWNoAaN6XkHQue/+mvaO89pBjppfxmhtFdk70TGlAAAAyx+LCAAAAAAAAP9b85aBtbiIQSOjNKU4P0+vIKc0PTOvWK8kMze1uCQxtyC1SC8ExvbLL0llgABGJgYmLwaB3MycnMzi4My85FTXgvzkDB8G3tScxILi1BRfsEwJg4BPVmJZon5OYl66vk9+Xrp1RRGDFNSy5Py84vycVD1nCI1qPENFAZCO41WycAa6jw9kih7IFD2wKd1PJpzpV77PxMDoxcBalphTmgo0VwChyK80Nym1qG3NVFnuKQ+6oaaBgPp0AHlxSYjyAAAA[0m[INFO] Reactor Build Order:
[8mha:////4OY/GWNoAaN6XkHQue/+mvaO89pBjppfxmhtFdk70TGlAAAAyx+LCAAAAAAAAP9b85aBtbiIQSOjNKU4P0+vIKc0PTOvWK8kMze1uCQxtyC1SC8ExvbLL0llgABGJgYmLwaB3MycnMzi4My85FTXgvzkDB8G3tScxILi1BRfsEwJg4BPVmJZon5OYl66vk9+Xrp1RRGDFNSy5Py84vycVD1nCI1qPENFAZCO41WycAa6jw9kih7IFD2wKd1PJpzpV77PxMDoxcBalphTmgo0VwChyK80Nym1qG3NVFnuKQ+6oaaBgPp0AHlxSYjyAAAA[0m[INFO] 
[8mha:////4OY/GWNoAaN6XkHQue/+mvaO89pBjppfxmhtFdk70TGlAAAAyx+LCAAAAAAAAP9b85aBtbiIQSOjNKU4P0+vIKc0PTOvWK8kMze1uCQxtyC1SC8ExvbLL0llgABGJgYmLwaB3MycnMzi4My85FTXgvzkDB8G3tScxILi1BRfsEwJg4BPVmJZon5OYl66vk9+Xrp1RRGDFNSy5Py84vycVD1nCI1qPENFAZCO41WycAa6jw9kih7IFD2wKd1PJpzpV77PxMDoxcBalphTmgo0VwChyK80Nym1qG3NVFnuKQ+6oaaBgPp0AHlxSYjyAAAA[0m[INFO] gameoflife
[8mha:////4OY/GWNoAaN6XkHQue/+mvaO89pBjppfxmhtFdk70TGlAAAAyx+LCAAAAAAAAP9b85aBtbiIQSOjNKU4P0+vIKc0PTOvWK8kMze1uCQxtyC1SC8ExvbLL0llgABGJgYmLwaB3MycnMzi4My85FTXgvzkDB8G3tScxILi1BRfsEwJg4BPVmJZon5OYl66vk9+Xrp1RRGDFNSy5Py84vycVD1nCI1qPENFAZCO41WycAa6jw9kih7IFD2wKd1PJpzpV77PxMDoxcBalphTmgo0VwChyK80Nym1qG3NVFnuKQ+6oaaBgPp0AHlxSYjyAAAA[0m[INFO] gameoflife-build
[8mha:////4OY/GWNoAaN6XkHQue/+mvaO89pBjppfxmhtFdk70TGlAAAAyx+LCAAAAAAAAP9b85aBtbiIQSOjNKU4P0+vIKc0PTOvWK8kMze1uCQxtyC1SC8ExvbLL0llgABGJgYmLwaB3MycnMzi4My85FTXgvzkDB8G3tScxILi1BRfsEwJg4BPVmJZon5OYl66vk9+Xrp1RRGDFNSy5Py84vycVD1nCI1qPENFAZCO41WycAa6jw9kih7IFD2wKd1PJpzpV77PxMDoxcBalphTmgo0VwChyK80Nym1qG3NVFnuKQ+6oaaBgPp0AHlxSYjyAAAA[0m[INFO] gameoflife-core
[8mha:////4OY/GWNoAaN6XkHQue/+mvaO89pBjppfxmhtFdk70TGlAAAAyx+LCAAAAAAAAP9b85aBtbiIQSOjNKU4P0+vIKc0PTOvWK8kMze1uCQxtyC1SC8ExvbLL0llgABGJgYmLwaB3MycnMzi4My85FTXgvzkDB8G3tScxILi1BRfsEwJg4BPVmJZon5OYl66vk9+Xrp1RRGDFNSy5Py84vycVD1nCI1qPENFAZCO41WycAa6jw9kih7IFD2wKd1PJpzpV77PxMDoxcBalphTmgo0VwChyK80Nym1qG3NVFnuKQ+6oaaBgPp0AHlxSYjyAAAA[0m[INFO] gameoflife-web
[8mha:////4OY/GWNoAaN6XkHQue/+mvaO89pBjppfxmhtFdk70TGlAAAAyx+LCAAAAAAAAP9b85aBtbiIQSOjNKU4P0+vIKc0PTOvWK8kMze1uCQxtyC1SC8ExvbLL0llgABGJgYmLwaB3MycnMzi4My85FTXgvzkDB8G3tScxILi1BRfsEwJg4BPVmJZon5OYl66vk9+Xrp1RRGDFNSy5Py84vycVD1nCI1qPENFAZCO41WycAa6jw9kih7IFD2wKd1PJpzpV77PxMDoxcBalphTmgo0VwChyK80Nym1qG3NVFnuKQ+6oaaBgPp0AHlxSYjyAAAA[0m[INFO] 
[8mha:////4OY/GWNoAaN6XkHQue/+mvaO89pBjppfxmhtFdk70TGlAAAAyx+LCAAAAAAAAP9b85aBtbiIQSOjNKU4P0+vIKc0PTOvWK8kMze1uCQxtyC1SC8ExvbLL0llgABGJgYmLwaB3MycnMzi4My85FTXgvzkDB8G3tScxILi1BRfsEwJg4BPVmJZon5OYl66vk9+Xrp1RRGDFNSy5Py84vycVD1nCI1qPENFAZCO41WycAa6jw9kih7IFD2wKd1PJpzpV77PxMDoxcBalphTmgo0VwChyK80Nym1qG3NVFnuKQ+6oaaBgPp0AHlxSYjyAAAA[0m[INFO] ------------------------------------------------------------------------
[8mha:////4OY/GWNoAaN6XkHQue/+mvaO89pBjppfxmhtFdk70TGlAAAAyx+LCAAAAAAAAP9b85aBtbiIQSOjNKU4P0+vIKc0PTOvWK8kMze1uCQxtyC1SC8ExvbLL0llgABGJgYmLwaB3MycnMzi4My85FTXgvzkDB8G3tScxILi1BRfsEwJg4BPVmJZon5OYl66vk9+Xrp1RRGDFNSy5Py84vycVD1nCI1qPENFAZCO41WycAa6jw9kih7IFD2wKd1PJpzpV77PxMDoxcBalphTmgo0VwChyK80Nym1qG3NVFnuKQ+6oaaBgPp0AHlxSYjyAAAA[0m[INFO] Building gameoflife 1.0-SNAPSHOT
[8mha:////4OY/GWNoAaN6XkHQue/+mvaO89pBjppfxmhtFdk70TGlAAAAyx+LCAAAAAAAAP9b85aBtbiIQSOjNKU4P0+vIKc0PTOvWK8kMze1uCQxtyC1SC8ExvbLL0llgABGJgYmLwaB3MycnMzi4My85FTXgvzkDB8G3tScxILi1BRfsEwJg4BPVmJZon5OYl66vk9+Xrp1RRGDFNSy5Py84vycVD1nCI1qPENFAZCO41WycAa6jw9kih7IFD2wKd1PJpzpV77PxMDoxcBalphTmgo0VwChyK80Nym1qG3NVFnuKQ+6oaaBgPp0AHlxSYjyAAAA[0m[INFO] ------------------------------------------------------------------------
[8mha:////4L/Cm88H1I+NIQT7iNbISLrzJu75aDpCezDhczPowYC9AAAAyx+LCAAAAAAAAP9b85aBtbiIQSOjNKU4P0+vIKc0PTOvWK8kMze1uCQxtyC1SC8ExvbLL0llgABGJgYmLwaB3MycnMzi4My85FTXgvzkDB8G3tScxILi1BRfsEwJg4BPVmJZon5OYl66vk9+Xrp1RRGDFNSy5Py84vycVD1nCI1qPENFAZCO41WydAC6jw9kih7IFD2wKd1PJpzpV77PxMDoxcBalphTmgo0VwChyK80Nym1qG3NVFnuKQ+6oaaBgMYUAOo99FbyAAAA[0m[INFO] 
[8mha:////4L/Cm88H1I+NIQT7iNbISLrzJu75aDpCezDhczPowYC9AAAAyx+LCAAAAAAAAP9b85aBtbiIQSOjNKU4P0+vIKc0PTOvWK8kMze1uCQxtyC1SC8ExvbLL0llgABGJgYmLwaB3MycnMzi4My85FTXgvzkDB8G3tScxILi1BRfsEwJg4BPVmJZon5OYl66vk9+Xrp1RRGDFNSy5Py84vycVD1nCI1qPENFAZCO41WydAC6jw9kih7IFD2wKd1PJpzpV77PxMDoxcBalphTmgo0VwChyK80Nym1qG3NVFnuKQ+6oaaBgMYUAOo99FbyAAAA[0m[INFO] --- maven-clean-plugin:2.5:clean (default-clean) @ gameoflife ---
[8mha:////4C1rNJaWVnf/I8d83KLD45FT2rG0sjLOPf9wLynHh86/AAAAyx+LCAAAAAAAAP9b85aBtbiIQSOjNKU4P0+vIKc0PTOvWK8kMze1uCQxtyC1SC8ExvbLL0llgABGJgYmLwaB3MycnMzi4My85FTXgvzkDB8G3tScxILi1BRfsEwJg4BPVmJZon5OYl66vk9+Xrp1RRGDFNSy5Py84vycVD1nCI1qPENFAZCO41Wysge6jw9kih7IFD2wKd1PJpzpV77PxMDoxcBalphTmgo0VwChyK80Nym1qG3NVFnuKQ+6oaaBgOZkACnmQwvyAAAA[0m[INFO] Deleting /var/lib/jenkins/workspace/CTC_Demo/target
[8mha:////4LBETAjszQcuu1vzkVfhQzMyFiZGoggaM/t7AwFmYm1rAAAAyx+LCAAAAAAAAP9b85aBtbiIQSOjNKU4P0+vIKc0PTOvWK8kMze1uCQxtyC1SC8ExvbLL0llgABGJgYmLwaB3MycnMzi4My85FTXgvzkDB8G3tScxILi1BRfsEwJg4BPVmJZon5OYl66vk9+Xrp1RRGDFNSy5Py84vycVD1nCI1qPENFAZCO41WycgC6jw9kih7IFD2wKd1PJpzpV77PxMDoxcBalphTmgo0VwChyK80Nym1qG3NVFnuKQ+6oaaBgOYUAJSkh2vyAAAA[0m[INFO] 
[8mha:////4LBETAjszQcuu1vzkVfhQzMyFiZGoggaM/t7AwFmYm1rAAAAyx+LCAAAAAAAAP9b85aBtbiIQSOjNKU4P0+vIKc0PTOvWK8kMze1uCQxtyC1SC8ExvbLL0llgABGJgYmLwaB3MycnMzi4My85FTXgvzkDB8G3tScxILi1BRfsEwJg4BPVmJZon5OYl66vk9+Xrp1RRGDFNSy5Py84vycVD1nCI1qPENFAZCO41WycgC6jw9kih7IFD2wKd1PJpzpV77PxMDoxcBalphTmgo0VwChyK80Nym1qG3NVFnuKQ+6oaaBgOYUAJSkh2vyAAAA[0m[INFO] --- maven-enforcer-plugin:1.0:enforce (enforce-versions) @ gameoflife ---
[8mha:////4I+yizkx+eJGOCyRsaR3dCtKclPglVbUyQxYWwcWekDnAAAAyx+LCAAAAAAAAP9b85aBtbiIQSOjNKU4P0+vIKc0PTOvWK8kMze1uCQxtyC1SC8ExvbLL0llgABGJgYmLwaB3MycnMzi4My85FTXgvzkDB8G3tScxILi1BRfsEwJg4BPVmJZon5OYl66vk9+Xrp1RRGDFNSy5Py84vycVD1nCI1qPENFAZCO41Wytga6jw9kih7IFD2wKd1PJpzpV77PxMDoxcBalphTmgo0VwChyK80Nym1qG3NVFnuKQ+6oaaBgFY/ALWq3NzyAAAA[0m[INFO] 
[8mha:////4OnXsnuv+NWZax/0G2zjR1o4aC2ZHt9jx78paXp5RCkQAAAAyx+LCAAAAAAAAP9b85aBtbiIQSOjNKU4P0+vIKc0PTOvWK8kMze1uCQxtyC1SC8ExvbLL0llgABGJgYmLwaB3MycnMzi4My85FTXgvzkDB8G3tScxILi1BRfsEwJg4BPVmJZon5OYl66vk9+Xrp1RRGDFNSy5Py84vycVD1nCI1qPENFAZCO41WytgG6jw9kih7IFD2wKd1PJpzpV77PxMDoxcBalphTmgo0VwChyK80Nym1qG3NVFnuKQ+6oaaBgNYEALblS3nyAAAA[0m[INFO] --- jacoco-maven-plugin:0.7.2.201409121644:prepare-agent (jacoco-initialize) @ gameoflife ---
[8mha:////4NaHttZYdt7tJ0u5gmup+6gW9dGA9J0xeCPfx1QRIIWuAAAAyx+LCAAAAAAAAP9b85aBtbiIQSOjNKU4P0+vIKc0PTOvWK8kMze1uCQxtyC1SC8ExvbLL0llgABGJgYmLwaB3MycnMzi4My85FTXgvzkDB8G3tScxILi1BRfsEwJg4BPVmJZon5OYl66vk9+Xrp1RRGDFNSy5Py84vycVD1nCI1qPENFAZCO41Wyuwl0Hx/IFD2QKXpgU7qfTDjTr3yfiYHRi4G1LDGnNBVorgBCkV9pblJqUduaqbLcUx50Q00DAT1dAJH2nGjyAAAA[0m[INFO] argLine set to -javaagent:/var/lib/jenkins/.m2/repository/org/jacoco/org.jacoco.agent/0.7.2.201409121644/org.jacoco.agent-0.7.2.201409121644-runtime.jar=destfile=/var/lib/jenkins/workspace/CTC_Demo/target/jacoco.exec
[8mha:////4Do0kcz3onZfJXd29crT2aP2F6ptDw4xnenjOBd0KKluAAAAyx+LCAAAAAAAAP9b85aBtbiIQSOjNKU4P0+vIKc0PTOvWK8kMze1uCQxtyC1SC8ExvbLL0llgABGJgYmLwaB3MycnMzi4My85FTXgvzkDB8G3tScxILi1BRfsEwJg4BPVmJZon5OYl66vk9+Xrp1RRGDFNSy5Py84vycVD1nCI1qPENFAZCO41WyuwV0Hx/IFD2QKXpgU7qfTDjTr3yfiYHRi4G1LDGnNBVorgBCkV9pblJqUduaqbLcUx50Q00DAT09ANg+ni3yAAAA[0m[INFO] 
[8mha:////4Do0kcz3onZfJXd29crT2aP2F6ptDw4xnenjOBd0KKluAAAAyx+LCAAAAAAAAP9b85aBtbiIQSOjNKU4P0+vIKc0PTOvWK8kMze1uCQxtyC1SC8ExvbLL0llgABGJgYmLwaB3MycnMzi4My85FTXgvzkDB8G3tScxILi1BRfsEwJg4BPVmJZon5OYl66vk9+Xrp1RRGDFNSy5Py84vycVD1nCI1qPENFAZCO41WyuwV0Hx/IFD2QKXpgU7qfTDjTr3yfiYHRi4G1LDGnNBVorgBCkV9pblJqUduaqbLcUx50Q00DAT09ANg+ni3yAAAA[0m[INFO] --- maven-surefire-plugin:2.11:test (unit-tests) @ gameoflife ---
[8mha:////4Do0kcz3onZfJXd29crT2aP2F6ptDw4xnenjOBd0KKluAAAAyx+LCAAAAAAAAP9b85aBtbiIQSOjNKU4P0+vIKc0PTOvWK8kMze1uCQxtyC1SC8ExvbLL0llgABGJgYmLwaB3MycnMzi4My85FTXgvzkDB8G3tScxILi1BRfsEwJg4BPVmJZon5OYl66vk9+Xrp1RRGDFNSy5Py84vycVD1nCI1qPENFAZCO41WyuwV0Hx/IFD2QKXpgU7qfTDjTr3yfiYHRi4G1LDGnNBVorgBCkV9pblJqUduaqbLcUx50Q00DAT09ANg+ni3yAAAA[0m[INFO] No tests to run.
[8mha:////4Do0kcz3onZfJXd29crT2aP2F6ptDw4xnenjOBd0KKluAAAAyx+LCAAAAAAAAP9b85aBtbiIQSOjNKU4P0+vIKc0PTOvWK8kMze1uCQxtyC1SC8ExvbLL0llgABGJgYmLwaB3MycnMzi4My85FTXgvzkDB8G3tScxILi1BRfsEwJg4BPVmJZon5OYl66vk9+Xrp1RRGDFNSy5Py84vycVD1nCI1qPENFAZCO41WyuwV0Hx/IFD2QKXpgU7qfTDjTr3yfiYHRi4G1LDGnNBVorgBCkV9pblJqUduaqbLcUx50Q00DAT09ANg+ni3yAAAA[0m[INFO] Surefire report directory: /var/lib/jenkins/workspace/CTC_Demo/target/surefire-reports
[8mha:////4B6KEQMARoLVLXKmm7jnoNGvcS31JUZzzOwkmoEuqrfgAAAAyx+LCAAAAAAAAP9b85aBtbiIQSOjNKU4P0+vIKc0PTOvWK8kMze1uCQxtyC1SC8ExvbLL0llgABGJgYmLwaB3MycnMzi4My85FTXgvzkDB8G3tScxILi1BRfsEwJg4BPVmJZon5OYl66vk9+Xrp1RRGDFNSy5Py84vycVD1nCI1qPENFAZCO41WyvwZ0Hx/IFD2QKXpgU7qfTDjTr3yfiYHRi4G1LDGnNBVorgBCkV9pblJqUduaqbLcUx50Q00DAX0tANs4A+nyAAAA[0m
[8mha:////4B6KEQMARoLVLXKmm7jnoNGvcS31JUZzzOwkmoEuqrfgAAAAyx+LCAAAAAAAAP9b85aBtbiIQSOjNKU4P0+vIKc0PTOvWK8kMze1uCQxtyC1SC8ExvbLL0llgABGJgYmLwaB3MycnMzi4My85FTXgvzkDB8G3tScxILi1BRfsEwJg4BPVmJZon5OYl66vk9+Xrp1RRGDFNSy5Py84vycVD1nCI1qPENFAZCO41WyvwZ0Hx/IFD2QKXpgU7qfTDjTr3yfiYHRi4G1LDGnNBVorgBCkV9pblJqUduaqbLcUx50Q00DAX0tANs4A+nyAAAA[0m-------------------------------------------------------
[8mha:////4B6KEQMARoLVLXKmm7jnoNGvcS31JUZzzOwkmoEuqrfgAAAAyx+LCAAAAAAAAP9b85aBtbiIQSOjNKU4P0+vIKc0PTOvWK8kMze1uCQxtyC1SC8ExvbLL0llgABGJgYmLwaB3MycnMzi4My85FTXgvzkDB8G3tScxILi1BRfsEwJg4BPVmJZon5OYl66vk9+Xrp1RRGDFNSy5Py84vycVD1nCI1qPENFAZCO41WyvwZ0Hx/IFD2QKXpgU7qfTDjTr3yfiYHRi4G1LDGnNBVorgBCkV9pblJqUduaqbLcUx50Q00DAX0tANs4A+nyAAAA[0m T E S T S
[8mha:////4B6KEQMARoLVLXKmm7jnoNGvcS31JUZzzOwkmoEuqrfgAAAAyx+LCAAAAAAAAP9b85aBtbiIQSOjNKU4P0+vIKc0PTOvWK8kMze1uCQxtyC1SC8ExvbLL0llgABGJgYmLwaB3MycnMzi4My85FTXgvzkDB8G3tScxILi1BRfsEwJg4BPVmJZon5OYl66vk9+Xrp1RRGDFNSy5Py84vycVD1nCI1qPENFAZCO41WyvwZ0Hx/IFD2QKXpgU7qfTDjTr3yfiYHRi4G1LDGnNBVorgBCkV9pblJqUduaqbLcUx50Q00DAX0tANs4A+nyAAAA[0m-------------------------------------------------------
[8mha:////4N0+8HnyzAsJbKTJYTr1NLtkFsymiprS1usTCqjUIYA1AAAAyx+LCAAAAAAAAP9b85aBtbiIQSOjNKU4P0+vIKc0PTOvWK8kMze1uCQxtyC1SC8ExvbLL0llgABGJgYmLwaB3MycnMzi4My85FTXgvzkDB8G3tScxILi1BRfsEwJg4BPVmJZon5OYl66vk9+Xrp1RRGDFNSy5Py84vycVD1nCI1qPENFAZCO41VyLgC6jw9kih7IFD2wKd1PJpzpV77PxMDoxcBalphTmgo0VwChyK80Nym1qG3NVFnuKQ+6oaaBgNERAIpSKbbyAAAA[0m
[8mha:////4Cy0veL5dNcpN7C6dV0GUxUuGtGC4sS+Pa2annNdFKoEAAAAyx+LCAAAAAAAAP9b85aBtbiIQSOjNKU4P0+vIKc0PTOvWK8kMze1uCQxtyC1SC8ExvbLL0llgABGJgYmLwaB3MycnMzi4My85FTXgvzkDB8G3tScxILi1BRfsEwJg4BPVmJZon5OYl66vk9+Xrp1RRGDFNSy5Py84vycVD1nCI1qPENFAZCO41VyLgS6jw9kih7IFD2wKd1PJpzpV77PxMDoxcBalphTmgo0VwChyK80Nym1qG3NVFnuKQ+6oaaBgNFRAE0V14ryAAAA[0mResults :
[8mha:////4Cy0veL5dNcpN7C6dV0GUxUuGtGC4sS+Pa2annNdFKoEAAAAyx+LCAAAAAAAAP9b85aBtbiIQSOjNKU4P0+vIKc0PTOvWK8kMze1uCQxtyC1SC8ExvbLL0llgABGJgYmLwaB3MycnMzi4My85FTXgvzkDB8G3tScxILi1BRfsEwJg4BPVmJZon5OYl66vk9+Xrp1RRGDFNSy5Py84vycVD1nCI1qPENFAZCO41VyLgS6jw9kih7IFD2wKd1PJpzpV77PxMDoxcBalphTmgo0VwChyK80Nym1qG3NVFnuKQ+6oaaBgNFRAE0V14ryAAAA[0m
[8mha:////4Cy0veL5dNcpN7C6dV0GUxUuGtGC4sS+Pa2annNdFKoEAAAAyx+LCAAAAAAAAP9b85aBtbiIQSOjNKU4P0+vIKc0PTOvWK8kMze1uCQxtyC1SC8ExvbLL0llgABGJgYmLwaB3MycnMzi4My85FTXgvzkDB8G3tScxILi1BRfsEwJg4BPVmJZon5OYl66vk9+Xrp1RRGDFNSy5Py84vycVD1nCI1qPENFAZCO41VyLgS6jw9kih7IFD2wKd1PJpzpV77PxMDoxcBalphTmgo0VwChyK80Nym1qG3NVFnuKQ+6oaaBgNFRAE0V14ryAAAA[0mTests run: 0, Failures: 0, Errors: 0, Skipped: 0
[8mha:////4Cy0veL5dNcpN7C6dV0GUxUuGtGC4sS+Pa2annNdFKoEAAAAyx+LCAAAAAAAAP9b85aBtbiIQSOjNKU4P0+vIKc0PTOvWK8kMze1uCQxtyC1SC8ExvbLL0llgABGJgYmLwaB3MycnMzi4My85FTXgvzkDB8G3tScxILi1BRfsEwJg4BPVmJZon5OYl66vk9+Xrp1RRGDFNSy5Py84vycVD1nCI1qPENFAZCO41VyLgS6jw9kih7IFD2wKd1PJpzpV77PxMDoxcBalphTmgo0VwChyK80Nym1qG3NVFnuKQ+6oaaBgNFRAE0V14ryAAAA[0m
[8mha:////4Cy0veL5dNcpN7C6dV0GUxUuGtGC4sS+Pa2annNdFKoEAAAAyx+LCAAAAAAAAP9b85aBtbiIQSOjNKU4P0+vIKc0PTOvWK8kMze1uCQxtyC1SC8ExvbLL0llgABGJgYmLwaB3MycnMzi4My85FTXgvzkDB8G3tScxILi1BRfsEwJg4BPVmJZon5OYl66vk9+Xrp1RRGDFNSy5Py84vycVD1nCI1qPENFAZCO41VyLgS6jw9kih7IFD2wKd1PJpzpV77PxMDoxcBalphTmgo0VwChyK80Nym1qG3NVFnuKQ+6oaaBgNFRAE0V14ryAAAA[0m[INFO] 
[8mha:////4Cy0veL5dNcpN7C6dV0GUxUuGtGC4sS+Pa2annNdFKoEAAAAyx+LCAAAAAAAAP9b85aBtbiIQSOjNKU4P0+vIKc0PTOvWK8kMze1uCQxtyC1SC8ExvbLL0llgABGJgYmLwaB3MycnMzi4My85FTXgvzkDB8G3tScxILi1BRfsEwJg4BPVmJZon5OYl66vk9+Xrp1RRGDFNSy5Py84vycVD1nCI1qPENFAZCO41VyLgS6jw9kih7IFD2wKd1PJpzpV77PxMDoxcBalphTmgo0VwChyK80Nym1qG3NVFnuKQ+6oaaBgNFRAE0V14ryAAAA[0m[INFO] --- maven-easyb-plugin:1.4:test (default) @ gameoflife ---
[8mha:////4AZ0WNeQBxLKgIZZrKSp1oRYszkdZdlJtPoHqJNtYWRWAAAAyx+LCAAAAAAAAP9b85aBtbiIQSOjNKU4P0+vIKc0PTOvWK8kMze1uCQxtyC1SC8ExvbLL0llgABGJgYmLwaB3MycnMzi4My85FTXgvzkDB8G3tScxILi1BRfsEwJg4BPVmJZon5OYl66vk9+Xrp1RRGDFNSy5Py84vycVD1nCI1qPENFAZCO41Vy5wK6jw9kih7IFD2wKd1PJpzpV77PxMDoxcBalphTmgo0VwChyK80Nym1qG3NVFnuKQ+6oaaBgFkcAMr2zPPyAAAA[0m[INFO] /var/lib/jenkins/workspace/CTC_Demo/src/test/stories does not exists.  Skipping easyb testing
[8mha:////4NhZLM0hFnCZ/3ZzsyPy6Uy1ob+WRJMyKhegmxsPhPM3AAAAyx+LCAAAAAAAAP9b85aBtbiIQSOjNKU4P0+vIKc0PTOvWK8kMze1uCQxtyC1SC8ExvbLL0llgABGJgYmLwaB3MycnMzi4My85FTXgvzkDB8G3tScxILi1BRfsEwJg4BPVmJZon5OYl66vk9+Xrp1RRGDFNSy5Py84vycVD1nCI1qPENFAZCO41Vy5wa6jw9kih7IFD2wKd1PJpzpV77PxMDoxcBalphTmgo0VwChyK80Nym1qG3NVFnuKQ+6oaaBgFk8AA2xMs/yAAAA[0m[INFO] 
[8mha:////4NhZLM0hFnCZ/3ZzsyPy6Uy1ob+WRJMyKhegmxsPhPM3AAAAyx+LCAAAAAAAAP9b85aBtbiIQSOjNKU4P0+vIKc0PTOvWK8kMze1uCQxtyC1SC8ExvbLL0llgABGJgYmLwaB3MycnMzi4My85FTXgvzkDB8G3tScxILi1BRfsEwJg4BPVmJZon5OYl66vk9+Xrp1RRGDFNSy5Py84vycVD1nCI1qPENFAZCO41Vy5wa6jw9kih7IFD2wKd1PJpzpV77PxMDoxcBalphTmgo0VwChyK80Nym1qG3NVFnuKQ+6oaaBgFk8AA2xMs/yAAAA[0m[INFO] ------------------------------------------------------------------------
[8mha:////4NhZLM0hFnCZ/3ZzsyPy6Uy1ob+WRJMyKhegmxsPhPM3AAAAyx+LCAAAAAAAAP9b85aBtbiIQSOjNKU4P0+vIKc0PTOvWK8kMze1uCQxtyC1SC8ExvbLL0llgABGJgYmLwaB3MycnMzi4My85FTXgvzkDB8G3tScxILi1BRfsEwJg4BPVmJZon5OYl66vk9+Xrp1RRGDFNSy5Py84vycVD1nCI1qPENFAZCO41Vy5wa6jw9kih7IFD2wKd1PJpzpV77PxMDoxcBalphTmgo0VwChyK80Nym1qG3NVFnuKQ+6oaaBgFk8AA2xMs/yAAAA[0m[INFO] Building gameoflife-build 1.0-SNAPSHOT
[8mha:////4NhZLM0hFnCZ/3ZzsyPy6Uy1ob+WRJMyKhegmxsPhPM3AAAAyx+LCAAAAAAAAP9b85aBtbiIQSOjNKU4P0+vIKc0PTOvWK8kMze1uCQxtyC1SC8ExvbLL0llgABGJgYmLwaB3MycnMzi4My85FTXgvzkDB8G3tScxILi1BRfsEwJg4BPVmJZon5OYl66vk9+Xrp1RRGDFNSy5Py84vycVD1nCI1qPENFAZCO41Vy5wa6jw9kih7IFD2wKd1PJpzpV77PxMDoxcBalphTmgo0VwChyK80Nym1qG3NVFnuKQ+6oaaBgFk8AA2xMs/yAAAA[0m[INFO] ------------------------------------------------------------------------
[8mha:////4FB3DUXcPyXlS2sBTOHfa/j5JxHTE3ILgeg0I610GnIIAAAAyx+LCAAAAAAAAP9b85aBtbiIQSOjNKU4P0+vIKc0PTOvWK8kMze1uCQxtyC1SC8ExvbLL0llgABGJgYmLwaB3MycnMzi4My85FTXgvzkDB8G3tScxILi1BRfsEwJg4BPVmJZon5OYl66vk9+Xrp1RRGDFNSy5Py84vycVD1nCI1qPENFAZCO41XyYAe6jw9kih7IFD2wKd1PJpzpV77PxMDoxcBalphTmgo0VwChyK80Nym1qG3NVFnuKQ+6oaaBgHk0ANgnQqLyAAAA[0m[INFO] 
[8mha:////4BfrMTLOxzz2DRG4NG8xeN0JcCU9498UybOWsZsZ8/PAAAAAyx+LCAAAAAAAAP9b85aBtbiIQSOjNKU4P0+vIKc0PTOvWK8kMze1uCQxtyC1SC8ExvbLL0llgABGJgYmLwaB3MycnMzi4My85FTXgvzkDB8G3tScxILi1BRfsEwJg4BPVmJZon5OYl66vk9+Xrp1RRGDFNSy5Py84vycVD1nCI1qPENFAZCO41Xy4AC6jw9kih7IFD2wKd1PJpzpV77PxMDoxcBalphTmgo0VwChyK80Nym1qG3NVFnuKQ+6oaaBgHkMAMZA4SbyAAAA[0m[INFO] --- maven-clean-plugin:2.5:clean (default-clean) @ gameoflife-build ---
[8mha:////4BfrMTLOxzz2DRG4NG8xeN0JcCU9498UybOWsZsZ8/PAAAAAyx+LCAAAAAAAAP9b85aBtbiIQSOjNKU4P0+vIKc0PTOvWK8kMze1uCQxtyC1SC8ExvbLL0llgABGJgYmLwaB3MycnMzi4My85FTXgvzkDB8G3tScxILi1BRfsEwJg4BPVmJZon5OYl66vk9+Xrp1RRGDFNSy5Py84vycVD1nCI1qPENFAZCO41Xy4AC6jw9kih7IFD2wKd1PJpzpV77PxMDoxcBalphTmgo0VwChyK80Nym1qG3NVFnuKQ+6oaaBgHkMAMZA4SbyAAAA[0m[INFO] Deleting /var/lib/jenkins/workspace/CTC_Demo/gameoflife-build/target
[8mha:////4BfrMTLOxzz2DRG4NG8xeN0JcCU9498UybOWsZsZ8/PAAAAAyx+LCAAAAAAAAP9b85aBtbiIQSOjNKU4P0+vIKc0PTOvWK8kMze1uCQxtyC1SC8ExvbLL0llgABGJgYmLwaB3MycnMzi4My85FTXgvzkDB8G3tScxILi1BRfsEwJg4BPVmJZon5OYl66vk9+Xrp1RRGDFNSy5Py84vycVD1nCI1qPENFAZCO41Xy4AC6jw9kih7IFD2wKd1PJpzpV77PxMDoxcBalphTmgo0VwChyK80Nym1qG3NVFnuKQ+6oaaBgHkMAMZA4SbyAAAA[0m[INFO] 
[8mha:////4BfrMTLOxzz2DRG4NG8xeN0JcCU9498UybOWsZsZ8/PAAAAAyx+LCAAAAAAAAP9b85aBtbiIQSOjNKU4P0+vIKc0PTOvWK8kMze1uCQxtyC1SC8ExvbLL0llgABGJgYmLwaB3MycnMzi4My85FTXgvzkDB8G3tScxILi1BRfsEwJg4BPVmJZon5OYl66vk9+Xrp1RRGDFNSy5Py84vycVD1nCI1qPENFAZCO41Xy4AC6jw9kih7IFD2wKd1PJpzpV77PxMDoxcBalphTmgo0VwChyK80Nym1qG3NVFnuKQ+6oaaBgHkMAMZA4SbyAAAA[0m[INFO] --- maven-enforcer-plugin:1.0:enforce (enforce-versions) @ gameoflife-build ---
[8mha:////4BfrMTLOxzz2DRG4NG8xeN0JcCU9498UybOWsZsZ8/PAAAAAyx+LCAAAAAAAAP9b85aBtbiIQSOjNKU4P0+vIKc0PTOvWK8kMze1uCQxtyC1SC8ExvbLL0llgABGJgYmLwaB3MycnMzi4My85FTXgvzkDB8G3tScxILi1BRfsEwJg4BPVmJZon5OYl66vk9+Xrp1RRGDFNSy5Py84vycVD1nCI1qPENFAZCO41Xy4AC6jw9kih7IFD2wKd1PJpzpV77PxMDoxcBalphTmgo0VwChyK80Nym1qG3NVFnuKQ+6oaaBgHkMAMZA4SbyAAAA[0m[INFO] 
[8mha:////4BfrMTLOxzz2DRG4NG8xeN0JcCU9498UybOWsZsZ8/PAAAAAyx+LCAAAAAAAAP9b85aBtbiIQSOjNKU4P0+vIKc0PTOvWK8kMze1uCQxtyC1SC8ExvbLL0llgABGJgYmLwaB3MycnMzi4My85FTXgvzkDB8G3tScxILi1BRfsEwJg4BPVmJZon5OYl66vk9+Xrp1RRGDFNSy5Py84vycVD1nCI1qPENFAZCO41Xy4AC6jw9kih7IFD2wKd1PJpzpV77PxMDoxcBalphTmgo0VwChyK80Nym1qG3NVFnuKQ+6oaaBgHkMAMZA4SbyAAAA[0m[INFO] --- maven-resources-plugin:2.6:resources (default-resources) @ gameoflife-build ---
[8mha:////4BfrMTLOxzz2DRG4NG8xeN0JcCU9498UybOWsZsZ8/PAAAAAyx+LCAAAAAAAAP9b85aBtbiIQSOjNKU4P0+vIKc0PTOvWK8kMze1uCQxtyC1SC8ExvbLL0llgABGJgYmLwaB3MycnMzi4My85FTXgvzkDB8G3tScxILi1BRfsEwJg4BPVmJZon5OYl66vk9+Xrp1RRGDFNSy5Py84vycVD1nCI1qPENFAZCO41Xy4AC6jw9kih7IFD2wKd1PJpzpV77PxMDoxcBalphTmgo0VwChyK80Nym1qG3NVFnuKQ+6oaaBgHkMAMZA4SbyAAAA[0m[INFO] Using 'UTF-8' encoding to copy filtered resources.
[8mha:////4BfrMTLOxzz2DRG4NG8xeN0JcCU9498UybOWsZsZ8/PAAAAAyx+LCAAAAAAAAP9b85aBtbiIQSOjNKU4P0+vIKc0PTOvWK8kMze1uCQxtyC1SC8ExvbLL0llgABGJgYmLwaB3MycnMzi4My85FTXgvzkDB8G3tScxILi1BRfsEwJg4BPVmJZon5OYl66vk9+Xrp1RRGDFNSy5Py84vycVD1nCI1qPENFAZCO41Xy4AC6jw9kih7IFD2wKd1PJpzpV77PxMDoxcBalphTmgo0VwChyK80Nym1qG3NVFnuKQ+6oaaBgHkMAMZA4SbyAAAA[0m[INFO] Copying 2 resources
[8mha:////4BfrMTLOxzz2DRG4NG8xeN0JcCU9498UybOWsZsZ8/PAAAAAyx+LCAAAAAAAAP9b85aBtbiIQSOjNKU4P0+vIKc0PTOvWK8kMze1uCQxtyC1SC8ExvbLL0llgABGJgYmLwaB3MycnMzi4My85FTXgvzkDB8G3tScxILi1BRfsEwJg4BPVmJZon5OYl66vk9+Xrp1RRGDFNSy5Py84vycVD1nCI1qPENFAZCO41Xy4AC6jw9kih7IFD2wKd1PJpzpV77PxMDoxcBalphTmgo0VwChyK80Nym1qG3NVFnuKQ+6oaaBgHkMAMZA4SbyAAAA[0m[INFO] 
[8mha:////4BfrMTLOxzz2DRG4NG8xeN0JcCU9498UybOWsZsZ8/PAAAAAyx+LCAAAAAAAAP9b85aBtbiIQSOjNKU4P0+vIKc0PTOvWK8kMze1uCQxtyC1SC8ExvbLL0llgABGJgYmLwaB3MycnMzi4My85FTXgvzkDB8G3tScxILi1BRfsEwJg4BPVmJZon5OYl66vk9+Xrp1RRGDFNSy5Py84vycVD1nCI1qPENFAZCO41Xy4AC6jw9kih7IFD2wKd1PJpzpV77PxMDoxcBalphTmgo0VwChyK80Nym1qG3NVFnuKQ+6oaaBgHkMAMZA4SbyAAAA[0m[INFO] --- jacoco-maven-plugin:0.7.2.201409121644:prepare-agent (jacoco-initialize) @ gameoflife-build ---
[8mha:////4BfrMTLOxzz2DRG4NG8xeN0JcCU9498UybOWsZsZ8/PAAAAAyx+LCAAAAAAAAP9b85aBtbiIQSOjNKU4P0+vIKc0PTOvWK8kMze1uCQxtyC1SC8ExvbLL0llgABGJgYmLwaB3MycnMzi4My85FTXgvzkDB8G3tScxILi1BRfsEwJg4BPVmJZon5OYl66vk9+Xrp1RRGDFNSy5Py84vycVD1nCI1qPENFAZCO41Xy4AC6jw9kih7IFD2wKd1PJpzpV77PxMDoxcBalphTmgo0VwChyK80Nym1qG3NVFnuKQ+6oaaBgHkMAMZA4SbyAAAA[0m[INFO] argLine set to -javaagent:/var/lib/jenkins/.m2/repository/org/jacoco/org.jacoco.agent/0.7.2.201409121644/org.jacoco.agent-0.7.2.201409121644-runtime.jar=destfile=/var/lib/jenkins/workspace/CTC_Demo/gameoflife-build/target/jacoco.exec
[8mha:////4BfrMTLOxzz2DRG4NG8xeN0JcCU9498UybOWsZsZ8/PAAAAAyx+LCAAAAAAAAP9b85aBtbiIQSOjNKU4P0+vIKc0PTOvWK8kMze1uCQxtyC1SC8ExvbLL0llgABGJgYmLwaB3MycnMzi4My85FTXgvzkDB8G3tScxILi1BRfsEwJg4BPVmJZon5OYl66vk9+Xrp1RRGDFNSy5Py84vycVD1nCI1qPENFAZCO41Xy4AC6jw9kih7IFD2wKd1PJpzpV77PxMDoxcBalphTmgo0VwChyK80Nym1qG3NVFnuKQ+6oaaBgHkMAMZA4SbyAAAA[0m[INFO] 
[8mha:////4BfrMTLOxzz2DRG4NG8xeN0JcCU9498UybOWsZsZ8/PAAAAAyx+LCAAAAAAAAP9b85aBtbiIQSOjNKU4P0+vIKc0PTOvWK8kMze1uCQxtyC1SC8ExvbLL0llgABGJgYmLwaB3MycnMzi4My85FTXgvzkDB8G3tScxILi1BRfsEwJg4BPVmJZon5OYl66vk9+Xrp1RRGDFNSy5Py84vycVD1nCI1qPENFAZCO41Xy4AC6jw9kih7IFD2wKd1PJpzpV77PxMDoxcBalphTmgo0VwChyK80Nym1qG3NVFnuKQ+6oaaBgHkMAMZA4SbyAAAA[0m[INFO] --- maven-compiler-plugin:3.1:compile (default-compile) @ gameoflife-build ---
[8mha:////4HO8OLzCsmSr6LC/QUC8Qn2tBzxQJlrxqrh+9gE/qwzuAAAAyx+LCAAAAAAAAP9b85aBtbiIQSOjNKU4P0+vIKc0PTOvWK8kMze1uCQxtyC1SC8ExvbLL0llgABGJgYmLwaB3MycnMzi4My85FTXgvzkDB8G3tScxILi1BRfsEwJg4BPVmJZon5OYl66vk9+Xrp1RRGDFNSy5Py84vycVD1nCI1qPENFAZCO41XyZAG6jw9kih7IFD2wKd1PJpzpV77PxMDoxcBalphTmgo0VwChyK80Nym1qG3NVFnuKQ+6oaaBgEUEAEtr/3zyAAAA[0m[INFO] No sources to compile
[8mha:////4EXa5qzzF7UOmY5T7YoqTOVjeADnVTBYmL7wRgPEc2p1AAAAyh+LCAAAAAAAAP9b85aBtbiIQSOjNKU4P0+vIKc0PTOvWK8kMze1uCQxtyC1SC8ExvbLL0llgABGJgYmLwaB3MycnMzi4My85FTXgvzkDB8G3tScxILi1BRfsEwJg4BPVmJZon5OYl66vk9+Xrp1RRGDFNSy5Py84vycVD1nCI1qPENFAZCO41XyBLmPD2SKHsgUPbAp3U8mnOlXvs/EwOjFwFqWmFOaCjRXAKHIrzQ3KbWobc1UWe4pD7qhpoGARSQAjCwBQPIAAAA=[0m[INFO] 
[8mha:////4EXa5qzzF7UOmY5T7YoqTOVjeADnVTBYmL7wRgPEc2p1AAAAyh+LCAAAAAAAAP9b85aBtbiIQSOjNKU4P0+vIKc0PTOvWK8kMze1uCQxtyC1SC8ExvbLL0llgABGJgYmLwaB3MycnMzi4My85FTXgvzkDB8G3tScxILi1BRfsEwJg4BPVmJZon5OYl66vk9+Xrp1RRGDFNSy5Py84vycVD1nCI1qPENFAZCO41XyBLmPD2SKHsgUPbAp3U8mnOlXvs/EwOjFwFqWmFOaCjRXAKHIrzQ3KbWobc1UWe4pD7qhpoGARSQAjCwBQPIAAAA=[0m[INFO] --- maven-resources-plugin:2.6:testResources (default-testResources) @ gameoflife-build ---
[8mha:////4EXa5qzzF7UOmY5T7YoqTOVjeADnVTBYmL7wRgPEc2p1AAAAyh+LCAAAAAAAAP9b85aBtbiIQSOjNKU4P0+vIKc0PTOvWK8kMze1uCQxtyC1SC8ExvbLL0llgABGJgYmLwaB3MycnMzi4My85FTXgvzkDB8G3tScxILi1BRfsEwJg4BPVmJZon5OYl66vk9+Xrp1RRGDFNSy5Py84vycVD1nCI1qPENFAZCO41XyBLmPD2SKHsgUPbAp3U8mnOlXvs/EwOjFwFqWmFOaCjRXAKHIrzQ3KbWobc1UWe4pD7qhpoGARSQAjCwBQPIAAAA=[0m[INFO] Using 'UTF-8' encoding to copy filtered resources.
[8mha:////4EXa5qzzF7UOmY5T7YoqTOVjeADnVTBYmL7wRgPEc2p1AAAAyh+LCAAAAAAAAP9b85aBtbiIQSOjNKU4P0+vIKc0PTOvWK8kMze1uCQxtyC1SC8ExvbLL0llgABGJgYmLwaB3MycnMzi4My85FTXgvzkDB8G3tScxILi1BRfsEwJg4BPVmJZon5OYl66vk9+Xrp1RRGDFNSy5Py84vycVD1nCI1qPENFAZCO41XyBLmPD2SKHsgUPbAp3U8mnOlXvs/EwOjFwFqWmFOaCjRXAKHIrzQ3KbWobc1UWe4pD7qhpoGARSQAjCwBQPIAAAA=[0m[INFO] skip non existing resourceDirectory /var/lib/jenkins/workspace/CTC_Demo/gameoflife-build/src/test/resources
[8mha:////4EXa5qzzF7UOmY5T7YoqTOVjeADnVTBYmL7wRgPEc2p1AAAAyh+LCAAAAAAAAP9b85aBtbiIQSOjNKU4P0+vIKc0PTOvWK8kMze1uCQxtyC1SC8ExvbLL0llgABGJgYmLwaB3MycnMzi4My85FTXgvzkDB8G3tScxILi1BRfsEwJg4BPVmJZon5OYl66vk9+Xrp1RRGDFNSy5Py84vycVD1nCI1qPENFAZCO41XyBLmPD2SKHsgUPbAp3U8mnOlXvs/EwOjFwFqWmFOaCjRXAKHIrzQ3KbWobc1UWe4pD7qhpoGARSQAjCwBQPIAAAA=[0m[INFO] 
[8mha:////4EXa5qzzF7UOmY5T7YoqTOVjeADnVTBYmL7wRgPEc2p1AAAAyh+LCAAAAAAAAP9b85aBtbiIQSOjNKU4P0+vIKc0PTOvWK8kMze1uCQxtyC1SC8ExvbLL0llgABGJgYmLwaB3MycnMzi4My85FTXgvzkDB8G3tScxILi1BRfsEwJg4BPVmJZon5OYl66vk9+Xrp1RRGDFNSy5Py84vycVD1nCI1qPENFAZCO41XyBLmPD2SKHsgUPbAp3U8mnOlXvs/EwOjFwFqWmFOaCjRXAKHIrzQ3KbWobc1UWe4pD7qhpoGARSQAjCwBQPIAAAA=[0m[INFO] --- maven-compiler-plugin:3.1:testCompile (default-testCompile) @ gameoflife-build ---
[8mha:////4EXa5qzzF7UOmY5T7YoqTOVjeADnVTBYmL7wRgPEc2p1AAAAyh+LCAAAAAAAAP9b85aBtbiIQSOjNKU4P0+vIKc0PTOvWK8kMze1uCQxtyC1SC8ExvbLL0llgABGJgYmLwaB3MycnMzi4My85FTXgvzkDB8G3tScxILi1BRfsEwJg4BPVmJZon5OYl66vk9+Xrp1RRGDFNSy5Py84vycVD1nCI1qPENFAZCO41XyBLmPD2SKHsgUPbAp3U8mnOlXvs/EwOjFwFqWmFOaCjRXAKHIrzQ3KbWobc1UWe4pD7qhpoGARSQAjCwBQPIAAAA=[0m[INFO] No sources to compile
[8mha:////4EXa5qzzF7UOmY5T7YoqTOVjeADnVTBYmL7wRgPEc2p1AAAAyh+LCAAAAAAAAP9b85aBtbiIQSOjNKU4P0+vIKc0PTOvWK8kMze1uCQxtyC1SC8ExvbLL0llgABGJgYmLwaB3MycnMzi4My85FTXgvzkDB8G3tScxILi1BRfsEwJg4BPVmJZon5OYl66vk9+Xrp1RRGDFNSy5Py84vycVD1nCI1qPENFAZCO41XyBLmPD2SKHsgUPbAp3U8mnOlXvs/EwOjFwFqWmFOaCjRXAKHIrzQ3KbWobc1UWe4pD7qhpoGARSQAjCwBQPIAAAA=[0m[INFO] 
[8mha:////4EXa5qzzF7UOmY5T7YoqTOVjeADnVTBYmL7wRgPEc2p1AAAAyh+LCAAAAAAAAP9b85aBtbiIQSOjNKU4P0+vIKc0PTOvWK8kMze1uCQxtyC1SC8ExvbLL0llgABGJgYmLwaB3MycnMzi4My85FTXgvzkDB8G3tScxILi1BRfsEwJg4BPVmJZon5OYl66vk9+Xrp1RRGDFNSy5Py84vycVD1nCI1qPENFAZCO41XyBLmPD2SKHsgUPbAp3U8mnOlXvs/EwOjFwFqWmFOaCjRXAKHIrzQ3KbWobc1UWe4pD7qhpoGARSQAjCwBQPIAAAA=[0m[INFO] --- maven-surefire-plugin:2.11:test (default-test) @ gameoflife-build ---
[8mha:////4EXa5qzzF7UOmY5T7YoqTOVjeADnVTBYmL7wRgPEc2p1AAAAyh+LCAAAAAAAAP9b85aBtbiIQSOjNKU4P0+vIKc0PTOvWK8kMze1uCQxtyC1SC8ExvbLL0llgABGJgYmLwaB3MycnMzi4My85FTXgvzkDB8G3tScxILi1BRfsEwJg4BPVmJZon5OYl66vk9+Xrp1RRGDFNSy5Py84vycVD1nCI1qPENFAZCO41XyBLmPD2SKHsgUPbAp3U8mnOlXvs/EwOjFwFqWmFOaCjRXAKHIrzQ3KbWobc1UWe4pD7qhpoGARSQAjCwBQPIAAAA=[0m[INFO] Tests are skipped.
[8mha:////4EXa5qzzF7UOmY5T7YoqTOVjeADnVTBYmL7wRgPEc2p1AAAAyh+LCAAAAAAAAP9b85aBtbiIQSOjNKU4P0+vIKc0PTOvWK8kMze1uCQxtyC1SC8ExvbLL0llgABGJgYmLwaB3MycnMzi4My85FTXgvzkDB8G3tScxILi1BRfsEwJg4BPVmJZon5OYl66vk9+Xrp1RRGDFNSy5Py84vycVD1nCI1qPENFAZCO41XyBLmPD2SKHsgUPbAp3U8mnOlXvs/EwOjFwFqWmFOaCjRXAKHIrzQ3KbWobc1UWe4pD7qhpoGARSQAjCwBQPIAAAA=[0m[INFO] 
[8mha:////4EXa5qzzF7UOmY5T7YoqTOVjeADnVTBYmL7wRgPEc2p1AAAAyh+LCAAAAAAAAP9b85aBtbiIQSOjNKU4P0+vIKc0PTOvWK8kMze1uCQxtyC1SC8ExvbLL0llgABGJgYmLwaB3MycnMzi4My85FTXgvzkDB8G3tScxILi1BRfsEwJg4BPVmJZon5OYl66vk9+Xrp1RRGDFNSy5Py84vycVD1nCI1qPENFAZCO41XyBLmPD2SKHsgUPbAp3U8mnOlXvs/EwOjFwFqWmFOaCjRXAKHIrzQ3KbWobc1UWe4pD7qhpoGARSQAjCwBQPIAAAA=[0m[INFO] --- maven-surefire-plugin:2.11:test (unit-tests) @ gameoflife-build ---
[8mha:////4EXa5qzzF7UOmY5T7YoqTOVjeADnVTBYmL7wRgPEc2p1AAAAyh+LCAAAAAAAAP9b85aBtbiIQSOjNKU4P0+vIKc0PTOvWK8kMze1uCQxtyC1SC8ExvbLL0llgABGJgYmLwaB3MycnMzi4My85FTXgvzkDB8G3tScxILi1BRfsEwJg4BPVmJZon5OYl66vk9+Xrp1RRGDFNSy5Py84vycVD1nCI1qPENFAZCO41XyBLmPD2SKHsgUPbAp3U8mnOlXvs/EwOjFwFqWmFOaCjRXAKHIrzQ3KbWobc1UWe4pD7qhpoGARSQAjCwBQPIAAAA=[0m[INFO] No tests to run.
[8mha:////4EXa5qzzF7UOmY5T7YoqTOVjeADnVTBYmL7wRgPEc2p1AAAAyh+LCAAAAAAAAP9b85aBtbiIQSOjNKU4P0+vIKc0PTOvWK8kMze1uCQxtyC1SC8ExvbLL0llgABGJgYmLwaB3MycnMzi4My85FTXgvzkDB8G3tScxILi1BRfsEwJg4BPVmJZon5OYl66vk9+Xrp1RRGDFNSy5Py84vycVD1nCI1qPENFAZCO41XyBLmPD2SKHsgUPbAp3U8mnOlXvs/EwOjFwFqWmFOaCjRXAKHIrzQ3KbWobc1UWe4pD7qhpoGARSQAjCwBQPIAAAA=[0m[INFO] Surefire report directory: /var/lib/jenkins/workspace/CTC_Demo/gameoflife-build/target/surefire-reports
[8mha:////4EXa5qzzF7UOmY5T7YoqTOVjeADnVTBYmL7wRgPEc2p1AAAAyh+LCAAAAAAAAP9b85aBtbiIQSOjNKU4P0+vIKc0PTOvWK8kMze1uCQxtyC1SC8ExvbLL0llgABGJgYmLwaB3MycnMzi4My85FTXgvzkDB8G3tScxILi1BRfsEwJg4BPVmJZon5OYl66vk9+Xrp1RRGDFNSy5Py84vycVD1nCI1qPENFAZCO41XyBLmPD2SKHsgUPbAp3U8mnOlXvs/EwOjFwFqWmFOaCjRXAKHIrzQ3KbWobc1UWe4pD7qhpoGARSQAjCwBQPIAAAA=[0m
[8mha:////4EXa5qzzF7UOmY5T7YoqTOVjeADnVTBYmL7wRgPEc2p1AAAAyh+LCAAAAAAAAP9b85aBtbiIQSOjNKU4P0+vIKc0PTOvWK8kMze1uCQxtyC1SC8ExvbLL0llgABGJgYmLwaB3MycnMzi4My85FTXgvzkDB8G3tScxILi1BRfsEwJg4BPVmJZon5OYl66vk9+Xrp1RRGDFNSy5Py84vycVD1nCI1qPENFAZCO41XyBLmPD2SKHsgUPbAp3U8mnOlXvs/EwOjFwFqWmFOaCjRXAKHIrzQ3KbWobc1UWe4pD7qhpoGARSQAjCwBQPIAAAA=[0m-------------------------------------------------------
[8mha:////4EXa5qzzF7UOmY5T7YoqTOVjeADnVTBYmL7wRgPEc2p1AAAAyh+LCAAAAAAAAP9b85aBtbiIQSOjNKU4P0+vIKc0PTOvWK8kMze1uCQxtyC1SC8ExvbLL0llgABGJgYmLwaB3MycnMzi4My85FTXgvzkDB8G3tScxILi1BRfsEwJg4BPVmJZon5OYl66vk9+Xrp1RRGDFNSy5Py84vycVD1nCI1qPENFAZCO41XyBLmPD2SKHsgUPbAp3U8mnOlXvs/EwOjFwFqWmFOaCjRXAKHIrzQ3KbWobc1UWe4pD7qhpoGARSQAjCwBQPIAAAA=[0m T E S T S
[8mha:////4EXa5qzzF7UOmY5T7YoqTOVjeADnVTBYmL7wRgPEc2p1AAAAyh+LCAAAAAAAAP9b85aBtbiIQSOjNKU4P0+vIKc0PTOvWK8kMze1uCQxtyC1SC8ExvbLL0llgABGJgYmLwaB3MycnMzi4My85FTXgvzkDB8G3tScxILi1BRfsEwJg4BPVmJZon5OYl66vk9+Xrp1RRGDFNSy5Py84vycVD1nCI1qPENFAZCO41XyBLmPD2SKHsgUPbAp3U8mnOlXvs/EwOjFwFqWmFOaCjRXAKHIrzQ3KbWobc1UWe4pD7qhpoGARSQAjCwBQPIAAAA=[0m-------------------------------------------------------
[8mha:////4NL+KUscIZklnHPxol/8U68Xqe5jgGXEY5OQG4jGMTb0AAAAyx+LCAAAAAAAAP9b85aBtbiIQSOjNKU4P0+vIKc0PTOvWK8kMze1uCQxtyC1SC8ExvbLL0llgABGJgYmLwaB3MycnMzi4My85FTXgvzkDB8G3tScxILi1BRfsEwJg4BPVmJZon5OYl66vk9+Xrp1RRGDFNSy5Py84vycVD1nCI1qPENFAZCO41XymQF0Hx/IFD2QKXpgU7qfTDjTr3yfiYHRi4G1LDGnNBVorgBCkV9pblJqUduaqbLcUx50Q00DAes3ALa0c8byAAAA[0m
[8mha:////4FCOXukRJ1w6I9ys/pA7A0hpNMoIS7d3bgvW7JzMKykOAAAAyx+LCAAAAAAAAP9b85aBtbiIQSOjNKU4P0+vIKc0PTOvWK8kMze1uCQxtyC1SC8ExvbLL0llgABGJgYmLwaB3MycnMzi4My85FTXgvzkDB8G3tScxILi1BRfsEwJg4BPVmJZon5OYl66vk9+Xrp1RRGDFNSy5Py84vycVD1nCI1qPENFAZCO41XymQl0Hx/IFD2QKXpgU7qfTDjTr3yfiYHRi4G1LDGnNBVorgBCkV9pblJqUduaqbLcUx50Q00DAeu3AHHzjfryAAAA[0mResults :
[8mha:////4FCOXukRJ1w6I9ys/pA7A0hpNMoIS7d3bgvW7JzMKykOAAAAyx+LCAAAAAAAAP9b85aBtbiIQSOjNKU4P0+vIKc0PTOvWK8kMze1uCQxtyC1SC8ExvbLL0llgABGJgYmLwaB3MycnMzi4My85FTXgvzkDB8G3tScxILi1BRfsEwJg4BPVmJZon5OYl66vk9+Xrp1RRGDFNSy5Py84vycVD1nCI1qPENFAZCO41XymQl0Hx/IFD2QKXpgU7qfTDjTr3yfiYHRi4G1LDGnNBVorgBCkV9pblJqUduaqbLcUx50Q00DAeu3AHHzjfryAAAA[0m
[8mha:////4FCOXukRJ1w6I9ys/pA7A0hpNMoIS7d3bgvW7JzMKykOAAAAyx+LCAAAAAAAAP9b85aBtbiIQSOjNKU4P0+vIKc0PTOvWK8kMze1uCQxtyC1SC8ExvbLL0llgABGJgYmLwaB3MycnMzi4My85FTXgvzkDB8G3tScxILi1BRfsEwJg4BPVmJZon5OYl66vk9+Xrp1RRGDFNSy5Py84vycVD1nCI1qPENFAZCO41XymQl0Hx/IFD2QKXpgU7qfTDjTr3yfiYHRi4G1LDGnNBVorgBCkV9pblJqUduaqbLcUx50Q00DAeu3AHHzjfryAAAA[0mTests run: 0, Failures: 0, Errors: 0, Skipped: 0
[8mha:////4FCOXukRJ1w6I9ys/pA7A0hpNMoIS7d3bgvW7JzMKykOAAAAyx+LCAAAAAAAAP9b85aBtbiIQSOjNKU4P0+vIKc0PTOvWK8kMze1uCQxtyC1SC8ExvbLL0llgABGJgYmLwaB3MycnMzi4My85FTXgvzkDB8G3tScxILi1BRfsEwJg4BPVmJZon5OYl66vk9+Xrp1RRGDFNSy5Py84vycVD1nCI1qPENFAZCO41XymQl0Hx/IFD2QKXpgU7qfTDjTr3yfiYHRi4G1LDGnNBVorgBCkV9pblJqUduaqbLcUx50Q00DAeu3AHHzjfryAAAA[0m
[8mha:////4FCOXukRJ1w6I9ys/pA7A0hpNMoIS7d3bgvW7JzMKykOAAAAyx+LCAAAAAAAAP9b85aBtbiIQSOjNKU4P0+vIKc0PTOvWK8kMze1uCQxtyC1SC8ExvbLL0llgABGJgYmLwaB3MycnMzi4My85FTXgvzkDB8G3tScxILi1BRfsEwJg4BPVmJZon5OYl66vk9+Xrp1RRGDFNSy5Py84vycVD1nCI1qPENFAZCO41XymQl0Hx/IFD2QKXpgU7qfTDjTr3yfiYHRi4G1LDGnNBVorgBCkV9pblJqUduaqbLcUx50Q00DAeu3AHHzjfryAAAA[0m[INFO] 
[8mha:////4FCOXukRJ1w6I9ys/pA7A0hpNMoIS7d3bgvW7JzMKykOAAAAyx+LCAAAAAAAAP9b85aBtbiIQSOjNKU4P0+vIKc0PTOvWK8kMze1uCQxtyC1SC8ExvbLL0llgABGJgYmLwaB3MycnMzi4My85FTXgvzkDB8G3tScxILi1BRfsEwJg4BPVmJZon5OYl66vk9+Xrp1RRGDFNSy5Py84vycVD1nCI1qPENFAZCO41XymQl0Hx/IFD2QKXpgU7qfTDjTr3yfiYHRi4G1LDGnNBVorgBCkV9pblJqUduaqbLcUx50Q00DAeu3AHHzjfryAAAA[0m[INFO] --- maven-easyb-plugin:1.4:test (default) @ gameoflife-build ---
[8mha:////4FCOXukRJ1w6I9ys/pA7A0hpNMoIS7d3bgvW7JzMKykOAAAAyx+LCAAAAAAAAP9b85aBtbiIQSOjNKU4P0+vIKc0PTOvWK8kMze1uCQxtyC1SC8ExvbLL0llgABGJgYmLwaB3MycnMzi4My85FTXgvzkDB8G3tScxILi1BRfsEwJg4BPVmJZon5OYl66vk9+Xrp1RRGDFNSy5Py84vycVD1nCI1qPENFAZCO41XymQl0Hx/IFD2QKXpgU7qfTDjTr3yfiYHRi4G1LDGnNBVorgBCkV9pblJqUduaqbLcUx50Q00DAeu3AHHzjfryAAAA[0m[INFO] /var/lib/jenkins/workspace/CTC_Demo/gameoflife-build/src/test/stories does not exists.  Skipping easyb testing
[8mha:////4FCOXukRJ1w6I9ys/pA7A0hpNMoIS7d3bgvW7JzMKykOAAAAyx+LCAAAAAAAAP9b85aBtbiIQSOjNKU4P0+vIKc0PTOvWK8kMze1uCQxtyC1SC8ExvbLL0llgABGJgYmLwaB3MycnMzi4My85FTXgvzkDB8G3tScxILi1BRfsEwJg4BPVmJZon5OYl66vk9+Xrp1RRGDFNSy5Py84vycVD1nCI1qPENFAZCO41XymQl0Hx/IFD2QKXpgU7qfTDjTr3yfiYHRi4G1LDGnNBVorgBCkV9pblJqUduaqbLcUx50Q00DAeu3AHHzjfryAAAA[0m[INFO] 
[8mha:////4FCOXukRJ1w6I9ys/pA7A0hpNMoIS7d3bgvW7JzMKykOAAAAyx+LCAAAAAAAAP9b85aBtbiIQSOjNKU4P0+vIKc0PTOvWK8kMze1uCQxtyC1SC8ExvbLL0llgABGJgYmLwaB3MycnMzi4My85FTXgvzkDB8G3tScxILi1BRfsEwJg4BPVmJZon5OYl66vk9+Xrp1RRGDFNSy5Py84vycVD1nCI1qPENFAZCO41XymQl0Hx/IFD2QKXpgU7qfTDjTr3yfiYHRi4G1LDGnNBVorgBCkV9pblJqUduaqbLcUx50Q00DAeu3AHHzjfryAAAA[0m[INFO] --- maven-jar-plugin:2.4:jar (default-jar) @ gameoflife-build ---
[8mha:////4H5qHPBnfLYX5y0w1mo3f7c681+dHkIjJ1ZtrPvGQj2jAAAAyx+LCAAAAAAAAP9b85aBtbiIQSOjNKU4P0+vIKc0PTOvWK8kMze1uCQxtyC1SC8ExvbLL0llgABGJgYmLwaB3MycnMzi4My85FTXgvzkDB8G3tScxILi1BRfsEwJg4BPVmJZon5OYl66vk9+Xrp1RRGDFNSy5Py84vycVD1nCI1qPENFAZCO41XynQ50Hx/IFD2QKXpgU7qfTDjTr3yfiYHRi4G1LDGnNBVorgBCkV9pblJqUduaqbLcUx50Q00DAZvXAHrdthHyAAAA[0m[INFO] Building jar: /var/lib/jenkins/workspace/CTC_Demo/gameoflife-build/target/gameoflife-build-1.0-SNAPSHOT.jar
[8mha:////4H5qHPBnfLYX5y0w1mo3f7c681+dHkIjJ1ZtrPvGQj2jAAAAyx+LCAAAAAAAAP9b85aBtbiIQSOjNKU4P0+vIKc0PTOvWK8kMze1uCQxtyC1SC8ExvbLL0llgABGJgYmLwaB3MycnMzi4My85FTXgvzkDB8G3tScxILi1BRfsEwJg4BPVmJZon5OYl66vk9+Xrp1RRGDFNSy5Py84vycVD1nCI1qPENFAZCO41XynQ50Hx/IFD2QKXpgU7qfTDjTr3yfiYHRi4G1LDGnNBVorgBCkV9pblJqUduaqbLcUx50Q00DAZvXAHrdthHyAAAA[0m[INFO] 
[8mha:////4H5qHPBnfLYX5y0w1mo3f7c681+dHkIjJ1ZtrPvGQj2jAAAAyx+LCAAAAAAAAP9b85aBtbiIQSOjNKU4P0+vIKc0PTOvWK8kMze1uCQxtyC1SC8ExvbLL0llgABGJgYmLwaB3MycnMzi4My85FTXgvzkDB8G3tScxILi1BRfsEwJg4BPVmJZon5OYl66vk9+Xrp1RRGDFNSy5Py84vycVD1nCI1qPENFAZCO41XynQ50Hx/IFD2QKXpgU7qfTDjTr3yfiYHRi4G1LDGnNBVorgBCkV9pblJqUduaqbLcUx50Q00DAZvXAHrdthHyAAAA[0m[INFO] ------------------------------------------------------------------------
[8mha:////4H5qHPBnfLYX5y0w1mo3f7c681+dHkIjJ1ZtrPvGQj2jAAAAyx+LCAAAAAAAAP9b85aBtbiIQSOjNKU4P0+vIKc0PTOvWK8kMze1uCQxtyC1SC8ExvbLL0llgABGJgYmLwaB3MycnMzi4My85FTXgvzkDB8G3tScxILi1BRfsEwJg4BPVmJZon5OYl66vk9+Xrp1RRGDFNSy5Py84vycVD1nCI1qPENFAZCO41XynQ50Hx/IFD2QKXpgU7qfTDjTr3yfiYHRi4G1LDGnNBVorgBCkV9pblJqUduaqbLcUx50Q00DAZvXAHrdthHyAAAA[0m[INFO] Building gameoflife-core 1.0-SNAPSHOT
[8mha:////4H5qHPBnfLYX5y0w1mo3f7c681+dHkIjJ1ZtrPvGQj2jAAAAyx+LCAAAAAAAAP9b85aBtbiIQSOjNKU4P0+vIKc0PTOvWK8kMze1uCQxtyC1SC8ExvbLL0llgABGJgYmLwaB3MycnMzi4My85FTXgvzkDB8G3tScxILi1BRfsEwJg4BPVmJZon5OYl66vk9+Xrp1RRGDFNSy5Py84vycVD1nCI1qPENFAZCO41XynQ50Hx/IFD2QKXpgU7qfTDjTr3yfiYHRi4G1LDGnNBVorgBCkV9pblJqUduaqbLcUx50Q00DAZvXAHrdthHyAAAA[0m[INFO] ------------------------------------------------------------------------
[8mha:////4H5qHPBnfLYX5y0w1mo3f7c681+dHkIjJ1ZtrPvGQj2jAAAAyx+LCAAAAAAAAP9b85aBtbiIQSOjNKU4P0+vIKc0PTOvWK8kMze1uCQxtyC1SC8ExvbLL0llgABGJgYmLwaB3MycnMzi4My85FTXgvzkDB8G3tScxILi1BRfsEwJg4BPVmJZon5OYl66vk9+Xrp1RRGDFNSy5Py84vycVD1nCI1qPENFAZCO41XynQ50Hx/IFD2QKXpgU7qfTDjTr3yfiYHRi4G1LDGnNBVorgBCkV9pblJqUduaqbLcUx50Q00DAZvXAHrdthHyAAAA[0m[INFO] 
[8mha:////4H5qHPBnfLYX5y0w1mo3f7c681+dHkIjJ1ZtrPvGQj2jAAAAyx+LCAAAAAAAAP9b85aBtbiIQSOjNKU4P0+vIKc0PTOvWK8kMze1uCQxtyC1SC8ExvbLL0llgABGJgYmLwaB3MycnMzi4My85FTXgvzkDB8G3tScxILi1BRfsEwJg4BPVmJZon5OYl66vk9+Xrp1RRGDFNSy5Py84vycVD1nCI1qPENFAZCO41XynQ50Hx/IFD2QKXpgU7qfTDjTr3yfiYHRi4G1LDGnNBVorgBCkV9pblJqUduaqbLcUx50Q00DAZvXAHrdthHyAAAA[0m[INFO] --- maven-clean-plugin:2.5:clean (default-clean) @ gameoflife-core ---
[8mha:////4H5qHPBnfLYX5y0w1mo3f7c681+dHkIjJ1ZtrPvGQj2jAAAAyx+LCAAAAAAAAP9b85aBtbiIQSOjNKU4P0+vIKc0PTOvWK8kMze1uCQxtyC1SC8ExvbLL0llgABGJgYmLwaB3MycnMzi4My85FTXgvzkDB8G3tScxILi1BRfsEwJg4BPVmJZon5OYl66vk9+Xrp1RRGDFNSy5Py84vycVD1nCI1qPENFAZCO41XynQ50Hx/IFD2QKXpgU7qfTDjTr3yfiYHRi4G1LDGnNBVorgBCkV9pblJqUduaqbLcUx50Q00DAZvXAHrdthHyAAAA[0m[INFO] Deleting /var/lib/jenkins/workspace/CTC_Demo/gameoflife-core/target
[8mha:////4H5qHPBnfLYX5y0w1mo3f7c681+dHkIjJ1ZtrPvGQj2jAAAAyx+LCAAAAAAAAP9b85aBtbiIQSOjNKU4P0+vIKc0PTOvWK8kMze1uCQxtyC1SC8ExvbLL0llgABGJgYmLwaB3MycnMzi4My85FTXgvzkDB8G3tScxILi1BRfsEwJg4BPVmJZon5OYl66vk9+Xrp1RRGDFNSy5Py84vycVD1nCI1qPENFAZCO41XynQ50Hx/IFD2QKXpgU7qfTDjTr3yfiYHRi4G1LDGnNBVorgBCkV9pblJqUduaqbLcUx50Q00DAZvXAHrdthHyAAAA[0m[INFO] 
[8mha:////4H5qHPBnfLYX5y0w1mo3f7c681+dHkIjJ1ZtrPvGQj2jAAAAyx+LCAAAAAAAAP9b85aBtbiIQSOjNKU4P0+vIKc0PTOvWK8kMze1uCQxtyC1SC8ExvbLL0llgABGJgYmLwaB3MycnMzi4My85FTXgvzkDB8G3tScxILi1BRfsEwJg4BPVmJZon5OYl66vk9+Xrp1RRGDFNSy5Py84vycVD1nCI1qPENFAZCO41XynQ50Hx/IFD2QKXpgU7qfTDjTr3yfiYHRi4G1LDGnNBVorgBCkV9pblJqUduaqbLcUx50Q00DAZvXAHrdthHyAAAA[0m[INFO] --- maven-enforcer-plugin:1.0:enforce (enforce-versions) @ gameoflife-core ---
[8mha:////4H5qHPBnfLYX5y0w1mo3f7c681+dHkIjJ1ZtrPvGQj2jAAAAyx+LCAAAAAAAAP9b85aBtbiIQSOjNKU4P0+vIKc0PTOvWK8kMze1uCQxtyC1SC8ExvbLL0llgABGJgYmLwaB3MycnMzi4My85FTXgvzkDB8G3tScxILi1BRfsEwJg4BPVmJZon5OYl66vk9+Xrp1RRGDFNSy5Py84vycVD1nCI1qPENFAZCO41XynQ50Hx/IFD2QKXpgU7qfTDjTr3yfiYHRi4G1LDGnNBVorgBCkV9pblJqUduaqbLcUx50Q00DAZvXAHrdthHyAAAA[0m[INFO] 
[8mha:////4H5qHPBnfLYX5y0w1mo3f7c681+dHkIjJ1ZtrPvGQj2jAAAAyx+LCAAAAAAAAP9b85aBtbiIQSOjNKU4P0+vIKc0PTOvWK8kMze1uCQxtyC1SC8ExvbLL0llgABGJgYmLwaB3MycnMzi4My85FTXgvzkDB8G3tScxILi1BRfsEwJg4BPVmJZon5OYl66vk9+Xrp1RRGDFNSy5Py84vycVD1nCI1qPENFAZCO41XynQ50Hx/IFD2QKXpgU7qfTDjTr3yfiYHRi4G1LDGnNBVorgBCkV9pblJqUduaqbLcUx50Q00DAZvXAHrdthHyAAAA[0m[INFO] --- maven-resources-plugin:2.6:resources (default-resources) @ gameoflife-core ---
[8mha:////4H5qHPBnfLYX5y0w1mo3f7c681+dHkIjJ1ZtrPvGQj2jAAAAyx+LCAAAAAAAAP9b85aBtbiIQSOjNKU4P0+vIKc0PTOvWK8kMze1uCQxtyC1SC8ExvbLL0llgABGJgYmLwaB3MycnMzi4My85FTXgvzkDB8G3tScxILi1BRfsEwJg4BPVmJZon5OYl66vk9+Xrp1RRGDFNSy5Py84vycVD1nCI1qPENFAZCO41XynQ50Hx/IFD2QKXpgU7qfTDjTr3yfiYHRi4G1LDGnNBVorgBCkV9pblJqUduaqbLcUx50Q00DAZvXAHrdthHyAAAA[0m[INFO] Using 'UTF-8' encoding to copy filtered resources.
[8mha:////4H5qHPBnfLYX5y0w1mo3f7c681+dHkIjJ1ZtrPvGQj2jAAAAyx+LCAAAAAAAAP9b85aBtbiIQSOjNKU4P0+vIKc0PTOvWK8kMze1uCQxtyC1SC8ExvbLL0llgABGJgYmLwaB3MycnMzi4My85FTXgvzkDB8G3tScxILi1BRfsEwJg4BPVmJZon5OYl66vk9+Xrp1RRGDFNSy5Py84vycVD1nCI1qPENFAZCO41XynQ50Hx/IFD2QKXpgU7qfTDjTr3yfiYHRi4G1LDGnNBVorgBCkV9pblJqUduaqbLcUx50Q00DAZvXAHrdthHyAAAA[0m[INFO] skip non existing resourceDirectory /var/lib/jenkins/workspace/CTC_Demo/gameoflife-core/src/main/resources
[8mha:////4H5qHPBnfLYX5y0w1mo3f7c681+dHkIjJ1ZtrPvGQj2jAAAAyx+LCAAAAAAAAP9b85aBtbiIQSOjNKU4P0+vIKc0PTOvWK8kMze1uCQxtyC1SC8ExvbLL0llgABGJgYmLwaB3MycnMzi4My85FTXgvzkDB8G3tScxILi1BRfsEwJg4BPVmJZon5OYl66vk9+Xrp1RRGDFNSy5Py84vycVD1nCI1qPENFAZCO41XynQ50Hx/IFD2QKXpgU7qfTDjTr3yfiYHRi4G1LDGnNBVorgBCkV9pblJqUduaqbLcUx50Q00DAZvXAHrdthHyAAAA[0m[INFO] 
[8mha:////4H5qHPBnfLYX5y0w1mo3f7c681+dHkIjJ1ZtrPvGQj2jAAAAyx+LCAAAAAAAAP9b85aBtbiIQSOjNKU4P0+vIKc0PTOvWK8kMze1uCQxtyC1SC8ExvbLL0llgABGJgYmLwaB3MycnMzi4My85FTXgvzkDB8G3tScxILi1BRfsEwJg4BPVmJZon5OYl66vk9+Xrp1RRGDFNSy5Py84vycVD1nCI1qPENFAZCO41XynQ50Hx/IFD2QKXpgU7qfTDjTr3yfiYHRi4G1LDGnNBVorgBCkV9pblJqUduaqbLcUx50Q00DAZvXAHrdthHyAAAA[0m[INFO] --- jacoco-maven-plugin:0.7.2.201409121644:prepare-agent (jacoco-initialize) @ gameoflife-core ---
[8mha:////4H5qHPBnfLYX5y0w1mo3f7c681+dHkIjJ1ZtrPvGQj2jAAAAyx+LCAAAAAAAAP9b85aBtbiIQSOjNKU4P0+vIKc0PTOvWK8kMze1uCQxtyC1SC8ExvbLL0llgABGJgYmLwaB3MycnMzi4My85FTXgvzkDB8G3tScxILi1BRfsEwJg4BPVmJZon5OYl66vk9+Xrp1RRGDFNSy5Py84vycVD1nCI1qPENFAZCO41XynQ50Hx/IFD2QKXpgU7qfTDjTr3yfiYHRi4G1LDGnNBVorgBCkV9pblJqUduaqbLcUx50Q00DAZvXAHrdthHyAAAA[0m[INFO] argLine set to -javaagent:/var/lib/jenkins/.m2/repository/org/jacoco/org.jacoco.agent/0.7.2.201409121644/org.jacoco.agent-0.7.2.201409121644-runtime.jar=destfile=/var/lib/jenkins/workspace/CTC_Demo/gameoflife-core/target/jacoco.exec
[8mha:////4H5qHPBnfLYX5y0w1mo3f7c681+dHkIjJ1ZtrPvGQj2jAAAAyx+LCAAAAAAAAP9b85aBtbiIQSOjNKU4P0+vIKc0PTOvWK8kMze1uCQxtyC1SC8ExvbLL0llgABGJgYmLwaB3MycnMzi4My85FTXgvzkDB8G3tScxILi1BRfsEwJg4BPVmJZon5OYl66vk9+Xrp1RRGDFNSy5Py84vycVD1nCI1qPENFAZCO41XynQ50Hx/IFD2QKXpgU7qfTDjTr3yfiYHRi4G1LDGnNBVorgBCkV9pblJqUduaqbLcUx50Q00DAZvXAHrdthHyAAAA[0m[INFO] 
[8mha:////4H5qHPBnfLYX5y0w1mo3f7c681+dHkIjJ1ZtrPvGQj2jAAAAyx+LCAAAAAAAAP9b85aBtbiIQSOjNKU4P0+vIKc0PTOvWK8kMze1uCQxtyC1SC8ExvbLL0llgABGJgYmLwaB3MycnMzi4My85FTXgvzkDB8G3tScxILi1BRfsEwJg4BPVmJZon5OYl66vk9+Xrp1RRGDFNSy5Py84vycVD1nCI1qPENFAZCO41XynQ50Hx/IFD2QKXpgU7qfTDjTr3yfiYHRi4G1LDGnNBVorgBCkV9pblJqUduaqbLcUx50Q00DAZvXAHrdthHyAAAA[0m[INFO] --- maven-compiler-plugin:3.1:compile (default-compile) @ gameoflife-core ---
[8mha:////4H5qHPBnfLYX5y0w1mo3f7c681+dHkIjJ1ZtrPvGQj2jAAAAyx+LCAAAAAAAAP9b85aBtbiIQSOjNKU4P0+vIKc0PTOvWK8kMze1uCQxtyC1SC8ExvbLL0llgABGJgYmLwaB3MycnMzi4My85FTXgvzkDB8G3tScxILi1BRfsEwJg4BPVmJZon5OYl66vk9+Xrp1RRGDFNSy5Py84vycVD1nCI1qPENFAZCO41XynQ50Hx/IFD2QKXpgU7qfTDjTr3yfiYHRi4G1LDGnNBVorgBCkV9pblJqUduaqbLcUx50Q00DAZvXAHrdthHyAAAA[0m[INFO] Changes detected - recompiling the module!
[8mha:////4H5qHPBnfLYX5y0w1mo3f7c681+dHkIjJ1ZtrPvGQj2jAAAAyx+LCAAAAAAAAP9b85aBtbiIQSOjNKU4P0+vIKc0PTOvWK8kMze1uCQxtyC1SC8ExvbLL0llgABGJgYmLwaB3MycnMzi4My85FTXgvzkDB8G3tScxILi1BRfsEwJg4BPVmJZon5OYl66vk9+Xrp1RRGDFNSy5Py84vycVD1nCI1qPENFAZCO41XynQ50Hx/IFD2QKXpgU7qfTDjTr3yfiYHRi4G1LDGnNBVorgBCkV9pblJqUduaqbLcUx50Q00DAZvXAHrdthHyAAAA[0m[INFO] Compiling 5 source files to /var/lib/jenkins/workspace/CTC_Demo/gameoflife-core/target/classes
[8mha:////4Gg2M4Al1bQDpYlJGRMB8DRWGtc21rtAUDJnHE0HdpKgAAAAyx+LCAAAAAAAAP9b85aBtbiIQSOjNKU4P0+vIKc0PTOvWK8kMze1uCQxtyC1SC8ExvbLL0llgABGJgYmLwaB3MycnMzi4My85FTXgvzkDB8G3tScxILi1BRfsEwJg4BPVmJZon5OYl66vk9+Xrp1RRGDFNSy5Py84vycVD1nCI1qPENFAZCO41UK+gB0Hx/IFD2QKXpgU7qfTDjTr3yfiYHRi4G1LDGnNBVorgBCkV9pblJqUduaqbLcUx50Q00DAScXAGq/6OLyAAAA[0m[INFO] 
[8mha:////4M8ns3ohmayQ+M547jhSG4IcxYGV4JrFcFyWFIfN68P/AAAAyx+LCAAAAAAAAP9b85aBtbiIQSOjNKU4P0+vIKc0PTOvWK8kMze1uCQxtyC1SC8ExvbLL0llgABGJgYmLwaB3MycnMzi4My85FTXgvzkDB8G3tScxILi1BRfsEwJg4BPVmJZon5OYl66vk9+Xrp1RRGDFNSy5Py84vycVD1nCI1qPENFAZCO41UK+gh0Hx/IFD2QKXpgU7qfTDjTr3yfiYHRi4G1LDGnNBVorgBCkV9pblJqUduaqbLcUx50Q00DASdXAK34Ft7yAAAA[0m[INFO] --- maven-resources-plugin:2.6:testResources (default-testResources) @ gameoflife-core ---
[8mha:////4M8ns3ohmayQ+M547jhSG4IcxYGV4JrFcFyWFIfN68P/AAAAyx+LCAAAAAAAAP9b85aBtbiIQSOjNKU4P0+vIKc0PTOvWK8kMze1uCQxtyC1SC8ExvbLL0llgABGJgYmLwaB3MycnMzi4My85FTXgvzkDB8G3tScxILi1BRfsEwJg4BPVmJZon5OYl66vk9+Xrp1RRGDFNSy5Py84vycVD1nCI1qPENFAZCO41UK+gh0Hx/IFD2QKXpgU7qfTDjTr3yfiYHRi4G1LDGnNBVorgBCkV9pblJqUduaqbLcUx50Q00DASdXAK34Ft7yAAAA[0m[INFO] Using 'UTF-8' encoding to copy filtered resources.
[8mha:////4M8ns3ohmayQ+M547jhSG4IcxYGV4JrFcFyWFIfN68P/AAAAyx+LCAAAAAAAAP9b85aBtbiIQSOjNKU4P0+vIKc0PTOvWK8kMze1uCQxtyC1SC8ExvbLL0llgABGJgYmLwaB3MycnMzi4My85FTXgvzkDB8G3tScxILi1BRfsEwJg4BPVmJZon5OYl66vk9+Xrp1RRGDFNSy5Py84vycVD1nCI1qPENFAZCO41UK+gh0Hx/IFD2QKXpgU7qfTDjTr3yfiYHRi4G1LDGnNBVorgBCkV9pblJqUduaqbLcUx50Q00DASdXAK34Ft7yAAAA[0m[INFO] skip non existing resourceDirectory /var/lib/jenkins/workspace/CTC_Demo/gameoflife-core/src/test/resources
[8mha:////4M8ns3ohmayQ+M547jhSG4IcxYGV4JrFcFyWFIfN68P/AAAAyx+LCAAAAAAAAP9b85aBtbiIQSOjNKU4P0+vIKc0PTOvWK8kMze1uCQxtyC1SC8ExvbLL0llgABGJgYmLwaB3MycnMzi4My85FTXgvzkDB8G3tScxILi1BRfsEwJg4BPVmJZon5OYl66vk9+Xrp1RRGDFNSy5Py84vycVD1nCI1qPENFAZCO41UK+gh0Hx/IFD2QKXpgU7qfTDjTr3yfiYHRi4G1LDGnNBVorgBCkV9pblJqUduaqbLcUx50Q00DASdXAK34Ft7yAAAA[0m[INFO] 
[8mha:////4M8ns3ohmayQ+M547jhSG4IcxYGV4JrFcFyWFIfN68P/AAAAyx+LCAAAAAAAAP9b85aBtbiIQSOjNKU4P0+vIKc0PTOvWK8kMze1uCQxtyC1SC8ExvbLL0llgABGJgYmLwaB3MycnMzi4My85FTXgvzkDB8G3tScxILi1BRfsEwJg4BPVmJZon5OYl66vk9+Xrp1RRGDFNSy5Py84vycVD1nCI1qPENFAZCO41UK+gh0Hx/IFD2QKXpgU7qfTDjTr3yfiYHRi4G1LDGnNBVorgBCkV9pblJqUduaqbLcUx50Q00DASdXAK34Ft7yAAAA[0m[INFO] --- maven-compiler-plugin:3.1:testCompile (default-testCompile) @ gameoflife-core ---
[8mha:////4M8ns3ohmayQ+M547jhSG4IcxYGV4JrFcFyWFIfN68P/AAAAyx+LCAAAAAAAAP9b85aBtbiIQSOjNKU4P0+vIKc0PTOvWK8kMze1uCQxtyC1SC8ExvbLL0llgABGJgYmLwaB3MycnMzi4My85FTXgvzkDB8G3tScxILi1BRfsEwJg4BPVmJZon5OYl66vk9+Xrp1RRGDFNSy5Py84vycVD1nCI1qPENFAZCO41UK+gh0Hx/IFD2QKXpgU7qfTDjTr3yfiYHRi4G1LDGnNBVorgBCkV9pblJqUduaqbLcUx50Q00DASdXAK34Ft7yAAAA[0m[INFO] Changes detected - recompiling the module!
[8mha:////4M8ns3ohmayQ+M547jhSG4IcxYGV4JrFcFyWFIfN68P/AAAAyx+LCAAAAAAAAP9b85aBtbiIQSOjNKU4P0+vIKc0PTOvWK8kMze1uCQxtyC1SC8ExvbLL0llgABGJgYmLwaB3MycnMzi4My85FTXgvzkDB8G3tScxILi1BRfsEwJg4BPVmJZon5OYl66vk9+Xrp1RRGDFNSy5Py84vycVD1nCI1qPENFAZCO41UK+gh0Hx/IFD2QKXpgU7qfTDjTr3yfiYHRi4G1LDGnNBVorgBCkV9pblJqUduaqbLcUx50Q00DASdXAK34Ft7yAAAA[0m[INFO] Compiling 10 source files to /var/lib/jenkins/workspace/CTC_Demo/gameoflife-core/target/test-classes
[8mha:////4IFXrpHpIP/CO5jONbMcexR7+2q6Mi65zCDAUNUAhbuOAAAAyx+LCAAAAAAAAP9b85aBtbiIQSOjNKU4P0+vIKc0PTOvWK8kMze1uCQxtyC1SC8ExvbLL0llgABGJgYmLwaB3MycnMzi4My85FTXgvzkDB8G3tScxILi1BRfsEwJg4BPVmJZon5OYl66vk9+Xrp1RRGDFNSy5Py84vycVD1nCI1qPENFAZCO41UKlQK6jw9kih7IFD2wKd1PJpzpV77PxMDoxcBalphTmgo0VwChyK80Nym1qG3NVFnuKQ+6oaaBgEseAL8K6o3yAAAA[0m[INFO] 
[8mha:////4IFXrpHpIP/CO5jONbMcexR7+2q6Mi65zCDAUNUAhbuOAAAAyx+LCAAAAAAAAP9b85aBtbiIQSOjNKU4P0+vIKc0PTOvWK8kMze1uCQxtyC1SC8ExvbLL0llgABGJgYmLwaB3MycnMzi4My85FTXgvzkDB8G3tScxILi1BRfsEwJg4BPVmJZon5OYl66vk9+Xrp1RRGDFNSy5Py84vycVD1nCI1qPENFAZCO41UKlQK6jw9kih7IFD2wKd1PJpzpV77PxMDoxcBalphTmgo0VwChyK80Nym1qG3NVFnuKQ+6oaaBgEseAL8K6o3yAAAA[0m[INFO] --- maven-surefire-plugin:2.11:test (default-test) @ gameoflife-core ---
[8mha:////4IFXrpHpIP/CO5jONbMcexR7+2q6Mi65zCDAUNUAhbuOAAAAyx+LCAAAAAAAAP9b85aBtbiIQSOjNKU4P0+vIKc0PTOvWK8kMze1uCQxtyC1SC8ExvbLL0llgABGJgYmLwaB3MycnMzi4My85FTXgvzkDB8G3tScxILi1BRfsEwJg4BPVmJZon5OYl66vk9+Xrp1RRGDFNSy5Py84vycVD1nCI1qPENFAZCO41UKlQK6jw9kih7IFD2wKd1PJpzpV77PxMDoxcBalphTmgo0VwChyK80Nym1qG3NVFnuKQ+6oaaBgEseAL8K6o3yAAAA[0m[INFO] Tests are skipped.
[8mha:////4IFXrpHpIP/CO5jONbMcexR7+2q6Mi65zCDAUNUAhbuOAAAAyx+LCAAAAAAAAP9b85aBtbiIQSOjNKU4P0+vIKc0PTOvWK8kMze1uCQxtyC1SC8ExvbLL0llgABGJgYmLwaB3MycnMzi4My85FTXgvzkDB8G3tScxILi1BRfsEwJg4BPVmJZon5OYl66vk9+Xrp1RRGDFNSy5Py84vycVD1nCI1qPENFAZCO41UKlQK6jw9kih7IFD2wKd1PJpzpV77PxMDoxcBalphTmgo0VwChyK80Nym1qG3NVFnuKQ+6oaaBgEseAL8K6o3yAAAA[0m[INFO] 
[8mha:////4IFXrpHpIP/CO5jONbMcexR7+2q6Mi65zCDAUNUAhbuOAAAAyx+LCAAAAAAAAP9b85aBtbiIQSOjNKU4P0+vIKc0PTOvWK8kMze1uCQxtyC1SC8ExvbLL0llgABGJgYmLwaB3MycnMzi4My85FTXgvzkDB8G3tScxILi1BRfsEwJg4BPVmJZon5OYl66vk9+Xrp1RRGDFNSy5Py84vycVD1nCI1qPENFAZCO41UKlQK6jw9kih7IFD2wKd1PJpzpV77PxMDoxcBalphTmgo0VwChyK80Nym1qG3NVFnuKQ+6oaaBgEseAL8K6o3yAAAA[0m[INFO] --- maven-surefire-plugin:2.11:test (unit-tests) @ gameoflife-core ---
[8mha:////4IFXrpHpIP/CO5jONbMcexR7+2q6Mi65zCDAUNUAhbuOAAAAyx+LCAAAAAAAAP9b85aBtbiIQSOjNKU4P0+vIKc0PTOvWK8kMze1uCQxtyC1SC8ExvbLL0llgABGJgYmLwaB3MycnMzi4My85FTXgvzkDB8G3tScxILi1BRfsEwJg4BPVmJZon5OYl66vk9+Xrp1RRGDFNSy5Py84vycVD1nCI1qPENFAZCO41UKlQK6jw9kih7IFD2wKd1PJpzpV77PxMDoxcBalphTmgo0VwChyK80Nym1qG3NVFnuKQ+6oaaBgEseAL8K6o3yAAAA[0m[INFO] Surefire report directory: /var/lib/jenkins/workspace/CTC_Demo/gameoflife-core/target/surefire-reports
[8mha:////4IFXrpHpIP/CO5jONbMcexR7+2q6Mi65zCDAUNUAhbuOAAAAyx+LCAAAAAAAAP9b85aBtbiIQSOjNKU4P0+vIKc0PTOvWK8kMze1uCQxtyC1SC8ExvbLL0llgABGJgYmLwaB3MycnMzi4My85FTXgvzkDB8G3tScxILi1BRfsEwJg4BPVmJZon5OYl66vk9+Xrp1RRGDFNSy5Py84vycVD1nCI1qPENFAZCO41UKlQK6jw9kih7IFD2wKd1PJpzpV77PxMDoxcBalphTmgo0VwChyK80Nym1qG3NVFnuKQ+6oaaBgEseAL8K6o3yAAAA[0m
[8mha:////4IFXrpHpIP/CO5jONbMcexR7+2q6Mi65zCDAUNUAhbuOAAAAyx+LCAAAAAAAAP9b85aBtbiIQSOjNKU4P0+vIKc0PTOvWK8kMze1uCQxtyC1SC8ExvbLL0llgABGJgYmLwaB3MycnMzi4My85FTXgvzkDB8G3tScxILi1BRfsEwJg4BPVmJZon5OYl66vk9+Xrp1RRGDFNSy5Py84vycVD1nCI1qPENFAZCO41UKlQK6jw9kih7IFD2wKd1PJpzpV77PxMDoxcBalphTmgo0VwChyK80Nym1qG3NVFnuKQ+6oaaBgEseAL8K6o3yAAAA[0m-------------------------------------------------------
[8mha:////4IFXrpHpIP/CO5jONbMcexR7+2q6Mi65zCDAUNUAhbuOAAAAyx+LCAAAAAAAAP9b85aBtbiIQSOjNKU4P0+vIKc0PTOvWK8kMze1uCQxtyC1SC8ExvbLL0llgABGJgYmLwaB3MycnMzi4My85FTXgvzkDB8G3tScxILi1BRfsEwJg4BPVmJZon5OYl66vk9+Xrp1RRGDFNSy5Py84vycVD1nCI1qPENFAZCO41UKlQK6jw9kih7IFD2wKd1PJpzpV77PxMDoxcBalphTmgo0VwChyK80Nym1qG3NVFnuKQ+6oaaBgEseAL8K6o3yAAAA[0m T E S T S
[8mha:////4IFXrpHpIP/CO5jONbMcexR7+2q6Mi65zCDAUNUAhbuOAAAAyx+LCAAAAAAAAP9b85aBtbiIQSOjNKU4P0+vIKc0PTOvWK8kMze1uCQxtyC1SC8ExvbLL0llgABGJgYmLwaB3MycnMzi4My85FTXgvzkDB8G3tScxILi1BRfsEwJg4BPVmJZon5OYl66vk9+Xrp1RRGDFNSy5Py84vycVD1nCI1qPENFAZCO41UKlQK6jw9kih7IFD2wKd1PJpzpV77PxMDoxcBalphTmgo0VwChyK80Nym1qG3NVFnuKQ+6oaaBgEseAL8K6o3yAAAA[0m-------------------------------------------------------
[8mha:////4FM1Il36RdQbVV/dwfi6ChgSgWt+d9dYgk/GPlEc9LzFAAAAyx+LCAAAAAAAAP9b85aBtbiIQSOjNKU4P0+vIKc0PTOvWK8kMze1uCQxtyC1SC8ExvbLL0llgABGJgYmLwaB3MycnMzi4My85FTXgvzkDB8G3tScxILi1BRfsEwJg4BPVmJZon5OYl66vk9+Xrp1RRGDFNSy5Py84vycVD1nCI1qPENFAZCO41WKSgK6jw9kih7IFD2wKd1PJpzpV77PxMDoxcBalphTmgo0VwChyK80Nym1qG3NVFnuKQ+6oaaBgOc2AD+zudPyAAAA[0mRunning com.wakaleo.gameoflife.domain.WhenYouReadAGridFromAString
[8mha:////4K525CJ/gIcwJJbmAir0nqKqWCiu+0ExGkV2JkXYsx3vAAAAyx+LCAAAAAAAAP9b85aBtbiIQSOjNKU4P0+vIKc0PTOvWK8kMze1uCQxtyC1SC8ExvbLL0llgABGJgYmLwaB3MycnMzi4My85FTXgvzkDB8G3tScxILi1BRfsEwJg4BPVmJZon5OYl66vk9+Xrp1RRGDFNSy5Py84vycVD1nCI1qPENFAZCO41WKTgG6jw9kih7IFD2wKd1PJpzpV77PxMDoxcBalphTmgo0VwChyK80Nym1qG3NVFnuKQ+6oaaBgNcOAElgbWDyAAAA[0mTests run: 8, Failures: 0, Errors: 0, Skipped: 0, Time elapsed: 0.176 sec
[8mha:////4K525CJ/gIcwJJbmAir0nqKqWCiu+0ExGkV2JkXYsx3vAAAAyx+LCAAAAAAAAP9b85aBtbiIQSOjNKU4P0+vIKc0PTOvWK8kMze1uCQxtyC1SC8ExvbLL0llgABGJgYmLwaB3MycnMzi4My85FTXgvzkDB8G3tScxILi1BRfsEwJg4BPVmJZon5OYl66vk9+Xrp1RRGDFNSy5Py84vycVD1nCI1qPENFAZCO41WKTgG6jw9kih7IFD2wKd1PJpzpV77PxMDoxcBalphTmgo0VwChyK80Nym1qG3NVFnuKQ+6oaaBgNcOAElgbWDyAAAA[0mRunning com.wakaleo.gameoflife.domain.WhenYouCreateAGrid
[8mha:////4K525CJ/gIcwJJbmAir0nqKqWCiu+0ExGkV2JkXYsx3vAAAAyx+LCAAAAAAAAP9b85aBtbiIQSOjNKU4P0+vIKc0PTOvWK8kMze1uCQxtyC1SC8ExvbLL0llgABGJgYmLwaB3MycnMzi4My85FTXgvzkDB8G3tScxILi1BRfsEwJg4BPVmJZon5OYl66vk9+Xrp1RRGDFNSy5Py84vycVD1nCI1qPENFAZCO41WKTgG6jw9kih7IFD2wKd1PJpzpV77PxMDoxcBalphTmgo0VwChyK80Nym1qG3NVFnuKQ+6oaaBgNcOAElgbWDyAAAA[0mTests run: 16, Failures: 0, Errors: 0, Skipped: 0, Time elapsed: 0.036 sec
[8mha:////4K525CJ/gIcwJJbmAir0nqKqWCiu+0ExGkV2JkXYsx3vAAAAyx+LCAAAAAAAAP9b85aBtbiIQSOjNKU4P0+vIKc0PTOvWK8kMze1uCQxtyC1SC8ExvbLL0llgABGJgYmLwaB3MycnMzi4My85FTXgvzkDB8G3tScxILi1BRfsEwJg4BPVmJZon5OYl66vk9+Xrp1RRGDFNSy5Py84vycVD1nCI1qPENFAZCO41WKTgG6jw9kih7IFD2wKd1PJpzpV77PxMDoxcBalphTmgo0VwChyK80Nym1qG3NVFnuKQ+6oaaBgNcOAElgbWDyAAAA[0mRunning com.wakaleo.gameoflife.domain.WhenYouPrintAGrid
[8mha:////4K525CJ/gIcwJJbmAir0nqKqWCiu+0ExGkV2JkXYsx3vAAAAyx+LCAAAAAAAAP9b85aBtbiIQSOjNKU4P0+vIKc0PTOvWK8kMze1uCQxtyC1SC8ExvbLL0llgABGJgYmLwaB3MycnMzi4My85FTXgvzkDB8G3tScxILi1BRfsEwJg4BPVmJZon5OYl66vk9+Xrp1RRGDFNSy5Py84vycVD1nCI1qPENFAZCO41WKTgG6jw9kih7IFD2wKd1PJpzpV77PxMDoxcBalphTmgo0VwChyK80Nym1qG3NVFnuKQ+6oaaBgNcOAElgbWDyAAAA[0mTests run: 3, Failures: 0, Errors: 0, Skipped: 0, Time elapsed: 0 sec
[8mha:////4K525CJ/gIcwJJbmAir0nqKqWCiu+0ExGkV2JkXYsx3vAAAAyx+LCAAAAAAAAP9b85aBtbiIQSOjNKU4P0+vIKc0PTOvWK8kMze1uCQxtyC1SC8ExvbLL0llgABGJgYmLwaB3MycnMzi4My85FTXgvzkDB8G3tScxILi1BRfsEwJg4BPVmJZon5OYl66vk9+Xrp1RRGDFNSy5Py84vycVD1nCI1qPENFAZCO41WKTgG6jw9kih7IFD2wKd1PJpzpV77PxMDoxcBalphTmgo0VwChyK80Nym1qG3NVFnuKQ+6oaaBgNcOAElgbWDyAAAA[0mRunning com.wakaleo.gameoflife.domain.WhenYouCreateACell
[8mha:////4K525CJ/gIcwJJbmAir0nqKqWCiu+0ExGkV2JkXYsx3vAAAAyx+LCAAAAAAAAP9b85aBtbiIQSOjNKU4P0+vIKc0PTOvWK8kMze1uCQxtyC1SC8ExvbLL0llgABGJgYmLwaB3MycnMzi4My85FTXgvzkDB8G3tScxILi1BRfsEwJg4BPVmJZon5OYl66vk9+Xrp1RRGDFNSy5Py84vycVD1nCI1qPENFAZCO41WKTgG6jw9kih7IFD2wKd1PJpzpV77PxMDoxcBalphTmgo0VwChyK80Nym1qG3NVFnuKQ+6oaaBgNcOAElgbWDyAAAA[0mTests run: 6, Failures: 0, Errors: 0, Skipped: 0, Time elapsed: 0 sec
[8mha:////4K525CJ/gIcwJJbmAir0nqKqWCiu+0ExGkV2JkXYsx3vAAAAyx+LCAAAAAAAAP9b85aBtbiIQSOjNKU4P0+vIKc0PTOvWK8kMze1uCQxtyC1SC8ExvbLL0llgABGJgYmLwaB3MycnMzi4My85FTXgvzkDB8G3tScxILi1BRfsEwJg4BPVmJZon5OYl66vk9+Xrp1RRGDFNSy5Py84vycVD1nCI1qPENFAZCO41WKTgG6jw9kih7IFD2wKd1PJpzpV77PxMDoxcBalphTmgo0VwChyK80Nym1qG3NVFnuKQ+6oaaBgNcOAElgbWDyAAAA[0mRunning com.wakaleo.gameoflife.domain.WhenYouPlayTheGameOfLife
[8mha:////4K525CJ/gIcwJJbmAir0nqKqWCiu+0ExGkV2JkXYsx3vAAAAyx+LCAAAAAAAAP9b85aBtbiIQSOjNKU4P0+vIKc0PTOvWK8kMze1uCQxtyC1SC8ExvbLL0llgABGJgYmLwaB3MycnMzi4My85FTXgvzkDB8G3tScxILi1BRfsEwJg4BPVmJZon5OYl66vk9+Xrp1RRGDFNSy5Py84vycVD1nCI1qPENFAZCO41WKTgG6jw9kih7IFD2wKd1PJpzpV77PxMDoxcBalphTmgo0VwChyK80Nym1qG3NVFnuKQ+6oaaBgNcOAElgbWDyAAAA[0mTests run: 5, Failures: 0, Errors: 0, Skipped: 0, Time elapsed: 0.021 sec
[8mha:////4K525CJ/gIcwJJbmAir0nqKqWCiu+0ExGkV2JkXYsx3vAAAAyx+LCAAAAAAAAP9b85aBtbiIQSOjNKU4P0+vIKc0PTOvWK8kMze1uCQxtyC1SC8ExvbLL0llgABGJgYmLwaB3MycnMzi4My85FTXgvzkDB8G3tScxILi1BRfsEwJg4BPVmJZon5OYl66vk9+Xrp1RRGDFNSy5Py84vycVD1nCI1qPENFAZCO41WKTgG6jw9kih7IFD2wKd1PJpzpV77PxMDoxcBalphTmgo0VwChyK80Nym1qG3NVFnuKQ+6oaaBgNcOAElgbWDyAAAA[0mRunning com.wakaleo.gameoflife.domain.WhenYouCreateANewUniverse
[8mha:////4K525CJ/gIcwJJbmAir0nqKqWCiu+0ExGkV2JkXYsx3vAAAAyx+LCAAAAAAAAP9b85aBtbiIQSOjNKU4P0+vIKc0PTOvWK8kMze1uCQxtyC1SC8ExvbLL0llgABGJgYmLwaB3MycnMzi4My85FTXgvzkDB8G3tScxILi1BRfsEwJg4BPVmJZon5OYl66vk9+Xrp1RRGDFNSy5Py84vycVD1nCI1qPENFAZCO41WKTgG6jw9kih7IFD2wKd1PJpzpV77PxMDoxcBalphTmgo0VwChyK80Nym1qG3NVFnuKQ+6oaaBgNcOAElgbWDyAAAA[0mTests run: 11, Failures: 0, Errors: 0, Skipped: 0, Time elapsed: 0.018 sec
[8mha:////4K525CJ/gIcwJJbmAir0nqKqWCiu+0ExGkV2JkXYsx3vAAAAyx+LCAAAAAAAAP9b85aBtbiIQSOjNKU4P0+vIKc0PTOvWK8kMze1uCQxtyC1SC8ExvbLL0llgABGJgYmLwaB3MycnMzi4My85FTXgvzkDB8G3tScxILi1BRfsEwJg4BPVmJZon5OYl66vk9+Xrp1RRGDFNSy5Py84vycVD1nCI1qPENFAZCO41WKTgG6jw9kih7IFD2wKd1PJpzpV77PxMDoxcBalphTmgo0VwChyK80Nym1qG3NVFnuKQ+6oaaBgNcOAElgbWDyAAAA[0m
[8mha:////4K525CJ/gIcwJJbmAir0nqKqWCiu+0ExGkV2JkXYsx3vAAAAyx+LCAAAAAAAAP9b85aBtbiIQSOjNKU4P0+vIKc0PTOvWK8kMze1uCQxtyC1SC8ExvbLL0llgABGJgYmLwaB3MycnMzi4My85FTXgvzkDB8G3tScxILi1BRfsEwJg4BPVmJZon5OYl66vk9+Xrp1RRGDFNSy5Py84vycVD1nCI1qPENFAZCO41WKTgG6jw9kih7IFD2wKd1PJpzpV77PxMDoxcBalphTmgo0VwChyK80Nym1qG3NVFnuKQ+6oaaBgNcOAElgbWDyAAAA[0mResults :
[8mha:////4K525CJ/gIcwJJbmAir0nqKqWCiu+0ExGkV2JkXYsx3vAAAAyx+LCAAAAAAAAP9b85aBtbiIQSOjNKU4P0+vIKc0PTOvWK8kMze1uCQxtyC1SC8ExvbLL0llgABGJgYmLwaB3MycnMzi4My85FTXgvzkDB8G3tScxILi1BRfsEwJg4BPVmJZon5OYl66vk9+Xrp1RRGDFNSy5Py84vycVD1nCI1qPENFAZCO41WKTgG6jw9kih7IFD2wKd1PJpzpV77PxMDoxcBalphTmgo0VwChyK80Nym1qG3NVFnuKQ+6oaaBgNcOAElgbWDyAAAA[0m
[8mha:////4K525CJ/gIcwJJbmAir0nqKqWCiu+0ExGkV2JkXYsx3vAAAAyx+LCAAAAAAAAP9b85aBtbiIQSOjNKU4P0+vIKc0PTOvWK8kMze1uCQxtyC1SC8ExvbLL0llgABGJgYmLwaB3MycnMzi4My85FTXgvzkDB8G3tScxILi1BRfsEwJg4BPVmJZon5OYl66vk9+Xrp1RRGDFNSy5Py84vycVD1nCI1qPENFAZCO41WKTgG6jw9kih7IFD2wKd1PJpzpV77PxMDoxcBalphTmgo0VwChyK80Nym1qG3NVFnuKQ+6oaaBgNcOAElgbWDyAAAA[0mTests run: 49, Failures: 0, Errors: 0, Skipped: 0
[8mha:////4K525CJ/gIcwJJbmAir0nqKqWCiu+0ExGkV2JkXYsx3vAAAAyx+LCAAAAAAAAP9b85aBtbiIQSOjNKU4P0+vIKc0PTOvWK8kMze1uCQxtyC1SC8ExvbLL0llgABGJgYmLwaB3MycnMzi4My85FTXgvzkDB8G3tScxILi1BRfsEwJg4BPVmJZon5OYl66vk9+Xrp1RRGDFNSy5Py84vycVD1nCI1qPENFAZCO41WKTgG6jw9kih7IFD2wKd1PJpzpV77PxMDoxcBalphTmgo0VwChyK80Nym1qG3NVFnuKQ+6oaaBgNcOAElgbWDyAAAA[0m
[8mha:////4K525CJ/gIcwJJbmAir0nqKqWCiu+0ExGkV2JkXYsx3vAAAAyx+LCAAAAAAAAP9b85aBtbiIQSOjNKU4P0+vIKc0PTOvWK8kMze1uCQxtyC1SC8ExvbLL0llgABGJgYmLwaB3MycnMzi4My85FTXgvzkDB8G3tScxILi1BRfsEwJg4BPVmJZon5OYl66vk9+Xrp1RRGDFNSy5Py84vycVD1nCI1qPENFAZCO41WKTgG6jw9kih7IFD2wKd1PJpzpV77PxMDoxcBalphTmgo0VwChyK80Nym1qG3NVFnuKQ+6oaaBgNcOAElgbWDyAAAA[0m[INFO] 
[8mha:////4K525CJ/gIcwJJbmAir0nqKqWCiu+0ExGkV2JkXYsx3vAAAAyx+LCAAAAAAAAP9b85aBtbiIQSOjNKU4P0+vIKc0PTOvWK8kMze1uCQxtyC1SC8ExvbLL0llgABGJgYmLwaB3MycnMzi4My85FTXgvzkDB8G3tScxILi1BRfsEwJg4BPVmJZon5OYl66vk9+Xrp1RRGDFNSy5Py84vycVD1nCI1qPENFAZCO41WKTgG6jw9kih7IFD2wKd1PJpzpV77PxMDoxcBalphTmgo0VwChyK80Nym1qG3NVFnuKQ+6oaaBgNcOAElgbWDyAAAA[0m[INFO] --- maven-easyb-plugin:1.4:test (default) @ gameoflife-core ---
[8mha:////4KjbmqJJf1XQF17O7vLub8i3uFNS5PNk1PYoBhT2P8ZiAAAAyx+LCAAAAAAAAP9b85aBtbiIQSOjNKU4P0+vIKc0PTOvWK8kMze1uCQxtyC1SC8ExvbLL0llgABGJgYmLwaB3MycnMzi4My85FTXgvzkDB8G3tScxILi1BRfsEwJg4BPVmJZon5OYl66vk9+Xrp1RRGDFNSy5Py84vycVD1nCI1qPENFAZCO41WKSQS6jw9kih7IFD2wKd1PJpzpV77PxMDoxcBalphTmgo0VwChyK80Nym1qG3NVFnuKQ+6oaaBgPdWAIpJXOzyAAAA[0m[INFO] Using easyb dependency org.easyb:easyb-core:jar:1.6:compile
[8mha:////4OkO0CLheSbQ8/68eF7SGkPTQSs5Vj1CNh7MAs9xYHaZAAAAyx+LCAAAAAAAAP9b85aBtbiIQSOjNKU4P0+vIKc0PTOvWK8kMze1uCQxtyC1SC8ExvbLL0llgABGJgYmLwaB3MycnMzi4My85FTXgvzkDB8G3tScxILi1BRfsEwJg4BPVmJZon5OYl66vk9+Xrp1RRGDFNSy5Py84vycVD1nCI1qPENFAZCO41WKSQK6jw9kih7IFD2wKd1PJpzpV77PxMDoxcBalphTmgo0VwChyK80Nym1qG3NVFnuKQ+6oaaBgPc2AMOBXqnyAAAA[0m[INFO] Using easyb dependency org.easyb:easyb-composite-groovy:pom:1.2:compile
[8mha:////4OkO0CLheSbQ8/68eF7SGkPTQSs5Vj1CNh7MAs9xYHaZAAAAyx+LCAAAAAAAAP9b85aBtbiIQSOjNKU4P0+vIKc0PTOvWK8kMze1uCQxtyC1SC8ExvbLL0llgABGJgYmLwaB3MycnMzi4My85FTXgvzkDB8G3tScxILi1BRfsEwJg4BPVmJZon5OYl66vk9+Xrp1RRGDFNSy5Py84vycVD1nCI1qPENFAZCO41WKSQK6jw9kih7IFD2wKd1PJpzpV77PxMDoxcBalphTmgo0VwChyK80Nym1qG3NVFnuKQ+6oaaBgPc2AMOBXqnyAAAA[0m[INFO] Using easyb dependency org.codehaus.groovy:groovy-all:jar:2.3.6:compile
[8mha:////4OkO0CLheSbQ8/68eF7SGkPTQSs5Vj1CNh7MAs9xYHaZAAAAyx+LCAAAAAAAAP9b85aBtbiIQSOjNKU4P0+vIKc0PTOvWK8kMze1uCQxtyC1SC8ExvbLL0llgABGJgYmLwaB3MycnMzi4My85FTXgvzkDB8G3tScxILi1BRfsEwJg4BPVmJZon5OYl66vk9+Xrp1RRGDFNSy5Py84vycVD1nCI1qPENFAZCO41WKSQK6jw9kih7IFD2wKd1PJpzpV77PxMDoxcBalphTmgo0VwChyK80Nym1qG3NVFnuKQ+6oaaBgPc2AMOBXqnyAAAA[0m[INFO] Using easyb dependency org.easyb:easyb-ast:jar:1.1:compile
[8mha:////4OkO0CLheSbQ8/68eF7SGkPTQSs5Vj1CNh7MAs9xYHaZAAAAyx+LCAAAAAAAAP9b85aBtbiIQSOjNKU4P0+vIKc0PTOvWK8kMze1uCQxtyC1SC8ExvbLL0llgABGJgYmLwaB3MycnMzi4My85FTXgvzkDB8G3tScxILi1BRfsEwJg4BPVmJZon5OYl66vk9+Xrp1RRGDFNSy5Py84vycVD1nCI1qPENFAZCO41WKSQK6jw9kih7IFD2wKd1PJpzpV77PxMDoxcBalphTmgo0VwChyK80Nym1qG3NVFnuKQ+6oaaBgPc2AMOBXqnyAAAA[0m[INFO] Using easyb dependency commons-cli:commons-cli:jar:1.2:compile
[8mha:////4OkO0CLheSbQ8/68eF7SGkPTQSs5Vj1CNh7MAs9xYHaZAAAAyx+LCAAAAAAAAP9b85aBtbiIQSOjNKU4P0+vIKc0PTOvWK8kMze1uCQxtyC1SC8ExvbLL0llgABGJgYmLwaB3MycnMzi4My85FTXgvzkDB8G3tScxILi1BRfsEwJg4BPVmJZon5OYl66vk9+Xrp1RRGDFNSy5Py84vycVD1nCI1qPENFAZCO41WKSQK6jw9kih7IFD2wKd1PJpzpV77PxMDoxcBalphTmgo0VwChyK80Nym1qG3NVFnuKQ+6oaaBgPc2AMOBXqnyAAAA[0m[INFO] Using easyb dependency commons-lang:commons-lang:jar:2.5:compile
[8mha:////4H2eO/R54qip6gyNq0oTuvPa+7QTcTyIkCLXgpfsxiFSAAAAyx+LCAAAAAAAAP9b85aBtbiIQSOjNKU4P0+vIKc0PTOvWK8kMze1uCQxtyC1SC8ExvbLL0llgABGJgYmLwaB3MycnMzi4My85FTXgvzkDB8G3tScxILi1BRfsEwJg4BPVmJZon5OYl66vk9+Xrp1RRGDFNSy5Py84vycVD1nCI1qPENFAZCO41VKXAV0Hx/IFD2QKXpgU7qfTDjTr3yfiYHRi4G1LDGnNBVorgBCkV9pblJqUduaqbLcUx50Q00DgYB/AEEOdjbyAAAA[0m     [java] Running counting things story (/var/lib/jenkins/workspace/CTC_Demo/gameoflife-core/src/test/stories/CountingThings.story)
[8mha:////4KekNhcumYOwxjzHg24xTR9yQJtj3p9I4a/pEvMt8fAXAAAAyx+LCAAAAAAAAP9b85aBtbiIQSOjNKU4P0+vIKc0PTOvWK8kMze1uCQxtyC1SC8ExvbLL0llgABGJgYmLwaB3MycnMzi4My85FTXgvzkDB8G3tScxILi1BRfsEwJg4BPVmJZon5OYl66vk9+Xrp1RRGDFNSy5Py84vycVD1nCI1qPENFAZCO41VK+wV0Hx/IFD2QKXpgU7qfTDjTr3yfiYHRi4G1LDGnNBVorgBCkV9pblJqUduaqbLcUx50Q00DgTA/AK82vtLyAAAA[0m     [java] Scenarios run: 1, Failures: 0, Pending: 0, Time elapsed: 1.128 sec
[8mha:////4Lkr1UGVERP4xWStjithqKeAKUl3Si+g77qC5XeuLmrmAAAAyx+LCAAAAAAAAP9b85aBtbiIQSOjNKU4P0+vIKc0PTOvWK8kMze1uCQxtyC1SC8ExvbLL0llgABGJgYmLwaB3MycnMzi4My85FTXgvzkDB8G3tScxILi1BRfsEwJg4BPVmJZon5OYl66vk9+Xrp1RRGDFNSy5Py84vycVD1nCI1qPENFAZCO41VK+w10Hx/IFD2QKXpgU7qfTDjTr3yfiYHRi4G1LDGnNBVorgBCkV9pblJqUduaqbLcUx50Q00DgTB/AGhxQO7yAAAA[0m     [java] Running multiplying things story (/var/lib/jenkins/workspace/CTC_Demo/gameoflife-core/src/test/stories/MultiplyingThings.story)
[8mha:////4Lkr1UGVERP4xWStjithqKeAKUl3Si+g77qC5XeuLmrmAAAAyx+LCAAAAAAAAP9b85aBtbiIQSOjNKU4P0+vIKc0PTOvWK8kMze1uCQxtyC1SC8ExvbLL0llgABGJgYmLwaB3MycnMzi4My85FTXgvzkDB8G3tScxILi1BRfsEwJg4BPVmJZon5OYl66vk9+Xrp1RRGDFNSy5Py84vycVD1nCI1qPENFAZCO41VK+w10Hx/IFD2QKXpgU7qfTDjTr3yfiYHRi4G1LDGnNBVorgBCkV9pblJqUduaqbLcUx50Q00DgTB/AGhxQO7yAAAA[0m     [java] Scenarios run: 1, Failures: 0, Pending: 1, Time elapsed: 0.042 sec
[8mha:////4Lkr1UGVERP4xWStjithqKeAKUl3Si+g77qC5XeuLmrmAAAAyx+LCAAAAAAAAP9b85aBtbiIQSOjNKU4P0+vIKc0PTOvWK8kMze1uCQxtyC1SC8ExvbLL0llgABGJgYmLwaB3MycnMzi4My85FTXgvzkDB8G3tScxILi1BRfsEwJg4BPVmJZon5OYl66vk9+Xrp1RRGDFNSy5Py84vycVD1nCI1qPENFAZCO41VK+w10Hx/IFD2QKXpgU7qfTDjTr3yfiYHRi4G1LDGnNBVorgBCkV9pblJqUduaqbLcUx50Q00DgTB/AGhxQO7yAAAA[0m     [java] 2 total behaviors ran with no failures
[8mha:////4BdERLRNuL47YvZo7FdSRWl8Sg/PABvE905aICMmW00YAAAAyx+LCAAAAAAAAP9b85aBtbiIQSOjNKU4P0+vIKc0PTOvWK8kMze1uCQxtyC1SC8ExvbLL0llgABGJgYmLwaB3MycnMzi4My85FTXgvzkDB8G3tScxILi1BRfsEwJg4BPVmJZon5OYl66vk9+Xrp1RRGDFNSy5Py84vycVD1nCI1qPENFAZCO41XKmgZ0Hx/IFD2QKXpgU7qfTDjTr3yfiYHRi4G1LDGnNBVorgBCkV9pblJqUduaqbLcUx50Q00DgchXABbDJVPyAAAA[0m     [java] Writing JUnit report to /var/lib/jenkins/workspace/CTC_Demo/gameoflife-core/target/surefire-reports/TEST-behavior.CountingThings.xml
[8mha:////4Nj9hyo7ssLEdFK7Jpxv0bKBHxZo0eqC/LG408k8lYdFAAAAyx+LCAAAAAAAAP9b85aBtbiIQSOjNKU4P0+vIKc0PTOvWK8kMze1uCQxtyC1SC8ExvbLL0llgABGJgYmLwaB3MycnMzi4My85FTXgvzkDB8G3tScxILi1BRfsEwJg4BPVmJZon5OYl66vk9+Xrp1RRGDFNSy5Py84vycVD1nCI1qPENFAZCO41XKmg50Hx/IFD2QKXpgU7qfTDjTr3yfiYHRi4G1LDGnNBVorgBCkV9pblJqUduaqbLcUx50Q00DgcjXANGE22/yAAAA[0m     [java] JUnit report written to /var/lib/jenkins/workspace/CTC_Demo/gameoflife-core/target/surefire-reports/TEST-behavior.CountingThings.xml
[8mha:////4Nj9hyo7ssLEdFK7Jpxv0bKBHxZo0eqC/LG408k8lYdFAAAAyx+LCAAAAAAAAP9b85aBtbiIQSOjNKU4P0+vIKc0PTOvWK8kMze1uCQxtyC1SC8ExvbLL0llgABGJgYmLwaB3MycnMzi4My85FTXgvzkDB8G3tScxILi1BRfsEwJg4BPVmJZon5OYl66vk9+Xrp1RRGDFNSy5Py84vycVD1nCI1qPENFAZCO41XKmg50Hx/IFD2QKXpgU7qfTDjTr3yfiYHRi4G1LDGnNBVorgBCkV9pblJqUduaqbLcUx50Q00DgcjXANGE22/yAAAA[0m     [java] Writing JUnit report to /var/lib/jenkins/workspace/CTC_Demo/gameoflife-core/target/surefire-reports/TEST-behavior.MultiplyingThings.xml
[8mha:////4Nj9hyo7ssLEdFK7Jpxv0bKBHxZo0eqC/LG408k8lYdFAAAAyx+LCAAAAAAAAP9b85aBtbiIQSOjNKU4P0+vIKc0PTOvWK8kMze1uCQxtyC1SC8ExvbLL0llgABGJgYmLwaB3MycnMzi4My85FTXgvzkDB8G3tScxILi1BRfsEwJg4BPVmJZon5OYl66vk9+Xrp1RRGDFNSy5Py84vycVD1nCI1qPENFAZCO41XKmg50Hx/IFD2QKXpgU7qfTDjTr3yfiYHRi4G1LDGnNBVorgBCkV9pblJqUduaqbLcUx50Q00DgcjXANGE22/yAAAA[0m     [java] JUnit report written to /var/lib/jenkins/workspace/CTC_Demo/gameoflife-core/target/surefire-reports/TEST-behavior.MultiplyingThings.xml
[8mha:////4O2vgWkEY0lSvFnjbMDDZLW27S5drixz0OcHlnQjaCXPAAAAyx+LCAAAAAAAAP9b85aBtbiIQSOjNKU4P0+vIKc0PTOvWK8kMze1uCQxtyC1SC8ExvbLL0llgABGJgYmLwaB3MycnMzi4My85FTXgvzkDB8G3tScxILi1BRfsEwJg4BPVmJZon5OYl66vk9+Xrp1RRGDFNSy5Py84vycVD1nCI1qPENFAZCO41XK0wK6jw9kih7IFD2wKd1PJpzpV77PxMDoxcBalphTmgo0VwChyK80Nym1qG3NVFnuKQ+6oaaBQGwdAN3zw0jyAAAA[0m[INFO] 
[8mha:////4AAOMuOLxo7geDxvzc/0AIgN/tbsPY6NqkEgAwFGX6v5AAAAyx+LCAAAAAAAAP9b85aBtbiIQSOjNKU4P0+vIKc0PTOvWK8kMze1uCQxtyC1SC8ExvbLL0llgABGJgYmLwaB3MycnMzi4My85FTXgvzkDB8G3tScxILi1BRfsEwJg4BPVmJZon5OYl66vk9+Xrp1RRGDFNSy5Py84vycVD1nCI1qPENFAZCO41XK0wa6jw9kih7IFD2wKd1PJpzpV77PxMDoxcBalphTmgo0VwChyK80Nym1qG3NVFnuKQ+6oaaBQGw9ABq0PXTyAAAA[0m[INFO] --- maven-jar-plugin:2.4:jar (default-jar) @ gameoflife-core ---
[8mha:////4AAOMuOLxo7geDxvzc/0AIgN/tbsPY6NqkEgAwFGX6v5AAAAyx+LCAAAAAAAAP9b85aBtbiIQSOjNKU4P0+vIKc0PTOvWK8kMze1uCQxtyC1SC8ExvbLL0llgABGJgYmLwaB3MycnMzi4My85FTXgvzkDB8G3tScxILi1BRfsEwJg4BPVmJZon5OYl66vk9+Xrp1RRGDFNSy5Py84vycVD1nCI1qPENFAZCO41XK0wa6jw9kih7IFD2wKd1PJpzpV77PxMDoxcBalphTmgo0VwChyK80Nym1qG3NVFnuKQ+6oaaBQGw9ABq0PXTyAAAA[0m[INFO] Building jar: /var/lib/jenkins/workspace/CTC_Demo/gameoflife-core/target/gameoflife-core-1.0-SNAPSHOT.jar
[8mha:////4AAOMuOLxo7geDxvzc/0AIgN/tbsPY6NqkEgAwFGX6v5AAAAyx+LCAAAAAAAAP9b85aBtbiIQSOjNKU4P0+vIKc0PTOvWK8kMze1uCQxtyC1SC8ExvbLL0llgABGJgYmLwaB3MycnMzi4My85FTXgvzkDB8G3tScxILi1BRfsEwJg4BPVmJZon5OYl66vk9+Xrp1RRGDFNSy5Py84vycVD1nCI1qPENFAZCO41XK0wa6jw9kih7IFD2wKd1PJpzpV77PxMDoxcBalphTmgo0VwChyK80Nym1qG3NVFnuKQ+6oaaBQGw9ABq0PXTyAAAA[0m[INFO] 
[8mha:////4AAOMuOLxo7geDxvzc/0AIgN/tbsPY6NqkEgAwFGX6v5AAAAyx+LCAAAAAAAAP9b85aBtbiIQSOjNKU4P0+vIKc0PTOvWK8kMze1uCQxtyC1SC8ExvbLL0llgABGJgYmLwaB3MycnMzi4My85FTXgvzkDB8G3tScxILi1BRfsEwJg4BPVmJZon5OYl66vk9+Xrp1RRGDFNSy5Py84vycVD1nCI1qPENFAZCO41XK0wa6jw9kih7IFD2wKd1PJpzpV77PxMDoxcBalphTmgo0VwChyK80Nym1qG3NVFnuKQ+6oaaBQGw9ABq0PXTyAAAA[0m[INFO] ------------------------------------------------------------------------
[8mha:////4AAOMuOLxo7geDxvzc/0AIgN/tbsPY6NqkEgAwFGX6v5AAAAyx+LCAAAAAAAAP9b85aBtbiIQSOjNKU4P0+vIKc0PTOvWK8kMze1uCQxtyC1SC8ExvbLL0llgABGJgYmLwaB3MycnMzi4My85FTXgvzkDB8G3tScxILi1BRfsEwJg4BPVmJZon5OYl66vk9+Xrp1RRGDFNSy5Py84vycVD1nCI1qPENFAZCO41XK0wa6jw9kih7IFD2wKd1PJpzpV77PxMDoxcBalphTmgo0VwChyK80Nym1qG3NVFnuKQ+6oaaBQGw9ABq0PXTyAAAA[0m[INFO] Building gameoflife-web 1.0-SNAPSHOT
[8mha:////4AAOMuOLxo7geDxvzc/0AIgN/tbsPY6NqkEgAwFGX6v5AAAAyx+LCAAAAAAAAP9b85aBtbiIQSOjNKU4P0+vIKc0PTOvWK8kMze1uCQxtyC1SC8ExvbLL0llgABGJgYmLwaB3MycnMzi4My85FTXgvzkDB8G3tScxILi1BRfsEwJg4BPVmJZon5OYl66vk9+Xrp1RRGDFNSy5Py84vycVD1nCI1qPENFAZCO41XK0wa6jw9kih7IFD2wKd1PJpzpV77PxMDoxcBalphTmgo0VwChyK80Nym1qG3NVFnuKQ+6oaaBQGw9ABq0PXTyAAAA[0m[INFO] ------------------------------------------------------------------------
[8mha:////4AAOMuOLxo7geDxvzc/0AIgN/tbsPY6NqkEgAwFGX6v5AAAAyx+LCAAAAAAAAP9b85aBtbiIQSOjNKU4P0+vIKc0PTOvWK8kMze1uCQxtyC1SC8ExvbLL0llgABGJgYmLwaB3MycnMzi4My85FTXgvzkDB8G3tScxILi1BRfsEwJg4BPVmJZon5OYl66vk9+Xrp1RRGDFNSy5Py84vycVD1nCI1qPENFAZCO41XK0wa6jw9kih7IFD2wKd1PJpzpV77PxMDoxcBalphTmgo0VwChyK80Nym1qG3NVFnuKQ+6oaaBQGw9ABq0PXTyAAAA[0m[INFO] 
[8mha:////4AAOMuOLxo7geDxvzc/0AIgN/tbsPY6NqkEgAwFGX6v5AAAAyx+LCAAAAAAAAP9b85aBtbiIQSOjNKU4P0+vIKc0PTOvWK8kMze1uCQxtyC1SC8ExvbLL0llgABGJgYmLwaB3MycnMzi4My85FTXgvzkDB8G3tScxILi1BRfsEwJg4BPVmJZon5OYl66vk9+Xrp1RRGDFNSy5Py84vycVD1nCI1qPENFAZCO41XK0wa6jw9kih7IFD2wKd1PJpzpV77PxMDoxcBalphTmgo0VwChyK80Nym1qG3NVFnuKQ+6oaaBQGw9ABq0PXTyAAAA[0m[INFO] --- maven-clean-plugin:2.5:clean (default-clean) @ gameoflife-web ---
[8mha:////4AAOMuOLxo7geDxvzc/0AIgN/tbsPY6NqkEgAwFGX6v5AAAAyx+LCAAAAAAAAP9b85aBtbiIQSOjNKU4P0+vIKc0PTOvWK8kMze1uCQxtyC1SC8ExvbLL0llgABGJgYmLwaB3MycnMzi4My85FTXgvzkDB8G3tScxILi1BRfsEwJg4BPVmJZon5OYl66vk9+Xrp1RRGDFNSy5Py84vycVD1nCI1qPENFAZCO41XK0wa6jw9kih7IFD2wKd1PJpzpV77PxMDoxcBalphTmgo0VwChyK80Nym1qG3NVFnuKQ+6oaaBQGw9ABq0PXTyAAAA[0m[INFO] Deleting /var/lib/jenkins/workspace/CTC_Demo/gameoflife-web/target
[8mha:////4AAOMuOLxo7geDxvzc/0AIgN/tbsPY6NqkEgAwFGX6v5AAAAyx+LCAAAAAAAAP9b85aBtbiIQSOjNKU4P0+vIKc0PTOvWK8kMze1uCQxtyC1SC8ExvbLL0llgABGJgYmLwaB3MycnMzi4My85FTXgvzkDB8G3tScxILi1BRfsEwJg4BPVmJZon5OYl66vk9+Xrp1RRGDFNSy5Py84vycVD1nCI1qPENFAZCO41XK0wa6jw9kih7IFD2wKd1PJpzpV77PxMDoxcBalphTmgo0VwChyK80Nym1qG3NVFnuKQ+6oaaBQGw9ABq0PXTyAAAA[0m[INFO] 
[8mha:////4AAOMuOLxo7geDxvzc/0AIgN/tbsPY6NqkEgAwFGX6v5AAAAyx+LCAAAAAAAAP9b85aBtbiIQSOjNKU4P0+vIKc0PTOvWK8kMze1uCQxtyC1SC8ExvbLL0llgABGJgYmLwaB3MycnMzi4My85FTXgvzkDB8G3tScxILi1BRfsEwJg4BPVmJZon5OYl66vk9+Xrp1RRGDFNSy5Py84vycVD1nCI1qPENFAZCO41XK0wa6jw9kih7IFD2wKd1PJpzpV77PxMDoxcBalphTmgo0VwChyK80Nym1qG3NVFnuKQ+6oaaBQGw9ABq0PXTyAAAA[0m[INFO] --- maven-enforcer-plugin:1.0:enforce (enforce-versions) @ gameoflife-web ---
[8mha:////4AAOMuOLxo7geDxvzc/0AIgN/tbsPY6NqkEgAwFGX6v5AAAAyx+LCAAAAAAAAP9b85aBtbiIQSOjNKU4P0+vIKc0PTOvWK8kMze1uCQxtyC1SC8ExvbLL0llgABGJgYmLwaB3MycnMzi4My85FTXgvzkDB8G3tScxILi1BRfsEwJg4BPVmJZon5OYl66vk9+Xrp1RRGDFNSy5Py84vycVD1nCI1qPENFAZCO41XK0wa6jw9kih7IFD2wKd1PJpzpV77PxMDoxcBalphTmgo0VwChyK80Nym1qG3NVFnuKQ+6oaaBQGw9ABq0PXTyAAAA[0m[INFO] 
[8mha:////4AAOMuOLxo7geDxvzc/0AIgN/tbsPY6NqkEgAwFGX6v5AAAAyx+LCAAAAAAAAP9b85aBtbiIQSOjNKU4P0+vIKc0PTOvWK8kMze1uCQxtyC1SC8ExvbLL0llgABGJgYmLwaB3MycnMzi4My85FTXgvzkDB8G3tScxILi1BRfsEwJg4BPVmJZon5OYl66vk9+Xrp1RRGDFNSy5Py84vycVD1nCI1qPENFAZCO41XK0wa6jw9kih7IFD2wKd1PJpzpV77PxMDoxcBalphTmgo0VwChyK80Nym1qG3NVFnuKQ+6oaaBQGw9ABq0PXTyAAAA[0m[INFO] --- maven-resources-plugin:2.6:resources (default-resources) @ gameoflife-web ---
[8mha:////4AAOMuOLxo7geDxvzc/0AIgN/tbsPY6NqkEgAwFGX6v5AAAAyx+LCAAAAAAAAP9b85aBtbiIQSOjNKU4P0+vIKc0PTOvWK8kMze1uCQxtyC1SC8ExvbLL0llgABGJgYmLwaB3MycnMzi4My85FTXgvzkDB8G3tScxILi1BRfsEwJg4BPVmJZon5OYl66vk9+Xrp1RRGDFNSy5Py84vycVD1nCI1qPENFAZCO41XK0wa6jw9kih7IFD2wKd1PJpzpV77PxMDoxcBalphTmgo0VwChyK80Nym1qG3NVFnuKQ+6oaaBQGw9ABq0PXTyAAAA[0m[INFO] Using 'UTF-8' encoding to copy filtered resources.
[8mha:////4AAOMuOLxo7geDxvzc/0AIgN/tbsPY6NqkEgAwFGX6v5AAAAyx+LCAAAAAAAAP9b85aBtbiIQSOjNKU4P0+vIKc0PTOvWK8kMze1uCQxtyC1SC8ExvbLL0llgABGJgYmLwaB3MycnMzi4My85FTXgvzkDB8G3tScxILi1BRfsEwJg4BPVmJZon5OYl66vk9+Xrp1RRGDFNSy5Py84vycVD1nCI1qPENFAZCO41XK0wa6jw9kih7IFD2wKd1PJpzpV77PxMDoxcBalphTmgo0VwChyK80Nym1qG3NVFnuKQ+6oaaBQGw9ABq0PXTyAAAA[0m[INFO] Copying 1 resource
[8mha:////4AAOMuOLxo7geDxvzc/0AIgN/tbsPY6NqkEgAwFGX6v5AAAAyx+LCAAAAAAAAP9b85aBtbiIQSOjNKU4P0+vIKc0PTOvWK8kMze1uCQxtyC1SC8ExvbLL0llgABGJgYmLwaB3MycnMzi4My85FTXgvzkDB8G3tScxILi1BRfsEwJg4BPVmJZon5OYl66vk9+Xrp1RRGDFNSy5Py84vycVD1nCI1qPENFAZCO41XK0wa6jw9kih7IFD2wKd1PJpzpV77PxMDoxcBalphTmgo0VwChyK80Nym1qG3NVFnuKQ+6oaaBQGw9ABq0PXTyAAAA[0m[INFO] 
[8mha:////4AAOMuOLxo7geDxvzc/0AIgN/tbsPY6NqkEgAwFGX6v5AAAAyx+LCAAAAAAAAP9b85aBtbiIQSOjNKU4P0+vIKc0PTOvWK8kMze1uCQxtyC1SC8ExvbLL0llgABGJgYmLwaB3MycnMzi4My85FTXgvzkDB8G3tScxILi1BRfsEwJg4BPVmJZon5OYl66vk9+Xrp1RRGDFNSy5Py84vycVD1nCI1qPENFAZCO41XK0wa6jw9kih7IFD2wKd1PJpzpV77PxMDoxcBalphTmgo0VwChyK80Nym1qG3NVFnuKQ+6oaaBQGw9ABq0PXTyAAAA[0m[INFO] --- jacoco-maven-plugin:0.7.2.201409121644:prepare-agent (jacoco-initialize) @ gameoflife-web ---
[8mha:////4AAOMuOLxo7geDxvzc/0AIgN/tbsPY6NqkEgAwFGX6v5AAAAyx+LCAAAAAAAAP9b85aBtbiIQSOjNKU4P0+vIKc0PTOvWK8kMze1uCQxtyC1SC8ExvbLL0llgABGJgYmLwaB3MycnMzi4My85FTXgvzkDB8G3tScxILi1BRfsEwJg4BPVmJZon5OYl66vk9+Xrp1RRGDFNSy5Py84vycVD1nCI1qPENFAZCO41XK0wa6jw9kih7IFD2wKd1PJpzpV77PxMDoxcBalphTmgo0VwChyK80Nym1qG3NVFnuKQ+6oaaBQGw9ABq0PXTyAAAA[0m[INFO] argLine set to -javaagent:/var/lib/jenkins/.m2/repository/org/jacoco/org.jacoco.agent/0.7.2.201409121644/org.jacoco.agent-0.7.2.201409121644-runtime.jar=destfile=/var/lib/jenkins/workspace/CTC_Demo/gameoflife-web/target/jacoco.exec
[8mha:////4AAOMuOLxo7geDxvzc/0AIgN/tbsPY6NqkEgAwFGX6v5AAAAyx+LCAAAAAAAAP9b85aBtbiIQSOjNKU4P0+vIKc0PTOvWK8kMze1uCQxtyC1SC8ExvbLL0llgABGJgYmLwaB3MycnMzi4My85FTXgvzkDB8G3tScxILi1BRfsEwJg4BPVmJZon5OYl66vk9+Xrp1RRGDFNSy5Py84vycVD1nCI1qPENFAZCO41XK0wa6jw9kih7IFD2wKd1PJpzpV77PxMDoxcBalphTmgo0VwChyK80Nym1qG3NVFnuKQ+6oaaBQGw9ABq0PXTyAAAA[0m[INFO] 
[8mha:////4AAOMuOLxo7geDxvzc/0AIgN/tbsPY6NqkEgAwFGX6v5AAAAyx+LCAAAAAAAAP9b85aBtbiIQSOjNKU4P0+vIKc0PTOvWK8kMze1uCQxtyC1SC8ExvbLL0llgABGJgYmLwaB3MycnMzi4My85FTXgvzkDB8G3tScxILi1BRfsEwJg4BPVmJZon5OYl66vk9+Xrp1RRGDFNSy5Py84vycVD1nCI1qPENFAZCO41XK0wa6jw9kih7IFD2wKd1PJpzpV77PxMDoxcBalphTmgo0VwChyK80Nym1qG3NVFnuKQ+6oaaBQGw9ABq0PXTyAAAA[0m[INFO] --- maven-compiler-plugin:3.1:compile (default-compile) @ gameoflife-web ---
[8mha:////4AAOMuOLxo7geDxvzc/0AIgN/tbsPY6NqkEgAwFGX6v5AAAAyx+LCAAAAAAAAP9b85aBtbiIQSOjNKU4P0+vIKc0PTOvWK8kMze1uCQxtyC1SC8ExvbLL0llgABGJgYmLwaB3MycnMzi4My85FTXgvzkDB8G3tScxILi1BRfsEwJg4BPVmJZon5OYl66vk9+Xrp1RRGDFNSy5Py84vycVD1nCI1qPENFAZCO41XK0wa6jw9kih7IFD2wKd1PJpzpV77PxMDoxcBalphTmgo0VwChyK80Nym1qG3NVFnuKQ+6oaaBQGw9ABq0PXTyAAAA[0m[INFO] Changes detected - recompiling the module!
[8mha:////4AAOMuOLxo7geDxvzc/0AIgN/tbsPY6NqkEgAwFGX6v5AAAAyx+LCAAAAAAAAP9b85aBtbiIQSOjNKU4P0+vIKc0PTOvWK8kMze1uCQxtyC1SC8ExvbLL0llgABGJgYmLwaB3MycnMzi4My85FTXgvzkDB8G3tScxILi1BRfsEwJg4BPVmJZon5OYl66vk9+Xrp1RRGDFNSy5Py84vycVD1nCI1qPENFAZCO41XK0wa6jw9kih7IFD2wKd1PJpzpV77PxMDoxcBalphTmgo0VwChyK80Nym1qG3NVFnuKQ+6oaaBQGw9ABq0PXTyAAAA[0m[INFO] Compiling 2 source files to /var/lib/jenkins/workspace/CTC_Demo/gameoflife-web/target/classes
[8mha:////4DIKr7oPkauwnAG0NZf95sdcj63x1VJ5qzZfKh9BVA72AAAAyx+LCAAAAAAAAP9b85aBtbiIQSOjNKU4P0+vIKc0PTOvWK8kMze1uCQxtyC1SC8ExvbLL0llgABGJgYmLwaB3MycnMzi4My85FTXgvzkDB8G3tScxILi1BRfsEwJg4BPVmJZon5OYl66vk9+Xrp1RRGDFNSy5Py84vycVD1nCI1qPENFAZCO41XK1wO6jw9kih7IFD2wKd1PJpzpV77PxMDoxcBalphTmgo0VwChyK80Nym1qG3NVFnuKQ+6oaaBQFwTADldVj/yAAAA[0m[INFO] 
[8mha:////4IKDOnbMKtygtOiZ77X1FBcGymSFOb4TyyjH7Cz9+qXgAAAAyx+LCAAAAAAAAP9b85aBtbiIQSOjNKU4P0+vIKc0PTOvWK8kMze1uCQxtyC1SC8ExvbLL0llgABGJgYmLwaB3MycnMzi4My85FTXgvzkDB8G3tScxILi1BRfsEwJg4BPVmJZon5OYl66vk9+Xrp1RRGDFNSy5Py84vycVD1nCI1qPENFAZCO41XK1we6jw9kih7IFD2wKd1PJpzpV77PxMDoxcBalphTmgo0VwChyK80Nym1qG3NVFnuKQ+6oaaBQFwzAP4aqAPyAAAA[0m[INFO] --- maven-resources-plugin:2.6:testResources (default-testResources) @ gameoflife-web ---
[8mha:////4IKDOnbMKtygtOiZ77X1FBcGymSFOb4TyyjH7Cz9+qXgAAAAyx+LCAAAAAAAAP9b85aBtbiIQSOjNKU4P0+vIKc0PTOvWK8kMze1uCQxtyC1SC8ExvbLL0llgABGJgYmLwaB3MycnMzi4My85FTXgvzkDB8G3tScxILi1BRfsEwJg4BPVmJZon5OYl66vk9+Xrp1RRGDFNSy5Py84vycVD1nCI1qPENFAZCO41XK1we6jw9kih7IFD2wKd1PJpzpV77PxMDoxcBalphTmgo0VwChyK80Nym1qG3NVFnuKQ+6oaaBQFwzAP4aqAPyAAAA[0m[INFO] Using 'UTF-8' encoding to copy filtered resources.
[8mha:////4IKDOnbMKtygtOiZ77X1FBcGymSFOb4TyyjH7Cz9+qXgAAAAyx+LCAAAAAAAAP9b85aBtbiIQSOjNKU4P0+vIKc0PTOvWK8kMze1uCQxtyC1SC8ExvbLL0llgABGJgYmLwaB3MycnMzi4My85FTXgvzkDB8G3tScxILi1BRfsEwJg4BPVmJZon5OYl66vk9+Xrp1RRGDFNSy5Py84vycVD1nCI1qPENFAZCO41XK1we6jw9kih7IFD2wKd1PJpzpV77PxMDoxcBalphTmgo0VwChyK80Nym1qG3NVFnuKQ+6oaaBQFwzAP4aqAPyAAAA[0m[INFO] skip non existing resourceDirectory /var/lib/jenkins/workspace/CTC_Demo/gameoflife-web/src/test/resources
[8mha:////4IKDOnbMKtygtOiZ77X1FBcGymSFOb4TyyjH7Cz9+qXgAAAAyx+LCAAAAAAAAP9b85aBtbiIQSOjNKU4P0+vIKc0PTOvWK8kMze1uCQxtyC1SC8ExvbLL0llgABGJgYmLwaB3MycnMzi4My85FTXgvzkDB8G3tScxILi1BRfsEwJg4BPVmJZon5OYl66vk9+Xrp1RRGDFNSy5Py84vycVD1nCI1qPENFAZCO41XK1we6jw9kih7IFD2wKd1PJpzpV77PxMDoxcBalphTmgo0VwChyK80Nym1qG3NVFnuKQ+6oaaBQFwzAP4aqAPyAAAA[0m[INFO] 
[8mha:////4IKDOnbMKtygtOiZ77X1FBcGymSFOb4TyyjH7Cz9+qXgAAAAyx+LCAAAAAAAAP9b85aBtbiIQSOjNKU4P0+vIKc0PTOvWK8kMze1uCQxtyC1SC8ExvbLL0llgABGJgYmLwaB3MycnMzi4My85FTXgvzkDB8G3tScxILi1BRfsEwJg4BPVmJZon5OYl66vk9+Xrp1RRGDFNSy5Py84vycVD1nCI1qPENFAZCO41XK1we6jw9kih7IFD2wKd1PJpzpV77PxMDoxcBalphTmgo0VwChyK80Nym1qG3NVFnuKQ+6oaaBQFwzAP4aqAPyAAAA[0m[INFO] --- maven-compiler-plugin:3.1:testCompile (default-testCompile) @ gameoflife-web ---
[8mha:////4IKDOnbMKtygtOiZ77X1FBcGymSFOb4TyyjH7Cz9+qXgAAAAyx+LCAAAAAAAAP9b85aBtbiIQSOjNKU4P0+vIKc0PTOvWK8kMze1uCQxtyC1SC8ExvbLL0llgABGJgYmLwaB3MycnMzi4My85FTXgvzkDB8G3tScxILi1BRfsEwJg4BPVmJZon5OYl66vk9+Xrp1RRGDFNSy5Py84vycVD1nCI1qPENFAZCO41XK1we6jw9kih7IFD2wKd1PJpzpV77PxMDoxcBalphTmgo0VwChyK80Nym1qG3NVFnuKQ+6oaaBQFwzAP4aqAPyAAAA[0m[INFO] Changes detected - recompiling the module!
[8mha:////4IKDOnbMKtygtOiZ77X1FBcGymSFOb4TyyjH7Cz9+qXgAAAAyx+LCAAAAAAAAP9b85aBtbiIQSOjNKU4P0+vIKc0PTOvWK8kMze1uCQxtyC1SC8ExvbLL0llgABGJgYmLwaB3MycnMzi4My85FTXgvzkDB8G3tScxILi1BRfsEwJg4BPVmJZon5OYl66vk9+Xrp1RRGDFNSy5Py84vycVD1nCI1qPENFAZCO41XK1we6jw9kih7IFD2wKd1PJpzpV77PxMDoxcBalphTmgo0VwChyK80Nym1qG3NVFnuKQ+6oaaBQFwzAP4aqAPyAAAA[0m[INFO] Compiling 3 source files to /var/lib/jenkins/workspace/CTC_Demo/gameoflife-web/target/test-classes
[8mha:////4P6vAXThzRjjMqUBioXRyjaBi99LoEy4E6GHhToBktPOAAAAyx+LCAAAAAAAAP9b85aBtbiIQSOjNKU4P0+vIKc0PTOvWK8kMze1uCQxtyC1SC8ExvbLL0llgABGJgYmLwaB3MycnMzi4My85FTXgvzkDB8G3tScxILi1BRfsEwJg4BPVmJZon5OYl66vk9+Xrp1RRGDFNSy5Py84vycVD1nCI1qPENFAZCO41Uq0AO6jw9kih7IFD2wKd1PJpzpV77PxMDoxcBalphTmgo0VwChyK80Nym1qG3NVFnuKQ+6oaaBQHwTAKrjj4ryAAAA[0m[INFO] 
[8mha:////4P6vAXThzRjjMqUBioXRyjaBi99LoEy4E6GHhToBktPOAAAAyx+LCAAAAAAAAP9b85aBtbiIQSOjNKU4P0+vIKc0PTOvWK8kMze1uCQxtyC1SC8ExvbLL0llgABGJgYmLwaB3MycnMzi4My85FTXgvzkDB8G3tScxILi1BRfsEwJg4BPVmJZon5OYl66vk9+Xrp1RRGDFNSy5Py84vycVD1nCI1qPENFAZCO41Uq0AO6jw9kih7IFD2wKd1PJpzpV77PxMDoxcBalphTmgo0VwChyK80Nym1qG3NVFnuKQ+6oaaBQHwTAKrjj4ryAAAA[0m[INFO] --- maven-surefire-plugin:2.11:test (default-test) @ gameoflife-web ---
[8mha:////4P6vAXThzRjjMqUBioXRyjaBi99LoEy4E6GHhToBktPOAAAAyx+LCAAAAAAAAP9b85aBtbiIQSOjNKU4P0+vIKc0PTOvWK8kMze1uCQxtyC1SC8ExvbLL0llgABGJgYmLwaB3MycnMzi4My85FTXgvzkDB8G3tScxILi1BRfsEwJg4BPVmJZon5OYl66vk9+Xrp1RRGDFNSy5Py84vycVD1nCI1qPENFAZCO41Uq0AO6jw9kih7IFD2wKd1PJpzpV77PxMDoxcBalphTmgo0VwChyK80Nym1qG3NVFnuKQ+6oaaBQHwTAKrjj4ryAAAA[0m[INFO] Tests are skipped.
[8mha:////4P6vAXThzRjjMqUBioXRyjaBi99LoEy4E6GHhToBktPOAAAAyx+LCAAAAAAAAP9b85aBtbiIQSOjNKU4P0+vIKc0PTOvWK8kMze1uCQxtyC1SC8ExvbLL0llgABGJgYmLwaB3MycnMzi4My85FTXgvzkDB8G3tScxILi1BRfsEwJg4BPVmJZon5OYl66vk9+Xrp1RRGDFNSy5Py84vycVD1nCI1qPENFAZCO41Uq0AO6jw9kih7IFD2wKd1PJpzpV77PxMDoxcBalphTmgo0VwChyK80Nym1qG3NVFnuKQ+6oaaBQHwTAKrjj4ryAAAA[0m[INFO] 
[8mha:////4P6vAXThzRjjMqUBioXRyjaBi99LoEy4E6GHhToBktPOAAAAyx+LCAAAAAAAAP9b85aBtbiIQSOjNKU4P0+vIKc0PTOvWK8kMze1uCQxtyC1SC8ExvbLL0llgABGJgYmLwaB3MycnMzi4My85FTXgvzkDB8G3tScxILi1BRfsEwJg4BPVmJZon5OYl66vk9+Xrp1RRGDFNSy5Py84vycVD1nCI1qPENFAZCO41Uq0AO6jw9kih7IFD2wKd1PJpzpV77PxMDoxcBalphTmgo0VwChyK80Nym1qG3NVFnuKQ+6oaaBQHwTAKrjj4ryAAAA[0m[INFO] --- maven-surefire-plugin:2.11:test (unit-tests) @ gameoflife-web ---
[8mha:////4P6vAXThzRjjMqUBioXRyjaBi99LoEy4E6GHhToBktPOAAAAyx+LCAAAAAAAAP9b85aBtbiIQSOjNKU4P0+vIKc0PTOvWK8kMze1uCQxtyC1SC8ExvbLL0llgABGJgYmLwaB3MycnMzi4My85FTXgvzkDB8G3tScxILi1BRfsEwJg4BPVmJZon5OYl66vk9+Xrp1RRGDFNSy5Py84vycVD1nCI1qPENFAZCO41Uq0AO6jw9kih7IFD2wKd1PJpzpV77PxMDoxcBalphTmgo0VwChyK80Nym1qG3NVFnuKQ+6oaaBQHwTAKrjj4ryAAAA[0m[INFO] Surefire report directory: /var/lib/jenkins/workspace/CTC_Demo/gameoflife-web/target/surefire-reports
[8mha:////4P6vAXThzRjjMqUBioXRyjaBi99LoEy4E6GHhToBktPOAAAAyx+LCAAAAAAAAP9b85aBtbiIQSOjNKU4P0+vIKc0PTOvWK8kMze1uCQxtyC1SC8ExvbLL0llgABGJgYmLwaB3MycnMzi4My85FTXgvzkDB8G3tScxILi1BRfsEwJg4BPVmJZon5OYl66vk9+Xrp1RRGDFNSy5Py84vycVD1nCI1qPENFAZCO41Uq0AO6jw9kih7IFD2wKd1PJpzpV77PxMDoxcBalphTmgo0VwChyK80Nym1qG3NVFnuKQ+6oaaBQHwTAKrjj4ryAAAA[0m
[8mha:////4P6vAXThzRjjMqUBioXRyjaBi99LoEy4E6GHhToBktPOAAAAyx+LCAAAAAAAAP9b85aBtbiIQSOjNKU4P0+vIKc0PTOvWK8kMze1uCQxtyC1SC8ExvbLL0llgABGJgYmLwaB3MycnMzi4My85FTXgvzkDB8G3tScxILi1BRfsEwJg4BPVmJZon5OYl66vk9+Xrp1RRGDFNSy5Py84vycVD1nCI1qPENFAZCO41Uq0AO6jw9kih7IFD2wKd1PJpzpV77PxMDoxcBalphTmgo0VwChyK80Nym1qG3NVFnuKQ+6oaaBQHwTAKrjj4ryAAAA[0m-------------------------------------------------------
[8mha:////4P6vAXThzRjjMqUBioXRyjaBi99LoEy4E6GHhToBktPOAAAAyx+LCAAAAAAAAP9b85aBtbiIQSOjNKU4P0+vIKc0PTOvWK8kMze1uCQxtyC1SC8ExvbLL0llgABGJgYmLwaB3MycnMzi4My85FTXgvzkDB8G3tScxILi1BRfsEwJg4BPVmJZon5OYl66vk9+Xrp1RRGDFNSy5Py84vycVD1nCI1qPENFAZCO41Uq0AO6jw9kih7IFD2wKd1PJpzpV77PxMDoxcBalphTmgo0VwChyK80Nym1qG3NVFnuKQ+6oaaBQHwTAKrjj4ryAAAA[0m T E S T S
[8mha:////4P6vAXThzRjjMqUBioXRyjaBi99LoEy4E6GHhToBktPOAAAAyx+LCAAAAAAAAP9b85aBtbiIQSOjNKU4P0+vIKc0PTOvWK8kMze1uCQxtyC1SC8ExvbLL0llgABGJgYmLwaB3MycnMzi4My85FTXgvzkDB8G3tScxILi1BRfsEwJg4BPVmJZon5OYl66vk9+Xrp1RRGDFNSy5Py84vycVD1nCI1qPENFAZCO41Uq0AO6jw9kih7IFD2wKd1PJpzpV77PxMDoxcBalphTmgo0VwChyK80Nym1qG3NVFnuKQ+6oaaBQHwTAKrjj4ryAAAA[0m-------------------------------------------------------
[8mha:////4PCjM6xgJBF+j6w+fS293czJgJU47V6ywOb2Jz3CMS+zAAAAyx+LCAAAAAAAAP9b85aBtbiIQSOjNKU4P0+vIKc0PTOvWK8kMze1uCQxtyC1SC8ExvbLL0llgABGJgYmLwaB3MycnMzi4My85FTXgvzkDB8G3tScxILi1BRfsEwJg4BPVmJZon5OYl66vk9+Xrp1RRGDFNSy5Py84vycVD1nCI1qPENFAZCO41UqLQa6jw9kih7IFD2wKd1PJpzpV77PxMDoxcBalphTmgo0VwChyK80Nym1qG3NVFnuKQ+6oaaBQMpxAFy5AnzyAAAA[0mRunning com.wakaleo.gameoflife.webtests.controllers.WhenCreatingANewGame
[8mha:////4GYivNQvb+u1rDNB5DXB/a7Mz3ZeN72kBp15NnoQz6VdAAAAyx+LCAAAAAAAAP9b85aBtbiIQSOjNKU4P0+vIKc0PTOvWK8kMze1uCQxtyC1SC8ExvbLL0llgABGJgYmLwaB3MycnMzi4My85FTXgvzkDB8G3tScxILi1BRfsEwJg4BPVmJZon5OYl66vk9+Xrp1RRGDFNSy5Py84vycVD1nCI1qPENFAZCO41WqFAS6jw9kih7IFD2wKd1PJpzpV77PxMDoxcBalphTmgo0VwChyK80Nym1qG3NVFnuKQ+6oaaBQEYqAP8/6W7yAAAA[0mTests run: 3, Failures: 0, Errors: 0, Skipped: 0, Time elapsed: 1.127 sec
[8mha:////4Hp+P7mQbYlGXQhs0PXOmOxwHXL8uUBKdH9h+imjmNhMAAAAyx+LCAAAAAAAAP9b85aBtbiIQSOjNKU4P0+vIKc0PTOvWK8kMze1uCQxtyC1SC8ExvbLL0llgABGJgYmLwaB3MycnMzi4My85FTXgvzkDB8G3tScxILi1BRfsEwJg4BPVmJZon5OYl66vk9+Xrp1RRGDFNSy5Py84vycVD1nCI1qPENFAZCO41WqFAK6jw9kih7IFD2wKd1PJpzpV77PxMDoxcBalphTmgo0VwChyK80Nym1qG3NVFnuKQ+6oaaBQEYaALb36yvyAAAA[0mRunning com.wakaleo.gameoflife.webtests.controllers.WhenDisplayingTheHomePage
[8mha:////4Hp+P7mQbYlGXQhs0PXOmOxwHXL8uUBKdH9h+imjmNhMAAAAyx+LCAAAAAAAAP9b85aBtbiIQSOjNKU4P0+vIKc0PTOvWK8kMze1uCQxtyC1SC8ExvbLL0llgABGJgYmLwaB3MycnMzi4My85FTXgvzkDB8G3tScxILi1BRfsEwJg4BPVmJZon5OYl66vk9+Xrp1RRGDFNSy5Py84vycVD1nCI1qPENFAZCO41WqFAK6jw9kih7IFD2wKd1PJpzpV77PxMDoxcBalphTmgo0VwChyK80Nym1qG3NVFnuKQ+6oaaBQEYaALb36yvyAAAA[0mTests run: 2, Failures: 0, Errors: 0, Skipped: 0, Time elapsed: 0.03 sec
[8mha:////4Hp+P7mQbYlGXQhs0PXOmOxwHXL8uUBKdH9h+imjmNhMAAAAyx+LCAAAAAAAAP9b85aBtbiIQSOjNKU4P0+vIKc0PTOvWK8kMze1uCQxtyC1SC8ExvbLL0llgABGJgYmLwaB3MycnMzi4My85FTXgvzkDB8G3tScxILi1BRfsEwJg4BPVmJZon5OYl66vk9+Xrp1RRGDFNSy5Py84vycVD1nCI1qPENFAZCO41WqFAK6jw9kih7IFD2wKd1PJpzpV77PxMDoxcBalphTmgo0VwChyK80Nym1qG3NVFnuKQ+6oaaBQEYaALb36yvyAAAA[0mRunning com.wakaleo.gameoflife.webtests.controllers.WhenSpawningANewGeneration
[8mha:////4Hp+P7mQbYlGXQhs0PXOmOxwHXL8uUBKdH9h+imjmNhMAAAAyx+LCAAAAAAAAP9b85aBtbiIQSOjNKU4P0+vIKc0PTOvWK8kMze1uCQxtyC1SC8ExvbLL0llgABGJgYmLwaB3MycnMzi4My85FTXgvzkDB8G3tScxILi1BRfsEwJg4BPVmJZon5OYl66vk9+Xrp1RRGDFNSy5Py84vycVD1nCI1qPENFAZCO41WqFAK6jw9kih7IFD2wKd1PJpzpV77PxMDoxcBalphTmgo0VwChyK80Nym1qG3NVFnuKQ+6oaaBQEYaALb36yvyAAAA[0mTests run: 2, Failures: 0, Errors: 0, Skipped: 0, Time elapsed: 0.047 sec
[8mha:////4Hp+P7mQbYlGXQhs0PXOmOxwHXL8uUBKdH9h+imjmNhMAAAAyx+LCAAAAAAAAP9b85aBtbiIQSOjNKU4P0+vIKc0PTOvWK8kMze1uCQxtyC1SC8ExvbLL0llgABGJgYmLwaB3MycnMzi4My85FTXgvzkDB8G3tScxILi1BRfsEwJg4BPVmJZon5OYl66vk9+Xrp1RRGDFNSy5Py84vycVD1nCI1qPENFAZCO41WqFAK6jw9kih7IFD2wKd1PJpzpV77PxMDoxcBalphTmgo0VwChyK80Nym1qG3NVFnuKQ+6oaaBQEYaALb36yvyAAAA[0m
[8mha:////4Hp+P7mQbYlGXQhs0PXOmOxwHXL8uUBKdH9h+imjmNhMAAAAyx+LCAAAAAAAAP9b85aBtbiIQSOjNKU4P0+vIKc0PTOvWK8kMze1uCQxtyC1SC8ExvbLL0llgABGJgYmLwaB3MycnMzi4My85FTXgvzkDB8G3tScxILi1BRfsEwJg4BPVmJZon5OYl66vk9+Xrp1RRGDFNSy5Py84vycVD1nCI1qPENFAZCO41WqFAK6jw9kih7IFD2wKd1PJpzpV77PxMDoxcBalphTmgo0VwChyK80Nym1qG3NVFnuKQ+6oaaBQEYaALb36yvyAAAA[0mResults :
[8mha:////4Hp+P7mQbYlGXQhs0PXOmOxwHXL8uUBKdH9h+imjmNhMAAAAyx+LCAAAAAAAAP9b85aBtbiIQSOjNKU4P0+vIKc0PTOvWK8kMze1uCQxtyC1SC8ExvbLL0llgABGJgYmLwaB3MycnMzi4My85FTXgvzkDB8G3tScxILi1BRfsEwJg4BPVmJZon5OYl66vk9+Xrp1RRGDFNSy5Py84vycVD1nCI1qPENFAZCO41WqFAK6jw9kih7IFD2wKd1PJpzpV77PxMDoxcBalphTmgo0VwChyK80Nym1qG3NVFnuKQ+6oaaBQEYaALb36yvyAAAA[0m
[8mha:////4Hp+P7mQbYlGXQhs0PXOmOxwHXL8uUBKdH9h+imjmNhMAAAAyx+LCAAAAAAAAP9b85aBtbiIQSOjNKU4P0+vIKc0PTOvWK8kMze1uCQxtyC1SC8ExvbLL0llgABGJgYmLwaB3MycnMzi4My85FTXgvzkDB8G3tScxILi1BRfsEwJg4BPVmJZon5OYl66vk9+Xrp1RRGDFNSy5Py84vycVD1nCI1qPENFAZCO41WqFAK6jw9kih7IFD2wKd1PJpzpV77PxMDoxcBalphTmgo0VwChyK80Nym1qG3NVFnuKQ+6oaaBQEYaALb36yvyAAAA[0mTests run: 7, Failures: 0, Errors: 0, Skipped: 0
[8mha:////4Hp+P7mQbYlGXQhs0PXOmOxwHXL8uUBKdH9h+imjmNhMAAAAyx+LCAAAAAAAAP9b85aBtbiIQSOjNKU4P0+vIKc0PTOvWK8kMze1uCQxtyC1SC8ExvbLL0llgABGJgYmLwaB3MycnMzi4My85FTXgvzkDB8G3tScxILi1BRfsEwJg4BPVmJZon5OYl66vk9+Xrp1RRGDFNSy5Py84vycVD1nCI1qPENFAZCO41WqFAK6jw9kih7IFD2wKd1PJpzpV77PxMDoxcBalphTmgo0VwChyK80Nym1qG3NVFnuKQ+6oaaBQEYaALb36yvyAAAA[0m
[8mha:////4Hp+P7mQbYlGXQhs0PXOmOxwHXL8uUBKdH9h+imjmNhMAAAAyx+LCAAAAAAAAP9b85aBtbiIQSOjNKU4P0+vIKc0PTOvWK8kMze1uCQxtyC1SC8ExvbLL0llgABGJgYmLwaB3MycnMzi4My85FTXgvzkDB8G3tScxILi1BRfsEwJg4BPVmJZon5OYl66vk9+Xrp1RRGDFNSy5Py84vycVD1nCI1qPENFAZCO41WqFAK6jw9kih7IFD2wKd1PJpzpV77PxMDoxcBalphTmgo0VwChyK80Nym1qG3NVFnuKQ+6oaaBQEYaALb36yvyAAAA[0m[INFO] 
[8mha:////4Hp+P7mQbYlGXQhs0PXOmOxwHXL8uUBKdH9h+imjmNhMAAAAyx+LCAAAAAAAAP9b85aBtbiIQSOjNKU4P0+vIKc0PTOvWK8kMze1uCQxtyC1SC8ExvbLL0llgABGJgYmLwaB3MycnMzi4My85FTXgvzkDB8G3tScxILi1BRfsEwJg4BPVmJZon5OYl66vk9+Xrp1RRGDFNSy5Py84vycVD1nCI1qPENFAZCO41WqFAK6jw9kih7IFD2wKd1PJpzpV77PxMDoxcBalphTmgo0VwChyK80Nym1qG3NVFnuKQ+6oaaBQEYaALb36yvyAAAA[0m[INFO] --- maven-easyb-plugin:1.4:test (default) @ gameoflife-web ---
[8mha:////4Hp+P7mQbYlGXQhs0PXOmOxwHXL8uUBKdH9h+imjmNhMAAAAyx+LCAAAAAAAAP9b85aBtbiIQSOjNKU4P0+vIKc0PTOvWK8kMze1uCQxtyC1SC8ExvbLL0llgABGJgYmLwaB3MycnMzi4My85FTXgvzkDB8G3tScxILi1BRfsEwJg4BPVmJZon5OYl66vk9+Xrp1RRGDFNSy5Py84vycVD1nCI1qPENFAZCO41WqFAK6jw9kih7IFD2wKd1PJpzpV77PxMDoxcBalphTmgo0VwChyK80Nym1qG3NVFnuKQ+6oaaBQEYaALb36yvyAAAA[0m[INFO] /var/lib/jenkins/workspace/CTC_Demo/gameoflife-web/src/test/stories does not exists.  Skipping easyb testing
[8mha:////4Hp+P7mQbYlGXQhs0PXOmOxwHXL8uUBKdH9h+imjmNhMAAAAyx+LCAAAAAAAAP9b85aBtbiIQSOjNKU4P0+vIKc0PTOvWK8kMze1uCQxtyC1SC8ExvbLL0llgABGJgYmLwaB3MycnMzi4My85FTXgvzkDB8G3tScxILi1BRfsEwJg4BPVmJZon5OYl66vk9+Xrp1RRGDFNSy5Py84vycVD1nCI1qPENFAZCO41WqFAK6jw9kih7IFD2wKd1PJpzpV77PxMDoxcBalphTmgo0VwChyK80Nym1qG3NVFnuKQ+6oaaBQEYaALb36yvyAAAA[0m[INFO] 
[8mha:////4Hp+P7mQbYlGXQhs0PXOmOxwHXL8uUBKdH9h+imjmNhMAAAAyx+LCAAAAAAAAP9b85aBtbiIQSOjNKU4P0+vIKc0PTOvWK8kMze1uCQxtyC1SC8ExvbLL0llgABGJgYmLwaB3MycnMzi4My85FTXgvzkDB8G3tScxILi1BRfsEwJg4BPVmJZon5OYl66vk9+Xrp1RRGDFNSy5Py84vycVD1nCI1qPENFAZCO41WqFAK6jw9kih7IFD2wKd1PJpzpV77PxMDoxcBalphTmgo0VwChyK80Nym1qG3NVFnuKQ+6oaaBQEYaALb36yvyAAAA[0m[INFO] --- maven-war-plugin:2.1.1:war (default-war) @ gameoflife-web ---
[8mha:////4IKpz9CD/9NkYYWMMWvArzbdIWWqi/qzmp8jItqJUAUwAAAAyx+LCAAAAAAAAP9b85aBtbiIQSOjNKU4P0+vIKc0PTOvWK8kMze1uCQxtyC1SC8ExvbLL0llgABGJgYmLwaB3MycnMzi4My85FTXgvzkDB8G3tScxILi1BRfsEwJg4BPVmJZon5OYl66vk9+Xrp1RRGDFNSy5Py84vycVD1nCI1qPENFAZCO41WqtgK6jw9kih7IFD2wKd1PJpzpV77PxMDoxcBalphTmgo0VwChyK80Nym1qG3NVFnuKQ+6oaaBQFYfADO+eXTyAAAA[0m[INFO] Packaging webapp
[8mha:////4JVKF1JXBxFCrBhQ6BZcpeaqLgeLg3C50t7KCui0YhIGAAAAyx+LCAAAAAAAAP9b85aBtbiIQSOjNKU4P0+vIKc0PTOvWK8kMze1uCQxtyC1SC8ExvbLL0llgABGJgYmLwaB3MycnMzi4My85FTXgvzkDB8G3tScxILi1BRfsEwJg4BPVmJZon5OYl66vk9+Xrp1RRGDFNSy5Py84vycVD1nCI1qPENFAZCO41Wqtga6jw9kih7IFD2wKd1PJpzpV77PxMDoxcBalphTmgo0VwChyK80Nym1qG3NVFnuKQ+6oaaBQFY/APT5h0jyAAAA[0m[INFO] Assembling webapp [gameoflife-web] in [/var/lib/jenkins/workspace/CTC_Demo/gameoflife-web/target/gameoflife]
[8mha:////4JVKF1JXBxFCrBhQ6BZcpeaqLgeLg3C50t7KCui0YhIGAAAAyx+LCAAAAAAAAP9b85aBtbiIQSOjNKU4P0+vIKc0PTOvWK8kMze1uCQxtyC1SC8ExvbLL0llgABGJgYmLwaB3MycnMzi4My85FTXgvzkDB8G3tScxILi1BRfsEwJg4BPVmJZon5OYl66vk9+Xrp1RRGDFNSy5Py84vycVD1nCI1qPENFAZCO41Wqtga6jw9kih7IFD2wKd1PJpzpV77PxMDoxcBalphTmgo0VwChyK80Nym1qG3NVFnuKQ+6oaaBQFY/APT5h0jyAAAA[0m[INFO] Processing war project
[8mha:////4JVKF1JXBxFCrBhQ6BZcpeaqLgeLg3C50t7KCui0YhIGAAAAyx+LCAAAAAAAAP9b85aBtbiIQSOjNKU4P0+vIKc0PTOvWK8kMze1uCQxtyC1SC8ExvbLL0llgABGJgYmLwaB3MycnMzi4My85FTXgvzkDB8G3tScxILi1BRfsEwJg4BPVmJZon5OYl66vk9+Xrp1RRGDFNSy5Py84vycVD1nCI1qPENFAZCO41Wqtga6jw9kih7IFD2wKd1PJpzpV77PxMDoxcBalphTmgo0VwChyK80Nym1qG3NVFnuKQ+6oaaBQFY/APT5h0jyAAAA[0m[INFO] Copying webapp resources [/var/lib/jenkins/workspace/CTC_Demo/gameoflife-web/src/main/webapp]
[8mha:////4JVKF1JXBxFCrBhQ6BZcpeaqLgeLg3C50t7KCui0YhIGAAAAyx+LCAAAAAAAAP9b85aBtbiIQSOjNKU4P0+vIKc0PTOvWK8kMze1uCQxtyC1SC8ExvbLL0llgABGJgYmLwaB3MycnMzi4My85FTXgvzkDB8G3tScxILi1BRfsEwJg4BPVmJZon5OYl66vk9+Xrp1RRGDFNSy5Py84vycVD1nCI1qPENFAZCO41Wqtga6jw9kih7IFD2wKd1PJpzpV77PxMDoxcBalphTmgo0VwChyK80Nym1qG3NVFnuKQ+6oaaBQFY/APT5h0jyAAAA[0m[INFO] Webapp assembled in [175 msecs]
[8mha:////4BkdGsBfiUnVInbS73kxtMnw+Iast2B4UbUbxcdejmPMAAAAyx+LCAAAAAAAAP9b85aBtbiIQSOjNKU4P0+vIKc0PTOvWK8kMze1uCQxtyC1SC8ExvbLL0llgABGJgYmLwaB3MycnMzi4My85FTXgvzkDB8G3tScxILi1BRfsEwJg4BPVmJZon5OYl66vk9+Xrp1RRGDFNSy5Py84vycVD1nCI1qPENFAZCO41WqzQC6jw9kih7IFD2wKd1PJpzpV77PxMDoxcBalphTmgo0VwChyK80Nym1qG3NVFnuKQ+6oaaBQM4eAGYS0hjyAAAA[0m[INFO] Building war: /var/lib/jenkins/workspace/CTC_Demo/gameoflife-web/target/gameoflife.war
[8mha:////4GdSrOpnezlktP3fXUuPrdg9WOIpQgkbfNNwhDsdmLhRAAAAyx+LCAAAAAAAAP9b85aBtbiIQSOjNKU4P0+vIKc0PTOvWK8kMze1uCQxtyC1SC8ExvbLL0llgABGJgYmLwaB3MycnMzi4My85FTXgvzkDB8G3tScxILi1BRfsEwJg4BPVmJZon5OYl66vk9+Xrp1RRGDFNSy5Py84vycVD1nCI1qPENFAZCO41Wqnwp0Hx/IFD2QKXpgU7qfTDjTr3yfiYHRi4G1LDGnNBVorgBCkV9pblJqUduaqbLcUx50Q00DgbyXADvUkfPyAAAA[0m[INFO] WEB-INF/web.xml already added, skipping
[8mha:////4Opou1w+KqJOPLsoIwRY5WM49zApk0oOvrJK8Xsr3mV+AAAAyx+LCAAAAAAAAP9b85aBtbiIQSOjNKU4P0+vIKc0PTOvWK8kMze1uCQxtyC1SC8ExvbLL0llgABGJgYmLwaB3MycnMzi4My85FTXgvzkDB8G3tScxILi1BRfsEwJg4BPVmJZon5OYl66vk9+Xrp1RRGDFNSy5Py84vycVD1nCI1qPENFAZCO41Wqnw50Hx/IFD2QKXpgU7qfTDjTr3yfiYHRi4G1LDGnNBVorgBCkV9pblJqUduaqbLcUx50Q00DgbzXALVbbYryAAAA[0m[INFO] ------------------------------------------------------------------------
[8mha:////4GjfX3psS0TWj9bJFnYqa35DA091Rb1FhyuFwhb73iapAAAAyx+LCAAAAAAAAP9b85aBtbiIQSOjNKU4P0+vIKc0PTOvWK8kMze1uCQxtyC1SC8ExvbLL0llgABGJgYmLwaB3MycnMzi4My85FTXgvzkDB8G3tScxILi1BRfsEwJg4BPVmJZon5OYl66vk9+Xrp1RRGDFNSy5Py84vycVD1nCI1qPENFAZCO41WqnwF0Hx/IFD2QKXpgU7qfTDjTr3yfiYHRi4G1LDGnNBVorgBCkV9pblJqUduaqbLcUx50Q00Dgbw3AKs8zg7yAAAA[0m[INFO] Reactor Summary:
[8mha:////4GjfX3psS0TWj9bJFnYqa35DA091Rb1FhyuFwhb73iapAAAAyx+LCAAAAAAAAP9b85aBtbiIQSOjNKU4P0+vIKc0PTOvWK8kMze1uCQxtyC1SC8ExvbLL0llgABGJgYmLwaB3MycnMzi4My85FTXgvzkDB8G3tScxILi1BRfsEwJg4BPVmJZon5OYl66vk9+Xrp1RRGDFNSy5Py84vycVD1nCI1qPENFAZCO41WqnwF0Hx/IFD2QKXpgU7qfTDjTr3yfiYHRi4G1LDGnNBVorgBCkV9pblJqUduaqbLcUx50Q00Dgbw3AKs8zg7yAAAA[0m[INFO] 
[8mha:////4GjfX3psS0TWj9bJFnYqa35DA091Rb1FhyuFwhb73iapAAAAyx+LCAAAAAAAAP9b85aBtbiIQSOjNKU4P0+vIKc0PTOvWK8kMze1uCQxtyC1SC8ExvbLL0llgABGJgYmLwaB3MycnMzi4My85FTXgvzkDB8G3tScxILi1BRfsEwJg4BPVmJZon5OYl66vk9+Xrp1RRGDFNSy5Py84vycVD1nCI1qPENFAZCO41WqnwF0Hx/IFD2QKXpgU7qfTDjTr3yfiYHRi4G1LDGnNBVorgBCkV9pblJqUduaqbLcUx50Q00Dgbw3AKs8zg7yAAAA[0m[INFO] gameoflife ......................................... SUCCESS [  3.856 s]
[8mha:////4GjfX3psS0TWj9bJFnYqa35DA091Rb1FhyuFwhb73iapAAAAyx+LCAAAAAAAAP9b85aBtbiIQSOjNKU4P0+vIKc0PTOvWK8kMze1uCQxtyC1SC8ExvbLL0llgABGJgYmLwaB3MycnMzi4My85FTXgvzkDB8G3tScxILi1BRfsEwJg4BPVmJZon5OYl66vk9+Xrp1RRGDFNSy5Py84vycVD1nCI1qPENFAZCO41WqnwF0Hx/IFD2QKXpgU7qfTDjTr3yfiYHRi4G1LDGnNBVorgBCkV9pblJqUduaqbLcUx50Q00Dgbw3AKs8zg7yAAAA[0m[INFO] gameoflife-build ................................... SUCCESS [  1.532 s]
[8mha:////4GjfX3psS0TWj9bJFnYqa35DA091Rb1FhyuFwhb73iapAAAAyx+LCAAAAAAAAP9b85aBtbiIQSOjNKU4P0+vIKc0PTOvWK8kMze1uCQxtyC1SC8ExvbLL0llgABGJgYmLwaB3MycnMzi4My85FTXgvzkDB8G3tScxILi1BRfsEwJg4BPVmJZon5OYl66vk9+Xrp1RRGDFNSy5Py84vycVD1nCI1qPENFAZCO41WqnwF0Hx/IFD2QKXpgU7qfTDjTr3yfiYHRi4G1LDGnNBVorgBCkV9pblJqUduaqbLcUx50Q00Dgbw3AKs8zg7yAAAA[0m[INFO] gameoflife-core .................................... SUCCESS [  8.259 s]
[8mha:////4GjfX3psS0TWj9bJFnYqa35DA091Rb1FhyuFwhb73iapAAAAyx+LCAAAAAAAAP9b85aBtbiIQSOjNKU4P0+vIKc0PTOvWK8kMze1uCQxtyC1SC8ExvbLL0llgABGJgYmLwaB3MycnMzi4My85FTXgvzkDB8G3tScxILi1BRfsEwJg4BPVmJZon5OYl66vk9+Xrp1RRGDFNSy5Py84vycVD1nCI1qPENFAZCO41WqnwF0Hx/IFD2QKXpgU7qfTDjTr3yfiYHRi4G1LDGnNBVorgBCkV9pblJqUduaqbLcUx50Q00Dgbw3AKs8zg7yAAAA[0m[INFO] gameoflife-web ..................................... SUCCESS [  4.447 s]
[8mha:////4GjfX3psS0TWj9bJFnYqa35DA091Rb1FhyuFwhb73iapAAAAyx+LCAAAAAAAAP9b85aBtbiIQSOjNKU4P0+vIKc0PTOvWK8kMze1uCQxtyC1SC8ExvbLL0llgABGJgYmLwaB3MycnMzi4My85FTXgvzkDB8G3tScxILi1BRfsEwJg4BPVmJZon5OYl66vk9+Xrp1RRGDFNSy5Py84vycVD1nCI1qPENFAZCO41WqnwF0Hx/IFD2QKXpgU7qfTDjTr3yfiYHRi4G1LDGnNBVorgBCkV9pblJqUduaqbLcUx50Q00Dgbw3AKs8zg7yAAAA[0m[INFO] ------------------------------------------------------------------------
[8mha:////4GjfX3psS0TWj9bJFnYqa35DA091Rb1FhyuFwhb73iapAAAAyx+LCAAAAAAAAP9b85aBtbiIQSOjNKU4P0+vIKc0PTOvWK8kMze1uCQxtyC1SC8ExvbLL0llgABGJgYmLwaB3MycnMzi4My85FTXgvzkDB8G3tScxILi1BRfsEwJg4BPVmJZon5OYl66vk9+Xrp1RRGDFNSy5Py84vycVD1nCI1qPENFAZCO41WqnwF0Hx/IFD2QKXpgU7qfTDjTr3yfiYHRi4G1LDGnNBVorgBCkV9pblJqUduaqbLcUx50Q00Dgbw3AKs8zg7yAAAA[0m[INFO] BUILD SUCCESS
[8mha:////4GjfX3psS0TWj9bJFnYqa35DA091Rb1FhyuFwhb73iapAAAAyx+LCAAAAAAAAP9b85aBtbiIQSOjNKU4P0+vIKc0PTOvWK8kMze1uCQxtyC1SC8ExvbLL0llgABGJgYmLwaB3MycnMzi4My85FTXgvzkDB8G3tScxILi1BRfsEwJg4BPVmJZon5OYl66vk9+Xrp1RRGDFNSy5Py84vycVD1nCI1qPENFAZCO41WqnwF0Hx/IFD2QKXpgU7qfTDjTr3yfiYHRi4G1LDGnNBVorgBCkV9pblJqUduaqbLcUx50Q00Dgbw3AKs8zg7yAAAA[0m[INFO] ------------------------------------------------------------------------
[8mha:////4GjfX3psS0TWj9bJFnYqa35DA091Rb1FhyuFwhb73iapAAAAyx+LCAAAAAAAAP9b85aBtbiIQSOjNKU4P0+vIKc0PTOvWK8kMze1uCQxtyC1SC8ExvbLL0llgABGJgYmLwaB3MycnMzi4My85FTXgvzkDB8G3tScxILi1BRfsEwJg4BPVmJZon5OYl66vk9+Xrp1RRGDFNSy5Py84vycVD1nCI1qPENFAZCO41WqnwF0Hx/IFD2QKXpgU7qfTDjTr3yfiYHRi4G1LDGnNBVorgBCkV9pblJqUduaqbLcUx50Q00Dgbw3AKs8zg7yAAAA[0m[INFO] Total time: 18.726 s
[8mha:////4GjfX3psS0TWj9bJFnYqa35DA091Rb1FhyuFwhb73iapAAAAyx+LCAAAAAAAAP9b85aBtbiIQSOjNKU4P0+vIKc0PTOvWK8kMze1uCQxtyC1SC8ExvbLL0llgABGJgYmLwaB3MycnMzi4My85FTXgvzkDB8G3tScxILi1BRfsEwJg4BPVmJZon5OYl66vk9+Xrp1RRGDFNSy5Py84vycVD1nCI1qPENFAZCO41WqnwF0Hx/IFD2QKXpgU7qfTDjTr3yfiYHRi4G1LDGnNBVorgBCkV9pblJqUduaqbLcUx50Q00Dgbw3AKs8zg7yAAAA[0m[INFO] Finished at: 2017-08-23T08:58:38+05:30
[8mha:////4GjfX3psS0TWj9bJFnYqa35DA091Rb1FhyuFwhb73iapAAAAyx+LCAAAAAAAAP9b85aBtbiIQSOjNKU4P0+vIKc0PTOvWK8kMze1uCQxtyC1SC8ExvbLL0llgABGJgYmLwaB3MycnMzi4My85FTXgvzkDB8G3tScxILi1BRfsEwJg4BPVmJZon5OYl66vk9+Xrp1RRGDFNSy5Py84vycVD1nCI1qPENFAZCO41WqnwF0Hx/IFD2QKXpgU7qfTDjTr3yfiYHRi4G1LDGnNBVorgBCkV9pblJqUduaqbLcUx50Q00Dgbw3AKs8zg7yAAAA[0m[INFO] Final Memory: 30M/375M
[8mha:////4GjfX3psS0TWj9bJFnYqa35DA091Rb1FhyuFwhb73iapAAAAyx+LCAAAAAAAAP9b85aBtbiIQSOjNKU4P0+vIKc0PTOvWK8kMze1uCQxtyC1SC8ExvbLL0llgABGJgYmLwaB3MycnMzi4My85FTXgvzkDB8G3tScxILi1BRfsEwJg4BPVmJZon5OYl66vk9+Xrp1RRGDFNSy5Py84vycVD1nCI1qPENFAZCO41WqnwF0Hx/IFD2QKXpgU7qfTDjTr3yfiYHRi4G1LDGnNBVorgBCkV9pblJqUduaqbLcUx50Q00Dgbw3AKs8zg7yAAAA[0m[INFO] ------------------------------------------------------------------------
